<?xml version="1.0" encoding= "UTF-8" ?><testsuites><properties></properties><testsuite name="xmerl_xsd_Sun2002-01-16_SUITE" time="5.156172" timestamp="2012-11-19T15:56:49" errors="0" tests="42"><testcase  name="init_per_suite" time="0.153530" timestamp="2012-11-19T15:56:49" log="/home/karl/tmp/otp_tests/logs/xmerl_test_logs/ct_run.ct@devbox.2012-11-19_15.49.06/tests.xmerl_test.logs/run.2012-11-19_15.49.40/xmerl_xsd_sun2002-01-16_suite.init_per_suite.html"></testcase><testcase  name="Sun-idc001.nogen" time="0.084990" timestamp="2012-11-19T15:56:49" log="/home/karl/tmp/otp_tests/logs/xmerl_test_logs/ct_run.ct@devbox.2012-11-19_15.49.06/tests.xmerl_test.logs/run.2012-11-19_15.49.40/xmerl_xsd_sun2002-01-16_suite.sun-idc001.nogen.html"></testcase><testcase  name="Sun-idc002.e" time="0.043525" timestamp="2012-11-19T15:56:49" log="/home/karl/tmp/otp_tests/logs/xmerl_test_logs/ct_run.ct@devbox.2012-11-19_15.49.06/tests.xmerl_test.logs/run.2012-11-19_15.49.40/xmerl_xsd_sun2002-01-16_suite.sun-idc002.e.html"></testcase><testcase  name="Sun-idc002b.e" time="0.044235" timestamp="2012-11-19T15:56:49" log="/home/karl/tmp/otp_tests/logs/xmerl_test_logs/ct_run.ct@devbox.2012-11-19_15.49.06/tests.xmerl_test.logs/run.2012-11-19_15.49.40/xmerl_xsd_sun2002-01-16_suite.sun-idc002b.e.html"></testcase><testcase  name="Sun-idc003.e" time="0.041717" timestamp="2012-11-19T15:56:50" log="/home/karl/tmp/otp_tests/logs/xmerl_test_logs/ct_run.ct@devbox.2012-11-19_15.49.06/tests.xmerl_test.logs/run.2012-11-19_15.49.40/xmerl_xsd_sun2002-01-16_suite.sun-idc003.e.html"></testcase><testcase  name="Sun-idc004.nogen" time="0.063412" timestamp="2012-11-19T15:56:50" log="/home/karl/tmp/otp_tests/logs/xmerl_test_logs/ct_run.ct@devbox.2012-11-19_15.49.06/tests.xmerl_test.logs/run.2012-11-19_15.49.40/xmerl_xsd_sun2002-01-16_suite.sun-idc004.nogen.html"></testcase><testcase  name="Sun-idc004a.e" time="0.044300" timestamp="2012-11-19T15:56:50" log="/home/karl/tmp/otp_tests/logs/xmerl_test_logs/ct_run.ct@devbox.2012-11-19_15.49.06/tests.xmerl_test.logs/run.2012-11-19_15.49.40/xmerl_xsd_sun2002-01-16_suite.sun-idc004a.e.html"></testcase><testcase  name="Sun-idc005.nogen" time="0.045692" timestamp="2012-11-19T15:56:50" log="/home/karl/tmp/otp_tests/logs/xmerl_test_logs/ct_run.ct@devbox.2012-11-19_15.49.06/tests.xmerl_test.logs/run.2012-11-19_15.49.40/xmerl_xsd_sun2002-01-16_suite.sun-idc005.nogen.html"></testcase><testcase  name="Sun-idc006.nogen" time="0.054487" timestamp="2012-11-19T15:56:50" log="/home/karl/tmp/otp_tests/logs/xmerl_test_logs/ct_run.ct@devbox.2012-11-19_15.49.06/tests.xmerl_test.logs/run.2012-11-19_15.49.40/xmerl_xsd_sun2002-01-16_suite.sun-idc006.nogen.html"></testcase><testcase  name="Sun-xsd001" time="0.049991" timestamp="2012-11-19T15:56:50" log="/home/karl/tmp/otp_tests/logs/xmerl_test_logs/ct_run.ct@devbox.2012-11-19_15.49.06/tests.xmerl_test.logs/run.2012-11-19_15.49.40/xmerl_xsd_sun2002-01-16_suite.sun-xsd001.html"></testcase><testcase  name="Sun-xsd002" time="0.064694" timestamp="2012-11-19T15:56:50" log="/home/karl/tmp/otp_tests/logs/xmerl_test_logs/ct_run.ct@devbox.2012-11-19_15.49.06/tests.xmerl_test.logs/run.2012-11-19_15.49.40/xmerl_xsd_sun2002-01-16_suite.sun-xsd002.html"></testcase><testcase  name="Sun-xsd003-1.e" time="0.052282" timestamp="2012-11-19T15:56:50" log="/home/karl/tmp/otp_tests/logs/xmerl_test_logs/ct_run.ct@devbox.2012-11-19_15.49.06/tests.xmerl_test.logs/run.2012-11-19_15.49.40/xmerl_xsd_sun2002-01-16_suite.sun-xsd003-1.e.html"></testcase><testcase  name="Sun-xsd003-2.e" time="0.041983" timestamp="2012-11-19T15:56:51" log="/home/karl/tmp/otp_tests/logs/xmerl_test_logs/ct_run.ct@devbox.2012-11-19_15.49.06/tests.xmerl_test.logs/run.2012-11-19_15.49.40/xmerl_xsd_sun2002-01-16_suite.sun-xsd003-2.e.html"></testcase><testcase  name="Sun-xsd003a" time="0.043547" timestamp="2012-11-19T15:56:51" log="/home/karl/tmp/otp_tests/logs/xmerl_test_logs/ct_run.ct@devbox.2012-11-19_15.49.06/tests.xmerl_test.logs/run.2012-11-19_15.49.40/xmerl_xsd_sun2002-01-16_suite.sun-xsd003a.html"></testcase><testcase  name="Sun-xsd003b" time="0.046326" timestamp="2012-11-19T15:56:51" log="/home/karl/tmp/otp_tests/logs/xmerl_test_logs/ct_run.ct@devbox.2012-11-19_15.49.06/tests.xmerl_test.logs/run.2012-11-19_15.49.40/xmerl_xsd_sun2002-01-16_suite.sun-xsd003b.html"></testcase><testcase  name="Sun-xsd004" time="0.068641" timestamp="2012-11-19T15:56:51" log="/home/karl/tmp/otp_tests/logs/xmerl_test_logs/ct_run.ct@devbox.2012-11-19_15.49.06/tests.xmerl_test.logs/run.2012-11-19_15.49.40/xmerl_xsd_sun2002-01-16_suite.sun-xsd004.html"></testcase><testcase  name="Sun-xsd005" time="0.068204" timestamp="2012-11-19T15:56:51" log="/home/karl/tmp/otp_tests/logs/xmerl_test_logs/ct_run.ct@devbox.2012-11-19_15.49.06/tests.xmerl_test.logs/run.2012-11-19_15.49.40/xmerl_xsd_sun2002-01-16_suite.sun-xsd005.html"></testcase><testcase  name="Sun-xsd006" time="0.049172" timestamp="2012-11-19T15:56:51" log="/home/karl/tmp/otp_tests/logs/xmerl_test_logs/ct_run.ct@devbox.2012-11-19_15.49.06/tests.xmerl_test.logs/run.2012-11-19_15.49.40/xmerl_xsd_sun2002-01-16_suite.sun-xsd006.html"></testcase><testcase  name="Sun-xsd008" time="0.056050" timestamp="2012-11-19T15:56:51" log="/home/karl/tmp/otp_tests/logs/xmerl_test_logs/ct_run.ct@devbox.2012-11-19_15.49.06/tests.xmerl_test.logs/run.2012-11-19_15.49.40/xmerl_xsd_sun2002-01-16_suite.sun-xsd008.html"></testcase><testcase  name="Sun-xsd011" time="0.045015" timestamp="2012-11-19T15:56:51" log="/home/karl/tmp/otp_tests/logs/xmerl_test_logs/ct_run.ct@devbox.2012-11-19_15.49.06/tests.xmerl_test.logs/run.2012-11-19_15.49.40/xmerl_xsd_sun2002-01-16_suite.sun-xsd011.html"></testcase><testcase  name="Sun-xsd012" time="0.042204" timestamp="2012-11-19T15:56:52" log="/home/karl/tmp/otp_tests/logs/xmerl_test_logs/ct_run.ct@devbox.2012-11-19_15.49.06/tests.xmerl_test.logs/run.2012-11-19_15.49.40/xmerl_xsd_sun2002-01-16_suite.sun-xsd012.html"></testcase><testcase  name="Sun-xsd013.e" time="0.048916" timestamp="2012-11-19T15:56:52" log="/home/karl/tmp/otp_tests/logs/xmerl_test_logs/ct_run.ct@devbox.2012-11-19_15.49.06/tests.xmerl_test.logs/run.2012-11-19_15.49.40/xmerl_xsd_sun2002-01-16_suite.sun-xsd013.e.html"></testcase><testcase  name="Sun-xsd014.e" time="0.044225" timestamp="2012-11-19T15:56:52" log="/home/karl/tmp/otp_tests/logs/xmerl_test_logs/ct_run.ct@devbox.2012-11-19_15.49.06/tests.xmerl_test.logs/run.2012-11-19_15.49.40/xmerl_xsd_sun2002-01-16_suite.sun-xsd014.e.html"></testcase><testcase  name="Sun-xsd015.e" time="0.043271" timestamp="2012-11-19T15:56:52" log="/home/karl/tmp/otp_tests/logs/xmerl_test_logs/ct_run.ct@devbox.2012-11-19_15.49.06/tests.xmerl_test.logs/run.2012-11-19_15.49.40/xmerl_xsd_sun2002-01-16_suite.sun-xsd015.e.html"></testcase><testcase  name="Sun-xsd016.e" time="0.041226" timestamp="2012-11-19T15:56:52" log="/home/karl/tmp/otp_tests/logs/xmerl_test_logs/ct_run.ct@devbox.2012-11-19_15.49.06/tests.xmerl_test.logs/run.2012-11-19_15.49.40/xmerl_xsd_sun2002-01-16_suite.sun-xsd016.e.html"></testcase><testcase  name="Sun-xsd017.e" time="0.048006" timestamp="2012-11-19T15:56:52" log="/home/karl/tmp/otp_tests/logs/xmerl_test_logs/ct_run.ct@devbox.2012-11-19_15.49.06/tests.xmerl_test.logs/run.2012-11-19_15.49.40/xmerl_xsd_sun2002-01-16_suite.sun-xsd017.e.html"></testcase><testcase  name="Sun-xsd018.e" time="0.042592" timestamp="2012-11-19T15:56:52" log="/home/karl/tmp/otp_tests/logs/xmerl_test_logs/ct_run.ct@devbox.2012-11-19_15.49.06/tests.xmerl_test.logs/run.2012-11-19_15.49.40/xmerl_xsd_sun2002-01-16_suite.sun-xsd018.e.html"></testcase><testcase  name="Sun-xsd019.e" time="0.053100" timestamp="2012-11-19T15:56:52" log="/home/karl/tmp/otp_tests/logs/xmerl_test_logs/ct_run.ct@devbox.2012-11-19_15.49.06/tests.xmerl_test.logs/run.2012-11-19_15.49.40/xmerl_xsd_sun2002-01-16_suite.sun-xsd019.e.html"></testcase><testcase  name="Sun-xsd020.e" time="0.042215" timestamp="2012-11-19T15:56:52" log="/home/karl/tmp/otp_tests/logs/xmerl_test_logs/ct_run.ct@devbox.2012-11-19_15.49.06/tests.xmerl_test.logs/run.2012-11-19_15.49.40/xmerl_xsd_sun2002-01-16_suite.sun-xsd020.e.html"></testcase><testcase  name="Sun-xsd020-2.e" time="0.050504" timestamp="2012-11-19T15:56:53" log="/home/karl/tmp/otp_tests/logs/xmerl_test_logs/ct_run.ct@devbox.2012-11-19_15.49.06/tests.xmerl_test.logs/run.2012-11-19_15.49.40/xmerl_xsd_sun2002-01-16_suite.sun-xsd020-2.e.html"></testcase><testcase  name="Sun-xsd020-3.e" time="0.041450" timestamp="2012-11-19T15:56:53" log="/home/karl/tmp/otp_tests/logs/xmerl_test_logs/ct_run.ct@devbox.2012-11-19_15.49.06/tests.xmerl_test.logs/run.2012-11-19_15.49.40/xmerl_xsd_sun2002-01-16_suite.sun-xsd020-3.e.html"></testcase><testcase  name="Sun-xsd020-4.e" time="0.041603" timestamp="2012-11-19T15:56:53" log="/home/karl/tmp/otp_tests/logs/xmerl_test_logs/ct_run.ct@devbox.2012-11-19_15.49.06/tests.xmerl_test.logs/run.2012-11-19_15.49.40/xmerl_xsd_sun2002-01-16_suite.sun-xsd020-4.e.html"></testcase><testcase  name="Sun-xsd021" time="0.053022" timestamp="2012-11-19T15:56:53" log="/home/karl/tmp/otp_tests/logs/xmerl_test_logs/ct_run.ct@devbox.2012-11-19_15.49.06/tests.xmerl_test.logs/run.2012-11-19_15.49.40/xmerl_xsd_sun2002-01-16_suite.sun-xsd021.html"></testcase><testcase  name="Sun-xsd022" time="0.043891" timestamp="2012-11-19T15:56:53" log="/home/karl/tmp/otp_tests/logs/xmerl_test_logs/ct_run.ct@devbox.2012-11-19_15.49.06/tests.xmerl_test.logs/run.2012-11-19_15.49.40/xmerl_xsd_sun2002-01-16_suite.sun-xsd022.html"></testcase><testcase  name="Sun-xsd023.e" time="0.045862" timestamp="2012-11-19T15:56:53" log="/home/karl/tmp/otp_tests/logs/xmerl_test_logs/ct_run.ct@devbox.2012-11-19_15.49.06/tests.xmerl_test.logs/run.2012-11-19_15.49.40/xmerl_xsd_sun2002-01-16_suite.sun-xsd023.e.html"></testcase><testcase  name="Sun-xsiType1" time="0.051648" timestamp="2012-11-19T15:56:53" log="/home/karl/tmp/otp_tests/logs/xmerl_test_logs/ct_run.ct@devbox.2012-11-19_15.49.06/tests.xmerl_test.logs/run.2012-11-19_15.49.40/xmerl_xsd_sun2002-01-16_suite.sun-xsitype1.html"></testcase><testcase  name="Sun-xsiType-block-1" time="0.057366" timestamp="2012-11-19T15:56:53" log="/home/karl/tmp/otp_tests/logs/xmerl_test_logs/ct_run.ct@devbox.2012-11-19_15.49.06/tests.xmerl_test.logs/run.2012-11-19_15.49.40/xmerl_xsd_sun2002-01-16_suite.sun-xsitype-block-1.html"></testcase><testcase  name="Sun-xsiType-block-2" time="0.044878" timestamp="2012-11-19T15:56:53" log="/home/karl/tmp/otp_tests/logs/xmerl_test_logs/ct_run.ct@devbox.2012-11-19_15.49.06/tests.xmerl_test.logs/run.2012-11-19_15.49.40/xmerl_xsd_sun2002-01-16_suite.sun-xsitype-block-2.html"></testcase><testcase  name="Sun-xsiType-block-3" time="0.045488" timestamp="2012-11-19T15:56:54" log="/home/karl/tmp/otp_tests/logs/xmerl_test_logs/ct_run.ct@devbox.2012-11-19_15.49.06/tests.xmerl_test.logs/run.2012-11-19_15.49.40/xmerl_xsd_sun2002-01-16_suite.sun-xsitype-block-3.html"></testcase><testcase  name="Sun-xsiType-block-4" time="0.046098" timestamp="2012-11-19T15:56:54" log="/home/karl/tmp/otp_tests/logs/xmerl_test_logs/ct_run.ct@devbox.2012-11-19_15.49.06/tests.xmerl_test.logs/run.2012-11-19_15.49.40/xmerl_xsd_sun2002-01-16_suite.sun-xsitype-block-4.html"></testcase><testcase  name="Sun-type-and-subst-1" time="0.067369" timestamp="2012-11-19T15:56:54" log="/home/karl/tmp/otp_tests/logs/xmerl_test_logs/ct_run.ct@devbox.2012-11-19_15.49.06/tests.xmerl_test.logs/run.2012-11-19_15.49.40/xmerl_xsd_sun2002-01-16_suite.sun-type-and-subst-1.html"></testcase><testcase  name="end_per_suite" time="0.066980" timestamp="2012-11-19T15:56:54" log="/home/karl/tmp/otp_tests/logs/xmerl_test_logs/ct_run.ct@devbox.2012-11-19_15.49.06/tests.xmerl_test.logs/run.2012-11-19_15.49.40/xmerl_xsd_sun2002-01-16_suite.end_per_suite.html"></testcase></testsuite><testsuite name="xmerl_xsd_SUITE" time="12.373443" timestamp="2012-11-19T15:56:37" errors="0" tests="101"><testcase  name="init_per_suite" time="0.060676" timestamp="2012-11-19T15:56:37" log="/home/karl/tmp/otp_tests/logs/xmerl_test_logs/ct_run.ct@devbox.2012-11-19_15.49.06/tests.xmerl_test.logs/run.2012-11-19_15.49.40/ct_framework.init_per_suite.html"></testcase><testcase group="type_tests" name="init_per_group" time="0.039956" timestamp="2012-11-19T15:56:37" log="/home/karl/tmp/otp_tests/logs/xmerl_test_logs/ct_run.ct@devbox.2012-11-19_15.49.06/tests.xmerl_test.logs/run.2012-11-19_15.49.40/xmerl_xsd_suite.init_per_group.html"></testcase><testcase group="type_tests.primitive_datatypes" name="init_per_group" time="0.057935" timestamp="2012-11-19T15:56:37" log="/home/karl/tmp/otp_tests/logs/xmerl_test_logs/ct_run.ct@devbox.2012-11-19_15.49.06/tests.xmerl_test.logs/run.2012-11-19_15.49.40/xmerl_xsd_suite.init_per_group.336997.316.html"></testcase><testcase group="type_tests.primitive_datatypes" name="string" time="0.040342" timestamp="2012-11-19T15:56:37" log="/home/karl/tmp/otp_tests/logs/xmerl_test_logs/ct_run.ct@devbox.2012-11-19_15.49.06/tests.xmerl_test.logs/run.2012-11-19_15.49.40/xmerl_xsd_suite.string.html"></testcase><testcase group="type_tests.primitive_datatypes" name="boolean" time="0.040148" timestamp="2012-11-19T15:56:37" log="/home/karl/tmp/otp_tests/logs/xmerl_test_logs/ct_run.ct@devbox.2012-11-19_15.49.06/tests.xmerl_test.logs/run.2012-11-19_15.49.40/xmerl_xsd_suite.boolean.html"></testcase><testcase group="type_tests.primitive_datatypes" name="decimal" time="0.060647" timestamp="2012-11-19T15:56:37" log="/home/karl/tmp/otp_tests/logs/xmerl_test_logs/ct_run.ct@devbox.2012-11-19_15.49.06/tests.xmerl_test.logs/run.2012-11-19_15.49.40/xmerl_xsd_suite.decimal.html"></testcase><testcase group="type_tests.primitive_datatypes" name="float" time="0.039702" timestamp="2012-11-19T15:56:37" log="/home/karl/tmp/otp_tests/logs/xmerl_test_logs/ct_run.ct@devbox.2012-11-19_15.49.06/tests.xmerl_test.logs/run.2012-11-19_15.49.40/xmerl_xsd_suite.float.html"></testcase><testcase group="type_tests.primitive_datatypes" name="double" time="0.039539" timestamp="2012-11-19T15:56:37" log="/home/karl/tmp/otp_tests/logs/xmerl_test_logs/ct_run.ct@devbox.2012-11-19_15.49.06/tests.xmerl_test.logs/run.2012-11-19_15.49.40/xmerl_xsd_suite.double.html"></testcase><testcase group="type_tests.primitive_datatypes" name="duration" time="0.039423" timestamp="2012-11-19T15:56:38" log="/home/karl/tmp/otp_tests/logs/xmerl_test_logs/ct_run.ct@devbox.2012-11-19_15.49.06/tests.xmerl_test.logs/run.2012-11-19_15.49.40/xmerl_xsd_suite.duration.html"></testcase><testcase group="type_tests.primitive_datatypes" name="dateTime" time="0.040819" timestamp="2012-11-19T15:56:38" log="/home/karl/tmp/otp_tests/logs/xmerl_test_logs/ct_run.ct@devbox.2012-11-19_15.49.06/tests.xmerl_test.logs/run.2012-11-19_15.49.40/xmerl_xsd_suite.datetime.html"></testcase><testcase group="type_tests.primitive_datatypes" name="time" time="0.039718" timestamp="2012-11-19T15:56:38" log="/home/karl/tmp/otp_tests/logs/xmerl_test_logs/ct_run.ct@devbox.2012-11-19_15.49.06/tests.xmerl_test.logs/run.2012-11-19_15.49.40/xmerl_xsd_suite.time.html"></testcase><testcase group="type_tests.primitive_datatypes" name="date" time="0.050368" timestamp="2012-11-19T15:56:38" log="/home/karl/tmp/otp_tests/logs/xmerl_test_logs/ct_run.ct@devbox.2012-11-19_15.49.06/tests.xmerl_test.logs/run.2012-11-19_15.49.40/xmerl_xsd_suite.date.html"></testcase><testcase group="type_tests.primitive_datatypes" name="gYearMonth" time="0.040777" timestamp="2012-11-19T15:56:38" log="/home/karl/tmp/otp_tests/logs/xmerl_test_logs/ct_run.ct@devbox.2012-11-19_15.49.06/tests.xmerl_test.logs/run.2012-11-19_15.49.40/xmerl_xsd_suite.gyearmonth.html"></testcase><testcase group="type_tests.primitive_datatypes" name="gYear" time="0.039813" timestamp="2012-11-19T15:56:38" log="/home/karl/tmp/otp_tests/logs/xmerl_test_logs/ct_run.ct@devbox.2012-11-19_15.49.06/tests.xmerl_test.logs/run.2012-11-19_15.49.40/xmerl_xsd_suite.gyear.html"></testcase><testcase group="type_tests.primitive_datatypes" name="gMonthDay" time="0.058403" timestamp="2012-11-19T15:56:38" log="/home/karl/tmp/otp_tests/logs/xmerl_test_logs/ct_run.ct@devbox.2012-11-19_15.49.06/tests.xmerl_test.logs/run.2012-11-19_15.49.40/xmerl_xsd_suite.gmonthday.html"></testcase><testcase group="type_tests.primitive_datatypes" name="gDay" time="0.040596" timestamp="2012-11-19T15:56:38" log="/home/karl/tmp/otp_tests/logs/xmerl_test_logs/ct_run.ct@devbox.2012-11-19_15.49.06/tests.xmerl_test.logs/run.2012-11-19_15.49.40/xmerl_xsd_suite.gday.html"></testcase><testcase group="type_tests.primitive_datatypes" name="gMonth" time="0.041140" timestamp="2012-11-19T15:56:38" log="/home/karl/tmp/otp_tests/logs/xmerl_test_logs/ct_run.ct@devbox.2012-11-19_15.49.06/tests.xmerl_test.logs/run.2012-11-19_15.49.40/xmerl_xsd_suite.gmonth.html"></testcase><testcase group="type_tests.primitive_datatypes" name="hexBinary" time="0.040514" timestamp="2012-11-19T15:56:39" log="/home/karl/tmp/otp_tests/logs/xmerl_test_logs/ct_run.ct@devbox.2012-11-19_15.49.06/tests.xmerl_test.logs/run.2012-11-19_15.49.40/xmerl_xsd_suite.hexbinary.html"></testcase><testcase group="type_tests.primitive_datatypes" name="base64Binary" time="0.040498" timestamp="2012-11-19T15:56:39" log="/home/karl/tmp/otp_tests/logs/xmerl_test_logs/ct_run.ct@devbox.2012-11-19_15.49.06/tests.xmerl_test.logs/run.2012-11-19_15.49.40/xmerl_xsd_suite.base64binary.html"></testcase><testcase group="type_tests.primitive_datatypes" name="anyURI" time="0.039200" timestamp="2012-11-19T15:56:39" log="/home/karl/tmp/otp_tests/logs/xmerl_test_logs/ct_run.ct@devbox.2012-11-19_15.49.06/tests.xmerl_test.logs/run.2012-11-19_15.49.40/xmerl_xsd_suite.anyuri.html"></testcase><testcase group="type_tests.primitive_datatypes" name="QName" time="0.040947" timestamp="2012-11-19T15:56:39" log="/home/karl/tmp/otp_tests/logs/xmerl_test_logs/ct_run.ct@devbox.2012-11-19_15.49.06/tests.xmerl_test.logs/run.2012-11-19_15.49.40/xmerl_xsd_suite.qname.html"></testcase><testcase group="type_tests.primitive_datatypes" name="NOTATION" time="0.040717" timestamp="2012-11-19T15:56:39" log="/home/karl/tmp/otp_tests/logs/xmerl_test_logs/ct_run.ct@devbox.2012-11-19_15.49.06/tests.xmerl_test.logs/run.2012-11-19_15.49.40/xmerl_xsd_suite.notation.html"></testcase><testcase group="type_tests.primitive_datatypes" name="end_per_group" time="0.039626" timestamp="2012-11-19T15:56:39" log="/home/karl/tmp/otp_tests/logs/xmerl_test_logs/ct_run.ct@devbox.2012-11-19_15.49.06/tests.xmerl_test.logs/run.2012-11-19_15.49.40/xmerl_xsd_suite.end_per_group.html"></testcase><testcase group="type_tests.derived_datatypes" name="init_per_group" time="0.040221" timestamp="2012-11-19T15:56:39" log="/home/karl/tmp/otp_tests/logs/xmerl_test_logs/ct_run.ct@devbox.2012-11-19_15.49.06/tests.xmerl_test.logs/run.2012-11-19_15.49.40/xmerl_xsd_suite.init_per_group.336999.624.html"></testcase><testcase group="type_tests.derived_datatypes" name="normalizedString" time="0.041071" timestamp="2012-11-19T15:56:39" log="/home/karl/tmp/otp_tests/logs/xmerl_test_logs/ct_run.ct@devbox.2012-11-19_15.49.06/tests.xmerl_test.logs/run.2012-11-19_15.49.40/xmerl_xsd_suite.normalizedstring.html"></testcase><testcase group="type_tests.derived_datatypes" name="token" time="0.040330" timestamp="2012-11-19T15:56:39" log="/home/karl/tmp/otp_tests/logs/xmerl_test_logs/ct_run.ct@devbox.2012-11-19_15.49.06/tests.xmerl_test.logs/run.2012-11-19_15.49.40/xmerl_xsd_suite.token.html"></testcase><testcase group="type_tests.derived_datatypes" name="language" time="0.040176" timestamp="2012-11-19T15:56:39" log="/home/karl/tmp/otp_tests/logs/xmerl_test_logs/ct_run.ct@devbox.2012-11-19_15.49.06/tests.xmerl_test.logs/run.2012-11-19_15.49.40/xmerl_xsd_suite.language.html"></testcase><testcase group="type_tests.derived_datatypes" name="NMTOKEN" time="0.040456" timestamp="2012-11-19T15:56:40" log="/home/karl/tmp/otp_tests/logs/xmerl_test_logs/ct_run.ct@devbox.2012-11-19_15.49.06/tests.xmerl_test.logs/run.2012-11-19_15.49.40/xmerl_xsd_suite.nmtoken.html"></testcase><testcase group="type_tests.derived_datatypes" name="NMTOKENS" time="0.040325" timestamp="2012-11-19T15:56:40" log="/home/karl/tmp/otp_tests/logs/xmerl_test_logs/ct_run.ct@devbox.2012-11-19_15.49.06/tests.xmerl_test.logs/run.2012-11-19_15.49.40/xmerl_xsd_suite.nmtokens.html"></testcase><testcase group="type_tests.derived_datatypes" name="Name" time="0.040158" timestamp="2012-11-19T15:56:40" log="/home/karl/tmp/otp_tests/logs/xmerl_test_logs/ct_run.ct@devbox.2012-11-19_15.49.06/tests.xmerl_test.logs/run.2012-11-19_15.49.40/xmerl_xsd_suite.name.html"></testcase><testcase group="type_tests.derived_datatypes" name="NCName" time="0.050653" timestamp="2012-11-19T15:56:40" log="/home/karl/tmp/otp_tests/logs/xmerl_test_logs/ct_run.ct@devbox.2012-11-19_15.49.06/tests.xmerl_test.logs/run.2012-11-19_15.49.40/xmerl_xsd_suite.ncname.html"></testcase><testcase group="type_tests.derived_datatypes" name="ID" time="0.040977" timestamp="2012-11-19T15:56:40" log="/home/karl/tmp/otp_tests/logs/xmerl_test_logs/ct_run.ct@devbox.2012-11-19_15.49.06/tests.xmerl_test.logs/run.2012-11-19_15.49.40/xmerl_xsd_suite.id.html"></testcase><testcase group="type_tests.derived_datatypes" name="IDREF" time="0.042050" timestamp="2012-11-19T15:56:40" log="/home/karl/tmp/otp_tests/logs/xmerl_test_logs/ct_run.ct@devbox.2012-11-19_15.49.06/tests.xmerl_test.logs/run.2012-11-19_15.49.40/xmerl_xsd_suite.idref.html"></testcase><testcase group="type_tests.derived_datatypes" name="IDREFS" time="0.047957" timestamp="2012-11-19T15:56:40" log="/home/karl/tmp/otp_tests/logs/xmerl_test_logs/ct_run.ct@devbox.2012-11-19_15.49.06/tests.xmerl_test.logs/run.2012-11-19_15.49.40/xmerl_xsd_suite.idrefs.html"></testcase><testcase group="type_tests.derived_datatypes" name="ENTITY" time="0.042699" timestamp="2012-11-19T15:56:40" log="/home/karl/tmp/otp_tests/logs/xmerl_test_logs/ct_run.ct@devbox.2012-11-19_15.49.06/tests.xmerl_test.logs/run.2012-11-19_15.49.40/xmerl_xsd_suite.entity.html"></testcase><testcase group="type_tests.derived_datatypes" name="ENTITIES" time="0.040502" timestamp="2012-11-19T15:56:40" log="/home/karl/tmp/otp_tests/logs/xmerl_test_logs/ct_run.ct@devbox.2012-11-19_15.49.06/tests.xmerl_test.logs/run.2012-11-19_15.49.40/xmerl_xsd_suite.entities.html"></testcase><testcase group="type_tests.derived_datatypes" name="integer" time="0.040994" timestamp="2012-11-19T15:56:41" log="/home/karl/tmp/otp_tests/logs/xmerl_test_logs/ct_run.ct@devbox.2012-11-19_15.49.06/tests.xmerl_test.logs/run.2012-11-19_15.49.40/xmerl_xsd_suite.integer.html"></testcase><testcase group="type_tests.derived_datatypes" name="nonPositiveInteger" time="0.041199" timestamp="2012-11-19T15:56:41" log="/home/karl/tmp/otp_tests/logs/xmerl_test_logs/ct_run.ct@devbox.2012-11-19_15.49.06/tests.xmerl_test.logs/run.2012-11-19_15.49.40/xmerl_xsd_suite.nonpositiveinteger.html"></testcase><testcase group="type_tests.derived_datatypes" name="negativeInteger" time="0.041318" timestamp="2012-11-19T15:56:41" log="/home/karl/tmp/otp_tests/logs/xmerl_test_logs/ct_run.ct@devbox.2012-11-19_15.49.06/tests.xmerl_test.logs/run.2012-11-19_15.49.40/xmerl_xsd_suite.negativeinteger.html"></testcase><testcase group="type_tests.derived_datatypes" name="long" time="0.041153" timestamp="2012-11-19T15:56:41" log="/home/karl/tmp/otp_tests/logs/xmerl_test_logs/ct_run.ct@devbox.2012-11-19_15.49.06/tests.xmerl_test.logs/run.2012-11-19_15.49.40/xmerl_xsd_suite.long.html"></testcase><testcase group="type_tests.derived_datatypes" name="int" time="0.040065" timestamp="2012-11-19T15:56:41" log="/home/karl/tmp/otp_tests/logs/xmerl_test_logs/ct_run.ct@devbox.2012-11-19_15.49.06/tests.xmerl_test.logs/run.2012-11-19_15.49.40/xmerl_xsd_suite.int.html"></testcase><testcase group="type_tests.derived_datatypes" name="short" time="0.049716" timestamp="2012-11-19T15:56:41" log="/home/karl/tmp/otp_tests/logs/xmerl_test_logs/ct_run.ct@devbox.2012-11-19_15.49.06/tests.xmerl_test.logs/run.2012-11-19_15.49.40/xmerl_xsd_suite.short.html"></testcase><testcase group="type_tests.derived_datatypes" name="byte" time="0.060040" timestamp="2012-11-19T15:56:41" log="/home/karl/tmp/otp_tests/logs/xmerl_test_logs/ct_run.ct@devbox.2012-11-19_15.49.06/tests.xmerl_test.logs/run.2012-11-19_15.49.40/xmerl_xsd_suite.byte.html"></testcase><testcase group="type_tests.derived_datatypes" name="nonNegativeInteger" time="0.039630" timestamp="2012-11-19T15:56:41" log="/home/karl/tmp/otp_tests/logs/xmerl_test_logs/ct_run.ct@devbox.2012-11-19_15.49.06/tests.xmerl_test.logs/run.2012-11-19_15.49.40/xmerl_xsd_suite.nonnegativeinteger.html"></testcase><testcase group="type_tests.derived_datatypes" name="unsignedLong" time="0.038064" timestamp="2012-11-19T15:56:41" log="/home/karl/tmp/otp_tests/logs/xmerl_test_logs/ct_run.ct@devbox.2012-11-19_15.49.06/tests.xmerl_test.logs/run.2012-11-19_15.49.40/xmerl_xsd_suite.unsignedlong.html"></testcase><testcase group="type_tests.derived_datatypes" name="unsignedInt" time="0.038438" timestamp="2012-11-19T15:56:42" log="/home/karl/tmp/otp_tests/logs/xmerl_test_logs/ct_run.ct@devbox.2012-11-19_15.49.06/tests.xmerl_test.logs/run.2012-11-19_15.49.40/xmerl_xsd_suite.unsignedint.html"></testcase><testcase group="type_tests.derived_datatypes" name="unsignedShort" time="0.040430" timestamp="2012-11-19T15:56:42" log="/home/karl/tmp/otp_tests/logs/xmerl_test_logs/ct_run.ct@devbox.2012-11-19_15.49.06/tests.xmerl_test.logs/run.2012-11-19_15.49.40/xmerl_xsd_suite.unsignedshort.html"></testcase><testcase group="type_tests.derived_datatypes" name="unsignedByte" time="0.038518" timestamp="2012-11-19T15:56:42" log="/home/karl/tmp/otp_tests/logs/xmerl_test_logs/ct_run.ct@devbox.2012-11-19_15.49.06/tests.xmerl_test.logs/run.2012-11-19_15.49.40/xmerl_xsd_suite.unsignedbyte.html"></testcase><testcase group="type_tests.derived_datatypes" name="positiveInteger" time="0.040640" timestamp="2012-11-19T15:56:42" log="/home/karl/tmp/otp_tests/logs/xmerl_test_logs/ct_run.ct@devbox.2012-11-19_15.49.06/tests.xmerl_test.logs/run.2012-11-19_15.49.40/xmerl_xsd_suite.positiveinteger.html"></testcase><testcase group="type_tests.derived_datatypes" name="end_per_group" time="0.039824" timestamp="2012-11-19T15:56:42" log="/home/karl/tmp/otp_tests/logs/xmerl_test_logs/ct_run.ct@devbox.2012-11-19_15.49.06/tests.xmerl_test.logs/run.2012-11-19_15.49.40/xmerl_xsd_suite.end_per_group.337002.424.html"></testcase><testcase group="type_tests" name="end_per_group" time="0.040720" timestamp="2012-11-19T15:56:42" log="/home/karl/tmp/otp_tests/logs/xmerl_test_logs/ct_run.ct@devbox.2012-11-19_15.49.06/tests.xmerl_test.logs/run.2012-11-19_15.49.40/xmerl_xsd_suite.end_per_group.337002.533.html"></testcase><testcase group="facets" name="init_per_group" time="0.050727" timestamp="2012-11-19T15:56:42" log="/home/karl/tmp/otp_tests/logs/xmerl_test_logs/ct_run.ct@devbox.2012-11-19_15.49.06/tests.xmerl_test.logs/run.2012-11-19_15.49.40/xmerl_xsd_suite.init_per_group.337002.636.html"></testcase><testcase group="facets" name="length" time="0.040512" timestamp="2012-11-19T15:56:42" log="/home/karl/tmp/otp_tests/logs/xmerl_test_logs/ct_run.ct@devbox.2012-11-19_15.49.06/tests.xmerl_test.logs/run.2012-11-19_15.49.40/xmerl_xsd_suite.length.html"></testcase><testcase group="facets" name="minLength" time="0.041418" timestamp="2012-11-19T15:56:42" log="/home/karl/tmp/otp_tests/logs/xmerl_test_logs/ct_run.ct@devbox.2012-11-19_15.49.06/tests.xmerl_test.logs/run.2012-11-19_15.49.40/xmerl_xsd_suite.minlength.html"></testcase><testcase group="facets" name="maxLength" time="0.047267" timestamp="2012-11-19T15:56:42" log="/home/karl/tmp/otp_tests/logs/xmerl_test_logs/ct_run.ct@devbox.2012-11-19_15.49.06/tests.xmerl_test.logs/run.2012-11-19_15.49.40/xmerl_xsd_suite.maxlength.html"></testcase><testcase group="facets" name="pattern" time="0.040821" timestamp="2012-11-19T15:56:43" log="/home/karl/tmp/otp_tests/logs/xmerl_test_logs/ct_run.ct@devbox.2012-11-19_15.49.06/tests.xmerl_test.logs/run.2012-11-19_15.49.40/xmerl_xsd_suite.pattern.html"></testcase><testcase group="facets" name="enumeration" time="0.040808" timestamp="2012-11-19T15:56:43" log="/home/karl/tmp/otp_tests/logs/xmerl_test_logs/ct_run.ct@devbox.2012-11-19_15.49.06/tests.xmerl_test.logs/run.2012-11-19_15.49.40/xmerl_xsd_suite.enumeration.html"></testcase><testcase group="facets" name="whiteSpace" time="0.041485" timestamp="2012-11-19T15:56:43" log="/home/karl/tmp/otp_tests/logs/xmerl_test_logs/ct_run.ct@devbox.2012-11-19_15.49.06/tests.xmerl_test.logs/run.2012-11-19_15.49.40/xmerl_xsd_suite.whitespace.html"></testcase><testcase group="facets" name="maxInclusive" time="0.048295" timestamp="2012-11-19T15:56:43" log="/home/karl/tmp/otp_tests/logs/xmerl_test_logs/ct_run.ct@devbox.2012-11-19_15.49.06/tests.xmerl_test.logs/run.2012-11-19_15.49.40/xmerl_xsd_suite.maxinclusive.html"></testcase><testcase group="facets" name="maxExclusive" time="0.042068" timestamp="2012-11-19T15:56:43" log="/home/karl/tmp/otp_tests/logs/xmerl_test_logs/ct_run.ct@devbox.2012-11-19_15.49.06/tests.xmerl_test.logs/run.2012-11-19_15.49.40/xmerl_xsd_suite.maxexclusive.html"></testcase><testcase group="facets" name="minExclusive" time="0.041317" timestamp="2012-11-19T15:56:43" log="/home/karl/tmp/otp_tests/logs/xmerl_test_logs/ct_run.ct@devbox.2012-11-19_15.49.06/tests.xmerl_test.logs/run.2012-11-19_15.49.40/xmerl_xsd_suite.minexclusive.html"></testcase><testcase group="facets" name="minInclusive" time="0.043999" timestamp="2012-11-19T15:56:43" log="/home/karl/tmp/otp_tests/logs/xmerl_test_logs/ct_run.ct@devbox.2012-11-19_15.49.06/tests.xmerl_test.logs/run.2012-11-19_15.49.40/xmerl_xsd_suite.mininclusive.html"></testcase><testcase group="facets" name="totalDigits" time="0.040010" timestamp="2012-11-19T15:56:43" log="/home/karl/tmp/otp_tests/logs/xmerl_test_logs/ct_run.ct@devbox.2012-11-19_15.49.06/tests.xmerl_test.logs/run.2012-11-19_15.49.40/xmerl_xsd_suite.totaldigits.html"></testcase><testcase group="facets" name="fractionDigits" time="0.040798" timestamp="2012-11-19T15:56:43" log="/home/karl/tmp/otp_tests/logs/xmerl_test_logs/ct_run.ct@devbox.2012-11-19_15.49.06/tests.xmerl_test.logs/run.2012-11-19_15.49.40/xmerl_xsd_suite.fractiondigits.html"></testcase><testcase group="facets" name="end_per_group" time="0.039628" timestamp="2012-11-19T15:56:44" log="/home/karl/tmp/otp_tests/logs/xmerl_test_logs/ct_run.ct@devbox.2012-11-19_15.49.06/tests.xmerl_test.logs/run.2012-11-19_15.49.40/xmerl_xsd_suite.end_per_group.337004.69.html"></testcase><testcase group="misc_block_tests" name="init_per_group" time="0.040564" timestamp="2012-11-19T15:56:44" log="/home/karl/tmp/otp_tests/logs/xmerl_test_logs/ct_run.ct@devbox.2012-11-19_15.49.06/tests.xmerl_test.logs/run.2012-11-19_15.49.40/xmerl_xsd_suite.init_per_group.337004.174.html"></testcase><testcase group="misc_block_tests" name="compare_dateTime" time="0.050882" timestamp="2012-11-19T15:56:44" log="/home/karl/tmp/otp_tests/logs/xmerl_test_logs/ct_run.ct@devbox.2012-11-19_15.49.06/tests.xmerl_test.logs/run.2012-11-19_15.49.40/xmerl_xsd_suite.compare_datetime.html"></testcase><testcase group="misc_block_tests" name="compare_duration" time="0.053294" timestamp="2012-11-19T15:56:44" log="/home/karl/tmp/otp_tests/logs/xmerl_test_logs/ct_run.ct@devbox.2012-11-19_15.49.06/tests.xmerl_test.logs/run.2012-11-19_15.49.40/xmerl_xsd_suite.compare_duration.html"></testcase><testcase group="misc_block_tests" name="end_per_group" time="0.040974" timestamp="2012-11-19T15:56:44" log="/home/karl/tmp/otp_tests/logs/xmerl_test_logs/ct_run.ct@devbox.2012-11-19_15.49.06/tests.xmerl_test.logs/run.2012-11-19_15.49.40/xmerl_xsd_suite.end_per_group.337004.524.html"></testcase><testcase group="validation_tests" name="init_per_group" time="0.040543" timestamp="2012-11-19T15:56:44" log="/home/karl/tmp/otp_tests/logs/xmerl_test_logs/ct_run.ct@devbox.2012-11-19_15.49.06/tests.xmerl_test.logs/run.2012-11-19_15.49.40/xmerl_xsd_suite.init_per_group.337004.630.html"></testcase><testcase group="validation_tests.xmlSchemaPrimerExamples" name="init_per_group" time="0.064403" timestamp="2012-11-19T15:56:44" log="/home/karl/tmp/otp_tests/logs/xmerl_test_logs/ct_run.ct@devbox.2012-11-19_15.49.06/tests.xmerl_test.logs/run.2012-11-19_15.49.40/xmerl_xsd_suite.init_per_group.337004.737.html"></testcase><testcase group="validation_tests.xmlSchemaPrimerExamples" name="po" time="0.099703" timestamp="2012-11-19T15:56:44" log="/home/karl/tmp/otp_tests/logs/xmerl_test_logs/ct_run.ct@devbox.2012-11-19_15.49.06/tests.xmerl_test.logs/run.2012-11-19_15.49.40/xmerl_xsd_suite.po.html"></testcase><testcase group="validation_tests.xmlSchemaPrimerExamples" name="po1" time="0.061710" timestamp="2012-11-19T15:56:45" log="/home/karl/tmp/otp_tests/logs/xmerl_test_logs/ct_run.ct@devbox.2012-11-19_15.49.06/tests.xmerl_test.logs/run.2012-11-19_15.49.40/xmerl_xsd_suite.po1.html"></testcase><testcase group="validation_tests.xmlSchemaPrimerExamples" name="po2" time="0.046506" timestamp="2012-11-19T15:56:45" log="/home/karl/tmp/otp_tests/logs/xmerl_test_logs/ct_run.ct@devbox.2012-11-19_15.49.06/tests.xmerl_test.logs/run.2012-11-19_15.49.40/xmerl_xsd_suite.po2.html"></testcase><testcase group="validation_tests.xmlSchemaPrimerExamples" name="ipo" time="0.053994" timestamp="2012-11-19T15:56:45" log="/home/karl/tmp/otp_tests/logs/xmerl_test_logs/ct_run.ct@devbox.2012-11-19_15.49.06/tests.xmerl_test.logs/run.2012-11-19_15.49.40/xmerl_xsd_suite.ipo.html"></testcase><testcase group="validation_tests.xmlSchemaPrimerExamples" name="ipo_redefine" time="0.057858" timestamp="2012-11-19T15:56:45" log="/home/karl/tmp/otp_tests/logs/xmerl_test_logs/ct_run.ct@devbox.2012-11-19_15.49.06/tests.xmerl_test.logs/run.2012-11-19_15.49.40/xmerl_xsd_suite.ipo_redefine.html"></testcase><testcase group="validation_tests.xmlSchemaPrimerExamples" name="4Q99" time="0.072087" timestamp="2012-11-19T15:56:45" log="/home/karl/tmp/otp_tests/logs/xmerl_test_logs/ct_run.ct@devbox.2012-11-19_15.49.06/tests.xmerl_test.logs/run.2012-11-19_15.49.40/xmerl_xsd_suite.4q99.html"></testcase><testcase group="validation_tests.xmlSchemaPrimerExamples" name="end_per_group" time="0.049879" timestamp="2012-11-19T15:56:45" log="/home/karl/tmp/otp_tests/logs/xmerl_test_logs/ct_run.ct@devbox.2012-11-19_15.49.06/tests.xmerl_test.logs/run.2012-11-19_15.49.40/xmerl_xsd_suite.end_per_group.337005.671.html"></testcase><testcase group="validation_tests.miscXMLexamples" name="init_per_group" time="0.039952" timestamp="2012-11-19T15:56:45" log="/home/karl/tmp/otp_tests/logs/xmerl_test_logs/ct_run.ct@devbox.2012-11-19_15.49.06/tests.xmerl_test.logs/run.2012-11-19_15.49.40/xmerl_xsd_suite.init_per_group.337005.796.html"></testcase><testcase group="validation_tests.miscXMLexamples" name="small" time="0.048965" timestamp="2012-11-19T15:56:45" log="/home/karl/tmp/otp_tests/logs/xmerl_test_logs/ct_run.ct@devbox.2012-11-19_15.49.06/tests.xmerl_test.logs/run.2012-11-19_15.49.40/xmerl_xsd_suite.small.html"></testcase><testcase group="validation_tests.miscXMLexamples" name="complexType1" time="0.067069" timestamp="2012-11-19T15:56:46" log="/home/karl/tmp/otp_tests/logs/xmerl_test_logs/ct_run.ct@devbox.2012-11-19_15.49.06/tests.xmerl_test.logs/run.2012-11-19_15.49.40/xmerl_xsd_suite.complextype1.html"></testcase><testcase group="validation_tests.miscXMLexamples" name="model_group_all" time="0.075138" timestamp="2012-11-19T15:56:46" log="/home/karl/tmp/otp_tests/logs/xmerl_test_logs/ct_run.ct@devbox.2012-11-19_15.49.06/tests.xmerl_test.logs/run.2012-11-19_15.49.40/xmerl_xsd_suite.model_group_all.html"></testcase><testcase group="validation_tests.miscXMLexamples" name="substitutionGroup" time="0.052386" timestamp="2012-11-19T15:56:46" log="/home/karl/tmp/otp_tests/logs/xmerl_test_logs/ct_run.ct@devbox.2012-11-19_15.49.06/tests.xmerl_test.logs/run.2012-11-19_15.49.40/xmerl_xsd_suite.substitutiongroup.html"></testcase><testcase group="validation_tests.miscXMLexamples" name="attributeGroup" time="0.061452" timestamp="2012-11-19T15:56:46" log="/home/karl/tmp/otp_tests/logs/xmerl_test_logs/ct_run.ct@devbox.2012-11-19_15.49.06/tests.xmerl_test.logs/run.2012-11-19_15.49.40/xmerl_xsd_suite.attributegroup.html"></testcase><testcase group="validation_tests.miscXMLexamples" name="test_key1" time="0.096094" timestamp="2012-11-19T15:56:46" log="/home/karl/tmp/otp_tests/logs/xmerl_test_logs/ct_run.ct@devbox.2012-11-19_15.49.06/tests.xmerl_test.logs/run.2012-11-19_15.49.40/xmerl_xsd_suite.test_key1.html"></testcase><testcase group="validation_tests.miscXMLexamples" name="sis1" time="0.317872" timestamp="2012-11-19T15:56:46" log="/home/karl/tmp/otp_tests/logs/xmerl_test_logs/ct_run.ct@devbox.2012-11-19_15.49.06/tests.xmerl_test.logs/run.2012-11-19_15.49.40/xmerl_xsd_suite.sis1.html"></testcase><testcase group="validation_tests.miscXMLexamples" name="sis2" time="0.254216" timestamp="2012-11-19T15:56:47" log="/home/karl/tmp/otp_tests/logs/xmerl_test_logs/ct_run.ct@devbox.2012-11-19_15.49.06/tests.xmerl_test.logs/run.2012-11-19_15.49.40/xmerl_xsd_suite.sis2.html"></testcase><testcase group="validation_tests.miscXMLexamples" name="state2file_file2state" time="0.098925" timestamp="2012-11-19T15:56:47" log="/home/karl/tmp/otp_tests/logs/xmerl_test_logs/ct_run.ct@devbox.2012-11-19_15.49.06/tests.xmerl_test.logs/run.2012-11-19_15.49.40/xmerl_xsd_suite.state2file_file2state.html"></testcase><testcase group="validation_tests.miscXMLexamples" name="union" time="0.093090" timestamp="2012-11-19T15:56:47" log="/home/karl/tmp/otp_tests/logs/xmerl_test_logs/ct_run.ct@devbox.2012-11-19_15.49.06/tests.xmerl_test.logs/run.2012-11-19_15.49.40/xmerl_xsd_suite.union.html"></testcase><testcase group="validation_tests.miscXMLexamples" name="end_per_group" time="0.047451" timestamp="2012-11-19T15:56:47" log="/home/karl/tmp/otp_tests/logs/xmerl_test_logs/ct_run.ct@devbox.2012-11-19_15.49.06/tests.xmerl_test.logs/run.2012-11-19_15.49.40/xmerl_xsd_suite.end_per_group.337007.907.html"></testcase><testcase group="validation_tests" name="end_per_group" time="0.037748" timestamp="2012-11-19T15:56:48" log="/home/karl/tmp/otp_tests/logs/xmerl_test_logs/ct_run.ct@devbox.2012-11-19_15.49.06/tests.xmerl_test.logs/run.2012-11-19_15.49.40/xmerl_xsd_suite.end_per_group.337008.28.html"></testcase><testcase group="ticket_tests" name="init_per_group" time="0.038088" timestamp="2012-11-19T15:56:48" log="/home/karl/tmp/otp_tests/logs/xmerl_test_logs/ct_run.ct@devbox.2012-11-19_15.49.06/tests.xmerl_test.logs/run.2012-11-19_15.49.40/xmerl_xsd_suite.init_per_group.337008.129.html"></testcase><testcase group="ticket_tests" name="ticket_6910" time="0.110377" timestamp="2012-11-19T15:56:48" log="/home/karl/tmp/otp_tests/logs/xmerl_test_logs/ct_run.ct@devbox.2012-11-19_15.49.06/tests.xmerl_test.logs/run.2012-11-19_15.49.40/xmerl_xsd_suite.ticket_6910.html"></testcase><testcase group="ticket_tests" name="ticket_7165" time="0.078093" timestamp="2012-11-19T15:56:48" log="/home/karl/tmp/otp_tests/logs/xmerl_test_logs/ct_run.ct@devbox.2012-11-19_15.49.06/tests.xmerl_test.logs/run.2012-11-19_15.49.40/xmerl_xsd_suite.ticket_7165.html"></testcase><testcase group="ticket_tests" name="ticket_7190" time="0.051586" timestamp="2012-11-19T15:56:48" log="/home/karl/tmp/otp_tests/logs/xmerl_test_logs/ct_run.ct@devbox.2012-11-19_15.49.06/tests.xmerl_test.logs/run.2012-11-19_15.49.40/xmerl_xsd_suite.ticket_7190.html"></testcase><testcase group="ticket_tests" name="ticket_7288" time="0.066003" timestamp="2012-11-19T15:56:48" log="/home/karl/tmp/otp_tests/logs/xmerl_test_logs/ct_run.ct@devbox.2012-11-19_15.49.06/tests.xmerl_test.logs/run.2012-11-19_15.49.40/xmerl_xsd_suite.ticket_7288.html"></testcase><testcase group="ticket_tests" name="ticket_7736" time="0.048660" timestamp="2012-11-19T15:56:48" log="/home/karl/tmp/otp_tests/logs/xmerl_test_logs/ct_run.ct@devbox.2012-11-19_15.49.06/tests.xmerl_test.logs/run.2012-11-19_15.49.40/xmerl_xsd_suite.ticket_7736.html"></testcase><testcase group="ticket_tests" name="ticket_8599" time="0.045291" timestamp="2012-11-19T15:56:48" log="/home/karl/tmp/otp_tests/logs/xmerl_test_logs/ct_run.ct@devbox.2012-11-19_15.49.06/tests.xmerl_test.logs/run.2012-11-19_15.49.40/xmerl_xsd_suite.ticket_8599.html"></testcase><testcase group="ticket_tests" name="ticket_9410" time="0.044116" timestamp="2012-11-19T15:56:49" log="/home/karl/tmp/otp_tests/logs/xmerl_test_logs/ct_run.ct@devbox.2012-11-19_15.49.06/tests.xmerl_test.logs/run.2012-11-19_15.49.40/xmerl_xsd_suite.ticket_9410.html"></testcase><testcase group="ticket_tests" name="end_per_group" time="0.041738" timestamp="2012-11-19T15:56:49" log="/home/karl/tmp/otp_tests/logs/xmerl_test_logs/ct_run.ct@devbox.2012-11-19_15.49.06/tests.xmerl_test.logs/run.2012-11-19_15.49.40/xmerl_xsd_suite.end_per_group.337009.187.html"></testcase><testcase  name="end_per_suite" time="0.041821" timestamp="2012-11-19T15:56:49" log="/home/karl/tmp/otp_tests/logs/xmerl_test_logs/ct_run.ct@devbox.2012-11-19_15.49.06/tests.xmerl_test.logs/run.2012-11-19_15.49.40/ct_framework.end_per_suite.html"></testcase></testsuite><testsuite name="xmerl_xsd_NIST2002-01-16_SUITE" time="57.108438" timestamp="2012-11-19T15:55:39" errors="0" tests="40"><testcase  name="init_per_suite" time="2.004880" timestamp="2012-11-19T15:55:39" log="/home/karl/tmp/otp_tests/logs/xmerl_test_logs/ct_run.ct@devbox.2012-11-19_15.49.06/tests.xmerl_test.logs/run.2012-11-19_15.49.40/xmerl_xsd_nist2002-01-16_suite.init_per_suite.html"></testcase><testcase  name="NISTSchema-anyURI" time="0.191419" timestamp="2012-11-19T15:55:42" log="/home/karl/tmp/otp_tests/logs/xmerl_test_logs/ct_run.ct@devbox.2012-11-19_15.49.06/tests.xmerl_test.logs/run.2012-11-19_15.49.40/xmerl_xsd_nist2002-01-16_suite.nistschema-anyuri.html"></testcase><testcase  name="NISTSchema-base64Binary" time="0.204297" timestamp="2012-11-19T15:55:42" log="/home/karl/tmp/otp_tests/logs/xmerl_test_logs/ct_run.ct@devbox.2012-11-19_15.49.06/tests.xmerl_test.logs/run.2012-11-19_15.49.40/xmerl_xsd_nist2002-01-16_suite.nistschema-base64binary.html"></testcase><testcase  name="NISTSchema-boolean" time="0.076302" timestamp="2012-11-19T15:55:42" log="/home/karl/tmp/otp_tests/logs/xmerl_test_logs/ct_run.ct@devbox.2012-11-19_15.49.06/tests.xmerl_test.logs/run.2012-11-19_15.49.40/xmerl_xsd_nist2002-01-16_suite.nistschema-boolean.html"></testcase><testcase  name="NISTSchema-byte" time="0.183482" timestamp="2012-11-19T15:55:42" log="/home/karl/tmp/otp_tests/logs/xmerl_test_logs/ct_run.ct@devbox.2012-11-19_15.49.06/tests.xmerl_test.logs/run.2012-11-19_15.49.40/xmerl_xsd_nist2002-01-16_suite.nistschema-byte.html"></testcase><testcase  name="NISTSchema-date-" time="0.187326" timestamp="2012-11-19T15:55:43" log="/home/karl/tmp/otp_tests/logs/xmerl_test_logs/ct_run.ct@devbox.2012-11-19_15.49.06/tests.xmerl_test.logs/run.2012-11-19_15.49.40/xmerl_xsd_nist2002-01-16_suite.nistschema-date-.html"></testcase><testcase  name="NISTSchema-dateTime" time="0.264765" timestamp="2012-11-19T15:55:43" log="/home/karl/tmp/otp_tests/logs/xmerl_test_logs/ct_run.ct@devbox.2012-11-19_15.49.06/tests.xmerl_test.logs/run.2012-11-19_15.49.40/xmerl_xsd_nist2002-01-16_suite.nistschema-datetime.html"></testcase><testcase  name="NISTSchema-decimal" time="0.226089" timestamp="2012-11-19T15:55:43" log="/home/karl/tmp/otp_tests/logs/xmerl_test_logs/ct_run.ct@devbox.2012-11-19_15.49.06/tests.xmerl_test.logs/run.2012-11-19_15.49.40/xmerl_xsd_nist2002-01-16_suite.nistschema-decimal.html"></testcase><testcase  name="NISTSchema-double" time="0.229442" timestamp="2012-11-19T15:55:43" log="/home/karl/tmp/otp_tests/logs/xmerl_test_logs/ct_run.ct@devbox.2012-11-19_15.49.06/tests.xmerl_test.logs/run.2012-11-19_15.49.40/xmerl_xsd_nist2002-01-16_suite.nistschema-double.html"></testcase><testcase  name="NISTSchema-duration" time="0.193945" timestamp="2012-11-19T15:55:44" log="/home/karl/tmp/otp_tests/logs/xmerl_test_logs/ct_run.ct@devbox.2012-11-19_15.49.06/tests.xmerl_test.logs/run.2012-11-19_15.49.40/xmerl_xsd_nist2002-01-16_suite.nistschema-duration.html"></testcase><testcase  name="NISTSchema-float" time="0.213769" timestamp="2012-11-19T15:55:44" log="/home/karl/tmp/otp_tests/logs/xmerl_test_logs/ct_run.ct@devbox.2012-11-19_15.49.06/tests.xmerl_test.logs/run.2012-11-19_15.49.40/xmerl_xsd_nist2002-01-16_suite.nistschema-float.html"></testcase><testcase  name="NISTSchema-gDay" time="0.193494" timestamp="2012-11-19T15:55:44" log="/home/karl/tmp/otp_tests/logs/xmerl_test_logs/ct_run.ct@devbox.2012-11-19_15.49.06/tests.xmerl_test.logs/run.2012-11-19_15.49.40/xmerl_xsd_nist2002-01-16_suite.nistschema-gday.html"></testcase><testcase  name="NISTSchema-gMonth-" time="0.198522" timestamp="2012-11-19T15:55:45" log="/home/karl/tmp/otp_tests/logs/xmerl_test_logs/ct_run.ct@devbox.2012-11-19_15.49.06/tests.xmerl_test.logs/run.2012-11-19_15.49.40/xmerl_xsd_nist2002-01-16_suite.nistschema-gmonth-.html"></testcase><testcase  name="NISTSchema-gMonthDay" time="0.196010" timestamp="2012-11-19T15:55:45" log="/home/karl/tmp/otp_tests/logs/xmerl_test_logs/ct_run.ct@devbox.2012-11-19_15.49.06/tests.xmerl_test.logs/run.2012-11-19_15.49.40/xmerl_xsd_nist2002-01-16_suite.nistschema-gmonthday.html"></testcase><testcase  name="NISTSchema-gYear-" time="0.197683" timestamp="2012-11-19T15:55:45" log="/home/karl/tmp/otp_tests/logs/xmerl_test_logs/ct_run.ct@devbox.2012-11-19_15.49.06/tests.xmerl_test.logs/run.2012-11-19_15.49.40/xmerl_xsd_nist2002-01-16_suite.nistschema-gyear-.html"></testcase><testcase  name="NISTSchema-gYearMonth" time="0.198107" timestamp="2012-11-19T15:55:45" log="/home/karl/tmp/otp_tests/logs/xmerl_test_logs/ct_run.ct@devbox.2012-11-19_15.49.06/tests.xmerl_test.logs/run.2012-11-19_15.49.40/xmerl_xsd_nist2002-01-16_suite.nistschema-gyearmonth.html"></testcase><testcase  name="NISTSchema-hexBinary" time="0.190883" timestamp="2012-11-19T15:55:46" log="/home/karl/tmp/otp_tests/logs/xmerl_test_logs/ct_run.ct@devbox.2012-11-19_15.49.06/tests.xmerl_test.logs/run.2012-11-19_15.49.40/xmerl_xsd_nist2002-01-16_suite.nistschema-hexbinary.html"></testcase><testcase  name="NISTSchema-ID" time="0.197665" timestamp="2012-11-19T15:55:46" log="/home/karl/tmp/otp_tests/logs/xmerl_test_logs/ct_run.ct@devbox.2012-11-19_15.49.06/tests.xmerl_test.logs/run.2012-11-19_15.49.40/xmerl_xsd_nist2002-01-16_suite.nistschema-id.html"></testcase><testcase  name="NISTSchema-int-" time="0.214344" timestamp="2012-11-19T15:55:46" log="/home/karl/tmp/otp_tests/logs/xmerl_test_logs/ct_run.ct@devbox.2012-11-19_15.49.06/tests.xmerl_test.logs/run.2012-11-19_15.49.40/xmerl_xsd_nist2002-01-16_suite.nistschema-int-.html"></testcase><testcase  name="NISTSchema-integer" time="0.495432" timestamp="2012-11-19T15:55:46" log="/home/karl/tmp/otp_tests/logs/xmerl_test_logs/ct_run.ct@devbox.2012-11-19_15.49.06/tests.xmerl_test.logs/run.2012-11-19_15.49.40/xmerl_xsd_nist2002-01-16_suite.nistschema-integer.html"></testcase><testcase  name="NISTSchema-language" time="0.802902" timestamp="2012-11-19T15:55:47" log="/home/karl/tmp/otp_tests/logs/xmerl_test_logs/ct_run.ct@devbox.2012-11-19_15.49.06/tests.xmerl_test.logs/run.2012-11-19_15.49.40/xmerl_xsd_nist2002-01-16_suite.nistschema-language.html"></testcase><testcase  name="NISTSchema-long" time="1.180476" timestamp="2012-11-19T15:55:48" log="/home/karl/tmp/otp_tests/logs/xmerl_test_logs/ct_run.ct@devbox.2012-11-19_15.49.06/tests.xmerl_test.logs/run.2012-11-19_15.49.40/xmerl_xsd_nist2002-01-16_suite.nistschema-long.html"></testcase><testcase  name="NISTSchema-Name" time="0.384498" timestamp="2012-11-19T15:55:50" log="/home/karl/tmp/otp_tests/logs/xmerl_test_logs/ct_run.ct@devbox.2012-11-19_15.49.06/tests.xmerl_test.logs/run.2012-11-19_15.49.40/xmerl_xsd_nist2002-01-16_suite.nistschema-name.html"></testcase><testcase  name="NISTSchema-NCName" time="0.299967" timestamp="2012-11-19T15:55:50" log="/home/karl/tmp/otp_tests/logs/xmerl_test_logs/ct_run.ct@devbox.2012-11-19_15.49.06/tests.xmerl_test.logs/run.2012-11-19_15.49.40/xmerl_xsd_nist2002-01-16_suite.nistschema-ncname.html"></testcase><testcase  name="NISTSchema-negativeInteger" time="0.363063" timestamp="2012-11-19T15:55:51" log="/home/karl/tmp/otp_tests/logs/xmerl_test_logs/ct_run.ct@devbox.2012-11-19_15.49.06/tests.xmerl_test.logs/run.2012-11-19_15.49.40/xmerl_xsd_nist2002-01-16_suite.nistschema-negativeinteger.html"></testcase><testcase  name="NISTSchema-NMTOKEN" time="0.230877" timestamp="2012-11-19T15:55:51" log="/home/karl/tmp/otp_tests/logs/xmerl_test_logs/ct_run.ct@devbox.2012-11-19_15.49.06/tests.xmerl_test.logs/run.2012-11-19_15.49.40/xmerl_xsd_nist2002-01-16_suite.nistschema-nmtoken.html"></testcase><testcase  name="NISTSchema-nonNegativeInteger" time="0.258885" timestamp="2012-11-19T15:55:51" log="/home/karl/tmp/otp_tests/logs/xmerl_test_logs/ct_run.ct@devbox.2012-11-19_15.49.06/tests.xmerl_test.logs/run.2012-11-19_15.49.40/xmerl_xsd_nist2002-01-16_suite.nistschema-nonnegativeinteger.html"></testcase><testcase  name="NISTSchema-nonPositiveInteger" time="0.224618" timestamp="2012-11-19T15:55:52" log="/home/karl/tmp/otp_tests/logs/xmerl_test_logs/ct_run.ct@devbox.2012-11-19_15.49.06/tests.xmerl_test.logs/run.2012-11-19_15.49.40/xmerl_xsd_nist2002-01-16_suite.nistschema-nonpositiveinteger.html"></testcase><testcase  name="NISTSchema-normalizedString" time="0.406345" timestamp="2012-11-19T15:55:52" log="/home/karl/tmp/otp_tests/logs/xmerl_test_logs/ct_run.ct@devbox.2012-11-19_15.49.06/tests.xmerl_test.logs/run.2012-11-19_15.49.40/xmerl_xsd_nist2002-01-16_suite.nistschema-normalizedstring.html"></testcase><testcase  name="NISTSchema-positiveInteger" time="0.209506" timestamp="2012-11-19T15:55:52" log="/home/karl/tmp/otp_tests/logs/xmerl_test_logs/ct_run.ct@devbox.2012-11-19_15.49.06/tests.xmerl_test.logs/run.2012-11-19_15.49.40/xmerl_xsd_nist2002-01-16_suite.nistschema-positiveinteger.html"></testcase><testcase  name="NISTSchema-QName" time="40.370705" timestamp="2012-11-19T15:55:53" log="/home/karl/tmp/otp_tests/logs/xmerl_test_logs/ct_run.ct@devbox.2012-11-19_15.49.06/tests.xmerl_test.logs/run.2012-11-19_15.49.40/xmerl_xsd_nist2002-01-16_suite.nistschema-qname.html"></testcase><testcase  name="NISTSchema-short" time="0.197901" timestamp="2012-11-19T15:56:33" log="/home/karl/tmp/otp_tests/logs/xmerl_test_logs/ct_run.ct@devbox.2012-11-19_15.49.06/tests.xmerl_test.logs/run.2012-11-19_15.49.40/xmerl_xsd_nist2002-01-16_suite.nistschema-short.html"></testcase><testcase  name="NISTSchema-string" time="0.290485" timestamp="2012-11-19T15:56:33" log="/home/karl/tmp/otp_tests/logs/xmerl_test_logs/ct_run.ct@devbox.2012-11-19_15.49.06/tests.xmerl_test.logs/run.2012-11-19_15.49.40/xmerl_xsd_nist2002-01-16_suite.nistschema-string.html"></testcase><testcase  name="NISTSchema-time" time="0.199690" timestamp="2012-11-19T15:56:34" log="/home/karl/tmp/otp_tests/logs/xmerl_test_logs/ct_run.ct@devbox.2012-11-19_15.49.06/tests.xmerl_test.logs/run.2012-11-19_15.49.40/xmerl_xsd_nist2002-01-16_suite.nistschema-time.html"></testcase><testcase  name="NISTSchema-token" time="0.334383" timestamp="2012-11-19T15:56:34" log="/home/karl/tmp/otp_tests/logs/xmerl_test_logs/ct_run.ct@devbox.2012-11-19_15.49.06/tests.xmerl_test.logs/run.2012-11-19_15.49.40/xmerl_xsd_nist2002-01-16_suite.nistschema-token.html"></testcase><testcase  name="NISTSchema-unsignedByte" time="0.182080" timestamp="2012-11-19T15:56:34" log="/home/karl/tmp/otp_tests/logs/xmerl_test_logs/ct_run.ct@devbox.2012-11-19_15.49.06/tests.xmerl_test.logs/run.2012-11-19_15.49.40/xmerl_xsd_nist2002-01-16_suite.nistschema-unsignedbyte.html"></testcase><testcase  name="NISTSchema-unsignedInt" time="0.206850" timestamp="2012-11-19T15:56:35" log="/home/karl/tmp/otp_tests/logs/xmerl_test_logs/ct_run.ct@devbox.2012-11-19_15.49.06/tests.xmerl_test.logs/run.2012-11-19_15.49.40/xmerl_xsd_nist2002-01-16_suite.nistschema-unsignedint.html"></testcase><testcase  name="NISTSchema-unsignedLong" time="0.200990" timestamp="2012-11-19T15:56:35" log="/home/karl/tmp/otp_tests/logs/xmerl_test_logs/ct_run.ct@devbox.2012-11-19_15.49.06/tests.xmerl_test.logs/run.2012-11-19_15.49.40/xmerl_xsd_nist2002-01-16_suite.nistschema-unsignedlong.html"></testcase><testcase  name="NISTSchema-unsignedShort" time="0.197358" timestamp="2012-11-19T15:56:35" log="/home/karl/tmp/otp_tests/logs/xmerl_test_logs/ct_run.ct@devbox.2012-11-19_15.49.06/tests.xmerl_test.logs/run.2012-11-19_15.49.40/xmerl_xsd_nist2002-01-16_suite.nistschema-unsignedshort.html"></testcase><testcase  name="end_per_suite" time="0.960888" timestamp="2012-11-19T15:56:36" log="/home/karl/tmp/otp_tests/logs/xmerl_test_logs/ct_run.ct@devbox.2012-11-19_15.49.06/tests.xmerl_test.logs/run.2012-11-19_15.49.40/xmerl_xsd_nist2002-01-16_suite.end_per_suite.html"></testcase></testsuite><testsuite name="xmerl_xsd_MS2002-01-16_SUITE" time="20.714475" timestamp="2012-11-19T15:55:19" errors="0" tests="30"><testcase  name="init_per_suite" time="2.369546" timestamp="2012-11-19T15:55:19" log="/home/karl/tmp/otp_tests/logs/xmerl_test_logs/ct_run.ct@devbox.2012-11-19_15.49.06/tests.xmerl_test.logs/run.2012-11-19_15.49.40/xmerl_xsd_ms2002-01-16_suite.init_per_suite.html"></testcase><testcase  name="att" time="1.909203" timestamp="2012-11-19T15:55:21" log="/home/karl/tmp/otp_tests/logs/xmerl_test_logs/ct_run.ct@devbox.2012-11-19_15.49.06/tests.xmerl_test.logs/run.2012-11-19_15.49.40/xmerl_xsd_ms2002-01-16_suite.att.html"></testcase><testcase  name="ct" time="0.916321" timestamp="2012-11-19T15:55:23" log="/home/karl/tmp/otp_tests/logs/xmerl_test_logs/ct_run.ct@devbox.2012-11-19_15.49.06/tests.xmerl_test.logs/run.2012-11-19_15.49.40/xmerl_xsd_ms2002-01-16_suite.ct.html"></testcase><testcase  name="elem" time="0.447627" timestamp="2012-11-19T15:55:24" log="/home/karl/tmp/otp_tests/logs/xmerl_test_logs/ct_run.ct@devbox.2012-11-19_15.49.06/tests.xmerl_test.logs/run.2012-11-19_15.49.40/xmerl_xsd_ms2002-01-16_suite.elem.html"></testcase><testcase  name="group" time="0.471954" timestamp="2012-11-19T15:55:25" log="/home/karl/tmp/otp_tests/logs/xmerl_test_logs/ct_run.ct@devbox.2012-11-19_15.49.06/tests.xmerl_test.logs/run.2012-11-19_15.49.40/xmerl_xsd_ms2002-01-16_suite.group.html"></testcase><testcase  name="idc_" time="1.259669" timestamp="2012-11-19T15:55:26" log="/home/karl/tmp/otp_tests/logs/xmerl_test_logs/ct_run.ct@devbox.2012-11-19_15.49.06/tests.xmerl_test.logs/run.2012-11-19_15.49.40/xmerl_xsd_ms2002-01-16_suite.idc_.html"></testcase><testcase  name="id" time="4.549228" timestamp="2012-11-19T15:55:27" log="/home/karl/tmp/otp_tests/logs/xmerl_test_logs/ct_run.ct@devbox.2012-11-19_15.49.06/tests.xmerl_test.logs/run.2012-11-19_15.49.40/xmerl_xsd_ms2002-01-16_suite.id.html"></testcase><testcase  name="mgABCD" time="0.142963" timestamp="2012-11-19T15:55:32" log="/home/karl/tmp/otp_tests/logs/xmerl_test_logs/ct_run.ct@devbox.2012-11-19_15.49.06/tests.xmerl_test.logs/run.2012-11-19_15.49.40/xmerl_xsd_ms2002-01-16_suite.mgabcd.html"></testcase><testcase  name="mgEFG" time="0.272367" timestamp="2012-11-19T15:55:32" log="/home/karl/tmp/otp_tests/logs/xmerl_test_logs/ct_run.ct@devbox.2012-11-19_15.49.06/tests.xmerl_test.logs/run.2012-11-19_15.49.40/xmerl_xsd_ms2002-01-16_suite.mgefg.html"></testcase><testcase  name="mgHIJ" time="0.267036" timestamp="2012-11-19T15:55:32" log="/home/karl/tmp/otp_tests/logs/xmerl_test_logs/ct_run.ct@devbox.2012-11-19_15.49.06/tests.xmerl_test.logs/run.2012-11-19_15.49.40/xmerl_xsd_ms2002-01-16_suite.mghij.html"></testcase><testcase  name="mgK" time="0.194215" timestamp="2012-11-19T15:55:32" log="/home/karl/tmp/otp_tests/logs/xmerl_test_logs/ct_run.ct@devbox.2012-11-19_15.49.06/tests.xmerl_test.logs/run.2012-11-19_15.49.40/xmerl_xsd_ms2002-01-16_suite.mgk.html"></testcase><testcase  name="mgLM" time="0.282023" timestamp="2012-11-19T15:55:33" log="/home/karl/tmp/otp_tests/logs/xmerl_test_logs/ct_run.ct@devbox.2012-11-19_15.49.06/tests.xmerl_test.logs/run.2012-11-19_15.49.40/xmerl_xsd_ms2002-01-16_suite.mglm.html"></testcase><testcase  name="mgN" time="0.103176" timestamp="2012-11-19T15:55:33" log="/home/karl/tmp/otp_tests/logs/xmerl_test_logs/ct_run.ct@devbox.2012-11-19_15.49.06/tests.xmerl_test.logs/run.2012-11-19_15.49.40/xmerl_xsd_ms2002-01-16_suite.mgn.html"></testcase><testcase  name="mgOP" time="0.192826" timestamp="2012-11-19T15:55:33" log="/home/karl/tmp/otp_tests/logs/xmerl_test_logs/ct_run.ct@devbox.2012-11-19_15.49.06/tests.xmerl_test.logs/run.2012-11-19_15.49.40/xmerl_xsd_ms2002-01-16_suite.mgop.html"></testcase><testcase  name="mgQR" time="0.120574" timestamp="2012-11-19T15:55:34" log="/home/karl/tmp/otp_tests/logs/xmerl_test_logs/ct_run.ct@devbox.2012-11-19_15.49.06/tests.xmerl_test.logs/run.2012-11-19_15.49.40/xmerl_xsd_ms2002-01-16_suite.mgqr.html"></testcase><testcase  name="mgS" time="0.084909" timestamp="2012-11-19T15:55:34" log="/home/karl/tmp/otp_tests/logs/xmerl_test_logs/ct_run.ct@devbox.2012-11-19_15.49.06/tests.xmerl_test.logs/run.2012-11-19_15.49.40/xmerl_xsd_ms2002-01-16_suite.mgs.html"></testcase><testcase  name="particlesAB" time="0.117335" timestamp="2012-11-19T15:55:34" log="/home/karl/tmp/otp_tests/logs/xmerl_test_logs/ct_run.ct@devbox.2012-11-19_15.49.06/tests.xmerl_test.logs/run.2012-11-19_15.49.40/xmerl_xsd_ms2002-01-16_suite.particlesab.html"></testcase><testcase  name="particlesCDE" time="0.535072" timestamp="2012-11-19T15:55:34" log="/home/karl/tmp/otp_tests/logs/xmerl_test_logs/ct_run.ct@devbox.2012-11-19_15.49.06/tests.xmerl_test.logs/run.2012-11-19_15.49.40/xmerl_xsd_ms2002-01-16_suite.particlescde.html"></testcase><testcase  name="particlesFHI" time="0.466116" timestamp="2012-11-19T15:55:35" log="/home/karl/tmp/otp_tests/logs/xmerl_test_logs/ct_run.ct@devbox.2012-11-19_15.49.06/tests.xmerl_test.logs/run.2012-11-19_15.49.40/xmerl_xsd_ms2002-01-16_suite.particlesfhi.html"></testcase><testcase  name="particlesJ" time="0.339290" timestamp="2012-11-19T15:55:35" log="/home/karl/tmp/otp_tests/logs/xmerl_test_logs/ct_run.ct@devbox.2012-11-19_15.49.06/tests.xmerl_test.logs/run.2012-11-19_15.49.40/xmerl_xsd_ms2002-01-16_suite.particlesj.html"></testcase><testcase  name="particlesKOSRTQUVW" time="0.683569" timestamp="2012-11-19T15:55:36" log="/home/karl/tmp/otp_tests/logs/xmerl_test_logs/ct_run.ct@devbox.2012-11-19_15.49.06/tests.xmerl_test.logs/run.2012-11-19_15.49.40/xmerl_xsd_ms2002-01-16_suite.particleskosrtquvw.html"></testcase><testcase  name="stABCDE" time="0.188453" timestamp="2012-11-19T15:55:37" log="/home/karl/tmp/otp_tests/logs/xmerl_test_logs/ct_run.ct@devbox.2012-11-19_15.49.06/tests.xmerl_test.logs/run.2012-11-19_15.49.40/xmerl_xsd_ms2002-01-16_suite.stabcde.html"></testcase><testcase  name="stFGH" time="0.161292" timestamp="2012-11-19T15:55:37" log="/home/karl/tmp/otp_tests/logs/xmerl_test_logs/ct_run.ct@devbox.2012-11-19_15.49.06/tests.xmerl_test.logs/run.2012-11-19_15.49.40/xmerl_xsd_ms2002-01-16_suite.stfgh.html"></testcase><testcase  name="stIJK" time="0.112980" timestamp="2012-11-19T15:55:37" log="/home/karl/tmp/otp_tests/logs/xmerl_test_logs/ct_run.ct@devbox.2012-11-19_15.49.06/tests.xmerl_test.logs/run.2012-11-19_15.49.40/xmerl_xsd_ms2002-01-16_suite.stijk.html"></testcase><testcase  name="stZ" time="0.089013" timestamp="2012-11-19T15:55:37" log="/home/karl/tmp/otp_tests/logs/xmerl_test_logs/ct_run.ct@devbox.2012-11-19_15.49.06/tests.xmerl_test.logs/run.2012-11-19_15.49.40/xmerl_xsd_ms2002-01-16_suite.stz.html"></testcase><testcase  name="wildABCDEF" time="0.153898" timestamp="2012-11-19T15:55:37" log="/home/karl/tmp/otp_tests/logs/xmerl_test_logs/ct_run.ct@devbox.2012-11-19_15.49.06/tests.xmerl_test.logs/run.2012-11-19_15.49.40/xmerl_xsd_ms2002-01-16_suite.wildabcdef.html"></testcase><testcase  name="wildGHI" time="0.158477" timestamp="2012-11-19T15:55:38" log="/home/karl/tmp/otp_tests/logs/xmerl_test_logs/ct_run.ct@devbox.2012-11-19_15.49.06/tests.xmerl_test.logs/run.2012-11-19_15.49.40/xmerl_xsd_ms2002-01-16_suite.wildghi.html"></testcase><testcase  name="wildJKLMNQOP" time="0.218879" timestamp="2012-11-19T15:55:38" log="/home/karl/tmp/otp_tests/logs/xmerl_test_logs/ct_run.ct@devbox.2012-11-19_15.49.06/tests.xmerl_test.logs/run.2012-11-19_15.49.40/xmerl_xsd_ms2002-01-16_suite.wildjklmnqop.html"></testcase><testcase  name="wildZ" time="0.087564" timestamp="2012-11-19T15:55:38" log="/home/karl/tmp/otp_tests/logs/xmerl_test_logs/ct_run.ct@devbox.2012-11-19_15.49.06/tests.xmerl_test.logs/run.2012-11-19_15.49.40/xmerl_xsd_ms2002-01-16_suite.wildz.html"></testcase><testcase  name="end_per_suite" time="0.967037" timestamp="2012-11-19T15:55:38" log="/home/karl/tmp/otp_tests/logs/xmerl_test_logs/ct_run.ct@devbox.2012-11-19_15.49.06/tests.xmerl_test.logs/run.2012-11-19_15.49.40/xmerl_xsd_ms2002-01-16_suite.end_per_suite.html"></testcase></testsuite><testsuite name="xmerl_std_SUITE" time="208.134816" timestamp="2012-11-19T15:51:51" errors="30" tests="1813"><testcase  name="init_per_suite" time="1.390781" timestamp="2012-11-19T15:51:51" log="/home/karl/tmp/otp_tests/logs/xmerl_test_logs/ct_run.ct@devbox.2012-11-19_15.49.06/tests.xmerl_test.logs/run.2012-11-19_15.49.40/xmerl_std_suite.init_per_suite.html"></testcase><testcase  name="v-pe02" time="0.060534" timestamp="2012-11-19T15:51:52" log="/home/karl/tmp/otp_tests/logs/xmerl_test_logs/ct_run.ct@devbox.2012-11-19_15.49.06/tests.xmerl_test.logs/run.2012-11-19_15.49.40/xmerl_std_suite.v-pe02.html"></testcase><testcase  name="v-pe03" time="0.040676" timestamp="2012-11-19T15:51:52" log="/home/karl/tmp/otp_tests/logs/xmerl_test_logs/ct_run.ct@devbox.2012-11-19_15.49.06/tests.xmerl_test.logs/run.2012-11-19_15.49.40/xmerl_std_suite.v-pe03.html"></testcase><testcase  name="v-pe00" time="0.035903" timestamp="2012-11-19T15:51:52" log="/home/karl/tmp/otp_tests/logs/xmerl_test_logs/ct_run.ct@devbox.2012-11-19_15.49.06/tests.xmerl_test.logs/run.2012-11-19_15.49.40/xmerl_std_suite.v-pe00.html"></testcase><testcase  name="v-lang06" time="0.029937" timestamp="2012-11-19T15:51:52" log="/home/karl/tmp/otp_tests/logs/xmerl_test_logs/ct_run.ct@devbox.2012-11-19_15.49.06/tests.xmerl_test.logs/run.2012-11-19_15.49.40/xmerl_std_suite.v-lang06.html"></testcase><testcase  name="v-lang05" time="0.028958" timestamp="2012-11-19T15:51:52" log="/home/karl/tmp/otp_tests/logs/xmerl_test_logs/ct_run.ct@devbox.2012-11-19_15.49.06/tests.xmerl_test.logs/run.2012-11-19_15.49.40/xmerl_std_suite.v-lang05.html"></testcase><testcase  name="v-lang04" time="0.031856" timestamp="2012-11-19T15:51:53" log="/home/karl/tmp/otp_tests/logs/xmerl_test_logs/ct_run.ct@devbox.2012-11-19_15.49.06/tests.xmerl_test.logs/run.2012-11-19_15.49.40/xmerl_std_suite.v-lang04.html"></testcase><testcase  name="v-lang03" time="0.033082" timestamp="2012-11-19T15:51:53" log="/home/karl/tmp/otp_tests/logs/xmerl_test_logs/ct_run.ct@devbox.2012-11-19_15.49.06/tests.xmerl_test.logs/run.2012-11-19_15.49.40/xmerl_std_suite.v-lang03.html"></testcase><testcase  name="v-lang02" time="0.029936" timestamp="2012-11-19T15:51:53" log="/home/karl/tmp/otp_tests/logs/xmerl_test_logs/ct_run.ct@devbox.2012-11-19_15.49.06/tests.xmerl_test.logs/run.2012-11-19_15.49.40/xmerl_std_suite.v-lang02.html"></testcase><testcase  name="v-lang01" time="0.033727" timestamp="2012-11-19T15:51:53" log="/home/karl/tmp/otp_tests/logs/xmerl_test_logs/ct_run.ct@devbox.2012-11-19_15.49.06/tests.xmerl_test.logs/run.2012-11-19_15.49.40/xmerl_std_suite.v-lang01.html"></testcase><testcase  name="v-sgml01" time="0.034371" timestamp="2012-11-19T15:51:53" log="/home/karl/tmp/otp_tests/logs/xmerl_test_logs/ct_run.ct@devbox.2012-11-19_15.49.06/tests.xmerl_test.logs/run.2012-11-19_15.49.40/xmerl_std_suite.v-sgml01.html"></testcase><testcase  name="sa05" time="0.034819" timestamp="2012-11-19T15:51:53" log="/home/karl/tmp/otp_tests/logs/xmerl_test_logs/ct_run.ct@devbox.2012-11-19_15.49.06/tests.xmerl_test.logs/run.2012-11-19_15.49.40/xmerl_std_suite.sa05.html"></testcase><testcase  name="sa04" time="0.033633" timestamp="2012-11-19T15:51:53" log="/home/karl/tmp/otp_tests/logs/xmerl_test_logs/ct_run.ct@devbox.2012-11-19_15.49.06/tests.xmerl_test.logs/run.2012-11-19_15.49.40/xmerl_std_suite.sa04.html"></testcase><testcase  name="sa03" time="0.040207" timestamp="2012-11-19T15:51:53" log="/home/karl/tmp/otp_tests/logs/xmerl_test_logs/ct_run.ct@devbox.2012-11-19_15.49.06/tests.xmerl_test.logs/run.2012-11-19_15.49.40/xmerl_std_suite.sa03.html"></testcase><testcase  name="sa02" time="0.054026" timestamp="2012-11-19T15:51:53" log="/home/karl/tmp/otp_tests/logs/xmerl_test_logs/ct_run.ct@devbox.2012-11-19_15.49.06/tests.xmerl_test.logs/run.2012-11-19_15.49.40/xmerl_std_suite.sa02.html"></testcase><testcase  name="sa01" time="0.043029" timestamp="2012-11-19T15:51:53" log="/home/karl/tmp/otp_tests/logs/xmerl_test_logs/ct_run.ct@devbox.2012-11-19_15.49.06/tests.xmerl_test.logs/run.2012-11-19_15.49.40/xmerl_std_suite.sa01.html"></testcase><testcase  name="required00" time="0.044025" timestamp="2012-11-19T15:51:54" log="/home/karl/tmp/otp_tests/logs/xmerl_test_logs/ct_run.ct@devbox.2012-11-19_15.49.06/tests.xmerl_test.logs/run.2012-11-19_15.49.40/xmerl_std_suite.required00.html"></testcase><testcase  name="optional" time="0.041137" timestamp="2012-11-19T15:51:54" log="/home/karl/tmp/otp_tests/logs/xmerl_test_logs/ct_run.ct@devbox.2012-11-19_15.49.06/tests.xmerl_test.logs/run.2012-11-19_15.49.40/xmerl_std_suite.optional.html"></testcase><testcase  name="notation01" time="0.030120" timestamp="2012-11-19T15:51:54" log="/home/karl/tmp/otp_tests/logs/xmerl_test_logs/ct_run.ct@devbox.2012-11-19_15.49.06/tests.xmerl_test.logs/run.2012-11-19_15.49.40/xmerl_std_suite.notation01.html"></testcase><testcase  name="not-sa04" time="0.048823" timestamp="2012-11-19T15:51:54" log="/home/karl/tmp/otp_tests/logs/xmerl_test_logs/ct_run.ct@devbox.2012-11-19_15.49.06/tests.xmerl_test.logs/run.2012-11-19_15.49.40/xmerl_std_suite.not-sa04.html"></testcase><testcase  name="not-sa03" time="0.037105" timestamp="2012-11-19T15:51:54" log="/home/karl/tmp/otp_tests/logs/xmerl_test_logs/ct_run.ct@devbox.2012-11-19_15.49.06/tests.xmerl_test.logs/run.2012-11-19_15.49.40/xmerl_std_suite.not-sa03.html"></testcase><testcase  name="not-sa02" time="0.037627" timestamp="2012-11-19T15:51:54" log="/home/karl/tmp/otp_tests/logs/xmerl_test_logs/ct_run.ct@devbox.2012-11-19_15.49.06/tests.xmerl_test.logs/run.2012-11-19_15.49.40/xmerl_std_suite.not-sa02.html"></testcase><testcase  name="not-sa01" time="0.031844" timestamp="2012-11-19T15:51:54" log="/home/karl/tmp/otp_tests/logs/xmerl_test_logs/ct_run.ct@devbox.2012-11-19_15.49.06/tests.xmerl_test.logs/run.2012-11-19_15.49.40/xmerl_std_suite.not-sa01.html"></testcase><testcase  name="ext02" time="0.123469" timestamp="2012-11-19T15:51:54" log="/home/karl/tmp/otp_tests/logs/xmerl_test_logs/ct_run.ct@devbox.2012-11-19_15.49.06/tests.xmerl_test.logs/run.2012-11-19_15.49.40/xmerl_std_suite.ext02.html"></testcase><testcase  name="ext01" time="0.036422" timestamp="2012-11-19T15:51:55" log="/home/karl/tmp/otp_tests/logs/xmerl_test_logs/ct_run.ct@devbox.2012-11-19_15.49.06/tests.xmerl_test.logs/run.2012-11-19_15.49.40/xmerl_std_suite.ext01.html"></testcase><testcase  name="element" time="0.037303" timestamp="2012-11-19T15:51:55" log="/home/karl/tmp/otp_tests/logs/xmerl_test_logs/ct_run.ct@devbox.2012-11-19_15.49.06/tests.xmerl_test.logs/run.2012-11-19_15.49.40/xmerl_std_suite.element.html"></testcase><testcase  name="dtd01" time="0.042438" timestamp="2012-11-19T15:51:55" log="/home/karl/tmp/otp_tests/logs/xmerl_test_logs/ct_run.ct@devbox.2012-11-19_15.49.06/tests.xmerl_test.logs/run.2012-11-19_15.49.40/xmerl_std_suite.dtd01.html"></testcase><testcase  name="dtd00" time="0.053315" timestamp="2012-11-19T15:51:55" log="/home/karl/tmp/otp_tests/logs/xmerl_test_logs/ct_run.ct@devbox.2012-11-19_15.49.06/tests.xmerl_test.logs/run.2012-11-19_15.49.40/xmerl_std_suite.dtd00.html"></testcase><testcase  name="pe01" time="0.034862" timestamp="2012-11-19T15:51:55" log="/home/karl/tmp/otp_tests/logs/xmerl_test_logs/ct_run.ct@devbox.2012-11-19_15.49.06/tests.xmerl_test.logs/run.2012-11-19_15.49.40/xmerl_std_suite.pe01.html"></testcase><testcase  name="empty" time="0.030437" timestamp="2012-11-19T15:51:55" log="/home/karl/tmp/otp_tests/logs/xmerl_test_logs/ct_run.ct@devbox.2012-11-19_15.49.06/tests.xmerl_test.logs/run.2012-11-19_15.49.40/xmerl_std_suite.empty.html"></testcase><testcase  name="utf16l" time="0.032775" timestamp="2012-11-19T15:51:55" log="/home/karl/tmp/otp_tests/logs/xmerl_test_logs/ct_run.ct@devbox.2012-11-19_15.49.06/tests.xmerl_test.logs/run.2012-11-19_15.49.40/xmerl_std_suite.utf16l.html"></testcase><testcase  name="utf16b" time="0.034183" timestamp="2012-11-19T15:51:55" log="/home/karl/tmp/otp_tests/logs/xmerl_test_logs/ct_run.ct@devbox.2012-11-19_15.49.06/tests.xmerl_test.logs/run.2012-11-19_15.49.40/xmerl_std_suite.utf16b.html"></testcase><testcase  name="attr16" time="0.030424" timestamp="2012-11-19T15:51:55" log="/home/karl/tmp/otp_tests/logs/xmerl_test_logs/ct_run.ct@devbox.2012-11-19_15.49.06/tests.xmerl_test.logs/run.2012-11-19_15.49.40/xmerl_std_suite.attr16.html"></testcase><testcase  name="attr15" time="0.031636" timestamp="2012-11-19T15:51:55" log="/home/karl/tmp/otp_tests/logs/xmerl_test_logs/ct_run.ct@devbox.2012-11-19_15.49.06/tests.xmerl_test.logs/run.2012-11-19_15.49.40/xmerl_std_suite.attr15.html"></testcase><testcase  name="attr14" time="0.035141" timestamp="2012-11-19T15:51:56" log="/home/karl/tmp/otp_tests/logs/xmerl_test_logs/ct_run.ct@devbox.2012-11-19_15.49.06/tests.xmerl_test.logs/run.2012-11-19_15.49.40/xmerl_std_suite.attr14.html"></testcase><testcase  name="attr13" time="0.035247" timestamp="2012-11-19T15:51:56" log="/home/karl/tmp/otp_tests/logs/xmerl_test_logs/ct_run.ct@devbox.2012-11-19_15.49.06/tests.xmerl_test.logs/run.2012-11-19_15.49.40/xmerl_std_suite.attr13.html"></testcase><testcase  name="attr12" time="0.034483" timestamp="2012-11-19T15:51:56" log="/home/karl/tmp/otp_tests/logs/xmerl_test_logs/ct_run.ct@devbox.2012-11-19_15.49.06/tests.xmerl_test.logs/run.2012-11-19_15.49.40/xmerl_std_suite.attr12.html"></testcase><testcase  name="attr11" time="0.030046" timestamp="2012-11-19T15:51:56" log="/home/karl/tmp/otp_tests/logs/xmerl_test_logs/ct_run.ct@devbox.2012-11-19_15.49.06/tests.xmerl_test.logs/run.2012-11-19_15.49.40/xmerl_std_suite.attr11.html"></testcase><testcase  name="attr10" time="0.032055" timestamp="2012-11-19T15:51:56" log="/home/karl/tmp/otp_tests/logs/xmerl_test_logs/ct_run.ct@devbox.2012-11-19_15.49.06/tests.xmerl_test.logs/run.2012-11-19_15.49.40/xmerl_std_suite.attr10.html"></testcase><testcase  name="attr09" time="0.041424" timestamp="2012-11-19T15:51:56" log="/home/karl/tmp/otp_tests/logs/xmerl_test_logs/ct_run.ct@devbox.2012-11-19_15.49.06/tests.xmerl_test.logs/run.2012-11-19_15.49.40/xmerl_std_suite.attr09.html"></testcase><testcase  name="attr08" time="0.033844" timestamp="2012-11-19T15:51:56" log="/home/karl/tmp/otp_tests/logs/xmerl_test_logs/ct_run.ct@devbox.2012-11-19_15.49.06/tests.xmerl_test.logs/run.2012-11-19_15.49.40/xmerl_std_suite.attr08.html"></testcase><testcase  name="attr07" time="0.053479" timestamp="2012-11-19T15:51:56" log="/home/karl/tmp/otp_tests/logs/xmerl_test_logs/ct_run.ct@devbox.2012-11-19_15.49.06/tests.xmerl_test.logs/run.2012-11-19_15.49.40/xmerl_std_suite.attr07.html"></testcase><testcase  name="attr06" time="0.030428" timestamp="2012-11-19T15:51:56" log="/home/karl/tmp/otp_tests/logs/xmerl_test_logs/ct_run.ct@devbox.2012-11-19_15.49.06/tests.xmerl_test.logs/run.2012-11-19_15.49.40/xmerl_std_suite.attr06.html"></testcase><testcase  name="attr05" time="0.031418" timestamp="2012-11-19T15:51:56" log="/home/karl/tmp/otp_tests/logs/xmerl_test_logs/ct_run.ct@devbox.2012-11-19_15.49.06/tests.xmerl_test.logs/run.2012-11-19_15.49.40/xmerl_std_suite.attr05.html"></testcase><testcase  name="attr04" time="0.034874" timestamp="2012-11-19T15:51:56" log="/home/karl/tmp/otp_tests/logs/xmerl_test_logs/ct_run.ct@devbox.2012-11-19_15.49.06/tests.xmerl_test.logs/run.2012-11-19_15.49.40/xmerl_std_suite.attr04.html"></testcase><testcase  name="attr03" time="0.034188" timestamp="2012-11-19T15:51:56" log="/home/karl/tmp/otp_tests/logs/xmerl_test_logs/ct_run.ct@devbox.2012-11-19_15.49.06/tests.xmerl_test.logs/run.2012-11-19_15.49.40/xmerl_std_suite.attr03.html"></testcase><testcase  name="attr02" time="0.034688" timestamp="2012-11-19T15:51:57" log="/home/karl/tmp/otp_tests/logs/xmerl_test_logs/ct_run.ct@devbox.2012-11-19_15.49.06/tests.xmerl_test.logs/run.2012-11-19_15.49.40/xmerl_std_suite.attr02.html"></testcase><testcase  name="attr01" time="0.030710" timestamp="2012-11-19T15:51:57" log="/home/karl/tmp/otp_tests/logs/xmerl_test_logs/ct_run.ct@devbox.2012-11-19_15.49.06/tests.xmerl_test.logs/run.2012-11-19_15.49.40/xmerl_std_suite.attr01.html"></testcase><testcase  name="root" time="0.031677" timestamp="2012-11-19T15:51:57" log="/home/karl/tmp/otp_tests/logs/xmerl_test_logs/ct_run.ct@devbox.2012-11-19_15.49.06/tests.xmerl_test.logs/run.2012-11-19_15.49.40/xmerl_std_suite.root.html"></testcase><testcase  name="inv-required02" time="0.033285" timestamp="2012-11-19T15:51:57" log="/home/karl/tmp/otp_tests/logs/xmerl_test_logs/ct_run.ct@devbox.2012-11-19_15.49.06/tests.xmerl_test.logs/run.2012-11-19_15.49.40/xmerl_std_suite.inv-required02.html"></testcase><testcase  name="inv-required01" time="0.033479" timestamp="2012-11-19T15:51:57" log="/home/karl/tmp/otp_tests/logs/xmerl_test_logs/ct_run.ct@devbox.2012-11-19_15.49.06/tests.xmerl_test.logs/run.2012-11-19_15.49.40/xmerl_std_suite.inv-required01.html"></testcase><testcase  name="inv-required00" time="0.035720" timestamp="2012-11-19T15:51:57" log="/home/karl/tmp/otp_tests/logs/xmerl_test_logs/ct_run.ct@devbox.2012-11-19_15.49.06/tests.xmerl_test.logs/run.2012-11-19_15.49.40/xmerl_std_suite.inv-required00.html"></testcase><testcase  name="optional25" time="0.080444" timestamp="2012-11-19T15:51:57" log="/home/karl/tmp/otp_tests/logs/xmerl_test_logs/ct_run.ct@devbox.2012-11-19_15.49.06/tests.xmerl_test.logs/run.2012-11-19_15.49.40/xmerl_std_suite.optional25.html"></testcase><testcase  name="optional24" time="0.078649" timestamp="2012-11-19T15:51:57" log="/home/karl/tmp/otp_tests/logs/xmerl_test_logs/ct_run.ct@devbox.2012-11-19_15.49.06/tests.xmerl_test.logs/run.2012-11-19_15.49.40/xmerl_std_suite.optional24.html"></testcase><testcase  name="optional23" time="0.031169" timestamp="2012-11-19T15:51:57" log="/home/karl/tmp/otp_tests/logs/xmerl_test_logs/ct_run.ct@devbox.2012-11-19_15.49.06/tests.xmerl_test.logs/run.2012-11-19_15.49.40/xmerl_std_suite.optional23.html"></testcase><testcase  name="optional22" time="0.031134" timestamp="2012-11-19T15:51:57" log="/home/karl/tmp/otp_tests/logs/xmerl_test_logs/ct_run.ct@devbox.2012-11-19_15.49.06/tests.xmerl_test.logs/run.2012-11-19_15.49.40/xmerl_std_suite.optional22.html"></testcase><testcase  name="optional21" time="0.031334" timestamp="2012-11-19T15:51:58" log="/home/karl/tmp/otp_tests/logs/xmerl_test_logs/ct_run.ct@devbox.2012-11-19_15.49.06/tests.xmerl_test.logs/run.2012-11-19_15.49.40/xmerl_std_suite.optional21.html"></testcase><testcase  name="optional20" time="0.031022" timestamp="2012-11-19T15:51:58" log="/home/karl/tmp/otp_tests/logs/xmerl_test_logs/ct_run.ct@devbox.2012-11-19_15.49.06/tests.xmerl_test.logs/run.2012-11-19_15.49.40/xmerl_std_suite.optional20.html"></testcase><testcase  name="optional14" time="0.032328" timestamp="2012-11-19T15:51:58" log="/home/karl/tmp/otp_tests/logs/xmerl_test_logs/ct_run.ct@devbox.2012-11-19_15.49.06/tests.xmerl_test.logs/run.2012-11-19_15.49.40/xmerl_std_suite.optional14.html"></testcase><testcase  name="optional13" time="0.030686" timestamp="2012-11-19T15:51:58" log="/home/karl/tmp/otp_tests/logs/xmerl_test_logs/ct_run.ct@devbox.2012-11-19_15.49.06/tests.xmerl_test.logs/run.2012-11-19_15.49.40/xmerl_std_suite.optional13.html"></testcase><testcase  name="optional12" time="0.031884" timestamp="2012-11-19T15:51:58" log="/home/karl/tmp/otp_tests/logs/xmerl_test_logs/ct_run.ct@devbox.2012-11-19_15.49.06/tests.xmerl_test.logs/run.2012-11-19_15.49.40/xmerl_std_suite.optional12.html"></testcase><testcase  name="optional11" time="0.045771" timestamp="2012-11-19T15:51:58" log="/home/karl/tmp/otp_tests/logs/xmerl_test_logs/ct_run.ct@devbox.2012-11-19_15.49.06/tests.xmerl_test.logs/run.2012-11-19_15.49.40/xmerl_std_suite.optional11.html"></testcase><testcase  name="optional10" time="0.032552" timestamp="2012-11-19T15:51:58" log="/home/karl/tmp/otp_tests/logs/xmerl_test_logs/ct_run.ct@devbox.2012-11-19_15.49.06/tests.xmerl_test.logs/run.2012-11-19_15.49.40/xmerl_std_suite.optional10.html"></testcase><testcase  name="optional09" time="0.043886" timestamp="2012-11-19T15:51:58" log="/home/karl/tmp/otp_tests/logs/xmerl_test_logs/ct_run.ct@devbox.2012-11-19_15.49.06/tests.xmerl_test.logs/run.2012-11-19_15.49.40/xmerl_std_suite.optional09.html"></testcase><testcase  name="optional08" time="0.043037" timestamp="2012-11-19T15:51:58" log="/home/karl/tmp/otp_tests/logs/xmerl_test_logs/ct_run.ct@devbox.2012-11-19_15.49.06/tests.xmerl_test.logs/run.2012-11-19_15.49.40/xmerl_std_suite.optional08.html"></testcase><testcase  name="optional07" time="0.032502" timestamp="2012-11-19T15:51:58" log="/home/karl/tmp/otp_tests/logs/xmerl_test_logs/ct_run.ct@devbox.2012-11-19_15.49.06/tests.xmerl_test.logs/run.2012-11-19_15.49.40/xmerl_std_suite.optional07.html"></testcase><testcase  name="optional06" time="0.032239" timestamp="2012-11-19T15:51:58" log="/home/karl/tmp/otp_tests/logs/xmerl_test_logs/ct_run.ct@devbox.2012-11-19_15.49.06/tests.xmerl_test.logs/run.2012-11-19_15.49.40/xmerl_std_suite.optional06.html"></testcase><testcase  name="optional05" time="0.032487" timestamp="2012-11-19T15:51:59" log="/home/karl/tmp/otp_tests/logs/xmerl_test_logs/ct_run.ct@devbox.2012-11-19_15.49.06/tests.xmerl_test.logs/run.2012-11-19_15.49.40/xmerl_std_suite.optional05.html"></testcase><testcase  name="optional04" time="0.030967" timestamp="2012-11-19T15:51:59" log="/home/karl/tmp/otp_tests/logs/xmerl_test_logs/ct_run.ct@devbox.2012-11-19_15.49.06/tests.xmerl_test.logs/run.2012-11-19_15.49.40/xmerl_std_suite.optional04.html"></testcase><testcase  name="optional03" time="0.032135" timestamp="2012-11-19T15:51:59" log="/home/karl/tmp/otp_tests/logs/xmerl_test_logs/ct_run.ct@devbox.2012-11-19_15.49.06/tests.xmerl_test.logs/run.2012-11-19_15.49.40/xmerl_std_suite.optional03.html"></testcase><testcase  name="optional02" time="0.032531" timestamp="2012-11-19T15:51:59" log="/home/karl/tmp/otp_tests/logs/xmerl_test_logs/ct_run.ct@devbox.2012-11-19_15.49.06/tests.xmerl_test.logs/run.2012-11-19_15.49.40/xmerl_std_suite.optional02.html"></testcase><testcase  name="optional01" time="0.031444" timestamp="2012-11-19T15:51:59" log="/home/karl/tmp/otp_tests/logs/xmerl_test_logs/ct_run.ct@devbox.2012-11-19_15.49.06/tests.xmerl_test.logs/run.2012-11-19_15.49.40/xmerl_std_suite.optional01.html"></testcase><testcase  name="inv-not-sa14" time="0.031035" timestamp="2012-11-19T15:51:59" log="/home/karl/tmp/otp_tests/logs/xmerl_test_logs/ct_run.ct@devbox.2012-11-19_15.49.06/tests.xmerl_test.logs/run.2012-11-19_15.49.40/xmerl_std_suite.inv-not-sa14.html"></testcase><testcase  name="inv-not-sa13" time="0.038359" timestamp="2012-11-19T15:51:59" log="/home/karl/tmp/otp_tests/logs/xmerl_test_logs/ct_run.ct@devbox.2012-11-19_15.49.06/tests.xmerl_test.logs/run.2012-11-19_15.49.40/xmerl_std_suite.inv-not-sa13.html"></testcase><testcase  name="inv-not-sa12" time="0.031757" timestamp="2012-11-19T15:51:59" log="/home/karl/tmp/otp_tests/logs/xmerl_test_logs/ct_run.ct@devbox.2012-11-19_15.49.06/tests.xmerl_test.logs/run.2012-11-19_15.49.40/xmerl_std_suite.inv-not-sa12.html"></testcase><testcase  name="inv-not-sa11" time="0.037378" timestamp="2012-11-19T15:51:59" log="/home/karl/tmp/otp_tests/logs/xmerl_test_logs/ct_run.ct@devbox.2012-11-19_15.49.06/tests.xmerl_test.logs/run.2012-11-19_15.49.40/xmerl_std_suite.inv-not-sa11.html"></testcase><testcase  name="inv-not-sa10" time="0.076697" timestamp="2012-11-19T15:51:59" log="/home/karl/tmp/otp_tests/logs/xmerl_test_logs/ct_run.ct@devbox.2012-11-19_15.49.06/tests.xmerl_test.logs/run.2012-11-19_15.49.40/xmerl_std_suite.inv-not-sa10.html"></testcase><testcase  name="inv-not-sa09" time="0.040042" timestamp="2012-11-19T15:51:59" log="/home/karl/tmp/otp_tests/logs/xmerl_test_logs/ct_run.ct@devbox.2012-11-19_15.49.06/tests.xmerl_test.logs/run.2012-11-19_15.49.40/xmerl_std_suite.inv-not-sa09.html"></testcase><testcase  name="inv-not-sa08" time="0.031423" timestamp="2012-11-19T15:52:00" log="/home/karl/tmp/otp_tests/logs/xmerl_test_logs/ct_run.ct@devbox.2012-11-19_15.49.06/tests.xmerl_test.logs/run.2012-11-19_15.49.40/xmerl_std_suite.inv-not-sa08.html"></testcase><testcase  name="inv-not-sa07" time="0.036094" timestamp="2012-11-19T15:52:00" log="/home/karl/tmp/otp_tests/logs/xmerl_test_logs/ct_run.ct@devbox.2012-11-19_15.49.06/tests.xmerl_test.logs/run.2012-11-19_15.49.40/xmerl_std_suite.inv-not-sa07.html"></testcase><testcase  name="inv-not-sa06" time="0.031142" timestamp="2012-11-19T15:52:00" log="/home/karl/tmp/otp_tests/logs/xmerl_test_logs/ct_run.ct@devbox.2012-11-19_15.49.06/tests.xmerl_test.logs/run.2012-11-19_15.49.40/xmerl_std_suite.inv-not-sa06.html"></testcase><testcase  name="inv-not-sa05" time="0.032023" timestamp="2012-11-19T15:52:00" log="/home/karl/tmp/otp_tests/logs/xmerl_test_logs/ct_run.ct@devbox.2012-11-19_15.49.06/tests.xmerl_test.logs/run.2012-11-19_15.49.40/xmerl_std_suite.inv-not-sa05.html"></testcase><testcase  name="inv-not-sa04" time="0.031168" timestamp="2012-11-19T15:52:00" log="/home/karl/tmp/otp_tests/logs/xmerl_test_logs/ct_run.ct@devbox.2012-11-19_15.49.06/tests.xmerl_test.logs/run.2012-11-19_15.49.40/xmerl_std_suite.inv-not-sa04.html"></testcase><testcase  name="inv-not-sa02" time="0.042632" timestamp="2012-11-19T15:52:00" log="/home/karl/tmp/otp_tests/logs/xmerl_test_logs/ct_run.ct@devbox.2012-11-19_15.49.06/tests.xmerl_test.logs/run.2012-11-19_15.49.40/xmerl_std_suite.inv-not-sa02.html"></testcase><testcase  name="inv-not-sa01" time="0.030973" timestamp="2012-11-19T15:52:00" log="/home/karl/tmp/otp_tests/logs/xmerl_test_logs/ct_run.ct@devbox.2012-11-19_15.49.06/tests.xmerl_test.logs/run.2012-11-19_15.49.40/xmerl_std_suite.inv-not-sa01.html"></testcase><testcase  name="id09" time="0.029318" timestamp="2012-11-19T15:52:00" log="/home/karl/tmp/otp_tests/logs/xmerl_test_logs/ct_run.ct@devbox.2012-11-19_15.49.06/tests.xmerl_test.logs/run.2012-11-19_15.49.40/xmerl_std_suite.id09.html"></testcase><testcase  name="id08" time="0.029333" timestamp="2012-11-19T15:52:00" log="/home/karl/tmp/otp_tests/logs/xmerl_test_logs/ct_run.ct@devbox.2012-11-19_15.49.06/tests.xmerl_test.logs/run.2012-11-19_15.49.40/xmerl_std_suite.id08.html"></testcase><testcase  name="id07" time="0.030268" timestamp="2012-11-19T15:52:00" log="/home/karl/tmp/otp_tests/logs/xmerl_test_logs/ct_run.ct@devbox.2012-11-19_15.49.06/tests.xmerl_test.logs/run.2012-11-19_15.49.40/xmerl_std_suite.id07.html"></testcase><testcase  name="id06" time="0.042093" timestamp="2012-11-19T15:52:00" log="/home/karl/tmp/otp_tests/logs/xmerl_test_logs/ct_run.ct@devbox.2012-11-19_15.49.06/tests.xmerl_test.logs/run.2012-11-19_15.49.40/xmerl_std_suite.id06.html"></testcase><testcase  name="id05" time="0.030232" timestamp="2012-11-19T15:52:00" log="/home/karl/tmp/otp_tests/logs/xmerl_test_logs/ct_run.ct@devbox.2012-11-19_15.49.06/tests.xmerl_test.logs/run.2012-11-19_15.49.40/xmerl_std_suite.id05.html"></testcase><testcase  name="id04" time="0.039061" timestamp="2012-11-19T15:52:01" log="/home/karl/tmp/otp_tests/logs/xmerl_test_logs/ct_run.ct@devbox.2012-11-19_15.49.06/tests.xmerl_test.logs/run.2012-11-19_15.49.40/xmerl_std_suite.id04.html"></testcase><testcase  name="id03" time="0.032937" timestamp="2012-11-19T15:52:01" log="/home/karl/tmp/otp_tests/logs/xmerl_test_logs/ct_run.ct@devbox.2012-11-19_15.49.06/tests.xmerl_test.logs/run.2012-11-19_15.49.40/xmerl_std_suite.id03.html"></testcase><testcase  name="id02" time="0.031819" timestamp="2012-11-19T15:52:01" log="/home/karl/tmp/otp_tests/logs/xmerl_test_logs/ct_run.ct@devbox.2012-11-19_15.49.06/tests.xmerl_test.logs/run.2012-11-19_15.49.40/xmerl_std_suite.id02.html"></testcase><testcase  name="id01" time="0.033989" timestamp="2012-11-19T15:52:01" log="/home/karl/tmp/otp_tests/logs/xmerl_test_logs/ct_run.ct@devbox.2012-11-19_15.49.06/tests.xmerl_test.logs/run.2012-11-19_15.49.40/xmerl_std_suite.id01.html"></testcase><testcase  name="el06" time="0.039773" timestamp="2012-11-19T15:52:01" log="/home/karl/tmp/otp_tests/logs/xmerl_test_logs/ct_run.ct@devbox.2012-11-19_15.49.06/tests.xmerl_test.logs/run.2012-11-19_15.49.40/xmerl_std_suite.el06.html"></testcase><testcase  name="el05" time="0.050496" timestamp="2012-11-19T15:52:01" log="/home/karl/tmp/otp_tests/logs/xmerl_test_logs/ct_run.ct@devbox.2012-11-19_15.49.06/tests.xmerl_test.logs/run.2012-11-19_15.49.40/xmerl_std_suite.el05.html"></testcase><testcase  name="el04" time="0.040882" timestamp="2012-11-19T15:52:01" log="/home/karl/tmp/otp_tests/logs/xmerl_test_logs/ct_run.ct@devbox.2012-11-19_15.49.06/tests.xmerl_test.logs/run.2012-11-19_15.49.40/xmerl_std_suite.el04.html"></testcase><testcase  name="el03" time="0.042209" timestamp="2012-11-19T15:52:01" log="/home/karl/tmp/otp_tests/logs/xmerl_test_logs/ct_run.ct@devbox.2012-11-19_15.49.06/tests.xmerl_test.logs/run.2012-11-19_15.49.40/xmerl_std_suite.el03.html"></testcase><testcase  name="el02" time="0.046532" timestamp="2012-11-19T15:52:01" log="/home/karl/tmp/otp_tests/logs/xmerl_test_logs/ct_run.ct@devbox.2012-11-19_15.49.06/tests.xmerl_test.logs/run.2012-11-19_15.49.40/xmerl_std_suite.el02.html"></testcase><testcase  name="el01" time="0.032062" timestamp="2012-11-19T15:52:01" log="/home/karl/tmp/otp_tests/logs/xmerl_test_logs/ct_run.ct@devbox.2012-11-19_15.49.06/tests.xmerl_test.logs/run.2012-11-19_15.49.40/xmerl_std_suite.el01.html"></testcase><testcase  name="inv-dtd03" time="0.032483" timestamp="2012-11-19T15:52:01" log="/home/karl/tmp/otp_tests/logs/xmerl_test_logs/ct_run.ct@devbox.2012-11-19_15.49.06/tests.xmerl_test.logs/run.2012-11-19_15.49.40/xmerl_std_suite.inv-dtd03.html"></testcase><testcase  name="inv-dtd02" time="0.042094" timestamp="2012-11-19T15:52:02" log="/home/karl/tmp/otp_tests/logs/xmerl_test_logs/ct_run.ct@devbox.2012-11-19_15.49.06/tests.xmerl_test.logs/run.2012-11-19_15.49.40/xmerl_std_suite.inv-dtd02.html"></testcase><testcase  name="inv-dtd01" time="0.033998" timestamp="2012-11-19T15:52:02" log="/home/karl/tmp/otp_tests/logs/xmerl_test_logs/ct_run.ct@devbox.2012-11-19_15.49.06/tests.xmerl_test.logs/run.2012-11-19_15.49.40/xmerl_std_suite.inv-dtd01.html"></testcase><testcase  name="sgml13" time="0.037135" timestamp="2012-11-19T15:52:02" log="/home/karl/tmp/otp_tests/logs/xmerl_test_logs/ct_run.ct@devbox.2012-11-19_15.49.06/tests.xmerl_test.logs/run.2012-11-19_15.49.40/xmerl_std_suite.sgml13.html"></testcase><testcase  name="sgml12" time="0.033216" timestamp="2012-11-19T15:52:02" log="/home/karl/tmp/otp_tests/logs/xmerl_test_logs/ct_run.ct@devbox.2012-11-19_15.49.06/tests.xmerl_test.logs/run.2012-11-19_15.49.40/xmerl_std_suite.sgml12.html"></testcase><testcase  name="sgml11" time="0.087520" timestamp="2012-11-19T15:52:02" log="/home/karl/tmp/otp_tests/logs/xmerl_test_logs/ct_run.ct@devbox.2012-11-19_15.49.06/tests.xmerl_test.logs/run.2012-11-19_15.49.40/xmerl_std_suite.sgml11.html"></testcase><testcase  name="sgml10" time="0.054278" timestamp="2012-11-19T15:52:02" log="/home/karl/tmp/otp_tests/logs/xmerl_test_logs/ct_run.ct@devbox.2012-11-19_15.49.06/tests.xmerl_test.logs/run.2012-11-19_15.49.40/xmerl_std_suite.sgml10.html"></testcase><testcase  name="sgml09" time="0.033883" timestamp="2012-11-19T15:52:02" log="/home/karl/tmp/otp_tests/logs/xmerl_test_logs/ct_run.ct@devbox.2012-11-19_15.49.06/tests.xmerl_test.logs/run.2012-11-19_15.49.40/xmerl_std_suite.sgml09.html"></testcase><testcase  name="sgml08" time="0.032332" timestamp="2012-11-19T15:52:02" log="/home/karl/tmp/otp_tests/logs/xmerl_test_logs/ct_run.ct@devbox.2012-11-19_15.49.06/tests.xmerl_test.logs/run.2012-11-19_15.49.40/xmerl_std_suite.sgml08.html"></testcase><testcase  name="sgml07" time="0.031659" timestamp="2012-11-19T15:52:02" log="/home/karl/tmp/otp_tests/logs/xmerl_test_logs/ct_run.ct@devbox.2012-11-19_15.49.06/tests.xmerl_test.logs/run.2012-11-19_15.49.40/xmerl_std_suite.sgml07.html"></testcase><testcase  name="sgml06" time="0.031492" timestamp="2012-11-19T15:52:03" log="/home/karl/tmp/otp_tests/logs/xmerl_test_logs/ct_run.ct@devbox.2012-11-19_15.49.06/tests.xmerl_test.logs/run.2012-11-19_15.49.40/xmerl_std_suite.sgml06.html"></testcase><testcase  name="sgml05" time="0.032170" timestamp="2012-11-19T15:52:03" log="/home/karl/tmp/otp_tests/logs/xmerl_test_logs/ct_run.ct@devbox.2012-11-19_15.49.06/tests.xmerl_test.logs/run.2012-11-19_15.49.40/xmerl_std_suite.sgml05.html"></testcase><testcase  name="sgml04" time="0.032365" timestamp="2012-11-19T15:52:03" log="/home/karl/tmp/otp_tests/logs/xmerl_test_logs/ct_run.ct@devbox.2012-11-19_15.49.06/tests.xmerl_test.logs/run.2012-11-19_15.49.40/xmerl_std_suite.sgml04.html"></testcase><testcase  name="sgml03" time="0.033649" timestamp="2012-11-19T15:52:03" log="/home/karl/tmp/otp_tests/logs/xmerl_test_logs/ct_run.ct@devbox.2012-11-19_15.49.06/tests.xmerl_test.logs/run.2012-11-19_15.49.40/xmerl_std_suite.sgml03.html"></testcase><testcase  name="sgml02" time="0.031318" timestamp="2012-11-19T15:52:03" log="/home/karl/tmp/otp_tests/logs/xmerl_test_logs/ct_run.ct@devbox.2012-11-19_15.49.06/tests.xmerl_test.logs/run.2012-11-19_15.49.40/xmerl_std_suite.sgml02.html"></testcase><testcase  name="sgml01" time="0.035229" timestamp="2012-11-19T15:52:03" log="/home/karl/tmp/otp_tests/logs/xmerl_test_logs/ct_run.ct@devbox.2012-11-19_15.49.06/tests.xmerl_test.logs/run.2012-11-19_15.49.40/xmerl_std_suite.sgml01.html"></testcase><testcase  name="pubid05" time="0.032212" timestamp="2012-11-19T15:52:03" log="/home/karl/tmp/otp_tests/logs/xmerl_test_logs/ct_run.ct@devbox.2012-11-19_15.49.06/tests.xmerl_test.logs/run.2012-11-19_15.49.40/xmerl_std_suite.pubid05.html"></testcase><testcase  name="pubid04" time="0.034777" timestamp="2012-11-19T15:52:03" log="/home/karl/tmp/otp_tests/logs/xmerl_test_logs/ct_run.ct@devbox.2012-11-19_15.49.06/tests.xmerl_test.logs/run.2012-11-19_15.49.40/xmerl_std_suite.pubid04.html"></testcase><testcase  name="pubid03" time="0.034226" timestamp="2012-11-19T15:52:03" log="/home/karl/tmp/otp_tests/logs/xmerl_test_logs/ct_run.ct@devbox.2012-11-19_15.49.06/tests.xmerl_test.logs/run.2012-11-19_15.49.40/xmerl_std_suite.pubid03.html"></testcase><testcase  name="pubid02" time="0.035113" timestamp="2012-11-19T15:52:03" log="/home/karl/tmp/otp_tests/logs/xmerl_test_logs/ct_run.ct@devbox.2012-11-19_15.49.06/tests.xmerl_test.logs/run.2012-11-19_15.49.40/xmerl_std_suite.pubid02.html"></testcase><testcase  name="pubid01" time="0.042353" timestamp="2012-11-19T15:52:03" log="/home/karl/tmp/otp_tests/logs/xmerl_test_logs/ct_run.ct@devbox.2012-11-19_15.49.06/tests.xmerl_test.logs/run.2012-11-19_15.49.40/xmerl_std_suite.pubid01.html"></testcase><testcase  name="pi" time="0.036485" timestamp="2012-11-19T15:52:03" log="/home/karl/tmp/otp_tests/logs/xmerl_test_logs/ct_run.ct@devbox.2012-11-19_15.49.06/tests.xmerl_test.logs/run.2012-11-19_15.49.40/xmerl_std_suite.pi.html"></testcase><testcase  name="encoding07" time="0.038174" timestamp="2012-11-19T15:52:04" log="/home/karl/tmp/otp_tests/logs/xmerl_test_logs/ct_run.ct@devbox.2012-11-19_15.49.06/tests.xmerl_test.logs/run.2012-11-19_15.49.40/xmerl_std_suite.encoding07.html"></testcase><testcase  name="encoding06" time="0.036910" timestamp="2012-11-19T15:52:04" log="/home/karl/tmp/otp_tests/logs/xmerl_test_logs/ct_run.ct@devbox.2012-11-19_15.49.06/tests.xmerl_test.logs/run.2012-11-19_15.49.40/xmerl_std_suite.encoding06.html"></testcase><testcase  name="encoding05" time="0.033730" timestamp="2012-11-19T15:52:04" log="/home/karl/tmp/otp_tests/logs/xmerl_test_logs/ct_run.ct@devbox.2012-11-19_15.49.06/tests.xmerl_test.logs/run.2012-11-19_15.49.40/xmerl_std_suite.encoding05.html"></testcase><testcase  name="encoding04" time="0.031902" timestamp="2012-11-19T15:52:04" log="/home/karl/tmp/otp_tests/logs/xmerl_test_logs/ct_run.ct@devbox.2012-11-19_15.49.06/tests.xmerl_test.logs/run.2012-11-19_15.49.40/xmerl_std_suite.encoding04.html"></testcase><testcase  name="encoding03" time="0.127776" timestamp="2012-11-19T15:52:04" log="/home/karl/tmp/otp_tests/logs/xmerl_test_logs/ct_run.ct@devbox.2012-11-19_15.49.06/tests.xmerl_test.logs/run.2012-11-19_15.49.40/xmerl_std_suite.encoding03.html"></testcase><testcase  name="encoding02" time="0.091032" timestamp="2012-11-19T15:52:04" log="/home/karl/tmp/otp_tests/logs/xmerl_test_logs/ct_run.ct@devbox.2012-11-19_15.49.06/tests.xmerl_test.logs/run.2012-11-19_15.49.40/xmerl_std_suite.encoding02.html"></testcase><testcase  name="encoding01" time="0.035516" timestamp="2012-11-19T15:52:04" log="/home/karl/tmp/otp_tests/logs/xmerl_test_logs/ct_run.ct@devbox.2012-11-19_15.49.06/tests.xmerl_test.logs/run.2012-11-19_15.49.40/xmerl_std_suite.encoding01.html"></testcase><testcase  name="element04" time="0.046298" timestamp="2012-11-19T15:52:05" log="/home/karl/tmp/otp_tests/logs/xmerl_test_logs/ct_run.ct@devbox.2012-11-19_15.49.06/tests.xmerl_test.logs/run.2012-11-19_15.49.40/xmerl_std_suite.element04.html"></testcase><testcase  name="element03" time="0.037849" timestamp="2012-11-19T15:52:05" log="/home/karl/tmp/otp_tests/logs/xmerl_test_logs/ct_run.ct@devbox.2012-11-19_15.49.06/tests.xmerl_test.logs/run.2012-11-19_15.49.40/xmerl_std_suite.element03.html"></testcase><testcase  name="element02" time="0.065952" timestamp="2012-11-19T15:52:05" log="/home/karl/tmp/otp_tests/logs/xmerl_test_logs/ct_run.ct@devbox.2012-11-19_15.49.06/tests.xmerl_test.logs/run.2012-11-19_15.49.40/xmerl_std_suite.element02.html"></testcase><testcase  name="element01" time="0.037137" timestamp="2012-11-19T15:52:05" log="/home/karl/tmp/otp_tests/logs/xmerl_test_logs/ct_run.ct@devbox.2012-11-19_15.49.06/tests.xmerl_test.logs/run.2012-11-19_15.49.40/xmerl_std_suite.element01.html"></testcase><testcase  name="element00" time="0.043610" timestamp="2012-11-19T15:52:05" log="/home/karl/tmp/otp_tests/logs/xmerl_test_logs/ct_run.ct@devbox.2012-11-19_15.49.06/tests.xmerl_test.logs/run.2012-11-19_15.49.40/xmerl_std_suite.element00.html"></testcase><testcase  name="dtd07" time="0.037228" timestamp="2012-11-19T15:52:05" log="/home/karl/tmp/otp_tests/logs/xmerl_test_logs/ct_run.ct@devbox.2012-11-19_15.49.06/tests.xmerl_test.logs/run.2012-11-19_15.49.40/xmerl_std_suite.dtd07.html"></testcase><testcase  name="dtd05" time="0.033774" timestamp="2012-11-19T15:52:05" log="/home/karl/tmp/otp_tests/logs/xmerl_test_logs/ct_run.ct@devbox.2012-11-19_15.49.06/tests.xmerl_test.logs/run.2012-11-19_15.49.40/xmerl_std_suite.dtd05.html"></testcase><testcase  name="dtd04" time="0.033965" timestamp="2012-11-19T15:52:05" log="/home/karl/tmp/otp_tests/logs/xmerl_test_logs/ct_run.ct@devbox.2012-11-19_15.49.06/tests.xmerl_test.logs/run.2012-11-19_15.49.40/xmerl_std_suite.dtd04.html"></testcase><testcase  name="dtd03" time="0.036770" timestamp="2012-11-19T15:52:05" log="/home/karl/tmp/otp_tests/logs/xmerl_test_logs/ct_run.ct@devbox.2012-11-19_15.49.06/tests.xmerl_test.logs/run.2012-11-19_15.49.40/xmerl_std_suite.dtd03.html"></testcase><testcase  name="dtd02" time="0.102411" timestamp="2012-11-19T15:52:06" log="/home/karl/tmp/otp_tests/logs/xmerl_test_logs/ct_run.ct@devbox.2012-11-19_15.49.06/tests.xmerl_test.logs/run.2012-11-19_15.49.40/xmerl_std_suite.dtd02.html"></testcase><testcase  name="nwf-dtd01" time="0.071411" timestamp="2012-11-19T15:52:06" log="/home/karl/tmp/otp_tests/logs/xmerl_test_logs/ct_run.ct@devbox.2012-11-19_15.49.06/tests.xmerl_test.logs/run.2012-11-19_15.49.40/xmerl_std_suite.nwf-dtd01.html"></testcase><testcase  name="nwf-dtd00" time="0.041291" timestamp="2012-11-19T15:52:06" log="/home/karl/tmp/otp_tests/logs/xmerl_test_logs/ct_run.ct@devbox.2012-11-19_15.49.06/tests.xmerl_test.logs/run.2012-11-19_15.49.40/xmerl_std_suite.nwf-dtd00.html"></testcase><testcase  name="decl01" time="0.047249" timestamp="2012-11-19T15:52:06" log="/home/karl/tmp/otp_tests/logs/xmerl_test_logs/ct_run.ct@devbox.2012-11-19_15.49.06/tests.xmerl_test.logs/run.2012-11-19_15.49.40/xmerl_std_suite.decl01.html"></testcase><testcase  name="content03" time="0.036935" timestamp="2012-11-19T15:52:06" log="/home/karl/tmp/otp_tests/logs/xmerl_test_logs/ct_run.ct@devbox.2012-11-19_15.49.06/tests.xmerl_test.logs/run.2012-11-19_15.49.40/xmerl_std_suite.content03.html"></testcase><testcase  name="content02" time="0.037796" timestamp="2012-11-19T15:52:06" log="/home/karl/tmp/otp_tests/logs/xmerl_test_logs/ct_run.ct@devbox.2012-11-19_15.49.06/tests.xmerl_test.logs/run.2012-11-19_15.49.40/xmerl_std_suite.content02.html"></testcase><testcase  name="content01" time="0.032816" timestamp="2012-11-19T15:52:06" log="/home/karl/tmp/otp_tests/logs/xmerl_test_logs/ct_run.ct@devbox.2012-11-19_15.49.06/tests.xmerl_test.logs/run.2012-11-19_15.49.40/xmerl_std_suite.content01.html"></testcase><testcase  name="cond02" time="0.033588" timestamp="2012-11-19T15:52:06" log="/home/karl/tmp/otp_tests/logs/xmerl_test_logs/ct_run.ct@devbox.2012-11-19_15.49.06/tests.xmerl_test.logs/run.2012-11-19_15.49.40/xmerl_std_suite.cond02.html"></testcase><testcase  name="cond01" time="0.033255" timestamp="2012-11-19T15:52:07" log="/home/karl/tmp/otp_tests/logs/xmerl_test_logs/ct_run.ct@devbox.2012-11-19_15.49.06/tests.xmerl_test.logs/run.2012-11-19_15.49.40/xmerl_std_suite.cond01.html"></testcase><testcase  name="attlist11" time="0.037232" timestamp="2012-11-19T15:52:07" log="/home/karl/tmp/otp_tests/logs/xmerl_test_logs/ct_run.ct@devbox.2012-11-19_15.49.06/tests.xmerl_test.logs/run.2012-11-19_15.49.40/xmerl_std_suite.attlist11.html"></testcase><testcase  name="attlist10" time="0.037798" timestamp="2012-11-19T15:52:07" log="/home/karl/tmp/otp_tests/logs/xmerl_test_logs/ct_run.ct@devbox.2012-11-19_15.49.06/tests.xmerl_test.logs/run.2012-11-19_15.49.40/xmerl_std_suite.attlist10.html"></testcase><testcase  name="attlist09" time="0.036533" timestamp="2012-11-19T15:52:07" log="/home/karl/tmp/otp_tests/logs/xmerl_test_logs/ct_run.ct@devbox.2012-11-19_15.49.06/tests.xmerl_test.logs/run.2012-11-19_15.49.40/xmerl_std_suite.attlist09.html"></testcase><testcase  name="attlist08" time="0.035684" timestamp="2012-11-19T15:52:07" log="/home/karl/tmp/otp_tests/logs/xmerl_test_logs/ct_run.ct@devbox.2012-11-19_15.49.06/tests.xmerl_test.logs/run.2012-11-19_15.49.40/xmerl_std_suite.attlist08.html"></testcase><testcase  name="attlist07" time="0.034413" timestamp="2012-11-19T15:52:07" log="/home/karl/tmp/otp_tests/logs/xmerl_test_logs/ct_run.ct@devbox.2012-11-19_15.49.06/tests.xmerl_test.logs/run.2012-11-19_15.49.40/xmerl_std_suite.attlist07.html"></testcase><testcase  name="attlist06" time="0.050849" timestamp="2012-11-19T15:52:07" log="/home/karl/tmp/otp_tests/logs/xmerl_test_logs/ct_run.ct@devbox.2012-11-19_15.49.06/tests.xmerl_test.logs/run.2012-11-19_15.49.40/xmerl_std_suite.attlist06.html"></testcase><testcase  name="attlist05" time="0.032310" timestamp="2012-11-19T15:52:07" log="/home/karl/tmp/otp_tests/logs/xmerl_test_logs/ct_run.ct@devbox.2012-11-19_15.49.06/tests.xmerl_test.logs/run.2012-11-19_15.49.40/xmerl_std_suite.attlist05.html"></testcase><testcase  name="attlist04" time="0.038019" timestamp="2012-11-19T15:52:07" log="/home/karl/tmp/otp_tests/logs/xmerl_test_logs/ct_run.ct@devbox.2012-11-19_15.49.06/tests.xmerl_test.logs/run.2012-11-19_15.49.40/xmerl_std_suite.attlist04.html"></testcase><testcase  name="attlist03" time="0.088210" timestamp="2012-11-19T15:52:07" log="/home/karl/tmp/otp_tests/logs/xmerl_test_logs/ct_run.ct@devbox.2012-11-19_15.49.06/tests.xmerl_test.logs/run.2012-11-19_15.49.40/xmerl_std_suite.attlist03.html"></testcase><testcase  name="attlist02" time="0.039198" timestamp="2012-11-19T15:52:08" log="/home/karl/tmp/otp_tests/logs/xmerl_test_logs/ct_run.ct@devbox.2012-11-19_15.49.06/tests.xmerl_test.logs/run.2012-11-19_15.49.40/xmerl_std_suite.attlist02.html"></testcase><testcase  name="attlist01" time="0.037856" timestamp="2012-11-19T15:52:08" log="/home/karl/tmp/otp_tests/logs/xmerl_test_logs/ct_run.ct@devbox.2012-11-19_15.49.06/tests.xmerl_test.logs/run.2012-11-19_15.49.40/xmerl_std_suite.attlist01.html"></testcase><testcase  name="not-wf-sa03" time="0.040846" timestamp="2012-11-19T15:52:08" log="/home/karl/tmp/otp_tests/logs/xmerl_test_logs/ct_run.ct@devbox.2012-11-19_15.49.06/tests.xmerl_test.logs/run.2012-11-19_15.49.40/xmerl_std_suite.not-wf-sa03.html"></testcase><testcase  name="uri01" time="0.028162" timestamp="2012-11-19T15:52:08" log="/home/karl/tmp/otp_tests/logs/xmerl_test_logs/ct_run.ct@devbox.2012-11-19_15.49.06/tests.xmerl_test.logs/run.2012-11-19_15.49.40/xmerl_std_suite.uri01.html"><skipped type="skip" message="Test uri01 in xmerl_std_SUITE skipped!">{tc_user_skip,{skipped,[&quot;URI fragments disallowed&quot;]}}</skipped></testcase><testcase  name="valid-ext-sa-014" time="0.043978" timestamp="2012-11-19T15:52:08" log="/home/karl/tmp/otp_tests/logs/xmerl_test_logs/ct_run.ct@devbox.2012-11-19_15.49.06/tests.xmerl_test.logs/run.2012-11-19_15.49.40/xmerl_std_suite.valid-ext-sa-014.html"></testcase><testcase  name="valid-ext-sa-013" time="0.035431" timestamp="2012-11-19T15:52:08" log="/home/karl/tmp/otp_tests/logs/xmerl_test_logs/ct_run.ct@devbox.2012-11-19_15.49.06/tests.xmerl_test.logs/run.2012-11-19_15.49.40/xmerl_std_suite.valid-ext-sa-013.html"></testcase><testcase  name="valid-ext-sa-012" time="0.033379" timestamp="2012-11-19T15:52:08" log="/home/karl/tmp/otp_tests/logs/xmerl_test_logs/ct_run.ct@devbox.2012-11-19_15.49.06/tests.xmerl_test.logs/run.2012-11-19_15.49.40/xmerl_std_suite.valid-ext-sa-012.html"></testcase><testcase  name="valid-ext-sa-011" time="0.045241" timestamp="2012-11-19T15:52:08" log="/home/karl/tmp/otp_tests/logs/xmerl_test_logs/ct_run.ct@devbox.2012-11-19_15.49.06/tests.xmerl_test.logs/run.2012-11-19_15.49.40/xmerl_std_suite.valid-ext-sa-011.html"></testcase><testcase  name="valid-ext-sa-009" time="0.033917" timestamp="2012-11-19T15:52:08" log="/home/karl/tmp/otp_tests/logs/xmerl_test_logs/ct_run.ct@devbox.2012-11-19_15.49.06/tests.xmerl_test.logs/run.2012-11-19_15.49.40/xmerl_std_suite.valid-ext-sa-009.html"></testcase><testcase  name="valid-ext-sa-008" time="0.031982" timestamp="2012-11-19T15:52:09" log="/home/karl/tmp/otp_tests/logs/xmerl_test_logs/ct_run.ct@devbox.2012-11-19_15.49.06/tests.xmerl_test.logs/run.2012-11-19_15.49.40/xmerl_std_suite.valid-ext-sa-008.html"></testcase><testcase  name="valid-ext-sa-007" time="0.032613" timestamp="2012-11-19T15:52:09" log="/home/karl/tmp/otp_tests/logs/xmerl_test_logs/ct_run.ct@devbox.2012-11-19_15.49.06/tests.xmerl_test.logs/run.2012-11-19_15.49.40/xmerl_std_suite.valid-ext-sa-007.html"></testcase><testcase  name="valid-ext-sa-006" time="0.032898" timestamp="2012-11-19T15:52:09" log="/home/karl/tmp/otp_tests/logs/xmerl_test_logs/ct_run.ct@devbox.2012-11-19_15.49.06/tests.xmerl_test.logs/run.2012-11-19_15.49.40/xmerl_std_suite.valid-ext-sa-006.html"></testcase><testcase  name="valid-ext-sa-005" time="0.031536" timestamp="2012-11-19T15:52:09" log="/home/karl/tmp/otp_tests/logs/xmerl_test_logs/ct_run.ct@devbox.2012-11-19_15.49.06/tests.xmerl_test.logs/run.2012-11-19_15.49.40/xmerl_std_suite.valid-ext-sa-005.html"></testcase><testcase  name="valid-ext-sa-004" time="0.032279" timestamp="2012-11-19T15:52:09" log="/home/karl/tmp/otp_tests/logs/xmerl_test_logs/ct_run.ct@devbox.2012-11-19_15.49.06/tests.xmerl_test.logs/run.2012-11-19_15.49.40/xmerl_std_suite.valid-ext-sa-004.html"></testcase><testcase  name="valid-ext-sa-003" time="0.032222" timestamp="2012-11-19T15:52:09" log="/home/karl/tmp/otp_tests/logs/xmerl_test_logs/ct_run.ct@devbox.2012-11-19_15.49.06/tests.xmerl_test.logs/run.2012-11-19_15.49.40/xmerl_std_suite.valid-ext-sa-003.html"></testcase><testcase  name="valid-ext-sa-002" time="0.032891" timestamp="2012-11-19T15:52:09" log="/home/karl/tmp/otp_tests/logs/xmerl_test_logs/ct_run.ct@devbox.2012-11-19_15.49.06/tests.xmerl_test.logs/run.2012-11-19_15.49.40/xmerl_std_suite.valid-ext-sa-002.html"></testcase><testcase  name="valid-ext-sa-001" time="0.047475" timestamp="2012-11-19T15:52:09" log="/home/karl/tmp/otp_tests/logs/xmerl_test_logs/ct_run.ct@devbox.2012-11-19_15.49.06/tests.xmerl_test.logs/run.2012-11-19_15.49.40/xmerl_std_suite.valid-ext-sa-001.html"></testcase><testcase  name="valid-not-sa-031" time="0.036938" timestamp="2012-11-19T15:52:09" log="/home/karl/tmp/otp_tests/logs/xmerl_test_logs/ct_run.ct@devbox.2012-11-19_15.49.06/tests.xmerl_test.logs/run.2012-11-19_15.49.40/xmerl_std_suite.valid-not-sa-031.html"></testcase><testcase  name="valid-not-sa-030" time="0.091806" timestamp="2012-11-19T15:52:09" log="/home/karl/tmp/otp_tests/logs/xmerl_test_logs/ct_run.ct@devbox.2012-11-19_15.49.06/tests.xmerl_test.logs/run.2012-11-19_15.49.40/xmerl_std_suite.valid-not-sa-030.html"></testcase><testcase  name="valid-not-sa-029" time="0.038827" timestamp="2012-11-19T15:52:09" log="/home/karl/tmp/otp_tests/logs/xmerl_test_logs/ct_run.ct@devbox.2012-11-19_15.49.06/tests.xmerl_test.logs/run.2012-11-19_15.49.40/xmerl_std_suite.valid-not-sa-029.html"></testcase><testcase  name="valid-not-sa-028" time="0.044833" timestamp="2012-11-19T15:52:10" log="/home/karl/tmp/otp_tests/logs/xmerl_test_logs/ct_run.ct@devbox.2012-11-19_15.49.06/tests.xmerl_test.logs/run.2012-11-19_15.49.40/xmerl_std_suite.valid-not-sa-028.html"></testcase><testcase  name="valid-not-sa-027" time="0.039535" timestamp="2012-11-19T15:52:10" log="/home/karl/tmp/otp_tests/logs/xmerl_test_logs/ct_run.ct@devbox.2012-11-19_15.49.06/tests.xmerl_test.logs/run.2012-11-19_15.49.40/xmerl_std_suite.valid-not-sa-027.html"></testcase><testcase  name="valid-not-sa-026" time="0.041649" timestamp="2012-11-19T15:52:10" log="/home/karl/tmp/otp_tests/logs/xmerl_test_logs/ct_run.ct@devbox.2012-11-19_15.49.06/tests.xmerl_test.logs/run.2012-11-19_15.49.40/xmerl_std_suite.valid-not-sa-026.html"></testcase><testcase  name="valid-not-sa-025" time="0.044175" timestamp="2012-11-19T15:52:10" log="/home/karl/tmp/otp_tests/logs/xmerl_test_logs/ct_run.ct@devbox.2012-11-19_15.49.06/tests.xmerl_test.logs/run.2012-11-19_15.49.40/xmerl_std_suite.valid-not-sa-025.html"></testcase><testcase  name="valid-not-sa-024" time="0.042329" timestamp="2012-11-19T15:52:10" log="/home/karl/tmp/otp_tests/logs/xmerl_test_logs/ct_run.ct@devbox.2012-11-19_15.49.06/tests.xmerl_test.logs/run.2012-11-19_15.49.40/xmerl_std_suite.valid-not-sa-024.html"></testcase><testcase  name="valid-not-sa-023" time="0.048277" timestamp="2012-11-19T15:52:10" log="/home/karl/tmp/otp_tests/logs/xmerl_test_logs/ct_run.ct@devbox.2012-11-19_15.49.06/tests.xmerl_test.logs/run.2012-11-19_15.49.40/xmerl_std_suite.valid-not-sa-023.html"></testcase><testcase  name="valid-not-sa-021" time="0.055419" timestamp="2012-11-19T15:52:10" log="/home/karl/tmp/otp_tests/logs/xmerl_test_logs/ct_run.ct@devbox.2012-11-19_15.49.06/tests.xmerl_test.logs/run.2012-11-19_15.49.40/xmerl_std_suite.valid-not-sa-021.html"></testcase><testcase  name="valid-not-sa-020" time="0.042204" timestamp="2012-11-19T15:52:10" log="/home/karl/tmp/otp_tests/logs/xmerl_test_logs/ct_run.ct@devbox.2012-11-19_15.49.06/tests.xmerl_test.logs/run.2012-11-19_15.49.40/xmerl_std_suite.valid-not-sa-020.html"></testcase><testcase  name="valid-not-sa-019" time="0.036069" timestamp="2012-11-19T15:52:10" log="/home/karl/tmp/otp_tests/logs/xmerl_test_logs/ct_run.ct@devbox.2012-11-19_15.49.06/tests.xmerl_test.logs/run.2012-11-19_15.49.40/xmerl_std_suite.valid-not-sa-019.html"></testcase><testcase  name="valid-not-sa-018" time="0.033189" timestamp="2012-11-19T15:52:11" log="/home/karl/tmp/otp_tests/logs/xmerl_test_logs/ct_run.ct@devbox.2012-11-19_15.49.06/tests.xmerl_test.logs/run.2012-11-19_15.49.40/xmerl_std_suite.valid-not-sa-018.html"></testcase><testcase  name="valid-not-sa-017" time="0.033315" timestamp="2012-11-19T15:52:11" log="/home/karl/tmp/otp_tests/logs/xmerl_test_logs/ct_run.ct@devbox.2012-11-19_15.49.06/tests.xmerl_test.logs/run.2012-11-19_15.49.40/xmerl_std_suite.valid-not-sa-017.html"></testcase><testcase  name="valid-not-sa-016" time="0.047921" timestamp="2012-11-19T15:52:11" log="/home/karl/tmp/otp_tests/logs/xmerl_test_logs/ct_run.ct@devbox.2012-11-19_15.49.06/tests.xmerl_test.logs/run.2012-11-19_15.49.40/xmerl_std_suite.valid-not-sa-016.html"></testcase><testcase  name="valid-not-sa-015" time="0.040704" timestamp="2012-11-19T15:52:11" log="/home/karl/tmp/otp_tests/logs/xmerl_test_logs/ct_run.ct@devbox.2012-11-19_15.49.06/tests.xmerl_test.logs/run.2012-11-19_15.49.40/xmerl_std_suite.valid-not-sa-015.html"></testcase><testcase  name="valid-not-sa-014" time="0.044537" timestamp="2012-11-19T15:52:11" log="/home/karl/tmp/otp_tests/logs/xmerl_test_logs/ct_run.ct@devbox.2012-11-19_15.49.06/tests.xmerl_test.logs/run.2012-11-19_15.49.40/xmerl_std_suite.valid-not-sa-014.html"></testcase><testcase  name="valid-not-sa-013" time="0.033742" timestamp="2012-11-19T15:52:11" log="/home/karl/tmp/otp_tests/logs/xmerl_test_logs/ct_run.ct@devbox.2012-11-19_15.49.06/tests.xmerl_test.logs/run.2012-11-19_15.49.40/xmerl_std_suite.valid-not-sa-013.html"></testcase><testcase  name="valid-not-sa-012" time="0.056310" timestamp="2012-11-19T15:52:11" log="/home/karl/tmp/otp_tests/logs/xmerl_test_logs/ct_run.ct@devbox.2012-11-19_15.49.06/tests.xmerl_test.logs/run.2012-11-19_15.49.40/xmerl_std_suite.valid-not-sa-012.html"></testcase><testcase  name="valid-not-sa-011" time="0.037686" timestamp="2012-11-19T15:52:11" log="/home/karl/tmp/otp_tests/logs/xmerl_test_logs/ct_run.ct@devbox.2012-11-19_15.49.06/tests.xmerl_test.logs/run.2012-11-19_15.49.40/xmerl_std_suite.valid-not-sa-011.html"></testcase><testcase  name="valid-not-sa-010" time="0.041753" timestamp="2012-11-19T15:52:11" log="/home/karl/tmp/otp_tests/logs/xmerl_test_logs/ct_run.ct@devbox.2012-11-19_15.49.06/tests.xmerl_test.logs/run.2012-11-19_15.49.40/xmerl_std_suite.valid-not-sa-010.html"></testcase><testcase  name="valid-not-sa-009" time="0.035841" timestamp="2012-11-19T15:52:11" log="/home/karl/tmp/otp_tests/logs/xmerl_test_logs/ct_run.ct@devbox.2012-11-19_15.49.06/tests.xmerl_test.logs/run.2012-11-19_15.49.40/xmerl_std_suite.valid-not-sa-009.html"></testcase><testcase  name="valid-not-sa-008" time="0.034531" timestamp="2012-11-19T15:52:12" log="/home/karl/tmp/otp_tests/logs/xmerl_test_logs/ct_run.ct@devbox.2012-11-19_15.49.06/tests.xmerl_test.logs/run.2012-11-19_15.49.40/xmerl_std_suite.valid-not-sa-008.html"></testcase><testcase  name="valid-not-sa-007" time="0.034733" timestamp="2012-11-19T15:52:12" log="/home/karl/tmp/otp_tests/logs/xmerl_test_logs/ct_run.ct@devbox.2012-11-19_15.49.06/tests.xmerl_test.logs/run.2012-11-19_15.49.40/xmerl_std_suite.valid-not-sa-007.html"></testcase><testcase  name="valid-not-sa-006" time="0.108879" timestamp="2012-11-19T15:52:12" log="/home/karl/tmp/otp_tests/logs/xmerl_test_logs/ct_run.ct@devbox.2012-11-19_15.49.06/tests.xmerl_test.logs/run.2012-11-19_15.49.40/xmerl_std_suite.valid-not-sa-006.html"></testcase><testcase  name="valid-not-sa-005" time="0.033940" timestamp="2012-11-19T15:52:12" log="/home/karl/tmp/otp_tests/logs/xmerl_test_logs/ct_run.ct@devbox.2012-11-19_15.49.06/tests.xmerl_test.logs/run.2012-11-19_15.49.40/xmerl_std_suite.valid-not-sa-005.html"></testcase><testcase  name="valid-not-sa-004" time="0.034803" timestamp="2012-11-19T15:52:12" log="/home/karl/tmp/otp_tests/logs/xmerl_test_logs/ct_run.ct@devbox.2012-11-19_15.49.06/tests.xmerl_test.logs/run.2012-11-19_15.49.40/xmerl_std_suite.valid-not-sa-004.html"></testcase><testcase  name="valid-not-sa-003" time="0.046257" timestamp="2012-11-19T15:52:12" log="/home/karl/tmp/otp_tests/logs/xmerl_test_logs/ct_run.ct@devbox.2012-11-19_15.49.06/tests.xmerl_test.logs/run.2012-11-19_15.49.40/xmerl_std_suite.valid-not-sa-003.html"></testcase><testcase  name="valid-not-sa-002" time="0.034288" timestamp="2012-11-19T15:52:12" log="/home/karl/tmp/otp_tests/logs/xmerl_test_logs/ct_run.ct@devbox.2012-11-19_15.49.06/tests.xmerl_test.logs/run.2012-11-19_15.49.40/xmerl_std_suite.valid-not-sa-002.html"></testcase><testcase  name="valid-not-sa-001" time="0.034287" timestamp="2012-11-19T15:52:12" log="/home/karl/tmp/otp_tests/logs/xmerl_test_logs/ct_run.ct@devbox.2012-11-19_15.49.06/tests.xmerl_test.logs/run.2012-11-19_15.49.40/xmerl_std_suite.valid-not-sa-001.html"></testcase><testcase  name="valid-sa-119" time="0.034675" timestamp="2012-11-19T15:52:12" log="/home/karl/tmp/otp_tests/logs/xmerl_test_logs/ct_run.ct@devbox.2012-11-19_15.49.06/tests.xmerl_test.logs/run.2012-11-19_15.49.40/xmerl_std_suite.valid-sa-119.html"></testcase><testcase  name="valid-sa-118" time="0.034750" timestamp="2012-11-19T15:52:13" log="/home/karl/tmp/otp_tests/logs/xmerl_test_logs/ct_run.ct@devbox.2012-11-19_15.49.06/tests.xmerl_test.logs/run.2012-11-19_15.49.40/xmerl_std_suite.valid-sa-118.html"></testcase><testcase  name="valid-sa-117" time="0.034550" timestamp="2012-11-19T15:52:13" log="/home/karl/tmp/otp_tests/logs/xmerl_test_logs/ct_run.ct@devbox.2012-11-19_15.49.06/tests.xmerl_test.logs/run.2012-11-19_15.49.40/xmerl_std_suite.valid-sa-117.html"></testcase><testcase  name="valid-sa-116" time="0.035526" timestamp="2012-11-19T15:52:13" log="/home/karl/tmp/otp_tests/logs/xmerl_test_logs/ct_run.ct@devbox.2012-11-19_15.49.06/tests.xmerl_test.logs/run.2012-11-19_15.49.40/xmerl_std_suite.valid-sa-116.html"></testcase><testcase  name="valid-sa-115" time="0.034290" timestamp="2012-11-19T15:52:13" log="/home/karl/tmp/otp_tests/logs/xmerl_test_logs/ct_run.ct@devbox.2012-11-19_15.49.06/tests.xmerl_test.logs/run.2012-11-19_15.49.40/xmerl_std_suite.valid-sa-115.html"></testcase><testcase  name="valid-sa-114" time="0.034181" timestamp="2012-11-19T15:52:13" log="/home/karl/tmp/otp_tests/logs/xmerl_test_logs/ct_run.ct@devbox.2012-11-19_15.49.06/tests.xmerl_test.logs/run.2012-11-19_15.49.40/xmerl_std_suite.valid-sa-114.html"></testcase><testcase  name="valid-sa-113" time="0.033984" timestamp="2012-11-19T15:52:13" log="/home/karl/tmp/otp_tests/logs/xmerl_test_logs/ct_run.ct@devbox.2012-11-19_15.49.06/tests.xmerl_test.logs/run.2012-11-19_15.49.40/xmerl_std_suite.valid-sa-113.html"></testcase><testcase  name="valid-sa-112" time="0.035095" timestamp="2012-11-19T15:52:13" log="/home/karl/tmp/otp_tests/logs/xmerl_test_logs/ct_run.ct@devbox.2012-11-19_15.49.06/tests.xmerl_test.logs/run.2012-11-19_15.49.40/xmerl_std_suite.valid-sa-112.html"></testcase><testcase  name="valid-sa-111" time="0.044526" timestamp="2012-11-19T15:52:13" log="/home/karl/tmp/otp_tests/logs/xmerl_test_logs/ct_run.ct@devbox.2012-11-19_15.49.06/tests.xmerl_test.logs/run.2012-11-19_15.49.40/xmerl_std_suite.valid-sa-111.html"></testcase><testcase  name="valid-sa-110" time="0.038355" timestamp="2012-11-19T15:52:13" log="/home/karl/tmp/otp_tests/logs/xmerl_test_logs/ct_run.ct@devbox.2012-11-19_15.49.06/tests.xmerl_test.logs/run.2012-11-19_15.49.40/xmerl_std_suite.valid-sa-110.html"></testcase><testcase  name="valid-sa-109" time="0.034949" timestamp="2012-11-19T15:52:13" log="/home/karl/tmp/otp_tests/logs/xmerl_test_logs/ct_run.ct@devbox.2012-11-19_15.49.06/tests.xmerl_test.logs/run.2012-11-19_15.49.40/xmerl_std_suite.valid-sa-109.html"></testcase><testcase  name="valid-sa-108" time="0.035684" timestamp="2012-11-19T15:52:13" log="/home/karl/tmp/otp_tests/logs/xmerl_test_logs/ct_run.ct@devbox.2012-11-19_15.49.06/tests.xmerl_test.logs/run.2012-11-19_15.49.40/xmerl_std_suite.valid-sa-108.html"></testcase><testcase  name="valid-sa-107" time="0.035290" timestamp="2012-11-19T15:52:14" log="/home/karl/tmp/otp_tests/logs/xmerl_test_logs/ct_run.ct@devbox.2012-11-19_15.49.06/tests.xmerl_test.logs/run.2012-11-19_15.49.40/xmerl_std_suite.valid-sa-107.html"></testcase><testcase  name="valid-sa-106" time="0.035451" timestamp="2012-11-19T15:52:14" log="/home/karl/tmp/otp_tests/logs/xmerl_test_logs/ct_run.ct@devbox.2012-11-19_15.49.06/tests.xmerl_test.logs/run.2012-11-19_15.49.40/xmerl_std_suite.valid-sa-106.html"></testcase><testcase  name="valid-sa-105" time="0.035111" timestamp="2012-11-19T15:52:14" log="/home/karl/tmp/otp_tests/logs/xmerl_test_logs/ct_run.ct@devbox.2012-11-19_15.49.06/tests.xmerl_test.logs/run.2012-11-19_15.49.40/xmerl_std_suite.valid-sa-105.html"></testcase><testcase  name="valid-sa-104" time="0.035546" timestamp="2012-11-19T15:52:14" log="/home/karl/tmp/otp_tests/logs/xmerl_test_logs/ct_run.ct@devbox.2012-11-19_15.49.06/tests.xmerl_test.logs/run.2012-11-19_15.49.40/xmerl_std_suite.valid-sa-104.html"></testcase><testcase  name="valid-sa-103" time="0.036106" timestamp="2012-11-19T15:52:14" log="/home/karl/tmp/otp_tests/logs/xmerl_test_logs/ct_run.ct@devbox.2012-11-19_15.49.06/tests.xmerl_test.logs/run.2012-11-19_15.49.40/xmerl_std_suite.valid-sa-103.html"></testcase><testcase  name="valid-sa-102" time="0.035954" timestamp="2012-11-19T15:52:14" log="/home/karl/tmp/otp_tests/logs/xmerl_test_logs/ct_run.ct@devbox.2012-11-19_15.49.06/tests.xmerl_test.logs/run.2012-11-19_15.49.40/xmerl_std_suite.valid-sa-102.html"></testcase><testcase  name="valid-sa-101" time="0.036105" timestamp="2012-11-19T15:52:14" log="/home/karl/tmp/otp_tests/logs/xmerl_test_logs/ct_run.ct@devbox.2012-11-19_15.49.06/tests.xmerl_test.logs/run.2012-11-19_15.49.40/xmerl_std_suite.valid-sa-101.html"></testcase><testcase  name="valid-sa-100" time="0.039865" timestamp="2012-11-19T15:52:14" log="/home/karl/tmp/otp_tests/logs/xmerl_test_logs/ct_run.ct@devbox.2012-11-19_15.49.06/tests.xmerl_test.logs/run.2012-11-19_15.49.40/xmerl_std_suite.valid-sa-100.html"><skipped type="skip" message="Test valid-sa-100 in xmerl_std_SUITE skipped!">{tc_user_skip,{skipped,[&quot;recursive xml spec&quot;]}}</skipped></testcase><testcase  name="valid-sa-099" time="0.102073" timestamp="2012-11-19T15:52:14" log="/home/karl/tmp/otp_tests/logs/xmerl_test_logs/ct_run.ct@devbox.2012-11-19_15.49.06/tests.xmerl_test.logs/run.2012-11-19_15.49.40/xmerl_std_suite.valid-sa-099.html"></testcase><testcase  name="valid-sa-098" time="0.033356" timestamp="2012-11-19T15:52:15" log="/home/karl/tmp/otp_tests/logs/xmerl_test_logs/ct_run.ct@devbox.2012-11-19_15.49.06/tests.xmerl_test.logs/run.2012-11-19_15.49.40/xmerl_std_suite.valid-sa-098.html"></testcase><testcase  name="valid-sa-097" time="0.038524" timestamp="2012-11-19T15:52:15" log="/home/karl/tmp/otp_tests/logs/xmerl_test_logs/ct_run.ct@devbox.2012-11-19_15.49.06/tests.xmerl_test.logs/run.2012-11-19_15.49.40/xmerl_std_suite.valid-sa-097.html"></testcase><testcase  name="valid-sa-096" time="0.034108" timestamp="2012-11-19T15:52:15" log="/home/karl/tmp/otp_tests/logs/xmerl_test_logs/ct_run.ct@devbox.2012-11-19_15.49.06/tests.xmerl_test.logs/run.2012-11-19_15.49.40/xmerl_std_suite.valid-sa-096.html"></testcase><testcase  name="valid-sa-095" time="0.034785" timestamp="2012-11-19T15:52:15" log="/home/karl/tmp/otp_tests/logs/xmerl_test_logs/ct_run.ct@devbox.2012-11-19_15.49.06/tests.xmerl_test.logs/run.2012-11-19_15.49.40/xmerl_std_suite.valid-sa-095.html"></testcase><testcase  name="valid-sa-094" time="0.036762" timestamp="2012-11-19T15:52:15" log="/home/karl/tmp/otp_tests/logs/xmerl_test_logs/ct_run.ct@devbox.2012-11-19_15.49.06/tests.xmerl_test.logs/run.2012-11-19_15.49.40/xmerl_std_suite.valid-sa-094.html"></testcase><testcase  name="valid-sa-093" time="0.035742" timestamp="2012-11-19T15:52:15" log="/home/karl/tmp/otp_tests/logs/xmerl_test_logs/ct_run.ct@devbox.2012-11-19_15.49.06/tests.xmerl_test.logs/run.2012-11-19_15.49.40/xmerl_std_suite.valid-sa-093.html"></testcase><testcase  name="valid-sa-092" time="0.036974" timestamp="2012-11-19T15:52:15" log="/home/karl/tmp/otp_tests/logs/xmerl_test_logs/ct_run.ct@devbox.2012-11-19_15.49.06/tests.xmerl_test.logs/run.2012-11-19_15.49.40/xmerl_std_suite.valid-sa-092.html"></testcase><testcase  name="valid-sa-091" time="0.035296" timestamp="2012-11-19T15:52:15" log="/home/karl/tmp/otp_tests/logs/xmerl_test_logs/ct_run.ct@devbox.2012-11-19_15.49.06/tests.xmerl_test.logs/run.2012-11-19_15.49.40/xmerl_std_suite.valid-sa-091.html"></testcase><testcase  name="valid-sa-090" time="0.036525" timestamp="2012-11-19T15:52:15" log="/home/karl/tmp/otp_tests/logs/xmerl_test_logs/ct_run.ct@devbox.2012-11-19_15.49.06/tests.xmerl_test.logs/run.2012-11-19_15.49.40/xmerl_std_suite.valid-sa-090.html"></testcase><testcase  name="valid-sa-089" time="0.035469" timestamp="2012-11-19T15:52:15" log="/home/karl/tmp/otp_tests/logs/xmerl_test_logs/ct_run.ct@devbox.2012-11-19_15.49.06/tests.xmerl_test.logs/run.2012-11-19_15.49.40/xmerl_std_suite.valid-sa-089.html"></testcase><testcase  name="valid-sa-088" time="0.035622" timestamp="2012-11-19T15:52:15" log="/home/karl/tmp/otp_tests/logs/xmerl_test_logs/ct_run.ct@devbox.2012-11-19_15.49.06/tests.xmerl_test.logs/run.2012-11-19_15.49.40/xmerl_std_suite.valid-sa-088.html"></testcase><testcase  name="valid-sa-087" time="0.034548" timestamp="2012-11-19T15:52:16" log="/home/karl/tmp/otp_tests/logs/xmerl_test_logs/ct_run.ct@devbox.2012-11-19_15.49.06/tests.xmerl_test.logs/run.2012-11-19_15.49.40/xmerl_std_suite.valid-sa-087.html"></testcase><testcase  name="valid-sa-086" time="0.039077" timestamp="2012-11-19T15:52:16" log="/home/karl/tmp/otp_tests/logs/xmerl_test_logs/ct_run.ct@devbox.2012-11-19_15.49.06/tests.xmerl_test.logs/run.2012-11-19_15.49.40/xmerl_std_suite.valid-sa-086.html"></testcase><testcase  name="valid-sa-085" time="0.035382" timestamp="2012-11-19T15:52:16" log="/home/karl/tmp/otp_tests/logs/xmerl_test_logs/ct_run.ct@devbox.2012-11-19_15.49.06/tests.xmerl_test.logs/run.2012-11-19_15.49.40/xmerl_std_suite.valid-sa-085.html"></testcase><testcase  name="valid-sa-084" time="0.035391" timestamp="2012-11-19T15:52:16" log="/home/karl/tmp/otp_tests/logs/xmerl_test_logs/ct_run.ct@devbox.2012-11-19_15.49.06/tests.xmerl_test.logs/run.2012-11-19_15.49.40/xmerl_std_suite.valid-sa-084.html"></testcase><testcase  name="valid-sa-083" time="0.034574" timestamp="2012-11-19T15:52:16" log="/home/karl/tmp/otp_tests/logs/xmerl_test_logs/ct_run.ct@devbox.2012-11-19_15.49.06/tests.xmerl_test.logs/run.2012-11-19_15.49.40/xmerl_std_suite.valid-sa-083.html"></testcase><testcase  name="valid-sa-082" time="0.034877" timestamp="2012-11-19T15:52:16" log="/home/karl/tmp/otp_tests/logs/xmerl_test_logs/ct_run.ct@devbox.2012-11-19_15.49.06/tests.xmerl_test.logs/run.2012-11-19_15.49.40/xmerl_std_suite.valid-sa-082.html"></testcase><testcase  name="valid-sa-081" time="0.036104" timestamp="2012-11-19T15:52:16" log="/home/karl/tmp/otp_tests/logs/xmerl_test_logs/ct_run.ct@devbox.2012-11-19_15.49.06/tests.xmerl_test.logs/run.2012-11-19_15.49.40/xmerl_std_suite.valid-sa-081.html"></testcase><testcase  name="valid-sa-080" time="0.035104" timestamp="2012-11-19T15:52:16" log="/home/karl/tmp/otp_tests/logs/xmerl_test_logs/ct_run.ct@devbox.2012-11-19_15.49.06/tests.xmerl_test.logs/run.2012-11-19_15.49.40/xmerl_std_suite.valid-sa-080.html"></testcase><testcase  name="valid-sa-079" time="0.042366" timestamp="2012-11-19T15:52:16" log="/home/karl/tmp/otp_tests/logs/xmerl_test_logs/ct_run.ct@devbox.2012-11-19_15.49.06/tests.xmerl_test.logs/run.2012-11-19_15.49.40/xmerl_std_suite.valid-sa-079.html"></testcase><testcase  name="valid-sa-078" time="0.034559" timestamp="2012-11-19T15:52:16" log="/home/karl/tmp/otp_tests/logs/xmerl_test_logs/ct_run.ct@devbox.2012-11-19_15.49.06/tests.xmerl_test.logs/run.2012-11-19_15.49.40/xmerl_std_suite.valid-sa-078.html"></testcase><testcase  name="valid-sa-077" time="0.038072" timestamp="2012-11-19T15:52:16" log="/home/karl/tmp/otp_tests/logs/xmerl_test_logs/ct_run.ct@devbox.2012-11-19_15.49.06/tests.xmerl_test.logs/run.2012-11-19_15.49.40/xmerl_std_suite.valid-sa-077.html"></testcase><testcase  name="valid-sa-076" time="0.034999" timestamp="2012-11-19T15:52:17" log="/home/karl/tmp/otp_tests/logs/xmerl_test_logs/ct_run.ct@devbox.2012-11-19_15.49.06/tests.xmerl_test.logs/run.2012-11-19_15.49.40/xmerl_std_suite.valid-sa-076.html"></testcase><testcase  name="valid-sa-075" time="0.035566" timestamp="2012-11-19T15:52:17" log="/home/karl/tmp/otp_tests/logs/xmerl_test_logs/ct_run.ct@devbox.2012-11-19_15.49.06/tests.xmerl_test.logs/run.2012-11-19_15.49.40/xmerl_std_suite.valid-sa-075.html"></testcase><testcase  name="valid-sa-074" time="0.046678" timestamp="2012-11-19T15:52:17" log="/home/karl/tmp/otp_tests/logs/xmerl_test_logs/ct_run.ct@devbox.2012-11-19_15.49.06/tests.xmerl_test.logs/run.2012-11-19_15.49.40/xmerl_std_suite.valid-sa-074.html"></testcase><testcase  name="valid-sa-073" time="0.038067" timestamp="2012-11-19T15:52:17" log="/home/karl/tmp/otp_tests/logs/xmerl_test_logs/ct_run.ct@devbox.2012-11-19_15.49.06/tests.xmerl_test.logs/run.2012-11-19_15.49.40/xmerl_std_suite.valid-sa-073.html"></testcase><testcase  name="valid-sa-072" time="0.046509" timestamp="2012-11-19T15:52:17" log="/home/karl/tmp/otp_tests/logs/xmerl_test_logs/ct_run.ct@devbox.2012-11-19_15.49.06/tests.xmerl_test.logs/run.2012-11-19_15.49.40/xmerl_std_suite.valid-sa-072.html"></testcase><testcase  name="valid-sa-071" time="0.035173" timestamp="2012-11-19T15:52:17" log="/home/karl/tmp/otp_tests/logs/xmerl_test_logs/ct_run.ct@devbox.2012-11-19_15.49.06/tests.xmerl_test.logs/run.2012-11-19_15.49.40/xmerl_std_suite.valid-sa-071.html"></testcase><testcase  name="valid-sa-070" time="0.045983" timestamp="2012-11-19T15:52:17" log="/home/karl/tmp/otp_tests/logs/xmerl_test_logs/ct_run.ct@devbox.2012-11-19_15.49.06/tests.xmerl_test.logs/run.2012-11-19_15.49.40/xmerl_std_suite.valid-sa-070.html"></testcase><testcase  name="valid-sa-069" time="0.036288" timestamp="2012-11-19T15:52:17" log="/home/karl/tmp/otp_tests/logs/xmerl_test_logs/ct_run.ct@devbox.2012-11-19_15.49.06/tests.xmerl_test.logs/run.2012-11-19_15.49.40/xmerl_std_suite.valid-sa-069.html"></testcase><testcase  name="valid-sa-068" time="0.036391" timestamp="2012-11-19T15:52:17" log="/home/karl/tmp/otp_tests/logs/xmerl_test_logs/ct_run.ct@devbox.2012-11-19_15.49.06/tests.xmerl_test.logs/run.2012-11-19_15.49.40/xmerl_std_suite.valid-sa-068.html"></testcase><testcase  name="valid-sa-067" time="0.040727" timestamp="2012-11-19T15:52:17" log="/home/karl/tmp/otp_tests/logs/xmerl_test_logs/ct_run.ct@devbox.2012-11-19_15.49.06/tests.xmerl_test.logs/run.2012-11-19_15.49.40/xmerl_std_suite.valid-sa-067.html"></testcase><testcase  name="valid-sa-066" time="0.036496" timestamp="2012-11-19T15:52:18" log="/home/karl/tmp/otp_tests/logs/xmerl_test_logs/ct_run.ct@devbox.2012-11-19_15.49.06/tests.xmerl_test.logs/run.2012-11-19_15.49.40/xmerl_std_suite.valid-sa-066.html"></testcase><testcase  name="valid-sa-065" time="0.049243" timestamp="2012-11-19T15:52:18" log="/home/karl/tmp/otp_tests/logs/xmerl_test_logs/ct_run.ct@devbox.2012-11-19_15.49.06/tests.xmerl_test.logs/run.2012-11-19_15.49.40/xmerl_std_suite.valid-sa-065.html"></testcase><testcase  name="valid-sa-064" time="0.033064" timestamp="2012-11-19T15:52:18" log="/home/karl/tmp/otp_tests/logs/xmerl_test_logs/ct_run.ct@devbox.2012-11-19_15.49.06/tests.xmerl_test.logs/run.2012-11-19_15.49.40/xmerl_std_suite.valid-sa-064.html"><skipped type="skip" message="Test valid-sa-064 in xmerl_std_SUITE skipped!">{tc_user_skip,{skipped,[&quot;Fails to handle UTF-8 encoded names, when they are converted to atoms&quot;]}}</skipped></testcase><testcase  name="valid-sa-063" time="0.035173" timestamp="2012-11-19T15:52:18" log="/home/karl/tmp/otp_tests/logs/xmerl_test_logs/ct_run.ct@devbox.2012-11-19_15.49.06/tests.xmerl_test.logs/run.2012-11-19_15.49.40/xmerl_std_suite.valid-sa-063.html"><skipped type="skip" message="Test valid-sa-063 in xmerl_std_SUITE skipped!">{tc_user_skip,{skipped,[&quot;Fails to handle Unicode integer (UTF-8) encoded names, when they are converted to atoms&quot;]}}</skipped></testcase><testcase  name="valid-sa-062" time="0.042309" timestamp="2012-11-19T15:52:18" log="/home/karl/tmp/otp_tests/logs/xmerl_test_logs/ct_run.ct@devbox.2012-11-19_15.49.06/tests.xmerl_test.logs/run.2012-11-19_15.49.40/xmerl_std_suite.valid-sa-062.html"></testcase><testcase  name="valid-sa-061" time="0.034181" timestamp="2012-11-19T15:52:18" log="/home/karl/tmp/otp_tests/logs/xmerl_test_logs/ct_run.ct@devbox.2012-11-19_15.49.06/tests.xmerl_test.logs/run.2012-11-19_15.49.40/xmerl_std_suite.valid-sa-061.html"></testcase><testcase  name="valid-sa-060" time="0.046141" timestamp="2012-11-19T15:52:18" log="/home/karl/tmp/otp_tests/logs/xmerl_test_logs/ct_run.ct@devbox.2012-11-19_15.49.06/tests.xmerl_test.logs/run.2012-11-19_15.49.40/xmerl_std_suite.valid-sa-060.html"></testcase><testcase  name="valid-sa-059" time="0.036448" timestamp="2012-11-19T15:52:18" log="/home/karl/tmp/otp_tests/logs/xmerl_test_logs/ct_run.ct@devbox.2012-11-19_15.49.06/tests.xmerl_test.logs/run.2012-11-19_15.49.40/xmerl_std_suite.valid-sa-059.html"></testcase><testcase  name="valid-sa-058" time="0.034829" timestamp="2012-11-19T15:52:18" log="/home/karl/tmp/otp_tests/logs/xmerl_test_logs/ct_run.ct@devbox.2012-11-19_15.49.06/tests.xmerl_test.logs/run.2012-11-19_15.49.40/xmerl_std_suite.valid-sa-058.html"></testcase><testcase  name="valid-sa-057" time="0.034215" timestamp="2012-11-19T15:52:19" log="/home/karl/tmp/otp_tests/logs/xmerl_test_logs/ct_run.ct@devbox.2012-11-19_15.49.06/tests.xmerl_test.logs/run.2012-11-19_15.49.40/xmerl_std_suite.valid-sa-057.html"></testcase><testcase  name="valid-sa-056" time="0.034656" timestamp="2012-11-19T15:52:19" log="/home/karl/tmp/otp_tests/logs/xmerl_test_logs/ct_run.ct@devbox.2012-11-19_15.49.06/tests.xmerl_test.logs/run.2012-11-19_15.49.40/xmerl_std_suite.valid-sa-056.html"></testcase><testcase  name="valid-sa-055" time="0.033545" timestamp="2012-11-19T15:52:19" log="/home/karl/tmp/otp_tests/logs/xmerl_test_logs/ct_run.ct@devbox.2012-11-19_15.49.06/tests.xmerl_test.logs/run.2012-11-19_15.49.40/xmerl_std_suite.valid-sa-055.html"></testcase><testcase  name="valid-sa-054" time="0.033642" timestamp="2012-11-19T15:52:19" log="/home/karl/tmp/otp_tests/logs/xmerl_test_logs/ct_run.ct@devbox.2012-11-19_15.49.06/tests.xmerl_test.logs/run.2012-11-19_15.49.40/xmerl_std_suite.valid-sa-054.html"></testcase><testcase  name="valid-sa-053" time="0.037085" timestamp="2012-11-19T15:52:19" log="/home/karl/tmp/otp_tests/logs/xmerl_test_logs/ct_run.ct@devbox.2012-11-19_15.49.06/tests.xmerl_test.logs/run.2012-11-19_15.49.40/xmerl_std_suite.valid-sa-053.html"></testcase><testcase  name="valid-sa-052" time="0.033601" timestamp="2012-11-19T15:52:19" log="/home/karl/tmp/otp_tests/logs/xmerl_test_logs/ct_run.ct@devbox.2012-11-19_15.49.06/tests.xmerl_test.logs/run.2012-11-19_15.49.40/xmerl_std_suite.valid-sa-052.html"></testcase><testcase  name="valid-sa-051" time="0.027615" timestamp="2012-11-19T15:52:19" log="/home/karl/tmp/otp_tests/logs/xmerl_test_logs/ct_run.ct@devbox.2012-11-19_15.49.06/tests.xmerl_test.logs/run.2012-11-19_15.49.40/xmerl_std_suite.valid-sa-051.html"><skipped type="skip" message="Test valid-sa-051 in xmerl_std_SUITE skipped!">{tc_user_skip,{skipped,[&quot;Fails to handle Unicode integer (UTF-16) encoded names, when they are converted to atoms&quot;]}}</skipped></testcase><testcase  name="valid-sa-050" time="0.038020" timestamp="2012-11-19T15:52:19" log="/home/karl/tmp/otp_tests/logs/xmerl_test_logs/ct_run.ct@devbox.2012-11-19_15.49.06/tests.xmerl_test.logs/run.2012-11-19_15.49.40/xmerl_std_suite.valid-sa-050.html"></testcase><testcase  name="valid-sa-049" time="0.034370" timestamp="2012-11-19T15:52:19" log="/home/karl/tmp/otp_tests/logs/xmerl_test_logs/ct_run.ct@devbox.2012-11-19_15.49.06/tests.xmerl_test.logs/run.2012-11-19_15.49.40/xmerl_std_suite.valid-sa-049.html"></testcase><testcase  name="valid-sa-048" time="0.054978" timestamp="2012-11-19T15:52:19" log="/home/karl/tmp/otp_tests/logs/xmerl_test_logs/ct_run.ct@devbox.2012-11-19_15.49.06/tests.xmerl_test.logs/run.2012-11-19_15.49.40/xmerl_std_suite.valid-sa-048.html"></testcase><testcase  name="valid-sa-047" time="0.035256" timestamp="2012-11-19T15:52:20" log="/home/karl/tmp/otp_tests/logs/xmerl_test_logs/ct_run.ct@devbox.2012-11-19_15.49.06/tests.xmerl_test.logs/run.2012-11-19_15.49.40/xmerl_std_suite.valid-sa-047.html"></testcase><testcase  name="valid-sa-046" time="0.035109" timestamp="2012-11-19T15:52:20" log="/home/karl/tmp/otp_tests/logs/xmerl_test_logs/ct_run.ct@devbox.2012-11-19_15.49.06/tests.xmerl_test.logs/run.2012-11-19_15.49.40/xmerl_std_suite.valid-sa-046.html"></testcase><testcase  name="valid-sa-045" time="0.033315" timestamp="2012-11-19T15:52:20" log="/home/karl/tmp/otp_tests/logs/xmerl_test_logs/ct_run.ct@devbox.2012-11-19_15.49.06/tests.xmerl_test.logs/run.2012-11-19_15.49.40/xmerl_std_suite.valid-sa-045.html"></testcase><testcase  name="valid-sa-044" time="0.033728" timestamp="2012-11-19T15:52:20" log="/home/karl/tmp/otp_tests/logs/xmerl_test_logs/ct_run.ct@devbox.2012-11-19_15.49.06/tests.xmerl_test.logs/run.2012-11-19_15.49.40/xmerl_std_suite.valid-sa-044.html"></testcase><testcase  name="valid-sa-043" time="0.033338" timestamp="2012-11-19T15:52:20" log="/home/karl/tmp/otp_tests/logs/xmerl_test_logs/ct_run.ct@devbox.2012-11-19_15.49.06/tests.xmerl_test.logs/run.2012-11-19_15.49.40/xmerl_std_suite.valid-sa-043.html"></testcase><testcase  name="valid-sa-042" time="0.033179" timestamp="2012-11-19T15:52:20" log="/home/karl/tmp/otp_tests/logs/xmerl_test_logs/ct_run.ct@devbox.2012-11-19_15.49.06/tests.xmerl_test.logs/run.2012-11-19_15.49.40/xmerl_std_suite.valid-sa-042.html"></testcase><testcase  name="valid-sa-041" time="0.034872" timestamp="2012-11-19T15:52:20" log="/home/karl/tmp/otp_tests/logs/xmerl_test_logs/ct_run.ct@devbox.2012-11-19_15.49.06/tests.xmerl_test.logs/run.2012-11-19_15.49.40/xmerl_std_suite.valid-sa-041.html"></testcase><testcase  name="valid-sa-040" time="0.032893" timestamp="2012-11-19T15:52:20" log="/home/karl/tmp/otp_tests/logs/xmerl_test_logs/ct_run.ct@devbox.2012-11-19_15.49.06/tests.xmerl_test.logs/run.2012-11-19_15.49.40/xmerl_std_suite.valid-sa-040.html"></testcase><testcase  name="valid-sa-039" time="0.038374" timestamp="2012-11-19T15:52:20" log="/home/karl/tmp/otp_tests/logs/xmerl_test_logs/ct_run.ct@devbox.2012-11-19_15.49.06/tests.xmerl_test.logs/run.2012-11-19_15.49.40/xmerl_std_suite.valid-sa-039.html"></testcase><testcase  name="valid-sa-038" time="0.035124" timestamp="2012-11-19T15:52:20" log="/home/karl/tmp/otp_tests/logs/xmerl_test_logs/ct_run.ct@devbox.2012-11-19_15.49.06/tests.xmerl_test.logs/run.2012-11-19_15.49.40/xmerl_std_suite.valid-sa-038.html"></testcase><testcase  name="valid-sa-037" time="0.035535" timestamp="2012-11-19T15:52:20" log="/home/karl/tmp/otp_tests/logs/xmerl_test_logs/ct_run.ct@devbox.2012-11-19_15.49.06/tests.xmerl_test.logs/run.2012-11-19_15.49.40/xmerl_std_suite.valid-sa-037.html"></testcase><testcase  name="valid-sa-036" time="0.035687" timestamp="2012-11-19T15:52:21" log="/home/karl/tmp/otp_tests/logs/xmerl_test_logs/ct_run.ct@devbox.2012-11-19_15.49.06/tests.xmerl_test.logs/run.2012-11-19_15.49.40/xmerl_std_suite.valid-sa-036.html"></testcase><testcase  name="valid-sa-035" time="0.036073" timestamp="2012-11-19T15:52:21" log="/home/karl/tmp/otp_tests/logs/xmerl_test_logs/ct_run.ct@devbox.2012-11-19_15.49.06/tests.xmerl_test.logs/run.2012-11-19_15.49.40/xmerl_std_suite.valid-sa-035.html"></testcase><testcase  name="valid-sa-034" time="0.036238" timestamp="2012-11-19T15:52:21" log="/home/karl/tmp/otp_tests/logs/xmerl_test_logs/ct_run.ct@devbox.2012-11-19_15.49.06/tests.xmerl_test.logs/run.2012-11-19_15.49.40/xmerl_std_suite.valid-sa-034.html"></testcase><testcase  name="valid-sa-033" time="0.035559" timestamp="2012-11-19T15:52:21" log="/home/karl/tmp/otp_tests/logs/xmerl_test_logs/ct_run.ct@devbox.2012-11-19_15.49.06/tests.xmerl_test.logs/run.2012-11-19_15.49.40/xmerl_std_suite.valid-sa-033.html"></testcase><testcase  name="valid-sa-032" time="0.036224" timestamp="2012-11-19T15:52:21" log="/home/karl/tmp/otp_tests/logs/xmerl_test_logs/ct_run.ct@devbox.2012-11-19_15.49.06/tests.xmerl_test.logs/run.2012-11-19_15.49.40/xmerl_std_suite.valid-sa-032.html"></testcase><testcase  name="valid-sa-031" time="0.040053" timestamp="2012-11-19T15:52:21" log="/home/karl/tmp/otp_tests/logs/xmerl_test_logs/ct_run.ct@devbox.2012-11-19_15.49.06/tests.xmerl_test.logs/run.2012-11-19_15.49.40/xmerl_std_suite.valid-sa-031.html"></testcase><testcase  name="valid-sa-030" time="0.037132" timestamp="2012-11-19T15:52:21" log="/home/karl/tmp/otp_tests/logs/xmerl_test_logs/ct_run.ct@devbox.2012-11-19_15.49.06/tests.xmerl_test.logs/run.2012-11-19_15.49.40/xmerl_std_suite.valid-sa-030.html"></testcase><testcase  name="valid-sa-029" time="0.051845" timestamp="2012-11-19T15:52:21" log="/home/karl/tmp/otp_tests/logs/xmerl_test_logs/ct_run.ct@devbox.2012-11-19_15.49.06/tests.xmerl_test.logs/run.2012-11-19_15.49.40/xmerl_std_suite.valid-sa-029.html"></testcase><testcase  name="valid-sa-028" time="0.037171" timestamp="2012-11-19T15:52:21" log="/home/karl/tmp/otp_tests/logs/xmerl_test_logs/ct_run.ct@devbox.2012-11-19_15.49.06/tests.xmerl_test.logs/run.2012-11-19_15.49.40/xmerl_std_suite.valid-sa-028.html"></testcase><testcase  name="valid-sa-027" time="0.036339" timestamp="2012-11-19T15:52:21" log="/home/karl/tmp/otp_tests/logs/xmerl_test_logs/ct_run.ct@devbox.2012-11-19_15.49.06/tests.xmerl_test.logs/run.2012-11-19_15.49.40/xmerl_std_suite.valid-sa-027.html"></testcase><testcase  name="valid-sa-026" time="0.037043" timestamp="2012-11-19T15:52:22" log="/home/karl/tmp/otp_tests/logs/xmerl_test_logs/ct_run.ct@devbox.2012-11-19_15.49.06/tests.xmerl_test.logs/run.2012-11-19_15.49.40/xmerl_std_suite.valid-sa-026.html"></testcase><testcase  name="valid-sa-025" time="0.037845" timestamp="2012-11-19T15:52:22" log="/home/karl/tmp/otp_tests/logs/xmerl_test_logs/ct_run.ct@devbox.2012-11-19_15.49.06/tests.xmerl_test.logs/run.2012-11-19_15.49.40/xmerl_std_suite.valid-sa-025.html"></testcase><testcase  name="valid-sa-024" time="0.038743" timestamp="2012-11-19T15:52:22" log="/home/karl/tmp/otp_tests/logs/xmerl_test_logs/ct_run.ct@devbox.2012-11-19_15.49.06/tests.xmerl_test.logs/run.2012-11-19_15.49.40/xmerl_std_suite.valid-sa-024.html"></testcase><testcase  name="valid-sa-023" time="0.038770" timestamp="2012-11-19T15:52:22" log="/home/karl/tmp/otp_tests/logs/xmerl_test_logs/ct_run.ct@devbox.2012-11-19_15.49.06/tests.xmerl_test.logs/run.2012-11-19_15.49.40/xmerl_std_suite.valid-sa-023.html"></testcase><testcase  name="valid-sa-022" time="0.038833" timestamp="2012-11-19T15:52:22" log="/home/karl/tmp/otp_tests/logs/xmerl_test_logs/ct_run.ct@devbox.2012-11-19_15.49.06/tests.xmerl_test.logs/run.2012-11-19_15.49.40/xmerl_std_suite.valid-sa-022.html"></testcase><testcase  name="valid-sa-021" time="0.036268" timestamp="2012-11-19T15:52:22" log="/home/karl/tmp/otp_tests/logs/xmerl_test_logs/ct_run.ct@devbox.2012-11-19_15.49.06/tests.xmerl_test.logs/run.2012-11-19_15.49.40/xmerl_std_suite.valid-sa-021.html"></testcase><testcase  name="valid-sa-020" time="0.037825" timestamp="2012-11-19T15:52:22" log="/home/karl/tmp/otp_tests/logs/xmerl_test_logs/ct_run.ct@devbox.2012-11-19_15.49.06/tests.xmerl_test.logs/run.2012-11-19_15.49.40/xmerl_std_suite.valid-sa-020.html"></testcase><testcase  name="valid-sa-019" time="0.040140" timestamp="2012-11-19T15:52:22" log="/home/karl/tmp/otp_tests/logs/xmerl_test_logs/ct_run.ct@devbox.2012-11-19_15.49.06/tests.xmerl_test.logs/run.2012-11-19_15.49.40/xmerl_std_suite.valid-sa-019.html"></testcase><testcase  name="valid-sa-018" time="0.035297" timestamp="2012-11-19T15:52:22" log="/home/karl/tmp/otp_tests/logs/xmerl_test_logs/ct_run.ct@devbox.2012-11-19_15.49.06/tests.xmerl_test.logs/run.2012-11-19_15.49.40/xmerl_std_suite.valid-sa-018.html"></testcase><testcase  name="valid-sa-017" time="0.040029" timestamp="2012-11-19T15:52:22" log="/home/karl/tmp/otp_tests/logs/xmerl_test_logs/ct_run.ct@devbox.2012-11-19_15.49.06/tests.xmerl_test.logs/run.2012-11-19_15.49.40/xmerl_std_suite.valid-sa-017.html"></testcase><testcase  name="valid-sa-016" time="0.036435" timestamp="2012-11-19T15:52:23" log="/home/karl/tmp/otp_tests/logs/xmerl_test_logs/ct_run.ct@devbox.2012-11-19_15.49.06/tests.xmerl_test.logs/run.2012-11-19_15.49.40/xmerl_std_suite.valid-sa-016.html"></testcase><testcase  name="valid-sa-015" time="0.036944" timestamp="2012-11-19T15:52:23" log="/home/karl/tmp/otp_tests/logs/xmerl_test_logs/ct_run.ct@devbox.2012-11-19_15.49.06/tests.xmerl_test.logs/run.2012-11-19_15.49.40/xmerl_std_suite.valid-sa-015.html"></testcase><testcase  name="valid-sa-014" time="0.039191" timestamp="2012-11-19T15:52:23" log="/home/karl/tmp/otp_tests/logs/xmerl_test_logs/ct_run.ct@devbox.2012-11-19_15.49.06/tests.xmerl_test.logs/run.2012-11-19_15.49.40/xmerl_std_suite.valid-sa-014.html"></testcase><testcase  name="valid-sa-013" time="0.038800" timestamp="2012-11-19T15:52:23" log="/home/karl/tmp/otp_tests/logs/xmerl_test_logs/ct_run.ct@devbox.2012-11-19_15.49.06/tests.xmerl_test.logs/run.2012-11-19_15.49.40/xmerl_std_suite.valid-sa-013.html"></testcase><testcase  name="valid-sa-012" time="0.036067" timestamp="2012-11-19T15:52:23" log="/home/karl/tmp/otp_tests/logs/xmerl_test_logs/ct_run.ct@devbox.2012-11-19_15.49.06/tests.xmerl_test.logs/run.2012-11-19_15.49.40/xmerl_std_suite.valid-sa-012.html"></testcase><testcase  name="valid-sa-011" time="0.035416" timestamp="2012-11-19T15:52:23" log="/home/karl/tmp/otp_tests/logs/xmerl_test_logs/ct_run.ct@devbox.2012-11-19_15.49.06/tests.xmerl_test.logs/run.2012-11-19_15.49.40/xmerl_std_suite.valid-sa-011.html"></testcase><testcase  name="valid-sa-010" time="0.036589" timestamp="2012-11-19T15:52:23" log="/home/karl/tmp/otp_tests/logs/xmerl_test_logs/ct_run.ct@devbox.2012-11-19_15.49.06/tests.xmerl_test.logs/run.2012-11-19_15.49.40/xmerl_std_suite.valid-sa-010.html"></testcase><testcase  name="valid-sa-009" time="0.036018" timestamp="2012-11-19T15:52:23" log="/home/karl/tmp/otp_tests/logs/xmerl_test_logs/ct_run.ct@devbox.2012-11-19_15.49.06/tests.xmerl_test.logs/run.2012-11-19_15.49.40/xmerl_std_suite.valid-sa-009.html"></testcase><testcase  name="valid-sa-008" time="0.056939" timestamp="2012-11-19T15:52:23" log="/home/karl/tmp/otp_tests/logs/xmerl_test_logs/ct_run.ct@devbox.2012-11-19_15.49.06/tests.xmerl_test.logs/run.2012-11-19_15.49.40/xmerl_std_suite.valid-sa-008.html"></testcase><testcase  name="valid-sa-007" time="0.069810" timestamp="2012-11-19T15:52:23" log="/home/karl/tmp/otp_tests/logs/xmerl_test_logs/ct_run.ct@devbox.2012-11-19_15.49.06/tests.xmerl_test.logs/run.2012-11-19_15.49.40/xmerl_std_suite.valid-sa-007.html"></testcase><testcase  name="valid-sa-006" time="0.056289" timestamp="2012-11-19T15:52:24" log="/home/karl/tmp/otp_tests/logs/xmerl_test_logs/ct_run.ct@devbox.2012-11-19_15.49.06/tests.xmerl_test.logs/run.2012-11-19_15.49.40/xmerl_std_suite.valid-sa-006.html"></testcase><testcase  name="valid-sa-005" time="0.031210" timestamp="2012-11-19T15:52:24" log="/home/karl/tmp/otp_tests/logs/xmerl_test_logs/ct_run.ct@devbox.2012-11-19_15.49.06/tests.xmerl_test.logs/run.2012-11-19_15.49.40/xmerl_std_suite.valid-sa-005.html"></testcase><testcase  name="valid-sa-004" time="0.033442" timestamp="2012-11-19T15:52:24" log="/home/karl/tmp/otp_tests/logs/xmerl_test_logs/ct_run.ct@devbox.2012-11-19_15.49.06/tests.xmerl_test.logs/run.2012-11-19_15.49.40/xmerl_std_suite.valid-sa-004.html"></testcase><testcase  name="valid-sa-003" time="0.030246" timestamp="2012-11-19T15:52:24" log="/home/karl/tmp/otp_tests/logs/xmerl_test_logs/ct_run.ct@devbox.2012-11-19_15.49.06/tests.xmerl_test.logs/run.2012-11-19_15.49.40/xmerl_std_suite.valid-sa-003.html"></testcase><testcase  name="valid-sa-002" time="0.029975" timestamp="2012-11-19T15:52:24" log="/home/karl/tmp/otp_tests/logs/xmerl_test_logs/ct_run.ct@devbox.2012-11-19_15.49.06/tests.xmerl_test.logs/run.2012-11-19_15.49.40/xmerl_std_suite.valid-sa-002.html"></testcase><testcase  name="valid-sa-001" time="0.030216" timestamp="2012-11-19T15:52:24" log="/home/karl/tmp/otp_tests/logs/xmerl_test_logs/ct_run.ct@devbox.2012-11-19_15.49.06/tests.xmerl_test.logs/run.2012-11-19_15.49.40/xmerl_std_suite.valid-sa-001.html"></testcase><testcase  name="invalid-not-sa-022" time="0.029781" timestamp="2012-11-19T15:52:24" log="/home/karl/tmp/otp_tests/logs/xmerl_test_logs/ct_run.ct@devbox.2012-11-19_15.49.06/tests.xmerl_test.logs/run.2012-11-19_15.49.40/xmerl_std_suite.invalid-not-sa-022.html"></testcase><testcase  name="invalid--006" time="0.030135" timestamp="2012-11-19T15:52:24" log="/home/karl/tmp/otp_tests/logs/xmerl_test_logs/ct_run.ct@devbox.2012-11-19_15.49.06/tests.xmerl_test.logs/run.2012-11-19_15.49.40/xmerl_std_suite.invalid--006.html"></testcase><testcase  name="invalid--005" time="0.041862" timestamp="2012-11-19T15:52:24" log="/home/karl/tmp/otp_tests/logs/xmerl_test_logs/ct_run.ct@devbox.2012-11-19_15.49.06/tests.xmerl_test.logs/run.2012-11-19_15.49.40/xmerl_std_suite.invalid--005.html"></testcase><testcase  name="invalid--002" time="0.098077" timestamp="2012-11-19T15:52:24" log="/home/karl/tmp/otp_tests/logs/xmerl_test_logs/ct_run.ct@devbox.2012-11-19_15.49.06/tests.xmerl_test.logs/run.2012-11-19_15.49.40/xmerl_std_suite.invalid--002.html"></testcase><testcase  name="not-wf-ext-sa-003" time="0.244842" timestamp="2012-11-19T15:52:25" log="/home/karl/tmp/otp_tests/logs/xmerl_test_logs/ct_run.ct@devbox.2012-11-19_15.49.06/tests.xmerl_test.logs/run.2012-11-19_15.49.40/xmerl_std_suite.not-wf-ext-sa-003.html"></testcase><testcase  name="not-wf-ext-sa-002" time="0.258875" timestamp="2012-11-19T15:52:25" log="/home/karl/tmp/otp_tests/logs/xmerl_test_logs/ct_run.ct@devbox.2012-11-19_15.49.06/tests.xmerl_test.logs/run.2012-11-19_15.49.40/xmerl_std_suite.not-wf-ext-sa-002.html"></testcase><testcase  name="not-wf-ext-sa-001" time="0.235894" timestamp="2012-11-19T15:52:26" log="/home/karl/tmp/otp_tests/logs/xmerl_test_logs/ct_run.ct@devbox.2012-11-19_15.49.06/tests.xmerl_test.logs/run.2012-11-19_15.49.40/xmerl_std_suite.not-wf-ext-sa-001.html"></testcase><testcase  name="not-wf-not-sa-009" time="0.209946" timestamp="2012-11-19T15:52:26" log="/home/karl/tmp/otp_tests/logs/xmerl_test_logs/ct_run.ct@devbox.2012-11-19_15.49.06/tests.xmerl_test.logs/run.2012-11-19_15.49.40/xmerl_std_suite.not-wf-not-sa-009.html"></testcase><testcase  name="not-wf-not-sa-008" time="0.154924" timestamp="2012-11-19T15:52:27" log="/home/karl/tmp/otp_tests/logs/xmerl_test_logs/ct_run.ct@devbox.2012-11-19_15.49.06/tests.xmerl_test.logs/run.2012-11-19_15.49.40/xmerl_std_suite.not-wf-not-sa-008.html"></testcase><testcase  name="not-wf-not-sa-007" time="0.165770" timestamp="2012-11-19T15:52:27" log="/home/karl/tmp/otp_tests/logs/xmerl_test_logs/ct_run.ct@devbox.2012-11-19_15.49.06/tests.xmerl_test.logs/run.2012-11-19_15.49.40/xmerl_std_suite.not-wf-not-sa-007.html"></testcase><testcase  name="not-wf-not-sa-006" time="0.232456" timestamp="2012-11-19T15:52:27" log="/home/karl/tmp/otp_tests/logs/xmerl_test_logs/ct_run.ct@devbox.2012-11-19_15.49.06/tests.xmerl_test.logs/run.2012-11-19_15.49.40/xmerl_std_suite.not-wf-not-sa-006.html"></testcase><testcase  name="not-wf-not-sa-005" time="0.075533" timestamp="2012-11-19T15:52:28" log="/home/karl/tmp/otp_tests/logs/xmerl_test_logs/ct_run.ct@devbox.2012-11-19_15.49.06/tests.xmerl_test.logs/run.2012-11-19_15.49.40/xmerl_std_suite.not-wf-not-sa-005.html"></testcase><testcase  name="not-wf-not-sa-004" time="0.048406" timestamp="2012-11-19T15:52:28" log="/home/karl/tmp/otp_tests/logs/xmerl_test_logs/ct_run.ct@devbox.2012-11-19_15.49.06/tests.xmerl_test.logs/run.2012-11-19_15.49.40/xmerl_std_suite.not-wf-not-sa-004.html"></testcase><testcase  name="not-wf-not-sa-003" time="0.030222" timestamp="2012-11-19T15:52:28" log="/home/karl/tmp/otp_tests/logs/xmerl_test_logs/ct_run.ct@devbox.2012-11-19_15.49.06/tests.xmerl_test.logs/run.2012-11-19_15.49.40/xmerl_std_suite.not-wf-not-sa-003.html"></testcase><testcase  name="not-wf-not-sa-002" time="0.029218" timestamp="2012-11-19T15:52:28" log="/home/karl/tmp/otp_tests/logs/xmerl_test_logs/ct_run.ct@devbox.2012-11-19_15.49.06/tests.xmerl_test.logs/run.2012-11-19_15.49.40/xmerl_std_suite.not-wf-not-sa-002.html"></testcase><testcase  name="not-wf-not-sa-001" time="0.034634" timestamp="2012-11-19T15:52:28" log="/home/karl/tmp/otp_tests/logs/xmerl_test_logs/ct_run.ct@devbox.2012-11-19_15.49.06/tests.xmerl_test.logs/run.2012-11-19_15.49.40/xmerl_std_suite.not-wf-not-sa-001.html"></testcase><testcase  name="not-wf-sa-186" time="0.031839" timestamp="2012-11-19T15:52:28" log="/home/karl/tmp/otp_tests/logs/xmerl_test_logs/ct_run.ct@devbox.2012-11-19_15.49.06/tests.xmerl_test.logs/run.2012-11-19_15.49.40/xmerl_std_suite.not-wf-sa-186.html"></testcase><testcase  name="not-wf-sa-185" time="0.092086" timestamp="2012-11-19T15:52:28" log="/home/karl/tmp/otp_tests/logs/xmerl_test_logs/ct_run.ct@devbox.2012-11-19_15.49.06/tests.xmerl_test.logs/run.2012-11-19_15.49.40/xmerl_std_suite.not-wf-sa-185.html"></testcase><testcase  name="not-wf-sa-184" time="0.032594" timestamp="2012-11-19T15:52:29" log="/home/karl/tmp/otp_tests/logs/xmerl_test_logs/ct_run.ct@devbox.2012-11-19_15.49.06/tests.xmerl_test.logs/run.2012-11-19_15.49.40/xmerl_std_suite.not-wf-sa-184.html"></testcase><testcase  name="not-wf-sa-183" time="0.028457" timestamp="2012-11-19T15:52:29" log="/home/karl/tmp/otp_tests/logs/xmerl_test_logs/ct_run.ct@devbox.2012-11-19_15.49.06/tests.xmerl_test.logs/run.2012-11-19_15.49.40/xmerl_std_suite.not-wf-sa-183.html"></testcase><testcase  name="not-wf-sa-182" time="0.029440" timestamp="2012-11-19T15:52:29" log="/home/karl/tmp/otp_tests/logs/xmerl_test_logs/ct_run.ct@devbox.2012-11-19_15.49.06/tests.xmerl_test.logs/run.2012-11-19_15.49.40/xmerl_std_suite.not-wf-sa-182.html"></testcase><testcase  name="not-wf-sa-181" time="0.029460" timestamp="2012-11-19T15:52:29" log="/home/karl/tmp/otp_tests/logs/xmerl_test_logs/ct_run.ct@devbox.2012-11-19_15.49.06/tests.xmerl_test.logs/run.2012-11-19_15.49.40/xmerl_std_suite.not-wf-sa-181.html"></testcase><testcase  name="not-wf-sa-180" time="0.028417" timestamp="2012-11-19T15:52:29" log="/home/karl/tmp/otp_tests/logs/xmerl_test_logs/ct_run.ct@devbox.2012-11-19_15.49.06/tests.xmerl_test.logs/run.2012-11-19_15.49.40/xmerl_std_suite.not-wf-sa-180.html"></testcase><testcase  name="not-wf-sa-179" time="0.042913" timestamp="2012-11-19T15:52:29" log="/home/karl/tmp/otp_tests/logs/xmerl_test_logs/ct_run.ct@devbox.2012-11-19_15.49.06/tests.xmerl_test.logs/run.2012-11-19_15.49.40/xmerl_std_suite.not-wf-sa-179.html"></testcase><testcase  name="not-wf-sa-178" time="0.030676" timestamp="2012-11-19T15:52:29" log="/home/karl/tmp/otp_tests/logs/xmerl_test_logs/ct_run.ct@devbox.2012-11-19_15.49.06/tests.xmerl_test.logs/run.2012-11-19_15.49.40/xmerl_std_suite.not-wf-sa-178.html"></testcase><testcase  name="not-wf-sa-177" time="0.025858" timestamp="2012-11-19T15:52:29" log="/home/karl/tmp/otp_tests/logs/xmerl_test_logs/ct_run.ct@devbox.2012-11-19_15.49.06/tests.xmerl_test.logs/run.2012-11-19_15.49.40/xmerl_std_suite.not-wf-sa-177.html"><skipped type="skip" message="Test not-wf-sa-177 in xmerl_std_SUITE skipped!">{tc_user_skip,{skipped,[&quot;do not support UTF-8 (only Latin-1), therefore not &quot;,
                        &quot;able to check the illegal FFFF/FFFE (Unicode) characters&quot;]}}</skipped></testcase><testcase  name="not-wf-sa-176" time="0.039456" timestamp="2012-11-19T15:52:29" log="/home/karl/tmp/otp_tests/logs/xmerl_test_logs/ct_run.ct@devbox.2012-11-19_15.49.06/tests.xmerl_test.logs/run.2012-11-19_15.49.40/xmerl_std_suite.not-wf-sa-176.html"></testcase><testcase  name="not-wf-sa-175" time="0.029878" timestamp="2012-11-19T15:52:29" log="/home/karl/tmp/otp_tests/logs/xmerl_test_logs/ct_run.ct@devbox.2012-11-19_15.49.06/tests.xmerl_test.logs/run.2012-11-19_15.49.40/xmerl_std_suite.not-wf-sa-175.html"><skipped type="skip" message="Test not-wf-sa-175 in xmerl_std_SUITE skipped!">{tc_user_skip,{skipped,[&quot;do not support UTF-8 (only Latin-1), therefore not &quot;,
                        &quot;able to check the illegal FFFF/FFFE (Unicode) characters&quot;]}}</skipped></testcase><testcase  name="not-wf-sa-174" time="0.033238" timestamp="2012-11-19T15:52:30" log="/home/karl/tmp/otp_tests/logs/xmerl_test_logs/ct_run.ct@devbox.2012-11-19_15.49.06/tests.xmerl_test.logs/run.2012-11-19_15.49.40/xmerl_std_suite.not-wf-sa-174.html"><skipped type="skip" message="Test not-wf-sa-174 in xmerl_std_SUITE skipped!">{tc_user_skip,{skipped,[&quot;do not support UTF-8 (only Latin-1), therefore not &quot;,
                        &quot;able to check the illegal FFFF/FFFE (Unicode) characters&quot;]}}</skipped></testcase><testcase  name="not-wf-sa-173" time="0.031575" timestamp="2012-11-19T15:52:30" log="/home/karl/tmp/otp_tests/logs/xmerl_test_logs/ct_run.ct@devbox.2012-11-19_15.49.06/tests.xmerl_test.logs/run.2012-11-19_15.49.40/xmerl_std_suite.not-wf-sa-173.html"><skipped type="skip" message="Test not-wf-sa-173 in xmerl_std_SUITE skipped!">{tc_user_skip,{skipped,[&quot;do not support UTF-8 (only Latin-1), therefore not &quot;,
                        &quot;able to check the illegal FFFF/FFFE (Unicode) characters&quot;]}}</skipped></testcase><testcase  name="not-wf-sa-172" time="0.033610" timestamp="2012-11-19T15:52:30" log="/home/karl/tmp/otp_tests/logs/xmerl_test_logs/ct_run.ct@devbox.2012-11-19_15.49.06/tests.xmerl_test.logs/run.2012-11-19_15.49.40/xmerl_std_suite.not-wf-sa-172.html"><skipped type="skip" message="Test not-wf-sa-172 in xmerl_std_SUITE skipped!">{tc_user_skip,{skipped,[&quot;do not support UTF-8 (only Latin-1), therefore not &quot;,
                        &quot;able to check the illegal FFFF/FFFE (Unicode) characters&quot;]}}</skipped></testcase><testcase  name="not-wf-sa-171" time="0.033512" timestamp="2012-11-19T15:52:30" log="/home/karl/tmp/otp_tests/logs/xmerl_test_logs/ct_run.ct@devbox.2012-11-19_15.49.06/tests.xmerl_test.logs/run.2012-11-19_15.49.40/xmerl_std_suite.not-wf-sa-171.html"><skipped type="skip" message="Test not-wf-sa-171 in xmerl_std_SUITE skipped!">{tc_user_skip,{skipped,[&quot;do not support UTF-8 (only Latin-1), therefore not &quot;,
                        &quot;able to check the illegal FFFF/FFFE (Unicode) characters&quot;]}}</skipped></testcase><testcase  name="not-wf-sa-170" time="0.032899" timestamp="2012-11-19T15:52:30" log="/home/karl/tmp/otp_tests/logs/xmerl_test_logs/ct_run.ct@devbox.2012-11-19_15.49.06/tests.xmerl_test.logs/run.2012-11-19_15.49.40/xmerl_std_suite.not-wf-sa-170.html"><skipped type="skip" message="Test not-wf-sa-170 in xmerl_std_SUITE skipped!">{tc_user_skip,{skipped,[&quot;UTF-8 encoding of UCS-4 characters&quot;]}}</skipped></testcase><testcase  name="not-wf-sa-169" time="0.032639" timestamp="2012-11-19T15:52:30" log="/home/karl/tmp/otp_tests/logs/xmerl_test_logs/ct_run.ct@devbox.2012-11-19_15.49.06/tests.xmerl_test.logs/run.2012-11-19_15.49.40/xmerl_std_suite.not-wf-sa-169.html"><skipped type="skip" message="Test not-wf-sa-169 in xmerl_std_SUITE skipped!">{tc_user_skip,{skipped,[&quot;UTF-8 encoding of an illegal unpaired surrogate (DC00)&quot;]}}</skipped></testcase><testcase  name="not-wf-sa-168" time="0.044377" timestamp="2012-11-19T15:52:30" log="/home/karl/tmp/otp_tests/logs/xmerl_test_logs/ct_run.ct@devbox.2012-11-19_15.49.06/tests.xmerl_test.logs/run.2012-11-19_15.49.40/xmerl_std_suite.not-wf-sa-168.html"><skipped type="skip" message="Test not-wf-sa-168 in xmerl_std_SUITE skipped!">{tc_user_skip,{skipped,[&quot;UTF-8 encoding of an illegal unpaired surrogate (D800)&quot;]}}</skipped></testcase><testcase  name="not-wf-sa-167" time="0.073470" timestamp="2012-11-19T15:52:31" log="/home/karl/tmp/otp_tests/logs/xmerl_test_logs/ct_run.ct@devbox.2012-11-19_15.49.06/tests.xmerl_test.logs/run.2012-11-19_15.49.40/xmerl_std_suite.not-wf-sa-167.html"><skipped type="skip" message="Test not-wf-sa-167 in xmerl_std_SUITE skipped!">{tc_user_skip,{skipped,[&quot;UTF-8 encoding of an illegal FFFE&quot;]}}</skipped></testcase><testcase  name="not-wf-sa-166" time="0.041325" timestamp="2012-11-19T15:52:31" log="/home/karl/tmp/otp_tests/logs/xmerl_test_logs/ct_run.ct@devbox.2012-11-19_15.49.06/tests.xmerl_test.logs/run.2012-11-19_15.49.40/xmerl_std_suite.not-wf-sa-166.html"><skipped type="skip" message="Test not-wf-sa-166 in xmerl_std_SUITE skipped!">{tc_user_skip,{skipped,[&quot;UTF-8 encoding of an illegal FFFE&quot;]}}</skipped></testcase><testcase  name="not-wf-sa-165" time="0.050898" timestamp="2012-11-19T15:52:31" log="/home/karl/tmp/otp_tests/logs/xmerl_test_logs/ct_run.ct@devbox.2012-11-19_15.49.06/tests.xmerl_test.logs/run.2012-11-19_15.49.40/xmerl_std_suite.not-wf-sa-165.html"></testcase><testcase  name="not-wf-sa-164" time="0.035121" timestamp="2012-11-19T15:52:31" log="/home/karl/tmp/otp_tests/logs/xmerl_test_logs/ct_run.ct@devbox.2012-11-19_15.49.06/tests.xmerl_test.logs/run.2012-11-19_15.49.40/xmerl_std_suite.not-wf-sa-164.html"></testcase><testcase  name="not-wf-sa-163" time="0.031316" timestamp="2012-11-19T15:52:31" log="/home/karl/tmp/otp_tests/logs/xmerl_test_logs/ct_run.ct@devbox.2012-11-19_15.49.06/tests.xmerl_test.logs/run.2012-11-19_15.49.40/xmerl_std_suite.not-wf-sa-163.html"></testcase><testcase  name="not-wf-sa-162" time="0.029077" timestamp="2012-11-19T15:52:31" log="/home/karl/tmp/otp_tests/logs/xmerl_test_logs/ct_run.ct@devbox.2012-11-19_15.49.06/tests.xmerl_test.logs/run.2012-11-19_15.49.40/xmerl_std_suite.not-wf-sa-162.html"></testcase><testcase  name="not-wf-sa-161" time="0.029471" timestamp="2012-11-19T15:52:31" log="/home/karl/tmp/otp_tests/logs/xmerl_test_logs/ct_run.ct@devbox.2012-11-19_15.49.06/tests.xmerl_test.logs/run.2012-11-19_15.49.40/xmerl_std_suite.not-wf-sa-161.html"></testcase><testcase  name="not-wf-sa-160" time="0.029622" timestamp="2012-11-19T15:52:31" log="/home/karl/tmp/otp_tests/logs/xmerl_test_logs/ct_run.ct@devbox.2012-11-19_15.49.06/tests.xmerl_test.logs/run.2012-11-19_15.49.40/xmerl_std_suite.not-wf-sa-160.html"></testcase><testcase  name="not-wf-sa-159" time="0.030662" timestamp="2012-11-19T15:52:31" log="/home/karl/tmp/otp_tests/logs/xmerl_test_logs/ct_run.ct@devbox.2012-11-19_15.49.06/tests.xmerl_test.logs/run.2012-11-19_15.49.40/xmerl_std_suite.not-wf-sa-159.html"></testcase><testcase  name="not-wf-sa-158" time="0.033204" timestamp="2012-11-19T15:52:32" log="/home/karl/tmp/otp_tests/logs/xmerl_test_logs/ct_run.ct@devbox.2012-11-19_15.49.06/tests.xmerl_test.logs/run.2012-11-19_15.49.40/xmerl_std_suite.not-wf-sa-158.html"></testcase><testcase  name="not-wf-sa-157" time="0.028310" timestamp="2012-11-19T15:52:32" log="/home/karl/tmp/otp_tests/logs/xmerl_test_logs/ct_run.ct@devbox.2012-11-19_15.49.06/tests.xmerl_test.logs/run.2012-11-19_15.49.40/xmerl_std_suite.not-wf-sa-157.html"></testcase><testcase  name="not-wf-sa-156" time="0.030409" timestamp="2012-11-19T15:52:32" log="/home/karl/tmp/otp_tests/logs/xmerl_test_logs/ct_run.ct@devbox.2012-11-19_15.49.06/tests.xmerl_test.logs/run.2012-11-19_15.49.40/xmerl_std_suite.not-wf-sa-156.html"></testcase><testcase  name="not-wf-sa-155" time="0.034935" timestamp="2012-11-19T15:52:32" log="/home/karl/tmp/otp_tests/logs/xmerl_test_logs/ct_run.ct@devbox.2012-11-19_15.49.06/tests.xmerl_test.logs/run.2012-11-19_15.49.40/xmerl_std_suite.not-wf-sa-155.html"></testcase><testcase  name="not-wf-sa-154" time="0.047324" timestamp="2012-11-19T15:52:32" log="/home/karl/tmp/otp_tests/logs/xmerl_test_logs/ct_run.ct@devbox.2012-11-19_15.49.06/tests.xmerl_test.logs/run.2012-11-19_15.49.40/xmerl_std_suite.not-wf-sa-154.html"></testcase><testcase  name="not-wf-sa-153" time="0.037043" timestamp="2012-11-19T15:52:32" log="/home/karl/tmp/otp_tests/logs/xmerl_test_logs/ct_run.ct@devbox.2012-11-19_15.49.06/tests.xmerl_test.logs/run.2012-11-19_15.49.40/xmerl_std_suite.not-wf-sa-153.html"></testcase><testcase  name="not-wf-sa-152" time="0.031862" timestamp="2012-11-19T15:52:32" log="/home/karl/tmp/otp_tests/logs/xmerl_test_logs/ct_run.ct@devbox.2012-11-19_15.49.06/tests.xmerl_test.logs/run.2012-11-19_15.49.40/xmerl_std_suite.not-wf-sa-152.html"></testcase><testcase  name="not-wf-sa-151" time="0.027138" timestamp="2012-11-19T15:52:32" log="/home/karl/tmp/otp_tests/logs/xmerl_test_logs/ct_run.ct@devbox.2012-11-19_15.49.06/tests.xmerl_test.logs/run.2012-11-19_15.49.40/xmerl_std_suite.not-wf-sa-151.html"><skipped type="skip" message="Test not-wf-sa-151 in xmerl_std_SUITE skipped!">{tc_user_skip,{skipped,[&quot;don&apos;t bother wath&apos;s in the Misc production&quot;]}}</skipped></testcase><testcase  name="not-wf-sa-150" time="0.040647" timestamp="2012-11-19T15:52:32" log="/home/karl/tmp/otp_tests/logs/xmerl_test_logs/ct_run.ct@devbox.2012-11-19_15.49.06/tests.xmerl_test.logs/run.2012-11-19_15.49.40/xmerl_std_suite.not-wf-sa-150.html"></testcase><testcase  name="not-wf-sa-149" time="0.038622" timestamp="2012-11-19T15:52:32" log="/home/karl/tmp/otp_tests/logs/xmerl_test_logs/ct_run.ct@devbox.2012-11-19_15.49.06/tests.xmerl_test.logs/run.2012-11-19_15.49.40/xmerl_std_suite.not-wf-sa-149.html"></testcase><testcase  name="not-wf-sa-148" time="0.030123" timestamp="2012-11-19T15:52:33" log="/home/karl/tmp/otp_tests/logs/xmerl_test_logs/ct_run.ct@devbox.2012-11-19_15.49.06/tests.xmerl_test.logs/run.2012-11-19_15.49.40/xmerl_std_suite.not-wf-sa-148.html"></testcase><testcase  name="not-wf-sa-147" time="0.028469" timestamp="2012-11-19T15:52:33" log="/home/karl/tmp/otp_tests/logs/xmerl_test_logs/ct_run.ct@devbox.2012-11-19_15.49.06/tests.xmerl_test.logs/run.2012-11-19_15.49.40/xmerl_std_suite.not-wf-sa-147.html"></testcase><testcase  name="not-wf-sa-146" time="0.029588" timestamp="2012-11-19T15:52:33" log="/home/karl/tmp/otp_tests/logs/xmerl_test_logs/ct_run.ct@devbox.2012-11-19_15.49.06/tests.xmerl_test.logs/run.2012-11-19_15.49.40/xmerl_std_suite.not-wf-sa-146.html"></testcase><testcase  name="not-wf-sa-145" time="0.087553" timestamp="2012-11-19T15:52:33" log="/home/karl/tmp/otp_tests/logs/xmerl_test_logs/ct_run.ct@devbox.2012-11-19_15.49.06/tests.xmerl_test.logs/run.2012-11-19_15.49.40/xmerl_std_suite.not-wf-sa-145.html"></testcase><testcase  name="not-wf-sa-144" time="0.043617" timestamp="2012-11-19T15:52:33" log="/home/karl/tmp/otp_tests/logs/xmerl_test_logs/ct_run.ct@devbox.2012-11-19_15.49.06/tests.xmerl_test.logs/run.2012-11-19_15.49.40/xmerl_std_suite.not-wf-sa-144.html"></testcase><testcase  name="not-wf-sa-143" time="0.030309" timestamp="2012-11-19T15:52:33" log="/home/karl/tmp/otp_tests/logs/xmerl_test_logs/ct_run.ct@devbox.2012-11-19_15.49.06/tests.xmerl_test.logs/run.2012-11-19_15.49.40/xmerl_std_suite.not-wf-sa-143.html"></testcase><testcase  name="not-wf-sa-142" time="0.028702" timestamp="2012-11-19T15:52:33" log="/home/karl/tmp/otp_tests/logs/xmerl_test_logs/ct_run.ct@devbox.2012-11-19_15.49.06/tests.xmerl_test.logs/run.2012-11-19_15.49.40/xmerl_std_suite.not-wf-sa-142.html"></testcase><testcase  name="not-wf-sa-141" time="0.042088" timestamp="2012-11-19T15:52:33" log="/home/karl/tmp/otp_tests/logs/xmerl_test_logs/ct_run.ct@devbox.2012-11-19_15.49.06/tests.xmerl_test.logs/run.2012-11-19_15.49.40/xmerl_std_suite.not-wf-sa-141.html"></testcase><testcase  name="not-wf-sa-140" time="0.037557" timestamp="2012-11-19T15:52:33" log="/home/karl/tmp/otp_tests/logs/xmerl_test_logs/ct_run.ct@devbox.2012-11-19_15.49.06/tests.xmerl_test.logs/run.2012-11-19_15.49.40/xmerl_std_suite.not-wf-sa-140.html"></testcase><testcase  name="not-wf-sa-139" time="0.040569" timestamp="2012-11-19T15:52:33" log="/home/karl/tmp/otp_tests/logs/xmerl_test_logs/ct_run.ct@devbox.2012-11-19_15.49.06/tests.xmerl_test.logs/run.2012-11-19_15.49.40/xmerl_std_suite.not-wf-sa-139.html"></testcase><testcase  name="not-wf-sa-138" time="0.041035" timestamp="2012-11-19T15:52:34" log="/home/karl/tmp/otp_tests/logs/xmerl_test_logs/ct_run.ct@devbox.2012-11-19_15.49.06/tests.xmerl_test.logs/run.2012-11-19_15.49.40/xmerl_std_suite.not-wf-sa-138.html"></testcase><testcase  name="not-wf-sa-137" time="0.029812" timestamp="2012-11-19T15:52:34" log="/home/karl/tmp/otp_tests/logs/xmerl_test_logs/ct_run.ct@devbox.2012-11-19_15.49.06/tests.xmerl_test.logs/run.2012-11-19_15.49.40/xmerl_std_suite.not-wf-sa-137.html"></testcase><testcase  name="not-wf-sa-136" time="0.031805" timestamp="2012-11-19T15:52:34" log="/home/karl/tmp/otp_tests/logs/xmerl_test_logs/ct_run.ct@devbox.2012-11-19_15.49.06/tests.xmerl_test.logs/run.2012-11-19_15.49.40/xmerl_std_suite.not-wf-sa-136.html"></testcase><testcase  name="not-wf-sa-135" time="0.031053" timestamp="2012-11-19T15:52:34" log="/home/karl/tmp/otp_tests/logs/xmerl_test_logs/ct_run.ct@devbox.2012-11-19_15.49.06/tests.xmerl_test.logs/run.2012-11-19_15.49.40/xmerl_std_suite.not-wf-sa-135.html"></testcase><testcase  name="not-wf-sa-134" time="0.030964" timestamp="2012-11-19T15:52:34" log="/home/karl/tmp/otp_tests/logs/xmerl_test_logs/ct_run.ct@devbox.2012-11-19_15.49.06/tests.xmerl_test.logs/run.2012-11-19_15.49.40/xmerl_std_suite.not-wf-sa-134.html"></testcase><testcase  name="not-wf-sa-133" time="0.036969" timestamp="2012-11-19T15:52:34" log="/home/karl/tmp/otp_tests/logs/xmerl_test_logs/ct_run.ct@devbox.2012-11-19_15.49.06/tests.xmerl_test.logs/run.2012-11-19_15.49.40/xmerl_std_suite.not-wf-sa-133.html"></testcase><testcase  name="not-wf-sa-132" time="0.043971" timestamp="2012-11-19T15:52:34" log="/home/karl/tmp/otp_tests/logs/xmerl_test_logs/ct_run.ct@devbox.2012-11-19_15.49.06/tests.xmerl_test.logs/run.2012-11-19_15.49.40/xmerl_std_suite.not-wf-sa-132.html"></testcase><testcase  name="not-wf-sa-131" time="0.032237" timestamp="2012-11-19T15:52:34" log="/home/karl/tmp/otp_tests/logs/xmerl_test_logs/ct_run.ct@devbox.2012-11-19_15.49.06/tests.xmerl_test.logs/run.2012-11-19_15.49.40/xmerl_std_suite.not-wf-sa-131.html"></testcase><testcase  name="not-wf-sa-130" time="0.039532" timestamp="2012-11-19T15:52:34" log="/home/karl/tmp/otp_tests/logs/xmerl_test_logs/ct_run.ct@devbox.2012-11-19_15.49.06/tests.xmerl_test.logs/run.2012-11-19_15.49.40/xmerl_std_suite.not-wf-sa-130.html"></testcase><testcase  name="not-wf-sa-129" time="0.032097" timestamp="2012-11-19T15:52:34" log="/home/karl/tmp/otp_tests/logs/xmerl_test_logs/ct_run.ct@devbox.2012-11-19_15.49.06/tests.xmerl_test.logs/run.2012-11-19_15.49.40/xmerl_std_suite.not-wf-sa-129.html"></testcase><testcase  name="not-wf-sa-128" time="0.032033" timestamp="2012-11-19T15:52:34" log="/home/karl/tmp/otp_tests/logs/xmerl_test_logs/ct_run.ct@devbox.2012-11-19_15.49.06/tests.xmerl_test.logs/run.2012-11-19_15.49.40/xmerl_std_suite.not-wf-sa-128.html"></testcase><testcase  name="not-wf-sa-127" time="0.030770" timestamp="2012-11-19T15:52:35" log="/home/karl/tmp/otp_tests/logs/xmerl_test_logs/ct_run.ct@devbox.2012-11-19_15.49.06/tests.xmerl_test.logs/run.2012-11-19_15.49.40/xmerl_std_suite.not-wf-sa-127.html"></testcase><testcase  name="not-wf-sa-126" time="0.034845" timestamp="2012-11-19T15:52:35" log="/home/karl/tmp/otp_tests/logs/xmerl_test_logs/ct_run.ct@devbox.2012-11-19_15.49.06/tests.xmerl_test.logs/run.2012-11-19_15.49.40/xmerl_std_suite.not-wf-sa-126.html"></testcase><testcase  name="not-wf-sa-125" time="0.030813" timestamp="2012-11-19T15:52:35" log="/home/karl/tmp/otp_tests/logs/xmerl_test_logs/ct_run.ct@devbox.2012-11-19_15.49.06/tests.xmerl_test.logs/run.2012-11-19_15.49.40/xmerl_std_suite.not-wf-sa-125.html"></testcase><testcase  name="not-wf-sa-124" time="0.031095" timestamp="2012-11-19T15:52:35" log="/home/karl/tmp/otp_tests/logs/xmerl_test_logs/ct_run.ct@devbox.2012-11-19_15.49.06/tests.xmerl_test.logs/run.2012-11-19_15.49.40/xmerl_std_suite.not-wf-sa-124.html"></testcase><testcase  name="not-wf-sa-123" time="0.030231" timestamp="2012-11-19T15:52:35" log="/home/karl/tmp/otp_tests/logs/xmerl_test_logs/ct_run.ct@devbox.2012-11-19_15.49.06/tests.xmerl_test.logs/run.2012-11-19_15.49.40/xmerl_std_suite.not-wf-sa-123.html"></testcase><testcase  name="not-wf-sa-122" time="0.035965" timestamp="2012-11-19T15:52:35" log="/home/karl/tmp/otp_tests/logs/xmerl_test_logs/ct_run.ct@devbox.2012-11-19_15.49.06/tests.xmerl_test.logs/run.2012-11-19_15.49.40/xmerl_std_suite.not-wf-sa-122.html"></testcase><testcase  name="not-wf-sa-121" time="0.033365" timestamp="2012-11-19T15:52:35" log="/home/karl/tmp/otp_tests/logs/xmerl_test_logs/ct_run.ct@devbox.2012-11-19_15.49.06/tests.xmerl_test.logs/run.2012-11-19_15.49.40/xmerl_std_suite.not-wf-sa-121.html"></testcase><testcase  name="not-wf-sa-120" time="0.035021" timestamp="2012-11-19T15:52:35" log="/home/karl/tmp/otp_tests/logs/xmerl_test_logs/ct_run.ct@devbox.2012-11-19_15.49.06/tests.xmerl_test.logs/run.2012-11-19_15.49.40/xmerl_std_suite.not-wf-sa-120.html"></testcase><testcase  name="not-wf-sa-119" time="0.031243" timestamp="2012-11-19T15:52:35" log="/home/karl/tmp/otp_tests/logs/xmerl_test_logs/ct_run.ct@devbox.2012-11-19_15.49.06/tests.xmerl_test.logs/run.2012-11-19_15.49.40/xmerl_std_suite.not-wf-sa-119.html"></testcase><testcase  name="not-wf-sa-118" time="0.030358" timestamp="2012-11-19T15:52:35" log="/home/karl/tmp/otp_tests/logs/xmerl_test_logs/ct_run.ct@devbox.2012-11-19_15.49.06/tests.xmerl_test.logs/run.2012-11-19_15.49.40/xmerl_std_suite.not-wf-sa-118.html"></testcase><testcase  name="not-wf-sa-117" time="0.031833" timestamp="2012-11-19T15:52:35" log="/home/karl/tmp/otp_tests/logs/xmerl_test_logs/ct_run.ct@devbox.2012-11-19_15.49.06/tests.xmerl_test.logs/run.2012-11-19_15.49.40/xmerl_std_suite.not-wf-sa-117.html"></testcase><testcase  name="not-wf-sa-116" time="0.031459" timestamp="2012-11-19T15:52:35" log="/home/karl/tmp/otp_tests/logs/xmerl_test_logs/ct_run.ct@devbox.2012-11-19_15.49.06/tests.xmerl_test.logs/run.2012-11-19_15.49.40/xmerl_std_suite.not-wf-sa-116.html"></testcase><testcase  name="not-wf-sa-115" time="0.030861" timestamp="2012-11-19T15:52:36" log="/home/karl/tmp/otp_tests/logs/xmerl_test_logs/ct_run.ct@devbox.2012-11-19_15.49.06/tests.xmerl_test.logs/run.2012-11-19_15.49.40/xmerl_std_suite.not-wf-sa-115.html"></testcase><testcase  name="not-wf-sa-114" time="0.043248" timestamp="2012-11-19T15:52:36" log="/home/karl/tmp/otp_tests/logs/xmerl_test_logs/ct_run.ct@devbox.2012-11-19_15.49.06/tests.xmerl_test.logs/run.2012-11-19_15.49.40/xmerl_std_suite.not-wf-sa-114.html"></testcase><testcase  name="not-wf-sa-113" time="0.035849" timestamp="2012-11-19T15:52:36" log="/home/karl/tmp/otp_tests/logs/xmerl_test_logs/ct_run.ct@devbox.2012-11-19_15.49.06/tests.xmerl_test.logs/run.2012-11-19_15.49.40/xmerl_std_suite.not-wf-sa-113.html"></testcase><testcase  name="not-wf-sa-112" time="0.031062" timestamp="2012-11-19T15:52:36" log="/home/karl/tmp/otp_tests/logs/xmerl_test_logs/ct_run.ct@devbox.2012-11-19_15.49.06/tests.xmerl_test.logs/run.2012-11-19_15.49.40/xmerl_std_suite.not-wf-sa-112.html"></testcase><testcase  name="not-wf-sa-111" time="0.029387" timestamp="2012-11-19T15:52:36" log="/home/karl/tmp/otp_tests/logs/xmerl_test_logs/ct_run.ct@devbox.2012-11-19_15.49.06/tests.xmerl_test.logs/run.2012-11-19_15.49.40/xmerl_std_suite.not-wf-sa-111.html"></testcase><testcase  name="not-wf-sa-110" time="0.044574" timestamp="2012-11-19T15:52:36" log="/home/karl/tmp/otp_tests/logs/xmerl_test_logs/ct_run.ct@devbox.2012-11-19_15.49.06/tests.xmerl_test.logs/run.2012-11-19_15.49.40/xmerl_std_suite.not-wf-sa-110.html"></testcase><testcase  name="not-wf-sa-109" time="0.036485" timestamp="2012-11-19T15:52:36" log="/home/karl/tmp/otp_tests/logs/xmerl_test_logs/ct_run.ct@devbox.2012-11-19_15.49.06/tests.xmerl_test.logs/run.2012-11-19_15.49.40/xmerl_std_suite.not-wf-sa-109.html"></testcase><testcase  name="not-wf-sa-108" time="0.038355" timestamp="2012-11-19T15:52:36" log="/home/karl/tmp/otp_tests/logs/xmerl_test_logs/ct_run.ct@devbox.2012-11-19_15.49.06/tests.xmerl_test.logs/run.2012-11-19_15.49.40/xmerl_std_suite.not-wf-sa-108.html"></testcase><testcase  name="not-wf-sa-107" time="0.031012" timestamp="2012-11-19T15:52:36" log="/home/karl/tmp/otp_tests/logs/xmerl_test_logs/ct_run.ct@devbox.2012-11-19_15.49.06/tests.xmerl_test.logs/run.2012-11-19_15.49.40/xmerl_std_suite.not-wf-sa-107.html"></testcase><testcase  name="not-wf-sa-106" time="0.033114" timestamp="2012-11-19T15:52:36" log="/home/karl/tmp/otp_tests/logs/xmerl_test_logs/ct_run.ct@devbox.2012-11-19_15.49.06/tests.xmerl_test.logs/run.2012-11-19_15.49.40/xmerl_std_suite.not-wf-sa-106.html"></testcase><testcase  name="not-wf-sa-105" time="0.031641" timestamp="2012-11-19T15:52:36" log="/home/karl/tmp/otp_tests/logs/xmerl_test_logs/ct_run.ct@devbox.2012-11-19_15.49.06/tests.xmerl_test.logs/run.2012-11-19_15.49.40/xmerl_std_suite.not-wf-sa-105.html"></testcase><testcase  name="not-wf-sa-104" time="0.040646" timestamp="2012-11-19T15:52:37" log="/home/karl/tmp/otp_tests/logs/xmerl_test_logs/ct_run.ct@devbox.2012-11-19_15.49.06/tests.xmerl_test.logs/run.2012-11-19_15.49.40/xmerl_std_suite.not-wf-sa-104.html"></testcase><testcase  name="not-wf-sa-103" time="0.030387" timestamp="2012-11-19T15:52:37" log="/home/karl/tmp/otp_tests/logs/xmerl_test_logs/ct_run.ct@devbox.2012-11-19_15.49.06/tests.xmerl_test.logs/run.2012-11-19_15.49.40/xmerl_std_suite.not-wf-sa-103.html"></testcase><testcase  name="not-wf-sa-102" time="0.029754" timestamp="2012-11-19T15:52:37" log="/home/karl/tmp/otp_tests/logs/xmerl_test_logs/ct_run.ct@devbox.2012-11-19_15.49.06/tests.xmerl_test.logs/run.2012-11-19_15.49.40/xmerl_std_suite.not-wf-sa-102.html"></testcase><testcase  name="not-wf-sa-101" time="0.036218" timestamp="2012-11-19T15:52:37" log="/home/karl/tmp/otp_tests/logs/xmerl_test_logs/ct_run.ct@devbox.2012-11-19_15.49.06/tests.xmerl_test.logs/run.2012-11-19_15.49.40/xmerl_std_suite.not-wf-sa-101.html"></testcase><testcase  name="not-wf-sa-100" time="0.029900" timestamp="2012-11-19T15:52:37" log="/home/karl/tmp/otp_tests/logs/xmerl_test_logs/ct_run.ct@devbox.2012-11-19_15.49.06/tests.xmerl_test.logs/run.2012-11-19_15.49.40/xmerl_std_suite.not-wf-sa-100.html"></testcase><testcase  name="not-wf-sa-099" time="0.038748" timestamp="2012-11-19T15:52:37" log="/home/karl/tmp/otp_tests/logs/xmerl_test_logs/ct_run.ct@devbox.2012-11-19_15.49.06/tests.xmerl_test.logs/run.2012-11-19_15.49.40/xmerl_std_suite.not-wf-sa-099.html"></testcase><testcase  name="not-wf-sa-098" time="0.030736" timestamp="2012-11-19T15:52:37" log="/home/karl/tmp/otp_tests/logs/xmerl_test_logs/ct_run.ct@devbox.2012-11-19_15.49.06/tests.xmerl_test.logs/run.2012-11-19_15.49.40/xmerl_std_suite.not-wf-sa-098.html"></testcase><testcase  name="not-wf-sa-097" time="0.029590" timestamp="2012-11-19T15:52:37" log="/home/karl/tmp/otp_tests/logs/xmerl_test_logs/ct_run.ct@devbox.2012-11-19_15.49.06/tests.xmerl_test.logs/run.2012-11-19_15.49.40/xmerl_std_suite.not-wf-sa-097.html"></testcase><testcase  name="not-wf-sa-096" time="0.030079" timestamp="2012-11-19T15:52:37" log="/home/karl/tmp/otp_tests/logs/xmerl_test_logs/ct_run.ct@devbox.2012-11-19_15.49.06/tests.xmerl_test.logs/run.2012-11-19_15.49.40/xmerl_std_suite.not-wf-sa-096.html"></testcase><testcase  name="not-wf-sa-095" time="0.036073" timestamp="2012-11-19T15:52:37" log="/home/karl/tmp/otp_tests/logs/xmerl_test_logs/ct_run.ct@devbox.2012-11-19_15.49.06/tests.xmerl_test.logs/run.2012-11-19_15.49.40/xmerl_std_suite.not-wf-sa-095.html"></testcase><testcase  name="not-wf-sa-094" time="0.030263" timestamp="2012-11-19T15:52:37" log="/home/karl/tmp/otp_tests/logs/xmerl_test_logs/ct_run.ct@devbox.2012-11-19_15.49.06/tests.xmerl_test.logs/run.2012-11-19_15.49.40/xmerl_std_suite.not-wf-sa-094.html"></testcase><testcase  name="not-wf-sa-093" time="0.029060" timestamp="2012-11-19T15:52:37" log="/home/karl/tmp/otp_tests/logs/xmerl_test_logs/ct_run.ct@devbox.2012-11-19_15.49.06/tests.xmerl_test.logs/run.2012-11-19_15.49.40/xmerl_std_suite.not-wf-sa-093.html"></testcase><testcase  name="not-wf-sa-092" time="0.040498" timestamp="2012-11-19T15:52:38" log="/home/karl/tmp/otp_tests/logs/xmerl_test_logs/ct_run.ct@devbox.2012-11-19_15.49.06/tests.xmerl_test.logs/run.2012-11-19_15.49.40/xmerl_std_suite.not-wf-sa-092.html"></testcase><testcase  name="not-wf-sa-091" time="0.030483" timestamp="2012-11-19T15:52:38" log="/home/karl/tmp/otp_tests/logs/xmerl_test_logs/ct_run.ct@devbox.2012-11-19_15.49.06/tests.xmerl_test.logs/run.2012-11-19_15.49.40/xmerl_std_suite.not-wf-sa-091.html"></testcase><testcase  name="not-wf-sa-090" time="0.030753" timestamp="2012-11-19T15:52:38" log="/home/karl/tmp/otp_tests/logs/xmerl_test_logs/ct_run.ct@devbox.2012-11-19_15.49.06/tests.xmerl_test.logs/run.2012-11-19_15.49.40/xmerl_std_suite.not-wf-sa-090.html"></testcase><testcase  name="not-wf-sa-089" time="0.035405" timestamp="2012-11-19T15:52:38" log="/home/karl/tmp/otp_tests/logs/xmerl_test_logs/ct_run.ct@devbox.2012-11-19_15.49.06/tests.xmerl_test.logs/run.2012-11-19_15.49.40/xmerl_std_suite.not-wf-sa-089.html"></testcase><testcase  name="not-wf-sa-088" time="0.043414" timestamp="2012-11-19T15:52:38" log="/home/karl/tmp/otp_tests/logs/xmerl_test_logs/ct_run.ct@devbox.2012-11-19_15.49.06/tests.xmerl_test.logs/run.2012-11-19_15.49.40/xmerl_std_suite.not-wf-sa-088.html"></testcase><testcase  name="not-wf-sa-087" time="0.044263" timestamp="2012-11-19T15:52:38" log="/home/karl/tmp/otp_tests/logs/xmerl_test_logs/ct_run.ct@devbox.2012-11-19_15.49.06/tests.xmerl_test.logs/run.2012-11-19_15.49.40/xmerl_std_suite.not-wf-sa-087.html"></testcase><testcase  name="not-wf-sa-086" time="0.030994" timestamp="2012-11-19T15:52:38" log="/home/karl/tmp/otp_tests/logs/xmerl_test_logs/ct_run.ct@devbox.2012-11-19_15.49.06/tests.xmerl_test.logs/run.2012-11-19_15.49.40/xmerl_std_suite.not-wf-sa-086.html"></testcase><testcase  name="not-wf-sa-085" time="0.038955" timestamp="2012-11-19T15:52:38" log="/home/karl/tmp/otp_tests/logs/xmerl_test_logs/ct_run.ct@devbox.2012-11-19_15.49.06/tests.xmerl_test.logs/run.2012-11-19_15.49.40/xmerl_std_suite.not-wf-sa-085.html"></testcase><testcase  name="not-wf-sa-084" time="0.032126" timestamp="2012-11-19T15:52:38" log="/home/karl/tmp/otp_tests/logs/xmerl_test_logs/ct_run.ct@devbox.2012-11-19_15.49.06/tests.xmerl_test.logs/run.2012-11-19_15.49.40/xmerl_std_suite.not-wf-sa-084.html"></testcase><testcase  name="not-wf-sa-083" time="0.043884" timestamp="2012-11-19T15:52:38" log="/home/karl/tmp/otp_tests/logs/xmerl_test_logs/ct_run.ct@devbox.2012-11-19_15.49.06/tests.xmerl_test.logs/run.2012-11-19_15.49.40/xmerl_std_suite.not-wf-sa-083.html"></testcase><testcase  name="not-wf-sa-082" time="0.032535" timestamp="2012-11-19T15:52:38" log="/home/karl/tmp/otp_tests/logs/xmerl_test_logs/ct_run.ct@devbox.2012-11-19_15.49.06/tests.xmerl_test.logs/run.2012-11-19_15.49.40/xmerl_std_suite.not-wf-sa-082.html"></testcase><testcase  name="not-wf-sa-081" time="0.038125" timestamp="2012-11-19T15:52:39" log="/home/karl/tmp/otp_tests/logs/xmerl_test_logs/ct_run.ct@devbox.2012-11-19_15.49.06/tests.xmerl_test.logs/run.2012-11-19_15.49.40/xmerl_std_suite.not-wf-sa-081.html"></testcase><testcase  name="not-wf-sa-080" time="0.030798" timestamp="2012-11-19T15:52:39" log="/home/karl/tmp/otp_tests/logs/xmerl_test_logs/ct_run.ct@devbox.2012-11-19_15.49.06/tests.xmerl_test.logs/run.2012-11-19_15.49.40/xmerl_std_suite.not-wf-sa-080.html"></testcase><testcase  name="not-wf-sa-079" time="0.029987" timestamp="2012-11-19T15:52:39" log="/home/karl/tmp/otp_tests/logs/xmerl_test_logs/ct_run.ct@devbox.2012-11-19_15.49.06/tests.xmerl_test.logs/run.2012-11-19_15.49.40/xmerl_std_suite.not-wf-sa-079.html"></testcase><testcase  name="not-wf-sa-078" time="0.033090" timestamp="2012-11-19T15:52:39" log="/home/karl/tmp/otp_tests/logs/xmerl_test_logs/ct_run.ct@devbox.2012-11-19_15.49.06/tests.xmerl_test.logs/run.2012-11-19_15.49.40/xmerl_std_suite.not-wf-sa-078.html"></testcase><testcase  name="not-wf-sa-077" time="0.036899" timestamp="2012-11-19T15:52:39" log="/home/karl/tmp/otp_tests/logs/xmerl_test_logs/ct_run.ct@devbox.2012-11-19_15.49.06/tests.xmerl_test.logs/run.2012-11-19_15.49.40/xmerl_std_suite.not-wf-sa-077.html"></testcase><testcase  name="not-wf-sa-076" time="0.038855" timestamp="2012-11-19T15:52:39" log="/home/karl/tmp/otp_tests/logs/xmerl_test_logs/ct_run.ct@devbox.2012-11-19_15.49.06/tests.xmerl_test.logs/run.2012-11-19_15.49.40/xmerl_std_suite.not-wf-sa-076.html"></testcase><testcase  name="not-wf-sa-075" time="0.032700" timestamp="2012-11-19T15:52:39" log="/home/karl/tmp/otp_tests/logs/xmerl_test_logs/ct_run.ct@devbox.2012-11-19_15.49.06/tests.xmerl_test.logs/run.2012-11-19_15.49.40/xmerl_std_suite.not-wf-sa-075.html"></testcase><testcase  name="not-wf-sa-074" time="0.031406" timestamp="2012-11-19T15:52:39" log="/home/karl/tmp/otp_tests/logs/xmerl_test_logs/ct_run.ct@devbox.2012-11-19_15.49.06/tests.xmerl_test.logs/run.2012-11-19_15.49.40/xmerl_std_suite.not-wf-sa-074.html"></testcase><testcase  name="not-wf-sa-073" time="0.035577" timestamp="2012-11-19T15:52:39" log="/home/karl/tmp/otp_tests/logs/xmerl_test_logs/ct_run.ct@devbox.2012-11-19_15.49.06/tests.xmerl_test.logs/run.2012-11-19_15.49.40/xmerl_std_suite.not-wf-sa-073.html"></testcase><testcase  name="not-wf-sa-072" time="0.039651" timestamp="2012-11-19T15:52:39" log="/home/karl/tmp/otp_tests/logs/xmerl_test_logs/ct_run.ct@devbox.2012-11-19_15.49.06/tests.xmerl_test.logs/run.2012-11-19_15.49.40/xmerl_std_suite.not-wf-sa-072.html"></testcase><testcase  name="not-wf-sa-071" time="0.039388" timestamp="2012-11-19T15:52:39" log="/home/karl/tmp/otp_tests/logs/xmerl_test_logs/ct_run.ct@devbox.2012-11-19_15.49.06/tests.xmerl_test.logs/run.2012-11-19_15.49.40/xmerl_std_suite.not-wf-sa-071.html"></testcase><testcase  name="not-wf-sa-070" time="0.038740" timestamp="2012-11-19T15:52:40" log="/home/karl/tmp/otp_tests/logs/xmerl_test_logs/ct_run.ct@devbox.2012-11-19_15.49.06/tests.xmerl_test.logs/run.2012-11-19_15.49.40/xmerl_std_suite.not-wf-sa-070.html"></testcase><testcase  name="not-wf-sa-069" time="0.042798" timestamp="2012-11-19T15:52:40" log="/home/karl/tmp/otp_tests/logs/xmerl_test_logs/ct_run.ct@devbox.2012-11-19_15.49.06/tests.xmerl_test.logs/run.2012-11-19_15.49.40/xmerl_std_suite.not-wf-sa-069.html"></testcase><testcase  name="not-wf-sa-068" time="0.031896" timestamp="2012-11-19T15:52:40" log="/home/karl/tmp/otp_tests/logs/xmerl_test_logs/ct_run.ct@devbox.2012-11-19_15.49.06/tests.xmerl_test.logs/run.2012-11-19_15.49.40/xmerl_std_suite.not-wf-sa-068.html"></testcase><testcase  name="not-wf-sa-067" time="0.031001" timestamp="2012-11-19T15:52:40" log="/home/karl/tmp/otp_tests/logs/xmerl_test_logs/ct_run.ct@devbox.2012-11-19_15.49.06/tests.xmerl_test.logs/run.2012-11-19_15.49.40/xmerl_std_suite.not-wf-sa-067.html"></testcase><testcase  name="not-wf-sa-066" time="0.028574" timestamp="2012-11-19T15:52:40" log="/home/karl/tmp/otp_tests/logs/xmerl_test_logs/ct_run.ct@devbox.2012-11-19_15.49.06/tests.xmerl_test.logs/run.2012-11-19_15.49.40/xmerl_std_suite.not-wf-sa-066.html"></testcase><testcase  name="not-wf-sa-065" time="0.035151" timestamp="2012-11-19T15:52:40" log="/home/karl/tmp/otp_tests/logs/xmerl_test_logs/ct_run.ct@devbox.2012-11-19_15.49.06/tests.xmerl_test.logs/run.2012-11-19_15.49.40/xmerl_std_suite.not-wf-sa-065.html"></testcase><testcase  name="not-wf-sa-064" time="0.032849" timestamp="2012-11-19T15:52:40" log="/home/karl/tmp/otp_tests/logs/xmerl_test_logs/ct_run.ct@devbox.2012-11-19_15.49.06/tests.xmerl_test.logs/run.2012-11-19_15.49.40/xmerl_std_suite.not-wf-sa-064.html"></testcase><testcase  name="not-wf-sa-063" time="0.029952" timestamp="2012-11-19T15:52:40" log="/home/karl/tmp/otp_tests/logs/xmerl_test_logs/ct_run.ct@devbox.2012-11-19_15.49.06/tests.xmerl_test.logs/run.2012-11-19_15.49.40/xmerl_std_suite.not-wf-sa-063.html"></testcase><testcase  name="not-wf-sa-062" time="0.029074" timestamp="2012-11-19T15:52:40" log="/home/karl/tmp/otp_tests/logs/xmerl_test_logs/ct_run.ct@devbox.2012-11-19_15.49.06/tests.xmerl_test.logs/run.2012-11-19_15.49.40/xmerl_std_suite.not-wf-sa-062.html"></testcase><testcase  name="not-wf-sa-061" time="0.029642" timestamp="2012-11-19T15:52:40" log="/home/karl/tmp/otp_tests/logs/xmerl_test_logs/ct_run.ct@devbox.2012-11-19_15.49.06/tests.xmerl_test.logs/run.2012-11-19_15.49.40/xmerl_std_suite.not-wf-sa-061.html"></testcase><testcase  name="not-wf-sa-060" time="0.028931" timestamp="2012-11-19T15:52:40" log="/home/karl/tmp/otp_tests/logs/xmerl_test_logs/ct_run.ct@devbox.2012-11-19_15.49.06/tests.xmerl_test.logs/run.2012-11-19_15.49.40/xmerl_std_suite.not-wf-sa-060.html"></testcase><testcase  name="not-wf-sa-059" time="0.030009" timestamp="2012-11-19T15:52:40" log="/home/karl/tmp/otp_tests/logs/xmerl_test_logs/ct_run.ct@devbox.2012-11-19_15.49.06/tests.xmerl_test.logs/run.2012-11-19_15.49.40/xmerl_std_suite.not-wf-sa-059.html"></testcase><testcase  name="not-wf-sa-058" time="0.044061" timestamp="2012-11-19T15:52:41" log="/home/karl/tmp/otp_tests/logs/xmerl_test_logs/ct_run.ct@devbox.2012-11-19_15.49.06/tests.xmerl_test.logs/run.2012-11-19_15.49.40/xmerl_std_suite.not-wf-sa-058.html"></testcase><testcase  name="not-wf-sa-057" time="0.029907" timestamp="2012-11-19T15:52:41" log="/home/karl/tmp/otp_tests/logs/xmerl_test_logs/ct_run.ct@devbox.2012-11-19_15.49.06/tests.xmerl_test.logs/run.2012-11-19_15.49.40/xmerl_std_suite.not-wf-sa-057.html"></testcase><testcase  name="not-wf-sa-056" time="0.029632" timestamp="2012-11-19T15:52:41" log="/home/karl/tmp/otp_tests/logs/xmerl_test_logs/ct_run.ct@devbox.2012-11-19_15.49.06/tests.xmerl_test.logs/run.2012-11-19_15.49.40/xmerl_std_suite.not-wf-sa-056.html"></testcase><testcase  name="not-wf-sa-055" time="0.028590" timestamp="2012-11-19T15:52:41" log="/home/karl/tmp/otp_tests/logs/xmerl_test_logs/ct_run.ct@devbox.2012-11-19_15.49.06/tests.xmerl_test.logs/run.2012-11-19_15.49.40/xmerl_std_suite.not-wf-sa-055.html"></testcase><testcase  name="not-wf-sa-054" time="0.028005" timestamp="2012-11-19T15:52:41" log="/home/karl/tmp/otp_tests/logs/xmerl_test_logs/ct_run.ct@devbox.2012-11-19_15.49.06/tests.xmerl_test.logs/run.2012-11-19_15.49.40/xmerl_std_suite.not-wf-sa-054.html"></testcase><testcase  name="not-wf-sa-053" time="0.034674" timestamp="2012-11-19T15:52:41" log="/home/karl/tmp/otp_tests/logs/xmerl_test_logs/ct_run.ct@devbox.2012-11-19_15.49.06/tests.xmerl_test.logs/run.2012-11-19_15.49.40/xmerl_std_suite.not-wf-sa-053.html"></testcase><testcase  name="not-wf-sa-052" time="0.031832" timestamp="2012-11-19T15:52:41" log="/home/karl/tmp/otp_tests/logs/xmerl_test_logs/ct_run.ct@devbox.2012-11-19_15.49.06/tests.xmerl_test.logs/run.2012-11-19_15.49.40/xmerl_std_suite.not-wf-sa-052.html"></testcase><testcase  name="not-wf-sa-051" time="0.030376" timestamp="2012-11-19T15:52:41" log="/home/karl/tmp/otp_tests/logs/xmerl_test_logs/ct_run.ct@devbox.2012-11-19_15.49.06/tests.xmerl_test.logs/run.2012-11-19_15.49.40/xmerl_std_suite.not-wf-sa-051.html"></testcase><testcase  name="not-wf-sa-050" time="0.028830" timestamp="2012-11-19T15:52:41" log="/home/karl/tmp/otp_tests/logs/xmerl_test_logs/ct_run.ct@devbox.2012-11-19_15.49.06/tests.xmerl_test.logs/run.2012-11-19_15.49.40/xmerl_std_suite.not-wf-sa-050.html"></testcase><testcase  name="not-wf-sa-049" time="0.029292" timestamp="2012-11-19T15:52:41" log="/home/karl/tmp/otp_tests/logs/xmerl_test_logs/ct_run.ct@devbox.2012-11-19_15.49.06/tests.xmerl_test.logs/run.2012-11-19_15.49.40/xmerl_std_suite.not-wf-sa-049.html"></testcase><testcase  name="not-wf-sa-048" time="0.030171" timestamp="2012-11-19T15:52:41" log="/home/karl/tmp/otp_tests/logs/xmerl_test_logs/ct_run.ct@devbox.2012-11-19_15.49.06/tests.xmerl_test.logs/run.2012-11-19_15.49.40/xmerl_std_suite.not-wf-sa-048.html"></testcase><testcase  name="not-wf-sa-047" time="0.037801" timestamp="2012-11-19T15:52:41" log="/home/karl/tmp/otp_tests/logs/xmerl_test_logs/ct_run.ct@devbox.2012-11-19_15.49.06/tests.xmerl_test.logs/run.2012-11-19_15.49.40/xmerl_std_suite.not-wf-sa-047.html"></testcase><testcase  name="not-wf-sa-046" time="0.036515" timestamp="2012-11-19T15:52:42" log="/home/karl/tmp/otp_tests/logs/xmerl_test_logs/ct_run.ct@devbox.2012-11-19_15.49.06/tests.xmerl_test.logs/run.2012-11-19_15.49.40/xmerl_std_suite.not-wf-sa-046.html"></testcase><testcase  name="not-wf-sa-045" time="0.031036" timestamp="2012-11-19T15:52:42" log="/home/karl/tmp/otp_tests/logs/xmerl_test_logs/ct_run.ct@devbox.2012-11-19_15.49.06/tests.xmerl_test.logs/run.2012-11-19_15.49.40/xmerl_std_suite.not-wf-sa-045.html"></testcase><testcase  name="not-wf-sa-044" time="0.031834" timestamp="2012-11-19T15:52:42" log="/home/karl/tmp/otp_tests/logs/xmerl_test_logs/ct_run.ct@devbox.2012-11-19_15.49.06/tests.xmerl_test.logs/run.2012-11-19_15.49.40/xmerl_std_suite.not-wf-sa-044.html"></testcase><testcase  name="not-wf-sa-043" time="0.029771" timestamp="2012-11-19T15:52:42" log="/home/karl/tmp/otp_tests/logs/xmerl_test_logs/ct_run.ct@devbox.2012-11-19_15.49.06/tests.xmerl_test.logs/run.2012-11-19_15.49.40/xmerl_std_suite.not-wf-sa-043.html"></testcase><testcase  name="not-wf-sa-042" time="0.029458" timestamp="2012-11-19T15:52:42" log="/home/karl/tmp/otp_tests/logs/xmerl_test_logs/ct_run.ct@devbox.2012-11-19_15.49.06/tests.xmerl_test.logs/run.2012-11-19_15.49.40/xmerl_std_suite.not-wf-sa-042.html"></testcase><testcase  name="not-wf-sa-041" time="0.035981" timestamp="2012-11-19T15:52:42" log="/home/karl/tmp/otp_tests/logs/xmerl_test_logs/ct_run.ct@devbox.2012-11-19_15.49.06/tests.xmerl_test.logs/run.2012-11-19_15.49.40/xmerl_std_suite.not-wf-sa-041.html"></testcase><testcase  name="not-wf-sa-040" time="0.029061" timestamp="2012-11-19T15:52:42" log="/home/karl/tmp/otp_tests/logs/xmerl_test_logs/ct_run.ct@devbox.2012-11-19_15.49.06/tests.xmerl_test.logs/run.2012-11-19_15.49.40/xmerl_std_suite.not-wf-sa-040.html"></testcase><testcase  name="not-wf-sa-039" time="0.033854" timestamp="2012-11-19T15:52:42" log="/home/karl/tmp/otp_tests/logs/xmerl_test_logs/ct_run.ct@devbox.2012-11-19_15.49.06/tests.xmerl_test.logs/run.2012-11-19_15.49.40/xmerl_std_suite.not-wf-sa-039.html"></testcase><testcase  name="not-wf-sa-038" time="0.029429" timestamp="2012-11-19T15:52:42" log="/home/karl/tmp/otp_tests/logs/xmerl_test_logs/ct_run.ct@devbox.2012-11-19_15.49.06/tests.xmerl_test.logs/run.2012-11-19_15.49.40/xmerl_std_suite.not-wf-sa-038.html"></testcase><testcase  name="not-wf-sa-037" time="0.029110" timestamp="2012-11-19T15:52:42" log="/home/karl/tmp/otp_tests/logs/xmerl_test_logs/ct_run.ct@devbox.2012-11-19_15.49.06/tests.xmerl_test.logs/run.2012-11-19_15.49.40/xmerl_std_suite.not-wf-sa-037.html"></testcase><testcase  name="not-wf-sa-036" time="0.029266" timestamp="2012-11-19T15:52:42" log="/home/karl/tmp/otp_tests/logs/xmerl_test_logs/ct_run.ct@devbox.2012-11-19_15.49.06/tests.xmerl_test.logs/run.2012-11-19_15.49.40/xmerl_std_suite.not-wf-sa-036.html"></testcase><testcase  name="not-wf-sa-035" time="0.028731" timestamp="2012-11-19T15:52:42" log="/home/karl/tmp/otp_tests/logs/xmerl_test_logs/ct_run.ct@devbox.2012-11-19_15.49.06/tests.xmerl_test.logs/run.2012-11-19_15.49.40/xmerl_std_suite.not-wf-sa-035.html"></testcase><testcase  name="not-wf-sa-034" time="0.029892" timestamp="2012-11-19T15:52:43" log="/home/karl/tmp/otp_tests/logs/xmerl_test_logs/ct_run.ct@devbox.2012-11-19_15.49.06/tests.xmerl_test.logs/run.2012-11-19_15.49.40/xmerl_std_suite.not-wf-sa-034.html"></testcase><testcase  name="not-wf-sa-033" time="0.038197" timestamp="2012-11-19T15:52:43" log="/home/karl/tmp/otp_tests/logs/xmerl_test_logs/ct_run.ct@devbox.2012-11-19_15.49.06/tests.xmerl_test.logs/run.2012-11-19_15.49.40/xmerl_std_suite.not-wf-sa-033.html"></testcase><testcase  name="not-wf-sa-032" time="0.031142" timestamp="2012-11-19T15:52:43" log="/home/karl/tmp/otp_tests/logs/xmerl_test_logs/ct_run.ct@devbox.2012-11-19_15.49.06/tests.xmerl_test.logs/run.2012-11-19_15.49.40/xmerl_std_suite.not-wf-sa-032.html"></testcase><testcase  name="not-wf-sa-031" time="0.030136" timestamp="2012-11-19T15:52:43" log="/home/karl/tmp/otp_tests/logs/xmerl_test_logs/ct_run.ct@devbox.2012-11-19_15.49.06/tests.xmerl_test.logs/run.2012-11-19_15.49.40/xmerl_std_suite.not-wf-sa-031.html"></testcase><testcase  name="not-wf-sa-030" time="0.040752" timestamp="2012-11-19T15:52:43" log="/home/karl/tmp/otp_tests/logs/xmerl_test_logs/ct_run.ct@devbox.2012-11-19_15.49.06/tests.xmerl_test.logs/run.2012-11-19_15.49.40/xmerl_std_suite.not-wf-sa-030.html"></testcase><testcase  name="not-wf-sa-029" time="0.045274" timestamp="2012-11-19T15:52:43" log="/home/karl/tmp/otp_tests/logs/xmerl_test_logs/ct_run.ct@devbox.2012-11-19_15.49.06/tests.xmerl_test.logs/run.2012-11-19_15.49.40/xmerl_std_suite.not-wf-sa-029.html"></testcase><testcase  name="not-wf-sa-028" time="0.033354" timestamp="2012-11-19T15:52:43" log="/home/karl/tmp/otp_tests/logs/xmerl_test_logs/ct_run.ct@devbox.2012-11-19_15.49.06/tests.xmerl_test.logs/run.2012-11-19_15.49.40/xmerl_std_suite.not-wf-sa-028.html"></testcase><testcase  name="not-wf-sa-027" time="0.037862" timestamp="2012-11-19T15:52:43" log="/home/karl/tmp/otp_tests/logs/xmerl_test_logs/ct_run.ct@devbox.2012-11-19_15.49.06/tests.xmerl_test.logs/run.2012-11-19_15.49.40/xmerl_std_suite.not-wf-sa-027.html"></testcase><testcase  name="not-wf-sa-026" time="0.030711" timestamp="2012-11-19T15:52:43" log="/home/karl/tmp/otp_tests/logs/xmerl_test_logs/ct_run.ct@devbox.2012-11-19_15.49.06/tests.xmerl_test.logs/run.2012-11-19_15.49.40/xmerl_std_suite.not-wf-sa-026.html"></testcase><testcase  name="not-wf-sa-025" time="0.030394" timestamp="2012-11-19T15:52:43" log="/home/karl/tmp/otp_tests/logs/xmerl_test_logs/ct_run.ct@devbox.2012-11-19_15.49.06/tests.xmerl_test.logs/run.2012-11-19_15.49.40/xmerl_std_suite.not-wf-sa-025.html"></testcase><testcase  name="not-wf-sa-024" time="0.038174" timestamp="2012-11-19T15:52:44" log="/home/karl/tmp/otp_tests/logs/xmerl_test_logs/ct_run.ct@devbox.2012-11-19_15.49.06/tests.xmerl_test.logs/run.2012-11-19_15.49.40/xmerl_std_suite.not-wf-sa-024.html"></testcase><testcase  name="not-wf-sa-023" time="0.040801" timestamp="2012-11-19T15:52:44" log="/home/karl/tmp/otp_tests/logs/xmerl_test_logs/ct_run.ct@devbox.2012-11-19_15.49.06/tests.xmerl_test.logs/run.2012-11-19_15.49.40/xmerl_std_suite.not-wf-sa-023.html"></testcase><testcase  name="not-wf-sa-022" time="0.030756" timestamp="2012-11-19T15:52:44" log="/home/karl/tmp/otp_tests/logs/xmerl_test_logs/ct_run.ct@devbox.2012-11-19_15.49.06/tests.xmerl_test.logs/run.2012-11-19_15.49.40/xmerl_std_suite.not-wf-sa-022.html"></testcase><testcase  name="not-wf-sa-021" time="0.035797" timestamp="2012-11-19T15:52:44" log="/home/karl/tmp/otp_tests/logs/xmerl_test_logs/ct_run.ct@devbox.2012-11-19_15.49.06/tests.xmerl_test.logs/run.2012-11-19_15.49.40/xmerl_std_suite.not-wf-sa-021.html"></testcase><testcase  name="not-wf-sa-020" time="0.030829" timestamp="2012-11-19T15:52:44" log="/home/karl/tmp/otp_tests/logs/xmerl_test_logs/ct_run.ct@devbox.2012-11-19_15.49.06/tests.xmerl_test.logs/run.2012-11-19_15.49.40/xmerl_std_suite.not-wf-sa-020.html"></testcase><testcase  name="not-wf-sa-019" time="0.029697" timestamp="2012-11-19T15:52:44" log="/home/karl/tmp/otp_tests/logs/xmerl_test_logs/ct_run.ct@devbox.2012-11-19_15.49.06/tests.xmerl_test.logs/run.2012-11-19_15.49.40/xmerl_std_suite.not-wf-sa-019.html"></testcase><testcase  name="not-wf-sa-018" time="0.045139" timestamp="2012-11-19T15:52:44" log="/home/karl/tmp/otp_tests/logs/xmerl_test_logs/ct_run.ct@devbox.2012-11-19_15.49.06/tests.xmerl_test.logs/run.2012-11-19_15.49.40/xmerl_std_suite.not-wf-sa-018.html"></testcase><testcase  name="not-wf-sa-017" time="0.030978" timestamp="2012-11-19T15:52:44" log="/home/karl/tmp/otp_tests/logs/xmerl_test_logs/ct_run.ct@devbox.2012-11-19_15.49.06/tests.xmerl_test.logs/run.2012-11-19_15.49.40/xmerl_std_suite.not-wf-sa-017.html"></testcase><testcase  name="not-wf-sa-016" time="0.029752" timestamp="2012-11-19T15:52:44" log="/home/karl/tmp/otp_tests/logs/xmerl_test_logs/ct_run.ct@devbox.2012-11-19_15.49.06/tests.xmerl_test.logs/run.2012-11-19_15.49.40/xmerl_std_suite.not-wf-sa-016.html"></testcase><testcase  name="not-wf-sa-015" time="0.035930" timestamp="2012-11-19T15:52:44" log="/home/karl/tmp/otp_tests/logs/xmerl_test_logs/ct_run.ct@devbox.2012-11-19_15.49.06/tests.xmerl_test.logs/run.2012-11-19_15.49.40/xmerl_std_suite.not-wf-sa-015.html"></testcase><testcase  name="not-wf-sa-014" time="0.031205" timestamp="2012-11-19T15:52:44" log="/home/karl/tmp/otp_tests/logs/xmerl_test_logs/ct_run.ct@devbox.2012-11-19_15.49.06/tests.xmerl_test.logs/run.2012-11-19_15.49.40/xmerl_std_suite.not-wf-sa-014.html"></testcase><testcase  name="not-wf-sa-013" time="0.030026" timestamp="2012-11-19T15:52:44" log="/home/karl/tmp/otp_tests/logs/xmerl_test_logs/ct_run.ct@devbox.2012-11-19_15.49.06/tests.xmerl_test.logs/run.2012-11-19_15.49.40/xmerl_std_suite.not-wf-sa-013.html"></testcase><testcase  name="not-wf-sa-012" time="0.030416" timestamp="2012-11-19T15:52:45" log="/home/karl/tmp/otp_tests/logs/xmerl_test_logs/ct_run.ct@devbox.2012-11-19_15.49.06/tests.xmerl_test.logs/run.2012-11-19_15.49.40/xmerl_std_suite.not-wf-sa-012.html"></testcase><testcase  name="not-wf-sa-011" time="0.041710" timestamp="2012-11-19T15:52:45" log="/home/karl/tmp/otp_tests/logs/xmerl_test_logs/ct_run.ct@devbox.2012-11-19_15.49.06/tests.xmerl_test.logs/run.2012-11-19_15.49.40/xmerl_std_suite.not-wf-sa-011.html"></testcase><testcase  name="not-wf-sa-010" time="0.030999" timestamp="2012-11-19T15:52:45" log="/home/karl/tmp/otp_tests/logs/xmerl_test_logs/ct_run.ct@devbox.2012-11-19_15.49.06/tests.xmerl_test.logs/run.2012-11-19_15.49.40/xmerl_std_suite.not-wf-sa-010.html"></testcase><testcase  name="not-wf-sa-009" time="0.038503" timestamp="2012-11-19T15:52:45" log="/home/karl/tmp/otp_tests/logs/xmerl_test_logs/ct_run.ct@devbox.2012-11-19_15.49.06/tests.xmerl_test.logs/run.2012-11-19_15.49.40/xmerl_std_suite.not-wf-sa-009.html"></testcase><testcase  name="not-wf-sa-008" time="0.031928" timestamp="2012-11-19T15:52:45" log="/home/karl/tmp/otp_tests/logs/xmerl_test_logs/ct_run.ct@devbox.2012-11-19_15.49.06/tests.xmerl_test.logs/run.2012-11-19_15.49.40/xmerl_std_suite.not-wf-sa-008.html"></testcase><testcase  name="not-wf-sa-007" time="0.036338" timestamp="2012-11-19T15:52:45" log="/home/karl/tmp/otp_tests/logs/xmerl_test_logs/ct_run.ct@devbox.2012-11-19_15.49.06/tests.xmerl_test.logs/run.2012-11-19_15.49.40/xmerl_std_suite.not-wf-sa-007.html"></testcase><testcase  name="not-wf-sa-006" time="0.030855" timestamp="2012-11-19T15:52:45" log="/home/karl/tmp/otp_tests/logs/xmerl_test_logs/ct_run.ct@devbox.2012-11-19_15.49.06/tests.xmerl_test.logs/run.2012-11-19_15.49.40/xmerl_std_suite.not-wf-sa-006.html"></testcase><testcase  name="not-wf-sa-005" time="0.028831" timestamp="2012-11-19T15:52:45" log="/home/karl/tmp/otp_tests/logs/xmerl_test_logs/ct_run.ct@devbox.2012-11-19_15.49.06/tests.xmerl_test.logs/run.2012-11-19_15.49.40/xmerl_std_suite.not-wf-sa-005.html"></testcase><testcase  name="not-wf-sa-004" time="0.030215" timestamp="2012-11-19T15:52:45" log="/home/karl/tmp/otp_tests/logs/xmerl_test_logs/ct_run.ct@devbox.2012-11-19_15.49.06/tests.xmerl_test.logs/run.2012-11-19_15.49.40/xmerl_std_suite.not-wf-sa-004.html"></testcase><testcase  name="not-wf-sa-003" time="0.032679" timestamp="2012-11-19T15:52:45" log="/home/karl/tmp/otp_tests/logs/xmerl_test_logs/ct_run.ct@devbox.2012-11-19_15.49.06/tests.xmerl_test.logs/run.2012-11-19_15.49.40/xmerl_std_suite.not-wf-sa-003.html"></testcase><testcase  name="not-wf-sa-002" time="0.038542" timestamp="2012-11-19T15:52:45" log="/home/karl/tmp/otp_tests/logs/xmerl_test_logs/ct_run.ct@devbox.2012-11-19_15.49.06/tests.xmerl_test.logs/run.2012-11-19_15.49.40/xmerl_std_suite.not-wf-sa-002.html"></testcase><testcase  name="not-wf-sa-001" time="0.035480" timestamp="2012-11-19T15:52:45" log="/home/karl/tmp/otp_tests/logs/xmerl_test_logs/ct_run.ct@devbox.2012-11-19_15.49.06/tests.xmerl_test.logs/run.2012-11-19_15.49.40/xmerl_std_suite.not-wf-sa-001.html"></testcase><testcase  name="japanese-weekly-utf-8" time="0.030089" timestamp="2012-11-19T15:52:46" log="/home/karl/tmp/otp_tests/logs/xmerl_test_logs/ct_run.ct@devbox.2012-11-19_15.49.06/tests.xmerl_test.logs/run.2012-11-19_15.49.40/xmerl_std_suite.japanese-weekly-utf-8.html"><skipped type="skip" message="Test japanese-weekly-utf-8 in xmerl_std_SUITE skipped!">{tc_user_skip,{skipped,[&quot;UTF-8 encoding of japanese characters&quot;]}}</skipped></testcase><testcase  name="japanese-weekly-utf-16" time="0.043064" timestamp="2012-11-19T15:52:46" log="/home/karl/tmp/otp_tests/logs/xmerl_test_logs/ct_run.ct@devbox.2012-11-19_15.49.06/tests.xmerl_test.logs/run.2012-11-19_15.49.40/xmerl_std_suite.japanese-weekly-utf-16.html"><skipped type="skip" message="Test japanese-weekly-utf-16 in xmerl_std_SUITE skipped!">{tc_user_skip,{skipped,[&quot;Test support for UTF-16 encoding, and XML names which contain Japanese characters.&quot;]}}</skipped></testcase><testcase  name="japanese-weekly-shift_jis" time="0.059065" timestamp="2012-11-19T15:52:46" log="/home/karl/tmp/otp_tests/logs/xmerl_test_logs/ct_run.ct@devbox.2012-11-19_15.49.06/tests.xmerl_test.logs/run.2012-11-19_15.49.40/xmerl_std_suite.japanese-weekly-shift_jis.html"></testcase><testcase  name="japanese-weekly-little" time="0.036199" timestamp="2012-11-19T15:52:46" log="/home/karl/tmp/otp_tests/logs/xmerl_test_logs/ct_run.ct@devbox.2012-11-19_15.49.06/tests.xmerl_test.logs/run.2012-11-19_15.49.40/xmerl_std_suite.japanese-weekly-little.html"><skipped type="skip" message="Test japanese-weekly-little in xmerl_std_SUITE skipped!">{tc_user_skip,{skipped,[&quot;Test support for little-endian UTF-16 encoding, and XML names which contain Japanese characters.&quot;]}}</skipped></testcase><testcase  name="japanese-weekly-iso-2022-jp" time="0.061114" timestamp="2012-11-19T15:52:46" log="/home/karl/tmp/otp_tests/logs/xmerl_test_logs/ct_run.ct@devbox.2012-11-19_15.49.06/tests.xmerl_test.logs/run.2012-11-19_15.49.40/xmerl_std_suite.japanese-weekly-iso-2022-jp.html"></testcase><testcase  name="japanese-weekly-euc-jp" time="0.039927" timestamp="2012-11-19T15:52:46" log="/home/karl/tmp/otp_tests/logs/xmerl_test_logs/ct_run.ct@devbox.2012-11-19_15.49.06/tests.xmerl_test.logs/run.2012-11-19_15.49.40/xmerl_std_suite.japanese-weekly-euc-jp.html"></testcase><testcase  name="japanese-pr-xml-utf-8" time="0.032914" timestamp="2012-11-19T15:52:46" log="/home/karl/tmp/otp_tests/logs/xmerl_test_logs/ct_run.ct@devbox.2012-11-19_15.49.06/tests.xmerl_test.logs/run.2012-11-19_15.49.40/xmerl_std_suite.japanese-pr-xml-utf-8.html"><skipped type="skip" message="Test japanese-pr-xml-utf-8 in xmerl_std_SUITE skipped!">{tc_user_skip,{skipped,[&quot;Test support for UTF-8 text which relies on Japanese characters&quot;]}}</skipped></testcase><testcase  name="japanese-pr-xml-utf-16" time="0.039402" timestamp="2012-11-19T15:52:47" log="/home/karl/tmp/otp_tests/logs/xmerl_test_logs/ct_run.ct@devbox.2012-11-19_15.49.06/tests.xmerl_test.logs/run.2012-11-19_15.49.40/xmerl_std_suite.japanese-pr-xml-utf-16.html"><skipped type="skip" message="Test japanese-pr-xml-utf-16 in xmerl_std_SUITE skipped!">{tc_user_skip,{skipped,[&quot;Test support UTF-16 text which relies on Japanese characters.&quot;]}}</skipped></testcase><testcase  name="japanese-pr-xml-shift_jis" time="0.052274" timestamp="2012-11-19T15:52:47" log="/home/karl/tmp/otp_tests/logs/xmerl_test_logs/ct_run.ct@devbox.2012-11-19_15.49.06/tests.xmerl_test.logs/run.2012-11-19_15.49.40/xmerl_std_suite.japanese-pr-xml-shift_jis.html"></testcase><testcase  name="japanese-pr-xml-little" time="0.030971" timestamp="2012-11-19T15:52:47" log="/home/karl/tmp/otp_tests/logs/xmerl_test_logs/ct_run.ct@devbox.2012-11-19_15.49.06/tests.xmerl_test.logs/run.2012-11-19_15.49.40/xmerl_std_suite.japanese-pr-xml-little.html"><skipped type="skip" message="Test japanese-pr-xml-little in xmerl_std_SUITE skipped!">{tc_user_skip,{skipped,[&quot;Test support for little-endian UTF-16 text which relies on Japanese characters.&quot;]}}</skipped></testcase><testcase  name="japanese-pr-xml-iso-2022-jp" time="0.058230" timestamp="2012-11-19T15:52:47" log="/home/karl/tmp/otp_tests/logs/xmerl_test_logs/ct_run.ct@devbox.2012-11-19_15.49.06/tests.xmerl_test.logs/run.2012-11-19_15.49.40/xmerl_std_suite.japanese-pr-xml-iso-2022-jp.html"></testcase><testcase  name="japanese-pr-xml-euc-jp" time="0.044147" timestamp="2012-11-19T15:52:47" log="/home/karl/tmp/otp_tests/logs/xmerl_test_logs/ct_run.ct@devbox.2012-11-19_15.49.06/tests.xmerl_test.logs/run.2012-11-19_15.49.40/xmerl_std_suite.japanese-pr-xml-euc-jp.html"></testcase><testcase  name="o-p11pass1" time="0.035105" timestamp="2012-11-19T15:52:47" log="/home/karl/tmp/otp_tests/logs/xmerl_test_logs/ct_run.ct@devbox.2012-11-19_15.49.06/tests.xmerl_test.logs/run.2012-11-19_15.49.40/xmerl_std_suite.o-p11pass1.html"></testcase><testcase  name="o-p76fail4" time="0.035230" timestamp="2012-11-19T15:52:47" log="/home/karl/tmp/otp_tests/logs/xmerl_test_logs/ct_run.ct@devbox.2012-11-19_15.49.06/tests.xmerl_test.logs/run.2012-11-19_15.49.40/xmerl_std_suite.o-p76fail4.html"></testcase><testcase  name="o-p76fail3" time="0.036545" timestamp="2012-11-19T15:52:47" log="/home/karl/tmp/otp_tests/logs/xmerl_test_logs/ct_run.ct@devbox.2012-11-19_15.49.06/tests.xmerl_test.logs/run.2012-11-19_15.49.40/xmerl_std_suite.o-p76fail3.html"></testcase><testcase  name="o-p76fail2" time="0.037172" timestamp="2012-11-19T15:52:48" log="/home/karl/tmp/otp_tests/logs/xmerl_test_logs/ct_run.ct@devbox.2012-11-19_15.49.06/tests.xmerl_test.logs/run.2012-11-19_15.49.40/xmerl_std_suite.o-p76fail2.html"></testcase><testcase  name="o-p76fail1" time="0.044379" timestamp="2012-11-19T15:52:48" log="/home/karl/tmp/otp_tests/logs/xmerl_test_logs/ct_run.ct@devbox.2012-11-19_15.49.06/tests.xmerl_test.logs/run.2012-11-19_15.49.40/xmerl_std_suite.o-p76fail1.html"></testcase><testcase  name="o-p75fail6" time="0.038693" timestamp="2012-11-19T15:52:48" log="/home/karl/tmp/otp_tests/logs/xmerl_test_logs/ct_run.ct@devbox.2012-11-19_15.49.06/tests.xmerl_test.logs/run.2012-11-19_15.49.40/xmerl_std_suite.o-p75fail6.html"></testcase><testcase  name="o-p75fail5" time="0.037267" timestamp="2012-11-19T15:52:48" log="/home/karl/tmp/otp_tests/logs/xmerl_test_logs/ct_run.ct@devbox.2012-11-19_15.49.06/tests.xmerl_test.logs/run.2012-11-19_15.49.40/xmerl_std_suite.o-p75fail5.html"></testcase><testcase  name="o-p75fail4" time="0.048360" timestamp="2012-11-19T15:52:48" log="/home/karl/tmp/otp_tests/logs/xmerl_test_logs/ct_run.ct@devbox.2012-11-19_15.49.06/tests.xmerl_test.logs/run.2012-11-19_15.49.40/xmerl_std_suite.o-p75fail4.html"></testcase><testcase  name="o-p75fail3" time="0.039465" timestamp="2012-11-19T15:52:48" log="/home/karl/tmp/otp_tests/logs/xmerl_test_logs/ct_run.ct@devbox.2012-11-19_15.49.06/tests.xmerl_test.logs/run.2012-11-19_15.49.40/xmerl_std_suite.o-p75fail3.html"></testcase><testcase  name="o-p75fail2" time="0.042963" timestamp="2012-11-19T15:52:48" log="/home/karl/tmp/otp_tests/logs/xmerl_test_logs/ct_run.ct@devbox.2012-11-19_15.49.06/tests.xmerl_test.logs/run.2012-11-19_15.49.40/xmerl_std_suite.o-p75fail2.html"></testcase><testcase  name="o-p75fail1" time="0.044904" timestamp="2012-11-19T15:52:48" log="/home/karl/tmp/otp_tests/logs/xmerl_test_logs/ct_run.ct@devbox.2012-11-19_15.49.06/tests.xmerl_test.logs/run.2012-11-19_15.49.40/xmerl_std_suite.o-p75fail1.html"></testcase><testcase  name="o-p74fail3" time="0.073727" timestamp="2012-11-19T15:52:48" log="/home/karl/tmp/otp_tests/logs/xmerl_test_logs/ct_run.ct@devbox.2012-11-19_15.49.06/tests.xmerl_test.logs/run.2012-11-19_15.49.40/xmerl_std_suite.o-p74fail3.html"></testcase><testcase  name="o-p74fail2" time="0.049298" timestamp="2012-11-19T15:52:49" log="/home/karl/tmp/otp_tests/logs/xmerl_test_logs/ct_run.ct@devbox.2012-11-19_15.49.06/tests.xmerl_test.logs/run.2012-11-19_15.49.40/xmerl_std_suite.o-p74fail2.html"></testcase><testcase  name="o-p74fail1" time="0.039552" timestamp="2012-11-19T15:52:49" log="/home/karl/tmp/otp_tests/logs/xmerl_test_logs/ct_run.ct@devbox.2012-11-19_15.49.06/tests.xmerl_test.logs/run.2012-11-19_15.49.40/xmerl_std_suite.o-p74fail1.html"></testcase><testcase  name="o-p73fail5" time="0.037957" timestamp="2012-11-19T15:52:49" log="/home/karl/tmp/otp_tests/logs/xmerl_test_logs/ct_run.ct@devbox.2012-11-19_15.49.06/tests.xmerl_test.logs/run.2012-11-19_15.49.40/xmerl_std_suite.o-p73fail5.html"></testcase><testcase  name="o-p73fail4" time="0.041330" timestamp="2012-11-19T15:52:49" log="/home/karl/tmp/otp_tests/logs/xmerl_test_logs/ct_run.ct@devbox.2012-11-19_15.49.06/tests.xmerl_test.logs/run.2012-11-19_15.49.40/xmerl_std_suite.o-p73fail4.html"></testcase><testcase  name="o-p73fail3" time="0.038676" timestamp="2012-11-19T15:52:49" log="/home/karl/tmp/otp_tests/logs/xmerl_test_logs/ct_run.ct@devbox.2012-11-19_15.49.06/tests.xmerl_test.logs/run.2012-11-19_15.49.40/xmerl_std_suite.o-p73fail3.html"></testcase><testcase  name="o-p73fail2" time="0.038435" timestamp="2012-11-19T15:52:49" log="/home/karl/tmp/otp_tests/logs/xmerl_test_logs/ct_run.ct@devbox.2012-11-19_15.49.06/tests.xmerl_test.logs/run.2012-11-19_15.49.40/xmerl_std_suite.o-p73fail2.html"></testcase><testcase  name="o-p73fail1" time="0.039902" timestamp="2012-11-19T15:52:49" log="/home/karl/tmp/otp_tests/logs/xmerl_test_logs/ct_run.ct@devbox.2012-11-19_15.49.06/tests.xmerl_test.logs/run.2012-11-19_15.49.40/xmerl_std_suite.o-p73fail1.html"></testcase><testcase  name="o-p72fail4" time="0.042350" timestamp="2012-11-19T15:52:49" log="/home/karl/tmp/otp_tests/logs/xmerl_test_logs/ct_run.ct@devbox.2012-11-19_15.49.06/tests.xmerl_test.logs/run.2012-11-19_15.49.40/xmerl_std_suite.o-p72fail4.html"></testcase><testcase  name="o-p72fail3" time="0.037602" timestamp="2012-11-19T15:52:49" log="/home/karl/tmp/otp_tests/logs/xmerl_test_logs/ct_run.ct@devbox.2012-11-19_15.49.06/tests.xmerl_test.logs/run.2012-11-19_15.49.40/xmerl_std_suite.o-p72fail3.html"></testcase><testcase  name="o-p72fail2" time="0.038158" timestamp="2012-11-19T15:52:50" log="/home/karl/tmp/otp_tests/logs/xmerl_test_logs/ct_run.ct@devbox.2012-11-19_15.49.06/tests.xmerl_test.logs/run.2012-11-19_15.49.40/xmerl_std_suite.o-p72fail2.html"></testcase><testcase  name="o-p72fail1" time="0.037559" timestamp="2012-11-19T15:52:50" log="/home/karl/tmp/otp_tests/logs/xmerl_test_logs/ct_run.ct@devbox.2012-11-19_15.49.06/tests.xmerl_test.logs/run.2012-11-19_15.49.40/xmerl_std_suite.o-p72fail1.html"></testcase><testcase  name="o-p71fail4" time="0.038861" timestamp="2012-11-19T15:52:50" log="/home/karl/tmp/otp_tests/logs/xmerl_test_logs/ct_run.ct@devbox.2012-11-19_15.49.06/tests.xmerl_test.logs/run.2012-11-19_15.49.40/xmerl_std_suite.o-p71fail4.html"></testcase><testcase  name="o-p71fail3" time="0.038124" timestamp="2012-11-19T15:52:50" log="/home/karl/tmp/otp_tests/logs/xmerl_test_logs/ct_run.ct@devbox.2012-11-19_15.49.06/tests.xmerl_test.logs/run.2012-11-19_15.49.40/xmerl_std_suite.o-p71fail3.html"></testcase><testcase  name="o-p71fail2" time="0.038278" timestamp="2012-11-19T15:52:50" log="/home/karl/tmp/otp_tests/logs/xmerl_test_logs/ct_run.ct@devbox.2012-11-19_15.49.06/tests.xmerl_test.logs/run.2012-11-19_15.49.40/xmerl_std_suite.o-p71fail2.html"></testcase><testcase  name="o-p71fail1" time="0.038700" timestamp="2012-11-19T15:52:50" log="/home/karl/tmp/otp_tests/logs/xmerl_test_logs/ct_run.ct@devbox.2012-11-19_15.49.06/tests.xmerl_test.logs/run.2012-11-19_15.49.40/xmerl_std_suite.o-p71fail1.html"></testcase><testcase  name="o-p70fail1" time="0.039374" timestamp="2012-11-19T15:52:50" log="/home/karl/tmp/otp_tests/logs/xmerl_test_logs/ct_run.ct@devbox.2012-11-19_15.49.06/tests.xmerl_test.logs/run.2012-11-19_15.49.40/xmerl_std_suite.o-p70fail1.html"></testcase><testcase  name="o-p69fail3" time="0.039120" timestamp="2012-11-19T15:52:50" log="/home/karl/tmp/otp_tests/logs/xmerl_test_logs/ct_run.ct@devbox.2012-11-19_15.49.06/tests.xmerl_test.logs/run.2012-11-19_15.49.40/xmerl_std_suite.o-p69fail3.html"></testcase><testcase  name="o-p69fail2" time="0.041785" timestamp="2012-11-19T15:52:50" log="/home/karl/tmp/otp_tests/logs/xmerl_test_logs/ct_run.ct@devbox.2012-11-19_15.49.06/tests.xmerl_test.logs/run.2012-11-19_15.49.40/xmerl_std_suite.o-p69fail2.html"></testcase><testcase  name="o-p69fail1" time="0.038721" timestamp="2012-11-19T15:52:50" log="/home/karl/tmp/otp_tests/logs/xmerl_test_logs/ct_run.ct@devbox.2012-11-19_15.49.06/tests.xmerl_test.logs/run.2012-11-19_15.49.40/xmerl_std_suite.o-p69fail1.html"></testcase><testcase  name="o-p68fail3" time="0.039644" timestamp="2012-11-19T15:52:51" log="/home/karl/tmp/otp_tests/logs/xmerl_test_logs/ct_run.ct@devbox.2012-11-19_15.49.06/tests.xmerl_test.logs/run.2012-11-19_15.49.40/xmerl_std_suite.o-p68fail3.html"></testcase><testcase  name="o-p68fail2" time="0.040067" timestamp="2012-11-19T15:52:51" log="/home/karl/tmp/otp_tests/logs/xmerl_test_logs/ct_run.ct@devbox.2012-11-19_15.49.06/tests.xmerl_test.logs/run.2012-11-19_15.49.40/xmerl_std_suite.o-p68fail2.html"></testcase><testcase  name="o-p68fail1" time="0.040090" timestamp="2012-11-19T15:52:51" log="/home/karl/tmp/otp_tests/logs/xmerl_test_logs/ct_run.ct@devbox.2012-11-19_15.49.06/tests.xmerl_test.logs/run.2012-11-19_15.49.40/xmerl_std_suite.o-p68fail1.html"></testcase><testcase  name="o-p66fail6" time="0.039052" timestamp="2012-11-19T15:52:51" log="/home/karl/tmp/otp_tests/logs/xmerl_test_logs/ct_run.ct@devbox.2012-11-19_15.49.06/tests.xmerl_test.logs/run.2012-11-19_15.49.40/xmerl_std_suite.o-p66fail6.html"></testcase><testcase  name="o-p66fail5" time="0.039872" timestamp="2012-11-19T15:52:51" log="/home/karl/tmp/otp_tests/logs/xmerl_test_logs/ct_run.ct@devbox.2012-11-19_15.49.06/tests.xmerl_test.logs/run.2012-11-19_15.49.40/xmerl_std_suite.o-p66fail5.html"></testcase><testcase  name="o-p66fail4" time="0.041700" timestamp="2012-11-19T15:52:51" log="/home/karl/tmp/otp_tests/logs/xmerl_test_logs/ct_run.ct@devbox.2012-11-19_15.49.06/tests.xmerl_test.logs/run.2012-11-19_15.49.40/xmerl_std_suite.o-p66fail4.html"></testcase><testcase  name="o-p66fail3" time="0.039783" timestamp="2012-11-19T15:52:51" log="/home/karl/tmp/otp_tests/logs/xmerl_test_logs/ct_run.ct@devbox.2012-11-19_15.49.06/tests.xmerl_test.logs/run.2012-11-19_15.49.40/xmerl_std_suite.o-p66fail3.html"></testcase><testcase  name="o-p66fail2" time="0.040566" timestamp="2012-11-19T15:52:51" log="/home/karl/tmp/otp_tests/logs/xmerl_test_logs/ct_run.ct@devbox.2012-11-19_15.49.06/tests.xmerl_test.logs/run.2012-11-19_15.49.40/xmerl_std_suite.o-p66fail2.html"></testcase><testcase  name="o-p66fail1" time="0.042029" timestamp="2012-11-19T15:52:51" log="/home/karl/tmp/otp_tests/logs/xmerl_test_logs/ct_run.ct@devbox.2012-11-19_15.49.06/tests.xmerl_test.logs/run.2012-11-19_15.49.40/xmerl_std_suite.o-p66fail1.html"></testcase><testcase  name="o-p64fail2" time="0.046867" timestamp="2012-11-19T15:52:51" log="/home/karl/tmp/otp_tests/logs/xmerl_test_logs/ct_run.ct@devbox.2012-11-19_15.49.06/tests.xmerl_test.logs/run.2012-11-19_15.49.40/xmerl_std_suite.o-p64fail2.html"></testcase><testcase  name="o-p64fail1" time="0.053367" timestamp="2012-11-19T15:52:52" log="/home/karl/tmp/otp_tests/logs/xmerl_test_logs/ct_run.ct@devbox.2012-11-19_15.49.06/tests.xmerl_test.logs/run.2012-11-19_15.49.40/xmerl_std_suite.o-p64fail1.html"></testcase><testcase  name="o-p63fail2" time="0.051842" timestamp="2012-11-19T15:52:52" log="/home/karl/tmp/otp_tests/logs/xmerl_test_logs/ct_run.ct@devbox.2012-11-19_15.49.06/tests.xmerl_test.logs/run.2012-11-19_15.49.40/xmerl_std_suite.o-p63fail2.html"></testcase><testcase  name="o-p63fail1" time="0.047497" timestamp="2012-11-19T15:52:52" log="/home/karl/tmp/otp_tests/logs/xmerl_test_logs/ct_run.ct@devbox.2012-11-19_15.49.06/tests.xmerl_test.logs/run.2012-11-19_15.49.40/xmerl_std_suite.o-p63fail1.html"></testcase><testcase  name="o-p62fail2" time="0.039705" timestamp="2012-11-19T15:52:52" log="/home/karl/tmp/otp_tests/logs/xmerl_test_logs/ct_run.ct@devbox.2012-11-19_15.49.06/tests.xmerl_test.logs/run.2012-11-19_15.49.40/xmerl_std_suite.o-p62fail2.html"></testcase><testcase  name="o-p62fail1" time="0.039307" timestamp="2012-11-19T15:52:52" log="/home/karl/tmp/otp_tests/logs/xmerl_test_logs/ct_run.ct@devbox.2012-11-19_15.49.06/tests.xmerl_test.logs/run.2012-11-19_15.49.40/xmerl_std_suite.o-p62fail1.html"></testcase><testcase  name="o-p61fail1" time="0.038671" timestamp="2012-11-19T15:52:52" log="/home/karl/tmp/otp_tests/logs/xmerl_test_logs/ct_run.ct@devbox.2012-11-19_15.49.06/tests.xmerl_test.logs/run.2012-11-19_15.49.40/xmerl_std_suite.o-p61fail1.html"></testcase><testcase  name="o-p60fail5" time="0.041077" timestamp="2012-11-19T15:52:52" log="/home/karl/tmp/otp_tests/logs/xmerl_test_logs/ct_run.ct@devbox.2012-11-19_15.49.06/tests.xmerl_test.logs/run.2012-11-19_15.49.40/xmerl_std_suite.o-p60fail5.html"></testcase><testcase  name="o-p60fail4" time="0.041328" timestamp="2012-11-19T15:52:52" log="/home/karl/tmp/otp_tests/logs/xmerl_test_logs/ct_run.ct@devbox.2012-11-19_15.49.06/tests.xmerl_test.logs/run.2012-11-19_15.49.40/xmerl_std_suite.o-p60fail4.html"></testcase><testcase  name="o-p60fail3" time="0.037963" timestamp="2012-11-19T15:52:52" log="/home/karl/tmp/otp_tests/logs/xmerl_test_logs/ct_run.ct@devbox.2012-11-19_15.49.06/tests.xmerl_test.logs/run.2012-11-19_15.49.40/xmerl_std_suite.o-p60fail3.html"></testcase><testcase  name="o-p60fail2" time="0.039087" timestamp="2012-11-19T15:52:53" log="/home/karl/tmp/otp_tests/logs/xmerl_test_logs/ct_run.ct@devbox.2012-11-19_15.49.06/tests.xmerl_test.logs/run.2012-11-19_15.49.40/xmerl_std_suite.o-p60fail2.html"></testcase><testcase  name="o-p60fail1" time="0.041085" timestamp="2012-11-19T15:52:53" log="/home/karl/tmp/otp_tests/logs/xmerl_test_logs/ct_run.ct@devbox.2012-11-19_15.49.06/tests.xmerl_test.logs/run.2012-11-19_15.49.40/xmerl_std_suite.o-p60fail1.html"></testcase><testcase  name="o-p59fail3" time="0.049482" timestamp="2012-11-19T15:52:53" log="/home/karl/tmp/otp_tests/logs/xmerl_test_logs/ct_run.ct@devbox.2012-11-19_15.49.06/tests.xmerl_test.logs/run.2012-11-19_15.49.40/xmerl_std_suite.o-p59fail3.html"></testcase><testcase  name="o-p59fail2" time="0.039581" timestamp="2012-11-19T15:52:53" log="/home/karl/tmp/otp_tests/logs/xmerl_test_logs/ct_run.ct@devbox.2012-11-19_15.49.06/tests.xmerl_test.logs/run.2012-11-19_15.49.40/xmerl_std_suite.o-p59fail2.html"></testcase><testcase  name="o-p59fail1" time="0.115582" timestamp="2012-11-19T15:52:53" log="/home/karl/tmp/otp_tests/logs/xmerl_test_logs/ct_run.ct@devbox.2012-11-19_15.49.06/tests.xmerl_test.logs/run.2012-11-19_15.49.40/xmerl_std_suite.o-p59fail1.html"></testcase><testcase  name="o-p58fail8" time="0.039658" timestamp="2012-11-19T15:52:53" log="/home/karl/tmp/otp_tests/logs/xmerl_test_logs/ct_run.ct@devbox.2012-11-19_15.49.06/tests.xmerl_test.logs/run.2012-11-19_15.49.40/xmerl_std_suite.o-p58fail8.html"></testcase><testcase  name="o-p58fail7" time="0.043869" timestamp="2012-11-19T15:52:53" log="/home/karl/tmp/otp_tests/logs/xmerl_test_logs/ct_run.ct@devbox.2012-11-19_15.49.06/tests.xmerl_test.logs/run.2012-11-19_15.49.40/xmerl_std_suite.o-p58fail7.html"></testcase><testcase  name="o-p58fail6" time="0.039422" timestamp="2012-11-19T15:52:53" log="/home/karl/tmp/otp_tests/logs/xmerl_test_logs/ct_run.ct@devbox.2012-11-19_15.49.06/tests.xmerl_test.logs/run.2012-11-19_15.49.40/xmerl_std_suite.o-p58fail6.html"></testcase><testcase  name="o-p58fail5" time="0.040675" timestamp="2012-11-19T15:52:53" log="/home/karl/tmp/otp_tests/logs/xmerl_test_logs/ct_run.ct@devbox.2012-11-19_15.49.06/tests.xmerl_test.logs/run.2012-11-19_15.49.40/xmerl_std_suite.o-p58fail5.html"></testcase><testcase  name="o-p58fail4" time="0.042605" timestamp="2012-11-19T15:52:54" log="/home/karl/tmp/otp_tests/logs/xmerl_test_logs/ct_run.ct@devbox.2012-11-19_15.49.06/tests.xmerl_test.logs/run.2012-11-19_15.49.40/xmerl_std_suite.o-p58fail4.html"></testcase><testcase  name="o-p58fail3" time="0.038560" timestamp="2012-11-19T15:52:54" log="/home/karl/tmp/otp_tests/logs/xmerl_test_logs/ct_run.ct@devbox.2012-11-19_15.49.06/tests.xmerl_test.logs/run.2012-11-19_15.49.40/xmerl_std_suite.o-p58fail3.html"></testcase><testcase  name="o-p58fail2" time="0.039541" timestamp="2012-11-19T15:52:54" log="/home/karl/tmp/otp_tests/logs/xmerl_test_logs/ct_run.ct@devbox.2012-11-19_15.49.06/tests.xmerl_test.logs/run.2012-11-19_15.49.40/xmerl_std_suite.o-p58fail2.html"></testcase><testcase  name="o-p58fail1" time="0.038802" timestamp="2012-11-19T15:52:54" log="/home/karl/tmp/otp_tests/logs/xmerl_test_logs/ct_run.ct@devbox.2012-11-19_15.49.06/tests.xmerl_test.logs/run.2012-11-19_15.49.40/xmerl_std_suite.o-p58fail1.html"></testcase><testcase  name="o-p57fail1" time="0.038947" timestamp="2012-11-19T15:52:54" log="/home/karl/tmp/otp_tests/logs/xmerl_test_logs/ct_run.ct@devbox.2012-11-19_15.49.06/tests.xmerl_test.logs/run.2012-11-19_15.49.40/xmerl_std_suite.o-p57fail1.html"></testcase><testcase  name="o-p56fail5" time="0.051658" timestamp="2012-11-19T15:52:54" log="/home/karl/tmp/otp_tests/logs/xmerl_test_logs/ct_run.ct@devbox.2012-11-19_15.49.06/tests.xmerl_test.logs/run.2012-11-19_15.49.40/xmerl_std_suite.o-p56fail5.html"></testcase><testcase  name="o-p56fail4" time="0.037811" timestamp="2012-11-19T15:52:54" log="/home/karl/tmp/otp_tests/logs/xmerl_test_logs/ct_run.ct@devbox.2012-11-19_15.49.06/tests.xmerl_test.logs/run.2012-11-19_15.49.40/xmerl_std_suite.o-p56fail4.html"></testcase><testcase  name="o-p56fail3" time="0.037575" timestamp="2012-11-19T15:52:54" log="/home/karl/tmp/otp_tests/logs/xmerl_test_logs/ct_run.ct@devbox.2012-11-19_15.49.06/tests.xmerl_test.logs/run.2012-11-19_15.49.40/xmerl_std_suite.o-p56fail3.html"></testcase><testcase  name="o-p56fail2" time="0.036266" timestamp="2012-11-19T15:52:54" log="/home/karl/tmp/otp_tests/logs/xmerl_test_logs/ct_run.ct@devbox.2012-11-19_15.49.06/tests.xmerl_test.logs/run.2012-11-19_15.49.40/xmerl_std_suite.o-p56fail2.html"></testcase><testcase  name="o-p56fail1" time="0.037414" timestamp="2012-11-19T15:52:54" log="/home/karl/tmp/otp_tests/logs/xmerl_test_logs/ct_run.ct@devbox.2012-11-19_15.49.06/tests.xmerl_test.logs/run.2012-11-19_15.49.40/xmerl_std_suite.o-p56fail1.html"></testcase><testcase  name="o-p55fail1" time="0.037142" timestamp="2012-11-19T15:52:55" log="/home/karl/tmp/otp_tests/logs/xmerl_test_logs/ct_run.ct@devbox.2012-11-19_15.49.06/tests.xmerl_test.logs/run.2012-11-19_15.49.40/xmerl_std_suite.o-p55fail1.html"></testcase><testcase  name="o-p54fail1" time="0.039114" timestamp="2012-11-19T15:52:55" log="/home/karl/tmp/otp_tests/logs/xmerl_test_logs/ct_run.ct@devbox.2012-11-19_15.49.06/tests.xmerl_test.logs/run.2012-11-19_15.49.40/xmerl_std_suite.o-p54fail1.html"></testcase><testcase  name="o-p53fail5" time="0.039884" timestamp="2012-11-19T15:52:55" log="/home/karl/tmp/otp_tests/logs/xmerl_test_logs/ct_run.ct@devbox.2012-11-19_15.49.06/tests.xmerl_test.logs/run.2012-11-19_15.49.40/xmerl_std_suite.o-p53fail5.html"></testcase><testcase  name="o-p53fail4" time="0.037326" timestamp="2012-11-19T15:52:55" log="/home/karl/tmp/otp_tests/logs/xmerl_test_logs/ct_run.ct@devbox.2012-11-19_15.49.06/tests.xmerl_test.logs/run.2012-11-19_15.49.40/xmerl_std_suite.o-p53fail4.html"></testcase><testcase  name="o-p53fail3" time="0.037060" timestamp="2012-11-19T15:52:55" log="/home/karl/tmp/otp_tests/logs/xmerl_test_logs/ct_run.ct@devbox.2012-11-19_15.49.06/tests.xmerl_test.logs/run.2012-11-19_15.49.40/xmerl_std_suite.o-p53fail3.html"></testcase><testcase  name="o-p53fail2" time="0.037468" timestamp="2012-11-19T15:52:55" log="/home/karl/tmp/otp_tests/logs/xmerl_test_logs/ct_run.ct@devbox.2012-11-19_15.49.06/tests.xmerl_test.logs/run.2012-11-19_15.49.40/xmerl_std_suite.o-p53fail2.html"></testcase><testcase  name="o-p53fail1" time="0.037023" timestamp="2012-11-19T15:52:55" log="/home/karl/tmp/otp_tests/logs/xmerl_test_logs/ct_run.ct@devbox.2012-11-19_15.49.06/tests.xmerl_test.logs/run.2012-11-19_15.49.40/xmerl_std_suite.o-p53fail1.html"></testcase><testcase  name="o-p52fail2" time="0.038953" timestamp="2012-11-19T15:52:55" log="/home/karl/tmp/otp_tests/logs/xmerl_test_logs/ct_run.ct@devbox.2012-11-19_15.49.06/tests.xmerl_test.logs/run.2012-11-19_15.49.40/xmerl_std_suite.o-p52fail2.html"></testcase><testcase  name="o-p52fail1" time="0.046054" timestamp="2012-11-19T15:52:55" log="/home/karl/tmp/otp_tests/logs/xmerl_test_logs/ct_run.ct@devbox.2012-11-19_15.49.06/tests.xmerl_test.logs/run.2012-11-19_15.49.40/xmerl_std_suite.o-p52fail1.html"></testcase><testcase  name="o-p51fail7" time="0.041785" timestamp="2012-11-19T15:52:56" log="/home/karl/tmp/otp_tests/logs/xmerl_test_logs/ct_run.ct@devbox.2012-11-19_15.49.06/tests.xmerl_test.logs/run.2012-11-19_15.49.40/xmerl_std_suite.o-p51fail7.html"></testcase><testcase  name="o-p51fail6" time="0.039895" timestamp="2012-11-19T15:52:56" log="/home/karl/tmp/otp_tests/logs/xmerl_test_logs/ct_run.ct@devbox.2012-11-19_15.49.06/tests.xmerl_test.logs/run.2012-11-19_15.49.40/xmerl_std_suite.o-p51fail6.html"></testcase><testcase  name="o-p51fail5" time="0.042002" timestamp="2012-11-19T15:52:56" log="/home/karl/tmp/otp_tests/logs/xmerl_test_logs/ct_run.ct@devbox.2012-11-19_15.49.06/tests.xmerl_test.logs/run.2012-11-19_15.49.40/xmerl_std_suite.o-p51fail5.html"></testcase><testcase  name="o-p51fail4" time="0.039966" timestamp="2012-11-19T15:52:56" log="/home/karl/tmp/otp_tests/logs/xmerl_test_logs/ct_run.ct@devbox.2012-11-19_15.49.06/tests.xmerl_test.logs/run.2012-11-19_15.49.40/xmerl_std_suite.o-p51fail4.html"></testcase><testcase  name="o-p51fail3" time="0.038790" timestamp="2012-11-19T15:52:56" log="/home/karl/tmp/otp_tests/logs/xmerl_test_logs/ct_run.ct@devbox.2012-11-19_15.49.06/tests.xmerl_test.logs/run.2012-11-19_15.49.40/xmerl_std_suite.o-p51fail3.html"></testcase><testcase  name="o-p51fail2" time="0.039336" timestamp="2012-11-19T15:52:56" log="/home/karl/tmp/otp_tests/logs/xmerl_test_logs/ct_run.ct@devbox.2012-11-19_15.49.06/tests.xmerl_test.logs/run.2012-11-19_15.49.40/xmerl_std_suite.o-p51fail2.html"></testcase><testcase  name="o-p51fail1" time="0.039155" timestamp="2012-11-19T15:52:56" log="/home/karl/tmp/otp_tests/logs/xmerl_test_logs/ct_run.ct@devbox.2012-11-19_15.49.06/tests.xmerl_test.logs/run.2012-11-19_15.49.40/xmerl_std_suite.o-p51fail1.html"></testcase><testcase  name="o-p50fail1" time="0.037659" timestamp="2012-11-19T15:52:56" log="/home/karl/tmp/otp_tests/logs/xmerl_test_logs/ct_run.ct@devbox.2012-11-19_15.49.06/tests.xmerl_test.logs/run.2012-11-19_15.49.40/xmerl_std_suite.o-p50fail1.html"></testcase><testcase  name="o-p49fail1" time="0.041099" timestamp="2012-11-19T15:52:56" log="/home/karl/tmp/otp_tests/logs/xmerl_test_logs/ct_run.ct@devbox.2012-11-19_15.49.06/tests.xmerl_test.logs/run.2012-11-19_15.49.40/xmerl_std_suite.o-p49fail1.html"></testcase><testcase  name="o-p48fail2" time="0.037358" timestamp="2012-11-19T15:52:56" log="/home/karl/tmp/otp_tests/logs/xmerl_test_logs/ct_run.ct@devbox.2012-11-19_15.49.06/tests.xmerl_test.logs/run.2012-11-19_15.49.40/xmerl_std_suite.o-p48fail2.html"></testcase><testcase  name="o-p48fail1" time="0.038314" timestamp="2012-11-19T15:52:57" log="/home/karl/tmp/otp_tests/logs/xmerl_test_logs/ct_run.ct@devbox.2012-11-19_15.49.06/tests.xmerl_test.logs/run.2012-11-19_15.49.40/xmerl_std_suite.o-p48fail1.html"></testcase><testcase  name="o-p47fail4" time="0.046706" timestamp="2012-11-19T15:52:57" log="/home/karl/tmp/otp_tests/logs/xmerl_test_logs/ct_run.ct@devbox.2012-11-19_15.49.06/tests.xmerl_test.logs/run.2012-11-19_15.49.40/xmerl_std_suite.o-p47fail4.html"></testcase><testcase  name="o-p47fail3" time="0.039086" timestamp="2012-11-19T15:52:57" log="/home/karl/tmp/otp_tests/logs/xmerl_test_logs/ct_run.ct@devbox.2012-11-19_15.49.06/tests.xmerl_test.logs/run.2012-11-19_15.49.40/xmerl_std_suite.o-p47fail3.html"></testcase><testcase  name="o-p47fail2" time="0.042397" timestamp="2012-11-19T15:52:57" log="/home/karl/tmp/otp_tests/logs/xmerl_test_logs/ct_run.ct@devbox.2012-11-19_15.49.06/tests.xmerl_test.logs/run.2012-11-19_15.49.40/xmerl_std_suite.o-p47fail2.html"></testcase><testcase  name="o-p47fail1" time="0.042512" timestamp="2012-11-19T15:52:57" log="/home/karl/tmp/otp_tests/logs/xmerl_test_logs/ct_run.ct@devbox.2012-11-19_15.49.06/tests.xmerl_test.logs/run.2012-11-19_15.49.40/xmerl_std_suite.o-p47fail1.html"></testcase><testcase  name="o-p46fail6" time="0.038978" timestamp="2012-11-19T15:52:57" log="/home/karl/tmp/otp_tests/logs/xmerl_test_logs/ct_run.ct@devbox.2012-11-19_15.49.06/tests.xmerl_test.logs/run.2012-11-19_15.49.40/xmerl_std_suite.o-p46fail6.html"></testcase><testcase  name="o-p46fail5" time="0.037425" timestamp="2012-11-19T15:52:57" log="/home/karl/tmp/otp_tests/logs/xmerl_test_logs/ct_run.ct@devbox.2012-11-19_15.49.06/tests.xmerl_test.logs/run.2012-11-19_15.49.40/xmerl_std_suite.o-p46fail5.html"></testcase><testcase  name="o-p46fail4" time="0.037083" timestamp="2012-11-19T15:52:57" log="/home/karl/tmp/otp_tests/logs/xmerl_test_logs/ct_run.ct@devbox.2012-11-19_15.49.06/tests.xmerl_test.logs/run.2012-11-19_15.49.40/xmerl_std_suite.o-p46fail4.html"></testcase><testcase  name="o-p46fail3" time="0.036516" timestamp="2012-11-19T15:52:57" log="/home/karl/tmp/otp_tests/logs/xmerl_test_logs/ct_run.ct@devbox.2012-11-19_15.49.06/tests.xmerl_test.logs/run.2012-11-19_15.49.40/xmerl_std_suite.o-p46fail3.html"></testcase><testcase  name="o-p46fail2" time="0.038257" timestamp="2012-11-19T15:52:57" log="/home/karl/tmp/otp_tests/logs/xmerl_test_logs/ct_run.ct@devbox.2012-11-19_15.49.06/tests.xmerl_test.logs/run.2012-11-19_15.49.40/xmerl_std_suite.o-p46fail2.html"></testcase><testcase  name="o-p46fail1" time="0.039984" timestamp="2012-11-19T15:52:58" log="/home/karl/tmp/otp_tests/logs/xmerl_test_logs/ct_run.ct@devbox.2012-11-19_15.49.06/tests.xmerl_test.logs/run.2012-11-19_15.49.40/xmerl_std_suite.o-p46fail1.html"></testcase><testcase  name="o-p45fail4" time="0.036678" timestamp="2012-11-19T15:52:58" log="/home/karl/tmp/otp_tests/logs/xmerl_test_logs/ct_run.ct@devbox.2012-11-19_15.49.06/tests.xmerl_test.logs/run.2012-11-19_15.49.40/xmerl_std_suite.o-p45fail4.html"></testcase><testcase  name="o-p45fail3" time="0.042341" timestamp="2012-11-19T15:52:58" log="/home/karl/tmp/otp_tests/logs/xmerl_test_logs/ct_run.ct@devbox.2012-11-19_15.49.06/tests.xmerl_test.logs/run.2012-11-19_15.49.40/xmerl_std_suite.o-p45fail3.html"></testcase><testcase  name="o-p45fail2" time="0.039429" timestamp="2012-11-19T15:52:58" log="/home/karl/tmp/otp_tests/logs/xmerl_test_logs/ct_run.ct@devbox.2012-11-19_15.49.06/tests.xmerl_test.logs/run.2012-11-19_15.49.40/xmerl_std_suite.o-p45fail2.html"></testcase><testcase  name="o-p45fail1" time="0.093227" timestamp="2012-11-19T15:52:58" log="/home/karl/tmp/otp_tests/logs/xmerl_test_logs/ct_run.ct@devbox.2012-11-19_15.49.06/tests.xmerl_test.logs/run.2012-11-19_15.49.40/xmerl_std_suite.o-p45fail1.html"></testcase><testcase  name="o-p44fail5" time="0.045999" timestamp="2012-11-19T15:52:58" log="/home/karl/tmp/otp_tests/logs/xmerl_test_logs/ct_run.ct@devbox.2012-11-19_15.49.06/tests.xmerl_test.logs/run.2012-11-19_15.49.40/xmerl_std_suite.o-p44fail5.html"></testcase><testcase  name="o-p44fail4" time="0.042863" timestamp="2012-11-19T15:52:58" log="/home/karl/tmp/otp_tests/logs/xmerl_test_logs/ct_run.ct@devbox.2012-11-19_15.49.06/tests.xmerl_test.logs/run.2012-11-19_15.49.40/xmerl_std_suite.o-p44fail4.html"></testcase><testcase  name="o-p44fail3" time="0.038795" timestamp="2012-11-19T15:52:58" log="/home/karl/tmp/otp_tests/logs/xmerl_test_logs/ct_run.ct@devbox.2012-11-19_15.49.06/tests.xmerl_test.logs/run.2012-11-19_15.49.40/xmerl_std_suite.o-p44fail3.html"></testcase><testcase  name="o-p44fail2" time="0.038322" timestamp="2012-11-19T15:52:58" log="/home/karl/tmp/otp_tests/logs/xmerl_test_logs/ct_run.ct@devbox.2012-11-19_15.49.06/tests.xmerl_test.logs/run.2012-11-19_15.49.40/xmerl_std_suite.o-p44fail2.html"></testcase><testcase  name="o-p44fail1" time="0.044220" timestamp="2012-11-19T15:52:59" log="/home/karl/tmp/otp_tests/logs/xmerl_test_logs/ct_run.ct@devbox.2012-11-19_15.49.06/tests.xmerl_test.logs/run.2012-11-19_15.49.40/xmerl_std_suite.o-p44fail1.html"></testcase><testcase  name="o-p43fail3" time="0.039785" timestamp="2012-11-19T15:52:59" log="/home/karl/tmp/otp_tests/logs/xmerl_test_logs/ct_run.ct@devbox.2012-11-19_15.49.06/tests.xmerl_test.logs/run.2012-11-19_15.49.40/xmerl_std_suite.o-p43fail3.html"></testcase><testcase  name="o-p43fail2" time="0.050947" timestamp="2012-11-19T15:52:59" log="/home/karl/tmp/otp_tests/logs/xmerl_test_logs/ct_run.ct@devbox.2012-11-19_15.49.06/tests.xmerl_test.logs/run.2012-11-19_15.49.40/xmerl_std_suite.o-p43fail2.html"></testcase><testcase  name="o-p43fail1" time="0.038957" timestamp="2012-11-19T15:52:59" log="/home/karl/tmp/otp_tests/logs/xmerl_test_logs/ct_run.ct@devbox.2012-11-19_15.49.06/tests.xmerl_test.logs/run.2012-11-19_15.49.40/xmerl_std_suite.o-p43fail1.html"></testcase><testcase  name="o-p42fail3" time="0.046824" timestamp="2012-11-19T15:52:59" log="/home/karl/tmp/otp_tests/logs/xmerl_test_logs/ct_run.ct@devbox.2012-11-19_15.49.06/tests.xmerl_test.logs/run.2012-11-19_15.49.40/xmerl_std_suite.o-p42fail3.html"></testcase><testcase  name="o-p42fail2" time="0.041212" timestamp="2012-11-19T15:52:59" log="/home/karl/tmp/otp_tests/logs/xmerl_test_logs/ct_run.ct@devbox.2012-11-19_15.49.06/tests.xmerl_test.logs/run.2012-11-19_15.49.40/xmerl_std_suite.o-p42fail2.html"></testcase><testcase  name="o-p42fail1" time="0.039202" timestamp="2012-11-19T15:52:59" log="/home/karl/tmp/otp_tests/logs/xmerl_test_logs/ct_run.ct@devbox.2012-11-19_15.49.06/tests.xmerl_test.logs/run.2012-11-19_15.49.40/xmerl_std_suite.o-p42fail1.html"></testcase><testcase  name="o-p41fail3" time="0.039055" timestamp="2012-11-19T15:52:59" log="/home/karl/tmp/otp_tests/logs/xmerl_test_logs/ct_run.ct@devbox.2012-11-19_15.49.06/tests.xmerl_test.logs/run.2012-11-19_15.49.40/xmerl_std_suite.o-p41fail3.html"></testcase><testcase  name="o-p41fail2" time="0.037225" timestamp="2012-11-19T15:52:59" log="/home/karl/tmp/otp_tests/logs/xmerl_test_logs/ct_run.ct@devbox.2012-11-19_15.49.06/tests.xmerl_test.logs/run.2012-11-19_15.49.40/xmerl_std_suite.o-p41fail2.html"></testcase><testcase  name="o-p41fail1" time="0.037832" timestamp="2012-11-19T15:53:00" log="/home/karl/tmp/otp_tests/logs/xmerl_test_logs/ct_run.ct@devbox.2012-11-19_15.49.06/tests.xmerl_test.logs/run.2012-11-19_15.49.40/xmerl_std_suite.o-p41fail1.html"></testcase><testcase  name="o-p40fail4" time="0.039456" timestamp="2012-11-19T15:53:00" log="/home/karl/tmp/otp_tests/logs/xmerl_test_logs/ct_run.ct@devbox.2012-11-19_15.49.06/tests.xmerl_test.logs/run.2012-11-19_15.49.40/xmerl_std_suite.o-p40fail4.html"></testcase><testcase  name="o-p40fail3" time="0.040516" timestamp="2012-11-19T15:53:00" log="/home/karl/tmp/otp_tests/logs/xmerl_test_logs/ct_run.ct@devbox.2012-11-19_15.49.06/tests.xmerl_test.logs/run.2012-11-19_15.49.40/xmerl_std_suite.o-p40fail3.html"></testcase><testcase  name="o-p40fail2" time="0.064870" timestamp="2012-11-19T15:53:00" log="/home/karl/tmp/otp_tests/logs/xmerl_test_logs/ct_run.ct@devbox.2012-11-19_15.49.06/tests.xmerl_test.logs/run.2012-11-19_15.49.40/xmerl_std_suite.o-p40fail2.html"></testcase><testcase  name="o-p40fail1" time="0.041438" timestamp="2012-11-19T15:53:00" log="/home/karl/tmp/otp_tests/logs/xmerl_test_logs/ct_run.ct@devbox.2012-11-19_15.49.06/tests.xmerl_test.logs/run.2012-11-19_15.49.40/xmerl_std_suite.o-p40fail1.html"></testcase><testcase  name="o-p39fail5" time="0.040777" timestamp="2012-11-19T15:53:00" log="/home/karl/tmp/otp_tests/logs/xmerl_test_logs/ct_run.ct@devbox.2012-11-19_15.49.06/tests.xmerl_test.logs/run.2012-11-19_15.49.40/xmerl_std_suite.o-p39fail5.html"></testcase><testcase  name="o-p39fail4" time="0.044679" timestamp="2012-11-19T15:53:00" log="/home/karl/tmp/otp_tests/logs/xmerl_test_logs/ct_run.ct@devbox.2012-11-19_15.49.06/tests.xmerl_test.logs/run.2012-11-19_15.49.40/xmerl_std_suite.o-p39fail4.html"></testcase><testcase  name="o-p39fail3" time="0.039455" timestamp="2012-11-19T15:53:00" log="/home/karl/tmp/otp_tests/logs/xmerl_test_logs/ct_run.ct@devbox.2012-11-19_15.49.06/tests.xmerl_test.logs/run.2012-11-19_15.49.40/xmerl_std_suite.o-p39fail3.html"></testcase><testcase  name="o-p39fail2" time="0.041795" timestamp="2012-11-19T15:53:00" log="/home/karl/tmp/otp_tests/logs/xmerl_test_logs/ct_run.ct@devbox.2012-11-19_15.49.06/tests.xmerl_test.logs/run.2012-11-19_15.49.40/xmerl_std_suite.o-p39fail2.html"></testcase><testcase  name="o-p39fail1" time="0.041441" timestamp="2012-11-19T15:53:01" log="/home/karl/tmp/otp_tests/logs/xmerl_test_logs/ct_run.ct@devbox.2012-11-19_15.49.06/tests.xmerl_test.logs/run.2012-11-19_15.49.40/xmerl_std_suite.o-p39fail1.html"></testcase><testcase  name="o-p32fail5" time="0.047218" timestamp="2012-11-19T15:53:01" log="/home/karl/tmp/otp_tests/logs/xmerl_test_logs/ct_run.ct@devbox.2012-11-19_15.49.06/tests.xmerl_test.logs/run.2012-11-19_15.49.40/xmerl_std_suite.o-p32fail5.html"></testcase><testcase  name="o-p32fail4" time="0.042130" timestamp="2012-11-19T15:53:01" log="/home/karl/tmp/otp_tests/logs/xmerl_test_logs/ct_run.ct@devbox.2012-11-19_15.49.06/tests.xmerl_test.logs/run.2012-11-19_15.49.40/xmerl_std_suite.o-p32fail4.html"></testcase><testcase  name="o-p32fail3" time="0.051035" timestamp="2012-11-19T15:53:01" log="/home/karl/tmp/otp_tests/logs/xmerl_test_logs/ct_run.ct@devbox.2012-11-19_15.49.06/tests.xmerl_test.logs/run.2012-11-19_15.49.40/xmerl_std_suite.o-p32fail3.html"></testcase><testcase  name="o-p32fail2" time="0.040466" timestamp="2012-11-19T15:53:01" log="/home/karl/tmp/otp_tests/logs/xmerl_test_logs/ct_run.ct@devbox.2012-11-19_15.49.06/tests.xmerl_test.logs/run.2012-11-19_15.49.40/xmerl_std_suite.o-p32fail2.html"></testcase><testcase  name="o-p32fail1" time="0.051253" timestamp="2012-11-19T15:53:01" log="/home/karl/tmp/otp_tests/logs/xmerl_test_logs/ct_run.ct@devbox.2012-11-19_15.49.06/tests.xmerl_test.logs/run.2012-11-19_15.49.40/xmerl_std_suite.o-p32fail1.html"></testcase><testcase  name="o-p31fail1" time="0.042219" timestamp="2012-11-19T15:53:01" log="/home/karl/tmp/otp_tests/logs/xmerl_test_logs/ct_run.ct@devbox.2012-11-19_15.49.06/tests.xmerl_test.logs/run.2012-11-19_15.49.40/xmerl_std_suite.o-p31fail1.html"></testcase><testcase  name="o-p30fail1" time="0.038731" timestamp="2012-11-19T15:53:01" log="/home/karl/tmp/otp_tests/logs/xmerl_test_logs/ct_run.ct@devbox.2012-11-19_15.49.06/tests.xmerl_test.logs/run.2012-11-19_15.49.40/xmerl_std_suite.o-p30fail1.html"></testcase><testcase  name="o-p29fail1" time="0.037868" timestamp="2012-11-19T15:53:01" log="/home/karl/tmp/otp_tests/logs/xmerl_test_logs/ct_run.ct@devbox.2012-11-19_15.49.06/tests.xmerl_test.logs/run.2012-11-19_15.49.40/xmerl_std_suite.o-p29fail1.html"></testcase><testcase  name="o-p28fail1" time="0.049734" timestamp="2012-11-19T15:53:01" log="/home/karl/tmp/otp_tests/logs/xmerl_test_logs/ct_run.ct@devbox.2012-11-19_15.49.06/tests.xmerl_test.logs/run.2012-11-19_15.49.40/xmerl_std_suite.o-p28fail1.html"></testcase><testcase  name="o-p27fail1" time="0.043556" timestamp="2012-11-19T15:53:02" log="/home/karl/tmp/otp_tests/logs/xmerl_test_logs/ct_run.ct@devbox.2012-11-19_15.49.06/tests.xmerl_test.logs/run.2012-11-19_15.49.40/xmerl_std_suite.o-p27fail1.html"></testcase><testcase  name="o-p26fail2" time="0.039669" timestamp="2012-11-19T15:53:02" log="/home/karl/tmp/otp_tests/logs/xmerl_test_logs/ct_run.ct@devbox.2012-11-19_15.49.06/tests.xmerl_test.logs/run.2012-11-19_15.49.40/xmerl_std_suite.o-p26fail2.html"></testcase><testcase  name="o-p26fail1" time="0.045876" timestamp="2012-11-19T15:53:02" log="/home/karl/tmp/otp_tests/logs/xmerl_test_logs/ct_run.ct@devbox.2012-11-19_15.49.06/tests.xmerl_test.logs/run.2012-11-19_15.49.40/xmerl_std_suite.o-p26fail1.html"></testcase><testcase  name="o-p25fail1" time="0.041372" timestamp="2012-11-19T15:53:02" log="/home/karl/tmp/otp_tests/logs/xmerl_test_logs/ct_run.ct@devbox.2012-11-19_15.49.06/tests.xmerl_test.logs/run.2012-11-19_15.49.40/xmerl_std_suite.o-p25fail1.html"></testcase><testcase  name="o-p24fail2" time="0.038254" timestamp="2012-11-19T15:53:02" log="/home/karl/tmp/otp_tests/logs/xmerl_test_logs/ct_run.ct@devbox.2012-11-19_15.49.06/tests.xmerl_test.logs/run.2012-11-19_15.49.40/xmerl_std_suite.o-p24fail2.html"></testcase><testcase  name="o-p24fail1" time="0.039948" timestamp="2012-11-19T15:53:02" log="/home/karl/tmp/otp_tests/logs/xmerl_test_logs/ct_run.ct@devbox.2012-11-19_15.49.06/tests.xmerl_test.logs/run.2012-11-19_15.49.40/xmerl_std_suite.o-p24fail1.html"></testcase><testcase  name="o-p23fail5" time="0.040186" timestamp="2012-11-19T15:53:02" log="/home/karl/tmp/otp_tests/logs/xmerl_test_logs/ct_run.ct@devbox.2012-11-19_15.49.06/tests.xmerl_test.logs/run.2012-11-19_15.49.40/xmerl_std_suite.o-p23fail5.html"></testcase><testcase  name="o-p23fail4" time="0.041597" timestamp="2012-11-19T15:53:02" log="/home/karl/tmp/otp_tests/logs/xmerl_test_logs/ct_run.ct@devbox.2012-11-19_15.49.06/tests.xmerl_test.logs/run.2012-11-19_15.49.40/xmerl_std_suite.o-p23fail4.html"></testcase><testcase  name="o-p23fail3" time="0.039811" timestamp="2012-11-19T15:53:02" log="/home/karl/tmp/otp_tests/logs/xmerl_test_logs/ct_run.ct@devbox.2012-11-19_15.49.06/tests.xmerl_test.logs/run.2012-11-19_15.49.40/xmerl_std_suite.o-p23fail3.html"></testcase><testcase  name="o-p23fail2" time="0.040185" timestamp="2012-11-19T15:53:03" log="/home/karl/tmp/otp_tests/logs/xmerl_test_logs/ct_run.ct@devbox.2012-11-19_15.49.06/tests.xmerl_test.logs/run.2012-11-19_15.49.40/xmerl_std_suite.o-p23fail2.html"></testcase><testcase  name="o-p23fail1" time="0.040814" timestamp="2012-11-19T15:53:03" log="/home/karl/tmp/otp_tests/logs/xmerl_test_logs/ct_run.ct@devbox.2012-11-19_15.49.06/tests.xmerl_test.logs/run.2012-11-19_15.49.40/xmerl_std_suite.o-p23fail1.html"></testcase><testcase  name="o-p22fail2" time="0.039379" timestamp="2012-11-19T15:53:03" log="/home/karl/tmp/otp_tests/logs/xmerl_test_logs/ct_run.ct@devbox.2012-11-19_15.49.06/tests.xmerl_test.logs/run.2012-11-19_15.49.40/xmerl_std_suite.o-p22fail2.html"></testcase><testcase  name="o-p22fail1" time="0.040065" timestamp="2012-11-19T15:53:03" log="/home/karl/tmp/otp_tests/logs/xmerl_test_logs/ct_run.ct@devbox.2012-11-19_15.49.06/tests.xmerl_test.logs/run.2012-11-19_15.49.40/xmerl_std_suite.o-p22fail1.html"></testcase><testcase  name="o-p18fail3" time="0.041082" timestamp="2012-11-19T15:53:03" log="/home/karl/tmp/otp_tests/logs/xmerl_test_logs/ct_run.ct@devbox.2012-11-19_15.49.06/tests.xmerl_test.logs/run.2012-11-19_15.49.40/xmerl_std_suite.o-p18fail3.html"></testcase><testcase  name="o-p18fail2" time="0.082719" timestamp="2012-11-19T15:53:03" log="/home/karl/tmp/otp_tests/logs/xmerl_test_logs/ct_run.ct@devbox.2012-11-19_15.49.06/tests.xmerl_test.logs/run.2012-11-19_15.49.40/xmerl_std_suite.o-p18fail2.html"></testcase><testcase  name="o-p18fail1" time="0.044479" timestamp="2012-11-19T15:53:03" log="/home/karl/tmp/otp_tests/logs/xmerl_test_logs/ct_run.ct@devbox.2012-11-19_15.49.06/tests.xmerl_test.logs/run.2012-11-19_15.49.40/xmerl_std_suite.o-p18fail1.html"></testcase><testcase  name="o-p16fail3" time="0.040489" timestamp="2012-11-19T15:53:03" log="/home/karl/tmp/otp_tests/logs/xmerl_test_logs/ct_run.ct@devbox.2012-11-19_15.49.06/tests.xmerl_test.logs/run.2012-11-19_15.49.40/xmerl_std_suite.o-p16fail3.html"></testcase><testcase  name="o-p16fail2" time="0.040984" timestamp="2012-11-19T15:53:03" log="/home/karl/tmp/otp_tests/logs/xmerl_test_logs/ct_run.ct@devbox.2012-11-19_15.49.06/tests.xmerl_test.logs/run.2012-11-19_15.49.40/xmerl_std_suite.o-p16fail2.html"></testcase><testcase  name="o-p16fail1" time="0.039717" timestamp="2012-11-19T15:53:04" log="/home/karl/tmp/otp_tests/logs/xmerl_test_logs/ct_run.ct@devbox.2012-11-19_15.49.06/tests.xmerl_test.logs/run.2012-11-19_15.49.40/xmerl_std_suite.o-p16fail1.html"></testcase><testcase  name="o-p15fail3" time="0.038845" timestamp="2012-11-19T15:53:04" log="/home/karl/tmp/otp_tests/logs/xmerl_test_logs/ct_run.ct@devbox.2012-11-19_15.49.06/tests.xmerl_test.logs/run.2012-11-19_15.49.40/xmerl_std_suite.o-p15fail3.html"></testcase><testcase  name="o-p15fail2" time="0.039453" timestamp="2012-11-19T15:53:04" log="/home/karl/tmp/otp_tests/logs/xmerl_test_logs/ct_run.ct@devbox.2012-11-19_15.49.06/tests.xmerl_test.logs/run.2012-11-19_15.49.40/xmerl_std_suite.o-p15fail2.html"></testcase><testcase  name="o-p15fail1" time="0.056504" timestamp="2012-11-19T15:53:04" log="/home/karl/tmp/otp_tests/logs/xmerl_test_logs/ct_run.ct@devbox.2012-11-19_15.49.06/tests.xmerl_test.logs/run.2012-11-19_15.49.40/xmerl_std_suite.o-p15fail1.html"></testcase><testcase  name="o-p14fail3" time="0.040291" timestamp="2012-11-19T15:53:04" log="/home/karl/tmp/otp_tests/logs/xmerl_test_logs/ct_run.ct@devbox.2012-11-19_15.49.06/tests.xmerl_test.logs/run.2012-11-19_15.49.40/xmerl_std_suite.o-p14fail3.html"></testcase><testcase  name="o-p14fail2" time="0.038859" timestamp="2012-11-19T15:53:04" log="/home/karl/tmp/otp_tests/logs/xmerl_test_logs/ct_run.ct@devbox.2012-11-19_15.49.06/tests.xmerl_test.logs/run.2012-11-19_15.49.40/xmerl_std_suite.o-p14fail2.html"></testcase><testcase  name="o-p14fail1" time="0.041191" timestamp="2012-11-19T15:53:04" log="/home/karl/tmp/otp_tests/logs/xmerl_test_logs/ct_run.ct@devbox.2012-11-19_15.49.06/tests.xmerl_test.logs/run.2012-11-19_15.49.40/xmerl_std_suite.o-p14fail1.html"></testcase><testcase  name="o-p12fail7" time="0.038203" timestamp="2012-11-19T15:53:04" log="/home/karl/tmp/otp_tests/logs/xmerl_test_logs/ct_run.ct@devbox.2012-11-19_15.49.06/tests.xmerl_test.logs/run.2012-11-19_15.49.40/xmerl_std_suite.o-p12fail7.html"></testcase><testcase  name="o-p12fail6" time="0.042394" timestamp="2012-11-19T15:53:04" log="/home/karl/tmp/otp_tests/logs/xmerl_test_logs/ct_run.ct@devbox.2012-11-19_15.49.06/tests.xmerl_test.logs/run.2012-11-19_15.49.40/xmerl_std_suite.o-p12fail6.html"></testcase><testcase  name="o-p12fail5" time="0.039998" timestamp="2012-11-19T15:53:04" log="/home/karl/tmp/otp_tests/logs/xmerl_test_logs/ct_run.ct@devbox.2012-11-19_15.49.06/tests.xmerl_test.logs/run.2012-11-19_15.49.40/xmerl_std_suite.o-p12fail5.html"></testcase><testcase  name="o-p12fail4" time="0.040419" timestamp="2012-11-19T15:53:05" log="/home/karl/tmp/otp_tests/logs/xmerl_test_logs/ct_run.ct@devbox.2012-11-19_15.49.06/tests.xmerl_test.logs/run.2012-11-19_15.49.40/xmerl_std_suite.o-p12fail4.html"></testcase><testcase  name="o-p12fail3" time="0.044625" timestamp="2012-11-19T15:53:05" log="/home/karl/tmp/otp_tests/logs/xmerl_test_logs/ct_run.ct@devbox.2012-11-19_15.49.06/tests.xmerl_test.logs/run.2012-11-19_15.49.40/xmerl_std_suite.o-p12fail3.html"></testcase><testcase  name="o-p12fail2" time="0.039095" timestamp="2012-11-19T15:53:05" log="/home/karl/tmp/otp_tests/logs/xmerl_test_logs/ct_run.ct@devbox.2012-11-19_15.49.06/tests.xmerl_test.logs/run.2012-11-19_15.49.40/xmerl_std_suite.o-p12fail2.html"></testcase><testcase  name="o-p12fail1" time="0.054784" timestamp="2012-11-19T15:53:05" log="/home/karl/tmp/otp_tests/logs/xmerl_test_logs/ct_run.ct@devbox.2012-11-19_15.49.06/tests.xmerl_test.logs/run.2012-11-19_15.49.40/xmerl_std_suite.o-p12fail1.html"></testcase><testcase  name="o-p11fail2" time="0.037515" timestamp="2012-11-19T15:53:05" log="/home/karl/tmp/otp_tests/logs/xmerl_test_logs/ct_run.ct@devbox.2012-11-19_15.49.06/tests.xmerl_test.logs/run.2012-11-19_15.49.40/xmerl_std_suite.o-p11fail2.html"></testcase><testcase  name="o-p11fail1" time="0.039111" timestamp="2012-11-19T15:53:05" log="/home/karl/tmp/otp_tests/logs/xmerl_test_logs/ct_run.ct@devbox.2012-11-19_15.49.06/tests.xmerl_test.logs/run.2012-11-19_15.49.40/xmerl_std_suite.o-p11fail1.html"></testcase><testcase  name="o-p10fail3" time="0.039176" timestamp="2012-11-19T15:53:05" log="/home/karl/tmp/otp_tests/logs/xmerl_test_logs/ct_run.ct@devbox.2012-11-19_15.49.06/tests.xmerl_test.logs/run.2012-11-19_15.49.40/xmerl_std_suite.o-p10fail3.html"></testcase><testcase  name="o-p10fail2" time="0.038088" timestamp="2012-11-19T15:53:05" log="/home/karl/tmp/otp_tests/logs/xmerl_test_logs/ct_run.ct@devbox.2012-11-19_15.49.06/tests.xmerl_test.logs/run.2012-11-19_15.49.40/xmerl_std_suite.o-p10fail2.html"></testcase><testcase  name="o-p10fail1" time="0.037417" timestamp="2012-11-19T15:53:05" log="/home/karl/tmp/otp_tests/logs/xmerl_test_logs/ct_run.ct@devbox.2012-11-19_15.49.06/tests.xmerl_test.logs/run.2012-11-19_15.49.40/xmerl_std_suite.o-p10fail1.html"></testcase><testcase  name="o-p09fail5" time="0.040933" timestamp="2012-11-19T15:53:06" log="/home/karl/tmp/otp_tests/logs/xmerl_test_logs/ct_run.ct@devbox.2012-11-19_15.49.06/tests.xmerl_test.logs/run.2012-11-19_15.49.40/xmerl_std_suite.o-p09fail5.html"></testcase><testcase  name="o-p09fail4" time="0.041711" timestamp="2012-11-19T15:53:06" log="/home/karl/tmp/otp_tests/logs/xmerl_test_logs/ct_run.ct@devbox.2012-11-19_15.49.06/tests.xmerl_test.logs/run.2012-11-19_15.49.40/xmerl_std_suite.o-p09fail4.html"></testcase><testcase  name="o-p09fail3" time="0.037571" timestamp="2012-11-19T15:53:06" log="/home/karl/tmp/otp_tests/logs/xmerl_test_logs/ct_run.ct@devbox.2012-11-19_15.49.06/tests.xmerl_test.logs/run.2012-11-19_15.49.40/xmerl_std_suite.o-p09fail3.html"></testcase><testcase  name="o-p09fail2" time="0.038965" timestamp="2012-11-19T15:53:06" log="/home/karl/tmp/otp_tests/logs/xmerl_test_logs/ct_run.ct@devbox.2012-11-19_15.49.06/tests.xmerl_test.logs/run.2012-11-19_15.49.40/xmerl_std_suite.o-p09fail2.html"></testcase><testcase  name="o-p09fail1" time="0.055978" timestamp="2012-11-19T15:53:06" log="/home/karl/tmp/otp_tests/logs/xmerl_test_logs/ct_run.ct@devbox.2012-11-19_15.49.06/tests.xmerl_test.logs/run.2012-11-19_15.49.40/xmerl_std_suite.o-p09fail1.html"></testcase><testcase  name="o-p05fail5" time="0.045398" timestamp="2012-11-19T15:53:06" log="/home/karl/tmp/otp_tests/logs/xmerl_test_logs/ct_run.ct@devbox.2012-11-19_15.49.06/tests.xmerl_test.logs/run.2012-11-19_15.49.40/xmerl_std_suite.o-p05fail5.html"></testcase><testcase  name="o-p05fail4" time="0.042171" timestamp="2012-11-19T15:53:06" log="/home/karl/tmp/otp_tests/logs/xmerl_test_logs/ct_run.ct@devbox.2012-11-19_15.49.06/tests.xmerl_test.logs/run.2012-11-19_15.49.40/xmerl_std_suite.o-p05fail4.html"></testcase><testcase  name="o-p05fail3" time="0.041345" timestamp="2012-11-19T15:53:06" log="/home/karl/tmp/otp_tests/logs/xmerl_test_logs/ct_run.ct@devbox.2012-11-19_15.49.06/tests.xmerl_test.logs/run.2012-11-19_15.49.40/xmerl_std_suite.o-p05fail3.html"></testcase><testcase  name="o-p05fail2" time="0.040614" timestamp="2012-11-19T15:53:06" log="/home/karl/tmp/otp_tests/logs/xmerl_test_logs/ct_run.ct@devbox.2012-11-19_15.49.06/tests.xmerl_test.logs/run.2012-11-19_15.49.40/xmerl_std_suite.o-p05fail2.html"></testcase><testcase  name="o-p05fail1" time="0.046728" timestamp="2012-11-19T15:53:06" log="/home/karl/tmp/otp_tests/logs/xmerl_test_logs/ct_run.ct@devbox.2012-11-19_15.49.06/tests.xmerl_test.logs/run.2012-11-19_15.49.40/xmerl_std_suite.o-p05fail1.html"></testcase><testcase  name="o-p04fail3" time="0.041091" timestamp="2012-11-19T15:53:07" log="/home/karl/tmp/otp_tests/logs/xmerl_test_logs/ct_run.ct@devbox.2012-11-19_15.49.06/tests.xmerl_test.logs/run.2012-11-19_15.49.40/xmerl_std_suite.o-p04fail3.html"></testcase><testcase  name="o-p04fail2" time="0.042732" timestamp="2012-11-19T15:53:07" log="/home/karl/tmp/otp_tests/logs/xmerl_test_logs/ct_run.ct@devbox.2012-11-19_15.49.06/tests.xmerl_test.logs/run.2012-11-19_15.49.40/xmerl_std_suite.o-p04fail2.html"></testcase><testcase  name="o-p04fail1" time="0.040254" timestamp="2012-11-19T15:53:07" log="/home/karl/tmp/otp_tests/logs/xmerl_test_logs/ct_run.ct@devbox.2012-11-19_15.49.06/tests.xmerl_test.logs/run.2012-11-19_15.49.40/xmerl_std_suite.o-p04fail1.html"></testcase><testcase  name="o-p03fail9" time="0.041030" timestamp="2012-11-19T15:53:07" log="/home/karl/tmp/otp_tests/logs/xmerl_test_logs/ct_run.ct@devbox.2012-11-19_15.49.06/tests.xmerl_test.logs/run.2012-11-19_15.49.40/xmerl_std_suite.o-p03fail9.html"></testcase><testcase  name="o-p03fail8" time="0.039087" timestamp="2012-11-19T15:53:07" log="/home/karl/tmp/otp_tests/logs/xmerl_test_logs/ct_run.ct@devbox.2012-11-19_15.49.06/tests.xmerl_test.logs/run.2012-11-19_15.49.40/xmerl_std_suite.o-p03fail8.html"></testcase><testcase  name="o-p03fail7" time="0.039913" timestamp="2012-11-19T15:53:07" log="/home/karl/tmp/otp_tests/logs/xmerl_test_logs/ct_run.ct@devbox.2012-11-19_15.49.06/tests.xmerl_test.logs/run.2012-11-19_15.49.40/xmerl_std_suite.o-p03fail7.html"></testcase><testcase  name="o-p03fail5" time="0.039063" timestamp="2012-11-19T15:53:07" log="/home/karl/tmp/otp_tests/logs/xmerl_test_logs/ct_run.ct@devbox.2012-11-19_15.49.06/tests.xmerl_test.logs/run.2012-11-19_15.49.40/xmerl_std_suite.o-p03fail5.html"></testcase><testcase  name="o-p03fail4" time="0.039256" timestamp="2012-11-19T15:53:07" log="/home/karl/tmp/otp_tests/logs/xmerl_test_logs/ct_run.ct@devbox.2012-11-19_15.49.06/tests.xmerl_test.logs/run.2012-11-19_15.49.40/xmerl_std_suite.o-p03fail4.html"></testcase><testcase  name="o-p03fail3" time="0.039807" timestamp="2012-11-19T15:53:07" log="/home/karl/tmp/otp_tests/logs/xmerl_test_logs/ct_run.ct@devbox.2012-11-19_15.49.06/tests.xmerl_test.logs/run.2012-11-19_15.49.40/xmerl_std_suite.o-p03fail3.html"></testcase><testcase  name="o-p03fail29" time="0.038051" timestamp="2012-11-19T15:53:07" log="/home/karl/tmp/otp_tests/logs/xmerl_test_logs/ct_run.ct@devbox.2012-11-19_15.49.06/tests.xmerl_test.logs/run.2012-11-19_15.49.40/xmerl_std_suite.o-p03fail29.html"></testcase><testcase  name="o-p03fail28" time="0.039099" timestamp="2012-11-19T15:53:08" log="/home/karl/tmp/otp_tests/logs/xmerl_test_logs/ct_run.ct@devbox.2012-11-19_15.49.06/tests.xmerl_test.logs/run.2012-11-19_15.49.40/xmerl_std_suite.o-p03fail28.html"></testcase><testcase  name="o-p03fail27" time="0.038660" timestamp="2012-11-19T15:53:08" log="/home/karl/tmp/otp_tests/logs/xmerl_test_logs/ct_run.ct@devbox.2012-11-19_15.49.06/tests.xmerl_test.logs/run.2012-11-19_15.49.40/xmerl_std_suite.o-p03fail27.html"></testcase><testcase  name="o-p03fail26" time="0.037980" timestamp="2012-11-19T15:53:08" log="/home/karl/tmp/otp_tests/logs/xmerl_test_logs/ct_run.ct@devbox.2012-11-19_15.49.06/tests.xmerl_test.logs/run.2012-11-19_15.49.40/xmerl_std_suite.o-p03fail26.html"></testcase><testcase  name="o-p03fail25" time="0.040054" timestamp="2012-11-19T15:53:08" log="/home/karl/tmp/otp_tests/logs/xmerl_test_logs/ct_run.ct@devbox.2012-11-19_15.49.06/tests.xmerl_test.logs/run.2012-11-19_15.49.40/xmerl_std_suite.o-p03fail25.html"></testcase><testcase  name="o-p03fail24" time="0.038607" timestamp="2012-11-19T15:53:08" log="/home/karl/tmp/otp_tests/logs/xmerl_test_logs/ct_run.ct@devbox.2012-11-19_15.49.06/tests.xmerl_test.logs/run.2012-11-19_15.49.40/xmerl_std_suite.o-p03fail24.html"></testcase><testcase  name="o-p03fail23" time="0.098792" timestamp="2012-11-19T15:53:08" log="/home/karl/tmp/otp_tests/logs/xmerl_test_logs/ct_run.ct@devbox.2012-11-19_15.49.06/tests.xmerl_test.logs/run.2012-11-19_15.49.40/xmerl_std_suite.o-p03fail23.html"></testcase><testcase  name="o-p03fail22" time="0.047561" timestamp="2012-11-19T15:53:08" log="/home/karl/tmp/otp_tests/logs/xmerl_test_logs/ct_run.ct@devbox.2012-11-19_15.49.06/tests.xmerl_test.logs/run.2012-11-19_15.49.40/xmerl_std_suite.o-p03fail22.html"></testcase><testcase  name="o-p03fail21" time="0.038909" timestamp="2012-11-19T15:53:08" log="/home/karl/tmp/otp_tests/logs/xmerl_test_logs/ct_run.ct@devbox.2012-11-19_15.49.06/tests.xmerl_test.logs/run.2012-11-19_15.49.40/xmerl_std_suite.o-p03fail21.html"></testcase><testcase  name="o-p03fail20" time="0.038210" timestamp="2012-11-19T15:53:08" log="/home/karl/tmp/otp_tests/logs/xmerl_test_logs/ct_run.ct@devbox.2012-11-19_15.49.06/tests.xmerl_test.logs/run.2012-11-19_15.49.40/xmerl_std_suite.o-p03fail20.html"></testcase><testcase  name="o-p03fail2" time="0.038506" timestamp="2012-11-19T15:53:09" log="/home/karl/tmp/otp_tests/logs/xmerl_test_logs/ct_run.ct@devbox.2012-11-19_15.49.06/tests.xmerl_test.logs/run.2012-11-19_15.49.40/xmerl_std_suite.o-p03fail2.html"></testcase><testcase  name="o-p03fail19" time="0.048537" timestamp="2012-11-19T15:53:09" log="/home/karl/tmp/otp_tests/logs/xmerl_test_logs/ct_run.ct@devbox.2012-11-19_15.49.06/tests.xmerl_test.logs/run.2012-11-19_15.49.40/xmerl_std_suite.o-p03fail19.html"></testcase><testcase  name="o-p03fail18" time="0.038446" timestamp="2012-11-19T15:53:09" log="/home/karl/tmp/otp_tests/logs/xmerl_test_logs/ct_run.ct@devbox.2012-11-19_15.49.06/tests.xmerl_test.logs/run.2012-11-19_15.49.40/xmerl_std_suite.o-p03fail18.html"></testcase><testcase  name="o-p03fail17" time="0.038238" timestamp="2012-11-19T15:53:09" log="/home/karl/tmp/otp_tests/logs/xmerl_test_logs/ct_run.ct@devbox.2012-11-19_15.49.06/tests.xmerl_test.logs/run.2012-11-19_15.49.40/xmerl_std_suite.o-p03fail17.html"></testcase><testcase  name="o-p03fail16" time="0.039061" timestamp="2012-11-19T15:53:09" log="/home/karl/tmp/otp_tests/logs/xmerl_test_logs/ct_run.ct@devbox.2012-11-19_15.49.06/tests.xmerl_test.logs/run.2012-11-19_15.49.40/xmerl_std_suite.o-p03fail16.html"></testcase><testcase  name="o-p03fail15" time="0.048417" timestamp="2012-11-19T15:53:09" log="/home/karl/tmp/otp_tests/logs/xmerl_test_logs/ct_run.ct@devbox.2012-11-19_15.49.06/tests.xmerl_test.logs/run.2012-11-19_15.49.40/xmerl_std_suite.o-p03fail15.html"></testcase><testcase  name="o-p03fail14" time="0.040221" timestamp="2012-11-19T15:53:09" log="/home/karl/tmp/otp_tests/logs/xmerl_test_logs/ct_run.ct@devbox.2012-11-19_15.49.06/tests.xmerl_test.logs/run.2012-11-19_15.49.40/xmerl_std_suite.o-p03fail14.html"></testcase><testcase  name="o-p03fail13" time="0.041325" timestamp="2012-11-19T15:53:09" log="/home/karl/tmp/otp_tests/logs/xmerl_test_logs/ct_run.ct@devbox.2012-11-19_15.49.06/tests.xmerl_test.logs/run.2012-11-19_15.49.40/xmerl_std_suite.o-p03fail13.html"></testcase><testcase  name="o-p03fail12" time="0.040688" timestamp="2012-11-19T15:53:09" log="/home/karl/tmp/otp_tests/logs/xmerl_test_logs/ct_run.ct@devbox.2012-11-19_15.49.06/tests.xmerl_test.logs/run.2012-11-19_15.49.40/xmerl_std_suite.o-p03fail12.html"></testcase><testcase  name="o-p03fail11" time="0.040628" timestamp="2012-11-19T15:53:10" log="/home/karl/tmp/otp_tests/logs/xmerl_test_logs/ct_run.ct@devbox.2012-11-19_15.49.06/tests.xmerl_test.logs/run.2012-11-19_15.49.40/xmerl_std_suite.o-p03fail11.html"></testcase><testcase  name="o-p03fail10" time="0.041291" timestamp="2012-11-19T15:53:10" log="/home/karl/tmp/otp_tests/logs/xmerl_test_logs/ct_run.ct@devbox.2012-11-19_15.49.06/tests.xmerl_test.logs/run.2012-11-19_15.49.40/xmerl_std_suite.o-p03fail10.html"></testcase><testcase  name="o-p03fail1" time="0.041636" timestamp="2012-11-19T15:53:10" log="/home/karl/tmp/otp_tests/logs/xmerl_test_logs/ct_run.ct@devbox.2012-11-19_15.49.06/tests.xmerl_test.logs/run.2012-11-19_15.49.40/xmerl_std_suite.o-p03fail1.html"></testcase><testcase  name="o-p02fail9" time="0.040757" timestamp="2012-11-19T15:53:10" log="/home/karl/tmp/otp_tests/logs/xmerl_test_logs/ct_run.ct@devbox.2012-11-19_15.49.06/tests.xmerl_test.logs/run.2012-11-19_15.49.40/xmerl_std_suite.o-p02fail9.html"></testcase><testcase  name="o-p02fail8" time="0.049270" timestamp="2012-11-19T15:53:10" log="/home/karl/tmp/otp_tests/logs/xmerl_test_logs/ct_run.ct@devbox.2012-11-19_15.49.06/tests.xmerl_test.logs/run.2012-11-19_15.49.40/xmerl_std_suite.o-p02fail8.html"></testcase><testcase  name="o-p02fail7" time="0.040255" timestamp="2012-11-19T15:53:10" log="/home/karl/tmp/otp_tests/logs/xmerl_test_logs/ct_run.ct@devbox.2012-11-19_15.49.06/tests.xmerl_test.logs/run.2012-11-19_15.49.40/xmerl_std_suite.o-p02fail7.html"></testcase><testcase  name="o-p02fail6" time="0.042020" timestamp="2012-11-19T15:53:10" log="/home/karl/tmp/otp_tests/logs/xmerl_test_logs/ct_run.ct@devbox.2012-11-19_15.49.06/tests.xmerl_test.logs/run.2012-11-19_15.49.40/xmerl_std_suite.o-p02fail6.html"></testcase><testcase  name="o-p02fail5" time="0.041363" timestamp="2012-11-19T15:53:10" log="/home/karl/tmp/otp_tests/logs/xmerl_test_logs/ct_run.ct@devbox.2012-11-19_15.49.06/tests.xmerl_test.logs/run.2012-11-19_15.49.40/xmerl_std_suite.o-p02fail5.html"></testcase><testcase  name="o-p02fail4" time="0.041060" timestamp="2012-11-19T15:53:10" log="/home/karl/tmp/otp_tests/logs/xmerl_test_logs/ct_run.ct@devbox.2012-11-19_15.49.06/tests.xmerl_test.logs/run.2012-11-19_15.49.40/xmerl_std_suite.o-p02fail4.html"></testcase><testcase  name="o-p02fail31" time="0.040582" timestamp="2012-11-19T15:53:10" log="/home/karl/tmp/otp_tests/logs/xmerl_test_logs/ct_run.ct@devbox.2012-11-19_15.49.06/tests.xmerl_test.logs/run.2012-11-19_15.49.40/xmerl_std_suite.o-p02fail31.html"></testcase><testcase  name="o-p02fail30" time="0.040227" timestamp="2012-11-19T15:53:11" log="/home/karl/tmp/otp_tests/logs/xmerl_test_logs/ct_run.ct@devbox.2012-11-19_15.49.06/tests.xmerl_test.logs/run.2012-11-19_15.49.40/xmerl_std_suite.o-p02fail30.html"></testcase><testcase  name="o-p02fail3" time="0.040704" timestamp="2012-11-19T15:53:11" log="/home/karl/tmp/otp_tests/logs/xmerl_test_logs/ct_run.ct@devbox.2012-11-19_15.49.06/tests.xmerl_test.logs/run.2012-11-19_15.49.40/xmerl_std_suite.o-p02fail3.html"></testcase><testcase  name="o-p02fail29" time="0.040125" timestamp="2012-11-19T15:53:11" log="/home/karl/tmp/otp_tests/logs/xmerl_test_logs/ct_run.ct@devbox.2012-11-19_15.49.06/tests.xmerl_test.logs/run.2012-11-19_15.49.40/xmerl_std_suite.o-p02fail29.html"></testcase><testcase  name="o-p02fail28" time="0.041469" timestamp="2012-11-19T15:53:11" log="/home/karl/tmp/otp_tests/logs/xmerl_test_logs/ct_run.ct@devbox.2012-11-19_15.49.06/tests.xmerl_test.logs/run.2012-11-19_15.49.40/xmerl_std_suite.o-p02fail28.html"></testcase><testcase  name="o-p02fail27" time="0.080484" timestamp="2012-11-19T15:53:11" log="/home/karl/tmp/otp_tests/logs/xmerl_test_logs/ct_run.ct@devbox.2012-11-19_15.49.06/tests.xmerl_test.logs/run.2012-11-19_15.49.40/xmerl_std_suite.o-p02fail27.html"></testcase><testcase  name="o-p02fail26" time="0.060770" timestamp="2012-11-19T15:53:11" log="/home/karl/tmp/otp_tests/logs/xmerl_test_logs/ct_run.ct@devbox.2012-11-19_15.49.06/tests.xmerl_test.logs/run.2012-11-19_15.49.40/xmerl_std_suite.o-p02fail26.html"></testcase><testcase  name="o-p02fail25" time="0.062406" timestamp="2012-11-19T15:53:11" log="/home/karl/tmp/otp_tests/logs/xmerl_test_logs/ct_run.ct@devbox.2012-11-19_15.49.06/tests.xmerl_test.logs/run.2012-11-19_15.49.40/xmerl_std_suite.o-p02fail25.html"></testcase><testcase  name="o-p02fail24" time="0.049407" timestamp="2012-11-19T15:53:11" log="/home/karl/tmp/otp_tests/logs/xmerl_test_logs/ct_run.ct@devbox.2012-11-19_15.49.06/tests.xmerl_test.logs/run.2012-11-19_15.49.40/xmerl_std_suite.o-p02fail24.html"></testcase><testcase  name="o-p02fail23" time="0.040652" timestamp="2012-11-19T15:53:12" log="/home/karl/tmp/otp_tests/logs/xmerl_test_logs/ct_run.ct@devbox.2012-11-19_15.49.06/tests.xmerl_test.logs/run.2012-11-19_15.49.40/xmerl_std_suite.o-p02fail23.html"></testcase><testcase  name="o-p02fail22" time="0.041635" timestamp="2012-11-19T15:53:12" log="/home/karl/tmp/otp_tests/logs/xmerl_test_logs/ct_run.ct@devbox.2012-11-19_15.49.06/tests.xmerl_test.logs/run.2012-11-19_15.49.40/xmerl_std_suite.o-p02fail22.html"></testcase><testcase  name="o-p02fail21" time="0.042894" timestamp="2012-11-19T15:53:12" log="/home/karl/tmp/otp_tests/logs/xmerl_test_logs/ct_run.ct@devbox.2012-11-19_15.49.06/tests.xmerl_test.logs/run.2012-11-19_15.49.40/xmerl_std_suite.o-p02fail21.html"></testcase><testcase  name="o-p02fail20" time="0.040479" timestamp="2012-11-19T15:53:12" log="/home/karl/tmp/otp_tests/logs/xmerl_test_logs/ct_run.ct@devbox.2012-11-19_15.49.06/tests.xmerl_test.logs/run.2012-11-19_15.49.40/xmerl_std_suite.o-p02fail20.html"></testcase><testcase  name="o-p02fail2" time="0.056133" timestamp="2012-11-19T15:53:12" log="/home/karl/tmp/otp_tests/logs/xmerl_test_logs/ct_run.ct@devbox.2012-11-19_15.49.06/tests.xmerl_test.logs/run.2012-11-19_15.49.40/xmerl_std_suite.o-p02fail2.html"></testcase><testcase  name="o-p02fail19" time="0.044339" timestamp="2012-11-19T15:53:12" log="/home/karl/tmp/otp_tests/logs/xmerl_test_logs/ct_run.ct@devbox.2012-11-19_15.49.06/tests.xmerl_test.logs/run.2012-11-19_15.49.40/xmerl_std_suite.o-p02fail19.html"></testcase><testcase  name="o-p02fail18" time="0.043027" timestamp="2012-11-19T15:53:12" log="/home/karl/tmp/otp_tests/logs/xmerl_test_logs/ct_run.ct@devbox.2012-11-19_15.49.06/tests.xmerl_test.logs/run.2012-11-19_15.49.40/xmerl_std_suite.o-p02fail18.html"></testcase><testcase  name="o-p02fail17" time="0.043268" timestamp="2012-11-19T15:53:12" log="/home/karl/tmp/otp_tests/logs/xmerl_test_logs/ct_run.ct@devbox.2012-11-19_15.49.06/tests.xmerl_test.logs/run.2012-11-19_15.49.40/xmerl_std_suite.o-p02fail17.html"></testcase><testcase  name="o-p02fail16" time="0.041222" timestamp="2012-11-19T15:53:12" log="/home/karl/tmp/otp_tests/logs/xmerl_test_logs/ct_run.ct@devbox.2012-11-19_15.49.06/tests.xmerl_test.logs/run.2012-11-19_15.49.40/xmerl_std_suite.o-p02fail16.html"></testcase><testcase  name="o-p02fail15" time="0.040766" timestamp="2012-11-19T15:53:13" log="/home/karl/tmp/otp_tests/logs/xmerl_test_logs/ct_run.ct@devbox.2012-11-19_15.49.06/tests.xmerl_test.logs/run.2012-11-19_15.49.40/xmerl_std_suite.o-p02fail15.html"></testcase><testcase  name="o-p02fail14" time="0.039662" timestamp="2012-11-19T15:53:13" log="/home/karl/tmp/otp_tests/logs/xmerl_test_logs/ct_run.ct@devbox.2012-11-19_15.49.06/tests.xmerl_test.logs/run.2012-11-19_15.49.40/xmerl_std_suite.o-p02fail14.html"></testcase><testcase  name="o-p02fail13" time="0.040452" timestamp="2012-11-19T15:53:13" log="/home/karl/tmp/otp_tests/logs/xmerl_test_logs/ct_run.ct@devbox.2012-11-19_15.49.06/tests.xmerl_test.logs/run.2012-11-19_15.49.40/xmerl_std_suite.o-p02fail13.html"></testcase><testcase  name="o-p02fail12" time="0.039633" timestamp="2012-11-19T15:53:13" log="/home/karl/tmp/otp_tests/logs/xmerl_test_logs/ct_run.ct@devbox.2012-11-19_15.49.06/tests.xmerl_test.logs/run.2012-11-19_15.49.40/xmerl_std_suite.o-p02fail12.html"></testcase><testcase  name="o-p02fail11" time="0.039945" timestamp="2012-11-19T15:53:13" log="/home/karl/tmp/otp_tests/logs/xmerl_test_logs/ct_run.ct@devbox.2012-11-19_15.49.06/tests.xmerl_test.logs/run.2012-11-19_15.49.40/xmerl_std_suite.o-p02fail11.html"></testcase><testcase  name="o-p02fail10" time="0.039877" timestamp="2012-11-19T15:53:13" log="/home/karl/tmp/otp_tests/logs/xmerl_test_logs/ct_run.ct@devbox.2012-11-19_15.49.06/tests.xmerl_test.logs/run.2012-11-19_15.49.40/xmerl_std_suite.o-p02fail10.html"></testcase><testcase  name="o-p02fail1" time="0.049115" timestamp="2012-11-19T15:53:13" log="/home/karl/tmp/otp_tests/logs/xmerl_test_logs/ct_run.ct@devbox.2012-11-19_15.49.06/tests.xmerl_test.logs/run.2012-11-19_15.49.40/xmerl_std_suite.o-p02fail1.html"></testcase><testcase  name="o-p01fail4" time="0.042656" timestamp="2012-11-19T15:53:13" log="/home/karl/tmp/otp_tests/logs/xmerl_test_logs/ct_run.ct@devbox.2012-11-19_15.49.06/tests.xmerl_test.logs/run.2012-11-19_15.49.40/xmerl_std_suite.o-p01fail4.html"></testcase><testcase  name="o-p01fail3" time="0.040537" timestamp="2012-11-19T15:53:13" log="/home/karl/tmp/otp_tests/logs/xmerl_test_logs/ct_run.ct@devbox.2012-11-19_15.49.06/tests.xmerl_test.logs/run.2012-11-19_15.49.40/xmerl_std_suite.o-p01fail3.html"></testcase><testcase  name="o-p01fail2" time="0.041477" timestamp="2012-11-19T15:53:14" log="/home/karl/tmp/otp_tests/logs/xmerl_test_logs/ct_run.ct@devbox.2012-11-19_15.49.06/tests.xmerl_test.logs/run.2012-11-19_15.49.40/xmerl_std_suite.o-p01fail2.html"></testcase><testcase  name="o-p01fail1" time="0.041982" timestamp="2012-11-19T15:53:14" log="/home/karl/tmp/otp_tests/logs/xmerl_test_logs/ct_run.ct@devbox.2012-11-19_15.49.06/tests.xmerl_test.logs/run.2012-11-19_15.49.40/xmerl_std_suite.o-p01fail1.html"></testcase><testcase  name="o-e2" time="0.039521" timestamp="2012-11-19T15:53:14" log="/home/karl/tmp/otp_tests/logs/xmerl_test_logs/ct_run.ct@devbox.2012-11-19_15.49.06/tests.xmerl_test.logs/run.2012-11-19_15.49.40/xmerl_std_suite.o-e2.html"></testcase><testcase  name="o-p75pass1" time="0.040952" timestamp="2012-11-19T15:53:14" log="/home/karl/tmp/otp_tests/logs/xmerl_test_logs/ct_run.ct@devbox.2012-11-19_15.49.06/tests.xmerl_test.logs/run.2012-11-19_15.49.40/xmerl_std_suite.o-p75pass1.html"></testcase><testcase  name="o-p74pass1" time="0.040622" timestamp="2012-11-19T15:53:14" log="/home/karl/tmp/otp_tests/logs/xmerl_test_logs/ct_run.ct@devbox.2012-11-19_15.49.06/tests.xmerl_test.logs/run.2012-11-19_15.49.40/xmerl_std_suite.o-p74pass1.html"></testcase><testcase  name="o-p66pass1" time="0.042283" timestamp="2012-11-19T15:53:14" log="/home/karl/tmp/otp_tests/logs/xmerl_test_logs/ct_run.ct@devbox.2012-11-19_15.49.06/tests.xmerl_test.logs/run.2012-11-19_15.49.40/xmerl_std_suite.o-p66pass1.html"></testcase><testcase  name="o-p44pass5" time="0.041335" timestamp="2012-11-19T15:53:14" log="/home/karl/tmp/otp_tests/logs/xmerl_test_logs/ct_run.ct@devbox.2012-11-19_15.49.06/tests.xmerl_test.logs/run.2012-11-19_15.49.40/xmerl_std_suite.o-p44pass5.html"></testcase><testcase  name="o-p44pass4" time="0.041746" timestamp="2012-11-19T15:53:14" log="/home/karl/tmp/otp_tests/logs/xmerl_test_logs/ct_run.ct@devbox.2012-11-19_15.49.06/tests.xmerl_test.logs/run.2012-11-19_15.49.40/xmerl_std_suite.o-p44pass4.html"></testcase><testcase  name="o-p44pass3" time="0.037796" timestamp="2012-11-19T15:53:14" log="/home/karl/tmp/otp_tests/logs/xmerl_test_logs/ct_run.ct@devbox.2012-11-19_15.49.06/tests.xmerl_test.logs/run.2012-11-19_15.49.40/xmerl_std_suite.o-p44pass3.html"></testcase><testcase  name="o-p44pass2" time="0.038418" timestamp="2012-11-19T15:53:14" log="/home/karl/tmp/otp_tests/logs/xmerl_test_logs/ct_run.ct@devbox.2012-11-19_15.49.06/tests.xmerl_test.logs/run.2012-11-19_15.49.40/xmerl_std_suite.o-p44pass2.html"></testcase><testcase  name="o-p44pass1" time="0.038633" timestamp="2012-11-19T15:53:15" log="/home/karl/tmp/otp_tests/logs/xmerl_test_logs/ct_run.ct@devbox.2012-11-19_15.49.06/tests.xmerl_test.logs/run.2012-11-19_15.49.40/xmerl_std_suite.o-p44pass1.html"></testcase><testcase  name="o-p42pass2" time="0.037872" timestamp="2012-11-19T15:53:15" log="/home/karl/tmp/otp_tests/logs/xmerl_test_logs/ct_run.ct@devbox.2012-11-19_15.49.06/tests.xmerl_test.logs/run.2012-11-19_15.49.40/xmerl_std_suite.o-p42pass2.html"></testcase><testcase  name="o-p42pass1" time="0.038516" timestamp="2012-11-19T15:53:15" log="/home/karl/tmp/otp_tests/logs/xmerl_test_logs/ct_run.ct@devbox.2012-11-19_15.49.06/tests.xmerl_test.logs/run.2012-11-19_15.49.40/xmerl_std_suite.o-p42pass1.html"></testcase><testcase  name="o-p41pass2" time="0.038833" timestamp="2012-11-19T15:53:15" log="/home/karl/tmp/otp_tests/logs/xmerl_test_logs/ct_run.ct@devbox.2012-11-19_15.49.06/tests.xmerl_test.logs/run.2012-11-19_15.49.40/xmerl_std_suite.o-p41pass2.html"></testcase><testcase  name="o-p41pass1" time="0.040106" timestamp="2012-11-19T15:53:15" log="/home/karl/tmp/otp_tests/logs/xmerl_test_logs/ct_run.ct@devbox.2012-11-19_15.49.06/tests.xmerl_test.logs/run.2012-11-19_15.49.40/xmerl_std_suite.o-p41pass1.html"></testcase><testcase  name="o-p40pass4" time="0.042352" timestamp="2012-11-19T15:53:15" log="/home/karl/tmp/otp_tests/logs/xmerl_test_logs/ct_run.ct@devbox.2012-11-19_15.49.06/tests.xmerl_test.logs/run.2012-11-19_15.49.40/xmerl_std_suite.o-p40pass4.html"></testcase><testcase  name="o-p40pass3" time="0.037864" timestamp="2012-11-19T15:53:15" log="/home/karl/tmp/otp_tests/logs/xmerl_test_logs/ct_run.ct@devbox.2012-11-19_15.49.06/tests.xmerl_test.logs/run.2012-11-19_15.49.40/xmerl_std_suite.o-p40pass3.html"></testcase><testcase  name="o-p40pass2" time="0.039236" timestamp="2012-11-19T15:53:15" log="/home/karl/tmp/otp_tests/logs/xmerl_test_logs/ct_run.ct@devbox.2012-11-19_15.49.06/tests.xmerl_test.logs/run.2012-11-19_15.49.40/xmerl_std_suite.o-p40pass2.html"></testcase><testcase  name="o-p40pass1" time="0.041207" timestamp="2012-11-19T15:53:15" log="/home/karl/tmp/otp_tests/logs/xmerl_test_logs/ct_run.ct@devbox.2012-11-19_15.49.06/tests.xmerl_test.logs/run.2012-11-19_15.49.40/xmerl_std_suite.o-p40pass1.html"></testcase><testcase  name="o-p39pass2" time="0.039140" timestamp="2012-11-19T15:53:15" log="/home/karl/tmp/otp_tests/logs/xmerl_test_logs/ct_run.ct@devbox.2012-11-19_15.49.06/tests.xmerl_test.logs/run.2012-11-19_15.49.40/xmerl_std_suite.o-p39pass2.html"></testcase><testcase  name="o-p39pass1" time="0.040121" timestamp="2012-11-19T15:53:16" log="/home/karl/tmp/otp_tests/logs/xmerl_test_logs/ct_run.ct@devbox.2012-11-19_15.49.06/tests.xmerl_test.logs/run.2012-11-19_15.49.40/xmerl_std_suite.o-p39pass1.html"></testcase><testcase  name="o-p32pass2" time="0.037834" timestamp="2012-11-19T15:53:16" log="/home/karl/tmp/otp_tests/logs/xmerl_test_logs/ct_run.ct@devbox.2012-11-19_15.49.06/tests.xmerl_test.logs/run.2012-11-19_15.49.40/xmerl_std_suite.o-p32pass2.html"></testcase><testcase  name="o-p32pass1" time="0.040455" timestamp="2012-11-19T15:53:16" log="/home/karl/tmp/otp_tests/logs/xmerl_test_logs/ct_run.ct@devbox.2012-11-19_15.49.06/tests.xmerl_test.logs/run.2012-11-19_15.49.40/xmerl_std_suite.o-p32pass1.html"></testcase><testcase  name="o-p27pass4" time="0.039965" timestamp="2012-11-19T15:53:16" log="/home/karl/tmp/otp_tests/logs/xmerl_test_logs/ct_run.ct@devbox.2012-11-19_15.49.06/tests.xmerl_test.logs/run.2012-11-19_15.49.40/xmerl_std_suite.o-p27pass4.html"></testcase><testcase  name="o-p27pass3" time="0.037935" timestamp="2012-11-19T15:53:16" log="/home/karl/tmp/otp_tests/logs/xmerl_test_logs/ct_run.ct@devbox.2012-11-19_15.49.06/tests.xmerl_test.logs/run.2012-11-19_15.49.40/xmerl_std_suite.o-p27pass3.html"></testcase><testcase  name="o-p27pass2" time="0.042287" timestamp="2012-11-19T15:53:16" log="/home/karl/tmp/otp_tests/logs/xmerl_test_logs/ct_run.ct@devbox.2012-11-19_15.49.06/tests.xmerl_test.logs/run.2012-11-19_15.49.40/xmerl_std_suite.o-p27pass2.html"></testcase><testcase  name="o-p27pass1" time="0.041184" timestamp="2012-11-19T15:53:16" log="/home/karl/tmp/otp_tests/logs/xmerl_test_logs/ct_run.ct@devbox.2012-11-19_15.49.06/tests.xmerl_test.logs/run.2012-11-19_15.49.40/xmerl_std_suite.o-p27pass1.html"></testcase><testcase  name="o-p26pass1" time="0.043265" timestamp="2012-11-19T15:53:16" log="/home/karl/tmp/otp_tests/logs/xmerl_test_logs/ct_run.ct@devbox.2012-11-19_15.49.06/tests.xmerl_test.logs/run.2012-11-19_15.49.40/xmerl_std_suite.o-p26pass1.html"></testcase><testcase  name="o-p25pass2" time="0.042167" timestamp="2012-11-19T15:53:16" log="/home/karl/tmp/otp_tests/logs/xmerl_test_logs/ct_run.ct@devbox.2012-11-19_15.49.06/tests.xmerl_test.logs/run.2012-11-19_15.49.40/xmerl_std_suite.o-p25pass2.html"></testcase><testcase  name="o-p25pass1" time="0.044683" timestamp="2012-11-19T15:53:16" log="/home/karl/tmp/otp_tests/logs/xmerl_test_logs/ct_run.ct@devbox.2012-11-19_15.49.06/tests.xmerl_test.logs/run.2012-11-19_15.49.40/xmerl_std_suite.o-p25pass1.html"></testcase><testcase  name="o-p24pass4" time="0.040219" timestamp="2012-11-19T15:53:17" log="/home/karl/tmp/otp_tests/logs/xmerl_test_logs/ct_run.ct@devbox.2012-11-19_15.49.06/tests.xmerl_test.logs/run.2012-11-19_15.49.40/xmerl_std_suite.o-p24pass4.html"></testcase><testcase  name="o-p24pass3" time="0.042961" timestamp="2012-11-19T15:53:17" log="/home/karl/tmp/otp_tests/logs/xmerl_test_logs/ct_run.ct@devbox.2012-11-19_15.49.06/tests.xmerl_test.logs/run.2012-11-19_15.49.40/xmerl_std_suite.o-p24pass3.html"></testcase><testcase  name="o-p24pass2" time="0.045344" timestamp="2012-11-19T15:53:17" log="/home/karl/tmp/otp_tests/logs/xmerl_test_logs/ct_run.ct@devbox.2012-11-19_15.49.06/tests.xmerl_test.logs/run.2012-11-19_15.49.40/xmerl_std_suite.o-p24pass2.html"></testcase><testcase  name="o-p24pass1" time="0.044176" timestamp="2012-11-19T15:53:17" log="/home/karl/tmp/otp_tests/logs/xmerl_test_logs/ct_run.ct@devbox.2012-11-19_15.49.06/tests.xmerl_test.logs/run.2012-11-19_15.49.40/xmerl_std_suite.o-p24pass1.html"></testcase><testcase  name="o-p23pass4" time="0.039195" timestamp="2012-11-19T15:53:17" log="/home/karl/tmp/otp_tests/logs/xmerl_test_logs/ct_run.ct@devbox.2012-11-19_15.49.06/tests.xmerl_test.logs/run.2012-11-19_15.49.40/xmerl_std_suite.o-p23pass4.html"></testcase><testcase  name="o-p23pass3" time="0.041034" timestamp="2012-11-19T15:53:17" log="/home/karl/tmp/otp_tests/logs/xmerl_test_logs/ct_run.ct@devbox.2012-11-19_15.49.06/tests.xmerl_test.logs/run.2012-11-19_15.49.40/xmerl_std_suite.o-p23pass3.html"></testcase><testcase  name="o-p23pass2" time="0.040244" timestamp="2012-11-19T15:53:17" log="/home/karl/tmp/otp_tests/logs/xmerl_test_logs/ct_run.ct@devbox.2012-11-19_15.49.06/tests.xmerl_test.logs/run.2012-11-19_15.49.40/xmerl_std_suite.o-p23pass2.html"></testcase><testcase  name="o-p23pass1" time="0.041833" timestamp="2012-11-19T15:53:17" log="/home/karl/tmp/otp_tests/logs/xmerl_test_logs/ct_run.ct@devbox.2012-11-19_15.49.06/tests.xmerl_test.logs/run.2012-11-19_15.49.40/xmerl_std_suite.o-p23pass1.html"></testcase><testcase  name="o-p22pass3" time="0.041355" timestamp="2012-11-19T15:53:17" log="/home/karl/tmp/otp_tests/logs/xmerl_test_logs/ct_run.ct@devbox.2012-11-19_15.49.06/tests.xmerl_test.logs/run.2012-11-19_15.49.40/xmerl_std_suite.o-p22pass3.html"></testcase><testcase  name="o-p22pass2" time="0.041671" timestamp="2012-11-19T15:53:18" log="/home/karl/tmp/otp_tests/logs/xmerl_test_logs/ct_run.ct@devbox.2012-11-19_15.49.06/tests.xmerl_test.logs/run.2012-11-19_15.49.40/xmerl_std_suite.o-p22pass2.html"></testcase><testcase  name="o-p22pass1" time="0.048172" timestamp="2012-11-19T15:53:18" log="/home/karl/tmp/otp_tests/logs/xmerl_test_logs/ct_run.ct@devbox.2012-11-19_15.49.06/tests.xmerl_test.logs/run.2012-11-19_15.49.40/xmerl_std_suite.o-p22pass1.html"></testcase><testcase  name="o-p18pass1" time="0.049691" timestamp="2012-11-19T15:53:18" log="/home/karl/tmp/otp_tests/logs/xmerl_test_logs/ct_run.ct@devbox.2012-11-19_15.49.06/tests.xmerl_test.logs/run.2012-11-19_15.49.40/xmerl_std_suite.o-p18pass1.html"></testcase><testcase  name="o-p16pass3" time="0.053705" timestamp="2012-11-19T15:53:18" log="/home/karl/tmp/otp_tests/logs/xmerl_test_logs/ct_run.ct@devbox.2012-11-19_15.49.06/tests.xmerl_test.logs/run.2012-11-19_15.49.40/xmerl_std_suite.o-p16pass3.html"></testcase><testcase  name="o-p16pass2" time="0.039783" timestamp="2012-11-19T15:53:18" log="/home/karl/tmp/otp_tests/logs/xmerl_test_logs/ct_run.ct@devbox.2012-11-19_15.49.06/tests.xmerl_test.logs/run.2012-11-19_15.49.40/xmerl_std_suite.o-p16pass2.html"></testcase><testcase  name="o-p16pass1" time="0.035775" timestamp="2012-11-19T15:53:18" log="/home/karl/tmp/otp_tests/logs/xmerl_test_logs/ct_run.ct@devbox.2012-11-19_15.49.06/tests.xmerl_test.logs/run.2012-11-19_15.49.40/xmerl_std_suite.o-p16pass1.html"><skipped type="skip" message="Test o-p16pass1 in xmerl_std_SUITE skipped!">{tc_user_skip,{skipped,[&quot;Hard to interpret the meaning of the XML1.0 spec. See section 2.6 and 2.3.&quot;]}}</skipped></testcase><testcase  name="o-p15pass1" time="0.043693" timestamp="2012-11-19T15:53:18" log="/home/karl/tmp/otp_tests/logs/xmerl_test_logs/ct_run.ct@devbox.2012-11-19_15.49.06/tests.xmerl_test.logs/run.2012-11-19_15.49.40/xmerl_std_suite.o-p15pass1.html"></testcase><testcase  name="o-p14pass1" time="0.039820" timestamp="2012-11-19T15:53:18" log="/home/karl/tmp/otp_tests/logs/xmerl_test_logs/ct_run.ct@devbox.2012-11-19_15.49.06/tests.xmerl_test.logs/run.2012-11-19_15.49.40/xmerl_std_suite.o-p14pass1.html"></testcase><testcase  name="o-p10pass1" time="0.041544" timestamp="2012-11-19T15:53:19" log="/home/karl/tmp/otp_tests/logs/xmerl_test_logs/ct_run.ct@devbox.2012-11-19_15.49.06/tests.xmerl_test.logs/run.2012-11-19_15.49.40/xmerl_std_suite.o-p10pass1.html"></testcase><testcase  name="o-p08fail2" time="0.075275" timestamp="2012-11-19T15:53:19" log="/home/karl/tmp/otp_tests/logs/xmerl_test_logs/ct_run.ct@devbox.2012-11-19_15.49.06/tests.xmerl_test.logs/run.2012-11-19_15.49.40/xmerl_std_suite.o-p08fail2.html"></testcase><testcase  name="o-p08fail1" time="0.047698" timestamp="2012-11-19T15:53:19" log="/home/karl/tmp/otp_tests/logs/xmerl_test_logs/ct_run.ct@devbox.2012-11-19_15.49.06/tests.xmerl_test.logs/run.2012-11-19_15.49.40/xmerl_std_suite.o-p08fail1.html"></testcase><testcase  name="o-p06fail1" time="0.039760" timestamp="2012-11-19T15:53:19" log="/home/karl/tmp/otp_tests/logs/xmerl_test_logs/ct_run.ct@devbox.2012-11-19_15.49.06/tests.xmerl_test.logs/run.2012-11-19_15.49.40/xmerl_std_suite.o-p06fail1.html"></testcase><testcase  name="o-p05pass1" time="0.040885" timestamp="2012-11-19T15:53:19" log="/home/karl/tmp/otp_tests/logs/xmerl_test_logs/ct_run.ct@devbox.2012-11-19_15.49.06/tests.xmerl_test.logs/run.2012-11-19_15.49.40/xmerl_std_suite.o-p05pass1.html"></testcase><testcase  name="o-p04pass1" time="0.037797" timestamp="2012-11-19T15:53:19" log="/home/karl/tmp/otp_tests/logs/xmerl_test_logs/ct_run.ct@devbox.2012-11-19_15.49.06/tests.xmerl_test.logs/run.2012-11-19_15.49.40/xmerl_std_suite.o-p04pass1.html"><skipped type="skip" message="Test o-p04pass1 in xmerl_std_SUITE skipped!">{tc_user_skip,{skipped,[&quot;Fails to handle name containing characters &gt; x#ff, since they are converted to atoms&quot;]}}</skipped></testcase><testcase  name="o-p03pass1" time="0.038861" timestamp="2012-11-19T15:53:19" log="/home/karl/tmp/otp_tests/logs/xmerl_test_logs/ct_run.ct@devbox.2012-11-19_15.49.06/tests.xmerl_test.logs/run.2012-11-19_15.49.40/xmerl_std_suite.o-p03pass1.html"></testcase><testcase  name="o-p01pass3" time="0.042273" timestamp="2012-11-19T15:53:19" log="/home/karl/tmp/otp_tests/logs/xmerl_test_logs/ct_run.ct@devbox.2012-11-19_15.49.06/tests.xmerl_test.logs/run.2012-11-19_15.49.40/xmerl_std_suite.o-p01pass3.html"></testcase><testcase  name="o-p01pass1" time="0.041427" timestamp="2012-11-19T15:53:19" log="/home/karl/tmp/otp_tests/logs/xmerl_test_logs/ct_run.ct@devbox.2012-11-19_15.49.06/tests.xmerl_test.logs/run.2012-11-19_15.49.40/xmerl_std_suite.o-p01pass1.html"></testcase><testcase  name="o-p76pass1" time="0.039610" timestamp="2012-11-19T15:53:20" log="/home/karl/tmp/otp_tests/logs/xmerl_test_logs/ct_run.ct@devbox.2012-11-19_15.49.06/tests.xmerl_test.logs/run.2012-11-19_15.49.40/xmerl_std_suite.o-p76pass1.html"></testcase><testcase  name="o-p73pass1" time="0.041667" timestamp="2012-11-19T15:53:20" log="/home/karl/tmp/otp_tests/logs/xmerl_test_logs/ct_run.ct@devbox.2012-11-19_15.49.06/tests.xmerl_test.logs/run.2012-11-19_15.49.40/xmerl_std_suite.o-p73pass1.html"></testcase><testcase  name="o-p72pass1" time="0.039902" timestamp="2012-11-19T15:53:20" log="/home/karl/tmp/otp_tests/logs/xmerl_test_logs/ct_run.ct@devbox.2012-11-19_15.49.06/tests.xmerl_test.logs/run.2012-11-19_15.49.40/xmerl_std_suite.o-p72pass1.html"></testcase><testcase  name="o-p71pass1" time="0.046943" timestamp="2012-11-19T15:53:20" log="/home/karl/tmp/otp_tests/logs/xmerl_test_logs/ct_run.ct@devbox.2012-11-19_15.49.06/tests.xmerl_test.logs/run.2012-11-19_15.49.40/xmerl_std_suite.o-p71pass1.html"></testcase><testcase  name="o-p70pass1" time="0.043179" timestamp="2012-11-19T15:53:20" log="/home/karl/tmp/otp_tests/logs/xmerl_test_logs/ct_run.ct@devbox.2012-11-19_15.49.06/tests.xmerl_test.logs/run.2012-11-19_15.49.40/xmerl_std_suite.o-p70pass1.html"></testcase><testcase  name="o-p69pass1" time="0.048678" timestamp="2012-11-19T15:53:20" log="/home/karl/tmp/otp_tests/logs/xmerl_test_logs/ct_run.ct@devbox.2012-11-19_15.49.06/tests.xmerl_test.logs/run.2012-11-19_15.49.40/xmerl_std_suite.o-p69pass1.html"></testcase><testcase  name="o-p68pass1" time="0.041588" timestamp="2012-11-19T15:53:20" log="/home/karl/tmp/otp_tests/logs/xmerl_test_logs/ct_run.ct@devbox.2012-11-19_15.49.06/tests.xmerl_test.logs/run.2012-11-19_15.49.40/xmerl_std_suite.o-p68pass1.html"></testcase><testcase  name="o-p64pass1" time="0.049249" timestamp="2012-11-19T15:53:20" log="/home/karl/tmp/otp_tests/logs/xmerl_test_logs/ct_run.ct@devbox.2012-11-19_15.49.06/tests.xmerl_test.logs/run.2012-11-19_15.49.40/xmerl_std_suite.o-p64pass1.html"></testcase><testcase  name="o-p63pass1" time="0.046512" timestamp="2012-11-19T15:53:20" log="/home/karl/tmp/otp_tests/logs/xmerl_test_logs/ct_run.ct@devbox.2012-11-19_15.49.06/tests.xmerl_test.logs/run.2012-11-19_15.49.40/xmerl_std_suite.o-p63pass1.html"></testcase><testcase  name="o-p62pass1" time="0.056769" timestamp="2012-11-19T15:53:21" log="/home/karl/tmp/otp_tests/logs/xmerl_test_logs/ct_run.ct@devbox.2012-11-19_15.49.06/tests.xmerl_test.logs/run.2012-11-19_15.49.40/xmerl_std_suite.o-p62pass1.html"></testcase><testcase  name="o-p61pass1" time="0.043356" timestamp="2012-11-19T15:53:21" log="/home/karl/tmp/otp_tests/logs/xmerl_test_logs/ct_run.ct@devbox.2012-11-19_15.49.06/tests.xmerl_test.logs/run.2012-11-19_15.49.40/xmerl_std_suite.o-p61pass1.html"></testcase><testcase  name="o-p60pass1" time="0.052363" timestamp="2012-11-19T15:53:21" log="/home/karl/tmp/otp_tests/logs/xmerl_test_logs/ct_run.ct@devbox.2012-11-19_15.49.06/tests.xmerl_test.logs/run.2012-11-19_15.49.40/xmerl_std_suite.o-p60pass1.html"></testcase><testcase  name="o-p59pass1" time="0.049420" timestamp="2012-11-19T15:53:21" log="/home/karl/tmp/otp_tests/logs/xmerl_test_logs/ct_run.ct@devbox.2012-11-19_15.49.06/tests.xmerl_test.logs/run.2012-11-19_15.49.40/xmerl_std_suite.o-p59pass1.html"></testcase><testcase  name="o-p58pass1" time="0.042923" timestamp="2012-11-19T15:53:21" log="/home/karl/tmp/otp_tests/logs/xmerl_test_logs/ct_run.ct@devbox.2012-11-19_15.49.06/tests.xmerl_test.logs/run.2012-11-19_15.49.40/xmerl_std_suite.o-p58pass1.html"></testcase><testcase  name="o-p57pass1" time="0.053361" timestamp="2012-11-19T15:53:21" log="/home/karl/tmp/otp_tests/logs/xmerl_test_logs/ct_run.ct@devbox.2012-11-19_15.49.06/tests.xmerl_test.logs/run.2012-11-19_15.49.40/xmerl_std_suite.o-p57pass1.html"></testcase><testcase  name="o-p56pass1" time="0.043845" timestamp="2012-11-19T15:53:21" log="/home/karl/tmp/otp_tests/logs/xmerl_test_logs/ct_run.ct@devbox.2012-11-19_15.49.06/tests.xmerl_test.logs/run.2012-11-19_15.49.40/xmerl_std_suite.o-p56pass1.html"></testcase><testcase  name="o-p55pass1" time="0.042403" timestamp="2012-11-19T15:53:21" log="/home/karl/tmp/otp_tests/logs/xmerl_test_logs/ct_run.ct@devbox.2012-11-19_15.49.06/tests.xmerl_test.logs/run.2012-11-19_15.49.40/xmerl_std_suite.o-p55pass1.html"></testcase><testcase  name="o-p54pass1" time="0.041862" timestamp="2012-11-19T15:53:22" log="/home/karl/tmp/otp_tests/logs/xmerl_test_logs/ct_run.ct@devbox.2012-11-19_15.49.06/tests.xmerl_test.logs/run.2012-11-19_15.49.40/xmerl_std_suite.o-p54pass1.html"></testcase><testcase  name="o-p53pass1" time="0.040089" timestamp="2012-11-19T15:53:22" log="/home/karl/tmp/otp_tests/logs/xmerl_test_logs/ct_run.ct@devbox.2012-11-19_15.49.06/tests.xmerl_test.logs/run.2012-11-19_15.49.40/xmerl_std_suite.o-p53pass1.html"></testcase><testcase  name="o-p52pass1" time="0.040995" timestamp="2012-11-19T15:53:22" log="/home/karl/tmp/otp_tests/logs/xmerl_test_logs/ct_run.ct@devbox.2012-11-19_15.49.06/tests.xmerl_test.logs/run.2012-11-19_15.49.40/xmerl_std_suite.o-p52pass1.html"></testcase><testcase  name="o-p51pass1" time="0.039497" timestamp="2012-11-19T15:53:22" log="/home/karl/tmp/otp_tests/logs/xmerl_test_logs/ct_run.ct@devbox.2012-11-19_15.49.06/tests.xmerl_test.logs/run.2012-11-19_15.49.40/xmerl_std_suite.o-p51pass1.html"></testcase><testcase  name="o-p50pass1" time="0.041622" timestamp="2012-11-19T15:53:22" log="/home/karl/tmp/otp_tests/logs/xmerl_test_logs/ct_run.ct@devbox.2012-11-19_15.49.06/tests.xmerl_test.logs/run.2012-11-19_15.49.40/xmerl_std_suite.o-p50pass1.html"></testcase><testcase  name="o-p49pass1" time="0.039743" timestamp="2012-11-19T15:53:22" log="/home/karl/tmp/otp_tests/logs/xmerl_test_logs/ct_run.ct@devbox.2012-11-19_15.49.06/tests.xmerl_test.logs/run.2012-11-19_15.49.40/xmerl_std_suite.o-p49pass1.html"></testcase><testcase  name="o-p48pass1" time="0.050583" timestamp="2012-11-19T15:53:22" log="/home/karl/tmp/otp_tests/logs/xmerl_test_logs/ct_run.ct@devbox.2012-11-19_15.49.06/tests.xmerl_test.logs/run.2012-11-19_15.49.40/xmerl_std_suite.o-p48pass1.html"></testcase><testcase  name="o-p47pass1" time="0.040184" timestamp="2012-11-19T15:53:22" log="/home/karl/tmp/otp_tests/logs/xmerl_test_logs/ct_run.ct@devbox.2012-11-19_15.49.06/tests.xmerl_test.logs/run.2012-11-19_15.49.40/xmerl_std_suite.o-p47pass1.html"></testcase><testcase  name="o-p46pass1" time="0.042182" timestamp="2012-11-19T15:53:22" log="/home/karl/tmp/otp_tests/logs/xmerl_test_logs/ct_run.ct@devbox.2012-11-19_15.49.06/tests.xmerl_test.logs/run.2012-11-19_15.49.40/xmerl_std_suite.o-p46pass1.html"></testcase><testcase  name="o-p45pass1" time="0.041144" timestamp="2012-11-19T15:53:22" log="/home/karl/tmp/otp_tests/logs/xmerl_test_logs/ct_run.ct@devbox.2012-11-19_15.49.06/tests.xmerl_test.logs/run.2012-11-19_15.49.40/xmerl_std_suite.o-p45pass1.html"></testcase><testcase  name="o-p43pass1" time="0.041822" timestamp="2012-11-19T15:53:23" log="/home/karl/tmp/otp_tests/logs/xmerl_test_logs/ct_run.ct@devbox.2012-11-19_15.49.06/tests.xmerl_test.logs/run.2012-11-19_15.49.40/xmerl_std_suite.o-p43pass1.html"></testcase><testcase  name="o-p31pass2" time="0.042395" timestamp="2012-11-19T15:53:23" log="/home/karl/tmp/otp_tests/logs/xmerl_test_logs/ct_run.ct@devbox.2012-11-19_15.49.06/tests.xmerl_test.logs/run.2012-11-19_15.49.40/xmerl_std_suite.o-p31pass2.html"></testcase><testcase  name="o-p31pass1" time="0.042821" timestamp="2012-11-19T15:53:23" log="/home/karl/tmp/otp_tests/logs/xmerl_test_logs/ct_run.ct@devbox.2012-11-19_15.49.06/tests.xmerl_test.logs/run.2012-11-19_15.49.40/xmerl_std_suite.o-p31pass1.html"></testcase><testcase  name="o-p30pass2" time="0.043820" timestamp="2012-11-19T15:53:23" log="/home/karl/tmp/otp_tests/logs/xmerl_test_logs/ct_run.ct@devbox.2012-11-19_15.49.06/tests.xmerl_test.logs/run.2012-11-19_15.49.40/xmerl_std_suite.o-p30pass2.html"></testcase><testcase  name="o-p30pass1" time="0.044504" timestamp="2012-11-19T15:53:23" log="/home/karl/tmp/otp_tests/logs/xmerl_test_logs/ct_run.ct@devbox.2012-11-19_15.49.06/tests.xmerl_test.logs/run.2012-11-19_15.49.40/xmerl_std_suite.o-p30pass1.html"></testcase><testcase  name="o-p29pass1" time="0.073492" timestamp="2012-11-19T15:53:23" log="/home/karl/tmp/otp_tests/logs/xmerl_test_logs/ct_run.ct@devbox.2012-11-19_15.49.06/tests.xmerl_test.logs/run.2012-11-19_15.49.40/xmerl_std_suite.o-p29pass1.html"></testcase><testcase  name="o-p28pass5" time="0.043371" timestamp="2012-11-19T15:53:23" log="/home/karl/tmp/otp_tests/logs/xmerl_test_logs/ct_run.ct@devbox.2012-11-19_15.49.06/tests.xmerl_test.logs/run.2012-11-19_15.49.40/xmerl_std_suite.o-p28pass5.html"></testcase><testcase  name="o-p28pass4" time="0.040205" timestamp="2012-11-19T15:53:23" log="/home/karl/tmp/otp_tests/logs/xmerl_test_logs/ct_run.ct@devbox.2012-11-19_15.49.06/tests.xmerl_test.logs/run.2012-11-19_15.49.40/xmerl_std_suite.o-p28pass4.html"></testcase><testcase  name="o-p28pass3" time="0.040868" timestamp="2012-11-19T15:53:24" log="/home/karl/tmp/otp_tests/logs/xmerl_test_logs/ct_run.ct@devbox.2012-11-19_15.49.06/tests.xmerl_test.logs/run.2012-11-19_15.49.40/xmerl_std_suite.o-p28pass3.html"></testcase><testcase  name="o-p28pass1" time="0.041472" timestamp="2012-11-19T15:53:24" log="/home/karl/tmp/otp_tests/logs/xmerl_test_logs/ct_run.ct@devbox.2012-11-19_15.49.06/tests.xmerl_test.logs/run.2012-11-19_15.49.40/xmerl_std_suite.o-p28pass1.html"></testcase><testcase  name="o-p22pass6" time="0.048119" timestamp="2012-11-19T15:53:24" log="/home/karl/tmp/otp_tests/logs/xmerl_test_logs/ct_run.ct@devbox.2012-11-19_15.49.06/tests.xmerl_test.logs/run.2012-11-19_15.49.40/xmerl_std_suite.o-p22pass6.html"></testcase><testcase  name="o-p22pass5" time="0.041399" timestamp="2012-11-19T15:53:24" log="/home/karl/tmp/otp_tests/logs/xmerl_test_logs/ct_run.ct@devbox.2012-11-19_15.49.06/tests.xmerl_test.logs/run.2012-11-19_15.49.40/xmerl_std_suite.o-p22pass5.html"></testcase><testcase  name="o-p22pass4" time="0.041696" timestamp="2012-11-19T15:53:24" log="/home/karl/tmp/otp_tests/logs/xmerl_test_logs/ct_run.ct@devbox.2012-11-19_15.49.06/tests.xmerl_test.logs/run.2012-11-19_15.49.40/xmerl_std_suite.o-p22pass4.html"></testcase><testcase  name="o-p12pass1" time="0.040035" timestamp="2012-11-19T15:53:24" log="/home/karl/tmp/otp_tests/logs/xmerl_test_logs/ct_run.ct@devbox.2012-11-19_15.49.06/tests.xmerl_test.logs/run.2012-11-19_15.49.40/xmerl_std_suite.o-p12pass1.html"></testcase><testcase  name="o-p09pass1" time="0.061933" timestamp="2012-11-19T15:53:24" log="/home/karl/tmp/otp_tests/logs/xmerl_test_logs/ct_run.ct@devbox.2012-11-19_15.49.06/tests.xmerl_test.logs/run.2012-11-19_15.49.40/xmerl_std_suite.o-p09pass1.html"></testcase><testcase  name="o-p08pass1" time="0.046190" timestamp="2012-11-19T15:53:24" log="/home/karl/tmp/otp_tests/logs/xmerl_test_logs/ct_run.ct@devbox.2012-11-19_15.49.06/tests.xmerl_test.logs/run.2012-11-19_15.49.40/xmerl_std_suite.o-p08pass1.html"></testcase><testcase  name="o-p07pass1" time="0.050193" timestamp="2012-11-19T15:53:24" log="/home/karl/tmp/otp_tests/logs/xmerl_test_logs/ct_run.ct@devbox.2012-11-19_15.49.06/tests.xmerl_test.logs/run.2012-11-19_15.49.40/xmerl_std_suite.o-p07pass1.html"></testcase><testcase  name="o-p06pass1" time="0.048683" timestamp="2012-11-19T15:53:25" log="/home/karl/tmp/otp_tests/logs/xmerl_test_logs/ct_run.ct@devbox.2012-11-19_15.49.06/tests.xmerl_test.logs/run.2012-11-19_15.49.40/xmerl_std_suite.o-p06pass1.html"></testcase><testcase  name="o-p01pass2" time="0.048051" timestamp="2012-11-19T15:53:25" log="/home/karl/tmp/otp_tests/logs/xmerl_test_logs/ct_run.ct@devbox.2012-11-19_15.49.06/tests.xmerl_test.logs/run.2012-11-19_15.49.40/xmerl_std_suite.o-p01pass2.html"></testcase><testcase  name="ibm-invalid-P76-ibm76i01" time="0.042262" timestamp="2012-11-19T15:53:25" log="/home/karl/tmp/otp_tests/logs/xmerl_test_logs/ct_run.ct@devbox.2012-11-19_15.49.06/tests.xmerl_test.logs/run.2012-11-19_15.49.40/xmerl_std_suite.ibm-invalid-p76-ibm76i01.html"></testcase><testcase  name="ibm-invalid-P69-ibm69i04" time="0.040898" timestamp="2012-11-19T15:53:25" log="/home/karl/tmp/otp_tests/logs/xmerl_test_logs/ct_run.ct@devbox.2012-11-19_15.49.06/tests.xmerl_test.logs/run.2012-11-19_15.49.40/xmerl_std_suite.ibm-invalid-p69-ibm69i04.html"></testcase><testcase  name="ibm-invalid-P69-ibm69i03" time="0.048833" timestamp="2012-11-19T15:53:25" log="/home/karl/tmp/otp_tests/logs/xmerl_test_logs/ct_run.ct@devbox.2012-11-19_15.49.06/tests.xmerl_test.logs/run.2012-11-19_15.49.40/xmerl_std_suite.ibm-invalid-p69-ibm69i03.html"></testcase><testcase  name="ibm-invalid-P69-ibm69i02" time="0.047320" timestamp="2012-11-19T15:53:25" log="/home/karl/tmp/otp_tests/logs/xmerl_test_logs/ct_run.ct@devbox.2012-11-19_15.49.06/tests.xmerl_test.logs/run.2012-11-19_15.49.40/xmerl_std_suite.ibm-invalid-p69-ibm69i02.html"></testcase><testcase  name="ibm-invalid-P69-ibm69i01" time="0.043594" timestamp="2012-11-19T15:53:25" log="/home/karl/tmp/otp_tests/logs/xmerl_test_logs/ct_run.ct@devbox.2012-11-19_15.49.06/tests.xmerl_test.logs/run.2012-11-19_15.49.40/xmerl_std_suite.ibm-invalid-p69-ibm69i01.html"></testcase><testcase  name="ibm-invalid-P68-ibm68i04" time="0.042484" timestamp="2012-11-19T15:53:25" log="/home/karl/tmp/otp_tests/logs/xmerl_test_logs/ct_run.ct@devbox.2012-11-19_15.49.06/tests.xmerl_test.logs/run.2012-11-19_15.49.40/xmerl_std_suite.ibm-invalid-p68-ibm68i04.html"></testcase><testcase  name="ibm-invalid-P68-ibm68i03" time="0.042096" timestamp="2012-11-19T15:53:25" log="/home/karl/tmp/otp_tests/logs/xmerl_test_logs/ct_run.ct@devbox.2012-11-19_15.49.06/tests.xmerl_test.logs/run.2012-11-19_15.49.40/xmerl_std_suite.ibm-invalid-p68-ibm68i03.html"></testcase><testcase  name="ibm-invalid-P68-ibm68i02" time="0.040848" timestamp="2012-11-19T15:53:26" log="/home/karl/tmp/otp_tests/logs/xmerl_test_logs/ct_run.ct@devbox.2012-11-19_15.49.06/tests.xmerl_test.logs/run.2012-11-19_15.49.40/xmerl_std_suite.ibm-invalid-p68-ibm68i02.html"></testcase><testcase  name="ibm-invalid-P68-ibm68i01" time="0.042033" timestamp="2012-11-19T15:53:26" log="/home/karl/tmp/otp_tests/logs/xmerl_test_logs/ct_run.ct@devbox.2012-11-19_15.49.06/tests.xmerl_test.logs/run.2012-11-19_15.49.40/xmerl_std_suite.ibm-invalid-p68-ibm68i01.html"></testcase><testcase  name="ibm-invalid-P60-ibm60i04" time="0.040060" timestamp="2012-11-19T15:53:26" log="/home/karl/tmp/otp_tests/logs/xmerl_test_logs/ct_run.ct@devbox.2012-11-19_15.49.06/tests.xmerl_test.logs/run.2012-11-19_15.49.40/xmerl_std_suite.ibm-invalid-p60-ibm60i04.html"></testcase><testcase  name="ibm-invalid-P60-ibm60i03" time="0.041065" timestamp="2012-11-19T15:53:26" log="/home/karl/tmp/otp_tests/logs/xmerl_test_logs/ct_run.ct@devbox.2012-11-19_15.49.06/tests.xmerl_test.logs/run.2012-11-19_15.49.40/xmerl_std_suite.ibm-invalid-p60-ibm60i03.html"></testcase><testcase  name="ibm-invalid-P60-ibm60i02" time="0.041227" timestamp="2012-11-19T15:53:26" log="/home/karl/tmp/otp_tests/logs/xmerl_test_logs/ct_run.ct@devbox.2012-11-19_15.49.06/tests.xmerl_test.logs/run.2012-11-19_15.49.40/xmerl_std_suite.ibm-invalid-p60-ibm60i02.html"></testcase><testcase  name="ibm-invalid-P60-ibm60i01" time="0.042113" timestamp="2012-11-19T15:53:26" log="/home/karl/tmp/otp_tests/logs/xmerl_test_logs/ct_run.ct@devbox.2012-11-19_15.49.06/tests.xmerl_test.logs/run.2012-11-19_15.49.40/xmerl_std_suite.ibm-invalid-p60-ibm60i01.html"></testcase><testcase  name="ibm-invalid-P59-ibm59i01" time="0.042604" timestamp="2012-11-19T15:53:26" log="/home/karl/tmp/otp_tests/logs/xmerl_test_logs/ct_run.ct@devbox.2012-11-19_15.49.06/tests.xmerl_test.logs/run.2012-11-19_15.49.40/xmerl_std_suite.ibm-invalid-p59-ibm59i01.html"></testcase><testcase  name="ibm-invalid-P58-ibm58i02" time="0.042532" timestamp="2012-11-19T15:53:26" log="/home/karl/tmp/otp_tests/logs/xmerl_test_logs/ct_run.ct@devbox.2012-11-19_15.49.06/tests.xmerl_test.logs/run.2012-11-19_15.49.40/xmerl_std_suite.ibm-invalid-p58-ibm58i02.html"></testcase><testcase  name="ibm-invalid-P58-ibm58i01" time="0.042249" timestamp="2012-11-19T15:53:26" log="/home/karl/tmp/otp_tests/logs/xmerl_test_logs/ct_run.ct@devbox.2012-11-19_15.49.06/tests.xmerl_test.logs/run.2012-11-19_15.49.40/xmerl_std_suite.ibm-invalid-p58-ibm58i01.html"></testcase><testcase  name="ibm-invalid-P56-ibm56i18" time="0.041370" timestamp="2012-11-19T15:53:26" log="/home/karl/tmp/otp_tests/logs/xmerl_test_logs/ct_run.ct@devbox.2012-11-19_15.49.06/tests.xmerl_test.logs/run.2012-11-19_15.49.40/xmerl_std_suite.ibm-invalid-p56-ibm56i18.html"></testcase><testcase  name="ibm-invalid-P56-ibm56i17" time="0.041690" timestamp="2012-11-19T15:53:27" log="/home/karl/tmp/otp_tests/logs/xmerl_test_logs/ct_run.ct@devbox.2012-11-19_15.49.06/tests.xmerl_test.logs/run.2012-11-19_15.49.40/xmerl_std_suite.ibm-invalid-p56-ibm56i17.html"></testcase><testcase  name="ibm-invalid-P56-ibm56i16" time="0.040589" timestamp="2012-11-19T15:53:27" log="/home/karl/tmp/otp_tests/logs/xmerl_test_logs/ct_run.ct@devbox.2012-11-19_15.49.06/tests.xmerl_test.logs/run.2012-11-19_15.49.40/xmerl_std_suite.ibm-invalid-p56-ibm56i16.html"></testcase><testcase  name="ibm-invalid-P56-ibm56i15" time="0.040620" timestamp="2012-11-19T15:53:27" log="/home/karl/tmp/otp_tests/logs/xmerl_test_logs/ct_run.ct@devbox.2012-11-19_15.49.06/tests.xmerl_test.logs/run.2012-11-19_15.49.40/xmerl_std_suite.ibm-invalid-p56-ibm56i15.html"></testcase><testcase  name="ibm-invalid-P56-ibm56i14" time="0.039606" timestamp="2012-11-19T15:53:27" log="/home/karl/tmp/otp_tests/logs/xmerl_test_logs/ct_run.ct@devbox.2012-11-19_15.49.06/tests.xmerl_test.logs/run.2012-11-19_15.49.40/xmerl_std_suite.ibm-invalid-p56-ibm56i14.html"></testcase><testcase  name="ibm-invalid-P56-ibm56i13" time="0.043847" timestamp="2012-11-19T15:53:27" log="/home/karl/tmp/otp_tests/logs/xmerl_test_logs/ct_run.ct@devbox.2012-11-19_15.49.06/tests.xmerl_test.logs/run.2012-11-19_15.49.40/xmerl_std_suite.ibm-invalid-p56-ibm56i13.html"></testcase><testcase  name="ibm-invalid-P56-ibm56i12" time="0.040223" timestamp="2012-11-19T15:53:27" log="/home/karl/tmp/otp_tests/logs/xmerl_test_logs/ct_run.ct@devbox.2012-11-19_15.49.06/tests.xmerl_test.logs/run.2012-11-19_15.49.40/xmerl_std_suite.ibm-invalid-p56-ibm56i12.html"></testcase><testcase  name="ibm-invalid-P56-ibm56i11" time="0.042123" timestamp="2012-11-19T15:53:27" log="/home/karl/tmp/otp_tests/logs/xmerl_test_logs/ct_run.ct@devbox.2012-11-19_15.49.06/tests.xmerl_test.logs/run.2012-11-19_15.49.40/xmerl_std_suite.ibm-invalid-p56-ibm56i11.html"></testcase><testcase  name="ibm-invalid-P56-ibm56i10" time="0.042506" timestamp="2012-11-19T15:53:27" log="/home/karl/tmp/otp_tests/logs/xmerl_test_logs/ct_run.ct@devbox.2012-11-19_15.49.06/tests.xmerl_test.logs/run.2012-11-19_15.49.40/xmerl_std_suite.ibm-invalid-p56-ibm56i10.html"></testcase><testcase  name="ibm-invalid-P56-ibm56i09" time="0.041521" timestamp="2012-11-19T15:53:27" log="/home/karl/tmp/otp_tests/logs/xmerl_test_logs/ct_run.ct@devbox.2012-11-19_15.49.06/tests.xmerl_test.logs/run.2012-11-19_15.49.40/xmerl_std_suite.ibm-invalid-p56-ibm56i09.html"></testcase><testcase  name="ibm-invalid-P56-ibm56i08" time="0.041931" timestamp="2012-11-19T15:53:28" log="/home/karl/tmp/otp_tests/logs/xmerl_test_logs/ct_run.ct@devbox.2012-11-19_15.49.06/tests.xmerl_test.logs/run.2012-11-19_15.49.40/xmerl_std_suite.ibm-invalid-p56-ibm56i08.html"></testcase><testcase  name="ibm-invalid-P56-ibm56i07" time="0.044258" timestamp="2012-11-19T15:53:28" log="/home/karl/tmp/otp_tests/logs/xmerl_test_logs/ct_run.ct@devbox.2012-11-19_15.49.06/tests.xmerl_test.logs/run.2012-11-19_15.49.40/xmerl_std_suite.ibm-invalid-p56-ibm56i07.html"></testcase><testcase  name="ibm-invalid-P56-ibm56i06" time="0.050895" timestamp="2012-11-19T15:53:28" log="/home/karl/tmp/otp_tests/logs/xmerl_test_logs/ct_run.ct@devbox.2012-11-19_15.49.06/tests.xmerl_test.logs/run.2012-11-19_15.49.40/xmerl_std_suite.ibm-invalid-p56-ibm56i06.html"></testcase><testcase  name="ibm-invalid-P56-ibm56i05" time="0.045169" timestamp="2012-11-19T15:53:28" log="/home/karl/tmp/otp_tests/logs/xmerl_test_logs/ct_run.ct@devbox.2012-11-19_15.49.06/tests.xmerl_test.logs/run.2012-11-19_15.49.40/xmerl_std_suite.ibm-invalid-p56-ibm56i05.html"></testcase><testcase  name="ibm-invalid-P56-ibm56i03" time="0.043134" timestamp="2012-11-19T15:53:28" log="/home/karl/tmp/otp_tests/logs/xmerl_test_logs/ct_run.ct@devbox.2012-11-19_15.49.06/tests.xmerl_test.logs/run.2012-11-19_15.49.40/xmerl_std_suite.ibm-invalid-p56-ibm56i03.html"></testcase><testcase  name="ibm-invalid-P56-ibm56i02" time="0.040617" timestamp="2012-11-19T15:53:28" log="/home/karl/tmp/otp_tests/logs/xmerl_test_logs/ct_run.ct@devbox.2012-11-19_15.49.06/tests.xmerl_test.logs/run.2012-11-19_15.49.40/xmerl_std_suite.ibm-invalid-p56-ibm56i02.html"></testcase><testcase  name="ibm-invalid-P56-ibm56i01" time="0.097650" timestamp="2012-11-19T15:53:28" log="/home/karl/tmp/otp_tests/logs/xmerl_test_logs/ct_run.ct@devbox.2012-11-19_15.49.06/tests.xmerl_test.logs/run.2012-11-19_15.49.40/xmerl_std_suite.ibm-invalid-p56-ibm56i01.html"></testcase><testcase  name="ibm-invalid-P51-ibm51i03" time="0.046395" timestamp="2012-11-19T15:53:28" log="/home/karl/tmp/otp_tests/logs/xmerl_test_logs/ct_run.ct@devbox.2012-11-19_15.49.06/tests.xmerl_test.logs/run.2012-11-19_15.49.40/xmerl_std_suite.ibm-invalid-p51-ibm51i03.html"></testcase><testcase  name="ibm-invalid-P51-ibm51i01" time="0.045234" timestamp="2012-11-19T15:53:28" log="/home/karl/tmp/otp_tests/logs/xmerl_test_logs/ct_run.ct@devbox.2012-11-19_15.49.06/tests.xmerl_test.logs/run.2012-11-19_15.49.40/xmerl_std_suite.ibm-invalid-p51-ibm51i01.html"></testcase><testcase  name="ibm-invalid-P50-ibm50i01" time="0.044287" timestamp="2012-11-19T15:53:29" log="/home/karl/tmp/otp_tests/logs/xmerl_test_logs/ct_run.ct@devbox.2012-11-19_15.49.06/tests.xmerl_test.logs/run.2012-11-19_15.49.40/xmerl_std_suite.ibm-invalid-p50-ibm50i01.html"></testcase><testcase  name="ibm-invalid-P49-ibm49i01" time="0.044102" timestamp="2012-11-19T15:53:29" log="/home/karl/tmp/otp_tests/logs/xmerl_test_logs/ct_run.ct@devbox.2012-11-19_15.49.06/tests.xmerl_test.logs/run.2012-11-19_15.49.40/xmerl_std_suite.ibm-invalid-p49-ibm49i01.html"></testcase><testcase  name="ibm-invalid-P45-ibm45i01" time="0.042590" timestamp="2012-11-19T15:53:29" log="/home/karl/tmp/otp_tests/logs/xmerl_test_logs/ct_run.ct@devbox.2012-11-19_15.49.06/tests.xmerl_test.logs/run.2012-11-19_15.49.40/xmerl_std_suite.ibm-invalid-p45-ibm45i01.html"></testcase><testcase  name="ibm-invalid-P41-ibm41i02" time="0.044378" timestamp="2012-11-19T15:53:29" log="/home/karl/tmp/otp_tests/logs/xmerl_test_logs/ct_run.ct@devbox.2012-11-19_15.49.06/tests.xmerl_test.logs/run.2012-11-19_15.49.40/xmerl_std_suite.ibm-invalid-p41-ibm41i02.html"></testcase><testcase  name="ibm-invalid-P41-ibm41i01" time="0.044918" timestamp="2012-11-19T15:53:29" log="/home/karl/tmp/otp_tests/logs/xmerl_test_logs/ct_run.ct@devbox.2012-11-19_15.49.06/tests.xmerl_test.logs/run.2012-11-19_15.49.40/xmerl_std_suite.ibm-invalid-p41-ibm41i01.html"></testcase><testcase  name="ibm-invalid-P39-ibm39i04" time="0.043244" timestamp="2012-11-19T15:53:29" log="/home/karl/tmp/otp_tests/logs/xmerl_test_logs/ct_run.ct@devbox.2012-11-19_15.49.06/tests.xmerl_test.logs/run.2012-11-19_15.49.40/xmerl_std_suite.ibm-invalid-p39-ibm39i04.html"></testcase><testcase  name="ibm-invalid-P39-ibm39i03" time="0.054190" timestamp="2012-11-19T15:53:29" log="/home/karl/tmp/otp_tests/logs/xmerl_test_logs/ct_run.ct@devbox.2012-11-19_15.49.06/tests.xmerl_test.logs/run.2012-11-19_15.49.40/xmerl_std_suite.ibm-invalid-p39-ibm39i03.html"></testcase><testcase  name="ibm-invalid-P39-ibm39i02" time="0.051687" timestamp="2012-11-19T15:53:29" log="/home/karl/tmp/otp_tests/logs/xmerl_test_logs/ct_run.ct@devbox.2012-11-19_15.49.06/tests.xmerl_test.logs/run.2012-11-19_15.49.40/xmerl_std_suite.ibm-invalid-p39-ibm39i02.html"></testcase><testcase  name="ibm-invalid-P39-ibm39i01" time="0.042950" timestamp="2012-11-19T15:53:29" log="/home/karl/tmp/otp_tests/logs/xmerl_test_logs/ct_run.ct@devbox.2012-11-19_15.49.06/tests.xmerl_test.logs/run.2012-11-19_15.49.40/xmerl_std_suite.ibm-invalid-p39-ibm39i01.html"></testcase><testcase  name="ibm-invalid-P32-ibm32i04" time="0.044310" timestamp="2012-11-19T15:53:30" log="/home/karl/tmp/otp_tests/logs/xmerl_test_logs/ct_run.ct@devbox.2012-11-19_15.49.06/tests.xmerl_test.logs/run.2012-11-19_15.49.40/xmerl_std_suite.ibm-invalid-p32-ibm32i04.html"></testcase><testcase  name="ibm-invalid-P32-ibm32i03" time="0.043061" timestamp="2012-11-19T15:53:30" log="/home/karl/tmp/otp_tests/logs/xmerl_test_logs/ct_run.ct@devbox.2012-11-19_15.49.06/tests.xmerl_test.logs/run.2012-11-19_15.49.40/xmerl_std_suite.ibm-invalid-p32-ibm32i03.html"></testcase><testcase  name="ibm-invalid-P32-ibm32i01" time="0.047140" timestamp="2012-11-19T15:53:30" log="/home/karl/tmp/otp_tests/logs/xmerl_test_logs/ct_run.ct@devbox.2012-11-19_15.49.06/tests.xmerl_test.logs/run.2012-11-19_15.49.40/xmerl_std_suite.ibm-invalid-p32-ibm32i01.html"></testcase><testcase  name="ibm-invalid-P28-ibm28i01" time="0.043427" timestamp="2012-11-19T15:53:30" log="/home/karl/tmp/otp_tests/logs/xmerl_test_logs/ct_run.ct@devbox.2012-11-19_15.49.06/tests.xmerl_test.logs/run.2012-11-19_15.49.40/xmerl_std_suite.ibm-invalid-p28-ibm28i01.html"></testcase><testcase  name="ibm-not-wf-P89-ibm89n12" time="0.043433" timestamp="2012-11-19T15:53:30" log="/home/karl/tmp/otp_tests/logs/xmerl_test_logs/ct_run.ct@devbox.2012-11-19_15.49.06/tests.xmerl_test.logs/run.2012-11-19_15.49.40/xmerl_std_suite.ibm-not-wf-p89-ibm89n12.html"></testcase><testcase  name="ibm-not-wf-P89-ibm89n11" time="0.046578" timestamp="2012-11-19T15:53:30" log="/home/karl/tmp/otp_tests/logs/xmerl_test_logs/ct_run.ct@devbox.2012-11-19_15.49.06/tests.xmerl_test.logs/run.2012-11-19_15.49.40/xmerl_std_suite.ibm-not-wf-p89-ibm89n11.html"></testcase><testcase  name="ibm-not-wf-P89-ibm89n10" time="0.059232" timestamp="2012-11-19T15:53:30" log="/home/karl/tmp/otp_tests/logs/xmerl_test_logs/ct_run.ct@devbox.2012-11-19_15.49.06/tests.xmerl_test.logs/run.2012-11-19_15.49.40/xmerl_std_suite.ibm-not-wf-p89-ibm89n10.html"></testcase><testcase  name="ibm-not-wf-P89-ibm89n09" time="0.044965" timestamp="2012-11-19T15:53:30" log="/home/karl/tmp/otp_tests/logs/xmerl_test_logs/ct_run.ct@devbox.2012-11-19_15.49.06/tests.xmerl_test.logs/run.2012-11-19_15.49.40/xmerl_std_suite.ibm-not-wf-p89-ibm89n09.html"></testcase><testcase  name="ibm-not-wf-P89-ibm89n08" time="0.043486" timestamp="2012-11-19T15:53:30" log="/home/karl/tmp/otp_tests/logs/xmerl_test_logs/ct_run.ct@devbox.2012-11-19_15.49.06/tests.xmerl_test.logs/run.2012-11-19_15.49.40/xmerl_std_suite.ibm-not-wf-p89-ibm89n08.html"></testcase><testcase  name="ibm-not-wf-P89-ibm89n07" time="0.047233" timestamp="2012-11-19T15:53:31" log="/home/karl/tmp/otp_tests/logs/xmerl_test_logs/ct_run.ct@devbox.2012-11-19_15.49.06/tests.xmerl_test.logs/run.2012-11-19_15.49.40/xmerl_std_suite.ibm-not-wf-p89-ibm89n07.html"></testcase><testcase  name="ibm-not-wf-P89-ibm89n06" time="0.043021" timestamp="2012-11-19T15:53:31" log="/home/karl/tmp/otp_tests/logs/xmerl_test_logs/ct_run.ct@devbox.2012-11-19_15.49.06/tests.xmerl_test.logs/run.2012-11-19_15.49.40/xmerl_std_suite.ibm-not-wf-p89-ibm89n06.html"></testcase><testcase  name="ibm-not-wf-P89-ibm89n05" time="0.044272" timestamp="2012-11-19T15:53:31" log="/home/karl/tmp/otp_tests/logs/xmerl_test_logs/ct_run.ct@devbox.2012-11-19_15.49.06/tests.xmerl_test.logs/run.2012-11-19_15.49.40/xmerl_std_suite.ibm-not-wf-p89-ibm89n05.html"></testcase><testcase  name="ibm-not-wf-P89-ibm89n04" time="0.045985" timestamp="2012-11-19T15:53:31" log="/home/karl/tmp/otp_tests/logs/xmerl_test_logs/ct_run.ct@devbox.2012-11-19_15.49.06/tests.xmerl_test.logs/run.2012-11-19_15.49.40/xmerl_std_suite.ibm-not-wf-p89-ibm89n04.html"></testcase><testcase  name="ibm-not-wf-P89-ibm89n03" time="0.047391" timestamp="2012-11-19T15:53:31" log="/home/karl/tmp/otp_tests/logs/xmerl_test_logs/ct_run.ct@devbox.2012-11-19_15.49.06/tests.xmerl_test.logs/run.2012-11-19_15.49.40/xmerl_std_suite.ibm-not-wf-p89-ibm89n03.html"></testcase><testcase  name="ibm-not-wf-P89-ibm89n02" time="0.042353" timestamp="2012-11-19T15:53:31" log="/home/karl/tmp/otp_tests/logs/xmerl_test_logs/ct_run.ct@devbox.2012-11-19_15.49.06/tests.xmerl_test.logs/run.2012-11-19_15.49.40/xmerl_std_suite.ibm-not-wf-p89-ibm89n02.html"></testcase><testcase  name="ibm-not-wf-P89-ibm89n01" time="0.052987" timestamp="2012-11-19T15:53:31" log="/home/karl/tmp/otp_tests/logs/xmerl_test_logs/ct_run.ct@devbox.2012-11-19_15.49.06/tests.xmerl_test.logs/run.2012-11-19_15.49.40/xmerl_std_suite.ibm-not-wf-p89-ibm89n01.html"></testcase><testcase  name="ibm-not-wf-P88-ibm88n16" time="0.043179" timestamp="2012-11-19T15:53:31" log="/home/karl/tmp/otp_tests/logs/xmerl_test_logs/ct_run.ct@devbox.2012-11-19_15.49.06/tests.xmerl_test.logs/run.2012-11-19_15.49.40/xmerl_std_suite.ibm-not-wf-p88-ibm88n16.html"></testcase><testcase  name="ibm-not-wf-P88-ibm88n15" time="0.044139" timestamp="2012-11-19T15:53:31" log="/home/karl/tmp/otp_tests/logs/xmerl_test_logs/ct_run.ct@devbox.2012-11-19_15.49.06/tests.xmerl_test.logs/run.2012-11-19_15.49.40/xmerl_std_suite.ibm-not-wf-p88-ibm88n15.html"></testcase><testcase  name="ibm-not-wf-P88-ibm88n14" time="0.045746" timestamp="2012-11-19T15:53:32" log="/home/karl/tmp/otp_tests/logs/xmerl_test_logs/ct_run.ct@devbox.2012-11-19_15.49.06/tests.xmerl_test.logs/run.2012-11-19_15.49.40/xmerl_std_suite.ibm-not-wf-p88-ibm88n14.html"></testcase><testcase  name="ibm-not-wf-P88-ibm88n13" time="0.049615" timestamp="2012-11-19T15:53:32" log="/home/karl/tmp/otp_tests/logs/xmerl_test_logs/ct_run.ct@devbox.2012-11-19_15.49.06/tests.xmerl_test.logs/run.2012-11-19_15.49.40/xmerl_std_suite.ibm-not-wf-p88-ibm88n13.html"></testcase><testcase  name="ibm-not-wf-P88-ibm88n12" time="0.054568" timestamp="2012-11-19T15:53:32" log="/home/karl/tmp/otp_tests/logs/xmerl_test_logs/ct_run.ct@devbox.2012-11-19_15.49.06/tests.xmerl_test.logs/run.2012-11-19_15.49.40/xmerl_std_suite.ibm-not-wf-p88-ibm88n12.html"></testcase><testcase  name="ibm-not-wf-P88-ibm88n11" time="0.051073" timestamp="2012-11-19T15:53:32" log="/home/karl/tmp/otp_tests/logs/xmerl_test_logs/ct_run.ct@devbox.2012-11-19_15.49.06/tests.xmerl_test.logs/run.2012-11-19_15.49.40/xmerl_std_suite.ibm-not-wf-p88-ibm88n11.html"></testcase><testcase  name="ibm-not-wf-P88-ibm88n10" time="0.044194" timestamp="2012-11-19T15:53:32" log="/home/karl/tmp/otp_tests/logs/xmerl_test_logs/ct_run.ct@devbox.2012-11-19_15.49.06/tests.xmerl_test.logs/run.2012-11-19_15.49.40/xmerl_std_suite.ibm-not-wf-p88-ibm88n10.html"></testcase><testcase  name="ibm-not-wf-P88-ibm88n09" time="0.048551" timestamp="2012-11-19T15:53:32" log="/home/karl/tmp/otp_tests/logs/xmerl_test_logs/ct_run.ct@devbox.2012-11-19_15.49.06/tests.xmerl_test.logs/run.2012-11-19_15.49.40/xmerl_std_suite.ibm-not-wf-p88-ibm88n09.html"></testcase><testcase  name="ibm-not-wf-P88-ibm88n08" time="0.043910" timestamp="2012-11-19T15:53:32" log="/home/karl/tmp/otp_tests/logs/xmerl_test_logs/ct_run.ct@devbox.2012-11-19_15.49.06/tests.xmerl_test.logs/run.2012-11-19_15.49.40/xmerl_std_suite.ibm-not-wf-p88-ibm88n08.html"></testcase><testcase  name="ibm-not-wf-P88-ibm88n06" time="0.043247" timestamp="2012-11-19T15:53:32" log="/home/karl/tmp/otp_tests/logs/xmerl_test_logs/ct_run.ct@devbox.2012-11-19_15.49.06/tests.xmerl_test.logs/run.2012-11-19_15.49.40/xmerl_std_suite.ibm-not-wf-p88-ibm88n06.html"></testcase><testcase  name="ibm-not-wf-P88-ibm88n05" time="0.055372" timestamp="2012-11-19T15:53:33" log="/home/karl/tmp/otp_tests/logs/xmerl_test_logs/ct_run.ct@devbox.2012-11-19_15.49.06/tests.xmerl_test.logs/run.2012-11-19_15.49.40/xmerl_std_suite.ibm-not-wf-p88-ibm88n05.html"></testcase><testcase  name="ibm-not-wf-P88-ibm88n04" time="0.063237" timestamp="2012-11-19T15:53:33" log="/home/karl/tmp/otp_tests/logs/xmerl_test_logs/ct_run.ct@devbox.2012-11-19_15.49.06/tests.xmerl_test.logs/run.2012-11-19_15.49.40/xmerl_std_suite.ibm-not-wf-p88-ibm88n04.html"></testcase><testcase  name="ibm-not-wf-P88-ibm88n03" time="0.055488" timestamp="2012-11-19T15:53:33" log="/home/karl/tmp/otp_tests/logs/xmerl_test_logs/ct_run.ct@devbox.2012-11-19_15.49.06/tests.xmerl_test.logs/run.2012-11-19_15.49.40/xmerl_std_suite.ibm-not-wf-p88-ibm88n03.html"></testcase><testcase  name="ibm-not-wf-P88-ibm88n02" time="0.049235" timestamp="2012-11-19T15:53:33" log="/home/karl/tmp/otp_tests/logs/xmerl_test_logs/ct_run.ct@devbox.2012-11-19_15.49.06/tests.xmerl_test.logs/run.2012-11-19_15.49.40/xmerl_std_suite.ibm-not-wf-p88-ibm88n02.html"></testcase><testcase  name="ibm-not-wf-P88-ibm88n01" time="0.059244" timestamp="2012-11-19T15:53:33" log="/home/karl/tmp/otp_tests/logs/xmerl_test_logs/ct_run.ct@devbox.2012-11-19_15.49.06/tests.xmerl_test.logs/run.2012-11-19_15.49.40/xmerl_std_suite.ibm-not-wf-p88-ibm88n01.html"></testcase><testcase  name="ibm-not-wf-P87-ibm87n85" time="0.053863" timestamp="2012-11-19T15:53:33" log="/home/karl/tmp/otp_tests/logs/xmerl_test_logs/ct_run.ct@devbox.2012-11-19_15.49.06/tests.xmerl_test.logs/run.2012-11-19_15.49.40/xmerl_std_suite.ibm-not-wf-p87-ibm87n85.html"></testcase><testcase  name="ibm-not-wf-P87-ibm87n84" time="0.125721" timestamp="2012-11-19T15:53:33" log="/home/karl/tmp/otp_tests/logs/xmerl_test_logs/ct_run.ct@devbox.2012-11-19_15.49.06/tests.xmerl_test.logs/run.2012-11-19_15.49.40/xmerl_std_suite.ibm-not-wf-p87-ibm87n84.html"></testcase><testcase  name="ibm-not-wf-P87-ibm87n83" time="0.063999" timestamp="2012-11-19T15:53:33" log="/home/karl/tmp/otp_tests/logs/xmerl_test_logs/ct_run.ct@devbox.2012-11-19_15.49.06/tests.xmerl_test.logs/run.2012-11-19_15.49.40/xmerl_std_suite.ibm-not-wf-p87-ibm87n83.html"></testcase><testcase  name="ibm-not-wf-P87-ibm87n82" time="0.051533" timestamp="2012-11-19T15:53:34" log="/home/karl/tmp/otp_tests/logs/xmerl_test_logs/ct_run.ct@devbox.2012-11-19_15.49.06/tests.xmerl_test.logs/run.2012-11-19_15.49.40/xmerl_std_suite.ibm-not-wf-p87-ibm87n82.html"></testcase><testcase  name="ibm-not-wf-P87-ibm87n81" time="0.050019" timestamp="2012-11-19T15:53:34" log="/home/karl/tmp/otp_tests/logs/xmerl_test_logs/ct_run.ct@devbox.2012-11-19_15.49.06/tests.xmerl_test.logs/run.2012-11-19_15.49.40/xmerl_std_suite.ibm-not-wf-p87-ibm87n81.html"></testcase><testcase  name="ibm-not-wf-P87-ibm87n80" time="0.061362" timestamp="2012-11-19T15:53:34" log="/home/karl/tmp/otp_tests/logs/xmerl_test_logs/ct_run.ct@devbox.2012-11-19_15.49.06/tests.xmerl_test.logs/run.2012-11-19_15.49.40/xmerl_std_suite.ibm-not-wf-p87-ibm87n80.html"></testcase><testcase  name="ibm-not-wf-P87-ibm87n79" time="0.052904" timestamp="2012-11-19T15:53:34" log="/home/karl/tmp/otp_tests/logs/xmerl_test_logs/ct_run.ct@devbox.2012-11-19_15.49.06/tests.xmerl_test.logs/run.2012-11-19_15.49.40/xmerl_std_suite.ibm-not-wf-p87-ibm87n79.html"></testcase><testcase  name="ibm-not-wf-P87-ibm87n78" time="0.050099" timestamp="2012-11-19T15:53:34" log="/home/karl/tmp/otp_tests/logs/xmerl_test_logs/ct_run.ct@devbox.2012-11-19_15.49.06/tests.xmerl_test.logs/run.2012-11-19_15.49.40/xmerl_std_suite.ibm-not-wf-p87-ibm87n78.html"></testcase><testcase  name="ibm-not-wf-P87-ibm87n77" time="0.059897" timestamp="2012-11-19T15:53:34" log="/home/karl/tmp/otp_tests/logs/xmerl_test_logs/ct_run.ct@devbox.2012-11-19_15.49.06/tests.xmerl_test.logs/run.2012-11-19_15.49.40/xmerl_std_suite.ibm-not-wf-p87-ibm87n77.html"></testcase><testcase  name="ibm-not-wf-P87-ibm87n76" time="0.055846" timestamp="2012-11-19T15:53:34" log="/home/karl/tmp/otp_tests/logs/xmerl_test_logs/ct_run.ct@devbox.2012-11-19_15.49.06/tests.xmerl_test.logs/run.2012-11-19_15.49.40/xmerl_std_suite.ibm-not-wf-p87-ibm87n76.html"></testcase><testcase  name="ibm-not-wf-P87-ibm87n75" time="0.048919" timestamp="2012-11-19T15:53:34" log="/home/karl/tmp/otp_tests/logs/xmerl_test_logs/ct_run.ct@devbox.2012-11-19_15.49.06/tests.xmerl_test.logs/run.2012-11-19_15.49.40/xmerl_std_suite.ibm-not-wf-p87-ibm87n75.html"></testcase><testcase  name="ibm-not-wf-P87-ibm87n74" time="0.062952" timestamp="2012-11-19T15:53:35" log="/home/karl/tmp/otp_tests/logs/xmerl_test_logs/ct_run.ct@devbox.2012-11-19_15.49.06/tests.xmerl_test.logs/run.2012-11-19_15.49.40/xmerl_std_suite.ibm-not-wf-p87-ibm87n74.html"></testcase><testcase  name="ibm-not-wf-P87-ibm87n73" time="0.053044" timestamp="2012-11-19T15:53:35" log="/home/karl/tmp/otp_tests/logs/xmerl_test_logs/ct_run.ct@devbox.2012-11-19_15.49.06/tests.xmerl_test.logs/run.2012-11-19_15.49.40/xmerl_std_suite.ibm-not-wf-p87-ibm87n73.html"></testcase><testcase  name="ibm-not-wf-P87-ibm87n72" time="0.048437" timestamp="2012-11-19T15:53:35" log="/home/karl/tmp/otp_tests/logs/xmerl_test_logs/ct_run.ct@devbox.2012-11-19_15.49.06/tests.xmerl_test.logs/run.2012-11-19_15.49.40/xmerl_std_suite.ibm-not-wf-p87-ibm87n72.html"></testcase><testcase  name="ibm-not-wf-P87-ibm87n71" time="0.058356" timestamp="2012-11-19T15:53:35" log="/home/karl/tmp/otp_tests/logs/xmerl_test_logs/ct_run.ct@devbox.2012-11-19_15.49.06/tests.xmerl_test.logs/run.2012-11-19_15.49.40/xmerl_std_suite.ibm-not-wf-p87-ibm87n71.html"></testcase><testcase  name="ibm-not-wf-P87-ibm87n70" time="0.052229" timestamp="2012-11-19T15:53:35" log="/home/karl/tmp/otp_tests/logs/xmerl_test_logs/ct_run.ct@devbox.2012-11-19_15.49.06/tests.xmerl_test.logs/run.2012-11-19_15.49.40/xmerl_std_suite.ibm-not-wf-p87-ibm87n70.html"></testcase><testcase  name="ibm-not-wf-P87-ibm87n69" time="0.049557" timestamp="2012-11-19T15:53:35" log="/home/karl/tmp/otp_tests/logs/xmerl_test_logs/ct_run.ct@devbox.2012-11-19_15.49.06/tests.xmerl_test.logs/run.2012-11-19_15.49.40/xmerl_std_suite.ibm-not-wf-p87-ibm87n69.html"></testcase><testcase  name="ibm-not-wf-P87-ibm87n68" time="0.070253" timestamp="2012-11-19T15:53:35" log="/home/karl/tmp/otp_tests/logs/xmerl_test_logs/ct_run.ct@devbox.2012-11-19_15.49.06/tests.xmerl_test.logs/run.2012-11-19_15.49.40/xmerl_std_suite.ibm-not-wf-p87-ibm87n68.html"></testcase><testcase  name="ibm-not-wf-P87-ibm87n67" time="0.053252" timestamp="2012-11-19T15:53:35" log="/home/karl/tmp/otp_tests/logs/xmerl_test_logs/ct_run.ct@devbox.2012-11-19_15.49.06/tests.xmerl_test.logs/run.2012-11-19_15.49.40/xmerl_std_suite.ibm-not-wf-p87-ibm87n67.html"></testcase><testcase  name="ibm-not-wf-P87-ibm87n66" time="0.050244" timestamp="2012-11-19T15:53:36" log="/home/karl/tmp/otp_tests/logs/xmerl_test_logs/ct_run.ct@devbox.2012-11-19_15.49.06/tests.xmerl_test.logs/run.2012-11-19_15.49.40/xmerl_std_suite.ibm-not-wf-p87-ibm87n66.html"></testcase><testcase  name="ibm-not-wf-P87-ibm87n64" time="0.060667" timestamp="2012-11-19T15:53:36" log="/home/karl/tmp/otp_tests/logs/xmerl_test_logs/ct_run.ct@devbox.2012-11-19_15.49.06/tests.xmerl_test.logs/run.2012-11-19_15.49.40/xmerl_std_suite.ibm-not-wf-p87-ibm87n64.html"></testcase><testcase  name="ibm-not-wf-P87-ibm87n63" time="0.052543" timestamp="2012-11-19T15:53:36" log="/home/karl/tmp/otp_tests/logs/xmerl_test_logs/ct_run.ct@devbox.2012-11-19_15.49.06/tests.xmerl_test.logs/run.2012-11-19_15.49.40/xmerl_std_suite.ibm-not-wf-p87-ibm87n63.html"></testcase><testcase  name="ibm-not-wf-P87-ibm87n62" time="0.049178" timestamp="2012-11-19T15:53:36" log="/home/karl/tmp/otp_tests/logs/xmerl_test_logs/ct_run.ct@devbox.2012-11-19_15.49.06/tests.xmerl_test.logs/run.2012-11-19_15.49.40/xmerl_std_suite.ibm-not-wf-p87-ibm87n62.html"></testcase><testcase  name="ibm-not-wf-P87-ibm87n61" time="0.059055" timestamp="2012-11-19T15:53:36" log="/home/karl/tmp/otp_tests/logs/xmerl_test_logs/ct_run.ct@devbox.2012-11-19_15.49.06/tests.xmerl_test.logs/run.2012-11-19_15.49.40/xmerl_std_suite.ibm-not-wf-p87-ibm87n61.html"></testcase><testcase  name="ibm-not-wf-P87-ibm87n60" time="0.052628" timestamp="2012-11-19T15:53:36" log="/home/karl/tmp/otp_tests/logs/xmerl_test_logs/ct_run.ct@devbox.2012-11-19_15.49.06/tests.xmerl_test.logs/run.2012-11-19_15.49.40/xmerl_std_suite.ibm-not-wf-p87-ibm87n60.html"></testcase><testcase  name="ibm-not-wf-P87-ibm87n59" time="0.059638" timestamp="2012-11-19T15:53:36" log="/home/karl/tmp/otp_tests/logs/xmerl_test_logs/ct_run.ct@devbox.2012-11-19_15.49.06/tests.xmerl_test.logs/run.2012-11-19_15.49.40/xmerl_std_suite.ibm-not-wf-p87-ibm87n59.html"></testcase><testcase  name="ibm-not-wf-P87-ibm87n58" time="0.059507" timestamp="2012-11-19T15:53:36" log="/home/karl/tmp/otp_tests/logs/xmerl_test_logs/ct_run.ct@devbox.2012-11-19_15.49.06/tests.xmerl_test.logs/run.2012-11-19_15.49.40/xmerl_std_suite.ibm-not-wf-p87-ibm87n58.html"></testcase><testcase  name="ibm-not-wf-P87-ibm87n57" time="0.052383" timestamp="2012-11-19T15:53:37" log="/home/karl/tmp/otp_tests/logs/xmerl_test_logs/ct_run.ct@devbox.2012-11-19_15.49.06/tests.xmerl_test.logs/run.2012-11-19_15.49.40/xmerl_std_suite.ibm-not-wf-p87-ibm87n57.html"></testcase><testcase  name="ibm-not-wf-P87-ibm87n56" time="0.050850" timestamp="2012-11-19T15:53:37" log="/home/karl/tmp/otp_tests/logs/xmerl_test_logs/ct_run.ct@devbox.2012-11-19_15.49.06/tests.xmerl_test.logs/run.2012-11-19_15.49.40/xmerl_std_suite.ibm-not-wf-p87-ibm87n56.html"></testcase><testcase  name="ibm-not-wf-P87-ibm87n55" time="0.062072" timestamp="2012-11-19T15:53:37" log="/home/karl/tmp/otp_tests/logs/xmerl_test_logs/ct_run.ct@devbox.2012-11-19_15.49.06/tests.xmerl_test.logs/run.2012-11-19_15.49.40/xmerl_std_suite.ibm-not-wf-p87-ibm87n55.html"></testcase><testcase  name="ibm-not-wf-P87-ibm87n54" time="0.053848" timestamp="2012-11-19T15:53:37" log="/home/karl/tmp/otp_tests/logs/xmerl_test_logs/ct_run.ct@devbox.2012-11-19_15.49.06/tests.xmerl_test.logs/run.2012-11-19_15.49.40/xmerl_std_suite.ibm-not-wf-p87-ibm87n54.html"></testcase><testcase  name="ibm-not-wf-P87-ibm87n53" time="0.049681" timestamp="2012-11-19T15:53:37" log="/home/karl/tmp/otp_tests/logs/xmerl_test_logs/ct_run.ct@devbox.2012-11-19_15.49.06/tests.xmerl_test.logs/run.2012-11-19_15.49.40/xmerl_std_suite.ibm-not-wf-p87-ibm87n53.html"></testcase><testcase  name="ibm-not-wf-P87-ibm87n52" time="0.059953" timestamp="2012-11-19T15:53:37" log="/home/karl/tmp/otp_tests/logs/xmerl_test_logs/ct_run.ct@devbox.2012-11-19_15.49.06/tests.xmerl_test.logs/run.2012-11-19_15.49.40/xmerl_std_suite.ibm-not-wf-p87-ibm87n52.html"></testcase><testcase  name="ibm-not-wf-P87-ibm87n51" time="0.053248" timestamp="2012-11-19T15:53:37" log="/home/karl/tmp/otp_tests/logs/xmerl_test_logs/ct_run.ct@devbox.2012-11-19_15.49.06/tests.xmerl_test.logs/run.2012-11-19_15.49.40/xmerl_std_suite.ibm-not-wf-p87-ibm87n51.html"></testcase><testcase  name="ibm-not-wf-P87-ibm87n50" time="0.049012" timestamp="2012-11-19T15:53:37" log="/home/karl/tmp/otp_tests/logs/xmerl_test_logs/ct_run.ct@devbox.2012-11-19_15.49.06/tests.xmerl_test.logs/run.2012-11-19_15.49.40/xmerl_std_suite.ibm-not-wf-p87-ibm87n50.html"></testcase><testcase  name="ibm-not-wf-P87-ibm87n49" time="0.062369" timestamp="2012-11-19T15:53:38" log="/home/karl/tmp/otp_tests/logs/xmerl_test_logs/ct_run.ct@devbox.2012-11-19_15.49.06/tests.xmerl_test.logs/run.2012-11-19_15.49.40/xmerl_std_suite.ibm-not-wf-p87-ibm87n49.html"></testcase><testcase  name="ibm-not-wf-P87-ibm87n48" time="0.052351" timestamp="2012-11-19T15:53:38" log="/home/karl/tmp/otp_tests/logs/xmerl_test_logs/ct_run.ct@devbox.2012-11-19_15.49.06/tests.xmerl_test.logs/run.2012-11-19_15.49.40/xmerl_std_suite.ibm-not-wf-p87-ibm87n48.html"></testcase><testcase  name="ibm-not-wf-P87-ibm87n47" time="0.049796" timestamp="2012-11-19T15:53:38" log="/home/karl/tmp/otp_tests/logs/xmerl_test_logs/ct_run.ct@devbox.2012-11-19_15.49.06/tests.xmerl_test.logs/run.2012-11-19_15.49.40/xmerl_std_suite.ibm-not-wf-p87-ibm87n47.html"></testcase><testcase  name="ibm-not-wf-P87-ibm87n46" time="0.057405" timestamp="2012-11-19T15:53:38" log="/home/karl/tmp/otp_tests/logs/xmerl_test_logs/ct_run.ct@devbox.2012-11-19_15.49.06/tests.xmerl_test.logs/run.2012-11-19_15.49.40/xmerl_std_suite.ibm-not-wf-p87-ibm87n46.html"></testcase><testcase  name="ibm-not-wf-P87-ibm87n45" time="0.052176" timestamp="2012-11-19T15:53:38" log="/home/karl/tmp/otp_tests/logs/xmerl_test_logs/ct_run.ct@devbox.2012-11-19_15.49.06/tests.xmerl_test.logs/run.2012-11-19_15.49.40/xmerl_std_suite.ibm-not-wf-p87-ibm87n45.html"></testcase><testcase  name="ibm-not-wf-P87-ibm87n44" time="0.050098" timestamp="2012-11-19T15:53:38" log="/home/karl/tmp/otp_tests/logs/xmerl_test_logs/ct_run.ct@devbox.2012-11-19_15.49.06/tests.xmerl_test.logs/run.2012-11-19_15.49.40/xmerl_std_suite.ibm-not-wf-p87-ibm87n44.html"></testcase><testcase  name="ibm-not-wf-P87-ibm87n43" time="0.103898" timestamp="2012-11-19T15:53:38" log="/home/karl/tmp/otp_tests/logs/xmerl_test_logs/ct_run.ct@devbox.2012-11-19_15.49.06/tests.xmerl_test.logs/run.2012-11-19_15.49.40/xmerl_std_suite.ibm-not-wf-p87-ibm87n43.html"></testcase><testcase  name="ibm-not-wf-P87-ibm87n42" time="0.062431" timestamp="2012-11-19T15:53:38" log="/home/karl/tmp/otp_tests/logs/xmerl_test_logs/ct_run.ct@devbox.2012-11-19_15.49.06/tests.xmerl_test.logs/run.2012-11-19_15.49.40/xmerl_std_suite.ibm-not-wf-p87-ibm87n42.html"></testcase><testcase  name="ibm-not-wf-P87-ibm87n41" time="0.055040" timestamp="2012-11-19T15:53:39" log="/home/karl/tmp/otp_tests/logs/xmerl_test_logs/ct_run.ct@devbox.2012-11-19_15.49.06/tests.xmerl_test.logs/run.2012-11-19_15.49.40/xmerl_std_suite.ibm-not-wf-p87-ibm87n41.html"></testcase><testcase  name="ibm-not-wf-P87-ibm87n40" time="0.061575" timestamp="2012-11-19T15:53:39" log="/home/karl/tmp/otp_tests/logs/xmerl_test_logs/ct_run.ct@devbox.2012-11-19_15.49.06/tests.xmerl_test.logs/run.2012-11-19_15.49.40/xmerl_std_suite.ibm-not-wf-p87-ibm87n40.html"></testcase><testcase  name="ibm-not-wf-P87-ibm87n39" time="0.053338" timestamp="2012-11-19T15:53:39" log="/home/karl/tmp/otp_tests/logs/xmerl_test_logs/ct_run.ct@devbox.2012-11-19_15.49.06/tests.xmerl_test.logs/run.2012-11-19_15.49.40/xmerl_std_suite.ibm-not-wf-p87-ibm87n39.html"></testcase><testcase  name="ibm-not-wf-P87-ibm87n38" time="0.049989" timestamp="2012-11-19T15:53:39" log="/home/karl/tmp/otp_tests/logs/xmerl_test_logs/ct_run.ct@devbox.2012-11-19_15.49.06/tests.xmerl_test.logs/run.2012-11-19_15.49.40/xmerl_std_suite.ibm-not-wf-p87-ibm87n38.html"></testcase><testcase  name="ibm-not-wf-P87-ibm87n37" time="0.061566" timestamp="2012-11-19T15:53:39" log="/home/karl/tmp/otp_tests/logs/xmerl_test_logs/ct_run.ct@devbox.2012-11-19_15.49.06/tests.xmerl_test.logs/run.2012-11-19_15.49.40/xmerl_std_suite.ibm-not-wf-p87-ibm87n37.html"></testcase><testcase  name="ibm-not-wf-P87-ibm87n36" time="0.052182" timestamp="2012-11-19T15:53:39" log="/home/karl/tmp/otp_tests/logs/xmerl_test_logs/ct_run.ct@devbox.2012-11-19_15.49.06/tests.xmerl_test.logs/run.2012-11-19_15.49.40/xmerl_std_suite.ibm-not-wf-p87-ibm87n36.html"></testcase><testcase  name="ibm-not-wf-P87-ibm87n35" time="0.059465" timestamp="2012-11-19T15:53:39" log="/home/karl/tmp/otp_tests/logs/xmerl_test_logs/ct_run.ct@devbox.2012-11-19_15.49.06/tests.xmerl_test.logs/run.2012-11-19_15.49.40/xmerl_std_suite.ibm-not-wf-p87-ibm87n35.html"></testcase><testcase  name="ibm-not-wf-P87-ibm87n34" time="0.060962" timestamp="2012-11-19T15:53:39" log="/home/karl/tmp/otp_tests/logs/xmerl_test_logs/ct_run.ct@devbox.2012-11-19_15.49.06/tests.xmerl_test.logs/run.2012-11-19_15.49.40/xmerl_std_suite.ibm-not-wf-p87-ibm87n34.html"></testcase><testcase  name="ibm-not-wf-P87-ibm87n33" time="0.054239" timestamp="2012-11-19T15:53:40" log="/home/karl/tmp/otp_tests/logs/xmerl_test_logs/ct_run.ct@devbox.2012-11-19_15.49.06/tests.xmerl_test.logs/run.2012-11-19_15.49.40/xmerl_std_suite.ibm-not-wf-p87-ibm87n33.html"></testcase><testcase  name="ibm-not-wf-P87-ibm87n32" time="0.050082" timestamp="2012-11-19T15:53:40" log="/home/karl/tmp/otp_tests/logs/xmerl_test_logs/ct_run.ct@devbox.2012-11-19_15.49.06/tests.xmerl_test.logs/run.2012-11-19_15.49.40/xmerl_std_suite.ibm-not-wf-p87-ibm87n32.html"></testcase><testcase  name="ibm-not-wf-P87-ibm87n31" time="0.060587" timestamp="2012-11-19T15:53:40" log="/home/karl/tmp/otp_tests/logs/xmerl_test_logs/ct_run.ct@devbox.2012-11-19_15.49.06/tests.xmerl_test.logs/run.2012-11-19_15.49.40/xmerl_std_suite.ibm-not-wf-p87-ibm87n31.html"></testcase><testcase  name="ibm-not-wf-P87-ibm87n30" time="0.050833" timestamp="2012-11-19T15:53:40" log="/home/karl/tmp/otp_tests/logs/xmerl_test_logs/ct_run.ct@devbox.2012-11-19_15.49.06/tests.xmerl_test.logs/run.2012-11-19_15.49.40/xmerl_std_suite.ibm-not-wf-p87-ibm87n30.html"></testcase><testcase  name="ibm-not-wf-P87-ibm87n29" time="0.046731" timestamp="2012-11-19T15:53:40" log="/home/karl/tmp/otp_tests/logs/xmerl_test_logs/ct_run.ct@devbox.2012-11-19_15.49.06/tests.xmerl_test.logs/run.2012-11-19_15.49.40/xmerl_std_suite.ibm-not-wf-p87-ibm87n29.html"></testcase><testcase  name="ibm-not-wf-P87-ibm87n28" time="0.058303" timestamp="2012-11-19T15:53:40" log="/home/karl/tmp/otp_tests/logs/xmerl_test_logs/ct_run.ct@devbox.2012-11-19_15.49.06/tests.xmerl_test.logs/run.2012-11-19_15.49.40/xmerl_std_suite.ibm-not-wf-p87-ibm87n28.html"></testcase><testcase  name="ibm-not-wf-P87-ibm87n27" time="0.051573" timestamp="2012-11-19T15:53:40" log="/home/karl/tmp/otp_tests/logs/xmerl_test_logs/ct_run.ct@devbox.2012-11-19_15.49.06/tests.xmerl_test.logs/run.2012-11-19_15.49.40/xmerl_std_suite.ibm-not-wf-p87-ibm87n27.html"></testcase><testcase  name="ibm-not-wf-P87-ibm87n26" time="0.047861" timestamp="2012-11-19T15:53:40" log="/home/karl/tmp/otp_tests/logs/xmerl_test_logs/ct_run.ct@devbox.2012-11-19_15.49.06/tests.xmerl_test.logs/run.2012-11-19_15.49.40/xmerl_std_suite.ibm-not-wf-p87-ibm87n26.html"></testcase><testcase  name="ibm-not-wf-P87-ibm87n25" time="0.062498" timestamp="2012-11-19T15:53:41" log="/home/karl/tmp/otp_tests/logs/xmerl_test_logs/ct_run.ct@devbox.2012-11-19_15.49.06/tests.xmerl_test.logs/run.2012-11-19_15.49.40/xmerl_std_suite.ibm-not-wf-p87-ibm87n25.html"></testcase><testcase  name="ibm-not-wf-P87-ibm87n24" time="0.051018" timestamp="2012-11-19T15:53:41" log="/home/karl/tmp/otp_tests/logs/xmerl_test_logs/ct_run.ct@devbox.2012-11-19_15.49.06/tests.xmerl_test.logs/run.2012-11-19_15.49.40/xmerl_std_suite.ibm-not-wf-p87-ibm87n24.html"></testcase><testcase  name="ibm-not-wf-P87-ibm87n23" time="0.047386" timestamp="2012-11-19T15:53:41" log="/home/karl/tmp/otp_tests/logs/xmerl_test_logs/ct_run.ct@devbox.2012-11-19_15.49.06/tests.xmerl_test.logs/run.2012-11-19_15.49.40/xmerl_std_suite.ibm-not-wf-p87-ibm87n23.html"></testcase><testcase  name="ibm-not-wf-P87-ibm87n22" time="0.058938" timestamp="2012-11-19T15:53:41" log="/home/karl/tmp/otp_tests/logs/xmerl_test_logs/ct_run.ct@devbox.2012-11-19_15.49.06/tests.xmerl_test.logs/run.2012-11-19_15.49.40/xmerl_std_suite.ibm-not-wf-p87-ibm87n22.html"></testcase><testcase  name="ibm-not-wf-P87-ibm87n21" time="0.053201" timestamp="2012-11-19T15:53:41" log="/home/karl/tmp/otp_tests/logs/xmerl_test_logs/ct_run.ct@devbox.2012-11-19_15.49.06/tests.xmerl_test.logs/run.2012-11-19_15.49.40/xmerl_std_suite.ibm-not-wf-p87-ibm87n21.html"></testcase><testcase  name="ibm-not-wf-P87-ibm87n20" time="0.048489" timestamp="2012-11-19T15:53:41" log="/home/karl/tmp/otp_tests/logs/xmerl_test_logs/ct_run.ct@devbox.2012-11-19_15.49.06/tests.xmerl_test.logs/run.2012-11-19_15.49.40/xmerl_std_suite.ibm-not-wf-p87-ibm87n20.html"></testcase><testcase  name="ibm-not-wf-P87-ibm87n19" time="0.060170" timestamp="2012-11-19T15:53:41" log="/home/karl/tmp/otp_tests/logs/xmerl_test_logs/ct_run.ct@devbox.2012-11-19_15.49.06/tests.xmerl_test.logs/run.2012-11-19_15.49.40/xmerl_std_suite.ibm-not-wf-p87-ibm87n19.html"></testcase><testcase  name="ibm-not-wf-P87-ibm87n18" time="0.067438" timestamp="2012-11-19T15:53:41" log="/home/karl/tmp/otp_tests/logs/xmerl_test_logs/ct_run.ct@devbox.2012-11-19_15.49.06/tests.xmerl_test.logs/run.2012-11-19_15.49.40/xmerl_std_suite.ibm-not-wf-p87-ibm87n18.html"></testcase><testcase  name="ibm-not-wf-P87-ibm87n17" time="0.052038" timestamp="2012-11-19T15:53:42" log="/home/karl/tmp/otp_tests/logs/xmerl_test_logs/ct_run.ct@devbox.2012-11-19_15.49.06/tests.xmerl_test.logs/run.2012-11-19_15.49.40/xmerl_std_suite.ibm-not-wf-p87-ibm87n17.html"></testcase><testcase  name="ibm-not-wf-P87-ibm87n16" time="0.062857" timestamp="2012-11-19T15:53:42" log="/home/karl/tmp/otp_tests/logs/xmerl_test_logs/ct_run.ct@devbox.2012-11-19_15.49.06/tests.xmerl_test.logs/run.2012-11-19_15.49.40/xmerl_std_suite.ibm-not-wf-p87-ibm87n16.html"></testcase><testcase  name="ibm-not-wf-P87-ibm87n15" time="0.055228" timestamp="2012-11-19T15:53:42" log="/home/karl/tmp/otp_tests/logs/xmerl_test_logs/ct_run.ct@devbox.2012-11-19_15.49.06/tests.xmerl_test.logs/run.2012-11-19_15.49.40/xmerl_std_suite.ibm-not-wf-p87-ibm87n15.html"></testcase><testcase  name="ibm-not-wf-P87-ibm87n14" time="0.050330" timestamp="2012-11-19T15:53:42" log="/home/karl/tmp/otp_tests/logs/xmerl_test_logs/ct_run.ct@devbox.2012-11-19_15.49.06/tests.xmerl_test.logs/run.2012-11-19_15.49.40/xmerl_std_suite.ibm-not-wf-p87-ibm87n14.html"></testcase><testcase  name="ibm-not-wf-P87-ibm87n13" time="0.086790" timestamp="2012-11-19T15:53:42" log="/home/karl/tmp/otp_tests/logs/xmerl_test_logs/ct_run.ct@devbox.2012-11-19_15.49.06/tests.xmerl_test.logs/run.2012-11-19_15.49.40/xmerl_std_suite.ibm-not-wf-p87-ibm87n13.html"></testcase><testcase  name="ibm-not-wf-P87-ibm87n12" time="0.036555" timestamp="2012-11-19T15:53:42" log="/home/karl/tmp/otp_tests/logs/xmerl_test_logs/ct_run.ct@devbox.2012-11-19_15.49.06/tests.xmerl_test.logs/run.2012-11-19_15.49.40/xmerl_std_suite.ibm-not-wf-p87-ibm87n12.html"></testcase><testcase  name="ibm-not-wf-P87-ibm87n11" time="0.049916" timestamp="2012-11-19T15:53:42" log="/home/karl/tmp/otp_tests/logs/xmerl_test_logs/ct_run.ct@devbox.2012-11-19_15.49.06/tests.xmerl_test.logs/run.2012-11-19_15.49.40/xmerl_std_suite.ibm-not-wf-p87-ibm87n11.html"></testcase><testcase  name="ibm-not-wf-P87-ibm87n10" time="0.069561" timestamp="2012-11-19T15:53:42" log="/home/karl/tmp/otp_tests/logs/xmerl_test_logs/ct_run.ct@devbox.2012-11-19_15.49.06/tests.xmerl_test.logs/run.2012-11-19_15.49.40/xmerl_std_suite.ibm-not-wf-p87-ibm87n10.html"></testcase><testcase  name="ibm-not-wf-P87-ibm87n09" time="0.041407" timestamp="2012-11-19T15:53:43" log="/home/karl/tmp/otp_tests/logs/xmerl_test_logs/ct_run.ct@devbox.2012-11-19_15.49.06/tests.xmerl_test.logs/run.2012-11-19_15.49.40/xmerl_std_suite.ibm-not-wf-p87-ibm87n09.html"></testcase><testcase  name="ibm-not-wf-P87-ibm87n08" time="0.076331" timestamp="2012-11-19T15:53:43" log="/home/karl/tmp/otp_tests/logs/xmerl_test_logs/ct_run.ct@devbox.2012-11-19_15.49.06/tests.xmerl_test.logs/run.2012-11-19_15.49.40/xmerl_std_suite.ibm-not-wf-p87-ibm87n08.html"></testcase><testcase  name="ibm-not-wf-P87-ibm87n07" time="0.089355" timestamp="2012-11-19T15:53:43" log="/home/karl/tmp/otp_tests/logs/xmerl_test_logs/ct_run.ct@devbox.2012-11-19_15.49.06/tests.xmerl_test.logs/run.2012-11-19_15.49.40/xmerl_std_suite.ibm-not-wf-p87-ibm87n07.html"></testcase><testcase  name="ibm-not-wf-P87-ibm87n06" time="0.045525" timestamp="2012-11-19T15:53:43" log="/home/karl/tmp/otp_tests/logs/xmerl_test_logs/ct_run.ct@devbox.2012-11-19_15.49.06/tests.xmerl_test.logs/run.2012-11-19_15.49.40/xmerl_std_suite.ibm-not-wf-p87-ibm87n06.html"></testcase><testcase  name="ibm-not-wf-P87-ibm87n05" time="0.051252" timestamp="2012-11-19T15:53:43" log="/home/karl/tmp/otp_tests/logs/xmerl_test_logs/ct_run.ct@devbox.2012-11-19_15.49.06/tests.xmerl_test.logs/run.2012-11-19_15.49.40/xmerl_std_suite.ibm-not-wf-p87-ibm87n05.html"></testcase><testcase  name="ibm-not-wf-P87-ibm87n04" time="0.073102" timestamp="2012-11-19T15:53:43" log="/home/karl/tmp/otp_tests/logs/xmerl_test_logs/ct_run.ct@devbox.2012-11-19_15.49.06/tests.xmerl_test.logs/run.2012-11-19_15.49.40/xmerl_std_suite.ibm-not-wf-p87-ibm87n04.html"></testcase><testcase  name="ibm-not-wf-P87-ibm87n03" time="0.053537" timestamp="2012-11-19T15:53:43" log="/home/karl/tmp/otp_tests/logs/xmerl_test_logs/ct_run.ct@devbox.2012-11-19_15.49.06/tests.xmerl_test.logs/run.2012-11-19_15.49.40/xmerl_std_suite.ibm-not-wf-p87-ibm87n03.html"></testcase><testcase  name="ibm-not-wf-P87-ibm87n02" time="0.052038" timestamp="2012-11-19T15:53:44" log="/home/karl/tmp/otp_tests/logs/xmerl_test_logs/ct_run.ct@devbox.2012-11-19_15.49.06/tests.xmerl_test.logs/run.2012-11-19_15.49.40/xmerl_std_suite.ibm-not-wf-p87-ibm87n02.html"></testcase><testcase  name="ibm-not-wf-P87-ibm87n01" time="0.066160" timestamp="2012-11-19T15:53:44" log="/home/karl/tmp/otp_tests/logs/xmerl_test_logs/ct_run.ct@devbox.2012-11-19_15.49.06/tests.xmerl_test.logs/run.2012-11-19_15.49.40/xmerl_std_suite.ibm-not-wf-p87-ibm87n01.html"></testcase><testcase  name="ibm-not-wf-P86-ibm86n04" time="0.045296" timestamp="2012-11-19T15:53:44" log="/home/karl/tmp/otp_tests/logs/xmerl_test_logs/ct_run.ct@devbox.2012-11-19_15.49.06/tests.xmerl_test.logs/run.2012-11-19_15.49.40/xmerl_std_suite.ibm-not-wf-p86-ibm86n04.html"></testcase><testcase  name="ibm-not-wf-P86-ibm86n03" time="0.050571" timestamp="2012-11-19T15:53:44" log="/home/karl/tmp/otp_tests/logs/xmerl_test_logs/ct_run.ct@devbox.2012-11-19_15.49.06/tests.xmerl_test.logs/run.2012-11-19_15.49.40/xmerl_std_suite.ibm-not-wf-p86-ibm86n03.html"></testcase><testcase  name="ibm-not-wf-P86-ibm86n02" time="0.067123" timestamp="2012-11-19T15:53:44" log="/home/karl/tmp/otp_tests/logs/xmerl_test_logs/ct_run.ct@devbox.2012-11-19_15.49.06/tests.xmerl_test.logs/run.2012-11-19_15.49.40/xmerl_std_suite.ibm-not-wf-p86-ibm86n02.html"></testcase><testcase  name="ibm-not-wf-P86-ibm86n01" time="0.045539" timestamp="2012-11-19T15:53:44" log="/home/karl/tmp/otp_tests/logs/xmerl_test_logs/ct_run.ct@devbox.2012-11-19_15.49.06/tests.xmerl_test.logs/run.2012-11-19_15.49.40/xmerl_std_suite.ibm-not-wf-p86-ibm86n01.html"></testcase><testcase  name="ibm-not-wf-P85-ibm85n99" time="0.049178" timestamp="2012-11-19T15:53:44" log="/home/karl/tmp/otp_tests/logs/xmerl_test_logs/ct_run.ct@devbox.2012-11-19_15.49.06/tests.xmerl_test.logs/run.2012-11-19_15.49.40/xmerl_std_suite.ibm-not-wf-p85-ibm85n99.html"></testcase><testcase  name="ibm-not-wf-P85-ibm85n98" time="0.065462" timestamp="2012-11-19T15:53:44" log="/home/karl/tmp/otp_tests/logs/xmerl_test_logs/ct_run.ct@devbox.2012-11-19_15.49.06/tests.xmerl_test.logs/run.2012-11-19_15.49.40/xmerl_std_suite.ibm-not-wf-p85-ibm85n98.html"></testcase><testcase  name="ibm-not-wf-P85-ibm85n97" time="0.052723" timestamp="2012-11-19T15:53:45" log="/home/karl/tmp/otp_tests/logs/xmerl_test_logs/ct_run.ct@devbox.2012-11-19_15.49.06/tests.xmerl_test.logs/run.2012-11-19_15.49.40/xmerl_std_suite.ibm-not-wf-p85-ibm85n97.html"></testcase><testcase  name="ibm-not-wf-P85-ibm85n96" time="0.049358" timestamp="2012-11-19T15:53:45" log="/home/karl/tmp/otp_tests/logs/xmerl_test_logs/ct_run.ct@devbox.2012-11-19_15.49.06/tests.xmerl_test.logs/run.2012-11-19_15.49.40/xmerl_std_suite.ibm-not-wf-p85-ibm85n96.html"></testcase><testcase  name="ibm-not-wf-P85-ibm85n95" time="0.069384" timestamp="2012-11-19T15:53:45" log="/home/karl/tmp/otp_tests/logs/xmerl_test_logs/ct_run.ct@devbox.2012-11-19_15.49.06/tests.xmerl_test.logs/run.2012-11-19_15.49.40/xmerl_std_suite.ibm-not-wf-p85-ibm85n95.html"></testcase><testcase  name="ibm-not-wf-P85-ibm85n94" time="0.045589" timestamp="2012-11-19T15:53:45" log="/home/karl/tmp/otp_tests/logs/xmerl_test_logs/ct_run.ct@devbox.2012-11-19_15.49.06/tests.xmerl_test.logs/run.2012-11-19_15.49.40/xmerl_std_suite.ibm-not-wf-p85-ibm85n94.html"></testcase><testcase  name="ibm-not-wf-P85-ibm85n93" time="0.050909" timestamp="2012-11-19T15:53:45" log="/home/karl/tmp/otp_tests/logs/xmerl_test_logs/ct_run.ct@devbox.2012-11-19_15.49.06/tests.xmerl_test.logs/run.2012-11-19_15.49.40/xmerl_std_suite.ibm-not-wf-p85-ibm85n93.html"></testcase><testcase  name="ibm-not-wf-P85-ibm85n92" time="0.076139" timestamp="2012-11-19T15:53:45" log="/home/karl/tmp/otp_tests/logs/xmerl_test_logs/ct_run.ct@devbox.2012-11-19_15.49.06/tests.xmerl_test.logs/run.2012-11-19_15.49.40/xmerl_std_suite.ibm-not-wf-p85-ibm85n92.html"></testcase><testcase  name="ibm-not-wf-P85-ibm85n91" time="0.046033" timestamp="2012-11-19T15:53:45" log="/home/karl/tmp/otp_tests/logs/xmerl_test_logs/ct_run.ct@devbox.2012-11-19_15.49.06/tests.xmerl_test.logs/run.2012-11-19_15.49.40/xmerl_std_suite.ibm-not-wf-p85-ibm85n91.html"></testcase><testcase  name="ibm-not-wf-P85-ibm85n90" time="0.049499" timestamp="2012-11-19T15:53:46" log="/home/karl/tmp/otp_tests/logs/xmerl_test_logs/ct_run.ct@devbox.2012-11-19_15.49.06/tests.xmerl_test.logs/run.2012-11-19_15.49.40/xmerl_std_suite.ibm-not-wf-p85-ibm85n90.html"></testcase><testcase  name="ibm-not-wf-P85-ibm85n89" time="0.064910" timestamp="2012-11-19T15:53:46" log="/home/karl/tmp/otp_tests/logs/xmerl_test_logs/ct_run.ct@devbox.2012-11-19_15.49.06/tests.xmerl_test.logs/run.2012-11-19_15.49.40/xmerl_std_suite.ibm-not-wf-p85-ibm85n89.html"></testcase><testcase  name="ibm-not-wf-P85-ibm85n88" time="0.044095" timestamp="2012-11-19T15:53:46" log="/home/karl/tmp/otp_tests/logs/xmerl_test_logs/ct_run.ct@devbox.2012-11-19_15.49.06/tests.xmerl_test.logs/run.2012-11-19_15.49.40/xmerl_std_suite.ibm-not-wf-p85-ibm85n88.html"></testcase><testcase  name="ibm-not-wf-P85-ibm85n87" time="0.048791" timestamp="2012-11-19T15:53:46" log="/home/karl/tmp/otp_tests/logs/xmerl_test_logs/ct_run.ct@devbox.2012-11-19_15.49.06/tests.xmerl_test.logs/run.2012-11-19_15.49.40/xmerl_std_suite.ibm-not-wf-p85-ibm85n87.html"></testcase><testcase  name="ibm-not-wf-P85-ibm85n86" time="0.068802" timestamp="2012-11-19T15:53:46" log="/home/karl/tmp/otp_tests/logs/xmerl_test_logs/ct_run.ct@devbox.2012-11-19_15.49.06/tests.xmerl_test.logs/run.2012-11-19_15.49.40/xmerl_std_suite.ibm-not-wf-p85-ibm85n86.html"></testcase><testcase  name="ibm-not-wf-P85-ibm85n85" time="0.045424" timestamp="2012-11-19T15:53:46" log="/home/karl/tmp/otp_tests/logs/xmerl_test_logs/ct_run.ct@devbox.2012-11-19_15.49.06/tests.xmerl_test.logs/run.2012-11-19_15.49.40/xmerl_std_suite.ibm-not-wf-p85-ibm85n85.html"></testcase><testcase  name="ibm-not-wf-P85-ibm85n84" time="0.050146" timestamp="2012-11-19T15:53:46" log="/home/karl/tmp/otp_tests/logs/xmerl_test_logs/ct_run.ct@devbox.2012-11-19_15.49.06/tests.xmerl_test.logs/run.2012-11-19_15.49.40/xmerl_std_suite.ibm-not-wf-p85-ibm85n84.html"></testcase><testcase  name="ibm-not-wf-P85-ibm85n83" time="0.066151" timestamp="2012-11-19T15:53:46" log="/home/karl/tmp/otp_tests/logs/xmerl_test_logs/ct_run.ct@devbox.2012-11-19_15.49.06/tests.xmerl_test.logs/run.2012-11-19_15.49.40/xmerl_std_suite.ibm-not-wf-p85-ibm85n83.html"></testcase><testcase  name="ibm-not-wf-P85-ibm85n82" time="0.049970" timestamp="2012-11-19T15:53:47" log="/home/karl/tmp/otp_tests/logs/xmerl_test_logs/ct_run.ct@devbox.2012-11-19_15.49.06/tests.xmerl_test.logs/run.2012-11-19_15.49.40/xmerl_std_suite.ibm-not-wf-p85-ibm85n82.html"></testcase><testcase  name="ibm-not-wf-P85-ibm85n81" time="0.053576" timestamp="2012-11-19T15:53:47" log="/home/karl/tmp/otp_tests/logs/xmerl_test_logs/ct_run.ct@devbox.2012-11-19_15.49.06/tests.xmerl_test.logs/run.2012-11-19_15.49.40/xmerl_std_suite.ibm-not-wf-p85-ibm85n81.html"></testcase><testcase  name="ibm-not-wf-P85-ibm85n80" time="0.066365" timestamp="2012-11-19T15:53:47" log="/home/karl/tmp/otp_tests/logs/xmerl_test_logs/ct_run.ct@devbox.2012-11-19_15.49.06/tests.xmerl_test.logs/run.2012-11-19_15.49.40/xmerl_std_suite.ibm-not-wf-p85-ibm85n80.html"></testcase><testcase  name="ibm-not-wf-P85-ibm85n79" time="0.051437" timestamp="2012-11-19T15:53:47" log="/home/karl/tmp/otp_tests/logs/xmerl_test_logs/ct_run.ct@devbox.2012-11-19_15.49.06/tests.xmerl_test.logs/run.2012-11-19_15.49.40/xmerl_std_suite.ibm-not-wf-p85-ibm85n79.html"></testcase><testcase  name="ibm-not-wf-P85-ibm85n78" time="0.059080" timestamp="2012-11-19T15:53:47" log="/home/karl/tmp/otp_tests/logs/xmerl_test_logs/ct_run.ct@devbox.2012-11-19_15.49.06/tests.xmerl_test.logs/run.2012-11-19_15.49.40/xmerl_std_suite.ibm-not-wf-p85-ibm85n78.html"></testcase><testcase  name="ibm-not-wf-P85-ibm85n77" time="0.079170" timestamp="2012-11-19T15:53:47" log="/home/karl/tmp/otp_tests/logs/xmerl_test_logs/ct_run.ct@devbox.2012-11-19_15.49.06/tests.xmerl_test.logs/run.2012-11-19_15.49.40/xmerl_std_suite.ibm-not-wf-p85-ibm85n77.html"></testcase><testcase  name="ibm-not-wf-P85-ibm85n76" time="0.075288" timestamp="2012-11-19T15:53:47" log="/home/karl/tmp/otp_tests/logs/xmerl_test_logs/ct_run.ct@devbox.2012-11-19_15.49.06/tests.xmerl_test.logs/run.2012-11-19_15.49.40/xmerl_std_suite.ibm-not-wf-p85-ibm85n76.html"></testcase><testcase  name="ibm-not-wf-P85-ibm85n75" time="0.051114" timestamp="2012-11-19T15:53:48" log="/home/karl/tmp/otp_tests/logs/xmerl_test_logs/ct_run.ct@devbox.2012-11-19_15.49.06/tests.xmerl_test.logs/run.2012-11-19_15.49.40/xmerl_std_suite.ibm-not-wf-p85-ibm85n75.html"></testcase><testcase  name="ibm-not-wf-P85-ibm85n74" time="0.065252" timestamp="2012-11-19T15:53:48" log="/home/karl/tmp/otp_tests/logs/xmerl_test_logs/ct_run.ct@devbox.2012-11-19_15.49.06/tests.xmerl_test.logs/run.2012-11-19_15.49.40/xmerl_std_suite.ibm-not-wf-p85-ibm85n74.html"></testcase><testcase  name="ibm-not-wf-P85-ibm85n73" time="0.097344" timestamp="2012-11-19T15:53:48" log="/home/karl/tmp/otp_tests/logs/xmerl_test_logs/ct_run.ct@devbox.2012-11-19_15.49.06/tests.xmerl_test.logs/run.2012-11-19_15.49.40/xmerl_std_suite.ibm-not-wf-p85-ibm85n73.html"></testcase><testcase  name="ibm-not-wf-P85-ibm85n72" time="0.061991" timestamp="2012-11-19T15:53:48" log="/home/karl/tmp/otp_tests/logs/xmerl_test_logs/ct_run.ct@devbox.2012-11-19_15.49.06/tests.xmerl_test.logs/run.2012-11-19_15.49.40/xmerl_std_suite.ibm-not-wf-p85-ibm85n72.html"></testcase><testcase  name="ibm-not-wf-P85-ibm85n71" time="0.068960" timestamp="2012-11-19T15:53:48" log="/home/karl/tmp/otp_tests/logs/xmerl_test_logs/ct_run.ct@devbox.2012-11-19_15.49.06/tests.xmerl_test.logs/run.2012-11-19_15.49.40/xmerl_std_suite.ibm-not-wf-p85-ibm85n71.html"></testcase><testcase  name="ibm-not-wf-P85-ibm85n70" time="0.045588" timestamp="2012-11-19T15:53:48" log="/home/karl/tmp/otp_tests/logs/xmerl_test_logs/ct_run.ct@devbox.2012-11-19_15.49.06/tests.xmerl_test.logs/run.2012-11-19_15.49.40/xmerl_std_suite.ibm-not-wf-p85-ibm85n70.html"></testcase><testcase  name="ibm-not-wf-P85-ibm85n69" time="0.105938" timestamp="2012-11-19T15:53:48" log="/home/karl/tmp/otp_tests/logs/xmerl_test_logs/ct_run.ct@devbox.2012-11-19_15.49.06/tests.xmerl_test.logs/run.2012-11-19_15.49.40/xmerl_std_suite.ibm-not-wf-p85-ibm85n69.html"></testcase><testcase  name="ibm-not-wf-P85-ibm85n68" time="0.075585" timestamp="2012-11-19T15:53:49" log="/home/karl/tmp/otp_tests/logs/xmerl_test_logs/ct_run.ct@devbox.2012-11-19_15.49.06/tests.xmerl_test.logs/run.2012-11-19_15.49.40/xmerl_std_suite.ibm-not-wf-p85-ibm85n68.html"></testcase><testcase  name="ibm-not-wf-P85-ibm85n67" time="0.045807" timestamp="2012-11-19T15:53:49" log="/home/karl/tmp/otp_tests/logs/xmerl_test_logs/ct_run.ct@devbox.2012-11-19_15.49.06/tests.xmerl_test.logs/run.2012-11-19_15.49.40/xmerl_std_suite.ibm-not-wf-p85-ibm85n67.html"></testcase><testcase  name="ibm-not-wf-P85-ibm85n66" time="0.049984" timestamp="2012-11-19T15:53:49" log="/home/karl/tmp/otp_tests/logs/xmerl_test_logs/ct_run.ct@devbox.2012-11-19_15.49.06/tests.xmerl_test.logs/run.2012-11-19_15.49.40/xmerl_std_suite.ibm-not-wf-p85-ibm85n66.html"></testcase><testcase  name="ibm-not-wf-P85-ibm85n65" time="0.068673" timestamp="2012-11-19T15:53:49" log="/home/karl/tmp/otp_tests/logs/xmerl_test_logs/ct_run.ct@devbox.2012-11-19_15.49.06/tests.xmerl_test.logs/run.2012-11-19_15.49.40/xmerl_std_suite.ibm-not-wf-p85-ibm85n65.html"></testcase><testcase  name="ibm-not-wf-P85-ibm85n64" time="0.057014" timestamp="2012-11-19T15:53:49" log="/home/karl/tmp/otp_tests/logs/xmerl_test_logs/ct_run.ct@devbox.2012-11-19_15.49.06/tests.xmerl_test.logs/run.2012-11-19_15.49.40/xmerl_std_suite.ibm-not-wf-p85-ibm85n64.html"></testcase><testcase  name="ibm-not-wf-P85-ibm85n63" time="0.049991" timestamp="2012-11-19T15:53:49" log="/home/karl/tmp/otp_tests/logs/xmerl_test_logs/ct_run.ct@devbox.2012-11-19_15.49.06/tests.xmerl_test.logs/run.2012-11-19_15.49.40/xmerl_std_suite.ibm-not-wf-p85-ibm85n63.html"></testcase><testcase  name="ibm-not-wf-P85-ibm85n62" time="0.068923" timestamp="2012-11-19T15:53:49" log="/home/karl/tmp/otp_tests/logs/xmerl_test_logs/ct_run.ct@devbox.2012-11-19_15.49.06/tests.xmerl_test.logs/run.2012-11-19_15.49.40/xmerl_std_suite.ibm-not-wf-p85-ibm85n62.html"></testcase><testcase  name="ibm-not-wf-P85-ibm85n61" time="0.045731" timestamp="2012-11-19T15:53:49" log="/home/karl/tmp/otp_tests/logs/xmerl_test_logs/ct_run.ct@devbox.2012-11-19_15.49.06/tests.xmerl_test.logs/run.2012-11-19_15.49.40/xmerl_std_suite.ibm-not-wf-p85-ibm85n61.html"></testcase><testcase  name="ibm-not-wf-P85-ibm85n60" time="0.050142" timestamp="2012-11-19T15:53:50" log="/home/karl/tmp/otp_tests/logs/xmerl_test_logs/ct_run.ct@devbox.2012-11-19_15.49.06/tests.xmerl_test.logs/run.2012-11-19_15.49.40/xmerl_std_suite.ibm-not-wf-p85-ibm85n60.html"></testcase><testcase  name="ibm-not-wf-P85-ibm85n59" time="0.069830" timestamp="2012-11-19T15:53:50" log="/home/karl/tmp/otp_tests/logs/xmerl_test_logs/ct_run.ct@devbox.2012-11-19_15.49.06/tests.xmerl_test.logs/run.2012-11-19_15.49.40/xmerl_std_suite.ibm-not-wf-p85-ibm85n59.html"></testcase><testcase  name="ibm-not-wf-P85-ibm85n58" time="0.047199" timestamp="2012-11-19T15:53:50" log="/home/karl/tmp/otp_tests/logs/xmerl_test_logs/ct_run.ct@devbox.2012-11-19_15.49.06/tests.xmerl_test.logs/run.2012-11-19_15.49.40/xmerl_std_suite.ibm-not-wf-p85-ibm85n58.html"></testcase><testcase  name="ibm-not-wf-P85-ibm85n57" time="0.048924" timestamp="2012-11-19T15:53:50" log="/home/karl/tmp/otp_tests/logs/xmerl_test_logs/ct_run.ct@devbox.2012-11-19_15.49.06/tests.xmerl_test.logs/run.2012-11-19_15.49.40/xmerl_std_suite.ibm-not-wf-p85-ibm85n57.html"></testcase><testcase  name="ibm-not-wf-P85-ibm85n56" time="0.034913" timestamp="2012-11-19T15:53:50" log="/home/karl/tmp/otp_tests/logs/xmerl_test_logs/ct_run.ct@devbox.2012-11-19_15.49.06/tests.xmerl_test.logs/run.2012-11-19_15.49.40/xmerl_std_suite.ibm-not-wf-p85-ibm85n56.html"></testcase><testcase  name="ibm-not-wf-P85-ibm85n55" time="0.033599" timestamp="2012-11-19T15:53:50" log="/home/karl/tmp/otp_tests/logs/xmerl_test_logs/ct_run.ct@devbox.2012-11-19_15.49.06/tests.xmerl_test.logs/run.2012-11-19_15.49.40/xmerl_std_suite.ibm-not-wf-p85-ibm85n55.html"></testcase><testcase  name="ibm-not-wf-P85-ibm85n54" time="0.035404" timestamp="2012-11-19T15:53:50" log="/home/karl/tmp/otp_tests/logs/xmerl_test_logs/ct_run.ct@devbox.2012-11-19_15.49.06/tests.xmerl_test.logs/run.2012-11-19_15.49.40/xmerl_std_suite.ibm-not-wf-p85-ibm85n54.html"></testcase><testcase  name="ibm-not-wf-P85-ibm85n53" time="0.035085" timestamp="2012-11-19T15:53:50" log="/home/karl/tmp/otp_tests/logs/xmerl_test_logs/ct_run.ct@devbox.2012-11-19_15.49.06/tests.xmerl_test.logs/run.2012-11-19_15.49.40/xmerl_std_suite.ibm-not-wf-p85-ibm85n53.html"></testcase><testcase  name="ibm-not-wf-P85-ibm85n52" time="0.038077" timestamp="2012-11-19T15:53:50" log="/home/karl/tmp/otp_tests/logs/xmerl_test_logs/ct_run.ct@devbox.2012-11-19_15.49.06/tests.xmerl_test.logs/run.2012-11-19_15.49.40/xmerl_std_suite.ibm-not-wf-p85-ibm85n52.html"></testcase><testcase  name="ibm-not-wf-P85-ibm85n51" time="0.037351" timestamp="2012-11-19T15:53:51" log="/home/karl/tmp/otp_tests/logs/xmerl_test_logs/ct_run.ct@devbox.2012-11-19_15.49.06/tests.xmerl_test.logs/run.2012-11-19_15.49.40/xmerl_std_suite.ibm-not-wf-p85-ibm85n51.html"></testcase><testcase  name="ibm-not-wf-P85-ibm85n50" time="0.051937" timestamp="2012-11-19T15:53:51" log="/home/karl/tmp/otp_tests/logs/xmerl_test_logs/ct_run.ct@devbox.2012-11-19_15.49.06/tests.xmerl_test.logs/run.2012-11-19_15.49.40/xmerl_std_suite.ibm-not-wf-p85-ibm85n50.html"></testcase><testcase  name="ibm-not-wf-P85-ibm85n49" time="0.036090" timestamp="2012-11-19T15:53:51" log="/home/karl/tmp/otp_tests/logs/xmerl_test_logs/ct_run.ct@devbox.2012-11-19_15.49.06/tests.xmerl_test.logs/run.2012-11-19_15.49.40/xmerl_std_suite.ibm-not-wf-p85-ibm85n49.html"></testcase><testcase  name="ibm-not-wf-P85-ibm85n48" time="0.034517" timestamp="2012-11-19T15:53:51" log="/home/karl/tmp/otp_tests/logs/xmerl_test_logs/ct_run.ct@devbox.2012-11-19_15.49.06/tests.xmerl_test.logs/run.2012-11-19_15.49.40/xmerl_std_suite.ibm-not-wf-p85-ibm85n48.html"></testcase><testcase  name="ibm-not-wf-P85-ibm85n47" time="0.034974" timestamp="2012-11-19T15:53:51" log="/home/karl/tmp/otp_tests/logs/xmerl_test_logs/ct_run.ct@devbox.2012-11-19_15.49.06/tests.xmerl_test.logs/run.2012-11-19_15.49.40/xmerl_std_suite.ibm-not-wf-p85-ibm85n47.html"></testcase><testcase  name="ibm-not-wf-P85-ibm85n46" time="0.039769" timestamp="2012-11-19T15:53:51" log="/home/karl/tmp/otp_tests/logs/xmerl_test_logs/ct_run.ct@devbox.2012-11-19_15.49.06/tests.xmerl_test.logs/run.2012-11-19_15.49.40/xmerl_std_suite.ibm-not-wf-p85-ibm85n46.html"></testcase><testcase  name="ibm-not-wf-P85-ibm85n45" time="0.035698" timestamp="2012-11-19T15:53:51" log="/home/karl/tmp/otp_tests/logs/xmerl_test_logs/ct_run.ct@devbox.2012-11-19_15.49.06/tests.xmerl_test.logs/run.2012-11-19_15.49.40/xmerl_std_suite.ibm-not-wf-p85-ibm85n45.html"></testcase><testcase  name="ibm-not-wf-P85-ibm85n44" time="0.035734" timestamp="2012-11-19T15:53:51" log="/home/karl/tmp/otp_tests/logs/xmerl_test_logs/ct_run.ct@devbox.2012-11-19_15.49.06/tests.xmerl_test.logs/run.2012-11-19_15.49.40/xmerl_std_suite.ibm-not-wf-p85-ibm85n44.html"></testcase><testcase  name="ibm-not-wf-P85-ibm85n43" time="0.035065" timestamp="2012-11-19T15:53:51" log="/home/karl/tmp/otp_tests/logs/xmerl_test_logs/ct_run.ct@devbox.2012-11-19_15.49.06/tests.xmerl_test.logs/run.2012-11-19_15.49.40/xmerl_std_suite.ibm-not-wf-p85-ibm85n43.html"></testcase><testcase  name="ibm-not-wf-P85-ibm85n42" time="0.035007" timestamp="2012-11-19T15:53:51" log="/home/karl/tmp/otp_tests/logs/xmerl_test_logs/ct_run.ct@devbox.2012-11-19_15.49.06/tests.xmerl_test.logs/run.2012-11-19_15.49.40/xmerl_std_suite.ibm-not-wf-p85-ibm85n42.html"></testcase><testcase  name="ibm-not-wf-P85-ibm85n41" time="0.042264" timestamp="2012-11-19T15:53:52" log="/home/karl/tmp/otp_tests/logs/xmerl_test_logs/ct_run.ct@devbox.2012-11-19_15.49.06/tests.xmerl_test.logs/run.2012-11-19_15.49.40/xmerl_std_suite.ibm-not-wf-p85-ibm85n41.html"></testcase><testcase  name="ibm-not-wf-P85-ibm85n40" time="0.044711" timestamp="2012-11-19T15:53:52" log="/home/karl/tmp/otp_tests/logs/xmerl_test_logs/ct_run.ct@devbox.2012-11-19_15.49.06/tests.xmerl_test.logs/run.2012-11-19_15.49.40/xmerl_std_suite.ibm-not-wf-p85-ibm85n40.html"></testcase><testcase  name="ibm-not-wf-P85-ibm85n39" time="0.036811" timestamp="2012-11-19T15:53:52" log="/home/karl/tmp/otp_tests/logs/xmerl_test_logs/ct_run.ct@devbox.2012-11-19_15.49.06/tests.xmerl_test.logs/run.2012-11-19_15.49.40/xmerl_std_suite.ibm-not-wf-p85-ibm85n39.html"></testcase><testcase  name="ibm-not-wf-P85-ibm85n38" time="0.034025" timestamp="2012-11-19T15:53:52" log="/home/karl/tmp/otp_tests/logs/xmerl_test_logs/ct_run.ct@devbox.2012-11-19_15.49.06/tests.xmerl_test.logs/run.2012-11-19_15.49.40/xmerl_std_suite.ibm-not-wf-p85-ibm85n38.html"></testcase><testcase  name="ibm-not-wf-P85-ibm85n37" time="0.042487" timestamp="2012-11-19T15:53:52" log="/home/karl/tmp/otp_tests/logs/xmerl_test_logs/ct_run.ct@devbox.2012-11-19_15.49.06/tests.xmerl_test.logs/run.2012-11-19_15.49.40/xmerl_std_suite.ibm-not-wf-p85-ibm85n37.html"></testcase><testcase  name="ibm-not-wf-P85-ibm85n36" time="0.098668" timestamp="2012-11-19T15:53:52" log="/home/karl/tmp/otp_tests/logs/xmerl_test_logs/ct_run.ct@devbox.2012-11-19_15.49.06/tests.xmerl_test.logs/run.2012-11-19_15.49.40/xmerl_std_suite.ibm-not-wf-p85-ibm85n36.html"></testcase><testcase  name="ibm-not-wf-P85-ibm85n35" time="0.042313" timestamp="2012-11-19T15:53:52" log="/home/karl/tmp/otp_tests/logs/xmerl_test_logs/ct_run.ct@devbox.2012-11-19_15.49.06/tests.xmerl_test.logs/run.2012-11-19_15.49.40/xmerl_std_suite.ibm-not-wf-p85-ibm85n35.html"></testcase><testcase  name="ibm-not-wf-P85-ibm85n34" time="0.037124" timestamp="2012-11-19T15:53:52" log="/home/karl/tmp/otp_tests/logs/xmerl_test_logs/ct_run.ct@devbox.2012-11-19_15.49.06/tests.xmerl_test.logs/run.2012-11-19_15.49.40/xmerl_std_suite.ibm-not-wf-p85-ibm85n34.html"></testcase><testcase  name="ibm-not-wf-P85-ibm85n33" time="0.036637" timestamp="2012-11-19T15:53:52" log="/home/karl/tmp/otp_tests/logs/xmerl_test_logs/ct_run.ct@devbox.2012-11-19_15.49.06/tests.xmerl_test.logs/run.2012-11-19_15.49.40/xmerl_std_suite.ibm-not-wf-p85-ibm85n33.html"></testcase><testcase  name="ibm-not-wf-P85-ibm85n32" time="0.040805" timestamp="2012-11-19T15:53:52" log="/home/karl/tmp/otp_tests/logs/xmerl_test_logs/ct_run.ct@devbox.2012-11-19_15.49.06/tests.xmerl_test.logs/run.2012-11-19_15.49.40/xmerl_std_suite.ibm-not-wf-p85-ibm85n32.html"></testcase><testcase  name="ibm-not-wf-P85-ibm85n31" time="0.042092" timestamp="2012-11-19T15:53:53" log="/home/karl/tmp/otp_tests/logs/xmerl_test_logs/ct_run.ct@devbox.2012-11-19_15.49.06/tests.xmerl_test.logs/run.2012-11-19_15.49.40/xmerl_std_suite.ibm-not-wf-p85-ibm85n31.html"></testcase><testcase  name="ibm-not-wf-P85-ibm85n30" time="0.053883" timestamp="2012-11-19T15:53:53" log="/home/karl/tmp/otp_tests/logs/xmerl_test_logs/ct_run.ct@devbox.2012-11-19_15.49.06/tests.xmerl_test.logs/run.2012-11-19_15.49.40/xmerl_std_suite.ibm-not-wf-p85-ibm85n30.html"></testcase><testcase  name="ibm-not-wf-P85-ibm85n29" time="0.071811" timestamp="2012-11-19T15:53:53" log="/home/karl/tmp/otp_tests/logs/xmerl_test_logs/ct_run.ct@devbox.2012-11-19_15.49.06/tests.xmerl_test.logs/run.2012-11-19_15.49.40/xmerl_std_suite.ibm-not-wf-p85-ibm85n29.html"></testcase><testcase  name="ibm-not-wf-P85-ibm85n28" time="0.038800" timestamp="2012-11-19T15:53:53" log="/home/karl/tmp/otp_tests/logs/xmerl_test_logs/ct_run.ct@devbox.2012-11-19_15.49.06/tests.xmerl_test.logs/run.2012-11-19_15.49.40/xmerl_std_suite.ibm-not-wf-p85-ibm85n28.html"></testcase><testcase  name="ibm-not-wf-P85-ibm85n27" time="0.036663" timestamp="2012-11-19T15:53:53" log="/home/karl/tmp/otp_tests/logs/xmerl_test_logs/ct_run.ct@devbox.2012-11-19_15.49.06/tests.xmerl_test.logs/run.2012-11-19_15.49.40/xmerl_std_suite.ibm-not-wf-p85-ibm85n27.html"></testcase><testcase  name="ibm-not-wf-P85-ibm85n26" time="0.037019" timestamp="2012-11-19T15:53:53" log="/home/karl/tmp/otp_tests/logs/xmerl_test_logs/ct_run.ct@devbox.2012-11-19_15.49.06/tests.xmerl_test.logs/run.2012-11-19_15.49.40/xmerl_std_suite.ibm-not-wf-p85-ibm85n26.html"></testcase><testcase  name="ibm-not-wf-P85-ibm85n25" time="0.035420" timestamp="2012-11-19T15:53:53" log="/home/karl/tmp/otp_tests/logs/xmerl_test_logs/ct_run.ct@devbox.2012-11-19_15.49.06/tests.xmerl_test.logs/run.2012-11-19_15.49.40/xmerl_std_suite.ibm-not-wf-p85-ibm85n25.html"></testcase><testcase  name="ibm-not-wf-P85-ibm85n24" time="0.035963" timestamp="2012-11-19T15:53:53" log="/home/karl/tmp/otp_tests/logs/xmerl_test_logs/ct_run.ct@devbox.2012-11-19_15.49.06/tests.xmerl_test.logs/run.2012-11-19_15.49.40/xmerl_std_suite.ibm-not-wf-p85-ibm85n24.html"></testcase><testcase  name="ibm-not-wf-P85-ibm85n23" time="0.100011" timestamp="2012-11-19T15:53:53" log="/home/karl/tmp/otp_tests/logs/xmerl_test_logs/ct_run.ct@devbox.2012-11-19_15.49.06/tests.xmerl_test.logs/run.2012-11-19_15.49.40/xmerl_std_suite.ibm-not-wf-p85-ibm85n23.html"></testcase><testcase  name="ibm-not-wf-P85-ibm85n22" time="0.059895" timestamp="2012-11-19T15:53:54" log="/home/karl/tmp/otp_tests/logs/xmerl_test_logs/ct_run.ct@devbox.2012-11-19_15.49.06/tests.xmerl_test.logs/run.2012-11-19_15.49.40/xmerl_std_suite.ibm-not-wf-p85-ibm85n22.html"></testcase><testcase  name="ibm-not-wf-P85-ibm85n21" time="0.054505" timestamp="2012-11-19T15:53:54" log="/home/karl/tmp/otp_tests/logs/xmerl_test_logs/ct_run.ct@devbox.2012-11-19_15.49.06/tests.xmerl_test.logs/run.2012-11-19_15.49.40/xmerl_std_suite.ibm-not-wf-p85-ibm85n21.html"></testcase><testcase  name="ibm-not-wf-P85-ibm85n20" time="0.036239" timestamp="2012-11-19T15:53:54" log="/home/karl/tmp/otp_tests/logs/xmerl_test_logs/ct_run.ct@devbox.2012-11-19_15.49.06/tests.xmerl_test.logs/run.2012-11-19_15.49.40/xmerl_std_suite.ibm-not-wf-p85-ibm85n20.html"></testcase><testcase  name="ibm-not-wf-P85-ibm85n198" time="0.036758" timestamp="2012-11-19T15:53:54" log="/home/karl/tmp/otp_tests/logs/xmerl_test_logs/ct_run.ct@devbox.2012-11-19_15.49.06/tests.xmerl_test.logs/run.2012-11-19_15.49.40/xmerl_std_suite.ibm-not-wf-p85-ibm85n198.html"></testcase><testcase  name="ibm-not-wf-P85-ibm85n197" time="0.041826" timestamp="2012-11-19T15:53:54" log="/home/karl/tmp/otp_tests/logs/xmerl_test_logs/ct_run.ct@devbox.2012-11-19_15.49.06/tests.xmerl_test.logs/run.2012-11-19_15.49.40/xmerl_std_suite.ibm-not-wf-p85-ibm85n197.html"></testcase><testcase  name="ibm-not-wf-P85-ibm85n196" time="0.036217" timestamp="2012-11-19T15:53:54" log="/home/karl/tmp/otp_tests/logs/xmerl_test_logs/ct_run.ct@devbox.2012-11-19_15.49.06/tests.xmerl_test.logs/run.2012-11-19_15.49.40/xmerl_std_suite.ibm-not-wf-p85-ibm85n196.html"></testcase><testcase  name="ibm-not-wf-P85-ibm85n195" time="0.035090" timestamp="2012-11-19T15:53:54" log="/home/karl/tmp/otp_tests/logs/xmerl_test_logs/ct_run.ct@devbox.2012-11-19_15.49.06/tests.xmerl_test.logs/run.2012-11-19_15.49.40/xmerl_std_suite.ibm-not-wf-p85-ibm85n195.html"></testcase><testcase  name="ibm-not-wf-P85-ibm85n194" time="0.034589" timestamp="2012-11-19T15:53:54" log="/home/karl/tmp/otp_tests/logs/xmerl_test_logs/ct_run.ct@devbox.2012-11-19_15.49.06/tests.xmerl_test.logs/run.2012-11-19_15.49.40/xmerl_std_suite.ibm-not-wf-p85-ibm85n194.html"></testcase><testcase  name="ibm-not-wf-P85-ibm85n193" time="0.035755" timestamp="2012-11-19T15:53:54" log="/home/karl/tmp/otp_tests/logs/xmerl_test_logs/ct_run.ct@devbox.2012-11-19_15.49.06/tests.xmerl_test.logs/run.2012-11-19_15.49.40/xmerl_std_suite.ibm-not-wf-p85-ibm85n193.html"></testcase><testcase  name="ibm-not-wf-P85-ibm85n192" time="0.035893" timestamp="2012-11-19T15:53:54" log="/home/karl/tmp/otp_tests/logs/xmerl_test_logs/ct_run.ct@devbox.2012-11-19_15.49.06/tests.xmerl_test.logs/run.2012-11-19_15.49.40/xmerl_std_suite.ibm-not-wf-p85-ibm85n192.html"></testcase><testcase  name="ibm-not-wf-P85-ibm85n191" time="0.055471" timestamp="2012-11-19T15:53:55" log="/home/karl/tmp/otp_tests/logs/xmerl_test_logs/ct_run.ct@devbox.2012-11-19_15.49.06/tests.xmerl_test.logs/run.2012-11-19_15.49.40/xmerl_std_suite.ibm-not-wf-p85-ibm85n191.html"></testcase><testcase  name="ibm-not-wf-P85-ibm85n190" time="0.052938" timestamp="2012-11-19T15:53:55" log="/home/karl/tmp/otp_tests/logs/xmerl_test_logs/ct_run.ct@devbox.2012-11-19_15.49.06/tests.xmerl_test.logs/run.2012-11-19_15.49.40/xmerl_std_suite.ibm-not-wf-p85-ibm85n190.html"></testcase><testcase  name="ibm-not-wf-P85-ibm85n19" time="0.035929" timestamp="2012-11-19T15:53:55" log="/home/karl/tmp/otp_tests/logs/xmerl_test_logs/ct_run.ct@devbox.2012-11-19_15.49.06/tests.xmerl_test.logs/run.2012-11-19_15.49.40/xmerl_std_suite.ibm-not-wf-p85-ibm85n19.html"></testcase><testcase  name="ibm-not-wf-P85-ibm85n189" time="0.034579" timestamp="2012-11-19T15:53:55" log="/home/karl/tmp/otp_tests/logs/xmerl_test_logs/ct_run.ct@devbox.2012-11-19_15.49.06/tests.xmerl_test.logs/run.2012-11-19_15.49.40/xmerl_std_suite.ibm-not-wf-p85-ibm85n189.html"></testcase><testcase  name="ibm-not-wf-P85-ibm85n188" time="0.035945" timestamp="2012-11-19T15:53:55" log="/home/karl/tmp/otp_tests/logs/xmerl_test_logs/ct_run.ct@devbox.2012-11-19_15.49.06/tests.xmerl_test.logs/run.2012-11-19_15.49.40/xmerl_std_suite.ibm-not-wf-p85-ibm85n188.html"></testcase><testcase  name="ibm-not-wf-P85-ibm85n187" time="0.034521" timestamp="2012-11-19T15:53:55" log="/home/karl/tmp/otp_tests/logs/xmerl_test_logs/ct_run.ct@devbox.2012-11-19_15.49.06/tests.xmerl_test.logs/run.2012-11-19_15.49.40/xmerl_std_suite.ibm-not-wf-p85-ibm85n187.html"></testcase><testcase  name="ibm-not-wf-P85-ibm85n186" time="0.039750" timestamp="2012-11-19T15:53:55" log="/home/karl/tmp/otp_tests/logs/xmerl_test_logs/ct_run.ct@devbox.2012-11-19_15.49.06/tests.xmerl_test.logs/run.2012-11-19_15.49.40/xmerl_std_suite.ibm-not-wf-p85-ibm85n186.html"></testcase><testcase  name="ibm-not-wf-P85-ibm85n185" time="0.037469" timestamp="2012-11-19T15:53:55" log="/home/karl/tmp/otp_tests/logs/xmerl_test_logs/ct_run.ct@devbox.2012-11-19_15.49.06/tests.xmerl_test.logs/run.2012-11-19_15.49.40/xmerl_std_suite.ibm-not-wf-p85-ibm85n185.html"></testcase><testcase  name="ibm-not-wf-P85-ibm85n184" time="0.038157" timestamp="2012-11-19T15:53:55" log="/home/karl/tmp/otp_tests/logs/xmerl_test_logs/ct_run.ct@devbox.2012-11-19_15.49.06/tests.xmerl_test.logs/run.2012-11-19_15.49.40/xmerl_std_suite.ibm-not-wf-p85-ibm85n184.html"></testcase><testcase  name="ibm-not-wf-P85-ibm85n183" time="0.036810" timestamp="2012-11-19T15:53:55" log="/home/karl/tmp/otp_tests/logs/xmerl_test_logs/ct_run.ct@devbox.2012-11-19_15.49.06/tests.xmerl_test.logs/run.2012-11-19_15.49.40/xmerl_std_suite.ibm-not-wf-p85-ibm85n183.html"></testcase><testcase  name="ibm-not-wf-P85-ibm85n182" time="0.036526" timestamp="2012-11-19T15:53:56" log="/home/karl/tmp/otp_tests/logs/xmerl_test_logs/ct_run.ct@devbox.2012-11-19_15.49.06/tests.xmerl_test.logs/run.2012-11-19_15.49.40/xmerl_std_suite.ibm-not-wf-p85-ibm85n182.html"></testcase><testcase  name="ibm-not-wf-P85-ibm85n181" time="0.042084" timestamp="2012-11-19T15:53:56" log="/home/karl/tmp/otp_tests/logs/xmerl_test_logs/ct_run.ct@devbox.2012-11-19_15.49.06/tests.xmerl_test.logs/run.2012-11-19_15.49.40/xmerl_std_suite.ibm-not-wf-p85-ibm85n181.html"></testcase><testcase  name="ibm-not-wf-P85-ibm85n180" time="0.038523" timestamp="2012-11-19T15:53:56" log="/home/karl/tmp/otp_tests/logs/xmerl_test_logs/ct_run.ct@devbox.2012-11-19_15.49.06/tests.xmerl_test.logs/run.2012-11-19_15.49.40/xmerl_std_suite.ibm-not-wf-p85-ibm85n180.html"></testcase><testcase  name="ibm-not-wf-P85-ibm85n18" time="0.036255" timestamp="2012-11-19T15:53:56" log="/home/karl/tmp/otp_tests/logs/xmerl_test_logs/ct_run.ct@devbox.2012-11-19_15.49.06/tests.xmerl_test.logs/run.2012-11-19_15.49.40/xmerl_std_suite.ibm-not-wf-p85-ibm85n18.html"></testcase><testcase  name="ibm-not-wf-P85-ibm85n179" time="0.035773" timestamp="2012-11-19T15:53:56" log="/home/karl/tmp/otp_tests/logs/xmerl_test_logs/ct_run.ct@devbox.2012-11-19_15.49.06/tests.xmerl_test.logs/run.2012-11-19_15.49.40/xmerl_std_suite.ibm-not-wf-p85-ibm85n179.html"></testcase><testcase  name="ibm-not-wf-P85-ibm85n178" time="0.036552" timestamp="2012-11-19T15:53:56" log="/home/karl/tmp/otp_tests/logs/xmerl_test_logs/ct_run.ct@devbox.2012-11-19_15.49.06/tests.xmerl_test.logs/run.2012-11-19_15.49.40/xmerl_std_suite.ibm-not-wf-p85-ibm85n178.html"></testcase><testcase  name="ibm-not-wf-P85-ibm85n177" time="0.035051" timestamp="2012-11-19T15:53:56" log="/home/karl/tmp/otp_tests/logs/xmerl_test_logs/ct_run.ct@devbox.2012-11-19_15.49.06/tests.xmerl_test.logs/run.2012-11-19_15.49.40/xmerl_std_suite.ibm-not-wf-p85-ibm85n177.html"></testcase><testcase  name="ibm-not-wf-P85-ibm85n176" time="0.036587" timestamp="2012-11-19T15:53:56" log="/home/karl/tmp/otp_tests/logs/xmerl_test_logs/ct_run.ct@devbox.2012-11-19_15.49.06/tests.xmerl_test.logs/run.2012-11-19_15.49.40/xmerl_std_suite.ibm-not-wf-p85-ibm85n176.html"></testcase><testcase  name="ibm-not-wf-P85-ibm85n175" time="0.037327" timestamp="2012-11-19T15:53:56" log="/home/karl/tmp/otp_tests/logs/xmerl_test_logs/ct_run.ct@devbox.2012-11-19_15.49.06/tests.xmerl_test.logs/run.2012-11-19_15.49.40/xmerl_std_suite.ibm-not-wf-p85-ibm85n175.html"></testcase><testcase  name="ibm-not-wf-P85-ibm85n174" time="0.036505" timestamp="2012-11-19T15:53:56" log="/home/karl/tmp/otp_tests/logs/xmerl_test_logs/ct_run.ct@devbox.2012-11-19_15.49.06/tests.xmerl_test.logs/run.2012-11-19_15.49.40/xmerl_std_suite.ibm-not-wf-p85-ibm85n174.html"></testcase><testcase  name="ibm-not-wf-P85-ibm85n173" time="0.034585" timestamp="2012-11-19T15:53:56" log="/home/karl/tmp/otp_tests/logs/xmerl_test_logs/ct_run.ct@devbox.2012-11-19_15.49.06/tests.xmerl_test.logs/run.2012-11-19_15.49.40/xmerl_std_suite.ibm-not-wf-p85-ibm85n173.html"></testcase><testcase  name="ibm-not-wf-P85-ibm85n172" time="0.038294" timestamp="2012-11-19T15:53:57" log="/home/karl/tmp/otp_tests/logs/xmerl_test_logs/ct_run.ct@devbox.2012-11-19_15.49.06/tests.xmerl_test.logs/run.2012-11-19_15.49.40/xmerl_std_suite.ibm-not-wf-p85-ibm85n172.html"></testcase><testcase  name="ibm-not-wf-P85-ibm85n171" time="0.052416" timestamp="2012-11-19T15:53:57" log="/home/karl/tmp/otp_tests/logs/xmerl_test_logs/ct_run.ct@devbox.2012-11-19_15.49.06/tests.xmerl_test.logs/run.2012-11-19_15.49.40/xmerl_std_suite.ibm-not-wf-p85-ibm85n171.html"></testcase><testcase  name="ibm-not-wf-P85-ibm85n170" time="0.044090" timestamp="2012-11-19T15:53:57" log="/home/karl/tmp/otp_tests/logs/xmerl_test_logs/ct_run.ct@devbox.2012-11-19_15.49.06/tests.xmerl_test.logs/run.2012-11-19_15.49.40/xmerl_std_suite.ibm-not-wf-p85-ibm85n170.html"></testcase><testcase  name="ibm-not-wf-P85-ibm85n17" time="0.034826" timestamp="2012-11-19T15:53:57" log="/home/karl/tmp/otp_tests/logs/xmerl_test_logs/ct_run.ct@devbox.2012-11-19_15.49.06/tests.xmerl_test.logs/run.2012-11-19_15.49.40/xmerl_std_suite.ibm-not-wf-p85-ibm85n17.html"></testcase><testcase  name="ibm-not-wf-P85-ibm85n169" time="0.035391" timestamp="2012-11-19T15:53:57" log="/home/karl/tmp/otp_tests/logs/xmerl_test_logs/ct_run.ct@devbox.2012-11-19_15.49.06/tests.xmerl_test.logs/run.2012-11-19_15.49.40/xmerl_std_suite.ibm-not-wf-p85-ibm85n169.html"></testcase><testcase  name="ibm-not-wf-P85-ibm85n168" time="0.036460" timestamp="2012-11-19T15:53:57" log="/home/karl/tmp/otp_tests/logs/xmerl_test_logs/ct_run.ct@devbox.2012-11-19_15.49.06/tests.xmerl_test.logs/run.2012-11-19_15.49.40/xmerl_std_suite.ibm-not-wf-p85-ibm85n168.html"></testcase><testcase  name="ibm-not-wf-P85-ibm85n167" time="0.036784" timestamp="2012-11-19T15:53:57" log="/home/karl/tmp/otp_tests/logs/xmerl_test_logs/ct_run.ct@devbox.2012-11-19_15.49.06/tests.xmerl_test.logs/run.2012-11-19_15.49.40/xmerl_std_suite.ibm-not-wf-p85-ibm85n167.html"></testcase><testcase  name="ibm-not-wf-P85-ibm85n166" time="0.051380" timestamp="2012-11-19T15:53:57" log="/home/karl/tmp/otp_tests/logs/xmerl_test_logs/ct_run.ct@devbox.2012-11-19_15.49.06/tests.xmerl_test.logs/run.2012-11-19_15.49.40/xmerl_std_suite.ibm-not-wf-p85-ibm85n166.html"></testcase><testcase  name="ibm-not-wf-P85-ibm85n165" time="0.044090" timestamp="2012-11-19T15:53:57" log="/home/karl/tmp/otp_tests/logs/xmerl_test_logs/ct_run.ct@devbox.2012-11-19_15.49.06/tests.xmerl_test.logs/run.2012-11-19_15.49.40/xmerl_std_suite.ibm-not-wf-p85-ibm85n165.html"></testcase><testcase  name="ibm-not-wf-P85-ibm85n164" time="0.035618" timestamp="2012-11-19T15:53:58" log="/home/karl/tmp/otp_tests/logs/xmerl_test_logs/ct_run.ct@devbox.2012-11-19_15.49.06/tests.xmerl_test.logs/run.2012-11-19_15.49.40/xmerl_std_suite.ibm-not-wf-p85-ibm85n164.html"></testcase><testcase  name="ibm-not-wf-P85-ibm85n163" time="0.035037" timestamp="2012-11-19T15:53:58" log="/home/karl/tmp/otp_tests/logs/xmerl_test_logs/ct_run.ct@devbox.2012-11-19_15.49.06/tests.xmerl_test.logs/run.2012-11-19_15.49.40/xmerl_std_suite.ibm-not-wf-p85-ibm85n163.html"></testcase><testcase  name="ibm-not-wf-P85-ibm85n162" time="0.051945" timestamp="2012-11-19T15:53:58" log="/home/karl/tmp/otp_tests/logs/xmerl_test_logs/ct_run.ct@devbox.2012-11-19_15.49.06/tests.xmerl_test.logs/run.2012-11-19_15.49.40/xmerl_std_suite.ibm-not-wf-p85-ibm85n162.html"></testcase><testcase  name="ibm-not-wf-P85-ibm85n161" time="0.035530" timestamp="2012-11-19T15:53:58" log="/home/karl/tmp/otp_tests/logs/xmerl_test_logs/ct_run.ct@devbox.2012-11-19_15.49.06/tests.xmerl_test.logs/run.2012-11-19_15.49.40/xmerl_std_suite.ibm-not-wf-p85-ibm85n161.html"></testcase><testcase  name="ibm-not-wf-P85-ibm85n160" time="0.035988" timestamp="2012-11-19T15:53:58" log="/home/karl/tmp/otp_tests/logs/xmerl_test_logs/ct_run.ct@devbox.2012-11-19_15.49.06/tests.xmerl_test.logs/run.2012-11-19_15.49.40/xmerl_std_suite.ibm-not-wf-p85-ibm85n160.html"></testcase><testcase  name="ibm-not-wf-P85-ibm85n16" time="0.039476" timestamp="2012-11-19T15:53:58" log="/home/karl/tmp/otp_tests/logs/xmerl_test_logs/ct_run.ct@devbox.2012-11-19_15.49.06/tests.xmerl_test.logs/run.2012-11-19_15.49.40/xmerl_std_suite.ibm-not-wf-p85-ibm85n16.html"></testcase><testcase  name="ibm-not-wf-P85-ibm85n159" time="0.037646" timestamp="2012-11-19T15:53:58" log="/home/karl/tmp/otp_tests/logs/xmerl_test_logs/ct_run.ct@devbox.2012-11-19_15.49.06/tests.xmerl_test.logs/run.2012-11-19_15.49.40/xmerl_std_suite.ibm-not-wf-p85-ibm85n159.html"></testcase><testcase  name="ibm-not-wf-P85-ibm85n158" time="0.035833" timestamp="2012-11-19T15:53:58" log="/home/karl/tmp/otp_tests/logs/xmerl_test_logs/ct_run.ct@devbox.2012-11-19_15.49.06/tests.xmerl_test.logs/run.2012-11-19_15.49.40/xmerl_std_suite.ibm-not-wf-p85-ibm85n158.html"></testcase><testcase  name="ibm-not-wf-P85-ibm85n157" time="0.035710" timestamp="2012-11-19T15:53:58" log="/home/karl/tmp/otp_tests/logs/xmerl_test_logs/ct_run.ct@devbox.2012-11-19_15.49.06/tests.xmerl_test.logs/run.2012-11-19_15.49.40/xmerl_std_suite.ibm-not-wf-p85-ibm85n157.html"></testcase><testcase  name="ibm-not-wf-P85-ibm85n156" time="0.035604" timestamp="2012-11-19T15:53:58" log="/home/karl/tmp/otp_tests/logs/xmerl_test_logs/ct_run.ct@devbox.2012-11-19_15.49.06/tests.xmerl_test.logs/run.2012-11-19_15.49.40/xmerl_std_suite.ibm-not-wf-p85-ibm85n156.html"></testcase><testcase  name="ibm-not-wf-P85-ibm85n155" time="0.070758" timestamp="2012-11-19T15:53:58" log="/home/karl/tmp/otp_tests/logs/xmerl_test_logs/ct_run.ct@devbox.2012-11-19_15.49.06/tests.xmerl_test.logs/run.2012-11-19_15.49.40/xmerl_std_suite.ibm-not-wf-p85-ibm85n155.html"></testcase><testcase  name="ibm-not-wf-P85-ibm85n154" time="0.058609" timestamp="2012-11-19T15:53:59" log="/home/karl/tmp/otp_tests/logs/xmerl_test_logs/ct_run.ct@devbox.2012-11-19_15.49.06/tests.xmerl_test.logs/run.2012-11-19_15.49.40/xmerl_std_suite.ibm-not-wf-p85-ibm85n154.html"></testcase><testcase  name="ibm-not-wf-P85-ibm85n153" time="0.039996" timestamp="2012-11-19T15:53:59" log="/home/karl/tmp/otp_tests/logs/xmerl_test_logs/ct_run.ct@devbox.2012-11-19_15.49.06/tests.xmerl_test.logs/run.2012-11-19_15.49.40/xmerl_std_suite.ibm-not-wf-p85-ibm85n153.html"></testcase><testcase  name="ibm-not-wf-P85-ibm85n152" time="0.036494" timestamp="2012-11-19T15:53:59" log="/home/karl/tmp/otp_tests/logs/xmerl_test_logs/ct_run.ct@devbox.2012-11-19_15.49.06/tests.xmerl_test.logs/run.2012-11-19_15.49.40/xmerl_std_suite.ibm-not-wf-p85-ibm85n152.html"></testcase><testcase  name="ibm-not-wf-P85-ibm85n151" time="0.035786" timestamp="2012-11-19T15:53:59" log="/home/karl/tmp/otp_tests/logs/xmerl_test_logs/ct_run.ct@devbox.2012-11-19_15.49.06/tests.xmerl_test.logs/run.2012-11-19_15.49.40/xmerl_std_suite.ibm-not-wf-p85-ibm85n151.html"></testcase><testcase  name="ibm-not-wf-P85-ibm85n150" time="0.034346" timestamp="2012-11-19T15:53:59" log="/home/karl/tmp/otp_tests/logs/xmerl_test_logs/ct_run.ct@devbox.2012-11-19_15.49.06/tests.xmerl_test.logs/run.2012-11-19_15.49.40/xmerl_std_suite.ibm-not-wf-p85-ibm85n150.html"></testcase><testcase  name="ibm-not-wf-P85-ibm85n15" time="0.042305" timestamp="2012-11-19T15:53:59" log="/home/karl/tmp/otp_tests/logs/xmerl_test_logs/ct_run.ct@devbox.2012-11-19_15.49.06/tests.xmerl_test.logs/run.2012-11-19_15.49.40/xmerl_std_suite.ibm-not-wf-p85-ibm85n15.html"></testcase><testcase  name="ibm-not-wf-P85-ibm85n149" time="0.035521" timestamp="2012-11-19T15:53:59" log="/home/karl/tmp/otp_tests/logs/xmerl_test_logs/ct_run.ct@devbox.2012-11-19_15.49.06/tests.xmerl_test.logs/run.2012-11-19_15.49.40/xmerl_std_suite.ibm-not-wf-p85-ibm85n149.html"></testcase><testcase  name="ibm-not-wf-P85-ibm85n148" time="0.035513" timestamp="2012-11-19T15:53:59" log="/home/karl/tmp/otp_tests/logs/xmerl_test_logs/ct_run.ct@devbox.2012-11-19_15.49.06/tests.xmerl_test.logs/run.2012-11-19_15.49.40/xmerl_std_suite.ibm-not-wf-p85-ibm85n148.html"></testcase><testcase  name="ibm-not-wf-P85-ibm85n147" time="0.036446" timestamp="2012-11-19T15:53:59" log="/home/karl/tmp/otp_tests/logs/xmerl_test_logs/ct_run.ct@devbox.2012-11-19_15.49.06/tests.xmerl_test.logs/run.2012-11-19_15.49.40/xmerl_std_suite.ibm-not-wf-p85-ibm85n147.html"></testcase><testcase  name="ibm-not-wf-P85-ibm85n146" time="0.037088" timestamp="2012-11-19T15:53:59" log="/home/karl/tmp/otp_tests/logs/xmerl_test_logs/ct_run.ct@devbox.2012-11-19_15.49.06/tests.xmerl_test.logs/run.2012-11-19_15.49.40/xmerl_std_suite.ibm-not-wf-p85-ibm85n146.html"></testcase><testcase  name="ibm-not-wf-P85-ibm85n145" time="0.034907" timestamp="2012-11-19T15:54:00" log="/home/karl/tmp/otp_tests/logs/xmerl_test_logs/ct_run.ct@devbox.2012-11-19_15.49.06/tests.xmerl_test.logs/run.2012-11-19_15.49.40/xmerl_std_suite.ibm-not-wf-p85-ibm85n145.html"></testcase><testcase  name="ibm-not-wf-P85-ibm85n144" time="0.044485" timestamp="2012-11-19T15:54:00" log="/home/karl/tmp/otp_tests/logs/xmerl_test_logs/ct_run.ct@devbox.2012-11-19_15.49.06/tests.xmerl_test.logs/run.2012-11-19_15.49.40/xmerl_std_suite.ibm-not-wf-p85-ibm85n144.html"></testcase><testcase  name="ibm-not-wf-P85-ibm85n143" time="0.036521" timestamp="2012-11-19T15:54:00" log="/home/karl/tmp/otp_tests/logs/xmerl_test_logs/ct_run.ct@devbox.2012-11-19_15.49.06/tests.xmerl_test.logs/run.2012-11-19_15.49.40/xmerl_std_suite.ibm-not-wf-p85-ibm85n143.html"></testcase><testcase  name="ibm-not-wf-P85-ibm85n142" time="0.037457" timestamp="2012-11-19T15:54:00" log="/home/karl/tmp/otp_tests/logs/xmerl_test_logs/ct_run.ct@devbox.2012-11-19_15.49.06/tests.xmerl_test.logs/run.2012-11-19_15.49.40/xmerl_std_suite.ibm-not-wf-p85-ibm85n142.html"></testcase><testcase  name="ibm-not-wf-P85-ibm85n141" time="0.038342" timestamp="2012-11-19T15:54:00" log="/home/karl/tmp/otp_tests/logs/xmerl_test_logs/ct_run.ct@devbox.2012-11-19_15.49.06/tests.xmerl_test.logs/run.2012-11-19_15.49.40/xmerl_std_suite.ibm-not-wf-p85-ibm85n141.html"></testcase><testcase  name="ibm-not-wf-P85-ibm85n140" time="0.038914" timestamp="2012-11-19T15:54:00" log="/home/karl/tmp/otp_tests/logs/xmerl_test_logs/ct_run.ct@devbox.2012-11-19_15.49.06/tests.xmerl_test.logs/run.2012-11-19_15.49.40/xmerl_std_suite.ibm-not-wf-p85-ibm85n140.html"></testcase><testcase  name="ibm-not-wf-P85-ibm85n14" time="0.038080" timestamp="2012-11-19T15:54:00" log="/home/karl/tmp/otp_tests/logs/xmerl_test_logs/ct_run.ct@devbox.2012-11-19_15.49.06/tests.xmerl_test.logs/run.2012-11-19_15.49.40/xmerl_std_suite.ibm-not-wf-p85-ibm85n14.html"></testcase><testcase  name="ibm-not-wf-P85-ibm85n139" time="0.041550" timestamp="2012-11-19T15:54:00" log="/home/karl/tmp/otp_tests/logs/xmerl_test_logs/ct_run.ct@devbox.2012-11-19_15.49.06/tests.xmerl_test.logs/run.2012-11-19_15.49.40/xmerl_std_suite.ibm-not-wf-p85-ibm85n139.html"></testcase><testcase  name="ibm-not-wf-P85-ibm85n138" time="0.038243" timestamp="2012-11-19T15:54:00" log="/home/karl/tmp/otp_tests/logs/xmerl_test_logs/ct_run.ct@devbox.2012-11-19_15.49.06/tests.xmerl_test.logs/run.2012-11-19_15.49.40/xmerl_std_suite.ibm-not-wf-p85-ibm85n138.html"></testcase><testcase  name="ibm-not-wf-P85-ibm85n137" time="0.037030" timestamp="2012-11-19T15:54:00" log="/home/karl/tmp/otp_tests/logs/xmerl_test_logs/ct_run.ct@devbox.2012-11-19_15.49.06/tests.xmerl_test.logs/run.2012-11-19_15.49.40/xmerl_std_suite.ibm-not-wf-p85-ibm85n137.html"></testcase><testcase  name="ibm-not-wf-P85-ibm85n136" time="0.037291" timestamp="2012-11-19T15:54:01" log="/home/karl/tmp/otp_tests/logs/xmerl_test_logs/ct_run.ct@devbox.2012-11-19_15.49.06/tests.xmerl_test.logs/run.2012-11-19_15.49.40/xmerl_std_suite.ibm-not-wf-p85-ibm85n136.html"></testcase><testcase  name="ibm-not-wf-P85-ibm85n135" time="0.047085" timestamp="2012-11-19T15:54:01" log="/home/karl/tmp/otp_tests/logs/xmerl_test_logs/ct_run.ct@devbox.2012-11-19_15.49.06/tests.xmerl_test.logs/run.2012-11-19_15.49.40/xmerl_std_suite.ibm-not-wf-p85-ibm85n135.html"></testcase><testcase  name="ibm-not-wf-P85-ibm85n134" time="0.045038" timestamp="2012-11-19T15:54:01" log="/home/karl/tmp/otp_tests/logs/xmerl_test_logs/ct_run.ct@devbox.2012-11-19_15.49.06/tests.xmerl_test.logs/run.2012-11-19_15.49.40/xmerl_std_suite.ibm-not-wf-p85-ibm85n134.html"></testcase><testcase  name="ibm-not-wf-P85-ibm85n133" time="0.038347" timestamp="2012-11-19T15:54:01" log="/home/karl/tmp/otp_tests/logs/xmerl_test_logs/ct_run.ct@devbox.2012-11-19_15.49.06/tests.xmerl_test.logs/run.2012-11-19_15.49.40/xmerl_std_suite.ibm-not-wf-p85-ibm85n133.html"></testcase><testcase  name="ibm-not-wf-P85-ibm85n132" time="0.037953" timestamp="2012-11-19T15:54:01" log="/home/karl/tmp/otp_tests/logs/xmerl_test_logs/ct_run.ct@devbox.2012-11-19_15.49.06/tests.xmerl_test.logs/run.2012-11-19_15.49.40/xmerl_std_suite.ibm-not-wf-p85-ibm85n132.html"></testcase><testcase  name="ibm-not-wf-P85-ibm85n131" time="0.039437" timestamp="2012-11-19T15:54:01" log="/home/karl/tmp/otp_tests/logs/xmerl_test_logs/ct_run.ct@devbox.2012-11-19_15.49.06/tests.xmerl_test.logs/run.2012-11-19_15.49.40/xmerl_std_suite.ibm-not-wf-p85-ibm85n131.html"></testcase><testcase  name="ibm-not-wf-P85-ibm85n130" time="0.037035" timestamp="2012-11-19T15:54:01" log="/home/karl/tmp/otp_tests/logs/xmerl_test_logs/ct_run.ct@devbox.2012-11-19_15.49.06/tests.xmerl_test.logs/run.2012-11-19_15.49.40/xmerl_std_suite.ibm-not-wf-p85-ibm85n130.html"></testcase><testcase  name="ibm-not-wf-P85-ibm85n13" time="0.037629" timestamp="2012-11-19T15:54:01" log="/home/karl/tmp/otp_tests/logs/xmerl_test_logs/ct_run.ct@devbox.2012-11-19_15.49.06/tests.xmerl_test.logs/run.2012-11-19_15.49.40/xmerl_std_suite.ibm-not-wf-p85-ibm85n13.html"></testcase><testcase  name="ibm-not-wf-P85-ibm85n129" time="0.043237" timestamp="2012-11-19T15:54:01" log="/home/karl/tmp/otp_tests/logs/xmerl_test_logs/ct_run.ct@devbox.2012-11-19_15.49.06/tests.xmerl_test.logs/run.2012-11-19_15.49.40/xmerl_std_suite.ibm-not-wf-p85-ibm85n129.html"></testcase><testcase  name="ibm-not-wf-P85-ibm85n128" time="0.040227" timestamp="2012-11-19T15:54:01" log="/home/karl/tmp/otp_tests/logs/xmerl_test_logs/ct_run.ct@devbox.2012-11-19_15.49.06/tests.xmerl_test.logs/run.2012-11-19_15.49.40/xmerl_std_suite.ibm-not-wf-p85-ibm85n128.html"></testcase><testcase  name="ibm-not-wf-P85-ibm85n127" time="0.040828" timestamp="2012-11-19T15:54:02" log="/home/karl/tmp/otp_tests/logs/xmerl_test_logs/ct_run.ct@devbox.2012-11-19_15.49.06/tests.xmerl_test.logs/run.2012-11-19_15.49.40/xmerl_std_suite.ibm-not-wf-p85-ibm85n127.html"></testcase><testcase  name="ibm-not-wf-P85-ibm85n126" time="0.047021" timestamp="2012-11-19T15:54:02" log="/home/karl/tmp/otp_tests/logs/xmerl_test_logs/ct_run.ct@devbox.2012-11-19_15.49.06/tests.xmerl_test.logs/run.2012-11-19_15.49.40/xmerl_std_suite.ibm-not-wf-p85-ibm85n126.html"></testcase><testcase  name="ibm-not-wf-P85-ibm85n125" time="0.040600" timestamp="2012-11-19T15:54:02" log="/home/karl/tmp/otp_tests/logs/xmerl_test_logs/ct_run.ct@devbox.2012-11-19_15.49.06/tests.xmerl_test.logs/run.2012-11-19_15.49.40/xmerl_std_suite.ibm-not-wf-p85-ibm85n125.html"></testcase><testcase  name="ibm-not-wf-P85-ibm85n124" time="0.038219" timestamp="2012-11-19T15:54:02" log="/home/karl/tmp/otp_tests/logs/xmerl_test_logs/ct_run.ct@devbox.2012-11-19_15.49.06/tests.xmerl_test.logs/run.2012-11-19_15.49.40/xmerl_std_suite.ibm-not-wf-p85-ibm85n124.html"></testcase><testcase  name="ibm-not-wf-P85-ibm85n123" time="0.040603" timestamp="2012-11-19T15:54:02" log="/home/karl/tmp/otp_tests/logs/xmerl_test_logs/ct_run.ct@devbox.2012-11-19_15.49.06/tests.xmerl_test.logs/run.2012-11-19_15.49.40/xmerl_std_suite.ibm-not-wf-p85-ibm85n123.html"></testcase><testcase  name="ibm-not-wf-P85-ibm85n122" time="0.038633" timestamp="2012-11-19T15:54:02" log="/home/karl/tmp/otp_tests/logs/xmerl_test_logs/ct_run.ct@devbox.2012-11-19_15.49.06/tests.xmerl_test.logs/run.2012-11-19_15.49.40/xmerl_std_suite.ibm-not-wf-p85-ibm85n122.html"></testcase><testcase  name="ibm-not-wf-P85-ibm85n121" time="0.037309" timestamp="2012-11-19T15:54:02" log="/home/karl/tmp/otp_tests/logs/xmerl_test_logs/ct_run.ct@devbox.2012-11-19_15.49.06/tests.xmerl_test.logs/run.2012-11-19_15.49.40/xmerl_std_suite.ibm-not-wf-p85-ibm85n121.html"></testcase><testcase  name="ibm-not-wf-P85-ibm85n120" time="0.039629" timestamp="2012-11-19T15:54:02" log="/home/karl/tmp/otp_tests/logs/xmerl_test_logs/ct_run.ct@devbox.2012-11-19_15.49.06/tests.xmerl_test.logs/run.2012-11-19_15.49.40/xmerl_std_suite.ibm-not-wf-p85-ibm85n120.html"></testcase><testcase  name="ibm-not-wf-P85-ibm85n12" time="0.042068" timestamp="2012-11-19T15:54:02" log="/home/karl/tmp/otp_tests/logs/xmerl_test_logs/ct_run.ct@devbox.2012-11-19_15.49.06/tests.xmerl_test.logs/run.2012-11-19_15.49.40/xmerl_std_suite.ibm-not-wf-p85-ibm85n12.html"></testcase><testcase  name="ibm-not-wf-P85-ibm85n119" time="0.041805" timestamp="2012-11-19T15:54:02" log="/home/karl/tmp/otp_tests/logs/xmerl_test_logs/ct_run.ct@devbox.2012-11-19_15.49.06/tests.xmerl_test.logs/run.2012-11-19_15.49.40/xmerl_std_suite.ibm-not-wf-p85-ibm85n119.html"></testcase><testcase  name="ibm-not-wf-P85-ibm85n118" time="0.047467" timestamp="2012-11-19T15:54:03" log="/home/karl/tmp/otp_tests/logs/xmerl_test_logs/ct_run.ct@devbox.2012-11-19_15.49.06/tests.xmerl_test.logs/run.2012-11-19_15.49.40/xmerl_std_suite.ibm-not-wf-p85-ibm85n118.html"></testcase><testcase  name="ibm-not-wf-P85-ibm85n117" time="0.060176" timestamp="2012-11-19T15:54:03" log="/home/karl/tmp/otp_tests/logs/xmerl_test_logs/ct_run.ct@devbox.2012-11-19_15.49.06/tests.xmerl_test.logs/run.2012-11-19_15.49.40/xmerl_std_suite.ibm-not-wf-p85-ibm85n117.html"></testcase><testcase  name="ibm-not-wf-P85-ibm85n116" time="0.081363" timestamp="2012-11-19T15:54:03" log="/home/karl/tmp/otp_tests/logs/xmerl_test_logs/ct_run.ct@devbox.2012-11-19_15.49.06/tests.xmerl_test.logs/run.2012-11-19_15.49.40/xmerl_std_suite.ibm-not-wf-p85-ibm85n116.html"></testcase><testcase  name="ibm-not-wf-P85-ibm85n115" time="0.042911" timestamp="2012-11-19T15:54:03" log="/home/karl/tmp/otp_tests/logs/xmerl_test_logs/ct_run.ct@devbox.2012-11-19_15.49.06/tests.xmerl_test.logs/run.2012-11-19_15.49.40/xmerl_std_suite.ibm-not-wf-p85-ibm85n115.html"></testcase><testcase  name="ibm-not-wf-P85-ibm85n114" time="0.036035" timestamp="2012-11-19T15:54:03" log="/home/karl/tmp/otp_tests/logs/xmerl_test_logs/ct_run.ct@devbox.2012-11-19_15.49.06/tests.xmerl_test.logs/run.2012-11-19_15.49.40/xmerl_std_suite.ibm-not-wf-p85-ibm85n114.html"></testcase><testcase  name="ibm-not-wf-P85-ibm85n113" time="0.170239" timestamp="2012-11-19T15:54:03" log="/home/karl/tmp/otp_tests/logs/xmerl_test_logs/ct_run.ct@devbox.2012-11-19_15.49.06/tests.xmerl_test.logs/run.2012-11-19_15.49.40/xmerl_std_suite.ibm-not-wf-p85-ibm85n113.html"></testcase><testcase  name="ibm-not-wf-P85-ibm85n112" time="0.039157" timestamp="2012-11-19T15:54:03" log="/home/karl/tmp/otp_tests/logs/xmerl_test_logs/ct_run.ct@devbox.2012-11-19_15.49.06/tests.xmerl_test.logs/run.2012-11-19_15.49.40/xmerl_std_suite.ibm-not-wf-p85-ibm85n112.html"></testcase><testcase  name="ibm-not-wf-P85-ibm85n111" time="0.085044" timestamp="2012-11-19T15:54:04" log="/home/karl/tmp/otp_tests/logs/xmerl_test_logs/ct_run.ct@devbox.2012-11-19_15.49.06/tests.xmerl_test.logs/run.2012-11-19_15.49.40/xmerl_std_suite.ibm-not-wf-p85-ibm85n111.html"></testcase><testcase  name="ibm-not-wf-P85-ibm85n110" time="0.041291" timestamp="2012-11-19T15:54:04" log="/home/karl/tmp/otp_tests/logs/xmerl_test_logs/ct_run.ct@devbox.2012-11-19_15.49.06/tests.xmerl_test.logs/run.2012-11-19_15.49.40/xmerl_std_suite.ibm-not-wf-p85-ibm85n110.html"></testcase><testcase  name="ibm-not-wf-P85-ibm85n11" time="0.079254" timestamp="2012-11-19T15:54:04" log="/home/karl/tmp/otp_tests/logs/xmerl_test_logs/ct_run.ct@devbox.2012-11-19_15.49.06/tests.xmerl_test.logs/run.2012-11-19_15.49.40/xmerl_std_suite.ibm-not-wf-p85-ibm85n11.html"></testcase><testcase  name="ibm-not-wf-P85-ibm85n109" time="0.058730" timestamp="2012-11-19T15:54:04" log="/home/karl/tmp/otp_tests/logs/xmerl_test_logs/ct_run.ct@devbox.2012-11-19_15.49.06/tests.xmerl_test.logs/run.2012-11-19_15.49.40/xmerl_std_suite.ibm-not-wf-p85-ibm85n109.html"></testcase><testcase  name="ibm-not-wf-P85-ibm85n108" time="0.043481" timestamp="2012-11-19T15:54:04" log="/home/karl/tmp/otp_tests/logs/xmerl_test_logs/ct_run.ct@devbox.2012-11-19_15.49.06/tests.xmerl_test.logs/run.2012-11-19_15.49.40/xmerl_std_suite.ibm-not-wf-p85-ibm85n108.html"></testcase><testcase  name="ibm-not-wf-P85-ibm85n107" time="0.038454" timestamp="2012-11-19T15:54:04" log="/home/karl/tmp/otp_tests/logs/xmerl_test_logs/ct_run.ct@devbox.2012-11-19_15.49.06/tests.xmerl_test.logs/run.2012-11-19_15.49.40/xmerl_std_suite.ibm-not-wf-p85-ibm85n107.html"></testcase><testcase  name="ibm-not-wf-P85-ibm85n106" time="0.037697" timestamp="2012-11-19T15:54:04" log="/home/karl/tmp/otp_tests/logs/xmerl_test_logs/ct_run.ct@devbox.2012-11-19_15.49.06/tests.xmerl_test.logs/run.2012-11-19_15.49.40/xmerl_std_suite.ibm-not-wf-p85-ibm85n106.html"></testcase><testcase  name="ibm-not-wf-P85-ibm85n105" time="0.036794" timestamp="2012-11-19T15:54:04" log="/home/karl/tmp/otp_tests/logs/xmerl_test_logs/ct_run.ct@devbox.2012-11-19_15.49.06/tests.xmerl_test.logs/run.2012-11-19_15.49.40/xmerl_std_suite.ibm-not-wf-p85-ibm85n105.html"></testcase><testcase  name="ibm-not-wf-P85-ibm85n104" time="0.038579" timestamp="2012-11-19T15:54:04" log="/home/karl/tmp/otp_tests/logs/xmerl_test_logs/ct_run.ct@devbox.2012-11-19_15.49.06/tests.xmerl_test.logs/run.2012-11-19_15.49.40/xmerl_std_suite.ibm-not-wf-p85-ibm85n104.html"></testcase><testcase  name="ibm-not-wf-P85-ibm85n103" time="0.046347" timestamp="2012-11-19T15:54:05" log="/home/karl/tmp/otp_tests/logs/xmerl_test_logs/ct_run.ct@devbox.2012-11-19_15.49.06/tests.xmerl_test.logs/run.2012-11-19_15.49.40/xmerl_std_suite.ibm-not-wf-p85-ibm85n103.html"></testcase><testcase  name="ibm-not-wf-P85-ibm85n102" time="0.063641" timestamp="2012-11-19T15:54:05" log="/home/karl/tmp/otp_tests/logs/xmerl_test_logs/ct_run.ct@devbox.2012-11-19_15.49.06/tests.xmerl_test.logs/run.2012-11-19_15.49.40/xmerl_std_suite.ibm-not-wf-p85-ibm85n102.html"></testcase><testcase  name="ibm-not-wf-P85-ibm85n101" time="0.056047" timestamp="2012-11-19T15:54:05" log="/home/karl/tmp/otp_tests/logs/xmerl_test_logs/ct_run.ct@devbox.2012-11-19_15.49.06/tests.xmerl_test.logs/run.2012-11-19_15.49.40/xmerl_std_suite.ibm-not-wf-p85-ibm85n101.html"></testcase><testcase  name="ibm-not-wf-P85-ibm85n100" time="0.043782" timestamp="2012-11-19T15:54:05" log="/home/karl/tmp/otp_tests/logs/xmerl_test_logs/ct_run.ct@devbox.2012-11-19_15.49.06/tests.xmerl_test.logs/run.2012-11-19_15.49.40/xmerl_std_suite.ibm-not-wf-p85-ibm85n100.html"></testcase><testcase  name="ibm-not-wf-P85-ibm85n10" time="0.035116" timestamp="2012-11-19T15:54:05" log="/home/karl/tmp/otp_tests/logs/xmerl_test_logs/ct_run.ct@devbox.2012-11-19_15.49.06/tests.xmerl_test.logs/run.2012-11-19_15.49.40/xmerl_std_suite.ibm-not-wf-p85-ibm85n10.html"></testcase><testcase  name="ibm-not-wf-P85-ibm85n09" time="0.036664" timestamp="2012-11-19T15:54:05" log="/home/karl/tmp/otp_tests/logs/xmerl_test_logs/ct_run.ct@devbox.2012-11-19_15.49.06/tests.xmerl_test.logs/run.2012-11-19_15.49.40/xmerl_std_suite.ibm-not-wf-p85-ibm85n09.html"></testcase><testcase  name="ibm-not-wf-P85-ibm85n08" time="0.035721" timestamp="2012-11-19T15:54:05" log="/home/karl/tmp/otp_tests/logs/xmerl_test_logs/ct_run.ct@devbox.2012-11-19_15.49.06/tests.xmerl_test.logs/run.2012-11-19_15.49.40/xmerl_std_suite.ibm-not-wf-p85-ibm85n08.html"></testcase><testcase  name="ibm-not-wf-P85-ibm85n07" time="0.041818" timestamp="2012-11-19T15:54:05" log="/home/karl/tmp/otp_tests/logs/xmerl_test_logs/ct_run.ct@devbox.2012-11-19_15.49.06/tests.xmerl_test.logs/run.2012-11-19_15.49.40/xmerl_std_suite.ibm-not-wf-p85-ibm85n07.html"></testcase><testcase  name="ibm-not-wf-P85-ibm85n06" time="0.074249" timestamp="2012-11-19T15:54:05" log="/home/karl/tmp/otp_tests/logs/xmerl_test_logs/ct_run.ct@devbox.2012-11-19_15.49.06/tests.xmerl_test.logs/run.2012-11-19_15.49.40/xmerl_std_suite.ibm-not-wf-p85-ibm85n06.html"></testcase><testcase  name="ibm-not-wf-P85-ibm85n05" time="0.047114" timestamp="2012-11-19T15:54:06" log="/home/karl/tmp/otp_tests/logs/xmerl_test_logs/ct_run.ct@devbox.2012-11-19_15.49.06/tests.xmerl_test.logs/run.2012-11-19_15.49.40/xmerl_std_suite.ibm-not-wf-p85-ibm85n05.html"></testcase><testcase  name="ibm-not-wf-P85-ibm85n04" time="0.046858" timestamp="2012-11-19T15:54:06" log="/home/karl/tmp/otp_tests/logs/xmerl_test_logs/ct_run.ct@devbox.2012-11-19_15.49.06/tests.xmerl_test.logs/run.2012-11-19_15.49.40/xmerl_std_suite.ibm-not-wf-p85-ibm85n04.html"></testcase><testcase  name="ibm-not-wf-P85-ibm85n03" time="0.036214" timestamp="2012-11-19T15:54:06" log="/home/karl/tmp/otp_tests/logs/xmerl_test_logs/ct_run.ct@devbox.2012-11-19_15.49.06/tests.xmerl_test.logs/run.2012-11-19_15.49.40/xmerl_std_suite.ibm-not-wf-p85-ibm85n03.html"></testcase><testcase  name="ibm-not-wf-P85-ibm85n02" time="0.045332" timestamp="2012-11-19T15:54:06" log="/home/karl/tmp/otp_tests/logs/xmerl_test_logs/ct_run.ct@devbox.2012-11-19_15.49.06/tests.xmerl_test.logs/run.2012-11-19_15.49.40/xmerl_std_suite.ibm-not-wf-p85-ibm85n02.html"></testcase><testcase  name="ibm-not-wf-P85-ibm85n01" time="0.037734" timestamp="2012-11-19T15:54:06" log="/home/karl/tmp/otp_tests/logs/xmerl_test_logs/ct_run.ct@devbox.2012-11-19_15.49.06/tests.xmerl_test.logs/run.2012-11-19_15.49.40/xmerl_std_suite.ibm-not-wf-p85-ibm85n01.html"></testcase><testcase  name="ibm-not-wf-P83-ibm83n06" time="0.039326" timestamp="2012-11-19T15:54:06" log="/home/karl/tmp/otp_tests/logs/xmerl_test_logs/ct_run.ct@devbox.2012-11-19_15.49.06/tests.xmerl_test.logs/run.2012-11-19_15.49.40/xmerl_std_suite.ibm-not-wf-p83-ibm83n06.html"></testcase><testcase  name="ibm-not-wf-P83-ibm83n05" time="0.038224" timestamp="2012-11-19T15:54:06" log="/home/karl/tmp/otp_tests/logs/xmerl_test_logs/ct_run.ct@devbox.2012-11-19_15.49.06/tests.xmerl_test.logs/run.2012-11-19_15.49.40/xmerl_std_suite.ibm-not-wf-p83-ibm83n05.html"></testcase><testcase  name="ibm-not-wf-P83-ibm83n04" time="0.039356" timestamp="2012-11-19T15:54:06" log="/home/karl/tmp/otp_tests/logs/xmerl_test_logs/ct_run.ct@devbox.2012-11-19_15.49.06/tests.xmerl_test.logs/run.2012-11-19_15.49.40/xmerl_std_suite.ibm-not-wf-p83-ibm83n04.html"></testcase><testcase  name="ibm-not-wf-P83-ibm83n03" time="0.038292" timestamp="2012-11-19T15:54:06" log="/home/karl/tmp/otp_tests/logs/xmerl_test_logs/ct_run.ct@devbox.2012-11-19_15.49.06/tests.xmerl_test.logs/run.2012-11-19_15.49.40/xmerl_std_suite.ibm-not-wf-p83-ibm83n03.html"></testcase><testcase  name="ibm-not-wf-P83-ibm83n02" time="0.042707" timestamp="2012-11-19T15:54:07" log="/home/karl/tmp/otp_tests/logs/xmerl_test_logs/ct_run.ct@devbox.2012-11-19_15.49.06/tests.xmerl_test.logs/run.2012-11-19_15.49.40/xmerl_std_suite.ibm-not-wf-p83-ibm83n02.html"></testcase><testcase  name="ibm-not-wf-P83-ibm83n01" time="0.040097" timestamp="2012-11-19T15:54:07" log="/home/karl/tmp/otp_tests/logs/xmerl_test_logs/ct_run.ct@devbox.2012-11-19_15.49.06/tests.xmerl_test.logs/run.2012-11-19_15.49.40/xmerl_std_suite.ibm-not-wf-p83-ibm83n01.html"></testcase><testcase  name="ibm-not-wf-P82-ibm82n08" time="0.044741" timestamp="2012-11-19T15:54:07" log="/home/karl/tmp/otp_tests/logs/xmerl_test_logs/ct_run.ct@devbox.2012-11-19_15.49.06/tests.xmerl_test.logs/run.2012-11-19_15.49.40/xmerl_std_suite.ibm-not-wf-p82-ibm82n08.html"></testcase><testcase  name="ibm-not-wf-P82-ibm82n07" time="0.040026" timestamp="2012-11-19T15:54:07" log="/home/karl/tmp/otp_tests/logs/xmerl_test_logs/ct_run.ct@devbox.2012-11-19_15.49.06/tests.xmerl_test.logs/run.2012-11-19_15.49.40/xmerl_std_suite.ibm-not-wf-p82-ibm82n07.html"></testcase><testcase  name="ibm-not-wf-P82-ibm82n06" time="0.039774" timestamp="2012-11-19T15:54:07" log="/home/karl/tmp/otp_tests/logs/xmerl_test_logs/ct_run.ct@devbox.2012-11-19_15.49.06/tests.xmerl_test.logs/run.2012-11-19_15.49.40/xmerl_std_suite.ibm-not-wf-p82-ibm82n06.html"></testcase><testcase  name="ibm-not-wf-P82-ibm82n05" time="0.044886" timestamp="2012-11-19T15:54:07" log="/home/karl/tmp/otp_tests/logs/xmerl_test_logs/ct_run.ct@devbox.2012-11-19_15.49.06/tests.xmerl_test.logs/run.2012-11-19_15.49.40/xmerl_std_suite.ibm-not-wf-p82-ibm82n05.html"></testcase><testcase  name="ibm-not-wf-P82-ibm82n04" time="0.051929" timestamp="2012-11-19T15:54:07" log="/home/karl/tmp/otp_tests/logs/xmerl_test_logs/ct_run.ct@devbox.2012-11-19_15.49.06/tests.xmerl_test.logs/run.2012-11-19_15.49.40/xmerl_std_suite.ibm-not-wf-p82-ibm82n04.html"></testcase><testcase  name="ibm-not-wf-P82-ibm82n03" time="0.050324" timestamp="2012-11-19T15:54:07" log="/home/karl/tmp/otp_tests/logs/xmerl_test_logs/ct_run.ct@devbox.2012-11-19_15.49.06/tests.xmerl_test.logs/run.2012-11-19_15.49.40/xmerl_std_suite.ibm-not-wf-p82-ibm82n03.html"></testcase><testcase  name="ibm-not-wf-P82-ibm82n02" time="0.038385" timestamp="2012-11-19T15:54:07" log="/home/karl/tmp/otp_tests/logs/xmerl_test_logs/ct_run.ct@devbox.2012-11-19_15.49.06/tests.xmerl_test.logs/run.2012-11-19_15.49.40/xmerl_std_suite.ibm-not-wf-p82-ibm82n02.html"></testcase><testcase  name="ibm-not-wf-P82-ibm82n01" time="0.037857" timestamp="2012-11-19T15:54:08" log="/home/karl/tmp/otp_tests/logs/xmerl_test_logs/ct_run.ct@devbox.2012-11-19_15.49.06/tests.xmerl_test.logs/run.2012-11-19_15.49.40/xmerl_std_suite.ibm-not-wf-p82-ibm82n01.html"></testcase><testcase  name="ibm-not-wf-P81-ibm81n09" time="0.038149" timestamp="2012-11-19T15:54:08" log="/home/karl/tmp/otp_tests/logs/xmerl_test_logs/ct_run.ct@devbox.2012-11-19_15.49.06/tests.xmerl_test.logs/run.2012-11-19_15.49.40/xmerl_std_suite.ibm-not-wf-p81-ibm81n09.html"></testcase><testcase  name="ibm-not-wf-P81-ibm81n08" time="0.056080" timestamp="2012-11-19T15:54:08" log="/home/karl/tmp/otp_tests/logs/xmerl_test_logs/ct_run.ct@devbox.2012-11-19_15.49.06/tests.xmerl_test.logs/run.2012-11-19_15.49.40/xmerl_std_suite.ibm-not-wf-p81-ibm81n08.html"></testcase><testcase  name="ibm-not-wf-P81-ibm81n07" time="0.041405" timestamp="2012-11-19T15:54:08" log="/home/karl/tmp/otp_tests/logs/xmerl_test_logs/ct_run.ct@devbox.2012-11-19_15.49.06/tests.xmerl_test.logs/run.2012-11-19_15.49.40/xmerl_std_suite.ibm-not-wf-p81-ibm81n07.html"></testcase><testcase  name="ibm-not-wf-P81-ibm81n06" time="0.037153" timestamp="2012-11-19T15:54:08" log="/home/karl/tmp/otp_tests/logs/xmerl_test_logs/ct_run.ct@devbox.2012-11-19_15.49.06/tests.xmerl_test.logs/run.2012-11-19_15.49.40/xmerl_std_suite.ibm-not-wf-p81-ibm81n06.html"></testcase><testcase  name="ibm-not-wf-P81-ibm81n05" time="0.037494" timestamp="2012-11-19T15:54:08" log="/home/karl/tmp/otp_tests/logs/xmerl_test_logs/ct_run.ct@devbox.2012-11-19_15.49.06/tests.xmerl_test.logs/run.2012-11-19_15.49.40/xmerl_std_suite.ibm-not-wf-p81-ibm81n05.html"></testcase><testcase  name="ibm-not-wf-P81-ibm81n04" time="0.038796" timestamp="2012-11-19T15:54:08" log="/home/karl/tmp/otp_tests/logs/xmerl_test_logs/ct_run.ct@devbox.2012-11-19_15.49.06/tests.xmerl_test.logs/run.2012-11-19_15.49.40/xmerl_std_suite.ibm-not-wf-p81-ibm81n04.html"></testcase><testcase  name="ibm-not-wf-P81-ibm81n03" time="0.038185" timestamp="2012-11-19T15:54:08" log="/home/karl/tmp/otp_tests/logs/xmerl_test_logs/ct_run.ct@devbox.2012-11-19_15.49.06/tests.xmerl_test.logs/run.2012-11-19_15.49.40/xmerl_std_suite.ibm-not-wf-p81-ibm81n03.html"></testcase><testcase  name="ibm-not-wf-P81-ibm81n02" time="0.044563" timestamp="2012-11-19T15:54:08" log="/home/karl/tmp/otp_tests/logs/xmerl_test_logs/ct_run.ct@devbox.2012-11-19_15.49.06/tests.xmerl_test.logs/run.2012-11-19_15.49.40/xmerl_std_suite.ibm-not-wf-p81-ibm81n02.html"></testcase><testcase  name="ibm-not-wf-P81-ibm81n01" time="0.038322" timestamp="2012-11-19T15:54:08" log="/home/karl/tmp/otp_tests/logs/xmerl_test_logs/ct_run.ct@devbox.2012-11-19_15.49.06/tests.xmerl_test.logs/run.2012-11-19_15.49.40/xmerl_std_suite.ibm-not-wf-p81-ibm81n01.html"></testcase><testcase  name="ibm-not-wf-P80-ibm80n06" time="0.047126" timestamp="2012-11-19T15:54:09" log="/home/karl/tmp/otp_tests/logs/xmerl_test_logs/ct_run.ct@devbox.2012-11-19_15.49.06/tests.xmerl_test.logs/run.2012-11-19_15.49.40/xmerl_std_suite.ibm-not-wf-p80-ibm80n06.html"></testcase><testcase  name="ibm-not-wf-P80-ibm80n05" time="0.037987" timestamp="2012-11-19T15:54:09" log="/home/karl/tmp/otp_tests/logs/xmerl_test_logs/ct_run.ct@devbox.2012-11-19_15.49.06/tests.xmerl_test.logs/run.2012-11-19_15.49.40/xmerl_std_suite.ibm-not-wf-p80-ibm80n05.html"></testcase><testcase  name="ibm-not-wf-P80-ibm80n04" time="0.054701" timestamp="2012-11-19T15:54:09" log="/home/karl/tmp/otp_tests/logs/xmerl_test_logs/ct_run.ct@devbox.2012-11-19_15.49.06/tests.xmerl_test.logs/run.2012-11-19_15.49.40/xmerl_std_suite.ibm-not-wf-p80-ibm80n04.html"></testcase><testcase  name="ibm-not-wf-P80-ibm80n03" time="0.036987" timestamp="2012-11-19T15:54:09" log="/home/karl/tmp/otp_tests/logs/xmerl_test_logs/ct_run.ct@devbox.2012-11-19_15.49.06/tests.xmerl_test.logs/run.2012-11-19_15.49.40/xmerl_std_suite.ibm-not-wf-p80-ibm80n03.html"></testcase><testcase  name="ibm-not-wf-P80-ibm80n02" time="0.042446" timestamp="2012-11-19T15:54:09" log="/home/karl/tmp/otp_tests/logs/xmerl_test_logs/ct_run.ct@devbox.2012-11-19_15.49.06/tests.xmerl_test.logs/run.2012-11-19_15.49.40/xmerl_std_suite.ibm-not-wf-p80-ibm80n02.html"></testcase><testcase  name="ibm-not-wf-P80-ibm80n01" time="0.038389" timestamp="2012-11-19T15:54:09" log="/home/karl/tmp/otp_tests/logs/xmerl_test_logs/ct_run.ct@devbox.2012-11-19_15.49.06/tests.xmerl_test.logs/run.2012-11-19_15.49.40/xmerl_std_suite.ibm-not-wf-p80-ibm80n01.html"></testcase><testcase  name="ibm-not-wf-P79-ibm79n02" time="0.036740" timestamp="2012-11-19T15:54:09" log="/home/karl/tmp/otp_tests/logs/xmerl_test_logs/ct_run.ct@devbox.2012-11-19_15.49.06/tests.xmerl_test.logs/run.2012-11-19_15.49.40/xmerl_std_suite.ibm-not-wf-p79-ibm79n02.html"></testcase><testcase  name="ibm-not-wf-P79-ibm79n01" time="0.038637" timestamp="2012-11-19T15:54:09" log="/home/karl/tmp/otp_tests/logs/xmerl_test_logs/ct_run.ct@devbox.2012-11-19_15.49.06/tests.xmerl_test.logs/run.2012-11-19_15.49.40/xmerl_std_suite.ibm-not-wf-p79-ibm79n01.html"></testcase><testcase  name="ibm-not-wf-P78-ibm78n02" time="0.039808" timestamp="2012-11-19T15:54:09" log="/home/karl/tmp/otp_tests/logs/xmerl_test_logs/ct_run.ct@devbox.2012-11-19_15.49.06/tests.xmerl_test.logs/run.2012-11-19_15.49.40/xmerl_std_suite.ibm-not-wf-p78-ibm78n02.html"></testcase><testcase  name="ibm-not-wf-P78-ibm78n01" time="0.037906" timestamp="2012-11-19T15:54:10" log="/home/karl/tmp/otp_tests/logs/xmerl_test_logs/ct_run.ct@devbox.2012-11-19_15.49.06/tests.xmerl_test.logs/run.2012-11-19_15.49.40/xmerl_std_suite.ibm-not-wf-p78-ibm78n01.html"></testcase><testcase  name="ibm-not-wf-P77-ibm77n04" time="0.043955" timestamp="2012-11-19T15:54:10" log="/home/karl/tmp/otp_tests/logs/xmerl_test_logs/ct_run.ct@devbox.2012-11-19_15.49.06/tests.xmerl_test.logs/run.2012-11-19_15.49.40/xmerl_std_suite.ibm-not-wf-p77-ibm77n04.html"></testcase><testcase  name="ibm-not-wf-P77-ibm77n03" time="0.039697" timestamp="2012-11-19T15:54:10" log="/home/karl/tmp/otp_tests/logs/xmerl_test_logs/ct_run.ct@devbox.2012-11-19_15.49.06/tests.xmerl_test.logs/run.2012-11-19_15.49.40/xmerl_std_suite.ibm-not-wf-p77-ibm77n03.html"></testcase><testcase  name="ibm-not-wf-P77-ibm77n02" time="0.049063" timestamp="2012-11-19T15:54:10" log="/home/karl/tmp/otp_tests/logs/xmerl_test_logs/ct_run.ct@devbox.2012-11-19_15.49.06/tests.xmerl_test.logs/run.2012-11-19_15.49.40/xmerl_std_suite.ibm-not-wf-p77-ibm77n02.html"></testcase><testcase  name="ibm-not-wf-P77-ibm77n01" time="0.038546" timestamp="2012-11-19T15:54:10" log="/home/karl/tmp/otp_tests/logs/xmerl_test_logs/ct_run.ct@devbox.2012-11-19_15.49.06/tests.xmerl_test.logs/run.2012-11-19_15.49.40/xmerl_std_suite.ibm-not-wf-p77-ibm77n01.html"></testcase><testcase  name="ibm-not-wf-P76-ibm76n07" time="0.038364" timestamp="2012-11-19T15:54:10" log="/home/karl/tmp/otp_tests/logs/xmerl_test_logs/ct_run.ct@devbox.2012-11-19_15.49.06/tests.xmerl_test.logs/run.2012-11-19_15.49.40/xmerl_std_suite.ibm-not-wf-p76-ibm76n07.html"></testcase><testcase  name="ibm-not-wf-P76-ibm76n06" time="0.039578" timestamp="2012-11-19T15:54:10" log="/home/karl/tmp/otp_tests/logs/xmerl_test_logs/ct_run.ct@devbox.2012-11-19_15.49.06/tests.xmerl_test.logs/run.2012-11-19_15.49.40/xmerl_std_suite.ibm-not-wf-p76-ibm76n06.html"></testcase><testcase  name="ibm-not-wf-P76-ibm76n05" time="0.043389" timestamp="2012-11-19T15:54:10" log="/home/karl/tmp/otp_tests/logs/xmerl_test_logs/ct_run.ct@devbox.2012-11-19_15.49.06/tests.xmerl_test.logs/run.2012-11-19_15.49.40/xmerl_std_suite.ibm-not-wf-p76-ibm76n05.html"></testcase><testcase  name="ibm-not-wf-P76-ibm76n04" time="0.039058" timestamp="2012-11-19T15:54:10" log="/home/karl/tmp/otp_tests/logs/xmerl_test_logs/ct_run.ct@devbox.2012-11-19_15.49.06/tests.xmerl_test.logs/run.2012-11-19_15.49.40/xmerl_std_suite.ibm-not-wf-p76-ibm76n04.html"></testcase><testcase  name="ibm-not-wf-P76-ibm76n03" time="0.038251" timestamp="2012-11-19T15:54:10" log="/home/karl/tmp/otp_tests/logs/xmerl_test_logs/ct_run.ct@devbox.2012-11-19_15.49.06/tests.xmerl_test.logs/run.2012-11-19_15.49.40/xmerl_std_suite.ibm-not-wf-p76-ibm76n03.html"></testcase><testcase  name="ibm-not-wf-P76-ibm76n02" time="0.037353" timestamp="2012-11-19T15:54:11" log="/home/karl/tmp/otp_tests/logs/xmerl_test_logs/ct_run.ct@devbox.2012-11-19_15.49.06/tests.xmerl_test.logs/run.2012-11-19_15.49.40/xmerl_std_suite.ibm-not-wf-p76-ibm76n02.html"></testcase><testcase  name="ibm-not-wf-P76-ibm76n01" time="0.040198" timestamp="2012-11-19T15:54:11" log="/home/karl/tmp/otp_tests/logs/xmerl_test_logs/ct_run.ct@devbox.2012-11-19_15.49.06/tests.xmerl_test.logs/run.2012-11-19_15.49.40/xmerl_std_suite.ibm-not-wf-p76-ibm76n01.html"></testcase><testcase  name="ibm-not-wf-P75-ibm75n13" time="0.044041" timestamp="2012-11-19T15:54:11" log="/home/karl/tmp/otp_tests/logs/xmerl_test_logs/ct_run.ct@devbox.2012-11-19_15.49.06/tests.xmerl_test.logs/run.2012-11-19_15.49.40/xmerl_std_suite.ibm-not-wf-p75-ibm75n13.html"></testcase><testcase  name="ibm-not-wf-P75-ibm75n12" time="0.047265" timestamp="2012-11-19T15:54:11" log="/home/karl/tmp/otp_tests/logs/xmerl_test_logs/ct_run.ct@devbox.2012-11-19_15.49.06/tests.xmerl_test.logs/run.2012-11-19_15.49.40/xmerl_std_suite.ibm-not-wf-p75-ibm75n12.html"></testcase><testcase  name="ibm-not-wf-P75-ibm75n11" time="0.041596" timestamp="2012-11-19T15:54:11" log="/home/karl/tmp/otp_tests/logs/xmerl_test_logs/ct_run.ct@devbox.2012-11-19_15.49.06/tests.xmerl_test.logs/run.2012-11-19_15.49.40/xmerl_std_suite.ibm-not-wf-p75-ibm75n11.html"></testcase><testcase  name="ibm-not-wf-P75-ibm75n10" time="0.038874" timestamp="2012-11-19T15:54:11" log="/home/karl/tmp/otp_tests/logs/xmerl_test_logs/ct_run.ct@devbox.2012-11-19_15.49.06/tests.xmerl_test.logs/run.2012-11-19_15.49.40/xmerl_std_suite.ibm-not-wf-p75-ibm75n10.html"></testcase><testcase  name="ibm-not-wf-P75-ibm75n09" time="0.037600" timestamp="2012-11-19T15:54:11" log="/home/karl/tmp/otp_tests/logs/xmerl_test_logs/ct_run.ct@devbox.2012-11-19_15.49.06/tests.xmerl_test.logs/run.2012-11-19_15.49.40/xmerl_std_suite.ibm-not-wf-p75-ibm75n09.html"></testcase><testcase  name="ibm-not-wf-P75-ibm75n08" time="0.039211" timestamp="2012-11-19T15:54:11" log="/home/karl/tmp/otp_tests/logs/xmerl_test_logs/ct_run.ct@devbox.2012-11-19_15.49.06/tests.xmerl_test.logs/run.2012-11-19_15.49.40/xmerl_std_suite.ibm-not-wf-p75-ibm75n08.html"></testcase><testcase  name="ibm-not-wf-P75-ibm75n07" time="0.043849" timestamp="2012-11-19T15:54:11" log="/home/karl/tmp/otp_tests/logs/xmerl_test_logs/ct_run.ct@devbox.2012-11-19_15.49.06/tests.xmerl_test.logs/run.2012-11-19_15.49.40/xmerl_std_suite.ibm-not-wf-p75-ibm75n07.html"></testcase><testcase  name="ibm-not-wf-P75-ibm75n06" time="0.041825" timestamp="2012-11-19T15:54:11" log="/home/karl/tmp/otp_tests/logs/xmerl_test_logs/ct_run.ct@devbox.2012-11-19_15.49.06/tests.xmerl_test.logs/run.2012-11-19_15.49.40/xmerl_std_suite.ibm-not-wf-p75-ibm75n06.html"></testcase><testcase  name="ibm-not-wf-P75-ibm75n05" time="0.044030" timestamp="2012-11-19T15:54:12" log="/home/karl/tmp/otp_tests/logs/xmerl_test_logs/ct_run.ct@devbox.2012-11-19_15.49.06/tests.xmerl_test.logs/run.2012-11-19_15.49.40/xmerl_std_suite.ibm-not-wf-p75-ibm75n05.html"></testcase><testcase  name="ibm-not-wf-P75-ibm75n04" time="0.038337" timestamp="2012-11-19T15:54:12" log="/home/karl/tmp/otp_tests/logs/xmerl_test_logs/ct_run.ct@devbox.2012-11-19_15.49.06/tests.xmerl_test.logs/run.2012-11-19_15.49.40/xmerl_std_suite.ibm-not-wf-p75-ibm75n04.html"></testcase><testcase  name="ibm-not-wf-P75-ibm75n03" time="0.041359" timestamp="2012-11-19T15:54:12" log="/home/karl/tmp/otp_tests/logs/xmerl_test_logs/ct_run.ct@devbox.2012-11-19_15.49.06/tests.xmerl_test.logs/run.2012-11-19_15.49.40/xmerl_std_suite.ibm-not-wf-p75-ibm75n03.html"></testcase><testcase  name="ibm-not-wf-P75-ibm75n02" time="0.051872" timestamp="2012-11-19T15:54:12" log="/home/karl/tmp/otp_tests/logs/xmerl_test_logs/ct_run.ct@devbox.2012-11-19_15.49.06/tests.xmerl_test.logs/run.2012-11-19_15.49.40/xmerl_std_suite.ibm-not-wf-p75-ibm75n02.html"></testcase><testcase  name="ibm-not-wf-P75-ibm75n01" time="0.043286" timestamp="2012-11-19T15:54:12" log="/home/karl/tmp/otp_tests/logs/xmerl_test_logs/ct_run.ct@devbox.2012-11-19_15.49.06/tests.xmerl_test.logs/run.2012-11-19_15.49.40/xmerl_std_suite.ibm-not-wf-p75-ibm75n01.html"></testcase><testcase  name="ibm-not-wf-P74-ibm74n01" time="0.038426" timestamp="2012-11-19T15:54:12" log="/home/karl/tmp/otp_tests/logs/xmerl_test_logs/ct_run.ct@devbox.2012-11-19_15.49.06/tests.xmerl_test.logs/run.2012-11-19_15.49.40/xmerl_std_suite.ibm-not-wf-p74-ibm74n01.html"></testcase><testcase  name="ibm-not-wf-P73-ibm73n03" time="0.041032" timestamp="2012-11-19T15:54:12" log="/home/karl/tmp/otp_tests/logs/xmerl_test_logs/ct_run.ct@devbox.2012-11-19_15.49.06/tests.xmerl_test.logs/run.2012-11-19_15.49.40/xmerl_std_suite.ibm-not-wf-p73-ibm73n03.html"></testcase><testcase  name="ibm-not-wf-P73-ibm73n01" time="0.037371" timestamp="2012-11-19T15:54:12" log="/home/karl/tmp/otp_tests/logs/xmerl_test_logs/ct_run.ct@devbox.2012-11-19_15.49.06/tests.xmerl_test.logs/run.2012-11-19_15.49.40/xmerl_std_suite.ibm-not-wf-p73-ibm73n01.html"></testcase><testcase  name="ibm-not-wf-P72-ibm72n09" time="0.037901" timestamp="2012-11-19T15:54:12" log="/home/karl/tmp/otp_tests/logs/xmerl_test_logs/ct_run.ct@devbox.2012-11-19_15.49.06/tests.xmerl_test.logs/run.2012-11-19_15.49.40/xmerl_std_suite.ibm-not-wf-p72-ibm72n09.html"></testcase><testcase  name="ibm-not-wf-P72-ibm72n08" time="0.044951" timestamp="2012-11-19T15:54:12" log="/home/karl/tmp/otp_tests/logs/xmerl_test_logs/ct_run.ct@devbox.2012-11-19_15.49.06/tests.xmerl_test.logs/run.2012-11-19_15.49.40/xmerl_std_suite.ibm-not-wf-p72-ibm72n08.html"></testcase><testcase  name="ibm-not-wf-P72-ibm72n07" time="0.038859" timestamp="2012-11-19T15:54:13" log="/home/karl/tmp/otp_tests/logs/xmerl_test_logs/ct_run.ct@devbox.2012-11-19_15.49.06/tests.xmerl_test.logs/run.2012-11-19_15.49.40/xmerl_std_suite.ibm-not-wf-p72-ibm72n07.html"></testcase><testcase  name="ibm-not-wf-P72-ibm72n06" time="0.036833" timestamp="2012-11-19T15:54:13" log="/home/karl/tmp/otp_tests/logs/xmerl_test_logs/ct_run.ct@devbox.2012-11-19_15.49.06/tests.xmerl_test.logs/run.2012-11-19_15.49.40/xmerl_std_suite.ibm-not-wf-p72-ibm72n06.html"></testcase><testcase  name="ibm-not-wf-P72-ibm72n05" time="0.036465" timestamp="2012-11-19T15:54:13" log="/home/karl/tmp/otp_tests/logs/xmerl_test_logs/ct_run.ct@devbox.2012-11-19_15.49.06/tests.xmerl_test.logs/run.2012-11-19_15.49.40/xmerl_std_suite.ibm-not-wf-p72-ibm72n05.html"></testcase><testcase  name="ibm-not-wf-P72-ibm72n04" time="0.046210" timestamp="2012-11-19T15:54:13" log="/home/karl/tmp/otp_tests/logs/xmerl_test_logs/ct_run.ct@devbox.2012-11-19_15.49.06/tests.xmerl_test.logs/run.2012-11-19_15.49.40/xmerl_std_suite.ibm-not-wf-p72-ibm72n04.html"></testcase><testcase  name="ibm-not-wf-P72-ibm72n03" time="0.039063" timestamp="2012-11-19T15:54:13" log="/home/karl/tmp/otp_tests/logs/xmerl_test_logs/ct_run.ct@devbox.2012-11-19_15.49.06/tests.xmerl_test.logs/run.2012-11-19_15.49.40/xmerl_std_suite.ibm-not-wf-p72-ibm72n03.html"></testcase><testcase  name="ibm-not-wf-P72-ibm72n02" time="0.044107" timestamp="2012-11-19T15:54:13" log="/home/karl/tmp/otp_tests/logs/xmerl_test_logs/ct_run.ct@devbox.2012-11-19_15.49.06/tests.xmerl_test.logs/run.2012-11-19_15.49.40/xmerl_std_suite.ibm-not-wf-p72-ibm72n02.html"></testcase><testcase  name="ibm-not-wf-P72-ibm72n01" time="0.038564" timestamp="2012-11-19T15:54:13" log="/home/karl/tmp/otp_tests/logs/xmerl_test_logs/ct_run.ct@devbox.2012-11-19_15.49.06/tests.xmerl_test.logs/run.2012-11-19_15.49.40/xmerl_std_suite.ibm-not-wf-p72-ibm72n01.html"></testcase><testcase  name="ibm-not-wf-P71-ibm71n08" time="0.037062" timestamp="2012-11-19T15:54:13" log="/home/karl/tmp/otp_tests/logs/xmerl_test_logs/ct_run.ct@devbox.2012-11-19_15.49.06/tests.xmerl_test.logs/run.2012-11-19_15.49.40/xmerl_std_suite.ibm-not-wf-p71-ibm71n08.html"></testcase><testcase  name="ibm-not-wf-P71-ibm71n07" time="0.039036" timestamp="2012-11-19T15:54:13" log="/home/karl/tmp/otp_tests/logs/xmerl_test_logs/ct_run.ct@devbox.2012-11-19_15.49.06/tests.xmerl_test.logs/run.2012-11-19_15.49.40/xmerl_std_suite.ibm-not-wf-p71-ibm71n07.html"></testcase><testcase  name="ibm-not-wf-P71-ibm71n06" time="0.036827" timestamp="2012-11-19T15:54:13" log="/home/karl/tmp/otp_tests/logs/xmerl_test_logs/ct_run.ct@devbox.2012-11-19_15.49.06/tests.xmerl_test.logs/run.2012-11-19_15.49.40/xmerl_std_suite.ibm-not-wf-p71-ibm71n06.html"></testcase><testcase  name="ibm-not-wf-P71-ibm71n05" time="0.054509" timestamp="2012-11-19T15:54:14" log="/home/karl/tmp/otp_tests/logs/xmerl_test_logs/ct_run.ct@devbox.2012-11-19_15.49.06/tests.xmerl_test.logs/run.2012-11-19_15.49.40/xmerl_std_suite.ibm-not-wf-p71-ibm71n05.html"></testcase><testcase  name="ibm-not-wf-P71-ibm71n04" time="0.044579" timestamp="2012-11-19T15:54:14" log="/home/karl/tmp/otp_tests/logs/xmerl_test_logs/ct_run.ct@devbox.2012-11-19_15.49.06/tests.xmerl_test.logs/run.2012-11-19_15.49.40/xmerl_std_suite.ibm-not-wf-p71-ibm71n04.html"></testcase><testcase  name="ibm-not-wf-P71-ibm71n03" time="0.048997" timestamp="2012-11-19T15:54:14" log="/home/karl/tmp/otp_tests/logs/xmerl_test_logs/ct_run.ct@devbox.2012-11-19_15.49.06/tests.xmerl_test.logs/run.2012-11-19_15.49.40/xmerl_std_suite.ibm-not-wf-p71-ibm71n03.html"></testcase><testcase  name="ibm-not-wf-P71-ibm71n02" time="0.057007" timestamp="2012-11-19T15:54:14" log="/home/karl/tmp/otp_tests/logs/xmerl_test_logs/ct_run.ct@devbox.2012-11-19_15.49.06/tests.xmerl_test.logs/run.2012-11-19_15.49.40/xmerl_std_suite.ibm-not-wf-p71-ibm71n02.html"></testcase><testcase  name="ibm-not-wf-P71-ibm71n01" time="0.038578" timestamp="2012-11-19T15:54:14" log="/home/karl/tmp/otp_tests/logs/xmerl_test_logs/ct_run.ct@devbox.2012-11-19_15.49.06/tests.xmerl_test.logs/run.2012-11-19_15.49.40/xmerl_std_suite.ibm-not-wf-p71-ibm71n01.html"></testcase><testcase  name="ibm-not-wf-P71-ibm70n01" time="0.039029" timestamp="2012-11-19T15:54:14" log="/home/karl/tmp/otp_tests/logs/xmerl_test_logs/ct_run.ct@devbox.2012-11-19_15.49.06/tests.xmerl_test.logs/run.2012-11-19_15.49.40/xmerl_std_suite.ibm-not-wf-p71-ibm70n01.html"></testcase><testcase  name="ibm-not-wf-P69-ibm69n07" time="0.039638" timestamp="2012-11-19T15:54:14" log="/home/karl/tmp/otp_tests/logs/xmerl_test_logs/ct_run.ct@devbox.2012-11-19_15.49.06/tests.xmerl_test.logs/run.2012-11-19_15.49.40/xmerl_std_suite.ibm-not-wf-p69-ibm69n07.html"></testcase><testcase  name="ibm-not-wf-P69-ibm69n06" time="0.044963" timestamp="2012-11-19T15:54:14" log="/home/karl/tmp/otp_tests/logs/xmerl_test_logs/ct_run.ct@devbox.2012-11-19_15.49.06/tests.xmerl_test.logs/run.2012-11-19_15.49.40/xmerl_std_suite.ibm-not-wf-p69-ibm69n06.html"></testcase><testcase  name="ibm-not-wf-P69-ibm69n05" time="0.038324" timestamp="2012-11-19T15:54:14" log="/home/karl/tmp/otp_tests/logs/xmerl_test_logs/ct_run.ct@devbox.2012-11-19_15.49.06/tests.xmerl_test.logs/run.2012-11-19_15.49.40/xmerl_std_suite.ibm-not-wf-p69-ibm69n05.html"></testcase><testcase  name="ibm-not-wf-P69-ibm69n04" time="0.040671" timestamp="2012-11-19T15:54:15" log="/home/karl/tmp/otp_tests/logs/xmerl_test_logs/ct_run.ct@devbox.2012-11-19_15.49.06/tests.xmerl_test.logs/run.2012-11-19_15.49.40/xmerl_std_suite.ibm-not-wf-p69-ibm69n04.html"></testcase><testcase  name="ibm-not-wf-P69-ibm69n03" time="0.038236" timestamp="2012-11-19T15:54:15" log="/home/karl/tmp/otp_tests/logs/xmerl_test_logs/ct_run.ct@devbox.2012-11-19_15.49.06/tests.xmerl_test.logs/run.2012-11-19_15.49.40/xmerl_std_suite.ibm-not-wf-p69-ibm69n03.html"></testcase><testcase  name="ibm-not-wf-P69-ibm69n02" time="0.039768" timestamp="2012-11-19T15:54:15" log="/home/karl/tmp/otp_tests/logs/xmerl_test_logs/ct_run.ct@devbox.2012-11-19_15.49.06/tests.xmerl_test.logs/run.2012-11-19_15.49.40/xmerl_std_suite.ibm-not-wf-p69-ibm69n02.html"></testcase><testcase  name="ibm-not-wf-P69-ibm69n01" time="0.055589" timestamp="2012-11-19T15:54:15" log="/home/karl/tmp/otp_tests/logs/xmerl_test_logs/ct_run.ct@devbox.2012-11-19_15.49.06/tests.xmerl_test.logs/run.2012-11-19_15.49.40/xmerl_std_suite.ibm-not-wf-p69-ibm69n01.html"></testcase><testcase  name="ibm-not-wf-P68-ibm68n10" time="0.044555" timestamp="2012-11-19T15:54:15" log="/home/karl/tmp/otp_tests/logs/xmerl_test_logs/ct_run.ct@devbox.2012-11-19_15.49.06/tests.xmerl_test.logs/run.2012-11-19_15.49.40/xmerl_std_suite.ibm-not-wf-p68-ibm68n10.html"></testcase><testcase  name="ibm-not-wf-P68-ibm68n09" time="0.040501" timestamp="2012-11-19T15:54:15" log="/home/karl/tmp/otp_tests/logs/xmerl_test_logs/ct_run.ct@devbox.2012-11-19_15.49.06/tests.xmerl_test.logs/run.2012-11-19_15.49.40/xmerl_std_suite.ibm-not-wf-p68-ibm68n09.html"></testcase><testcase  name="ibm-not-wf-P68-ibm68n08" time="0.038950" timestamp="2012-11-19T15:54:15" log="/home/karl/tmp/otp_tests/logs/xmerl_test_logs/ct_run.ct@devbox.2012-11-19_15.49.06/tests.xmerl_test.logs/run.2012-11-19_15.49.40/xmerl_std_suite.ibm-not-wf-p68-ibm68n08.html"></testcase><testcase  name="ibm-not-wf-P68-ibm68n07" time="0.039213" timestamp="2012-11-19T15:54:15" log="/home/karl/tmp/otp_tests/logs/xmerl_test_logs/ct_run.ct@devbox.2012-11-19_15.49.06/tests.xmerl_test.logs/run.2012-11-19_15.49.40/xmerl_std_suite.ibm-not-wf-p68-ibm68n07.html"></testcase><testcase  name="ibm-not-wf-P68-ibm68n06" time="0.040762" timestamp="2012-11-19T15:54:15" log="/home/karl/tmp/otp_tests/logs/xmerl_test_logs/ct_run.ct@devbox.2012-11-19_15.49.06/tests.xmerl_test.logs/run.2012-11-19_15.49.40/xmerl_std_suite.ibm-not-wf-p68-ibm68n06.html"></testcase><testcase  name="ibm-not-wf-P68-ibm68n05" time="0.042953" timestamp="2012-11-19T15:54:15" log="/home/karl/tmp/otp_tests/logs/xmerl_test_logs/ct_run.ct@devbox.2012-11-19_15.49.06/tests.xmerl_test.logs/run.2012-11-19_15.49.40/xmerl_std_suite.ibm-not-wf-p68-ibm68n05.html"></testcase><testcase  name="ibm-not-wf-P68-ibm68n04" time="0.039229" timestamp="2012-11-19T15:54:16" log="/home/karl/tmp/otp_tests/logs/xmerl_test_logs/ct_run.ct@devbox.2012-11-19_15.49.06/tests.xmerl_test.logs/run.2012-11-19_15.49.40/xmerl_std_suite.ibm-not-wf-p68-ibm68n04.html"></testcase><testcase  name="ibm-not-wf-P68-ibm68n03" time="0.040027" timestamp="2012-11-19T15:54:16" log="/home/karl/tmp/otp_tests/logs/xmerl_test_logs/ct_run.ct@devbox.2012-11-19_15.49.06/tests.xmerl_test.logs/run.2012-11-19_15.49.40/xmerl_std_suite.ibm-not-wf-p68-ibm68n03.html"></testcase><testcase  name="ibm-not-wf-P68-ibm68n02" time="0.041654" timestamp="2012-11-19T15:54:16" log="/home/karl/tmp/otp_tests/logs/xmerl_test_logs/ct_run.ct@devbox.2012-11-19_15.49.06/tests.xmerl_test.logs/run.2012-11-19_15.49.40/xmerl_std_suite.ibm-not-wf-p68-ibm68n02.html"></testcase><testcase  name="ibm-not-wf-P68-ibm68n01" time="0.056540" timestamp="2012-11-19T15:54:16" log="/home/karl/tmp/otp_tests/logs/xmerl_test_logs/ct_run.ct@devbox.2012-11-19_15.49.06/tests.xmerl_test.logs/run.2012-11-19_15.49.40/xmerl_std_suite.ibm-not-wf-p68-ibm68n01.html"></testcase><testcase  name="ibm-not-wf-P66-ibm66n15" time="0.039159" timestamp="2012-11-19T15:54:16" log="/home/karl/tmp/otp_tests/logs/xmerl_test_logs/ct_run.ct@devbox.2012-11-19_15.49.06/tests.xmerl_test.logs/run.2012-11-19_15.49.40/xmerl_std_suite.ibm-not-wf-p66-ibm66n15.html"></testcase><testcase  name="ibm-not-wf-P66-ibm66n14" time="0.044835" timestamp="2012-11-19T15:54:16" log="/home/karl/tmp/otp_tests/logs/xmerl_test_logs/ct_run.ct@devbox.2012-11-19_15.49.06/tests.xmerl_test.logs/run.2012-11-19_15.49.40/xmerl_std_suite.ibm-not-wf-p66-ibm66n14.html"></testcase><testcase  name="ibm-not-wf-P66-ibm66n13" time="0.041606" timestamp="2012-11-19T15:54:16" log="/home/karl/tmp/otp_tests/logs/xmerl_test_logs/ct_run.ct@devbox.2012-11-19_15.49.06/tests.xmerl_test.logs/run.2012-11-19_15.49.40/xmerl_std_suite.ibm-not-wf-p66-ibm66n13.html"></testcase><testcase  name="ibm-not-wf-P66-ibm66n12" time="0.039691" timestamp="2012-11-19T15:54:16" log="/home/karl/tmp/otp_tests/logs/xmerl_test_logs/ct_run.ct@devbox.2012-11-19_15.49.06/tests.xmerl_test.logs/run.2012-11-19_15.49.40/xmerl_std_suite.ibm-not-wf-p66-ibm66n12.html"></testcase><testcase  name="ibm-not-wf-P66-ibm66n11" time="0.039420" timestamp="2012-11-19T15:54:16" log="/home/karl/tmp/otp_tests/logs/xmerl_test_logs/ct_run.ct@devbox.2012-11-19_15.49.06/tests.xmerl_test.logs/run.2012-11-19_15.49.40/xmerl_std_suite.ibm-not-wf-p66-ibm66n11.html"></testcase><testcase  name="ibm-not-wf-P66-ibm66n10" time="0.040431" timestamp="2012-11-19T15:54:17" log="/home/karl/tmp/otp_tests/logs/xmerl_test_logs/ct_run.ct@devbox.2012-11-19_15.49.06/tests.xmerl_test.logs/run.2012-11-19_15.49.40/xmerl_std_suite.ibm-not-wf-p66-ibm66n10.html"></testcase><testcase  name="ibm-not-wf-P66-ibm66n09" time="0.047794" timestamp="2012-11-19T15:54:17" log="/home/karl/tmp/otp_tests/logs/xmerl_test_logs/ct_run.ct@devbox.2012-11-19_15.49.06/tests.xmerl_test.logs/run.2012-11-19_15.49.40/xmerl_std_suite.ibm-not-wf-p66-ibm66n09.html"></testcase><testcase  name="ibm-not-wf-P66-ibm66n08" time="0.042049" timestamp="2012-11-19T15:54:17" log="/home/karl/tmp/otp_tests/logs/xmerl_test_logs/ct_run.ct@devbox.2012-11-19_15.49.06/tests.xmerl_test.logs/run.2012-11-19_15.49.40/xmerl_std_suite.ibm-not-wf-p66-ibm66n08.html"></testcase><testcase  name="ibm-not-wf-P66-ibm66n07" time="0.038816" timestamp="2012-11-19T15:54:17" log="/home/karl/tmp/otp_tests/logs/xmerl_test_logs/ct_run.ct@devbox.2012-11-19_15.49.06/tests.xmerl_test.logs/run.2012-11-19_15.49.40/xmerl_std_suite.ibm-not-wf-p66-ibm66n07.html"></testcase><testcase  name="ibm-not-wf-P66-ibm66n06" time="0.066310" timestamp="2012-11-19T15:54:17" log="/home/karl/tmp/otp_tests/logs/xmerl_test_logs/ct_run.ct@devbox.2012-11-19_15.49.06/tests.xmerl_test.logs/run.2012-11-19_15.49.40/xmerl_std_suite.ibm-not-wf-p66-ibm66n06.html"></testcase><testcase  name="ibm-not-wf-P66-ibm66n05" time="0.037292" timestamp="2012-11-19T15:54:17" log="/home/karl/tmp/otp_tests/logs/xmerl_test_logs/ct_run.ct@devbox.2012-11-19_15.49.06/tests.xmerl_test.logs/run.2012-11-19_15.49.40/xmerl_std_suite.ibm-not-wf-p66-ibm66n05.html"></testcase><testcase  name="ibm-not-wf-P66-ibm66n04" time="0.038505" timestamp="2012-11-19T15:54:17" log="/home/karl/tmp/otp_tests/logs/xmerl_test_logs/ct_run.ct@devbox.2012-11-19_15.49.06/tests.xmerl_test.logs/run.2012-11-19_15.49.40/xmerl_std_suite.ibm-not-wf-p66-ibm66n04.html"></testcase><testcase  name="ibm-not-wf-P66-ibm66n03" time="0.041748" timestamp="2012-11-19T15:54:17" log="/home/karl/tmp/otp_tests/logs/xmerl_test_logs/ct_run.ct@devbox.2012-11-19_15.49.06/tests.xmerl_test.logs/run.2012-11-19_15.49.40/xmerl_std_suite.ibm-not-wf-p66-ibm66n03.html"></testcase><testcase  name="ibm-not-wf-P66-ibm66n02" time="0.056618" timestamp="2012-11-19T15:54:17" log="/home/karl/tmp/otp_tests/logs/xmerl_test_logs/ct_run.ct@devbox.2012-11-19_15.49.06/tests.xmerl_test.logs/run.2012-11-19_15.49.40/xmerl_std_suite.ibm-not-wf-p66-ibm66n02.html"></testcase><testcase  name="ibm-not-wf-P66-ibm66n01" time="0.043524" timestamp="2012-11-19T15:54:18" log="/home/karl/tmp/otp_tests/logs/xmerl_test_logs/ct_run.ct@devbox.2012-11-19_15.49.06/tests.xmerl_test.logs/run.2012-11-19_15.49.40/xmerl_std_suite.ibm-not-wf-p66-ibm66n01.html"></testcase><testcase  name="ibm-not-wf-P65-ibm65n02" time="0.046734" timestamp="2012-11-19T15:54:18" log="/home/karl/tmp/otp_tests/logs/xmerl_test_logs/ct_run.ct@devbox.2012-11-19_15.49.06/tests.xmerl_test.logs/run.2012-11-19_15.49.40/xmerl_std_suite.ibm-not-wf-p65-ibm65n02.html"></testcase><testcase  name="ibm-not-wf-P65-ibm65n01" time="0.045406" timestamp="2012-11-19T15:54:18" log="/home/karl/tmp/otp_tests/logs/xmerl_test_logs/ct_run.ct@devbox.2012-11-19_15.49.06/tests.xmerl_test.logs/run.2012-11-19_15.49.40/xmerl_std_suite.ibm-not-wf-p65-ibm65n01.html"></testcase><testcase  name="ibm-not-wf-P64-ibm64n03" time="0.051076" timestamp="2012-11-19T15:54:18" log="/home/karl/tmp/otp_tests/logs/xmerl_test_logs/ct_run.ct@devbox.2012-11-19_15.49.06/tests.xmerl_test.logs/run.2012-11-19_15.49.40/xmerl_std_suite.ibm-not-wf-p64-ibm64n03.html"></testcase><testcase  name="ibm-not-wf-P64-ibm64n02" time="0.047014" timestamp="2012-11-19T15:54:18" log="/home/karl/tmp/otp_tests/logs/xmerl_test_logs/ct_run.ct@devbox.2012-11-19_15.49.06/tests.xmerl_test.logs/run.2012-11-19_15.49.40/xmerl_std_suite.ibm-not-wf-p64-ibm64n02.html"></testcase><testcase  name="ibm-not-wf-P64-ibm64n01" time="0.045660" timestamp="2012-11-19T15:54:18" log="/home/karl/tmp/otp_tests/logs/xmerl_test_logs/ct_run.ct@devbox.2012-11-19_15.49.06/tests.xmerl_test.logs/run.2012-11-19_15.49.40/xmerl_std_suite.ibm-not-wf-p64-ibm64n01.html"></testcase><testcase  name="ibm-not-wf-P63-ibm63n07" time="0.047437" timestamp="2012-11-19T15:54:18" log="/home/karl/tmp/otp_tests/logs/xmerl_test_logs/ct_run.ct@devbox.2012-11-19_15.49.06/tests.xmerl_test.logs/run.2012-11-19_15.49.40/xmerl_std_suite.ibm-not-wf-p63-ibm63n07.html"></testcase><testcase  name="ibm-not-wf-P63-ibm63n06" time="0.045203" timestamp="2012-11-19T15:54:18" log="/home/karl/tmp/otp_tests/logs/xmerl_test_logs/ct_run.ct@devbox.2012-11-19_15.49.06/tests.xmerl_test.logs/run.2012-11-19_15.49.40/xmerl_std_suite.ibm-not-wf-p63-ibm63n06.html"></testcase><testcase  name="ibm-not-wf-P63-ibm63n05" time="0.045599" timestamp="2012-11-19T15:54:18" log="/home/karl/tmp/otp_tests/logs/xmerl_test_logs/ct_run.ct@devbox.2012-11-19_15.49.06/tests.xmerl_test.logs/run.2012-11-19_15.49.40/xmerl_std_suite.ibm-not-wf-p63-ibm63n05.html"></testcase><testcase  name="ibm-not-wf-P63-ibm63n04" time="0.045322" timestamp="2012-11-19T15:54:19" log="/home/karl/tmp/otp_tests/logs/xmerl_test_logs/ct_run.ct@devbox.2012-11-19_15.49.06/tests.xmerl_test.logs/run.2012-11-19_15.49.40/xmerl_std_suite.ibm-not-wf-p63-ibm63n04.html"></testcase><testcase  name="ibm-not-wf-P63-ibm63n03" time="0.054477" timestamp="2012-11-19T15:54:19" log="/home/karl/tmp/otp_tests/logs/xmerl_test_logs/ct_run.ct@devbox.2012-11-19_15.49.06/tests.xmerl_test.logs/run.2012-11-19_15.49.40/xmerl_std_suite.ibm-not-wf-p63-ibm63n03.html"></testcase><testcase  name="ibm-not-wf-P63-ibm63n02" time="0.046529" timestamp="2012-11-19T15:54:19" log="/home/karl/tmp/otp_tests/logs/xmerl_test_logs/ct_run.ct@devbox.2012-11-19_15.49.06/tests.xmerl_test.logs/run.2012-11-19_15.49.40/xmerl_std_suite.ibm-not-wf-p63-ibm63n02.html"></testcase><testcase  name="ibm-not-wf-P63-ibm63n01" time="0.054228" timestamp="2012-11-19T15:54:19" log="/home/karl/tmp/otp_tests/logs/xmerl_test_logs/ct_run.ct@devbox.2012-11-19_15.49.06/tests.xmerl_test.logs/run.2012-11-19_15.49.40/xmerl_std_suite.ibm-not-wf-p63-ibm63n01.html"></testcase><testcase  name="ibm-not-wf-P62-ibm62n08" time="0.045570" timestamp="2012-11-19T15:54:19" log="/home/karl/tmp/otp_tests/logs/xmerl_test_logs/ct_run.ct@devbox.2012-11-19_15.49.06/tests.xmerl_test.logs/run.2012-11-19_15.49.40/xmerl_std_suite.ibm-not-wf-p62-ibm62n08.html"></testcase><testcase  name="ibm-not-wf-P62-ibm62n07" time="0.046009" timestamp="2012-11-19T15:54:19" log="/home/karl/tmp/otp_tests/logs/xmerl_test_logs/ct_run.ct@devbox.2012-11-19_15.49.06/tests.xmerl_test.logs/run.2012-11-19_15.49.40/xmerl_std_suite.ibm-not-wf-p62-ibm62n07.html"></testcase><testcase  name="ibm-not-wf-P62-ibm62n06" time="0.045267" timestamp="2012-11-19T15:54:19" log="/home/karl/tmp/otp_tests/logs/xmerl_test_logs/ct_run.ct@devbox.2012-11-19_15.49.06/tests.xmerl_test.logs/run.2012-11-19_15.49.40/xmerl_std_suite.ibm-not-wf-p62-ibm62n06.html"></testcase><testcase  name="ibm-not-wf-P62-ibm62n05" time="0.045987" timestamp="2012-11-19T15:54:19" log="/home/karl/tmp/otp_tests/logs/xmerl_test_logs/ct_run.ct@devbox.2012-11-19_15.49.06/tests.xmerl_test.logs/run.2012-11-19_15.49.40/xmerl_std_suite.ibm-not-wf-p62-ibm62n05.html"></testcase><testcase  name="ibm-not-wf-P62-ibm62n04" time="0.044746" timestamp="2012-11-19T15:54:19" log="/home/karl/tmp/otp_tests/logs/xmerl_test_logs/ct_run.ct@devbox.2012-11-19_15.49.06/tests.xmerl_test.logs/run.2012-11-19_15.49.40/xmerl_std_suite.ibm-not-wf-p62-ibm62n04.html"></testcase><testcase  name="ibm-not-wf-P62-ibm62n03" time="0.044944" timestamp="2012-11-19T15:54:20" log="/home/karl/tmp/otp_tests/logs/xmerl_test_logs/ct_run.ct@devbox.2012-11-19_15.49.06/tests.xmerl_test.logs/run.2012-11-19_15.49.40/xmerl_std_suite.ibm-not-wf-p62-ibm62n03.html"></testcase><testcase  name="ibm-not-wf-P62-ibm62n02" time="0.046097" timestamp="2012-11-19T15:54:20" log="/home/karl/tmp/otp_tests/logs/xmerl_test_logs/ct_run.ct@devbox.2012-11-19_15.49.06/tests.xmerl_test.logs/run.2012-11-19_15.49.40/xmerl_std_suite.ibm-not-wf-p62-ibm62n02.html"></testcase><testcase  name="ibm-not-wf-P62-ibm62n01" time="0.045608" timestamp="2012-11-19T15:54:20" log="/home/karl/tmp/otp_tests/logs/xmerl_test_logs/ct_run.ct@devbox.2012-11-19_15.49.06/tests.xmerl_test.logs/run.2012-11-19_15.49.40/xmerl_std_suite.ibm-not-wf-p62-ibm62n01.html"></testcase><testcase  name="ibm-not-wf-P61-ibm61n01" time="0.045091" timestamp="2012-11-19T15:54:20" log="/home/karl/tmp/otp_tests/logs/xmerl_test_logs/ct_run.ct@devbox.2012-11-19_15.49.06/tests.xmerl_test.logs/run.2012-11-19_15.49.40/xmerl_std_suite.ibm-not-wf-p61-ibm61n01.html"></testcase><testcase  name="ibm-not-wf-P60-ibm60n08" time="0.047733" timestamp="2012-11-19T15:54:20" log="/home/karl/tmp/otp_tests/logs/xmerl_test_logs/ct_run.ct@devbox.2012-11-19_15.49.06/tests.xmerl_test.logs/run.2012-11-19_15.49.40/xmerl_std_suite.ibm-not-wf-p60-ibm60n08.html"></testcase><testcase  name="ibm-not-wf-P60-ibm60n07" time="0.049390" timestamp="2012-11-19T15:54:20" log="/home/karl/tmp/otp_tests/logs/xmerl_test_logs/ct_run.ct@devbox.2012-11-19_15.49.06/tests.xmerl_test.logs/run.2012-11-19_15.49.40/xmerl_std_suite.ibm-not-wf-p60-ibm60n07.html"></testcase><testcase  name="ibm-not-wf-P60-ibm60n06" time="0.047279" timestamp="2012-11-19T15:54:20" log="/home/karl/tmp/otp_tests/logs/xmerl_test_logs/ct_run.ct@devbox.2012-11-19_15.49.06/tests.xmerl_test.logs/run.2012-11-19_15.49.40/xmerl_std_suite.ibm-not-wf-p60-ibm60n06.html"></testcase><testcase  name="ibm-not-wf-P60-ibm60n05" time="0.047541" timestamp="2012-11-19T15:54:20" log="/home/karl/tmp/otp_tests/logs/xmerl_test_logs/ct_run.ct@devbox.2012-11-19_15.49.06/tests.xmerl_test.logs/run.2012-11-19_15.49.40/xmerl_std_suite.ibm-not-wf-p60-ibm60n05.html"></testcase><testcase  name="ibm-not-wf-P60-ibm60n04" time="0.047455" timestamp="2012-11-19T15:54:20" log="/home/karl/tmp/otp_tests/logs/xmerl_test_logs/ct_run.ct@devbox.2012-11-19_15.49.06/tests.xmerl_test.logs/run.2012-11-19_15.49.40/xmerl_std_suite.ibm-not-wf-p60-ibm60n04.html"></testcase><testcase  name="ibm-not-wf-P60-ibm60n03" time="0.049625" timestamp="2012-11-19T15:54:21" log="/home/karl/tmp/otp_tests/logs/xmerl_test_logs/ct_run.ct@devbox.2012-11-19_15.49.06/tests.xmerl_test.logs/run.2012-11-19_15.49.40/xmerl_std_suite.ibm-not-wf-p60-ibm60n03.html"></testcase><testcase  name="ibm-not-wf-P60-ibm60n02" time="0.047668" timestamp="2012-11-19T15:54:21" log="/home/karl/tmp/otp_tests/logs/xmerl_test_logs/ct_run.ct@devbox.2012-11-19_15.49.06/tests.xmerl_test.logs/run.2012-11-19_15.49.40/xmerl_std_suite.ibm-not-wf-p60-ibm60n02.html"></testcase><testcase  name="ibm-not-wf-P60-ibm60n01" time="0.048260" timestamp="2012-11-19T15:54:21" log="/home/karl/tmp/otp_tests/logs/xmerl_test_logs/ct_run.ct@devbox.2012-11-19_15.49.06/tests.xmerl_test.logs/run.2012-11-19_15.49.40/xmerl_std_suite.ibm-not-wf-p60-ibm60n01.html"></testcase><testcase  name="ibm-not-wf-P59-ibm59n06" time="0.058607" timestamp="2012-11-19T15:54:21" log="/home/karl/tmp/otp_tests/logs/xmerl_test_logs/ct_run.ct@devbox.2012-11-19_15.49.06/tests.xmerl_test.logs/run.2012-11-19_15.49.40/xmerl_std_suite.ibm-not-wf-p59-ibm59n06.html"></testcase><testcase  name="ibm-not-wf-P59-ibm59n05" time="0.047459" timestamp="2012-11-19T15:54:21" log="/home/karl/tmp/otp_tests/logs/xmerl_test_logs/ct_run.ct@devbox.2012-11-19_15.49.06/tests.xmerl_test.logs/run.2012-11-19_15.49.40/xmerl_std_suite.ibm-not-wf-p59-ibm59n05.html"></testcase><testcase  name="ibm-not-wf-P59-ibm59n04" time="0.048690" timestamp="2012-11-19T15:54:21" log="/home/karl/tmp/otp_tests/logs/xmerl_test_logs/ct_run.ct@devbox.2012-11-19_15.49.06/tests.xmerl_test.logs/run.2012-11-19_15.49.40/xmerl_std_suite.ibm-not-wf-p59-ibm59n04.html"></testcase><testcase  name="ibm-not-wf-P59-ibm59n03" time="0.045378" timestamp="2012-11-19T15:54:21" log="/home/karl/tmp/otp_tests/logs/xmerl_test_logs/ct_run.ct@devbox.2012-11-19_15.49.06/tests.xmerl_test.logs/run.2012-11-19_15.49.40/xmerl_std_suite.ibm-not-wf-p59-ibm59n03.html"></testcase><testcase  name="ibm-not-wf-P59-ibm59n02" time="0.045726" timestamp="2012-11-19T15:54:21" log="/home/karl/tmp/otp_tests/logs/xmerl_test_logs/ct_run.ct@devbox.2012-11-19_15.49.06/tests.xmerl_test.logs/run.2012-11-19_15.49.40/xmerl_std_suite.ibm-not-wf-p59-ibm59n02.html"></testcase><testcase  name="ibm-not-wf-P59-ibm59n01" time="0.044897" timestamp="2012-11-19T15:54:22" log="/home/karl/tmp/otp_tests/logs/xmerl_test_logs/ct_run.ct@devbox.2012-11-19_15.49.06/tests.xmerl_test.logs/run.2012-11-19_15.49.40/xmerl_std_suite.ibm-not-wf-p59-ibm59n01.html"></testcase><testcase  name="ibm-not-wf-P58-ibm58n08" time="0.047735" timestamp="2012-11-19T15:54:22" log="/home/karl/tmp/otp_tests/logs/xmerl_test_logs/ct_run.ct@devbox.2012-11-19_15.49.06/tests.xmerl_test.logs/run.2012-11-19_15.49.40/xmerl_std_suite.ibm-not-wf-p58-ibm58n08.html"></testcase><testcase  name="ibm-not-wf-P58-ibm58n07" time="0.047764" timestamp="2012-11-19T15:54:22" log="/home/karl/tmp/otp_tests/logs/xmerl_test_logs/ct_run.ct@devbox.2012-11-19_15.49.06/tests.xmerl_test.logs/run.2012-11-19_15.49.40/xmerl_std_suite.ibm-not-wf-p58-ibm58n07.html"></testcase><testcase  name="ibm-not-wf-P58-ibm58n06" time="0.045206" timestamp="2012-11-19T15:54:22" log="/home/karl/tmp/otp_tests/logs/xmerl_test_logs/ct_run.ct@devbox.2012-11-19_15.49.06/tests.xmerl_test.logs/run.2012-11-19_15.49.40/xmerl_std_suite.ibm-not-wf-p58-ibm58n06.html"></testcase><testcase  name="ibm-not-wf-P58-ibm58n05" time="0.050900" timestamp="2012-11-19T15:54:22" log="/home/karl/tmp/otp_tests/logs/xmerl_test_logs/ct_run.ct@devbox.2012-11-19_15.49.06/tests.xmerl_test.logs/run.2012-11-19_15.49.40/xmerl_std_suite.ibm-not-wf-p58-ibm58n05.html"></testcase><testcase  name="ibm-not-wf-P58-ibm58n04" time="0.046621" timestamp="2012-11-19T15:54:22" log="/home/karl/tmp/otp_tests/logs/xmerl_test_logs/ct_run.ct@devbox.2012-11-19_15.49.06/tests.xmerl_test.logs/run.2012-11-19_15.49.40/xmerl_std_suite.ibm-not-wf-p58-ibm58n04.html"></testcase><testcase  name="ibm-not-wf-P58-ibm58n03" time="0.047483" timestamp="2012-11-19T15:54:22" log="/home/karl/tmp/otp_tests/logs/xmerl_test_logs/ct_run.ct@devbox.2012-11-19_15.49.06/tests.xmerl_test.logs/run.2012-11-19_15.49.40/xmerl_std_suite.ibm-not-wf-p58-ibm58n03.html"></testcase><testcase  name="ibm-not-wf-P58-ibm58n02" time="0.047005" timestamp="2012-11-19T15:54:22" log="/home/karl/tmp/otp_tests/logs/xmerl_test_logs/ct_run.ct@devbox.2012-11-19_15.49.06/tests.xmerl_test.logs/run.2012-11-19_15.49.40/xmerl_std_suite.ibm-not-wf-p58-ibm58n02.html"></testcase><testcase  name="ibm-not-wf-P58-ibm58n01" time="0.048294" timestamp="2012-11-19T15:54:22" log="/home/karl/tmp/otp_tests/logs/xmerl_test_logs/ct_run.ct@devbox.2012-11-19_15.49.06/tests.xmerl_test.logs/run.2012-11-19_15.49.40/xmerl_std_suite.ibm-not-wf-p58-ibm58n01.html"></testcase><testcase  name="ibm-not-wf-P57-ibm57n01" time="0.047056" timestamp="2012-11-19T15:54:23" log="/home/karl/tmp/otp_tests/logs/xmerl_test_logs/ct_run.ct@devbox.2012-11-19_15.49.06/tests.xmerl_test.logs/run.2012-11-19_15.49.40/xmerl_std_suite.ibm-not-wf-p57-ibm57n01.html"></testcase><testcase  name="ibm-not-wf-P56-ibm56n07" time="0.045744" timestamp="2012-11-19T15:54:23" log="/home/karl/tmp/otp_tests/logs/xmerl_test_logs/ct_run.ct@devbox.2012-11-19_15.49.06/tests.xmerl_test.logs/run.2012-11-19_15.49.40/xmerl_std_suite.ibm-not-wf-p56-ibm56n07.html"></testcase><testcase  name="ibm-not-wf-P56-ibm56n06" time="0.046422" timestamp="2012-11-19T15:54:23" log="/home/karl/tmp/otp_tests/logs/xmerl_test_logs/ct_run.ct@devbox.2012-11-19_15.49.06/tests.xmerl_test.logs/run.2012-11-19_15.49.40/xmerl_std_suite.ibm-not-wf-p56-ibm56n06.html"></testcase><testcase  name="ibm-not-wf-P56-ibm56n05" time="0.046211" timestamp="2012-11-19T15:54:23" log="/home/karl/tmp/otp_tests/logs/xmerl_test_logs/ct_run.ct@devbox.2012-11-19_15.49.06/tests.xmerl_test.logs/run.2012-11-19_15.49.40/xmerl_std_suite.ibm-not-wf-p56-ibm56n05.html"></testcase><testcase  name="ibm-not-wf-P56-ibm56n04" time="0.048602" timestamp="2012-11-19T15:54:23" log="/home/karl/tmp/otp_tests/logs/xmerl_test_logs/ct_run.ct@devbox.2012-11-19_15.49.06/tests.xmerl_test.logs/run.2012-11-19_15.49.40/xmerl_std_suite.ibm-not-wf-p56-ibm56n04.html"></testcase><testcase  name="ibm-not-wf-P56-ibm56n03" time="0.045427" timestamp="2012-11-19T15:54:23" log="/home/karl/tmp/otp_tests/logs/xmerl_test_logs/ct_run.ct@devbox.2012-11-19_15.49.06/tests.xmerl_test.logs/run.2012-11-19_15.49.40/xmerl_std_suite.ibm-not-wf-p56-ibm56n03.html"></testcase><testcase  name="ibm-not-wf-P56-ibm56n02" time="0.045965" timestamp="2012-11-19T15:54:23" log="/home/karl/tmp/otp_tests/logs/xmerl_test_logs/ct_run.ct@devbox.2012-11-19_15.49.06/tests.xmerl_test.logs/run.2012-11-19_15.49.40/xmerl_std_suite.ibm-not-wf-p56-ibm56n02.html"></testcase><testcase  name="ibm-not-wf-P56-ibm56n01" time="0.045098" timestamp="2012-11-19T15:54:23" log="/home/karl/tmp/otp_tests/logs/xmerl_test_logs/ct_run.ct@devbox.2012-11-19_15.49.06/tests.xmerl_test.logs/run.2012-11-19_15.49.40/xmerl_std_suite.ibm-not-wf-p56-ibm56n01.html"></testcase><testcase  name="ibm-not-wf-P55-ibm55n03" time="0.045766" timestamp="2012-11-19T15:54:23" log="/home/karl/tmp/otp_tests/logs/xmerl_test_logs/ct_run.ct@devbox.2012-11-19_15.49.06/tests.xmerl_test.logs/run.2012-11-19_15.49.40/xmerl_std_suite.ibm-not-wf-p55-ibm55n03.html"></testcase><testcase  name="ibm-not-wf-P55-ibm55n02" time="0.044724" timestamp="2012-11-19T15:54:24" log="/home/karl/tmp/otp_tests/logs/xmerl_test_logs/ct_run.ct@devbox.2012-11-19_15.49.06/tests.xmerl_test.logs/run.2012-11-19_15.49.40/xmerl_std_suite.ibm-not-wf-p55-ibm55n02.html"></testcase><testcase  name="ibm-not-wf-P55-ibm55n01" time="0.053907" timestamp="2012-11-19T15:54:24" log="/home/karl/tmp/otp_tests/logs/xmerl_test_logs/ct_run.ct@devbox.2012-11-19_15.49.06/tests.xmerl_test.logs/run.2012-11-19_15.49.40/xmerl_std_suite.ibm-not-wf-p55-ibm55n01.html"></testcase><testcase  name="ibm-not-wf-P54-ibm54n02" time="0.046109" timestamp="2012-11-19T15:54:24" log="/home/karl/tmp/otp_tests/logs/xmerl_test_logs/ct_run.ct@devbox.2012-11-19_15.49.06/tests.xmerl_test.logs/run.2012-11-19_15.49.40/xmerl_std_suite.ibm-not-wf-p54-ibm54n02.html"></testcase><testcase  name="ibm-not-wf-P54-ibm54n01" time="0.060363" timestamp="2012-11-19T15:54:24" log="/home/karl/tmp/otp_tests/logs/xmerl_test_logs/ct_run.ct@devbox.2012-11-19_15.49.06/tests.xmerl_test.logs/run.2012-11-19_15.49.40/xmerl_std_suite.ibm-not-wf-p54-ibm54n01.html"></testcase><testcase  name="ibm-not-wf-P53-ibm53n08" time="0.044744" timestamp="2012-11-19T15:54:24" log="/home/karl/tmp/otp_tests/logs/xmerl_test_logs/ct_run.ct@devbox.2012-11-19_15.49.06/tests.xmerl_test.logs/run.2012-11-19_15.49.40/xmerl_std_suite.ibm-not-wf-p53-ibm53n08.html"></testcase><testcase  name="ibm-not-wf-P53-ibm53n07" time="0.045892" timestamp="2012-11-19T15:54:24" log="/home/karl/tmp/otp_tests/logs/xmerl_test_logs/ct_run.ct@devbox.2012-11-19_15.49.06/tests.xmerl_test.logs/run.2012-11-19_15.49.40/xmerl_std_suite.ibm-not-wf-p53-ibm53n07.html"></testcase><testcase  name="ibm-not-wf-P53-ibm53n06" time="0.046474" timestamp="2012-11-19T15:54:24" log="/home/karl/tmp/otp_tests/logs/xmerl_test_logs/ct_run.ct@devbox.2012-11-19_15.49.06/tests.xmerl_test.logs/run.2012-11-19_15.49.40/xmerl_std_suite.ibm-not-wf-p53-ibm53n06.html"></testcase><testcase  name="ibm-not-wf-P53-ibm53n05" time="0.046055" timestamp="2012-11-19T15:54:24" log="/home/karl/tmp/otp_tests/logs/xmerl_test_logs/ct_run.ct@devbox.2012-11-19_15.49.06/tests.xmerl_test.logs/run.2012-11-19_15.49.40/xmerl_std_suite.ibm-not-wf-p53-ibm53n05.html"></testcase><testcase  name="ibm-not-wf-P53-ibm53n04" time="0.046012" timestamp="2012-11-19T15:54:25" log="/home/karl/tmp/otp_tests/logs/xmerl_test_logs/ct_run.ct@devbox.2012-11-19_15.49.06/tests.xmerl_test.logs/run.2012-11-19_15.49.40/xmerl_std_suite.ibm-not-wf-p53-ibm53n04.html"></testcase><testcase  name="ibm-not-wf-P53-ibm53n03" time="0.045226" timestamp="2012-11-19T15:54:25" log="/home/karl/tmp/otp_tests/logs/xmerl_test_logs/ct_run.ct@devbox.2012-11-19_15.49.06/tests.xmerl_test.logs/run.2012-11-19_15.49.40/xmerl_std_suite.ibm-not-wf-p53-ibm53n03.html"></testcase><testcase  name="ibm-not-wf-P53-ibm53n02" time="0.045690" timestamp="2012-11-19T15:54:25" log="/home/karl/tmp/otp_tests/logs/xmerl_test_logs/ct_run.ct@devbox.2012-11-19_15.49.06/tests.xmerl_test.logs/run.2012-11-19_15.49.40/xmerl_std_suite.ibm-not-wf-p53-ibm53n02.html"></testcase><testcase  name="ibm-not-wf-P53-ibm53n01" time="0.045585" timestamp="2012-11-19T15:54:25" log="/home/karl/tmp/otp_tests/logs/xmerl_test_logs/ct_run.ct@devbox.2012-11-19_15.49.06/tests.xmerl_test.logs/run.2012-11-19_15.49.40/xmerl_std_suite.ibm-not-wf-p53-ibm53n01.html"></testcase><testcase  name="ibm-not-wf-P52-ibm52n06" time="0.061893" timestamp="2012-11-19T15:54:25" log="/home/karl/tmp/otp_tests/logs/xmerl_test_logs/ct_run.ct@devbox.2012-11-19_15.49.06/tests.xmerl_test.logs/run.2012-11-19_15.49.40/xmerl_std_suite.ibm-not-wf-p52-ibm52n06.html"></testcase><testcase  name="ibm-not-wf-P52-ibm52n05" time="0.046326" timestamp="2012-11-19T15:54:25" log="/home/karl/tmp/otp_tests/logs/xmerl_test_logs/ct_run.ct@devbox.2012-11-19_15.49.06/tests.xmerl_test.logs/run.2012-11-19_15.49.40/xmerl_std_suite.ibm-not-wf-p52-ibm52n05.html"></testcase><testcase  name="ibm-not-wf-P52-ibm52n04" time="0.045349" timestamp="2012-11-19T15:54:25" log="/home/karl/tmp/otp_tests/logs/xmerl_test_logs/ct_run.ct@devbox.2012-11-19_15.49.06/tests.xmerl_test.logs/run.2012-11-19_15.49.40/xmerl_std_suite.ibm-not-wf-p52-ibm52n04.html"></testcase><testcase  name="ibm-not-wf-P52-ibm52n03" time="0.045852" timestamp="2012-11-19T15:54:25" log="/home/karl/tmp/otp_tests/logs/xmerl_test_logs/ct_run.ct@devbox.2012-11-19_15.49.06/tests.xmerl_test.logs/run.2012-11-19_15.49.40/xmerl_std_suite.ibm-not-wf-p52-ibm52n03.html"></testcase><testcase  name="ibm-not-wf-P52-ibm52n02" time="0.046441" timestamp="2012-11-19T15:54:25" log="/home/karl/tmp/otp_tests/logs/xmerl_test_logs/ct_run.ct@devbox.2012-11-19_15.49.06/tests.xmerl_test.logs/run.2012-11-19_15.49.40/xmerl_std_suite.ibm-not-wf-p52-ibm52n02.html"></testcase><testcase  name="ibm-not-wf-P52-ibm52n01" time="0.046188" timestamp="2012-11-19T15:54:26" log="/home/karl/tmp/otp_tests/logs/xmerl_test_logs/ct_run.ct@devbox.2012-11-19_15.49.06/tests.xmerl_test.logs/run.2012-11-19_15.49.40/xmerl_std_suite.ibm-not-wf-p52-ibm52n01.html"></testcase><testcase  name="ibm-not-wf-P51-ibm51n07" time="0.045268" timestamp="2012-11-19T15:54:26" log="/home/karl/tmp/otp_tests/logs/xmerl_test_logs/ct_run.ct@devbox.2012-11-19_15.49.06/tests.xmerl_test.logs/run.2012-11-19_15.49.40/xmerl_std_suite.ibm-not-wf-p51-ibm51n07.html"></testcase><testcase  name="ibm-not-wf-P51-ibm51n06" time="0.048444" timestamp="2012-11-19T15:54:26" log="/home/karl/tmp/otp_tests/logs/xmerl_test_logs/ct_run.ct@devbox.2012-11-19_15.49.06/tests.xmerl_test.logs/run.2012-11-19_15.49.40/xmerl_std_suite.ibm-not-wf-p51-ibm51n06.html"></testcase><testcase  name="ibm-not-wf-P51-ibm51n05" time="0.045993" timestamp="2012-11-19T15:54:26" log="/home/karl/tmp/otp_tests/logs/xmerl_test_logs/ct_run.ct@devbox.2012-11-19_15.49.06/tests.xmerl_test.logs/run.2012-11-19_15.49.40/xmerl_std_suite.ibm-not-wf-p51-ibm51n05.html"></testcase><testcase  name="ibm-not-wf-P51-ibm51n04" time="0.048507" timestamp="2012-11-19T15:54:26" log="/home/karl/tmp/otp_tests/logs/xmerl_test_logs/ct_run.ct@devbox.2012-11-19_15.49.06/tests.xmerl_test.logs/run.2012-11-19_15.49.40/xmerl_std_suite.ibm-not-wf-p51-ibm51n04.html"></testcase><testcase  name="ibm-not-wf-P51-ibm51n03" time="0.046845" timestamp="2012-11-19T15:54:26" log="/home/karl/tmp/otp_tests/logs/xmerl_test_logs/ct_run.ct@devbox.2012-11-19_15.49.06/tests.xmerl_test.logs/run.2012-11-19_15.49.40/xmerl_std_suite.ibm-not-wf-p51-ibm51n03.html"></testcase><testcase  name="ibm-not-wf-P51-ibm51n02" time="0.046444" timestamp="2012-11-19T15:54:26" log="/home/karl/tmp/otp_tests/logs/xmerl_test_logs/ct_run.ct@devbox.2012-11-19_15.49.06/tests.xmerl_test.logs/run.2012-11-19_15.49.40/xmerl_std_suite.ibm-not-wf-p51-ibm51n02.html"></testcase><testcase  name="ibm-not-wf-P51-ibm51n01" time="0.045139" timestamp="2012-11-19T15:54:26" log="/home/karl/tmp/otp_tests/logs/xmerl_test_logs/ct_run.ct@devbox.2012-11-19_15.49.06/tests.xmerl_test.logs/run.2012-11-19_15.49.40/xmerl_std_suite.ibm-not-wf-p51-ibm51n01.html"></testcase><testcase  name="ibm-not-wf-P50-ibm50n07" time="0.047240" timestamp="2012-11-19T15:54:26" log="/home/karl/tmp/otp_tests/logs/xmerl_test_logs/ct_run.ct@devbox.2012-11-19_15.49.06/tests.xmerl_test.logs/run.2012-11-19_15.49.40/xmerl_std_suite.ibm-not-wf-p50-ibm50n07.html"></testcase><testcase  name="ibm-not-wf-P50-ibm50n06" time="0.049057" timestamp="2012-11-19T15:54:27" log="/home/karl/tmp/otp_tests/logs/xmerl_test_logs/ct_run.ct@devbox.2012-11-19_15.49.06/tests.xmerl_test.logs/run.2012-11-19_15.49.40/xmerl_std_suite.ibm-not-wf-p50-ibm50n06.html"></testcase><testcase  name="ibm-not-wf-P50-ibm50n05" time="0.046409" timestamp="2012-11-19T15:54:27" log="/home/karl/tmp/otp_tests/logs/xmerl_test_logs/ct_run.ct@devbox.2012-11-19_15.49.06/tests.xmerl_test.logs/run.2012-11-19_15.49.40/xmerl_std_suite.ibm-not-wf-p50-ibm50n05.html"></testcase><testcase  name="ibm-not-wf-P50-ibm50n04" time="0.045050" timestamp="2012-11-19T15:54:27" log="/home/karl/tmp/otp_tests/logs/xmerl_test_logs/ct_run.ct@devbox.2012-11-19_15.49.06/tests.xmerl_test.logs/run.2012-11-19_15.49.40/xmerl_std_suite.ibm-not-wf-p50-ibm50n04.html"></testcase><testcase  name="ibm-not-wf-P50-ibm50n03" time="0.045829" timestamp="2012-11-19T15:54:27" log="/home/karl/tmp/otp_tests/logs/xmerl_test_logs/ct_run.ct@devbox.2012-11-19_15.49.06/tests.xmerl_test.logs/run.2012-11-19_15.49.40/xmerl_std_suite.ibm-not-wf-p50-ibm50n03.html"></testcase><testcase  name="ibm-not-wf-P50-ibm50n02" time="0.047980" timestamp="2012-11-19T15:54:27" log="/home/karl/tmp/otp_tests/logs/xmerl_test_logs/ct_run.ct@devbox.2012-11-19_15.49.06/tests.xmerl_test.logs/run.2012-11-19_15.49.40/xmerl_std_suite.ibm-not-wf-p50-ibm50n02.html"></testcase><testcase  name="ibm-not-wf-P50-ibm50n01" time="0.045032" timestamp="2012-11-19T15:54:27" log="/home/karl/tmp/otp_tests/logs/xmerl_test_logs/ct_run.ct@devbox.2012-11-19_15.49.06/tests.xmerl_test.logs/run.2012-11-19_15.49.40/xmerl_std_suite.ibm-not-wf-p50-ibm50n01.html"></testcase><testcase  name="ibm-not-wf-P49-ibm49n06" time="0.044862" timestamp="2012-11-19T15:54:27" log="/home/karl/tmp/otp_tests/logs/xmerl_test_logs/ct_run.ct@devbox.2012-11-19_15.49.06/tests.xmerl_test.logs/run.2012-11-19_15.49.40/xmerl_std_suite.ibm-not-wf-p49-ibm49n06.html"></testcase><testcase  name="ibm-not-wf-P49-ibm49n05" time="0.075853" timestamp="2012-11-19T15:54:27" log="/home/karl/tmp/otp_tests/logs/xmerl_test_logs/ct_run.ct@devbox.2012-11-19_15.49.06/tests.xmerl_test.logs/run.2012-11-19_15.49.40/xmerl_std_suite.ibm-not-wf-p49-ibm49n05.html"></testcase><testcase  name="ibm-not-wf-P49-ibm49n04" time="0.071854" timestamp="2012-11-19T15:54:28" log="/home/karl/tmp/otp_tests/logs/xmerl_test_logs/ct_run.ct@devbox.2012-11-19_15.49.06/tests.xmerl_test.logs/run.2012-11-19_15.49.40/xmerl_std_suite.ibm-not-wf-p49-ibm49n04.html"></testcase><testcase  name="ibm-not-wf-P49-ibm49n03" time="0.048604" timestamp="2012-11-19T15:54:28" log="/home/karl/tmp/otp_tests/logs/xmerl_test_logs/ct_run.ct@devbox.2012-11-19_15.49.06/tests.xmerl_test.logs/run.2012-11-19_15.49.40/xmerl_std_suite.ibm-not-wf-p49-ibm49n03.html"></testcase><testcase  name="ibm-not-wf-P49-ibm49n02" time="0.049994" timestamp="2012-11-19T15:54:28" log="/home/karl/tmp/otp_tests/logs/xmerl_test_logs/ct_run.ct@devbox.2012-11-19_15.49.06/tests.xmerl_test.logs/run.2012-11-19_15.49.40/xmerl_std_suite.ibm-not-wf-p49-ibm49n02.html"></testcase><testcase  name="ibm-not-wf-P49-ibm49n01" time="0.051271" timestamp="2012-11-19T15:54:28" log="/home/karl/tmp/otp_tests/logs/xmerl_test_logs/ct_run.ct@devbox.2012-11-19_15.49.06/tests.xmerl_test.logs/run.2012-11-19_15.49.40/xmerl_std_suite.ibm-not-wf-p49-ibm49n01.html"></testcase><testcase  name="ibm-not-wf-P48-ibm48n07" time="0.060822" timestamp="2012-11-19T15:54:28" log="/home/karl/tmp/otp_tests/logs/xmerl_test_logs/ct_run.ct@devbox.2012-11-19_15.49.06/tests.xmerl_test.logs/run.2012-11-19_15.49.40/xmerl_std_suite.ibm-not-wf-p48-ibm48n07.html"></testcase><testcase  name="ibm-not-wf-P48-ibm48n06" time="0.061042" timestamp="2012-11-19T15:54:28" log="/home/karl/tmp/otp_tests/logs/xmerl_test_logs/ct_run.ct@devbox.2012-11-19_15.49.06/tests.xmerl_test.logs/run.2012-11-19_15.49.40/xmerl_std_suite.ibm-not-wf-p48-ibm48n06.html"></testcase><testcase  name="ibm-not-wf-P48-ibm48n05" time="0.099938" timestamp="2012-11-19T15:54:28" log="/home/karl/tmp/otp_tests/logs/xmerl_test_logs/ct_run.ct@devbox.2012-11-19_15.49.06/tests.xmerl_test.logs/run.2012-11-19_15.49.40/xmerl_std_suite.ibm-not-wf-p48-ibm48n05.html"></testcase><testcase  name="ibm-not-wf-P48-ibm48n04" time="0.069971" timestamp="2012-11-19T15:54:29" log="/home/karl/tmp/otp_tests/logs/xmerl_test_logs/ct_run.ct@devbox.2012-11-19_15.49.06/tests.xmerl_test.logs/run.2012-11-19_15.49.40/xmerl_std_suite.ibm-not-wf-p48-ibm48n04.html"></testcase><testcase  name="ibm-not-wf-P48-ibm48n03" time="0.068806" timestamp="2012-11-19T15:54:29" log="/home/karl/tmp/otp_tests/logs/xmerl_test_logs/ct_run.ct@devbox.2012-11-19_15.49.06/tests.xmerl_test.logs/run.2012-11-19_15.49.40/xmerl_std_suite.ibm-not-wf-p48-ibm48n03.html"></testcase><testcase  name="ibm-not-wf-P48-ibm48n02" time="0.061268" timestamp="2012-11-19T15:54:29" log="/home/karl/tmp/otp_tests/logs/xmerl_test_logs/ct_run.ct@devbox.2012-11-19_15.49.06/tests.xmerl_test.logs/run.2012-11-19_15.49.40/xmerl_std_suite.ibm-not-wf-p48-ibm48n02.html"></testcase><testcase  name="ibm-not-wf-P48-ibm48n01" time="0.059650" timestamp="2012-11-19T15:54:29" log="/home/karl/tmp/otp_tests/logs/xmerl_test_logs/ct_run.ct@devbox.2012-11-19_15.49.06/tests.xmerl_test.logs/run.2012-11-19_15.49.40/xmerl_std_suite.ibm-not-wf-p48-ibm48n01.html"></testcase><testcase  name="ibm-not-wf-P47-ibm47n06" time="0.066629" timestamp="2012-11-19T15:54:29" log="/home/karl/tmp/otp_tests/logs/xmerl_test_logs/ct_run.ct@devbox.2012-11-19_15.49.06/tests.xmerl_test.logs/run.2012-11-19_15.49.40/xmerl_std_suite.ibm-not-wf-p47-ibm47n06.html"></testcase><testcase  name="ibm-not-wf-P47-ibm47n05" time="0.047297" timestamp="2012-11-19T15:54:29" log="/home/karl/tmp/otp_tests/logs/xmerl_test_logs/ct_run.ct@devbox.2012-11-19_15.49.06/tests.xmerl_test.logs/run.2012-11-19_15.49.40/xmerl_std_suite.ibm-not-wf-p47-ibm47n05.html"></testcase><testcase  name="ibm-not-wf-P47-ibm47n04" time="0.056699" timestamp="2012-11-19T15:54:30" log="/home/karl/tmp/otp_tests/logs/xmerl_test_logs/ct_run.ct@devbox.2012-11-19_15.49.06/tests.xmerl_test.logs/run.2012-11-19_15.49.40/xmerl_std_suite.ibm-not-wf-p47-ibm47n04.html"></testcase><testcase  name="ibm-not-wf-P47-ibm47n03" time="0.047368" timestamp="2012-11-19T15:54:30" log="/home/karl/tmp/otp_tests/logs/xmerl_test_logs/ct_run.ct@devbox.2012-11-19_15.49.06/tests.xmerl_test.logs/run.2012-11-19_15.49.40/xmerl_std_suite.ibm-not-wf-p47-ibm47n03.html"></testcase><testcase  name="ibm-not-wf-P47-ibm47n02" time="0.046385" timestamp="2012-11-19T15:54:30" log="/home/karl/tmp/otp_tests/logs/xmerl_test_logs/ct_run.ct@devbox.2012-11-19_15.49.06/tests.xmerl_test.logs/run.2012-11-19_15.49.40/xmerl_std_suite.ibm-not-wf-p47-ibm47n02.html"></testcase><testcase  name="ibm-not-wf-P47-ibm47n01" time="0.045668" timestamp="2012-11-19T15:54:30" log="/home/karl/tmp/otp_tests/logs/xmerl_test_logs/ct_run.ct@devbox.2012-11-19_15.49.06/tests.xmerl_test.logs/run.2012-11-19_15.49.40/xmerl_std_suite.ibm-not-wf-p47-ibm47n01.html"></testcase><testcase  name="ibm-not-wf-P46-ibm46n05" time="0.067603" timestamp="2012-11-19T15:54:30" log="/home/karl/tmp/otp_tests/logs/xmerl_test_logs/ct_run.ct@devbox.2012-11-19_15.49.06/tests.xmerl_test.logs/run.2012-11-19_15.49.40/xmerl_std_suite.ibm-not-wf-p46-ibm46n05.html"></testcase><testcase  name="ibm-not-wf-P46-ibm46n04" time="0.055178" timestamp="2012-11-19T15:54:30" log="/home/karl/tmp/otp_tests/logs/xmerl_test_logs/ct_run.ct@devbox.2012-11-19_15.49.06/tests.xmerl_test.logs/run.2012-11-19_15.49.40/xmerl_std_suite.ibm-not-wf-p46-ibm46n04.html"></testcase><testcase  name="ibm-not-wf-P46-ibm46n03" time="0.048732" timestamp="2012-11-19T15:54:30" log="/home/karl/tmp/otp_tests/logs/xmerl_test_logs/ct_run.ct@devbox.2012-11-19_15.49.06/tests.xmerl_test.logs/run.2012-11-19_15.49.40/xmerl_std_suite.ibm-not-wf-p46-ibm46n03.html"></testcase><testcase  name="ibm-not-wf-P46-ibm46n02" time="0.049910" timestamp="2012-11-19T15:54:30" log="/home/karl/tmp/otp_tests/logs/xmerl_test_logs/ct_run.ct@devbox.2012-11-19_15.49.06/tests.xmerl_test.logs/run.2012-11-19_15.49.40/xmerl_std_suite.ibm-not-wf-p46-ibm46n02.html"></testcase><testcase  name="ibm-not-wf-P46-ibm46n01" time="0.056517" timestamp="2012-11-19T15:54:31" log="/home/karl/tmp/otp_tests/logs/xmerl_test_logs/ct_run.ct@devbox.2012-11-19_15.49.06/tests.xmerl_test.logs/run.2012-11-19_15.49.40/xmerl_std_suite.ibm-not-wf-p46-ibm46n01.html"></testcase><testcase  name="ibm-not-wf-P45-ibm45n09" time="0.087763" timestamp="2012-11-19T15:54:31" log="/home/karl/tmp/otp_tests/logs/xmerl_test_logs/ct_run.ct@devbox.2012-11-19_15.49.06/tests.xmerl_test.logs/run.2012-11-19_15.49.40/xmerl_std_suite.ibm-not-wf-p45-ibm45n09.html"></testcase><testcase  name="ibm-not-wf-P45-ibm45n08" time="0.057414" timestamp="2012-11-19T15:54:31" log="/home/karl/tmp/otp_tests/logs/xmerl_test_logs/ct_run.ct@devbox.2012-11-19_15.49.06/tests.xmerl_test.logs/run.2012-11-19_15.49.40/xmerl_std_suite.ibm-not-wf-p45-ibm45n08.html"></testcase><testcase  name="ibm-not-wf-P45-ibm45n07" time="0.049026" timestamp="2012-11-19T15:54:31" log="/home/karl/tmp/otp_tests/logs/xmerl_test_logs/ct_run.ct@devbox.2012-11-19_15.49.06/tests.xmerl_test.logs/run.2012-11-19_15.49.40/xmerl_std_suite.ibm-not-wf-p45-ibm45n07.html"></testcase><testcase  name="ibm-not-wf-P45-ibm45n06" time="0.058732" timestamp="2012-11-19T15:54:31" log="/home/karl/tmp/otp_tests/logs/xmerl_test_logs/ct_run.ct@devbox.2012-11-19_15.49.06/tests.xmerl_test.logs/run.2012-11-19_15.49.40/xmerl_std_suite.ibm-not-wf-p45-ibm45n06.html"></testcase><testcase  name="ibm-not-wf-P45-ibm45n05" time="0.046835" timestamp="2012-11-19T15:54:31" log="/home/karl/tmp/otp_tests/logs/xmerl_test_logs/ct_run.ct@devbox.2012-11-19_15.49.06/tests.xmerl_test.logs/run.2012-11-19_15.49.40/xmerl_std_suite.ibm-not-wf-p45-ibm45n05.html"></testcase><testcase  name="ibm-not-wf-P45-ibm45n04" time="0.060150" timestamp="2012-11-19T15:54:31" log="/home/karl/tmp/otp_tests/logs/xmerl_test_logs/ct_run.ct@devbox.2012-11-19_15.49.06/tests.xmerl_test.logs/run.2012-11-19_15.49.40/xmerl_std_suite.ibm-not-wf-p45-ibm45n04.html"></testcase><testcase  name="ibm-not-wf-P45-ibm45n03" time="0.059609" timestamp="2012-11-19T15:54:31" log="/home/karl/tmp/otp_tests/logs/xmerl_test_logs/ct_run.ct@devbox.2012-11-19_15.49.06/tests.xmerl_test.logs/run.2012-11-19_15.49.40/xmerl_std_suite.ibm-not-wf-p45-ibm45n03.html"></testcase><testcase  name="ibm-not-wf-P45-ibm45n02" time="0.062683" timestamp="2012-11-19T15:54:32" log="/home/karl/tmp/otp_tests/logs/xmerl_test_logs/ct_run.ct@devbox.2012-11-19_15.49.06/tests.xmerl_test.logs/run.2012-11-19_15.49.40/xmerl_std_suite.ibm-not-wf-p45-ibm45n02.html"></testcase><testcase  name="ibm-not-wf-P45-ibm45n01" time="0.061850" timestamp="2012-11-19T15:54:32" log="/home/karl/tmp/otp_tests/logs/xmerl_test_logs/ct_run.ct@devbox.2012-11-19_15.49.06/tests.xmerl_test.logs/run.2012-11-19_15.49.40/xmerl_std_suite.ibm-not-wf-p45-ibm45n01.html"></testcase><testcase  name="ibm-not-wf-P44-ibm44n04" time="0.051354" timestamp="2012-11-19T15:54:32" log="/home/karl/tmp/otp_tests/logs/xmerl_test_logs/ct_run.ct@devbox.2012-11-19_15.49.06/tests.xmerl_test.logs/run.2012-11-19_15.49.40/xmerl_std_suite.ibm-not-wf-p44-ibm44n04.html"></testcase><testcase  name="ibm-not-wf-P44-ibm44n03" time="0.049702" timestamp="2012-11-19T15:54:32" log="/home/karl/tmp/otp_tests/logs/xmerl_test_logs/ct_run.ct@devbox.2012-11-19_15.49.06/tests.xmerl_test.logs/run.2012-11-19_15.49.40/xmerl_std_suite.ibm-not-wf-p44-ibm44n03.html"></testcase><testcase  name="ibm-not-wf-P44-ibm44n02" time="0.049574" timestamp="2012-11-19T15:54:32" log="/home/karl/tmp/otp_tests/logs/xmerl_test_logs/ct_run.ct@devbox.2012-11-19_15.49.06/tests.xmerl_test.logs/run.2012-11-19_15.49.40/xmerl_std_suite.ibm-not-wf-p44-ibm44n02.html"></testcase><testcase  name="ibm-not-wf-P44-ibm44n01" time="0.049677" timestamp="2012-11-19T15:54:32" log="/home/karl/tmp/otp_tests/logs/xmerl_test_logs/ct_run.ct@devbox.2012-11-19_15.49.06/tests.xmerl_test.logs/run.2012-11-19_15.49.40/xmerl_std_suite.ibm-not-wf-p44-ibm44n01.html"></testcase><testcase  name="ibm-not-wf-P43-ibm43n05" time="0.048911" timestamp="2012-11-19T15:54:32" log="/home/karl/tmp/otp_tests/logs/xmerl_test_logs/ct_run.ct@devbox.2012-11-19_15.49.06/tests.xmerl_test.logs/run.2012-11-19_15.49.40/xmerl_std_suite.ibm-not-wf-p43-ibm43n05.html"></testcase><testcase  name="ibm-not-wf-P43-ibm43n04" time="0.055331" timestamp="2012-11-19T15:54:33" log="/home/karl/tmp/otp_tests/logs/xmerl_test_logs/ct_run.ct@devbox.2012-11-19_15.49.06/tests.xmerl_test.logs/run.2012-11-19_15.49.40/xmerl_std_suite.ibm-not-wf-p43-ibm43n04.html"></testcase><testcase  name="ibm-not-wf-P43-ibm43n02" time="0.049230" timestamp="2012-11-19T15:54:33" log="/home/karl/tmp/otp_tests/logs/xmerl_test_logs/ct_run.ct@devbox.2012-11-19_15.49.06/tests.xmerl_test.logs/run.2012-11-19_15.49.40/xmerl_std_suite.ibm-not-wf-p43-ibm43n02.html"></testcase><testcase  name="ibm-not-wf-P43-ibm43n01" time="0.047024" timestamp="2012-11-19T15:54:33" log="/home/karl/tmp/otp_tests/logs/xmerl_test_logs/ct_run.ct@devbox.2012-11-19_15.49.06/tests.xmerl_test.logs/run.2012-11-19_15.49.40/xmerl_std_suite.ibm-not-wf-p43-ibm43n01.html"></testcase><testcase  name="ibm-not-wf-P42-ibm42n05" time="0.048096" timestamp="2012-11-19T15:54:33" log="/home/karl/tmp/otp_tests/logs/xmerl_test_logs/ct_run.ct@devbox.2012-11-19_15.49.06/tests.xmerl_test.logs/run.2012-11-19_15.49.40/xmerl_std_suite.ibm-not-wf-p42-ibm42n05.html"></testcase><testcase  name="ibm-not-wf-P42-ibm42n04" time="0.045627" timestamp="2012-11-19T15:54:33" log="/home/karl/tmp/otp_tests/logs/xmerl_test_logs/ct_run.ct@devbox.2012-11-19_15.49.06/tests.xmerl_test.logs/run.2012-11-19_15.49.40/xmerl_std_suite.ibm-not-wf-p42-ibm42n04.html"></testcase><testcase  name="ibm-not-wf-P42-ibm42n03" time="0.056291" timestamp="2012-11-19T15:54:33" log="/home/karl/tmp/otp_tests/logs/xmerl_test_logs/ct_run.ct@devbox.2012-11-19_15.49.06/tests.xmerl_test.logs/run.2012-11-19_15.49.40/xmerl_std_suite.ibm-not-wf-p42-ibm42n03.html"></testcase><testcase  name="ibm-not-wf-P42-ibm42n02" time="0.053086" timestamp="2012-11-19T15:54:33" log="/home/karl/tmp/otp_tests/logs/xmerl_test_logs/ct_run.ct@devbox.2012-11-19_15.49.06/tests.xmerl_test.logs/run.2012-11-19_15.49.40/xmerl_std_suite.ibm-not-wf-p42-ibm42n02.html"></testcase><testcase  name="ibm-not-wf-P42-ibm42n01" time="0.053727" timestamp="2012-11-19T15:54:33" log="/home/karl/tmp/otp_tests/logs/xmerl_test_logs/ct_run.ct@devbox.2012-11-19_15.49.06/tests.xmerl_test.logs/run.2012-11-19_15.49.40/xmerl_std_suite.ibm-not-wf-p42-ibm42n01.html"></testcase><testcase  name="ibm-not-wf-P41-ibm41n14" time="0.057472" timestamp="2012-11-19T15:54:33" log="/home/karl/tmp/otp_tests/logs/xmerl_test_logs/ct_run.ct@devbox.2012-11-19_15.49.06/tests.xmerl_test.logs/run.2012-11-19_15.49.40/xmerl_std_suite.ibm-not-wf-p41-ibm41n14.html"></testcase><testcase  name="ibm-not-wf-P41-ibm41n13" time="0.058924" timestamp="2012-11-19T15:54:34" log="/home/karl/tmp/otp_tests/logs/xmerl_test_logs/ct_run.ct@devbox.2012-11-19_15.49.06/tests.xmerl_test.logs/run.2012-11-19_15.49.40/xmerl_std_suite.ibm-not-wf-p41-ibm41n13.html"></testcase><testcase  name="ibm-not-wf-P41-ibm41n12" time="0.094467" timestamp="2012-11-19T15:54:34" log="/home/karl/tmp/otp_tests/logs/xmerl_test_logs/ct_run.ct@devbox.2012-11-19_15.49.06/tests.xmerl_test.logs/run.2012-11-19_15.49.40/xmerl_std_suite.ibm-not-wf-p41-ibm41n12.html"></testcase><testcase  name="ibm-not-wf-P41-ibm41n11" time="0.055206" timestamp="2012-11-19T15:54:34" log="/home/karl/tmp/otp_tests/logs/xmerl_test_logs/ct_run.ct@devbox.2012-11-19_15.49.06/tests.xmerl_test.logs/run.2012-11-19_15.49.40/xmerl_std_suite.ibm-not-wf-p41-ibm41n11.html"></testcase><testcase  name="ibm-not-wf-P41-ibm41n10" time="0.049498" timestamp="2012-11-19T15:54:34" log="/home/karl/tmp/otp_tests/logs/xmerl_test_logs/ct_run.ct@devbox.2012-11-19_15.49.06/tests.xmerl_test.logs/run.2012-11-19_15.49.40/xmerl_std_suite.ibm-not-wf-p41-ibm41n10.html"></testcase><testcase  name="ibm-not-wf-P41-ibm41n09" time="0.050257" timestamp="2012-11-19T15:54:34" log="/home/karl/tmp/otp_tests/logs/xmerl_test_logs/ct_run.ct@devbox.2012-11-19_15.49.06/tests.xmerl_test.logs/run.2012-11-19_15.49.40/xmerl_std_suite.ibm-not-wf-p41-ibm41n09.html"></testcase><testcase  name="ibm-not-wf-P41-ibm41n08" time="0.048643" timestamp="2012-11-19T15:54:34" log="/home/karl/tmp/otp_tests/logs/xmerl_test_logs/ct_run.ct@devbox.2012-11-19_15.49.06/tests.xmerl_test.logs/run.2012-11-19_15.49.40/xmerl_std_suite.ibm-not-wf-p41-ibm41n08.html"></testcase><testcase  name="ibm-not-wf-P41-ibm41n07" time="0.054255" timestamp="2012-11-19T15:54:34" log="/home/karl/tmp/otp_tests/logs/xmerl_test_logs/ct_run.ct@devbox.2012-11-19_15.49.06/tests.xmerl_test.logs/run.2012-11-19_15.49.40/xmerl_std_suite.ibm-not-wf-p41-ibm41n07.html"></testcase><testcase  name="ibm-not-wf-P41-ibm41n06" time="0.059547" timestamp="2012-11-19T15:54:35" log="/home/karl/tmp/otp_tests/logs/xmerl_test_logs/ct_run.ct@devbox.2012-11-19_15.49.06/tests.xmerl_test.logs/run.2012-11-19_15.49.40/xmerl_std_suite.ibm-not-wf-p41-ibm41n06.html"></testcase><testcase  name="ibm-not-wf-P41-ibm41n05" time="0.061723" timestamp="2012-11-19T15:54:35" log="/home/karl/tmp/otp_tests/logs/xmerl_test_logs/ct_run.ct@devbox.2012-11-19_15.49.06/tests.xmerl_test.logs/run.2012-11-19_15.49.40/xmerl_std_suite.ibm-not-wf-p41-ibm41n05.html"></testcase><testcase  name="ibm-not-wf-P41-ibm41n04" time="0.062312" timestamp="2012-11-19T15:54:35" log="/home/karl/tmp/otp_tests/logs/xmerl_test_logs/ct_run.ct@devbox.2012-11-19_15.49.06/tests.xmerl_test.logs/run.2012-11-19_15.49.40/xmerl_std_suite.ibm-not-wf-p41-ibm41n04.html"></testcase><testcase  name="ibm-not-wf-P41-ibm41n03" time="0.049664" timestamp="2012-11-19T15:54:35" log="/home/karl/tmp/otp_tests/logs/xmerl_test_logs/ct_run.ct@devbox.2012-11-19_15.49.06/tests.xmerl_test.logs/run.2012-11-19_15.49.40/xmerl_std_suite.ibm-not-wf-p41-ibm41n03.html"></testcase><testcase  name="ibm-not-wf-P41-ibm41n02" time="0.048584" timestamp="2012-11-19T15:54:35" log="/home/karl/tmp/otp_tests/logs/xmerl_test_logs/ct_run.ct@devbox.2012-11-19_15.49.06/tests.xmerl_test.logs/run.2012-11-19_15.49.40/xmerl_std_suite.ibm-not-wf-p41-ibm41n02.html"></testcase><testcase  name="ibm-not-wf-P41-ibm41n01" time="0.048400" timestamp="2012-11-19T15:54:35" log="/home/karl/tmp/otp_tests/logs/xmerl_test_logs/ct_run.ct@devbox.2012-11-19_15.49.06/tests.xmerl_test.logs/run.2012-11-19_15.49.40/xmerl_std_suite.ibm-not-wf-p41-ibm41n01.html"></testcase><testcase  name="ibm-not-wf-P40-ibm40n05" time="0.048991" timestamp="2012-11-19T15:54:35" log="/home/karl/tmp/otp_tests/logs/xmerl_test_logs/ct_run.ct@devbox.2012-11-19_15.49.06/tests.xmerl_test.logs/run.2012-11-19_15.49.40/xmerl_std_suite.ibm-not-wf-p40-ibm40n05.html"></testcase><testcase  name="ibm-not-wf-P40-ibm40n04" time="0.050833" timestamp="2012-11-19T15:54:35" log="/home/karl/tmp/otp_tests/logs/xmerl_test_logs/ct_run.ct@devbox.2012-11-19_15.49.06/tests.xmerl_test.logs/run.2012-11-19_15.49.40/xmerl_std_suite.ibm-not-wf-p40-ibm40n04.html"></testcase><testcase  name="ibm-not-wf-P40-ibm40n03" time="0.048502" timestamp="2012-11-19T15:54:36" log="/home/karl/tmp/otp_tests/logs/xmerl_test_logs/ct_run.ct@devbox.2012-11-19_15.49.06/tests.xmerl_test.logs/run.2012-11-19_15.49.40/xmerl_std_suite.ibm-not-wf-p40-ibm40n03.html"></testcase><testcase  name="ibm-not-wf-P40-ibm40n02" time="0.049014" timestamp="2012-11-19T15:54:36" log="/home/karl/tmp/otp_tests/logs/xmerl_test_logs/ct_run.ct@devbox.2012-11-19_15.49.06/tests.xmerl_test.logs/run.2012-11-19_15.49.40/xmerl_std_suite.ibm-not-wf-p40-ibm40n02.html"></testcase><testcase  name="ibm-not-wf-P40-ibm40n01" time="0.050273" timestamp="2012-11-19T15:54:36" log="/home/karl/tmp/otp_tests/logs/xmerl_test_logs/ct_run.ct@devbox.2012-11-19_15.49.06/tests.xmerl_test.logs/run.2012-11-19_15.49.40/xmerl_std_suite.ibm-not-wf-p40-ibm40n01.html"></testcase><testcase  name="ibm-not-wf-P39-ibm39n06" time="0.060332" timestamp="2012-11-19T15:54:36" log="/home/karl/tmp/otp_tests/logs/xmerl_test_logs/ct_run.ct@devbox.2012-11-19_15.49.06/tests.xmerl_test.logs/run.2012-11-19_15.49.40/xmerl_std_suite.ibm-not-wf-p39-ibm39n06.html"></testcase><testcase  name="ibm-not-wf-P39-ibm39n05" time="0.054711" timestamp="2012-11-19T15:54:36" log="/home/karl/tmp/otp_tests/logs/xmerl_test_logs/ct_run.ct@devbox.2012-11-19_15.49.06/tests.xmerl_test.logs/run.2012-11-19_15.49.40/xmerl_std_suite.ibm-not-wf-p39-ibm39n05.html"></testcase><testcase  name="ibm-not-wf-P39-ibm39n04" time="0.060620" timestamp="2012-11-19T15:54:36" log="/home/karl/tmp/otp_tests/logs/xmerl_test_logs/ct_run.ct@devbox.2012-11-19_15.49.06/tests.xmerl_test.logs/run.2012-11-19_15.49.40/xmerl_std_suite.ibm-not-wf-p39-ibm39n04.html"></testcase><testcase  name="ibm-not-wf-P39-ibm39n03" time="0.049358" timestamp="2012-11-19T15:54:36" log="/home/karl/tmp/otp_tests/logs/xmerl_test_logs/ct_run.ct@devbox.2012-11-19_15.49.06/tests.xmerl_test.logs/run.2012-11-19_15.49.40/xmerl_std_suite.ibm-not-wf-p39-ibm39n03.html"></testcase><testcase  name="ibm-not-wf-P39-ibm39n02" time="0.054673" timestamp="2012-11-19T15:54:36" log="/home/karl/tmp/otp_tests/logs/xmerl_test_logs/ct_run.ct@devbox.2012-11-19_15.49.06/tests.xmerl_test.logs/run.2012-11-19_15.49.40/xmerl_std_suite.ibm-not-wf-p39-ibm39n02.html"></testcase><testcase  name="ibm-not-wf-P39-ibm39n01" time="0.046445" timestamp="2012-11-19T15:54:37" log="/home/karl/tmp/otp_tests/logs/xmerl_test_logs/ct_run.ct@devbox.2012-11-19_15.49.06/tests.xmerl_test.logs/run.2012-11-19_15.49.40/xmerl_std_suite.ibm-not-wf-p39-ibm39n01.html"></testcase><testcase  name="ibm-not-wf-P32-ibm32n09" time="0.050036" timestamp="2012-11-19T15:54:37" log="/home/karl/tmp/otp_tests/logs/xmerl_test_logs/ct_run.ct@devbox.2012-11-19_15.49.06/tests.xmerl_test.logs/run.2012-11-19_15.49.40/xmerl_std_suite.ibm-not-wf-p32-ibm32n09.html"></testcase><testcase  name="ibm-not-wf-P32-ibm32n08" time="0.052672" timestamp="2012-11-19T15:54:37" log="/home/karl/tmp/otp_tests/logs/xmerl_test_logs/ct_run.ct@devbox.2012-11-19_15.49.06/tests.xmerl_test.logs/run.2012-11-19_15.49.40/xmerl_std_suite.ibm-not-wf-p32-ibm32n08.html"></testcase><testcase  name="ibm-not-wf-P32-ibm32n07" time="0.062405" timestamp="2012-11-19T15:54:37" log="/home/karl/tmp/otp_tests/logs/xmerl_test_logs/ct_run.ct@devbox.2012-11-19_15.49.06/tests.xmerl_test.logs/run.2012-11-19_15.49.40/xmerl_std_suite.ibm-not-wf-p32-ibm32n07.html"></testcase><testcase  name="ibm-not-wf-P32-ibm32n06" time="0.052303" timestamp="2012-11-19T15:54:37" log="/home/karl/tmp/otp_tests/logs/xmerl_test_logs/ct_run.ct@devbox.2012-11-19_15.49.06/tests.xmerl_test.logs/run.2012-11-19_15.49.40/xmerl_std_suite.ibm-not-wf-p32-ibm32n06.html"></testcase><testcase  name="ibm-not-wf-P32-ibm32n05" time="0.076752" timestamp="2012-11-19T15:54:37" log="/home/karl/tmp/otp_tests/logs/xmerl_test_logs/ct_run.ct@devbox.2012-11-19_15.49.06/tests.xmerl_test.logs/run.2012-11-19_15.49.40/xmerl_std_suite.ibm-not-wf-p32-ibm32n05.html"></testcase><testcase  name="ibm-not-wf-P32-ibm32n04" time="0.060709" timestamp="2012-11-19T15:54:37" log="/home/karl/tmp/otp_tests/logs/xmerl_test_logs/ct_run.ct@devbox.2012-11-19_15.49.06/tests.xmerl_test.logs/run.2012-11-19_15.49.40/xmerl_std_suite.ibm-not-wf-p32-ibm32n04.html"></testcase><testcase  name="ibm-not-wf-P32-ibm32n03" time="0.087278" timestamp="2012-11-19T15:54:37" log="/home/karl/tmp/otp_tests/logs/xmerl_test_logs/ct_run.ct@devbox.2012-11-19_15.49.06/tests.xmerl_test.logs/run.2012-11-19_15.49.40/xmerl_std_suite.ibm-not-wf-p32-ibm32n03.html"></testcase><testcase  name="ibm-not-wf-P32-ibm32n02" time="0.057929" timestamp="2012-11-19T15:54:38" log="/home/karl/tmp/otp_tests/logs/xmerl_test_logs/ct_run.ct@devbox.2012-11-19_15.49.06/tests.xmerl_test.logs/run.2012-11-19_15.49.40/xmerl_std_suite.ibm-not-wf-p32-ibm32n02.html"></testcase><testcase  name="ibm-not-wf-P32-ibm32n01" time="0.048509" timestamp="2012-11-19T15:54:38" log="/home/karl/tmp/otp_tests/logs/xmerl_test_logs/ct_run.ct@devbox.2012-11-19_15.49.06/tests.xmerl_test.logs/run.2012-11-19_15.49.40/xmerl_std_suite.ibm-not-wf-p32-ibm32n01.html"></testcase><testcase  name="ibm-not-wf-P31-ibm31n01" time="0.050419" timestamp="2012-11-19T15:54:38" log="/home/karl/tmp/otp_tests/logs/xmerl_test_logs/ct_run.ct@devbox.2012-11-19_15.49.06/tests.xmerl_test.logs/run.2012-11-19_15.49.40/xmerl_std_suite.ibm-not-wf-p31-ibm31n01.html"></testcase><testcase  name="ibm-not-wf-P30-ibm30n01" time="0.057650" timestamp="2012-11-19T15:54:38" log="/home/karl/tmp/otp_tests/logs/xmerl_test_logs/ct_run.ct@devbox.2012-11-19_15.49.06/tests.xmerl_test.logs/run.2012-11-19_15.49.40/xmerl_std_suite.ibm-not-wf-p30-ibm30n01.html"></testcase><testcase  name="ibm-not-wf-P29-ibm29n07" time="0.058976" timestamp="2012-11-19T15:54:38" log="/home/karl/tmp/otp_tests/logs/xmerl_test_logs/ct_run.ct@devbox.2012-11-19_15.49.06/tests.xmerl_test.logs/run.2012-11-19_15.49.40/xmerl_std_suite.ibm-not-wf-p29-ibm29n07.html"></testcase><testcase  name="ibm-not-wf-P29-ibm29n06" time="0.052189" timestamp="2012-11-19T15:54:38" log="/home/karl/tmp/otp_tests/logs/xmerl_test_logs/ct_run.ct@devbox.2012-11-19_15.49.06/tests.xmerl_test.logs/run.2012-11-19_15.49.40/xmerl_std_suite.ibm-not-wf-p29-ibm29n06.html"></testcase><testcase  name="ibm-not-wf-P29-ibm29n05" time="0.050456" timestamp="2012-11-19T15:54:38" log="/home/karl/tmp/otp_tests/logs/xmerl_test_logs/ct_run.ct@devbox.2012-11-19_15.49.06/tests.xmerl_test.logs/run.2012-11-19_15.49.40/xmerl_std_suite.ibm-not-wf-p29-ibm29n05.html"></testcase><testcase  name="ibm-not-wf-P29-ibm29n04" time="0.056271" timestamp="2012-11-19T15:54:39" log="/home/karl/tmp/otp_tests/logs/xmerl_test_logs/ct_run.ct@devbox.2012-11-19_15.49.06/tests.xmerl_test.logs/run.2012-11-19_15.49.40/xmerl_std_suite.ibm-not-wf-p29-ibm29n04.html"></testcase><testcase  name="ibm-not-wf-P29-ibm29n03" time="0.050209" timestamp="2012-11-19T15:54:39" log="/home/karl/tmp/otp_tests/logs/xmerl_test_logs/ct_run.ct@devbox.2012-11-19_15.49.06/tests.xmerl_test.logs/run.2012-11-19_15.49.40/xmerl_std_suite.ibm-not-wf-p29-ibm29n03.html"></testcase><testcase  name="ibm-not-wf-P29-ibm29n02" time="0.117769" timestamp="2012-11-19T15:54:39" log="/home/karl/tmp/otp_tests/logs/xmerl_test_logs/ct_run.ct@devbox.2012-11-19_15.49.06/tests.xmerl_test.logs/run.2012-11-19_15.49.40/xmerl_std_suite.ibm-not-wf-p29-ibm29n02.html"></testcase><testcase  name="ibm-not-wf-P29-ibm29n01" time="0.110982" timestamp="2012-11-19T15:54:39" log="/home/karl/tmp/otp_tests/logs/xmerl_test_logs/ct_run.ct@devbox.2012-11-19_15.49.06/tests.xmerl_test.logs/run.2012-11-19_15.49.40/xmerl_std_suite.ibm-not-wf-p29-ibm29n01.html"></testcase><testcase  name="ibm-not-wf-P28a-ibm28an01" time="0.053532" timestamp="2012-11-19T15:54:39" log="/home/karl/tmp/otp_tests/logs/xmerl_test_logs/ct_run.ct@devbox.2012-11-19_15.49.06/tests.xmerl_test.logs/run.2012-11-19_15.49.40/xmerl_std_suite.ibm-not-wf-p28a-ibm28an01.html"></testcase><testcase  name="ibm-not-wf-P28-ibm28n08" time="0.058084" timestamp="2012-11-19T15:54:39" log="/home/karl/tmp/otp_tests/logs/xmerl_test_logs/ct_run.ct@devbox.2012-11-19_15.49.06/tests.xmerl_test.logs/run.2012-11-19_15.49.40/xmerl_std_suite.ibm-not-wf-p28-ibm28n08.html"></testcase><testcase  name="ibm-not-wf-P28-ibm28n07" time="0.052412" timestamp="2012-11-19T15:54:40" log="/home/karl/tmp/otp_tests/logs/xmerl_test_logs/ct_run.ct@devbox.2012-11-19_15.49.06/tests.xmerl_test.logs/run.2012-11-19_15.49.40/xmerl_std_suite.ibm-not-wf-p28-ibm28n07.html"></testcase><testcase  name="ibm-not-wf-P28-ibm28n06" time="0.050054" timestamp="2012-11-19T15:54:40" log="/home/karl/tmp/otp_tests/logs/xmerl_test_logs/ct_run.ct@devbox.2012-11-19_15.49.06/tests.xmerl_test.logs/run.2012-11-19_15.49.40/xmerl_std_suite.ibm-not-wf-p28-ibm28n06.html"></testcase><testcase  name="ibm-not-wf-P28-ibm28n05" time="0.049783" timestamp="2012-11-19T15:54:40" log="/home/karl/tmp/otp_tests/logs/xmerl_test_logs/ct_run.ct@devbox.2012-11-19_15.49.06/tests.xmerl_test.logs/run.2012-11-19_15.49.40/xmerl_std_suite.ibm-not-wf-p28-ibm28n05.html"></testcase><testcase  name="ibm-not-wf-P28-ibm28n04" time="0.048609" timestamp="2012-11-19T15:54:40" log="/home/karl/tmp/otp_tests/logs/xmerl_test_logs/ct_run.ct@devbox.2012-11-19_15.49.06/tests.xmerl_test.logs/run.2012-11-19_15.49.40/xmerl_std_suite.ibm-not-wf-p28-ibm28n04.html"></testcase><testcase  name="ibm-not-wf-P28-ibm28n03" time="0.050202" timestamp="2012-11-19T15:54:40" log="/home/karl/tmp/otp_tests/logs/xmerl_test_logs/ct_run.ct@devbox.2012-11-19_15.49.06/tests.xmerl_test.logs/run.2012-11-19_15.49.40/xmerl_std_suite.ibm-not-wf-p28-ibm28n03.html"></testcase><testcase  name="ibm-not-wf-P28-ibm28n02" time="0.184482" timestamp="2012-11-19T15:54:40" log="/home/karl/tmp/otp_tests/logs/xmerl_test_logs/ct_run.ct@devbox.2012-11-19_15.49.06/tests.xmerl_test.logs/run.2012-11-19_15.49.40/xmerl_std_suite.ibm-not-wf-p28-ibm28n02.html"></testcase><testcase  name="ibm-not-wf-P28-ibm28n01" time="0.054993" timestamp="2012-11-19T15:54:40" log="/home/karl/tmp/otp_tests/logs/xmerl_test_logs/ct_run.ct@devbox.2012-11-19_15.49.06/tests.xmerl_test.logs/run.2012-11-19_15.49.40/xmerl_std_suite.ibm-not-wf-p28-ibm28n01.html"></testcase><testcase  name="ibm-not-wf-P27-ibm27n01" time="0.048961" timestamp="2012-11-19T15:54:41" log="/home/karl/tmp/otp_tests/logs/xmerl_test_logs/ct_run.ct@devbox.2012-11-19_15.49.06/tests.xmerl_test.logs/run.2012-11-19_15.49.40/xmerl_std_suite.ibm-not-wf-p27-ibm27n01.html"></testcase><testcase  name="ibm-not-wf-P26-ibm26n01" time="0.054251" timestamp="2012-11-19T15:54:41" log="/home/karl/tmp/otp_tests/logs/xmerl_test_logs/ct_run.ct@devbox.2012-11-19_15.49.06/tests.xmerl_test.logs/run.2012-11-19_15.49.40/xmerl_std_suite.ibm-not-wf-p26-ibm26n01.html"></testcase><testcase  name="ibm-not-wf-P25-ibm25n02" time="0.061017" timestamp="2012-11-19T15:54:41" log="/home/karl/tmp/otp_tests/logs/xmerl_test_logs/ct_run.ct@devbox.2012-11-19_15.49.06/tests.xmerl_test.logs/run.2012-11-19_15.49.40/xmerl_std_suite.ibm-not-wf-p25-ibm25n02.html"></testcase><testcase  name="ibm-not-wf-P25-ibm25n01" time="0.056151" timestamp="2012-11-19T15:54:41" log="/home/karl/tmp/otp_tests/logs/xmerl_test_logs/ct_run.ct@devbox.2012-11-19_15.49.06/tests.xmerl_test.logs/run.2012-11-19_15.49.40/xmerl_std_suite.ibm-not-wf-p25-ibm25n01.html"></testcase><testcase  name="ibm-not-wf-P24-ibm24n09" time="0.055787" timestamp="2012-11-19T15:54:41" log="/home/karl/tmp/otp_tests/logs/xmerl_test_logs/ct_run.ct@devbox.2012-11-19_15.49.06/tests.xmerl_test.logs/run.2012-11-19_15.49.40/xmerl_std_suite.ibm-not-wf-p24-ibm24n09.html"></testcase><testcase  name="ibm-not-wf-P24-ibm24n08" time="0.060795" timestamp="2012-11-19T15:54:41" log="/home/karl/tmp/otp_tests/logs/xmerl_test_logs/ct_run.ct@devbox.2012-11-19_15.49.06/tests.xmerl_test.logs/run.2012-11-19_15.49.40/xmerl_std_suite.ibm-not-wf-p24-ibm24n08.html"></testcase><testcase  name="ibm-not-wf-P24-ibm24n07" time="0.050500" timestamp="2012-11-19T15:54:41" log="/home/karl/tmp/otp_tests/logs/xmerl_test_logs/ct_run.ct@devbox.2012-11-19_15.49.06/tests.xmerl_test.logs/run.2012-11-19_15.49.40/xmerl_std_suite.ibm-not-wf-p24-ibm24n07.html"></testcase><testcase  name="ibm-not-wf-P24-ibm24n06" time="0.057850" timestamp="2012-11-19T15:54:41" log="/home/karl/tmp/otp_tests/logs/xmerl_test_logs/ct_run.ct@devbox.2012-11-19_15.49.06/tests.xmerl_test.logs/run.2012-11-19_15.49.40/xmerl_std_suite.ibm-not-wf-p24-ibm24n06.html"></testcase><testcase  name="ibm-not-wf-P24-ibm24n05" time="0.058724" timestamp="2012-11-19T15:54:42" log="/home/karl/tmp/otp_tests/logs/xmerl_test_logs/ct_run.ct@devbox.2012-11-19_15.49.06/tests.xmerl_test.logs/run.2012-11-19_15.49.40/xmerl_std_suite.ibm-not-wf-p24-ibm24n05.html"></testcase><testcase  name="ibm-not-wf-P24-ibm24n04" time="0.052054" timestamp="2012-11-19T15:54:42" log="/home/karl/tmp/otp_tests/logs/xmerl_test_logs/ct_run.ct@devbox.2012-11-19_15.49.06/tests.xmerl_test.logs/run.2012-11-19_15.49.40/xmerl_std_suite.ibm-not-wf-p24-ibm24n04.html"></testcase><testcase  name="ibm-not-wf-P24-ibm24n03" time="0.047307" timestamp="2012-11-19T15:54:42" log="/home/karl/tmp/otp_tests/logs/xmerl_test_logs/ct_run.ct@devbox.2012-11-19_15.49.06/tests.xmerl_test.logs/run.2012-11-19_15.49.40/xmerl_std_suite.ibm-not-wf-p24-ibm24n03.html"></testcase><testcase  name="ibm-not-wf-P24-ibm24n02" time="0.048194" timestamp="2012-11-19T15:54:42" log="/home/karl/tmp/otp_tests/logs/xmerl_test_logs/ct_run.ct@devbox.2012-11-19_15.49.06/tests.xmerl_test.logs/run.2012-11-19_15.49.40/xmerl_std_suite.ibm-not-wf-p24-ibm24n02.html"></testcase><testcase  name="ibm-not-wf-P24-ibm24n01" time="0.046844" timestamp="2012-11-19T15:54:42" log="/home/karl/tmp/otp_tests/logs/xmerl_test_logs/ct_run.ct@devbox.2012-11-19_15.49.06/tests.xmerl_test.logs/run.2012-11-19_15.49.40/xmerl_std_suite.ibm-not-wf-p24-ibm24n01.html"></testcase><testcase  name="ibm-not-wf-P23-ibm23n06" time="0.058271" timestamp="2012-11-19T15:54:42" log="/home/karl/tmp/otp_tests/logs/xmerl_test_logs/ct_run.ct@devbox.2012-11-19_15.49.06/tests.xmerl_test.logs/run.2012-11-19_15.49.40/xmerl_std_suite.ibm-not-wf-p23-ibm23n06.html"></testcase><testcase  name="ibm-not-wf-P23-ibm23n05" time="0.050076" timestamp="2012-11-19T15:54:42" log="/home/karl/tmp/otp_tests/logs/xmerl_test_logs/ct_run.ct@devbox.2012-11-19_15.49.06/tests.xmerl_test.logs/run.2012-11-19_15.49.40/xmerl_std_suite.ibm-not-wf-p23-ibm23n05.html"></testcase><testcase  name="ibm-not-wf-P23-ibm23n04" time="0.073774" timestamp="2012-11-19T15:54:42" log="/home/karl/tmp/otp_tests/logs/xmerl_test_logs/ct_run.ct@devbox.2012-11-19_15.49.06/tests.xmerl_test.logs/run.2012-11-19_15.49.40/xmerl_std_suite.ibm-not-wf-p23-ibm23n04.html"></testcase><testcase  name="ibm-not-wf-P23-ibm23n03" time="0.050810" timestamp="2012-11-19T15:54:43" log="/home/karl/tmp/otp_tests/logs/xmerl_test_logs/ct_run.ct@devbox.2012-11-19_15.49.06/tests.xmerl_test.logs/run.2012-11-19_15.49.40/xmerl_std_suite.ibm-not-wf-p23-ibm23n03.html"></testcase><testcase  name="ibm-not-wf-P23-ibm23n02" time="0.047068" timestamp="2012-11-19T15:54:43" log="/home/karl/tmp/otp_tests/logs/xmerl_test_logs/ct_run.ct@devbox.2012-11-19_15.49.06/tests.xmerl_test.logs/run.2012-11-19_15.49.40/xmerl_std_suite.ibm-not-wf-p23-ibm23n02.html"></testcase><testcase  name="ibm-not-wf-P23-ibm23n01" time="0.047245" timestamp="2012-11-19T15:54:43" log="/home/karl/tmp/otp_tests/logs/xmerl_test_logs/ct_run.ct@devbox.2012-11-19_15.49.06/tests.xmerl_test.logs/run.2012-11-19_15.49.40/xmerl_std_suite.ibm-not-wf-p23-ibm23n01.html"></testcase><testcase  name="ibm-not-wf-P22-ibm22n03" time="0.047385" timestamp="2012-11-19T15:54:43" log="/home/karl/tmp/otp_tests/logs/xmerl_test_logs/ct_run.ct@devbox.2012-11-19_15.49.06/tests.xmerl_test.logs/run.2012-11-19_15.49.40/xmerl_std_suite.ibm-not-wf-p22-ibm22n03.html"></testcase><testcase  name="ibm-not-wf-P22-ibm22n02" time="0.048691" timestamp="2012-11-19T15:54:43" log="/home/karl/tmp/otp_tests/logs/xmerl_test_logs/ct_run.ct@devbox.2012-11-19_15.49.06/tests.xmerl_test.logs/run.2012-11-19_15.49.40/xmerl_std_suite.ibm-not-wf-p22-ibm22n02.html"></testcase><testcase  name="ibm-not-wf-P22-ibm22n01" time="0.047371" timestamp="2012-11-19T15:54:43" log="/home/karl/tmp/otp_tests/logs/xmerl_test_logs/ct_run.ct@devbox.2012-11-19_15.49.06/tests.xmerl_test.logs/run.2012-11-19_15.49.40/xmerl_std_suite.ibm-not-wf-p22-ibm22n01.html"></testcase><testcase  name="ibm-not-wf-P21-ibm21n03" time="0.047275" timestamp="2012-11-19T15:54:43" log="/home/karl/tmp/otp_tests/logs/xmerl_test_logs/ct_run.ct@devbox.2012-11-19_15.49.06/tests.xmerl_test.logs/run.2012-11-19_15.49.40/xmerl_std_suite.ibm-not-wf-p21-ibm21n03.html"></testcase><testcase  name="ibm-not-wf-P21-ibm21n02" time="0.047690" timestamp="2012-11-19T15:54:43" log="/home/karl/tmp/otp_tests/logs/xmerl_test_logs/ct_run.ct@devbox.2012-11-19_15.49.06/tests.xmerl_test.logs/run.2012-11-19_15.49.40/xmerl_std_suite.ibm-not-wf-p21-ibm21n02.html"></testcase><testcase  name="ibm-not-wf-P21-ibm21n01" time="0.048183" timestamp="2012-11-19T15:54:44" log="/home/karl/tmp/otp_tests/logs/xmerl_test_logs/ct_run.ct@devbox.2012-11-19_15.49.06/tests.xmerl_test.logs/run.2012-11-19_15.49.40/xmerl_std_suite.ibm-not-wf-p21-ibm21n01.html"></testcase><testcase  name="ibm-not-wf-P20-ibm20n01" time="0.047806" timestamp="2012-11-19T15:54:44" log="/home/karl/tmp/otp_tests/logs/xmerl_test_logs/ct_run.ct@devbox.2012-11-19_15.49.06/tests.xmerl_test.logs/run.2012-11-19_15.49.40/xmerl_std_suite.ibm-not-wf-p20-ibm20n01.html"></testcase><testcase  name="ibm-not-wf-P19-ibm19n03" time="0.055827" timestamp="2012-11-19T15:54:44" log="/home/karl/tmp/otp_tests/logs/xmerl_test_logs/ct_run.ct@devbox.2012-11-19_15.49.06/tests.xmerl_test.logs/run.2012-11-19_15.49.40/xmerl_std_suite.ibm-not-wf-p19-ibm19n03.html"></testcase><testcase  name="ibm-not-wf-P19-ibm19n02" time="0.057472" timestamp="2012-11-19T15:54:44" log="/home/karl/tmp/otp_tests/logs/xmerl_test_logs/ct_run.ct@devbox.2012-11-19_15.49.06/tests.xmerl_test.logs/run.2012-11-19_15.49.40/xmerl_std_suite.ibm-not-wf-p19-ibm19n02.html"></testcase><testcase  name="ibm-not-wf-P19-ibm19n01" time="0.050838" timestamp="2012-11-19T15:54:44" log="/home/karl/tmp/otp_tests/logs/xmerl_test_logs/ct_run.ct@devbox.2012-11-19_15.49.06/tests.xmerl_test.logs/run.2012-11-19_15.49.40/xmerl_std_suite.ibm-not-wf-p19-ibm19n01.html"></testcase><testcase  name="ibm-not-wf-P18-ibm18n02" time="0.054258" timestamp="2012-11-19T15:54:44" log="/home/karl/tmp/otp_tests/logs/xmerl_test_logs/ct_run.ct@devbox.2012-11-19_15.49.06/tests.xmerl_test.logs/run.2012-11-19_15.49.40/xmerl_std_suite.ibm-not-wf-p18-ibm18n02.html"></testcase><testcase  name="ibm-not-wf-P18-ibm18n01" time="0.063937" timestamp="2012-11-19T15:54:44" log="/home/karl/tmp/otp_tests/logs/xmerl_test_logs/ct_run.ct@devbox.2012-11-19_15.49.06/tests.xmerl_test.logs/run.2012-11-19_15.49.40/xmerl_std_suite.ibm-not-wf-p18-ibm18n01.html"></testcase><testcase  name="ibm-not-wf-P17-ibm17n04" time="0.058562" timestamp="2012-11-19T15:54:44" log="/home/karl/tmp/otp_tests/logs/xmerl_test_logs/ct_run.ct@devbox.2012-11-19_15.49.06/tests.xmerl_test.logs/run.2012-11-19_15.49.40/xmerl_std_suite.ibm-not-wf-p17-ibm17n04.html"></testcase><testcase  name="ibm-not-wf-P17-ibm17n03" time="0.051751" timestamp="2012-11-19T15:54:45" log="/home/karl/tmp/otp_tests/logs/xmerl_test_logs/ct_run.ct@devbox.2012-11-19_15.49.06/tests.xmerl_test.logs/run.2012-11-19_15.49.40/xmerl_std_suite.ibm-not-wf-p17-ibm17n03.html"></testcase><testcase  name="ibm-not-wf-P17-ibm17n02" time="0.048897" timestamp="2012-11-19T15:54:45" log="/home/karl/tmp/otp_tests/logs/xmerl_test_logs/ct_run.ct@devbox.2012-11-19_15.49.06/tests.xmerl_test.logs/run.2012-11-19_15.49.40/xmerl_std_suite.ibm-not-wf-p17-ibm17n02.html"></testcase><testcase  name="ibm-not-wf-P17-ibm17n01" time="0.047549" timestamp="2012-11-19T15:54:45" log="/home/karl/tmp/otp_tests/logs/xmerl_test_logs/ct_run.ct@devbox.2012-11-19_15.49.06/tests.xmerl_test.logs/run.2012-11-19_15.49.40/xmerl_std_suite.ibm-not-wf-p17-ibm17n01.html"></testcase><testcase  name="ibm-not-wf-P16-ibm16n04" time="0.049263" timestamp="2012-11-19T15:54:45" log="/home/karl/tmp/otp_tests/logs/xmerl_test_logs/ct_run.ct@devbox.2012-11-19_15.49.06/tests.xmerl_test.logs/run.2012-11-19_15.49.40/xmerl_std_suite.ibm-not-wf-p16-ibm16n04.html"></testcase><testcase  name="ibm-not-wf-P16-ibm16n03" time="0.057851" timestamp="2012-11-19T15:54:45" log="/home/karl/tmp/otp_tests/logs/xmerl_test_logs/ct_run.ct@devbox.2012-11-19_15.49.06/tests.xmerl_test.logs/run.2012-11-19_15.49.40/xmerl_std_suite.ibm-not-wf-p16-ibm16n03.html"></testcase><testcase  name="ibm-not-wf-P16-ibm16n02" time="0.056880" timestamp="2012-11-19T15:54:45" log="/home/karl/tmp/otp_tests/logs/xmerl_test_logs/ct_run.ct@devbox.2012-11-19_15.49.06/tests.xmerl_test.logs/run.2012-11-19_15.49.40/xmerl_std_suite.ibm-not-wf-p16-ibm16n02.html"></testcase><testcase  name="ibm-not-wf-P16-ibm16n01" time="0.057494" timestamp="2012-11-19T15:54:45" log="/home/karl/tmp/otp_tests/logs/xmerl_test_logs/ct_run.ct@devbox.2012-11-19_15.49.06/tests.xmerl_test.logs/run.2012-11-19_15.49.40/xmerl_std_suite.ibm-not-wf-p16-ibm16n01.html"></testcase><testcase  name="ibm-not-wf-P15-ibm15n04" time="0.057833" timestamp="2012-11-19T15:54:46" log="/home/karl/tmp/otp_tests/logs/xmerl_test_logs/ct_run.ct@devbox.2012-11-19_15.49.06/tests.xmerl_test.logs/run.2012-11-19_15.49.40/xmerl_std_suite.ibm-not-wf-p15-ibm15n04.html"></testcase><testcase  name="ibm-not-wf-P15-ibm15n03" time="0.057702" timestamp="2012-11-19T15:54:46" log="/home/karl/tmp/otp_tests/logs/xmerl_test_logs/ct_run.ct@devbox.2012-11-19_15.49.06/tests.xmerl_test.logs/run.2012-11-19_15.49.40/xmerl_std_suite.ibm-not-wf-p15-ibm15n03.html"></testcase><testcase  name="ibm-not-wf-P15-ibm15n02" time="0.054676" timestamp="2012-11-19T15:54:46" log="/home/karl/tmp/otp_tests/logs/xmerl_test_logs/ct_run.ct@devbox.2012-11-19_15.49.06/tests.xmerl_test.logs/run.2012-11-19_15.49.40/xmerl_std_suite.ibm-not-wf-p15-ibm15n02.html"></testcase><testcase  name="ibm-not-wf-P15-ibm15n01" time="0.048054" timestamp="2012-11-19T15:54:46" log="/home/karl/tmp/otp_tests/logs/xmerl_test_logs/ct_run.ct@devbox.2012-11-19_15.49.06/tests.xmerl_test.logs/run.2012-11-19_15.49.40/xmerl_std_suite.ibm-not-wf-p15-ibm15n01.html"></testcase><testcase  name="ibm-not-wf-P14-ibm14n03" time="0.047552" timestamp="2012-11-19T15:54:46" log="/home/karl/tmp/otp_tests/logs/xmerl_test_logs/ct_run.ct@devbox.2012-11-19_15.49.06/tests.xmerl_test.logs/run.2012-11-19_15.49.40/xmerl_std_suite.ibm-not-wf-p14-ibm14n03.html"></testcase><testcase  name="ibm-not-wf-P14-ibm14n02" time="0.048897" timestamp="2012-11-19T15:54:46" log="/home/karl/tmp/otp_tests/logs/xmerl_test_logs/ct_run.ct@devbox.2012-11-19_15.49.06/tests.xmerl_test.logs/run.2012-11-19_15.49.40/xmerl_std_suite.ibm-not-wf-p14-ibm14n02.html"></testcase><testcase  name="ibm-not-wf-P14-ibm14n01" time="0.048648" timestamp="2012-11-19T15:54:46" log="/home/karl/tmp/otp_tests/logs/xmerl_test_logs/ct_run.ct@devbox.2012-11-19_15.49.06/tests.xmerl_test.logs/run.2012-11-19_15.49.40/xmerl_std_suite.ibm-not-wf-p14-ibm14n01.html"></testcase><testcase  name="ibm-not-wf-P13-ibm13n03" time="0.048906" timestamp="2012-11-19T15:54:46" log="/home/karl/tmp/otp_tests/logs/xmerl_test_logs/ct_run.ct@devbox.2012-11-19_15.49.06/tests.xmerl_test.logs/run.2012-11-19_15.49.40/xmerl_std_suite.ibm-not-wf-p13-ibm13n03.html"></testcase><testcase  name="ibm-not-wf-P13-ibm13n02" time="0.047619" timestamp="2012-11-19T15:54:46" log="/home/karl/tmp/otp_tests/logs/xmerl_test_logs/ct_run.ct@devbox.2012-11-19_15.49.06/tests.xmerl_test.logs/run.2012-11-19_15.49.40/xmerl_std_suite.ibm-not-wf-p13-ibm13n02.html"></testcase><testcase  name="ibm-not-wf-P13-ibm13n01" time="0.049524" timestamp="2012-11-19T15:54:47" log="/home/karl/tmp/otp_tests/logs/xmerl_test_logs/ct_run.ct@devbox.2012-11-19_15.49.06/tests.xmerl_test.logs/run.2012-11-19_15.49.40/xmerl_std_suite.ibm-not-wf-p13-ibm13n01.html"></testcase><testcase  name="ibm-not-wf-P12-ibm12n03" time="0.050344" timestamp="2012-11-19T15:54:47" log="/home/karl/tmp/otp_tests/logs/xmerl_test_logs/ct_run.ct@devbox.2012-11-19_15.49.06/tests.xmerl_test.logs/run.2012-11-19_15.49.40/xmerl_std_suite.ibm-not-wf-p12-ibm12n03.html"></testcase><testcase  name="ibm-not-wf-P12-ibm12n02" time="0.048792" timestamp="2012-11-19T15:54:47" log="/home/karl/tmp/otp_tests/logs/xmerl_test_logs/ct_run.ct@devbox.2012-11-19_15.49.06/tests.xmerl_test.logs/run.2012-11-19_15.49.40/xmerl_std_suite.ibm-not-wf-p12-ibm12n02.html"></testcase><testcase  name="ibm-not-wf-P12-ibm12n01" time="0.048672" timestamp="2012-11-19T15:54:47" log="/home/karl/tmp/otp_tests/logs/xmerl_test_logs/ct_run.ct@devbox.2012-11-19_15.49.06/tests.xmerl_test.logs/run.2012-11-19_15.49.40/xmerl_std_suite.ibm-not-wf-p12-ibm12n01.html"></testcase><testcase  name="ibm-not-wf-P11-ibm11n04" time="0.048355" timestamp="2012-11-19T15:54:47" log="/home/karl/tmp/otp_tests/logs/xmerl_test_logs/ct_run.ct@devbox.2012-11-19_15.49.06/tests.xmerl_test.logs/run.2012-11-19_15.49.40/xmerl_std_suite.ibm-not-wf-p11-ibm11n04.html"></testcase><testcase  name="ibm-not-wf-P11-ibm11n03" time="0.046545" timestamp="2012-11-19T15:54:47" log="/home/karl/tmp/otp_tests/logs/xmerl_test_logs/ct_run.ct@devbox.2012-11-19_15.49.06/tests.xmerl_test.logs/run.2012-11-19_15.49.40/xmerl_std_suite.ibm-not-wf-p11-ibm11n03.html"></testcase><testcase  name="ibm-not-wf-P11-ibm11n02" time="0.061560" timestamp="2012-11-19T15:54:47" log="/home/karl/tmp/otp_tests/logs/xmerl_test_logs/ct_run.ct@devbox.2012-11-19_15.49.06/tests.xmerl_test.logs/run.2012-11-19_15.49.40/xmerl_std_suite.ibm-not-wf-p11-ibm11n02.html"></testcase><testcase  name="ibm-not-wf-P11-ibm11n01" time="0.048631" timestamp="2012-11-19T15:54:47" log="/home/karl/tmp/otp_tests/logs/xmerl_test_logs/ct_run.ct@devbox.2012-11-19_15.49.06/tests.xmerl_test.logs/run.2012-11-19_15.49.40/xmerl_std_suite.ibm-not-wf-p11-ibm11n01.html"></testcase><testcase  name="ibm-not-wf-P10-ibm10n08" time="0.051022" timestamp="2012-11-19T15:54:48" log="/home/karl/tmp/otp_tests/logs/xmerl_test_logs/ct_run.ct@devbox.2012-11-19_15.49.06/tests.xmerl_test.logs/run.2012-11-19_15.49.40/xmerl_std_suite.ibm-not-wf-p10-ibm10n08.html"></testcase><testcase  name="ibm-not-wf-P10-ibm10n07" time="0.047585" timestamp="2012-11-19T15:54:48" log="/home/karl/tmp/otp_tests/logs/xmerl_test_logs/ct_run.ct@devbox.2012-11-19_15.49.06/tests.xmerl_test.logs/run.2012-11-19_15.49.40/xmerl_std_suite.ibm-not-wf-p10-ibm10n07.html"></testcase><testcase  name="ibm-not-wf-P10-ibm10n06" time="0.048000" timestamp="2012-11-19T15:54:48" log="/home/karl/tmp/otp_tests/logs/xmerl_test_logs/ct_run.ct@devbox.2012-11-19_15.49.06/tests.xmerl_test.logs/run.2012-11-19_15.49.40/xmerl_std_suite.ibm-not-wf-p10-ibm10n06.html"></testcase><testcase  name="ibm-not-wf-P10-ibm10n05" time="0.049704" timestamp="2012-11-19T15:54:48" log="/home/karl/tmp/otp_tests/logs/xmerl_test_logs/ct_run.ct@devbox.2012-11-19_15.49.06/tests.xmerl_test.logs/run.2012-11-19_15.49.40/xmerl_std_suite.ibm-not-wf-p10-ibm10n05.html"></testcase><testcase  name="ibm-not-wf-P10-ibm10n04" time="0.048779" timestamp="2012-11-19T15:54:48" log="/home/karl/tmp/otp_tests/logs/xmerl_test_logs/ct_run.ct@devbox.2012-11-19_15.49.06/tests.xmerl_test.logs/run.2012-11-19_15.49.40/xmerl_std_suite.ibm-not-wf-p10-ibm10n04.html"></testcase><testcase  name="ibm-not-wf-P10-ibm10n03" time="0.053876" timestamp="2012-11-19T15:54:48" log="/home/karl/tmp/otp_tests/logs/xmerl_test_logs/ct_run.ct@devbox.2012-11-19_15.49.06/tests.xmerl_test.logs/run.2012-11-19_15.49.40/xmerl_std_suite.ibm-not-wf-p10-ibm10n03.html"></testcase><testcase  name="ibm-not-wf-P10-ibm10n02" time="0.047864" timestamp="2012-11-19T15:54:48" log="/home/karl/tmp/otp_tests/logs/xmerl_test_logs/ct_run.ct@devbox.2012-11-19_15.49.06/tests.xmerl_test.logs/run.2012-11-19_15.49.40/xmerl_std_suite.ibm-not-wf-p10-ibm10n02.html"></testcase><testcase  name="ibm-not-wf-P10-ibm10n01" time="0.050657" timestamp="2012-11-19T15:54:48" log="/home/karl/tmp/otp_tests/logs/xmerl_test_logs/ct_run.ct@devbox.2012-11-19_15.49.06/tests.xmerl_test.logs/run.2012-11-19_15.49.40/xmerl_std_suite.ibm-not-wf-p10-ibm10n01.html"></testcase><testcase  name="ibm-not-wf-P09-ibm09n04" time="0.076272" timestamp="2012-11-19T15:54:49" log="/home/karl/tmp/otp_tests/logs/xmerl_test_logs/ct_run.ct@devbox.2012-11-19_15.49.06/tests.xmerl_test.logs/run.2012-11-19_15.49.40/xmerl_std_suite.ibm-not-wf-p09-ibm09n04.html"></testcase><testcase  name="ibm-not-wf-P09-ibm09n03" time="0.052182" timestamp="2012-11-19T15:54:49" log="/home/karl/tmp/otp_tests/logs/xmerl_test_logs/ct_run.ct@devbox.2012-11-19_15.49.06/tests.xmerl_test.logs/run.2012-11-19_15.49.40/xmerl_std_suite.ibm-not-wf-p09-ibm09n03.html"></testcase><testcase  name="ibm-not-wf-P09-ibm09n02" time="0.055898" timestamp="2012-11-19T15:54:49" log="/home/karl/tmp/otp_tests/logs/xmerl_test_logs/ct_run.ct@devbox.2012-11-19_15.49.06/tests.xmerl_test.logs/run.2012-11-19_15.49.40/xmerl_std_suite.ibm-not-wf-p09-ibm09n02.html"></testcase><testcase  name="ibm-not-wf-P09-ibm09n01" time="0.066529" timestamp="2012-11-19T15:54:49" log="/home/karl/tmp/otp_tests/logs/xmerl_test_logs/ct_run.ct@devbox.2012-11-19_15.49.06/tests.xmerl_test.logs/run.2012-11-19_15.49.40/xmerl_std_suite.ibm-not-wf-p09-ibm09n01.html"></testcase><testcase  name="ibm-not-wf-P05-ibm05n03" time="0.077690" timestamp="2012-11-19T15:54:49" log="/home/karl/tmp/otp_tests/logs/xmerl_test_logs/ct_run.ct@devbox.2012-11-19_15.49.06/tests.xmerl_test.logs/run.2012-11-19_15.49.40/xmerl_std_suite.ibm-not-wf-p05-ibm05n03.html"></testcase><testcase  name="ibm-not-wf-P05-ibm05n02" time="0.071708" timestamp="2012-11-19T15:54:49" log="/home/karl/tmp/otp_tests/logs/xmerl_test_logs/ct_run.ct@devbox.2012-11-19_15.49.06/tests.xmerl_test.logs/run.2012-11-19_15.49.40/xmerl_std_suite.ibm-not-wf-p05-ibm05n02.html"></testcase><testcase  name="ibm-not-wf-P05-ibm05n01" time="0.062924" timestamp="2012-11-19T15:54:49" log="/home/karl/tmp/otp_tests/logs/xmerl_test_logs/ct_run.ct@devbox.2012-11-19_15.49.06/tests.xmerl_test.logs/run.2012-11-19_15.49.40/xmerl_std_suite.ibm-not-wf-p05-ibm05n01.html"></testcase><testcase  name="ibm-not-wf-P04-ibm04n18" time="0.059156" timestamp="2012-11-19T15:54:50" log="/home/karl/tmp/otp_tests/logs/xmerl_test_logs/ct_run.ct@devbox.2012-11-19_15.49.06/tests.xmerl_test.logs/run.2012-11-19_15.49.40/xmerl_std_suite.ibm-not-wf-p04-ibm04n18.html"></testcase><testcase  name="ibm-not-wf-P04-ibm04n17" time="0.058755" timestamp="2012-11-19T15:54:50" log="/home/karl/tmp/otp_tests/logs/xmerl_test_logs/ct_run.ct@devbox.2012-11-19_15.49.06/tests.xmerl_test.logs/run.2012-11-19_15.49.40/xmerl_std_suite.ibm-not-wf-p04-ibm04n17.html"></testcase><testcase  name="ibm-not-wf-P04-ibm04n16" time="0.056177" timestamp="2012-11-19T15:54:50" log="/home/karl/tmp/otp_tests/logs/xmerl_test_logs/ct_run.ct@devbox.2012-11-19_15.49.06/tests.xmerl_test.logs/run.2012-11-19_15.49.40/xmerl_std_suite.ibm-not-wf-p04-ibm04n16.html"></testcase><testcase  name="ibm-not-wf-P04-ibm04n15" time="0.069548" timestamp="2012-11-19T15:54:50" log="/home/karl/tmp/otp_tests/logs/xmerl_test_logs/ct_run.ct@devbox.2012-11-19_15.49.06/tests.xmerl_test.logs/run.2012-11-19_15.49.40/xmerl_std_suite.ibm-not-wf-p04-ibm04n15.html"></testcase><testcase  name="ibm-not-wf-P04-ibm04n14" time="0.057888" timestamp="2012-11-19T15:54:50" log="/home/karl/tmp/otp_tests/logs/xmerl_test_logs/ct_run.ct@devbox.2012-11-19_15.49.06/tests.xmerl_test.logs/run.2012-11-19_15.49.40/xmerl_std_suite.ibm-not-wf-p04-ibm04n14.html"></testcase><testcase  name="ibm-not-wf-P04-ibm04n13" time="0.053792" timestamp="2012-11-19T15:54:50" log="/home/karl/tmp/otp_tests/logs/xmerl_test_logs/ct_run.ct@devbox.2012-11-19_15.49.06/tests.xmerl_test.logs/run.2012-11-19_15.49.40/xmerl_std_suite.ibm-not-wf-p04-ibm04n13.html"></testcase><testcase  name="ibm-not-wf-P04-ibm04n12" time="0.058771" timestamp="2012-11-19T15:54:50" log="/home/karl/tmp/otp_tests/logs/xmerl_test_logs/ct_run.ct@devbox.2012-11-19_15.49.06/tests.xmerl_test.logs/run.2012-11-19_15.49.40/xmerl_std_suite.ibm-not-wf-p04-ibm04n12.html"></testcase><testcase  name="ibm-not-wf-P04-ibm04n11" time="0.050404" timestamp="2012-11-19T15:54:51" log="/home/karl/tmp/otp_tests/logs/xmerl_test_logs/ct_run.ct@devbox.2012-11-19_15.49.06/tests.xmerl_test.logs/run.2012-11-19_15.49.40/xmerl_std_suite.ibm-not-wf-p04-ibm04n11.html"></testcase><testcase  name="ibm-not-wf-P04-ibm04n10" time="0.049002" timestamp="2012-11-19T15:54:51" log="/home/karl/tmp/otp_tests/logs/xmerl_test_logs/ct_run.ct@devbox.2012-11-19_15.49.06/tests.xmerl_test.logs/run.2012-11-19_15.49.40/xmerl_std_suite.ibm-not-wf-p04-ibm04n10.html"></testcase><testcase  name="ibm-not-wf-P04-ibm04n09" time="0.049977" timestamp="2012-11-19T15:54:51" log="/home/karl/tmp/otp_tests/logs/xmerl_test_logs/ct_run.ct@devbox.2012-11-19_15.49.06/tests.xmerl_test.logs/run.2012-11-19_15.49.40/xmerl_std_suite.ibm-not-wf-p04-ibm04n09.html"></testcase><testcase  name="ibm-not-wf-P04-ibm04n08" time="0.055265" timestamp="2012-11-19T15:54:51" log="/home/karl/tmp/otp_tests/logs/xmerl_test_logs/ct_run.ct@devbox.2012-11-19_15.49.06/tests.xmerl_test.logs/run.2012-11-19_15.49.40/xmerl_std_suite.ibm-not-wf-p04-ibm04n08.html"></testcase><testcase  name="ibm-not-wf-P04-ibm04n07" time="0.054654" timestamp="2012-11-19T15:54:51" log="/home/karl/tmp/otp_tests/logs/xmerl_test_logs/ct_run.ct@devbox.2012-11-19_15.49.06/tests.xmerl_test.logs/run.2012-11-19_15.49.40/xmerl_std_suite.ibm-not-wf-p04-ibm04n07.html"></testcase><testcase  name="ibm-not-wf-P04-ibm04n06" time="0.057809" timestamp="2012-11-19T15:54:51" log="/home/karl/tmp/otp_tests/logs/xmerl_test_logs/ct_run.ct@devbox.2012-11-19_15.49.06/tests.xmerl_test.logs/run.2012-11-19_15.49.40/xmerl_std_suite.ibm-not-wf-p04-ibm04n06.html"></testcase><testcase  name="ibm-not-wf-P04-ibm04n05" time="0.060281" timestamp="2012-11-19T15:54:51" log="/home/karl/tmp/otp_tests/logs/xmerl_test_logs/ct_run.ct@devbox.2012-11-19_15.49.06/tests.xmerl_test.logs/run.2012-11-19_15.49.40/xmerl_std_suite.ibm-not-wf-p04-ibm04n05.html"></testcase><testcase  name="ibm-not-wf-P04-ibm04n04" time="0.053144" timestamp="2012-11-19T15:54:51" log="/home/karl/tmp/otp_tests/logs/xmerl_test_logs/ct_run.ct@devbox.2012-11-19_15.49.06/tests.xmerl_test.logs/run.2012-11-19_15.49.40/xmerl_std_suite.ibm-not-wf-p04-ibm04n04.html"></testcase><testcase  name="ibm-not-wf-P04-ibm04n03" time="0.052380" timestamp="2012-11-19T15:54:52" log="/home/karl/tmp/otp_tests/logs/xmerl_test_logs/ct_run.ct@devbox.2012-11-19_15.49.06/tests.xmerl_test.logs/run.2012-11-19_15.49.40/xmerl_std_suite.ibm-not-wf-p04-ibm04n03.html"></testcase><testcase  name="ibm-not-wf-P04-ibm04n02" time="0.048758" timestamp="2012-11-19T15:54:52" log="/home/karl/tmp/otp_tests/logs/xmerl_test_logs/ct_run.ct@devbox.2012-11-19_15.49.06/tests.xmerl_test.logs/run.2012-11-19_15.49.40/xmerl_std_suite.ibm-not-wf-p04-ibm04n02.html"></testcase><testcase  name="ibm-not-wf-P04-ibm04n01" time="0.048822" timestamp="2012-11-19T15:54:52" log="/home/karl/tmp/otp_tests/logs/xmerl_test_logs/ct_run.ct@devbox.2012-11-19_15.49.06/tests.xmerl_test.logs/run.2012-11-19_15.49.40/xmerl_std_suite.ibm-not-wf-p04-ibm04n01.html"></testcase><testcase  name="ibm-not-wf-P03-ibm03n01" time="0.056359" timestamp="2012-11-19T15:54:52" log="/home/karl/tmp/otp_tests/logs/xmerl_test_logs/ct_run.ct@devbox.2012-11-19_15.49.06/tests.xmerl_test.logs/run.2012-11-19_15.49.40/xmerl_std_suite.ibm-not-wf-p03-ibm03n01.html"></testcase><testcase  name="ibm-not-wf-P02-ibm02n33" time="0.060354" timestamp="2012-11-19T15:54:52" log="/home/karl/tmp/otp_tests/logs/xmerl_test_logs/ct_run.ct@devbox.2012-11-19_15.49.06/tests.xmerl_test.logs/run.2012-11-19_15.49.40/xmerl_std_suite.ibm-not-wf-p02-ibm02n33.html"></testcase><testcase  name="ibm-not-wf-P02-ibm02n32" time="0.065710" timestamp="2012-11-19T15:54:52" log="/home/karl/tmp/otp_tests/logs/xmerl_test_logs/ct_run.ct@devbox.2012-11-19_15.49.06/tests.xmerl_test.logs/run.2012-11-19_15.49.40/xmerl_std_suite.ibm-not-wf-p02-ibm02n32.html"></testcase><testcase  name="ibm-not-wf-P02-ibm02n31" time="0.063014" timestamp="2012-11-19T15:54:52" log="/home/karl/tmp/otp_tests/logs/xmerl_test_logs/ct_run.ct@devbox.2012-11-19_15.49.06/tests.xmerl_test.logs/run.2012-11-19_15.49.40/xmerl_std_suite.ibm-not-wf-p02-ibm02n31.html"></testcase><testcase  name="ibm-not-wf-P02-ibm02n30" time="0.050276" timestamp="2012-11-19T15:54:53" log="/home/karl/tmp/otp_tests/logs/xmerl_test_logs/ct_run.ct@devbox.2012-11-19_15.49.06/tests.xmerl_test.logs/run.2012-11-19_15.49.40/xmerl_std_suite.ibm-not-wf-p02-ibm02n30.html"></testcase><testcase  name="ibm-not-wf-P02-ibm02n29" time="0.050705" timestamp="2012-11-19T15:54:53" log="/home/karl/tmp/otp_tests/logs/xmerl_test_logs/ct_run.ct@devbox.2012-11-19_15.49.06/tests.xmerl_test.logs/run.2012-11-19_15.49.40/xmerl_std_suite.ibm-not-wf-p02-ibm02n29.html"></testcase><testcase  name="ibm-not-wf-P02-ibm02n28" time="0.053330" timestamp="2012-11-19T15:54:53" log="/home/karl/tmp/otp_tests/logs/xmerl_test_logs/ct_run.ct@devbox.2012-11-19_15.49.06/tests.xmerl_test.logs/run.2012-11-19_15.49.40/xmerl_std_suite.ibm-not-wf-p02-ibm02n28.html"></testcase><testcase  name="ibm-not-wf-P02-ibm02n27" time="0.052292" timestamp="2012-11-19T15:54:53" log="/home/karl/tmp/otp_tests/logs/xmerl_test_logs/ct_run.ct@devbox.2012-11-19_15.49.06/tests.xmerl_test.logs/run.2012-11-19_15.49.40/xmerl_std_suite.ibm-not-wf-p02-ibm02n27.html"></testcase><testcase  name="ibm-not-wf-P02-ibm02n26" time="0.051071" timestamp="2012-11-19T15:54:53" log="/home/karl/tmp/otp_tests/logs/xmerl_test_logs/ct_run.ct@devbox.2012-11-19_15.49.06/tests.xmerl_test.logs/run.2012-11-19_15.49.40/xmerl_std_suite.ibm-not-wf-p02-ibm02n26.html"></testcase><testcase  name="ibm-not-wf-P02-ibm02n25" time="0.051446" timestamp="2012-11-19T15:54:53" log="/home/karl/tmp/otp_tests/logs/xmerl_test_logs/ct_run.ct@devbox.2012-11-19_15.49.06/tests.xmerl_test.logs/run.2012-11-19_15.49.40/xmerl_std_suite.ibm-not-wf-p02-ibm02n25.html"></testcase><testcase  name="ibm-not-wf-P02-ibm02n24" time="0.050307" timestamp="2012-11-19T15:54:53" log="/home/karl/tmp/otp_tests/logs/xmerl_test_logs/ct_run.ct@devbox.2012-11-19_15.49.06/tests.xmerl_test.logs/run.2012-11-19_15.49.40/xmerl_std_suite.ibm-not-wf-p02-ibm02n24.html"></testcase><testcase  name="ibm-not-wf-P02-ibm02n23" time="0.051817" timestamp="2012-11-19T15:54:53" log="/home/karl/tmp/otp_tests/logs/xmerl_test_logs/ct_run.ct@devbox.2012-11-19_15.49.06/tests.xmerl_test.logs/run.2012-11-19_15.49.40/xmerl_std_suite.ibm-not-wf-p02-ibm02n23.html"></testcase><testcase  name="ibm-not-wf-P02-ibm02n22" time="0.070070" timestamp="2012-11-19T15:54:53" log="/home/karl/tmp/otp_tests/logs/xmerl_test_logs/ct_run.ct@devbox.2012-11-19_15.49.06/tests.xmerl_test.logs/run.2012-11-19_15.49.40/xmerl_std_suite.ibm-not-wf-p02-ibm02n22.html"></testcase><testcase  name="ibm-not-wf-P02-ibm02n21" time="0.049918" timestamp="2012-11-19T15:54:54" log="/home/karl/tmp/otp_tests/logs/xmerl_test_logs/ct_run.ct@devbox.2012-11-19_15.49.06/tests.xmerl_test.logs/run.2012-11-19_15.49.40/xmerl_std_suite.ibm-not-wf-p02-ibm02n21.html"></testcase><testcase  name="ibm-not-wf-P02-ibm02n20" time="0.050834" timestamp="2012-11-19T15:54:54" log="/home/karl/tmp/otp_tests/logs/xmerl_test_logs/ct_run.ct@devbox.2012-11-19_15.49.06/tests.xmerl_test.logs/run.2012-11-19_15.49.40/xmerl_std_suite.ibm-not-wf-p02-ibm02n20.html"></testcase><testcase  name="ibm-not-wf-P02-ibm02n19" time="0.048549" timestamp="2012-11-19T15:54:54" log="/home/karl/tmp/otp_tests/logs/xmerl_test_logs/ct_run.ct@devbox.2012-11-19_15.49.06/tests.xmerl_test.logs/run.2012-11-19_15.49.40/xmerl_std_suite.ibm-not-wf-p02-ibm02n19.html"></testcase><testcase  name="ibm-not-wf-P02-ibm02n18" time="0.068906" timestamp="2012-11-19T15:54:54" log="/home/karl/tmp/otp_tests/logs/xmerl_test_logs/ct_run.ct@devbox.2012-11-19_15.49.06/tests.xmerl_test.logs/run.2012-11-19_15.49.40/xmerl_std_suite.ibm-not-wf-p02-ibm02n18.html"></testcase><testcase  name="ibm-not-wf-P02-ibm02n17" time="0.051772" timestamp="2012-11-19T15:54:54" log="/home/karl/tmp/otp_tests/logs/xmerl_test_logs/ct_run.ct@devbox.2012-11-19_15.49.06/tests.xmerl_test.logs/run.2012-11-19_15.49.40/xmerl_std_suite.ibm-not-wf-p02-ibm02n17.html"></testcase><testcase  name="ibm-not-wf-P02-ibm02n16" time="0.055463" timestamp="2012-11-19T15:54:54" log="/home/karl/tmp/otp_tests/logs/xmerl_test_logs/ct_run.ct@devbox.2012-11-19_15.49.06/tests.xmerl_test.logs/run.2012-11-19_15.49.40/xmerl_std_suite.ibm-not-wf-p02-ibm02n16.html"></testcase><testcase  name="ibm-not-wf-P02-ibm02n15" time="0.109940" timestamp="2012-11-19T15:54:54" log="/home/karl/tmp/otp_tests/logs/xmerl_test_logs/ct_run.ct@devbox.2012-11-19_15.49.06/tests.xmerl_test.logs/run.2012-11-19_15.49.40/xmerl_std_suite.ibm-not-wf-p02-ibm02n15.html"></testcase><testcase  name="ibm-not-wf-P02-ibm02n14" time="0.050631" timestamp="2012-11-19T15:54:55" log="/home/karl/tmp/otp_tests/logs/xmerl_test_logs/ct_run.ct@devbox.2012-11-19_15.49.06/tests.xmerl_test.logs/run.2012-11-19_15.49.40/xmerl_std_suite.ibm-not-wf-p02-ibm02n14.html"></testcase><testcase  name="ibm-not-wf-P02-ibm02n13" time="0.048494" timestamp="2012-11-19T15:54:55" log="/home/karl/tmp/otp_tests/logs/xmerl_test_logs/ct_run.ct@devbox.2012-11-19_15.49.06/tests.xmerl_test.logs/run.2012-11-19_15.49.40/xmerl_std_suite.ibm-not-wf-p02-ibm02n13.html"></testcase><testcase  name="ibm-not-wf-P02-ibm02n12" time="0.048006" timestamp="2012-11-19T15:54:55" log="/home/karl/tmp/otp_tests/logs/xmerl_test_logs/ct_run.ct@devbox.2012-11-19_15.49.06/tests.xmerl_test.logs/run.2012-11-19_15.49.40/xmerl_std_suite.ibm-not-wf-p02-ibm02n12.html"></testcase><testcase  name="ibm-not-wf-P02-ibm02n11" time="0.047416" timestamp="2012-11-19T15:54:55" log="/home/karl/tmp/otp_tests/logs/xmerl_test_logs/ct_run.ct@devbox.2012-11-19_15.49.06/tests.xmerl_test.logs/run.2012-11-19_15.49.40/xmerl_std_suite.ibm-not-wf-p02-ibm02n11.html"></testcase><testcase  name="ibm-not-wf-P02-ibm02n10" time="0.103750" timestamp="2012-11-19T15:54:55" log="/home/karl/tmp/otp_tests/logs/xmerl_test_logs/ct_run.ct@devbox.2012-11-19_15.49.06/tests.xmerl_test.logs/run.2012-11-19_15.49.40/xmerl_std_suite.ibm-not-wf-p02-ibm02n10.html"></testcase><testcase  name="ibm-not-wf-P02-ibm02n09" time="0.047246" timestamp="2012-11-19T15:54:55" log="/home/karl/tmp/otp_tests/logs/xmerl_test_logs/ct_run.ct@devbox.2012-11-19_15.49.06/tests.xmerl_test.logs/run.2012-11-19_15.49.40/xmerl_std_suite.ibm-not-wf-p02-ibm02n09.html"></testcase><testcase  name="ibm-not-wf-P02-ibm02n08" time="0.094076" timestamp="2012-11-19T15:54:56" log="/home/karl/tmp/otp_tests/logs/xmerl_test_logs/ct_run.ct@devbox.2012-11-19_15.49.06/tests.xmerl_test.logs/run.2012-11-19_15.49.40/xmerl_std_suite.ibm-not-wf-p02-ibm02n08.html"></testcase><testcase  name="ibm-not-wf-P02-ibm02n07" time="0.049256" timestamp="2012-11-19T15:54:56" log="/home/karl/tmp/otp_tests/logs/xmerl_test_logs/ct_run.ct@devbox.2012-11-19_15.49.06/tests.xmerl_test.logs/run.2012-11-19_15.49.40/xmerl_std_suite.ibm-not-wf-p02-ibm02n07.html"></testcase><testcase  name="ibm-not-wf-P02-ibm02n06" time="0.058980" timestamp="2012-11-19T15:54:56" log="/home/karl/tmp/otp_tests/logs/xmerl_test_logs/ct_run.ct@devbox.2012-11-19_15.49.06/tests.xmerl_test.logs/run.2012-11-19_15.49.40/xmerl_std_suite.ibm-not-wf-p02-ibm02n06.html"></testcase><testcase  name="ibm-not-wf-P02-ibm02n05" time="0.087112" timestamp="2012-11-19T15:54:56" log="/home/karl/tmp/otp_tests/logs/xmerl_test_logs/ct_run.ct@devbox.2012-11-19_15.49.06/tests.xmerl_test.logs/run.2012-11-19_15.49.40/xmerl_std_suite.ibm-not-wf-p02-ibm02n05.html"></testcase><testcase  name="ibm-not-wf-P02-ibm02n04" time="0.050609" timestamp="2012-11-19T15:54:56" log="/home/karl/tmp/otp_tests/logs/xmerl_test_logs/ct_run.ct@devbox.2012-11-19_15.49.06/tests.xmerl_test.logs/run.2012-11-19_15.49.40/xmerl_std_suite.ibm-not-wf-p02-ibm02n04.html"></testcase><testcase  name="ibm-not-wf-P02-ibm02n03" time="0.050423" timestamp="2012-11-19T15:54:56" log="/home/karl/tmp/otp_tests/logs/xmerl_test_logs/ct_run.ct@devbox.2012-11-19_15.49.06/tests.xmerl_test.logs/run.2012-11-19_15.49.40/xmerl_std_suite.ibm-not-wf-p02-ibm02n03.html"></testcase><testcase  name="ibm-not-wf-P02-ibm02n02" time="0.059558" timestamp="2012-11-19T15:54:56" log="/home/karl/tmp/otp_tests/logs/xmerl_test_logs/ct_run.ct@devbox.2012-11-19_15.49.06/tests.xmerl_test.logs/run.2012-11-19_15.49.40/xmerl_std_suite.ibm-not-wf-p02-ibm02n02.html"></testcase><testcase  name="ibm-not-wf-P02-ibm02n01" time="0.049372" timestamp="2012-11-19T15:54:57" log="/home/karl/tmp/otp_tests/logs/xmerl_test_logs/ct_run.ct@devbox.2012-11-19_15.49.06/tests.xmerl_test.logs/run.2012-11-19_15.49.40/xmerl_std_suite.ibm-not-wf-p02-ibm02n01.html"></testcase><testcase  name="ibm-not-wf-P01-ibm01n03" time="0.052614" timestamp="2012-11-19T15:54:57" log="/home/karl/tmp/otp_tests/logs/xmerl_test_logs/ct_run.ct@devbox.2012-11-19_15.49.06/tests.xmerl_test.logs/run.2012-11-19_15.49.40/xmerl_std_suite.ibm-not-wf-p01-ibm01n03.html"></testcase><testcase  name="ibm-not-wf-P01-ibm01n02" time="0.050331" timestamp="2012-11-19T15:54:57" log="/home/karl/tmp/otp_tests/logs/xmerl_test_logs/ct_run.ct@devbox.2012-11-19_15.49.06/tests.xmerl_test.logs/run.2012-11-19_15.49.40/xmerl_std_suite.ibm-not-wf-p01-ibm01n02.html"></testcase><testcase  name="ibm-not-wf-P01-ibm01n01" time="0.048142" timestamp="2012-11-19T15:54:57" log="/home/karl/tmp/otp_tests/logs/xmerl_test_logs/ct_run.ct@devbox.2012-11-19_15.49.06/tests.xmerl_test.logs/run.2012-11-19_15.49.40/xmerl_std_suite.ibm-not-wf-p01-ibm01n01.html"></testcase><testcase  name="ibm-valid-P89-ibm89v01" time="0.042271" timestamp="2012-11-19T15:54:57" log="/home/karl/tmp/otp_tests/logs/xmerl_test_logs/ct_run.ct@devbox.2012-11-19_15.49.06/tests.xmerl_test.logs/run.2012-11-19_15.49.40/xmerl_std_suite.ibm-valid-p89-ibm89v01.html"><skipped type="skip" message="Test ibm-valid-P89-ibm89v01 in xmerl_std_SUITE skipped!">{tc_user_skip,{skipped,[&quot;Fails to handle name containing characters &gt; x#ff, since they are converted to atoms&quot;]}}</skipped></testcase><testcase  name="ibm-valid-P88-ibm88v01" time="0.037467" timestamp="2012-11-19T15:54:57" log="/home/karl/tmp/otp_tests/logs/xmerl_test_logs/ct_run.ct@devbox.2012-11-19_15.49.06/tests.xmerl_test.logs/run.2012-11-19_15.49.40/xmerl_std_suite.ibm-valid-p88-ibm88v01.html"><skipped type="skip" message="Test ibm-valid-P88-ibm88v01 in xmerl_std_SUITE skipped!">{tc_user_skip,{skipped,[&quot;Fails to handle name containing characters &gt; x#ff, since they are converted to atoms&quot;]}}</skipped></testcase><testcase  name="ibm-valid-P87-ibm87v01" time="0.037813" timestamp="2012-11-19T15:54:57" log="/home/karl/tmp/otp_tests/logs/xmerl_test_logs/ct_run.ct@devbox.2012-11-19_15.49.06/tests.xmerl_test.logs/run.2012-11-19_15.49.40/xmerl_std_suite.ibm-valid-p87-ibm87v01.html"><skipped type="skip" message="Test ibm-valid-P87-ibm87v01 in xmerl_std_SUITE skipped!">{tc_user_skip,{skipped,[&quot;Fails to handle name containing characters &gt; x#ff, since they are converted to atoms&quot;]}}</skipped></testcase><testcase  name="ibm-valid-P86-ibm86v01" time="0.068414" timestamp="2012-11-19T15:54:57" log="/home/karl/tmp/otp_tests/logs/xmerl_test_logs/ct_run.ct@devbox.2012-11-19_15.49.06/tests.xmerl_test.logs/run.2012-11-19_15.49.40/xmerl_std_suite.ibm-valid-p86-ibm86v01.html"><skipped type="skip" message="Test ibm-valid-P86-ibm86v01 in xmerl_std_SUITE skipped!">{tc_user_skip,{skipped,[&quot;Fails to handle name containing characters &gt; x#ff, since they are converted to atoms&quot;]}}</skipped></testcase><testcase  name="ibm-valid-P85-ibm85v01" time="0.049532" timestamp="2012-11-19T15:54:58" log="/home/karl/tmp/otp_tests/logs/xmerl_test_logs/ct_run.ct@devbox.2012-11-19_15.49.06/tests.xmerl_test.logs/run.2012-11-19_15.49.40/xmerl_std_suite.ibm-valid-p85-ibm85v01.html"><skipped type="skip" message="Test ibm-valid-P85-ibm85v01 in xmerl_std_SUITE skipped!">{tc_user_skip,{skipped,[&quot;Fails to handle name containing characters &gt; x#ff, since they are converted to atoms&quot;]}}</skipped></testcase><testcase  name="ibm-valid-P82-ibm82v01" time="0.059503" timestamp="2012-11-19T15:54:58" log="/home/karl/tmp/otp_tests/logs/xmerl_test_logs/ct_run.ct@devbox.2012-11-19_15.49.06/tests.xmerl_test.logs/run.2012-11-19_15.49.40/xmerl_std_suite.ibm-valid-p82-ibm82v01.html"></testcase><testcase  name="ibm-valid-P79-ibm79v01" time="0.057540" timestamp="2012-11-19T15:54:58" log="/home/karl/tmp/otp_tests/logs/xmerl_test_logs/ct_run.ct@devbox.2012-11-19_15.49.06/tests.xmerl_test.logs/run.2012-11-19_15.49.40/xmerl_std_suite.ibm-valid-p79-ibm79v01.html"></testcase><testcase  name="ibm-valid-P78-ibm78v01" time="0.049887" timestamp="2012-11-19T15:54:58" log="/home/karl/tmp/otp_tests/logs/xmerl_test_logs/ct_run.ct@devbox.2012-11-19_15.49.06/tests.xmerl_test.logs/run.2012-11-19_15.49.40/xmerl_std_suite.ibm-valid-p78-ibm78v01.html"></testcase><testcase  name="ibm-valid-P70-ibm70v01" time="0.049283" timestamp="2012-11-19T15:54:58" log="/home/karl/tmp/otp_tests/logs/xmerl_test_logs/ct_run.ct@devbox.2012-11-19_15.49.06/tests.xmerl_test.logs/run.2012-11-19_15.49.40/xmerl_std_suite.ibm-valid-p70-ibm70v01.html"></testcase><testcase  name="ibm-valid-P69-ibm69v02" time="0.050482" timestamp="2012-11-19T15:54:58" log="/home/karl/tmp/otp_tests/logs/xmerl_test_logs/ct_run.ct@devbox.2012-11-19_15.49.06/tests.xmerl_test.logs/run.2012-11-19_15.49.40/xmerl_std_suite.ibm-valid-p69-ibm69v02.html"></testcase><testcase  name="ibm-valid-P69-ibm69v01" time="0.050158" timestamp="2012-11-19T15:54:59" log="/home/karl/tmp/otp_tests/logs/xmerl_test_logs/ct_run.ct@devbox.2012-11-19_15.49.06/tests.xmerl_test.logs/run.2012-11-19_15.49.40/xmerl_std_suite.ibm-valid-p69-ibm69v01.html"></testcase><testcase  name="ibm-valid-P68-ibm68v02" time="0.052438" timestamp="2012-11-19T15:54:59" log="/home/karl/tmp/otp_tests/logs/xmerl_test_logs/ct_run.ct@devbox.2012-11-19_15.49.06/tests.xmerl_test.logs/run.2012-11-19_15.49.40/xmerl_std_suite.ibm-valid-p68-ibm68v02.html"></testcase><testcase  name="ibm-valid-P68-ibm68v01" time="0.057186" timestamp="2012-11-19T15:54:59" log="/home/karl/tmp/otp_tests/logs/xmerl_test_logs/ct_run.ct@devbox.2012-11-19_15.49.06/tests.xmerl_test.logs/run.2012-11-19_15.49.40/xmerl_std_suite.ibm-valid-p68-ibm68v01.html"></testcase><testcase  name="ibm-valid-P67-ibm67v01" time="0.055960" timestamp="2012-11-19T15:54:59" log="/home/karl/tmp/otp_tests/logs/xmerl_test_logs/ct_run.ct@devbox.2012-11-19_15.49.06/tests.xmerl_test.logs/run.2012-11-19_15.49.40/xmerl_std_suite.ibm-valid-p67-ibm67v01.html"></testcase><testcase  name="ibm-valid-P66-ibm66v01" time="0.057221" timestamp="2012-11-19T15:54:59" log="/home/karl/tmp/otp_tests/logs/xmerl_test_logs/ct_run.ct@devbox.2012-11-19_15.49.06/tests.xmerl_test.logs/run.2012-11-19_15.49.40/xmerl_std_suite.ibm-valid-p66-ibm66v01.html"></testcase><testcase  name="ibm-valid-P65-ibm65v02" time="0.051236" timestamp="2012-11-19T15:54:59" log="/home/karl/tmp/otp_tests/logs/xmerl_test_logs/ct_run.ct@devbox.2012-11-19_15.49.06/tests.xmerl_test.logs/run.2012-11-19_15.49.40/xmerl_std_suite.ibm-valid-p65-ibm65v02.html"></testcase><testcase  name="ibm-valid-P65-ibm65v01" time="0.059144" timestamp="2012-11-19T15:54:59" log="/home/karl/tmp/otp_tests/logs/xmerl_test_logs/ct_run.ct@devbox.2012-11-19_15.49.06/tests.xmerl_test.logs/run.2012-11-19_15.49.40/xmerl_std_suite.ibm-valid-p65-ibm65v01.html"></testcase><testcase  name="ibm-valid-P64-ibm64v03" time="0.069536" timestamp="2012-11-19T15:54:59" log="/home/karl/tmp/otp_tests/logs/xmerl_test_logs/ct_run.ct@devbox.2012-11-19_15.49.06/tests.xmerl_test.logs/run.2012-11-19_15.49.40/xmerl_std_suite.ibm-valid-p64-ibm64v03.html"></testcase><testcase  name="ibm-valid-P64-ibm64v02" time="0.092882" timestamp="2012-11-19T15:55:00" log="/home/karl/tmp/otp_tests/logs/xmerl_test_logs/ct_run.ct@devbox.2012-11-19_15.49.06/tests.xmerl_test.logs/run.2012-11-19_15.49.40/xmerl_std_suite.ibm-valid-p64-ibm64v02.html"></testcase><testcase  name="ibm-valid-P64-ibm64v01" time="0.060055" timestamp="2012-11-19T15:55:00" log="/home/karl/tmp/otp_tests/logs/xmerl_test_logs/ct_run.ct@devbox.2012-11-19_15.49.06/tests.xmerl_test.logs/run.2012-11-19_15.49.40/xmerl_std_suite.ibm-valid-p64-ibm64v01.html"></testcase><testcase  name="ibm-valid-P63-ibm63v05" time="0.050953" timestamp="2012-11-19T15:55:00" log="/home/karl/tmp/otp_tests/logs/xmerl_test_logs/ct_run.ct@devbox.2012-11-19_15.49.06/tests.xmerl_test.logs/run.2012-11-19_15.49.40/xmerl_std_suite.ibm-valid-p63-ibm63v05.html"></testcase><testcase  name="ibm-valid-P63-ibm63v04" time="0.111825" timestamp="2012-11-19T15:55:00" log="/home/karl/tmp/otp_tests/logs/xmerl_test_logs/ct_run.ct@devbox.2012-11-19_15.49.06/tests.xmerl_test.logs/run.2012-11-19_15.49.40/xmerl_std_suite.ibm-valid-p63-ibm63v04.html"></testcase><testcase  name="ibm-valid-P63-ibm63v03" time="0.054056" timestamp="2012-11-19T15:55:00" log="/home/karl/tmp/otp_tests/logs/xmerl_test_logs/ct_run.ct@devbox.2012-11-19_15.49.06/tests.xmerl_test.logs/run.2012-11-19_15.49.40/xmerl_std_suite.ibm-valid-p63-ibm63v03.html"></testcase><testcase  name="ibm-valid-P63-ibm63v02" time="0.062807" timestamp="2012-11-19T15:55:00" log="/home/karl/tmp/otp_tests/logs/xmerl_test_logs/ct_run.ct@devbox.2012-11-19_15.49.06/tests.xmerl_test.logs/run.2012-11-19_15.49.40/xmerl_std_suite.ibm-valid-p63-ibm63v02.html"></testcase><testcase  name="ibm-valid-P63-ibm63v01" time="0.052065" timestamp="2012-11-19T15:55:01" log="/home/karl/tmp/otp_tests/logs/xmerl_test_logs/ct_run.ct@devbox.2012-11-19_15.49.06/tests.xmerl_test.logs/run.2012-11-19_15.49.40/xmerl_std_suite.ibm-valid-p63-ibm63v01.html"></testcase><testcase  name="ibm-valid-P62-ibm62v05" time="0.053190" timestamp="2012-11-19T15:55:01" log="/home/karl/tmp/otp_tests/logs/xmerl_test_logs/ct_run.ct@devbox.2012-11-19_15.49.06/tests.xmerl_test.logs/run.2012-11-19_15.49.40/xmerl_std_suite.ibm-valid-p62-ibm62v05.html"></testcase><testcase  name="ibm-valid-P62-ibm62v04" time="0.056371" timestamp="2012-11-19T15:55:01" log="/home/karl/tmp/otp_tests/logs/xmerl_test_logs/ct_run.ct@devbox.2012-11-19_15.49.06/tests.xmerl_test.logs/run.2012-11-19_15.49.40/xmerl_std_suite.ibm-valid-p62-ibm62v04.html"></testcase><testcase  name="ibm-valid-P62-ibm62v03" time="0.052599" timestamp="2012-11-19T15:55:01" log="/home/karl/tmp/otp_tests/logs/xmerl_test_logs/ct_run.ct@devbox.2012-11-19_15.49.06/tests.xmerl_test.logs/run.2012-11-19_15.49.40/xmerl_std_suite.ibm-valid-p62-ibm62v03.html"></testcase><testcase  name="ibm-valid-P62-ibm62v02" time="0.052799" timestamp="2012-11-19T15:55:01" log="/home/karl/tmp/otp_tests/logs/xmerl_test_logs/ct_run.ct@devbox.2012-11-19_15.49.06/tests.xmerl_test.logs/run.2012-11-19_15.49.40/xmerl_std_suite.ibm-valid-p62-ibm62v02.html"></testcase><testcase  name="ibm-valid-P62-ibm62v01" time="0.051966" timestamp="2012-11-19T15:55:01" log="/home/karl/tmp/otp_tests/logs/xmerl_test_logs/ct_run.ct@devbox.2012-11-19_15.49.06/tests.xmerl_test.logs/run.2012-11-19_15.49.40/xmerl_std_suite.ibm-valid-p62-ibm62v01.html"></testcase><testcase  name="ibm-valid-P61-ibm61v02" time="0.051557" timestamp="2012-11-19T15:55:01" log="/home/karl/tmp/otp_tests/logs/xmerl_test_logs/ct_run.ct@devbox.2012-11-19_15.49.06/tests.xmerl_test.logs/run.2012-11-19_15.49.40/xmerl_std_suite.ibm-valid-p61-ibm61v02.html"></testcase><testcase  name="ibm-valid-P61-ibm61v01" time="0.084103" timestamp="2012-11-19T15:55:02" log="/home/karl/tmp/otp_tests/logs/xmerl_test_logs/ct_run.ct@devbox.2012-11-19_15.49.06/tests.xmerl_test.logs/run.2012-11-19_15.49.40/xmerl_std_suite.ibm-valid-p61-ibm61v01.html"></testcase><testcase  name="ibm-valid-P60-ibm60v04" time="0.100332" timestamp="2012-11-19T15:55:02" log="/home/karl/tmp/otp_tests/logs/xmerl_test_logs/ct_run.ct@devbox.2012-11-19_15.49.06/tests.xmerl_test.logs/run.2012-11-19_15.49.40/xmerl_std_suite.ibm-valid-p60-ibm60v04.html"></testcase><testcase  name="ibm-valid-P60-ibm60v03" time="0.083112" timestamp="2012-11-19T15:55:02" log="/home/karl/tmp/otp_tests/logs/xmerl_test_logs/ct_run.ct@devbox.2012-11-19_15.49.06/tests.xmerl_test.logs/run.2012-11-19_15.49.40/xmerl_std_suite.ibm-valid-p60-ibm60v03.html"></testcase><testcase  name="ibm-valid-P60-ibm60v02" time="0.072502" timestamp="2012-11-19T15:55:02" log="/home/karl/tmp/otp_tests/logs/xmerl_test_logs/ct_run.ct@devbox.2012-11-19_15.49.06/tests.xmerl_test.logs/run.2012-11-19_15.49.40/xmerl_std_suite.ibm-valid-p60-ibm60v02.html"></testcase><testcase  name="ibm-valid-P60-ibm60v01" time="0.061698" timestamp="2012-11-19T15:55:02" log="/home/karl/tmp/otp_tests/logs/xmerl_test_logs/ct_run.ct@devbox.2012-11-19_15.49.06/tests.xmerl_test.logs/run.2012-11-19_15.49.40/xmerl_std_suite.ibm-valid-p60-ibm60v01.html"></testcase><testcase  name="ibm-valid-P59-ibm59v02" time="0.128047" timestamp="2012-11-19T15:55:02" log="/home/karl/tmp/otp_tests/logs/xmerl_test_logs/ct_run.ct@devbox.2012-11-19_15.49.06/tests.xmerl_test.logs/run.2012-11-19_15.49.40/xmerl_std_suite.ibm-valid-p59-ibm59v02.html"></testcase><testcase  name="ibm-valid-P59-ibm59v01" time="0.121266" timestamp="2012-11-19T15:55:03" log="/home/karl/tmp/otp_tests/logs/xmerl_test_logs/ct_run.ct@devbox.2012-11-19_15.49.06/tests.xmerl_test.logs/run.2012-11-19_15.49.40/xmerl_std_suite.ibm-valid-p59-ibm59v01.html"></testcase><testcase  name="ibm-valid-P58-ibm58v02" time="0.050401" timestamp="2012-11-19T15:55:03" log="/home/karl/tmp/otp_tests/logs/xmerl_test_logs/ct_run.ct@devbox.2012-11-19_15.49.06/tests.xmerl_test.logs/run.2012-11-19_15.49.40/xmerl_std_suite.ibm-valid-p58-ibm58v02.html"></testcase><testcase  name="ibm-valid-P58-ibm58v01" time="0.115571" timestamp="2012-11-19T15:55:03" log="/home/karl/tmp/otp_tests/logs/xmerl_test_logs/ct_run.ct@devbox.2012-11-19_15.49.06/tests.xmerl_test.logs/run.2012-11-19_15.49.40/xmerl_std_suite.ibm-valid-p58-ibm58v01.html"></testcase><testcase  name="ibm-valid-P57-ibm57v01" time="0.095591" timestamp="2012-11-19T15:55:03" log="/home/karl/tmp/otp_tests/logs/xmerl_test_logs/ct_run.ct@devbox.2012-11-19_15.49.06/tests.xmerl_test.logs/run.2012-11-19_15.49.40/xmerl_std_suite.ibm-valid-p57-ibm57v01.html"></testcase><testcase  name="ibm-valid-P56-ibm56v10" time="0.049996" timestamp="2012-11-19T15:55:03" log="/home/karl/tmp/otp_tests/logs/xmerl_test_logs/ct_run.ct@devbox.2012-11-19_15.49.06/tests.xmerl_test.logs/run.2012-11-19_15.49.40/xmerl_std_suite.ibm-valid-p56-ibm56v10.html"></testcase><testcase  name="ibm-valid-P56-ibm56v09" time="0.051335" timestamp="2012-11-19T15:55:04" log="/home/karl/tmp/otp_tests/logs/xmerl_test_logs/ct_run.ct@devbox.2012-11-19_15.49.06/tests.xmerl_test.logs/run.2012-11-19_15.49.40/xmerl_std_suite.ibm-valid-p56-ibm56v09.html"></testcase><testcase  name="ibm-valid-P56-ibm56v08" time="0.051865" timestamp="2012-11-19T15:55:04" log="/home/karl/tmp/otp_tests/logs/xmerl_test_logs/ct_run.ct@devbox.2012-11-19_15.49.06/tests.xmerl_test.logs/run.2012-11-19_15.49.40/xmerl_std_suite.ibm-valid-p56-ibm56v08.html"></testcase><testcase  name="ibm-valid-P56-ibm56v07" time="0.049831" timestamp="2012-11-19T15:55:04" log="/home/karl/tmp/otp_tests/logs/xmerl_test_logs/ct_run.ct@devbox.2012-11-19_15.49.06/tests.xmerl_test.logs/run.2012-11-19_15.49.40/xmerl_std_suite.ibm-valid-p56-ibm56v07.html"></testcase><testcase  name="ibm-valid-P56-ibm56v06" time="0.111907" timestamp="2012-11-19T15:55:04" log="/home/karl/tmp/otp_tests/logs/xmerl_test_logs/ct_run.ct@devbox.2012-11-19_15.49.06/tests.xmerl_test.logs/run.2012-11-19_15.49.40/xmerl_std_suite.ibm-valid-p56-ibm56v06.html"></testcase><testcase  name="ibm-valid-P56-ibm56v05" time="0.051281" timestamp="2012-11-19T15:55:04" log="/home/karl/tmp/otp_tests/logs/xmerl_test_logs/ct_run.ct@devbox.2012-11-19_15.49.06/tests.xmerl_test.logs/run.2012-11-19_15.49.40/xmerl_std_suite.ibm-valid-p56-ibm56v05.html"></testcase><testcase  name="ibm-valid-P56-ibm56v04" time="0.114612" timestamp="2012-11-19T15:55:04" log="/home/karl/tmp/otp_tests/logs/xmerl_test_logs/ct_run.ct@devbox.2012-11-19_15.49.06/tests.xmerl_test.logs/run.2012-11-19_15.49.40/xmerl_std_suite.ibm-valid-p56-ibm56v04.html"></testcase><testcase  name="ibm-valid-P56-ibm56v03" time="0.070946" timestamp="2012-11-19T15:55:05" log="/home/karl/tmp/otp_tests/logs/xmerl_test_logs/ct_run.ct@devbox.2012-11-19_15.49.06/tests.xmerl_test.logs/run.2012-11-19_15.49.40/xmerl_std_suite.ibm-valid-p56-ibm56v03.html"></testcase><testcase  name="ibm-valid-P56-ibm56v02" time="0.059662" timestamp="2012-11-19T15:55:05" log="/home/karl/tmp/otp_tests/logs/xmerl_test_logs/ct_run.ct@devbox.2012-11-19_15.49.06/tests.xmerl_test.logs/run.2012-11-19_15.49.40/xmerl_std_suite.ibm-valid-p56-ibm56v02.html"></testcase><testcase  name="ibm-valid-P56-ibm56v01" time="0.050245" timestamp="2012-11-19T15:55:05" log="/home/karl/tmp/otp_tests/logs/xmerl_test_logs/ct_run.ct@devbox.2012-11-19_15.49.06/tests.xmerl_test.logs/run.2012-11-19_15.49.40/xmerl_std_suite.ibm-valid-p56-ibm56v01.html"></testcase><testcase  name="ibm-valid-P55-ibm55v01" time="0.049380" timestamp="2012-11-19T15:55:05" log="/home/karl/tmp/otp_tests/logs/xmerl_test_logs/ct_run.ct@devbox.2012-11-19_15.49.06/tests.xmerl_test.logs/run.2012-11-19_15.49.40/xmerl_std_suite.ibm-valid-p55-ibm55v01.html"></testcase><testcase  name="ibm-valid-P54-ibm54v03" time="0.050014" timestamp="2012-11-19T15:55:05" log="/home/karl/tmp/otp_tests/logs/xmerl_test_logs/ct_run.ct@devbox.2012-11-19_15.49.06/tests.xmerl_test.logs/run.2012-11-19_15.49.40/xmerl_std_suite.ibm-valid-p54-ibm54v03.html"></testcase><testcase  name="ibm-valid-P54-ibm54v02" time="0.052895" timestamp="2012-11-19T15:55:05" log="/home/karl/tmp/otp_tests/logs/xmerl_test_logs/ct_run.ct@devbox.2012-11-19_15.49.06/tests.xmerl_test.logs/run.2012-11-19_15.49.40/xmerl_std_suite.ibm-valid-p54-ibm54v02.html"></testcase><testcase  name="ibm-valid-P54-ibm54v01" time="0.089987" timestamp="2012-11-19T15:55:05" log="/home/karl/tmp/otp_tests/logs/xmerl_test_logs/ct_run.ct@devbox.2012-11-19_15.49.06/tests.xmerl_test.logs/run.2012-11-19_15.49.40/xmerl_std_suite.ibm-valid-p54-ibm54v01.html"></testcase><testcase  name="ibm-valid-P52-ibm52v01" time="0.063143" timestamp="2012-11-19T15:55:06" log="/home/karl/tmp/otp_tests/logs/xmerl_test_logs/ct_run.ct@devbox.2012-11-19_15.49.06/tests.xmerl_test.logs/run.2012-11-19_15.49.40/xmerl_std_suite.ibm-valid-p52-ibm52v01.html"></testcase><testcase  name="ibm-valid-P51-ibm51v02" time="0.051034" timestamp="2012-11-19T15:55:06" log="/home/karl/tmp/otp_tests/logs/xmerl_test_logs/ct_run.ct@devbox.2012-11-19_15.49.06/tests.xmerl_test.logs/run.2012-11-19_15.49.40/xmerl_std_suite.ibm-valid-p51-ibm51v02.html"></testcase><testcase  name="ibm-valid-P51-ibm51v01" time="0.050171" timestamp="2012-11-19T15:55:06" log="/home/karl/tmp/otp_tests/logs/xmerl_test_logs/ct_run.ct@devbox.2012-11-19_15.49.06/tests.xmerl_test.logs/run.2012-11-19_15.49.40/xmerl_std_suite.ibm-valid-p51-ibm51v01.html"></testcase><testcase  name="ibm-valid-P50-ibm50v01" time="0.050352" timestamp="2012-11-19T15:55:06" log="/home/karl/tmp/otp_tests/logs/xmerl_test_logs/ct_run.ct@devbox.2012-11-19_15.49.06/tests.xmerl_test.logs/run.2012-11-19_15.49.40/xmerl_std_suite.ibm-valid-p50-ibm50v01.html"></testcase><testcase  name="ibm-valid-P49-ibm49v01" time="0.049928" timestamp="2012-11-19T15:55:06" log="/home/karl/tmp/otp_tests/logs/xmerl_test_logs/ct_run.ct@devbox.2012-11-19_15.49.06/tests.xmerl_test.logs/run.2012-11-19_15.49.40/xmerl_std_suite.ibm-valid-p49-ibm49v01.html"></testcase><testcase  name="ibm-valid-P47-ibm47v01" time="0.058751" timestamp="2012-11-19T15:55:06" log="/home/karl/tmp/otp_tests/logs/xmerl_test_logs/ct_run.ct@devbox.2012-11-19_15.49.06/tests.xmerl_test.logs/run.2012-11-19_15.49.40/xmerl_std_suite.ibm-valid-p47-ibm47v01.html"></testcase><testcase  name="ibm-valid-P45-ibm45v01" time="0.060790" timestamp="2012-11-19T15:55:06" log="/home/karl/tmp/otp_tests/logs/xmerl_test_logs/ct_run.ct@devbox.2012-11-19_15.49.06/tests.xmerl_test.logs/run.2012-11-19_15.49.40/xmerl_std_suite.ibm-valid-p45-ibm45v01.html"></testcase><testcase  name="ibm-valid-P44-ibm44v01" time="0.058708" timestamp="2012-11-19T15:55:06" log="/home/karl/tmp/otp_tests/logs/xmerl_test_logs/ct_run.ct@devbox.2012-11-19_15.49.06/tests.xmerl_test.logs/run.2012-11-19_15.49.40/xmerl_std_suite.ibm-valid-p44-ibm44v01.html"></testcase><testcase  name="ibm-valid-P43-ibm43v01" time="0.059822" timestamp="2012-11-19T15:55:07" log="/home/karl/tmp/otp_tests/logs/xmerl_test_logs/ct_run.ct@devbox.2012-11-19_15.49.06/tests.xmerl_test.logs/run.2012-11-19_15.49.40/xmerl_std_suite.ibm-valid-p43-ibm43v01.html"></testcase><testcase  name="ibm-valid-P42-ibm42v01" time="0.051723" timestamp="2012-11-19T15:55:07" log="/home/karl/tmp/otp_tests/logs/xmerl_test_logs/ct_run.ct@devbox.2012-11-19_15.49.06/tests.xmerl_test.logs/run.2012-11-19_15.49.40/xmerl_std_suite.ibm-valid-p42-ibm42v01.html"></testcase><testcase  name="ibm-valid-P41-ibm41v01" time="0.051504" timestamp="2012-11-19T15:55:07" log="/home/karl/tmp/otp_tests/logs/xmerl_test_logs/ct_run.ct@devbox.2012-11-19_15.49.06/tests.xmerl_test.logs/run.2012-11-19_15.49.40/xmerl_std_suite.ibm-valid-p41-ibm41v01.html"></testcase><testcase  name="ibm-valid-P40-ibm40v01" time="0.049717" timestamp="2012-11-19T15:55:07" log="/home/karl/tmp/otp_tests/logs/xmerl_test_logs/ct_run.ct@devbox.2012-11-19_15.49.06/tests.xmerl_test.logs/run.2012-11-19_15.49.40/xmerl_std_suite.ibm-valid-p40-ibm40v01.html"></testcase><testcase  name="ibm-valid-P39-ibm39v01" time="0.050572" timestamp="2012-11-19T15:55:07" log="/home/karl/tmp/otp_tests/logs/xmerl_test_logs/ct_run.ct@devbox.2012-11-19_15.49.06/tests.xmerl_test.logs/run.2012-11-19_15.49.40/xmerl_std_suite.ibm-valid-p39-ibm39v01.html"></testcase><testcase  name="ibm-valid-P38-ibm38v01" time="0.049877" timestamp="2012-11-19T15:55:07" log="/home/karl/tmp/otp_tests/logs/xmerl_test_logs/ct_run.ct@devbox.2012-11-19_15.49.06/tests.xmerl_test.logs/run.2012-11-19_15.49.40/xmerl_std_suite.ibm-valid-p38-ibm38v01.html"></testcase><testcase  name="ibm-valid-P37-ibm37v01" time="0.051605" timestamp="2012-11-19T15:55:07" log="/home/karl/tmp/otp_tests/logs/xmerl_test_logs/ct_run.ct@devbox.2012-11-19_15.49.06/tests.xmerl_test.logs/run.2012-11-19_15.49.40/xmerl_std_suite.ibm-valid-p37-ibm37v01.html"></testcase><testcase  name="ibm-valid-P36-ibm36v01" time="0.089129" timestamp="2012-11-19T15:55:08" log="/home/karl/tmp/otp_tests/logs/xmerl_test_logs/ct_run.ct@devbox.2012-11-19_15.49.06/tests.xmerl_test.logs/run.2012-11-19_15.49.40/xmerl_std_suite.ibm-valid-p36-ibm36v01.html"></testcase><testcase  name="ibm-valid-P35-ibm35v01" time="0.076785" timestamp="2012-11-19T15:55:08" log="/home/karl/tmp/otp_tests/logs/xmerl_test_logs/ct_run.ct@devbox.2012-11-19_15.49.06/tests.xmerl_test.logs/run.2012-11-19_15.49.40/xmerl_std_suite.ibm-valid-p35-ibm35v01.html"></testcase><testcase  name="ibm-valid-P34-ibm34v01" time="0.050695" timestamp="2012-11-19T15:55:08" log="/home/karl/tmp/otp_tests/logs/xmerl_test_logs/ct_run.ct@devbox.2012-11-19_15.49.06/tests.xmerl_test.logs/run.2012-11-19_15.49.40/xmerl_std_suite.ibm-valid-p34-ibm34v01.html"></testcase><testcase  name="ibm-valid-P33-ibm33v01" time="0.058157" timestamp="2012-11-19T15:55:08" log="/home/karl/tmp/otp_tests/logs/xmerl_test_logs/ct_run.ct@devbox.2012-11-19_15.49.06/tests.xmerl_test.logs/run.2012-11-19_15.49.40/xmerl_std_suite.ibm-valid-p33-ibm33v01.html"></testcase><testcase  name="ibm-valid-P32-ibm32v04" time="0.061033" timestamp="2012-11-19T15:55:08" log="/home/karl/tmp/otp_tests/logs/xmerl_test_logs/ct_run.ct@devbox.2012-11-19_15.49.06/tests.xmerl_test.logs/run.2012-11-19_15.49.40/xmerl_std_suite.ibm-valid-p32-ibm32v04.html"></testcase><testcase  name="ibm-valid-P32-ibm32v03" time="0.059314" timestamp="2012-11-19T15:55:08" log="/home/karl/tmp/otp_tests/logs/xmerl_test_logs/ct_run.ct@devbox.2012-11-19_15.49.06/tests.xmerl_test.logs/run.2012-11-19_15.49.40/xmerl_std_suite.ibm-valid-p32-ibm32v03.html"></testcase><testcase  name="ibm-valid-P32-ibm32v02" time="0.060418" timestamp="2012-11-19T15:55:08" log="/home/karl/tmp/otp_tests/logs/xmerl_test_logs/ct_run.ct@devbox.2012-11-19_15.49.06/tests.xmerl_test.logs/run.2012-11-19_15.49.40/xmerl_std_suite.ibm-valid-p32-ibm32v02.html"></testcase><testcase  name="ibm-valid-P32-ibm32v01" time="0.053242" timestamp="2012-11-19T15:55:09" log="/home/karl/tmp/otp_tests/logs/xmerl_test_logs/ct_run.ct@devbox.2012-11-19_15.49.06/tests.xmerl_test.logs/run.2012-11-19_15.49.40/xmerl_std_suite.ibm-valid-p32-ibm32v01.html"></testcase><testcase  name="ibm-valid-P31-ibm31v01" time="0.061376" timestamp="2012-11-19T15:55:09" log="/home/karl/tmp/otp_tests/logs/xmerl_test_logs/ct_run.ct@devbox.2012-11-19_15.49.06/tests.xmerl_test.logs/run.2012-11-19_15.49.40/xmerl_std_suite.ibm-valid-p31-ibm31v01.html"></testcase><testcase  name="ibm-valid-P30-ibm30v02" time="0.060974" timestamp="2012-11-19T15:55:09" log="/home/karl/tmp/otp_tests/logs/xmerl_test_logs/ct_run.ct@devbox.2012-11-19_15.49.06/tests.xmerl_test.logs/run.2012-11-19_15.49.40/xmerl_std_suite.ibm-valid-p30-ibm30v02.html"></testcase><testcase  name="ibm-valid-P30-ibm30v01" time="0.057657" timestamp="2012-11-19T15:55:09" log="/home/karl/tmp/otp_tests/logs/xmerl_test_logs/ct_run.ct@devbox.2012-11-19_15.49.06/tests.xmerl_test.logs/run.2012-11-19_15.49.40/xmerl_std_suite.ibm-valid-p30-ibm30v01.html"></testcase><testcase  name="ibm-valid-P29-ibm29v02" time="0.068626" timestamp="2012-11-19T15:55:09" log="/home/karl/tmp/otp_tests/logs/xmerl_test_logs/ct_run.ct@devbox.2012-11-19_15.49.06/tests.xmerl_test.logs/run.2012-11-19_15.49.40/xmerl_std_suite.ibm-valid-p29-ibm29v02.html"></testcase><testcase  name="ibm-valid-P29-ibm29v01" time="0.050134" timestamp="2012-11-19T15:55:09" log="/home/karl/tmp/otp_tests/logs/xmerl_test_logs/ct_run.ct@devbox.2012-11-19_15.49.06/tests.xmerl_test.logs/run.2012-11-19_15.49.40/xmerl_std_suite.ibm-valid-p29-ibm29v01.html"></testcase><testcase  name="ibm-valid-P28-ibm28v02" time="0.051198" timestamp="2012-11-19T15:55:09" log="/home/karl/tmp/otp_tests/logs/xmerl_test_logs/ct_run.ct@devbox.2012-11-19_15.49.06/tests.xmerl_test.logs/run.2012-11-19_15.49.40/xmerl_std_suite.ibm-valid-p28-ibm28v02.html"></testcase><testcase  name="ibm-valid-P28-ibm28v01" time="0.050668" timestamp="2012-11-19T15:55:10" log="/home/karl/tmp/otp_tests/logs/xmerl_test_logs/ct_run.ct@devbox.2012-11-19_15.49.06/tests.xmerl_test.logs/run.2012-11-19_15.49.40/xmerl_std_suite.ibm-valid-p28-ibm28v01.html"></testcase><testcase  name="ibm-valid-P27-ibm27v03" time="0.053979" timestamp="2012-11-19T15:55:10" log="/home/karl/tmp/otp_tests/logs/xmerl_test_logs/ct_run.ct@devbox.2012-11-19_15.49.06/tests.xmerl_test.logs/run.2012-11-19_15.49.40/xmerl_std_suite.ibm-valid-p27-ibm27v03.html"></testcase><testcase  name="ibm-valid-P27-ibm27v02" time="0.050657" timestamp="2012-11-19T15:55:10" log="/home/karl/tmp/otp_tests/logs/xmerl_test_logs/ct_run.ct@devbox.2012-11-19_15.49.06/tests.xmerl_test.logs/run.2012-11-19_15.49.40/xmerl_std_suite.ibm-valid-p27-ibm27v02.html"></testcase><testcase  name="ibm-valid-P27-ibm27v01" time="0.050210" timestamp="2012-11-19T15:55:10" log="/home/karl/tmp/otp_tests/logs/xmerl_test_logs/ct_run.ct@devbox.2012-11-19_15.49.06/tests.xmerl_test.logs/run.2012-11-19_15.49.40/xmerl_std_suite.ibm-valid-p27-ibm27v01.html"></testcase><testcase  name="ibm-valid-P26-ibm26v01" time="0.049666" timestamp="2012-11-19T15:55:10" log="/home/karl/tmp/otp_tests/logs/xmerl_test_logs/ct_run.ct@devbox.2012-11-19_15.49.06/tests.xmerl_test.logs/run.2012-11-19_15.49.40/xmerl_std_suite.ibm-valid-p26-ibm26v01.html"></testcase><testcase  name="ibm-valid-P25-ibm25v04" time="0.051852" timestamp="2012-11-19T15:55:10" log="/home/karl/tmp/otp_tests/logs/xmerl_test_logs/ct_run.ct@devbox.2012-11-19_15.49.06/tests.xmerl_test.logs/run.2012-11-19_15.49.40/xmerl_std_suite.ibm-valid-p25-ibm25v04.html"></testcase><testcase  name="ibm-valid-P25-ibm25v03" time="0.048737" timestamp="2012-11-19T15:55:10" log="/home/karl/tmp/otp_tests/logs/xmerl_test_logs/ct_run.ct@devbox.2012-11-19_15.49.06/tests.xmerl_test.logs/run.2012-11-19_15.49.40/xmerl_std_suite.ibm-valid-p25-ibm25v03.html"></testcase><testcase  name="ibm-valid-P25-ibm25v02" time="0.049549" timestamp="2012-11-19T15:55:10" log="/home/karl/tmp/otp_tests/logs/xmerl_test_logs/ct_run.ct@devbox.2012-11-19_15.49.06/tests.xmerl_test.logs/run.2012-11-19_15.49.40/xmerl_std_suite.ibm-valid-p25-ibm25v02.html"></testcase><testcase  name="ibm-valid-P25-ibm25v01" time="0.048722" timestamp="2012-11-19T15:55:11" log="/home/karl/tmp/otp_tests/logs/xmerl_test_logs/ct_run.ct@devbox.2012-11-19_15.49.06/tests.xmerl_test.logs/run.2012-11-19_15.49.40/xmerl_std_suite.ibm-valid-p25-ibm25v01.html"></testcase><testcase  name="ibm-valid-P24-ibm24v02" time="0.063431" timestamp="2012-11-19T15:55:11" log="/home/karl/tmp/otp_tests/logs/xmerl_test_logs/ct_run.ct@devbox.2012-11-19_15.49.06/tests.xmerl_test.logs/run.2012-11-19_15.49.40/xmerl_std_suite.ibm-valid-p24-ibm24v02.html"></testcase><testcase  name="ibm-valid-P24-ibm24v01" time="0.051262" timestamp="2012-11-19T15:55:11" log="/home/karl/tmp/otp_tests/logs/xmerl_test_logs/ct_run.ct@devbox.2012-11-19_15.49.06/tests.xmerl_test.logs/run.2012-11-19_15.49.40/xmerl_std_suite.ibm-valid-p24-ibm24v01.html"></testcase><testcase  name="ibm-valid-P23-ibm23v06" time="0.049266" timestamp="2012-11-19T15:55:11" log="/home/karl/tmp/otp_tests/logs/xmerl_test_logs/ct_run.ct@devbox.2012-11-19_15.49.06/tests.xmerl_test.logs/run.2012-11-19_15.49.40/xmerl_std_suite.ibm-valid-p23-ibm23v06.html"></testcase><testcase  name="ibm-valid-P23-ibm23v05" time="0.050103" timestamp="2012-11-19T15:55:11" log="/home/karl/tmp/otp_tests/logs/xmerl_test_logs/ct_run.ct@devbox.2012-11-19_15.49.06/tests.xmerl_test.logs/run.2012-11-19_15.49.40/xmerl_std_suite.ibm-valid-p23-ibm23v05.html"></testcase><testcase  name="ibm-valid-P23-ibm23v04" time="0.050606" timestamp="2012-11-19T15:55:11" log="/home/karl/tmp/otp_tests/logs/xmerl_test_logs/ct_run.ct@devbox.2012-11-19_15.49.06/tests.xmerl_test.logs/run.2012-11-19_15.49.40/xmerl_std_suite.ibm-valid-p23-ibm23v04.html"></testcase><testcase  name="ibm-valid-P23-ibm23v03" time="0.051000" timestamp="2012-11-19T15:55:11" log="/home/karl/tmp/otp_tests/logs/xmerl_test_logs/ct_run.ct@devbox.2012-11-19_15.49.06/tests.xmerl_test.logs/run.2012-11-19_15.49.40/xmerl_std_suite.ibm-valid-p23-ibm23v03.html"></testcase><testcase  name="ibm-valid-P23-ibm23v02" time="0.049585" timestamp="2012-11-19T15:55:11" log="/home/karl/tmp/otp_tests/logs/xmerl_test_logs/ct_run.ct@devbox.2012-11-19_15.49.06/tests.xmerl_test.logs/run.2012-11-19_15.49.40/xmerl_std_suite.ibm-valid-p23-ibm23v02.html"></testcase><testcase  name="ibm-valid-P23-ibm23v01" time="0.050595" timestamp="2012-11-19T15:55:11" log="/home/karl/tmp/otp_tests/logs/xmerl_test_logs/ct_run.ct@devbox.2012-11-19_15.49.06/tests.xmerl_test.logs/run.2012-11-19_15.49.40/xmerl_std_suite.ibm-valid-p23-ibm23v01.html"></testcase><testcase  name="ibm-valid-P22-ibm22v07" time="0.060825" timestamp="2012-11-19T15:55:12" log="/home/karl/tmp/otp_tests/logs/xmerl_test_logs/ct_run.ct@devbox.2012-11-19_15.49.06/tests.xmerl_test.logs/run.2012-11-19_15.49.40/xmerl_std_suite.ibm-valid-p22-ibm22v07.html"></testcase><testcase  name="ibm-valid-P22-ibm22v06" time="0.051512" timestamp="2012-11-19T15:55:12" log="/home/karl/tmp/otp_tests/logs/xmerl_test_logs/ct_run.ct@devbox.2012-11-19_15.49.06/tests.xmerl_test.logs/run.2012-11-19_15.49.40/xmerl_std_suite.ibm-valid-p22-ibm22v06.html"></testcase><testcase  name="ibm-valid-P22-ibm22v05" time="0.054181" timestamp="2012-11-19T15:55:12" log="/home/karl/tmp/otp_tests/logs/xmerl_test_logs/ct_run.ct@devbox.2012-11-19_15.49.06/tests.xmerl_test.logs/run.2012-11-19_15.49.40/xmerl_std_suite.ibm-valid-p22-ibm22v05.html"></testcase><testcase  name="ibm-valid-P22-ibm22v04" time="0.058719" timestamp="2012-11-19T15:55:12" log="/home/karl/tmp/otp_tests/logs/xmerl_test_logs/ct_run.ct@devbox.2012-11-19_15.49.06/tests.xmerl_test.logs/run.2012-11-19_15.49.40/xmerl_std_suite.ibm-valid-p22-ibm22v04.html"></testcase><testcase  name="ibm-valid-P22-ibm22v03" time="0.098374" timestamp="2012-11-19T15:55:12" log="/home/karl/tmp/otp_tests/logs/xmerl_test_logs/ct_run.ct@devbox.2012-11-19_15.49.06/tests.xmerl_test.logs/run.2012-11-19_15.49.40/xmerl_std_suite.ibm-valid-p22-ibm22v03.html"></testcase><testcase  name="ibm-valid-P22-ibm22v02" time="0.050309" timestamp="2012-11-19T15:55:12" log="/home/karl/tmp/otp_tests/logs/xmerl_test_logs/ct_run.ct@devbox.2012-11-19_15.49.06/tests.xmerl_test.logs/run.2012-11-19_15.49.40/xmerl_std_suite.ibm-valid-p22-ibm22v02.html"></testcase><testcase  name="ibm-valid-P22-ibm22v01" time="0.050322" timestamp="2012-11-19T15:55:13" log="/home/karl/tmp/otp_tests/logs/xmerl_test_logs/ct_run.ct@devbox.2012-11-19_15.49.06/tests.xmerl_test.logs/run.2012-11-19_15.49.40/xmerl_std_suite.ibm-valid-p22-ibm22v01.html"></testcase><testcase  name="ibm-valid-P21-ibm21v01" time="0.060827" timestamp="2012-11-19T15:55:13" log="/home/karl/tmp/otp_tests/logs/xmerl_test_logs/ct_run.ct@devbox.2012-11-19_15.49.06/tests.xmerl_test.logs/run.2012-11-19_15.49.40/xmerl_std_suite.ibm-valid-p21-ibm21v01.html"></testcase><testcase  name="ibm-valid-P20-ibm20v02" time="0.120646" timestamp="2012-11-19T15:55:13" log="/home/karl/tmp/otp_tests/logs/xmerl_test_logs/ct_run.ct@devbox.2012-11-19_15.49.06/tests.xmerl_test.logs/run.2012-11-19_15.49.40/xmerl_std_suite.ibm-valid-p20-ibm20v02.html"></testcase><testcase  name="ibm-valid-P20-ibm20v01" time="0.050758" timestamp="2012-11-19T15:55:13" log="/home/karl/tmp/otp_tests/logs/xmerl_test_logs/ct_run.ct@devbox.2012-11-19_15.49.06/tests.xmerl_test.logs/run.2012-11-19_15.49.40/xmerl_std_suite.ibm-valid-p20-ibm20v01.html"></testcase><testcase  name="ibm-valid-P19-ibm19v01" time="0.052721" timestamp="2012-11-19T15:55:13" log="/home/karl/tmp/otp_tests/logs/xmerl_test_logs/ct_run.ct@devbox.2012-11-19_15.49.06/tests.xmerl_test.logs/run.2012-11-19_15.49.40/xmerl_std_suite.ibm-valid-p19-ibm19v01.html"></testcase><testcase  name="ibm-valid-P18-ibm18v01" time="0.052837" timestamp="2012-11-19T15:55:13" log="/home/karl/tmp/otp_tests/logs/xmerl_test_logs/ct_run.ct@devbox.2012-11-19_15.49.06/tests.xmerl_test.logs/run.2012-11-19_15.49.40/xmerl_std_suite.ibm-valid-p18-ibm18v01.html"></testcase><testcase  name="ibm-valid-P17-ibm17v01" time="0.053435" timestamp="2012-11-19T15:55:13" log="/home/karl/tmp/otp_tests/logs/xmerl_test_logs/ct_run.ct@devbox.2012-11-19_15.49.06/tests.xmerl_test.logs/run.2012-11-19_15.49.40/xmerl_std_suite.ibm-valid-p17-ibm17v01.html"></testcase><testcase  name="ibm-valid-P16-ibm16v03" time="0.052395" timestamp="2012-11-19T15:55:13" log="/home/karl/tmp/otp_tests/logs/xmerl_test_logs/ct_run.ct@devbox.2012-11-19_15.49.06/tests.xmerl_test.logs/run.2012-11-19_15.49.40/xmerl_std_suite.ibm-valid-p16-ibm16v03.html"></testcase><testcase  name="ibm-valid-P16-ibm16v02" time="0.052316" timestamp="2012-11-19T15:55:14" log="/home/karl/tmp/otp_tests/logs/xmerl_test_logs/ct_run.ct@devbox.2012-11-19_15.49.06/tests.xmerl_test.logs/run.2012-11-19_15.49.40/xmerl_std_suite.ibm-valid-p16-ibm16v02.html"></testcase><testcase  name="ibm-valid-P16-ibm16v01" time="0.054433" timestamp="2012-11-19T15:55:14" log="/home/karl/tmp/otp_tests/logs/xmerl_test_logs/ct_run.ct@devbox.2012-11-19_15.49.06/tests.xmerl_test.logs/run.2012-11-19_15.49.40/xmerl_std_suite.ibm-valid-p16-ibm16v01.html"></testcase><testcase  name="ibm-valid-P15-ibm15v04" time="0.051942" timestamp="2012-11-19T15:55:14" log="/home/karl/tmp/otp_tests/logs/xmerl_test_logs/ct_run.ct@devbox.2012-11-19_15.49.06/tests.xmerl_test.logs/run.2012-11-19_15.49.40/xmerl_std_suite.ibm-valid-p15-ibm15v04.html"></testcase><testcase  name="ibm-valid-P15-ibm15v03" time="0.053570" timestamp="2012-11-19T15:55:14" log="/home/karl/tmp/otp_tests/logs/xmerl_test_logs/ct_run.ct@devbox.2012-11-19_15.49.06/tests.xmerl_test.logs/run.2012-11-19_15.49.40/xmerl_std_suite.ibm-valid-p15-ibm15v03.html"></testcase><testcase  name="ibm-valid-P15-ibm15v02" time="0.060112" timestamp="2012-11-19T15:55:14" log="/home/karl/tmp/otp_tests/logs/xmerl_test_logs/ct_run.ct@devbox.2012-11-19_15.49.06/tests.xmerl_test.logs/run.2012-11-19_15.49.40/xmerl_std_suite.ibm-valid-p15-ibm15v02.html"></testcase><testcase  name="ibm-valid-P15-ibm15v01" time="0.053679" timestamp="2012-11-19T15:55:14" log="/home/karl/tmp/otp_tests/logs/xmerl_test_logs/ct_run.ct@devbox.2012-11-19_15.49.06/tests.xmerl_test.logs/run.2012-11-19_15.49.40/xmerl_std_suite.ibm-valid-p15-ibm15v01.html"></testcase><testcase  name="ibm-valid-P14-ibm14v03" time="0.053342" timestamp="2012-11-19T15:55:14" log="/home/karl/tmp/otp_tests/logs/xmerl_test_logs/ct_run.ct@devbox.2012-11-19_15.49.06/tests.xmerl_test.logs/run.2012-11-19_15.49.40/xmerl_std_suite.ibm-valid-p14-ibm14v03.html"></testcase><testcase  name="ibm-valid-P14-ibm14v02" time="0.054718" timestamp="2012-11-19T15:55:15" log="/home/karl/tmp/otp_tests/logs/xmerl_test_logs/ct_run.ct@devbox.2012-11-19_15.49.06/tests.xmerl_test.logs/run.2012-11-19_15.49.40/xmerl_std_suite.ibm-valid-p14-ibm14v02.html"></testcase><testcase  name="ibm-valid-P14-ibm14v01" time="0.062886" timestamp="2012-11-19T15:55:15" log="/home/karl/tmp/otp_tests/logs/xmerl_test_logs/ct_run.ct@devbox.2012-11-19_15.49.06/tests.xmerl_test.logs/run.2012-11-19_15.49.40/xmerl_std_suite.ibm-valid-p14-ibm14v01.html"></testcase><testcase  name="ibm-valid-P13-ibm13v01" time="0.053431" timestamp="2012-11-19T15:55:15" log="/home/karl/tmp/otp_tests/logs/xmerl_test_logs/ct_run.ct@devbox.2012-11-19_15.49.06/tests.xmerl_test.logs/run.2012-11-19_15.49.40/xmerl_std_suite.ibm-valid-p13-ibm13v01.html"></testcase><testcase  name="ibm-valid-P12-ibm12v04" time="0.053474" timestamp="2012-11-19T15:55:15" log="/home/karl/tmp/otp_tests/logs/xmerl_test_logs/ct_run.ct@devbox.2012-11-19_15.49.06/tests.xmerl_test.logs/run.2012-11-19_15.49.40/xmerl_std_suite.ibm-valid-p12-ibm12v04.html"></testcase><testcase  name="ibm-valid-P12-ibm12v03" time="0.052326" timestamp="2012-11-19T15:55:15" log="/home/karl/tmp/otp_tests/logs/xmerl_test_logs/ct_run.ct@devbox.2012-11-19_15.49.06/tests.xmerl_test.logs/run.2012-11-19_15.49.40/xmerl_std_suite.ibm-valid-p12-ibm12v03.html"></testcase><testcase  name="ibm-valid-P12-ibm12v02" time="0.053642" timestamp="2012-11-19T15:55:15" log="/home/karl/tmp/otp_tests/logs/xmerl_test_logs/ct_run.ct@devbox.2012-11-19_15.49.06/tests.xmerl_test.logs/run.2012-11-19_15.49.40/xmerl_std_suite.ibm-valid-p12-ibm12v02.html"></testcase><testcase  name="ibm-valid-P12-ibm12v01" time="0.052069" timestamp="2012-11-19T15:55:15" log="/home/karl/tmp/otp_tests/logs/xmerl_test_logs/ct_run.ct@devbox.2012-11-19_15.49.06/tests.xmerl_test.logs/run.2012-11-19_15.49.40/xmerl_std_suite.ibm-valid-p12-ibm12v01.html"></testcase><testcase  name="ibm-valid-P11-ibm11v04" time="0.051993" timestamp="2012-11-19T15:55:15" log="/home/karl/tmp/otp_tests/logs/xmerl_test_logs/ct_run.ct@devbox.2012-11-19_15.49.06/tests.xmerl_test.logs/run.2012-11-19_15.49.40/xmerl_std_suite.ibm-valid-p11-ibm11v04.html"></testcase><testcase  name="ibm-valid-P11-ibm11v03" time="0.052983" timestamp="2012-11-19T15:55:16" log="/home/karl/tmp/otp_tests/logs/xmerl_test_logs/ct_run.ct@devbox.2012-11-19_15.49.06/tests.xmerl_test.logs/run.2012-11-19_15.49.40/xmerl_std_suite.ibm-valid-p11-ibm11v03.html"></testcase><testcase  name="ibm-valid-P11-ibm11v02" time="0.065527" timestamp="2012-11-19T15:55:16" log="/home/karl/tmp/otp_tests/logs/xmerl_test_logs/ct_run.ct@devbox.2012-11-19_15.49.06/tests.xmerl_test.logs/run.2012-11-19_15.49.40/xmerl_std_suite.ibm-valid-p11-ibm11v02.html"></testcase><testcase  name="ibm-valid-P11-ibm11v01" time="0.052544" timestamp="2012-11-19T15:55:16" log="/home/karl/tmp/otp_tests/logs/xmerl_test_logs/ct_run.ct@devbox.2012-11-19_15.49.06/tests.xmerl_test.logs/run.2012-11-19_15.49.40/xmerl_std_suite.ibm-valid-p11-ibm11v01.html"></testcase><testcase  name="ibm-valid-P10-ibm10v08" time="0.054869" timestamp="2012-11-19T15:55:16" log="/home/karl/tmp/otp_tests/logs/xmerl_test_logs/ct_run.ct@devbox.2012-11-19_15.49.06/tests.xmerl_test.logs/run.2012-11-19_15.49.40/xmerl_std_suite.ibm-valid-p10-ibm10v08.html"></testcase><testcase  name="ibm-valid-P10-ibm10v07" time="0.087312" timestamp="2012-11-19T15:55:16" log="/home/karl/tmp/otp_tests/logs/xmerl_test_logs/ct_run.ct@devbox.2012-11-19_15.49.06/tests.xmerl_test.logs/run.2012-11-19_15.49.40/xmerl_std_suite.ibm-valid-p10-ibm10v07.html"></testcase><testcase  name="ibm-valid-P10-ibm10v06" time="0.054162" timestamp="2012-11-19T15:55:16" log="/home/karl/tmp/otp_tests/logs/xmerl_test_logs/ct_run.ct@devbox.2012-11-19_15.49.06/tests.xmerl_test.logs/run.2012-11-19_15.49.40/xmerl_std_suite.ibm-valid-p10-ibm10v06.html"></testcase><testcase  name="ibm-valid-P10-ibm10v05" time="0.053087" timestamp="2012-11-19T15:55:16" log="/home/karl/tmp/otp_tests/logs/xmerl_test_logs/ct_run.ct@devbox.2012-11-19_15.49.06/tests.xmerl_test.logs/run.2012-11-19_15.49.40/xmerl_std_suite.ibm-valid-p10-ibm10v05.html"></testcase><testcase  name="ibm-valid-P10-ibm10v04" time="0.054302" timestamp="2012-11-19T15:55:17" log="/home/karl/tmp/otp_tests/logs/xmerl_test_logs/ct_run.ct@devbox.2012-11-19_15.49.06/tests.xmerl_test.logs/run.2012-11-19_15.49.40/xmerl_std_suite.ibm-valid-p10-ibm10v04.html"></testcase><testcase  name="ibm-valid-P10-ibm10v03" time="0.056907" timestamp="2012-11-19T15:55:17" log="/home/karl/tmp/otp_tests/logs/xmerl_test_logs/ct_run.ct@devbox.2012-11-19_15.49.06/tests.xmerl_test.logs/run.2012-11-19_15.49.40/xmerl_std_suite.ibm-valid-p10-ibm10v03.html"></testcase><testcase  name="ibm-valid-P10-ibm10v02" time="0.107116" timestamp="2012-11-19T15:55:17" log="/home/karl/tmp/otp_tests/logs/xmerl_test_logs/ct_run.ct@devbox.2012-11-19_15.49.06/tests.xmerl_test.logs/run.2012-11-19_15.49.40/xmerl_std_suite.ibm-valid-p10-ibm10v02.html"></testcase><testcase  name="ibm-valid-P10-ibm10v01" time="0.061854" timestamp="2012-11-19T15:55:17" log="/home/karl/tmp/otp_tests/logs/xmerl_test_logs/ct_run.ct@devbox.2012-11-19_15.49.06/tests.xmerl_test.logs/run.2012-11-19_15.49.40/xmerl_std_suite.ibm-valid-p10-ibm10v01.html"></testcase><testcase  name="ibm-valid-P09-ibm09v05" time="0.051489" timestamp="2012-11-19T15:55:17" log="/home/karl/tmp/otp_tests/logs/xmerl_test_logs/ct_run.ct@devbox.2012-11-19_15.49.06/tests.xmerl_test.logs/run.2012-11-19_15.49.40/xmerl_std_suite.ibm-valid-p09-ibm09v05.html"></testcase><testcase  name="ibm-valid-P09-ibm09v04" time="0.050641" timestamp="2012-11-19T15:55:17" log="/home/karl/tmp/otp_tests/logs/xmerl_test_logs/ct_run.ct@devbox.2012-11-19_15.49.06/tests.xmerl_test.logs/run.2012-11-19_15.49.40/xmerl_std_suite.ibm-valid-p09-ibm09v04.html"></testcase><testcase  name="ibm-valid-P09-ibm09v03" time="0.079001" timestamp="2012-11-19T15:55:17" log="/home/karl/tmp/otp_tests/logs/xmerl_test_logs/ct_run.ct@devbox.2012-11-19_15.49.06/tests.xmerl_test.logs/run.2012-11-19_15.49.40/xmerl_std_suite.ibm-valid-p09-ibm09v03.html"></testcase><testcase  name="ibm-valid-P09-ibm09v02" time="0.051000" timestamp="2012-11-19T15:55:18" log="/home/karl/tmp/otp_tests/logs/xmerl_test_logs/ct_run.ct@devbox.2012-11-19_15.49.06/tests.xmerl_test.logs/run.2012-11-19_15.49.40/xmerl_std_suite.ibm-valid-p09-ibm09v02.html"></testcase><testcase  name="ibm-valid-P09-ibm09v01" time="0.060249" timestamp="2012-11-19T15:55:18" log="/home/karl/tmp/otp_tests/logs/xmerl_test_logs/ct_run.ct@devbox.2012-11-19_15.49.06/tests.xmerl_test.logs/run.2012-11-19_15.49.40/xmerl_std_suite.ibm-valid-p09-ibm09v01.html"></testcase><testcase  name="ibm-valid-P03-ibm03v01" time="0.052647" timestamp="2012-11-19T15:55:18" log="/home/karl/tmp/otp_tests/logs/xmerl_test_logs/ct_run.ct@devbox.2012-11-19_15.49.06/tests.xmerl_test.logs/run.2012-11-19_15.49.40/xmerl_std_suite.ibm-valid-p03-ibm03v01.html"></testcase><testcase  name="ibm-valid-P02-ibm02v01" time="0.051378" timestamp="2012-11-19T15:55:18" log="/home/karl/tmp/otp_tests/logs/xmerl_test_logs/ct_run.ct@devbox.2012-11-19_15.49.06/tests.xmerl_test.logs/run.2012-11-19_15.49.40/xmerl_std_suite.ibm-valid-p02-ibm02v01.html"></testcase><testcase  name="ibm-valid-P01-ibm01v01" time="0.050409" timestamp="2012-11-19T15:55:18" log="/home/karl/tmp/otp_tests/logs/xmerl_test_logs/ct_run.ct@devbox.2012-11-19_15.49.06/tests.xmerl_test.logs/run.2012-11-19_15.49.40/xmerl_std_suite.ibm-valid-p01-ibm01v01.html"></testcase><testcase  name="end_per_suite" time="0.423625" timestamp="2012-11-19T15:55:18" log="/home/karl/tmp/otp_tests/logs/xmerl_test_logs/ct_run.ct@devbox.2012-11-19_15.49.06/tests.xmerl_test.logs/run.2012-11-19_15.49.40/xmerl_std_suite.end_per_suite.html"></testcase></testsuite><testsuite name="xmerl_sax_std_SUITE" time="123.685324" timestamp="2012-11-19T15:49:47" errors="210" tests="2098"><testcase  name="init_per_suite" time="1.610474" timestamp="2012-11-19T15:49:47" log="/home/karl/tmp/otp_tests/logs/xmerl_test_logs/ct_run.ct@devbox.2012-11-19_15.49.06/tests.xmerl_test.logs/run.2012-11-19_15.49.40/xmerl_sax_std_suite.init_per_suite.html"></testcase><testcase group="testcases1" name="init_per_group" time="0.000890" timestamp="2012-11-19T15:49:49" log="/home/karl/tmp/otp_tests/logs/xmerl_test_logs/ct_run.ct@devbox.2012-11-19_15.49.06/tests.xmerl_test.logs/run.2012-11-19_15.49.40/xmerl_sax_std_suite.init_per_group.html"></testcase><testcase group="testcases1.testcases2" name="init_per_group" time="0.000792" timestamp="2012-11-19T15:49:49" log="/home/karl/tmp/otp_tests/logs/xmerl_test_logs/ct_run.ct@devbox.2012-11-19_15.49.06/tests.xmerl_test.logs/run.2012-11-19_15.49.40/xmerl_sax_std_suite.init_per_group.336589.104.html"></testcase><testcase group="testcases1.testcases2" name="not-wf-sa-001" time="0.001671" timestamp="2012-11-19T15:49:49" log="/home/karl/tmp/otp_tests/logs/xmerl_test_logs/ct_run.ct@devbox.2012-11-19_15.49.06/tests.xmerl_test.logs/run.2012-11-19_15.49.40/xmerl_sax_std_suite.not-wf-sa-001.html"></testcase><testcase group="testcases1.testcases2" name="not-wf-sa-002" time="0.001841" timestamp="2012-11-19T15:49:49" log="/home/karl/tmp/otp_tests/logs/xmerl_test_logs/ct_run.ct@devbox.2012-11-19_15.49.06/tests.xmerl_test.logs/run.2012-11-19_15.49.40/xmerl_sax_std_suite.not-wf-sa-002.html"></testcase><testcase group="testcases1.testcases2" name="not-wf-sa-003" time="0.001046" timestamp="2012-11-19T15:49:49" log="/home/karl/tmp/otp_tests/logs/xmerl_test_logs/ct_run.ct@devbox.2012-11-19_15.49.06/tests.xmerl_test.logs/run.2012-11-19_15.49.40/xmerl_sax_std_suite.not-wf-sa-003.html"></testcase><testcase group="testcases1.testcases2" name="not-wf-sa-004" time="0.001389" timestamp="2012-11-19T15:49:49" log="/home/karl/tmp/otp_tests/logs/xmerl_test_logs/ct_run.ct@devbox.2012-11-19_15.49.06/tests.xmerl_test.logs/run.2012-11-19_15.49.40/xmerl_sax_std_suite.not-wf-sa-004.html"></testcase><testcase group="testcases1.testcases2" name="not-wf-sa-005" time="0.001529" timestamp="2012-11-19T15:49:49" log="/home/karl/tmp/otp_tests/logs/xmerl_test_logs/ct_run.ct@devbox.2012-11-19_15.49.06/tests.xmerl_test.logs/run.2012-11-19_15.49.40/xmerl_sax_std_suite.not-wf-sa-005.html"></testcase><testcase group="testcases1.testcases2" name="not-wf-sa-006" time="0.001039" timestamp="2012-11-19T15:49:49" log="/home/karl/tmp/otp_tests/logs/xmerl_test_logs/ct_run.ct@devbox.2012-11-19_15.49.06/tests.xmerl_test.logs/run.2012-11-19_15.49.40/xmerl_sax_std_suite.not-wf-sa-006.html"></testcase><testcase group="testcases1.testcases2" name="not-wf-sa-007" time="0.001392" timestamp="2012-11-19T15:49:49" log="/home/karl/tmp/otp_tests/logs/xmerl_test_logs/ct_run.ct@devbox.2012-11-19_15.49.06/tests.xmerl_test.logs/run.2012-11-19_15.49.40/xmerl_sax_std_suite.not-wf-sa-007.html"></testcase><testcase group="testcases1.testcases2" name="not-wf-sa-008" time="0.001817" timestamp="2012-11-19T15:49:49" log="/home/karl/tmp/otp_tests/logs/xmerl_test_logs/ct_run.ct@devbox.2012-11-19_15.49.06/tests.xmerl_test.logs/run.2012-11-19_15.49.40/xmerl_sax_std_suite.not-wf-sa-008.html"></testcase><testcase group="testcases1.testcases2" name="not-wf-sa-009" time="0.002097" timestamp="2012-11-19T15:49:49" log="/home/karl/tmp/otp_tests/logs/xmerl_test_logs/ct_run.ct@devbox.2012-11-19_15.49.06/tests.xmerl_test.logs/run.2012-11-19_15.49.40/xmerl_sax_std_suite.not-wf-sa-009.html"></testcase><testcase group="testcases1.testcases2" name="not-wf-sa-010" time="0.001597" timestamp="2012-11-19T15:49:49" log="/home/karl/tmp/otp_tests/logs/xmerl_test_logs/ct_run.ct@devbox.2012-11-19_15.49.06/tests.xmerl_test.logs/run.2012-11-19_15.49.40/xmerl_sax_std_suite.not-wf-sa-010.html"></testcase><testcase group="testcases1.testcases2" name="not-wf-sa-011" time="0.001807" timestamp="2012-11-19T15:49:49" log="/home/karl/tmp/otp_tests/logs/xmerl_test_logs/ct_run.ct@devbox.2012-11-19_15.49.06/tests.xmerl_test.logs/run.2012-11-19_15.49.40/xmerl_sax_std_suite.not-wf-sa-011.html"></testcase><testcase group="testcases1.testcases2" name="not-wf-sa-012" time="0.001804" timestamp="2012-11-19T15:49:49" log="/home/karl/tmp/otp_tests/logs/xmerl_test_logs/ct_run.ct@devbox.2012-11-19_15.49.06/tests.xmerl_test.logs/run.2012-11-19_15.49.40/xmerl_sax_std_suite.not-wf-sa-012.html"></testcase><testcase group="testcases1.testcases2" name="not-wf-sa-013" time="0.001754" timestamp="2012-11-19T15:49:49" log="/home/karl/tmp/otp_tests/logs/xmerl_test_logs/ct_run.ct@devbox.2012-11-19_15.49.06/tests.xmerl_test.logs/run.2012-11-19_15.49.40/xmerl_sax_std_suite.not-wf-sa-013.html"></testcase><testcase group="testcases1.testcases2" name="not-wf-sa-014" time="0.002448" timestamp="2012-11-19T15:49:49" log="/home/karl/tmp/otp_tests/logs/xmerl_test_logs/ct_run.ct@devbox.2012-11-19_15.49.06/tests.xmerl_test.logs/run.2012-11-19_15.49.40/xmerl_sax_std_suite.not-wf-sa-014.html"></testcase><testcase group="testcases1.testcases2" name="not-wf-sa-015" time="0.002368" timestamp="2012-11-19T15:49:49" log="/home/karl/tmp/otp_tests/logs/xmerl_test_logs/ct_run.ct@devbox.2012-11-19_15.49.06/tests.xmerl_test.logs/run.2012-11-19_15.49.40/xmerl_sax_std_suite.not-wf-sa-015.html"></testcase><testcase group="testcases1.testcases2" name="not-wf-sa-016" time="0.002986" timestamp="2012-11-19T15:49:49" log="/home/karl/tmp/otp_tests/logs/xmerl_test_logs/ct_run.ct@devbox.2012-11-19_15.49.06/tests.xmerl_test.logs/run.2012-11-19_15.49.40/xmerl_sax_std_suite.not-wf-sa-016.html"></testcase><testcase group="testcases1.testcases2" name="not-wf-sa-017" time="0.002383" timestamp="2012-11-19T15:49:49" log="/home/karl/tmp/otp_tests/logs/xmerl_test_logs/ct_run.ct@devbox.2012-11-19_15.49.06/tests.xmerl_test.logs/run.2012-11-19_15.49.40/xmerl_sax_std_suite.not-wf-sa-017.html"></testcase><testcase group="testcases1.testcases2" name="not-wf-sa-018" time="0.002497" timestamp="2012-11-19T15:49:49" log="/home/karl/tmp/otp_tests/logs/xmerl_test_logs/ct_run.ct@devbox.2012-11-19_15.49.06/tests.xmerl_test.logs/run.2012-11-19_15.49.40/xmerl_sax_std_suite.not-wf-sa-018.html"></testcase><testcase group="testcases1.testcases2" name="not-wf-sa-019" time="0.002183" timestamp="2012-11-19T15:49:49" log="/home/karl/tmp/otp_tests/logs/xmerl_test_logs/ct_run.ct@devbox.2012-11-19_15.49.06/tests.xmerl_test.logs/run.2012-11-19_15.49.40/xmerl_sax_std_suite.not-wf-sa-019.html"></testcase><testcase group="testcases1.testcases2" name="not-wf-sa-020" time="0.002269" timestamp="2012-11-19T15:49:49" log="/home/karl/tmp/otp_tests/logs/xmerl_test_logs/ct_run.ct@devbox.2012-11-19_15.49.06/tests.xmerl_test.logs/run.2012-11-19_15.49.40/xmerl_sax_std_suite.not-wf-sa-020.html"></testcase><testcase group="testcases1.testcases2" name="not-wf-sa-021" time="0.002133" timestamp="2012-11-19T15:49:49" log="/home/karl/tmp/otp_tests/logs/xmerl_test_logs/ct_run.ct@devbox.2012-11-19_15.49.06/tests.xmerl_test.logs/run.2012-11-19_15.49.40/xmerl_sax_std_suite.not-wf-sa-021.html"></testcase><testcase group="testcases1.testcases2" name="not-wf-sa-022" time="0.002152" timestamp="2012-11-19T15:49:49" log="/home/karl/tmp/otp_tests/logs/xmerl_test_logs/ct_run.ct@devbox.2012-11-19_15.49.06/tests.xmerl_test.logs/run.2012-11-19_15.49.40/xmerl_sax_std_suite.not-wf-sa-022.html"></testcase><testcase group="testcases1.testcases2" name="not-wf-sa-023" time="0.001457" timestamp="2012-11-19T15:49:49" log="/home/karl/tmp/otp_tests/logs/xmerl_test_logs/ct_run.ct@devbox.2012-11-19_15.49.06/tests.xmerl_test.logs/run.2012-11-19_15.49.40/xmerl_sax_std_suite.not-wf-sa-023.html"></testcase><testcase group="testcases1.testcases2" name="not-wf-sa-024" time="0.001268" timestamp="2012-11-19T15:49:49" log="/home/karl/tmp/otp_tests/logs/xmerl_test_logs/ct_run.ct@devbox.2012-11-19_15.49.06/tests.xmerl_test.logs/run.2012-11-19_15.49.40/xmerl_sax_std_suite.not-wf-sa-024.html"></testcase><testcase group="testcases1.testcases2" name="not-wf-sa-025" time="0.002521" timestamp="2012-11-19T15:49:49" log="/home/karl/tmp/otp_tests/logs/xmerl_test_logs/ct_run.ct@devbox.2012-11-19_15.49.06/tests.xmerl_test.logs/run.2012-11-19_15.49.40/xmerl_sax_std_suite.not-wf-sa-025.html"></testcase><testcase group="testcases1.testcases2" name="not-wf-sa-026" time="0.001450" timestamp="2012-11-19T15:49:49" log="/home/karl/tmp/otp_tests/logs/xmerl_test_logs/ct_run.ct@devbox.2012-11-19_15.49.06/tests.xmerl_test.logs/run.2012-11-19_15.49.40/xmerl_sax_std_suite.not-wf-sa-026.html"></testcase><testcase group="testcases1.testcases2" name="not-wf-sa-027" time="0.003388" timestamp="2012-11-19T15:49:49" log="/home/karl/tmp/otp_tests/logs/xmerl_test_logs/ct_run.ct@devbox.2012-11-19_15.49.06/tests.xmerl_test.logs/run.2012-11-19_15.49.40/xmerl_sax_std_suite.not-wf-sa-027.html"></testcase><testcase group="testcases1.testcases2" name="not-wf-sa-028" time="0.003148" timestamp="2012-11-19T15:49:49" log="/home/karl/tmp/otp_tests/logs/xmerl_test_logs/ct_run.ct@devbox.2012-11-19_15.49.06/tests.xmerl_test.logs/run.2012-11-19_15.49.40/xmerl_sax_std_suite.not-wf-sa-028.html"></testcase><testcase group="testcases1.testcases2" name="not-wf-sa-029" time="0.003026" timestamp="2012-11-19T15:49:49" log="/home/karl/tmp/otp_tests/logs/xmerl_test_logs/ct_run.ct@devbox.2012-11-19_15.49.06/tests.xmerl_test.logs/run.2012-11-19_15.49.40/xmerl_sax_std_suite.not-wf-sa-029.html"></testcase><testcase group="testcases1.testcases2" name="not-wf-sa-030" time="0.009837" timestamp="2012-11-19T15:49:49" log="/home/karl/tmp/otp_tests/logs/xmerl_test_logs/ct_run.ct@devbox.2012-11-19_15.49.06/tests.xmerl_test.logs/run.2012-11-19_15.49.40/xmerl_sax_std_suite.not-wf-sa-030.html"></testcase><testcase group="testcases1.testcases2" name="not-wf-sa-031" time="0.001669" timestamp="2012-11-19T15:49:50" log="/home/karl/tmp/otp_tests/logs/xmerl_test_logs/ct_run.ct@devbox.2012-11-19_15.49.06/tests.xmerl_test.logs/run.2012-11-19_15.49.40/xmerl_sax_std_suite.not-wf-sa-031.html"></testcase><testcase group="testcases1.testcases2" name="not-wf-sa-032" time="0.002352" timestamp="2012-11-19T15:49:50" log="/home/karl/tmp/otp_tests/logs/xmerl_test_logs/ct_run.ct@devbox.2012-11-19_15.49.06/tests.xmerl_test.logs/run.2012-11-19_15.49.40/xmerl_sax_std_suite.not-wf-sa-032.html"></testcase><testcase group="testcases1.testcases2" name="not-wf-sa-033" time="0.002351" timestamp="2012-11-19T15:49:50" log="/home/karl/tmp/otp_tests/logs/xmerl_test_logs/ct_run.ct@devbox.2012-11-19_15.49.06/tests.xmerl_test.logs/run.2012-11-19_15.49.40/xmerl_sax_std_suite.not-wf-sa-033.html"></testcase><testcase group="testcases1.testcases2" name="not-wf-sa-034" time="0.002088" timestamp="2012-11-19T15:49:50" log="/home/karl/tmp/otp_tests/logs/xmerl_test_logs/ct_run.ct@devbox.2012-11-19_15.49.06/tests.xmerl_test.logs/run.2012-11-19_15.49.40/xmerl_sax_std_suite.not-wf-sa-034.html"></testcase><testcase group="testcases1.testcases2" name="not-wf-sa-035" time="0.001740" timestamp="2012-11-19T15:49:50" log="/home/karl/tmp/otp_tests/logs/xmerl_test_logs/ct_run.ct@devbox.2012-11-19_15.49.06/tests.xmerl_test.logs/run.2012-11-19_15.49.40/xmerl_sax_std_suite.not-wf-sa-035.html"></testcase><testcase group="testcases1.testcases2" name="not-wf-sa-036" time="0.001461" timestamp="2012-11-19T15:49:50" log="/home/karl/tmp/otp_tests/logs/xmerl_test_logs/ct_run.ct@devbox.2012-11-19_15.49.06/tests.xmerl_test.logs/run.2012-11-19_15.49.40/xmerl_sax_std_suite.not-wf-sa-036.html"></testcase><testcase group="testcases1.testcases2" name="not-wf-sa-037" time="0.001679" timestamp="2012-11-19T15:49:50" log="/home/karl/tmp/otp_tests/logs/xmerl_test_logs/ct_run.ct@devbox.2012-11-19_15.49.06/tests.xmerl_test.logs/run.2012-11-19_15.49.40/xmerl_sax_std_suite.not-wf-sa-037.html"></testcase><testcase group="testcases1.testcases2" name="not-wf-sa-038" time="0.001824" timestamp="2012-11-19T15:49:50" log="/home/karl/tmp/otp_tests/logs/xmerl_test_logs/ct_run.ct@devbox.2012-11-19_15.49.06/tests.xmerl_test.logs/run.2012-11-19_15.49.40/xmerl_sax_std_suite.not-wf-sa-038.html"></testcase><testcase group="testcases1.testcases2" name="not-wf-sa-039" time="0.001644" timestamp="2012-11-19T15:49:50" log="/home/karl/tmp/otp_tests/logs/xmerl_test_logs/ct_run.ct@devbox.2012-11-19_15.49.06/tests.xmerl_test.logs/run.2012-11-19_15.49.40/xmerl_sax_std_suite.not-wf-sa-039.html"></testcase><testcase group="testcases1.testcases2" name="not-wf-sa-040" time="0.001589" timestamp="2012-11-19T15:49:50" log="/home/karl/tmp/otp_tests/logs/xmerl_test_logs/ct_run.ct@devbox.2012-11-19_15.49.06/tests.xmerl_test.logs/run.2012-11-19_15.49.40/xmerl_sax_std_suite.not-wf-sa-040.html"></testcase><testcase group="testcases1.testcases2" name="not-wf-sa-041" time="0.001719" timestamp="2012-11-19T15:49:50" log="/home/karl/tmp/otp_tests/logs/xmerl_test_logs/ct_run.ct@devbox.2012-11-19_15.49.06/tests.xmerl_test.logs/run.2012-11-19_15.49.40/xmerl_sax_std_suite.not-wf-sa-041.html"></testcase><testcase group="testcases1.testcases2" name="not-wf-sa-042" time="0.001401" timestamp="2012-11-19T15:49:50" log="/home/karl/tmp/otp_tests/logs/xmerl_test_logs/ct_run.ct@devbox.2012-11-19_15.49.06/tests.xmerl_test.logs/run.2012-11-19_15.49.40/xmerl_sax_std_suite.not-wf-sa-042.html"><skipped type="skip" message="Test not-wf-sa-042 in xmerl_sax_std_SUITE skipped!">{tc_user_skip,{skipped,&quot;Fix 1&quot;}}</skipped></testcase><testcase group="testcases1.testcases2" name="not-wf-sa-043" time="0.001755" timestamp="2012-11-19T15:49:50" log="/home/karl/tmp/otp_tests/logs/xmerl_test_logs/ct_run.ct@devbox.2012-11-19_15.49.06/tests.xmerl_test.logs/run.2012-11-19_15.49.40/xmerl_sax_std_suite.not-wf-sa-043.html"></testcase><testcase group="testcases1.testcases2" name="not-wf-sa-044" time="0.001670" timestamp="2012-11-19T15:49:50" log="/home/karl/tmp/otp_tests/logs/xmerl_test_logs/ct_run.ct@devbox.2012-11-19_15.49.06/tests.xmerl_test.logs/run.2012-11-19_15.49.40/xmerl_sax_std_suite.not-wf-sa-044.html"></testcase><testcase group="testcases1.testcases2" name="not-wf-sa-045" time="0.004864" timestamp="2012-11-19T15:49:50" log="/home/karl/tmp/otp_tests/logs/xmerl_test_logs/ct_run.ct@devbox.2012-11-19_15.49.06/tests.xmerl_test.logs/run.2012-11-19_15.49.40/xmerl_sax_std_suite.not-wf-sa-045.html"></testcase><testcase group="testcases1.testcases2" name="not-wf-sa-046" time="0.001658" timestamp="2012-11-19T15:49:50" log="/home/karl/tmp/otp_tests/logs/xmerl_test_logs/ct_run.ct@devbox.2012-11-19_15.49.06/tests.xmerl_test.logs/run.2012-11-19_15.49.40/xmerl_sax_std_suite.not-wf-sa-046.html"></testcase><testcase group="testcases1.testcases2" name="not-wf-sa-047" time="0.001796" timestamp="2012-11-19T15:49:50" log="/home/karl/tmp/otp_tests/logs/xmerl_test_logs/ct_run.ct@devbox.2012-11-19_15.49.06/tests.xmerl_test.logs/run.2012-11-19_15.49.40/xmerl_sax_std_suite.not-wf-sa-047.html"></testcase><testcase group="testcases1.testcases2" name="not-wf-sa-048" time="0.002514" timestamp="2012-11-19T15:49:50" log="/home/karl/tmp/otp_tests/logs/xmerl_test_logs/ct_run.ct@devbox.2012-11-19_15.49.06/tests.xmerl_test.logs/run.2012-11-19_15.49.40/xmerl_sax_std_suite.not-wf-sa-048.html"></testcase><testcase group="testcases1.testcases2" name="not-wf-sa-049" time="0.001731" timestamp="2012-11-19T15:49:50" log="/home/karl/tmp/otp_tests/logs/xmerl_test_logs/ct_run.ct@devbox.2012-11-19_15.49.06/tests.xmerl_test.logs/run.2012-11-19_15.49.40/xmerl_sax_std_suite.not-wf-sa-049.html"></testcase><testcase group="testcases1.testcases2" name="not-wf-sa-050" time="0.001810" timestamp="2012-11-19T15:49:50" log="/home/karl/tmp/otp_tests/logs/xmerl_test_logs/ct_run.ct@devbox.2012-11-19_15.49.06/tests.xmerl_test.logs/run.2012-11-19_15.49.40/xmerl_sax_std_suite.not-wf-sa-050.html"><skipped type="skip" message="Test not-wf-sa-050 in xmerl_sax_std_SUITE skipped!">{tc_user_skip,{skipped,&quot;Fix 3&quot;}}</skipped></testcase><testcase group="testcases1.testcases2" name="not-wf-sa-051" time="0.001835" timestamp="2012-11-19T15:49:50" log="/home/karl/tmp/otp_tests/logs/xmerl_test_logs/ct_run.ct@devbox.2012-11-19_15.49.06/tests.xmerl_test.logs/run.2012-11-19_15.49.40/xmerl_sax_std_suite.not-wf-sa-051.html"></testcase><testcase group="testcases1.testcases2" name="not-wf-sa-052" time="0.006216" timestamp="2012-11-19T15:49:50" log="/home/karl/tmp/otp_tests/logs/xmerl_test_logs/ct_run.ct@devbox.2012-11-19_15.49.06/tests.xmerl_test.logs/run.2012-11-19_15.49.40/xmerl_sax_std_suite.not-wf-sa-052.html"></testcase><testcase group="testcases1.testcases2" name="not-wf-sa-053" time="0.002933" timestamp="2012-11-19T15:49:50" log="/home/karl/tmp/otp_tests/logs/xmerl_test_logs/ct_run.ct@devbox.2012-11-19_15.49.06/tests.xmerl_test.logs/run.2012-11-19_15.49.40/xmerl_sax_std_suite.not-wf-sa-053.html"></testcase><testcase group="testcases1.testcases2" name="not-wf-sa-054" time="0.001463" timestamp="2012-11-19T15:49:50" log="/home/karl/tmp/otp_tests/logs/xmerl_test_logs/ct_run.ct@devbox.2012-11-19_15.49.06/tests.xmerl_test.logs/run.2012-11-19_15.49.40/xmerl_sax_std_suite.not-wf-sa-054.html"></testcase><testcase group="testcases1.testcases2" name="not-wf-sa-055" time="0.002140" timestamp="2012-11-19T15:49:50" log="/home/karl/tmp/otp_tests/logs/xmerl_test_logs/ct_run.ct@devbox.2012-11-19_15.49.06/tests.xmerl_test.logs/run.2012-11-19_15.49.40/xmerl_sax_std_suite.not-wf-sa-055.html"></testcase><testcase group="testcases1.testcases2" name="not-wf-sa-056" time="0.001716" timestamp="2012-11-19T15:49:50" log="/home/karl/tmp/otp_tests/logs/xmerl_test_logs/ct_run.ct@devbox.2012-11-19_15.49.06/tests.xmerl_test.logs/run.2012-11-19_15.49.40/xmerl_sax_std_suite.not-wf-sa-056.html"></testcase><testcase group="testcases1.testcases2" name="not-wf-sa-057" time="0.002150" timestamp="2012-11-19T15:49:50" log="/home/karl/tmp/otp_tests/logs/xmerl_test_logs/ct_run.ct@devbox.2012-11-19_15.49.06/tests.xmerl_test.logs/run.2012-11-19_15.49.40/xmerl_sax_std_suite.not-wf-sa-057.html"></testcase><testcase group="testcases1.testcases2" name="not-wf-sa-058" time="0.001725" timestamp="2012-11-19T15:49:50" log="/home/karl/tmp/otp_tests/logs/xmerl_test_logs/ct_run.ct@devbox.2012-11-19_15.49.06/tests.xmerl_test.logs/run.2012-11-19_15.49.40/xmerl_sax_std_suite.not-wf-sa-058.html"><skipped type="skip" message="Test not-wf-sa-058 in xmerl_sax_std_SUITE skipped!">{tc_user_skip,{skipped,&quot;Attlist Notation parsing NYI&quot;}}</skipped></testcase><testcase group="testcases1.testcases2" name="not-wf-sa-059" time="0.002135" timestamp="2012-11-19T15:49:50" log="/home/karl/tmp/otp_tests/logs/xmerl_test_logs/ct_run.ct@devbox.2012-11-19_15.49.06/tests.xmerl_test.logs/run.2012-11-19_15.49.40/xmerl_sax_std_suite.not-wf-sa-059.html"></testcase><testcase group="testcases1.testcases2" name="not-wf-sa-060" time="0.005927" timestamp="2012-11-19T15:49:50" log="/home/karl/tmp/otp_tests/logs/xmerl_test_logs/ct_run.ct@devbox.2012-11-19_15.49.06/tests.xmerl_test.logs/run.2012-11-19_15.49.40/xmerl_sax_std_suite.not-wf-sa-060.html"></testcase><testcase group="testcases1.testcases2" name="not-wf-sa-061" time="0.001874" timestamp="2012-11-19T15:49:50" log="/home/karl/tmp/otp_tests/logs/xmerl_test_logs/ct_run.ct@devbox.2012-11-19_15.49.06/tests.xmerl_test.logs/run.2012-11-19_15.49.40/xmerl_sax_std_suite.not-wf-sa-061.html"></testcase><testcase group="testcases1.testcases2" name="not-wf-sa-062" time="0.001774" timestamp="2012-11-19T15:49:50" log="/home/karl/tmp/otp_tests/logs/xmerl_test_logs/ct_run.ct@devbox.2012-11-19_15.49.06/tests.xmerl_test.logs/run.2012-11-19_15.49.40/xmerl_sax_std_suite.not-wf-sa-062.html"></testcase><testcase group="testcases1.testcases2" name="not-wf-sa-063" time="0.002171" timestamp="2012-11-19T15:49:50" log="/home/karl/tmp/otp_tests/logs/xmerl_test_logs/ct_run.ct@devbox.2012-11-19_15.49.06/tests.xmerl_test.logs/run.2012-11-19_15.49.40/xmerl_sax_std_suite.not-wf-sa-063.html"></testcase><testcase group="testcases1.testcases2" name="not-wf-sa-064" time="0.002800" timestamp="2012-11-19T15:49:50" log="/home/karl/tmp/otp_tests/logs/xmerl_test_logs/ct_run.ct@devbox.2012-11-19_15.49.06/tests.xmerl_test.logs/run.2012-11-19_15.49.40/xmerl_sax_std_suite.not-wf-sa-064.html"></testcase><testcase group="testcases1.testcases2" name="not-wf-sa-065" time="0.002638" timestamp="2012-11-19T15:49:50" log="/home/karl/tmp/otp_tests/logs/xmerl_test_logs/ct_run.ct@devbox.2012-11-19_15.49.06/tests.xmerl_test.logs/run.2012-11-19_15.49.40/xmerl_sax_std_suite.not-wf-sa-065.html"></testcase><testcase group="testcases1.testcases2" name="not-wf-sa-066" time="0.001752" timestamp="2012-11-19T15:49:50" log="/home/karl/tmp/otp_tests/logs/xmerl_test_logs/ct_run.ct@devbox.2012-11-19_15.49.06/tests.xmerl_test.logs/run.2012-11-19_15.49.40/xmerl_sax_std_suite.not-wf-sa-066.html"></testcase><testcase group="testcases1.testcases2" name="not-wf-sa-067" time="0.002027" timestamp="2012-11-19T15:49:51" log="/home/karl/tmp/otp_tests/logs/xmerl_test_logs/ct_run.ct@devbox.2012-11-19_15.49.06/tests.xmerl_test.logs/run.2012-11-19_15.49.40/xmerl_sax_std_suite.not-wf-sa-067.html"></testcase><testcase group="testcases1.testcases2" name="not-wf-sa-068" time="0.001944" timestamp="2012-11-19T15:49:51" log="/home/karl/tmp/otp_tests/logs/xmerl_test_logs/ct_run.ct@devbox.2012-11-19_15.49.06/tests.xmerl_test.logs/run.2012-11-19_15.49.40/xmerl_sax_std_suite.not-wf-sa-068.html"></testcase><testcase group="testcases1.testcases2" name="not-wf-sa-069" time="0.002039" timestamp="2012-11-19T15:49:51" log="/home/karl/tmp/otp_tests/logs/xmerl_test_logs/ct_run.ct@devbox.2012-11-19_15.49.06/tests.xmerl_test.logs/run.2012-11-19_15.49.40/xmerl_sax_std_suite.not-wf-sa-069.html"></testcase><testcase group="testcases1.testcases2" name="not-wf-sa-070" time="0.001996" timestamp="2012-11-19T15:49:51" log="/home/karl/tmp/otp_tests/logs/xmerl_test_logs/ct_run.ct@devbox.2012-11-19_15.49.06/tests.xmerl_test.logs/run.2012-11-19_15.49.40/xmerl_sax_std_suite.not-wf-sa-070.html"></testcase><testcase group="testcases1.testcases2" name="not-wf-sa-071" time="0.001672" timestamp="2012-11-19T15:49:51" log="/home/karl/tmp/otp_tests/logs/xmerl_test_logs/ct_run.ct@devbox.2012-11-19_15.49.06/tests.xmerl_test.logs/run.2012-11-19_15.49.40/xmerl_sax_std_suite.not-wf-sa-071.html"><skipped type="skip" message="Test not-wf-sa-071 in xmerl_sax_std_SUITE skipped!">{tc_user_skip,{skipped,&quot;No loop detection yet&quot;}}</skipped></testcase><testcase group="testcases1.testcases2" name="not-wf-sa-072" time="0.001905" timestamp="2012-11-19T15:49:51" log="/home/karl/tmp/otp_tests/logs/xmerl_test_logs/ct_run.ct@devbox.2012-11-19_15.49.06/tests.xmerl_test.logs/run.2012-11-19_15.49.40/xmerl_sax_std_suite.not-wf-sa-072.html"></testcase><testcase group="testcases1.testcases2" name="not-wf-sa-073" time="0.010111" timestamp="2012-11-19T15:49:51" log="/home/karl/tmp/otp_tests/logs/xmerl_test_logs/ct_run.ct@devbox.2012-11-19_15.49.06/tests.xmerl_test.logs/run.2012-11-19_15.49.40/xmerl_sax_std_suite.not-wf-sa-073.html"></testcase><testcase group="testcases1.testcases2" name="not-wf-sa-074" time="0.004704" timestamp="2012-11-19T15:49:51" log="/home/karl/tmp/otp_tests/logs/xmerl_test_logs/ct_run.ct@devbox.2012-11-19_15.49.06/tests.xmerl_test.logs/run.2012-11-19_15.49.40/xmerl_sax_std_suite.not-wf-sa-074.html"><skipped type="skip" message="Test not-wf-sa-074 in xmerl_sax_std_SUITE skipped!">{tc_user_skip,{skipped,&quot;Entity not correct tag pair NYI&quot;}}</skipped></testcase><testcase group="testcases1.testcases2" name="not-wf-sa-075" time="0.001543" timestamp="2012-11-19T15:49:51" log="/home/karl/tmp/otp_tests/logs/xmerl_test_logs/ct_run.ct@devbox.2012-11-19_15.49.06/tests.xmerl_test.logs/run.2012-11-19_15.49.40/xmerl_sax_std_suite.not-wf-sa-075.html"><skipped type="skip" message="Test not-wf-sa-075 in xmerl_sax_std_SUITE skipped!">{tc_user_skip,{skipped,&quot;No loop detection yet&quot;}}</skipped></testcase><testcase group="testcases1.testcases2" name="not-wf-sa-076" time="0.009759" timestamp="2012-11-19T15:49:51" log="/home/karl/tmp/otp_tests/logs/xmerl_test_logs/ct_run.ct@devbox.2012-11-19_15.49.06/tests.xmerl_test.logs/run.2012-11-19_15.49.40/xmerl_sax_std_suite.not-wf-sa-076.html"></testcase><testcase group="testcases1.testcases2" name="not-wf-sa-077" time="0.002202" timestamp="2012-11-19T15:49:51" log="/home/karl/tmp/otp_tests/logs/xmerl_test_logs/ct_run.ct@devbox.2012-11-19_15.49.06/tests.xmerl_test.logs/run.2012-11-19_15.49.40/xmerl_sax_std_suite.not-wf-sa-077.html"></testcase><testcase group="testcases1.testcases2" name="not-wf-sa-078" time="0.002610" timestamp="2012-11-19T15:49:51" log="/home/karl/tmp/otp_tests/logs/xmerl_test_logs/ct_run.ct@devbox.2012-11-19_15.49.06/tests.xmerl_test.logs/run.2012-11-19_15.49.40/xmerl_sax_std_suite.not-wf-sa-078.html"></testcase><testcase group="testcases1.testcases2" name="not-wf-sa-079" time="0.002587" timestamp="2012-11-19T15:49:51" log="/home/karl/tmp/otp_tests/logs/xmerl_test_logs/ct_run.ct@devbox.2012-11-19_15.49.06/tests.xmerl_test.logs/run.2012-11-19_15.49.40/xmerl_sax_std_suite.not-wf-sa-079.html"><skipped type="skip" message="Test not-wf-sa-079 in xmerl_sax_std_SUITE skipped!">{tc_user_skip,{skipped,&quot;No loop detection yet&quot;}}</skipped></testcase><testcase group="testcases1.testcases2" name="not-wf-sa-080" time="0.001820" timestamp="2012-11-19T15:49:51" log="/home/karl/tmp/otp_tests/logs/xmerl_test_logs/ct_run.ct@devbox.2012-11-19_15.49.06/tests.xmerl_test.logs/run.2012-11-19_15.49.40/xmerl_sax_std_suite.not-wf-sa-080.html"><skipped type="skip" message="Test not-wf-sa-080 in xmerl_sax_std_SUITE skipped!">{tc_user_skip,{skipped,&quot;No loop detection yet&quot;}}</skipped></testcase><testcase group="testcases1.testcases2" name="not-wf-sa-081" time="0.011857" timestamp="2012-11-19T15:49:51" log="/home/karl/tmp/otp_tests/logs/xmerl_test_logs/ct_run.ct@devbox.2012-11-19_15.49.06/tests.xmerl_test.logs/run.2012-11-19_15.49.40/xmerl_sax_std_suite.not-wf-sa-081.html"></testcase><testcase group="testcases1.testcases2" name="not-wf-sa-082" time="0.006107" timestamp="2012-11-19T15:49:51" log="/home/karl/tmp/otp_tests/logs/xmerl_test_logs/ct_run.ct@devbox.2012-11-19_15.49.06/tests.xmerl_test.logs/run.2012-11-19_15.49.40/xmerl_sax_std_suite.not-wf-sa-082.html"></testcase><testcase group="testcases1.testcases2" name="not-wf-sa-083" time="0.002062" timestamp="2012-11-19T15:49:51" log="/home/karl/tmp/otp_tests/logs/xmerl_test_logs/ct_run.ct@devbox.2012-11-19_15.49.06/tests.xmerl_test.logs/run.2012-11-19_15.49.40/xmerl_sax_std_suite.not-wf-sa-083.html"></testcase><testcase group="testcases1.testcases2" name="not-wf-sa-084" time="0.002083" timestamp="2012-11-19T15:49:51" log="/home/karl/tmp/otp_tests/logs/xmerl_test_logs/ct_run.ct@devbox.2012-11-19_15.49.06/tests.xmerl_test.logs/run.2012-11-19_15.49.40/xmerl_sax_std_suite.not-wf-sa-084.html"></testcase><testcase group="testcases1.testcases2" name="not-wf-sa-085" time="0.001621" timestamp="2012-11-19T15:49:51" log="/home/karl/tmp/otp_tests/logs/xmerl_test_logs/ct_run.ct@devbox.2012-11-19_15.49.06/tests.xmerl_test.logs/run.2012-11-19_15.49.40/xmerl_sax_std_suite.not-wf-sa-085.html"></testcase><testcase group="testcases1.testcases2" name="not-wf-sa-086" time="0.001771" timestamp="2012-11-19T15:49:51" log="/home/karl/tmp/otp_tests/logs/xmerl_test_logs/ct_run.ct@devbox.2012-11-19_15.49.06/tests.xmerl_test.logs/run.2012-11-19_15.49.40/xmerl_sax_std_suite.not-wf-sa-086.html"></testcase><testcase group="testcases1.testcases2" name="not-wf-sa-087" time="0.001870" timestamp="2012-11-19T15:49:51" log="/home/karl/tmp/otp_tests/logs/xmerl_test_logs/ct_run.ct@devbox.2012-11-19_15.49.06/tests.xmerl_test.logs/run.2012-11-19_15.49.40/xmerl_sax_std_suite.not-wf-sa-087.html"></testcase><testcase group="testcases1.testcases2" name="not-wf-sa-088" time="0.001847" timestamp="2012-11-19T15:49:51" log="/home/karl/tmp/otp_tests/logs/xmerl_test_logs/ct_run.ct@devbox.2012-11-19_15.49.06/tests.xmerl_test.logs/run.2012-11-19_15.49.40/xmerl_sax_std_suite.not-wf-sa-088.html"></testcase><testcase group="testcases1.testcases2" name="not-wf-sa-089" time="0.003163" timestamp="2012-11-19T15:49:51" log="/home/karl/tmp/otp_tests/logs/xmerl_test_logs/ct_run.ct@devbox.2012-11-19_15.49.06/tests.xmerl_test.logs/run.2012-11-19_15.49.40/xmerl_sax_std_suite.not-wf-sa-089.html"></testcase><testcase group="testcases1.testcases2" name="not-wf-sa-090" time="0.002262" timestamp="2012-11-19T15:49:51" log="/home/karl/tmp/otp_tests/logs/xmerl_test_logs/ct_run.ct@devbox.2012-11-19_15.49.06/tests.xmerl_test.logs/run.2012-11-19_15.49.40/xmerl_sax_std_suite.not-wf-sa-090.html"></testcase><testcase group="testcases1.testcases2" name="not-wf-sa-091" time="0.003160" timestamp="2012-11-19T15:49:51" log="/home/karl/tmp/otp_tests/logs/xmerl_test_logs/ct_run.ct@devbox.2012-11-19_15.49.06/tests.xmerl_test.logs/run.2012-11-19_15.49.40/xmerl_sax_std_suite.not-wf-sa-091.html"></testcase><testcase group="testcases1.testcases2" name="not-wf-sa-092" time="0.002067" timestamp="2012-11-19T15:49:51" log="/home/karl/tmp/otp_tests/logs/xmerl_test_logs/ct_run.ct@devbox.2012-11-19_15.49.06/tests.xmerl_test.logs/run.2012-11-19_15.49.40/xmerl_sax_std_suite.not-wf-sa-092.html"></testcase><testcase group="testcases1.testcases2" name="not-wf-sa-093" time="0.002001" timestamp="2012-11-19T15:49:51" log="/home/karl/tmp/otp_tests/logs/xmerl_test_logs/ct_run.ct@devbox.2012-11-19_15.49.06/tests.xmerl_test.logs/run.2012-11-19_15.49.40/xmerl_sax_std_suite.not-wf-sa-093.html"></testcase><testcase group="testcases1.testcases2" name="not-wf-sa-094" time="0.001973" timestamp="2012-11-19T15:49:51" log="/home/karl/tmp/otp_tests/logs/xmerl_test_logs/ct_run.ct@devbox.2012-11-19_15.49.06/tests.xmerl_test.logs/run.2012-11-19_15.49.40/xmerl_sax_std_suite.not-wf-sa-094.html"></testcase><testcase group="testcases1.testcases2" name="not-wf-sa-095" time="0.003036" timestamp="2012-11-19T15:49:51" log="/home/karl/tmp/otp_tests/logs/xmerl_test_logs/ct_run.ct@devbox.2012-11-19_15.49.06/tests.xmerl_test.logs/run.2012-11-19_15.49.40/xmerl_sax_std_suite.not-wf-sa-095.html"></testcase><testcase group="testcases1.testcases2" name="not-wf-sa-096" time="0.001897" timestamp="2012-11-19T15:49:51" log="/home/karl/tmp/otp_tests/logs/xmerl_test_logs/ct_run.ct@devbox.2012-11-19_15.49.06/tests.xmerl_test.logs/run.2012-11-19_15.49.40/xmerl_sax_std_suite.not-wf-sa-096.html"></testcase><testcase group="testcases1.testcases2" name="not-wf-sa-097" time="0.002070" timestamp="2012-11-19T15:49:51" log="/home/karl/tmp/otp_tests/logs/xmerl_test_logs/ct_run.ct@devbox.2012-11-19_15.49.06/tests.xmerl_test.logs/run.2012-11-19_15.49.40/xmerl_sax_std_suite.not-wf-sa-097.html"></testcase><testcase group="testcases1.testcases2" name="not-wf-sa-098" time="0.002353" timestamp="2012-11-19T15:49:51" log="/home/karl/tmp/otp_tests/logs/xmerl_test_logs/ct_run.ct@devbox.2012-11-19_15.49.06/tests.xmerl_test.logs/run.2012-11-19_15.49.40/xmerl_sax_std_suite.not-wf-sa-098.html"></testcase><testcase group="testcases1.testcases2" name="not-wf-sa-099" time="0.001458" timestamp="2012-11-19T15:49:51" log="/home/karl/tmp/otp_tests/logs/xmerl_test_logs/ct_run.ct@devbox.2012-11-19_15.49.06/tests.xmerl_test.logs/run.2012-11-19_15.49.40/xmerl_sax_std_suite.not-wf-sa-099.html"></testcase><testcase group="testcases1.testcases2" name="not-wf-sa-100" time="0.002068" timestamp="2012-11-19T15:49:51" log="/home/karl/tmp/otp_tests/logs/xmerl_test_logs/ct_run.ct@devbox.2012-11-19_15.49.06/tests.xmerl_test.logs/run.2012-11-19_15.49.40/xmerl_sax_std_suite.not-wf-sa-100.html"></testcase><testcase group="testcases1.testcases2" name="not-wf-sa-101" time="0.002193" timestamp="2012-11-19T15:49:52" log="/home/karl/tmp/otp_tests/logs/xmerl_test_logs/ct_run.ct@devbox.2012-11-19_15.49.06/tests.xmerl_test.logs/run.2012-11-19_15.49.40/xmerl_sax_std_suite.not-wf-sa-101.html"></testcase><testcase group="testcases1.testcases2" name="not-wf-sa-102" time="0.001829" timestamp="2012-11-19T15:49:52" log="/home/karl/tmp/otp_tests/logs/xmerl_test_logs/ct_run.ct@devbox.2012-11-19_15.49.06/tests.xmerl_test.logs/run.2012-11-19_15.49.40/xmerl_sax_std_suite.not-wf-sa-102.html"><skipped type="skip" message="Test not-wf-sa-102 in xmerl_sax_std_SUITE skipped!">{tc_user_skip,{skipped,&quot;Fix 2&quot;}}</skipped></testcase><testcase group="testcases1.testcases2" name="not-wf-sa-103" time="0.002091" timestamp="2012-11-19T15:49:52" log="/home/karl/tmp/otp_tests/logs/xmerl_test_logs/ct_run.ct@devbox.2012-11-19_15.49.06/tests.xmerl_test.logs/run.2012-11-19_15.49.40/xmerl_sax_std_suite.not-wf-sa-103.html"></testcase><testcase group="testcases1.testcases2" name="not-wf-sa-104" time="0.002129" timestamp="2012-11-19T15:49:52" log="/home/karl/tmp/otp_tests/logs/xmerl_test_logs/ct_run.ct@devbox.2012-11-19_15.49.06/tests.xmerl_test.logs/run.2012-11-19_15.49.40/xmerl_sax_std_suite.not-wf-sa-104.html"><skipped type="skip" message="Test not-wf-sa-104 in xmerl_sax_std_SUITE skipped!">{tc_user_skip,{skipped,&quot;Entity not correct tag pair NYI&quot;}}</skipped></testcase><testcase group="testcases1.testcases2" name="not-wf-sa-105" time="0.003718" timestamp="2012-11-19T15:49:52" log="/home/karl/tmp/otp_tests/logs/xmerl_test_logs/ct_run.ct@devbox.2012-11-19_15.49.06/tests.xmerl_test.logs/run.2012-11-19_15.49.40/xmerl_sax_std_suite.not-wf-sa-105.html"></testcase><testcase group="testcases1.testcases2" name="not-wf-sa-106" time="0.002583" timestamp="2012-11-19T15:49:52" log="/home/karl/tmp/otp_tests/logs/xmerl_test_logs/ct_run.ct@devbox.2012-11-19_15.49.06/tests.xmerl_test.logs/run.2012-11-19_15.49.40/xmerl_sax_std_suite.not-wf-sa-106.html"></testcase><testcase group="testcases1.testcases2" name="not-wf-sa-107" time="0.002566" timestamp="2012-11-19T15:49:52" log="/home/karl/tmp/otp_tests/logs/xmerl_test_logs/ct_run.ct@devbox.2012-11-19_15.49.06/tests.xmerl_test.logs/run.2012-11-19_15.49.40/xmerl_sax_std_suite.not-wf-sa-107.html"></testcase><testcase group="testcases1.testcases2" name="not-wf-sa-108" time="0.001964" timestamp="2012-11-19T15:49:52" log="/home/karl/tmp/otp_tests/logs/xmerl_test_logs/ct_run.ct@devbox.2012-11-19_15.49.06/tests.xmerl_test.logs/run.2012-11-19_15.49.40/xmerl_sax_std_suite.not-wf-sa-108.html"></testcase><testcase group="testcases1.testcases2" name="not-wf-sa-109" time="0.003039" timestamp="2012-11-19T15:49:52" log="/home/karl/tmp/otp_tests/logs/xmerl_test_logs/ct_run.ct@devbox.2012-11-19_15.49.06/tests.xmerl_test.logs/run.2012-11-19_15.49.40/xmerl_sax_std_suite.not-wf-sa-109.html"></testcase><testcase group="testcases1.testcases2" name="not-wf-sa-110" time="0.002177" timestamp="2012-11-19T15:49:52" log="/home/karl/tmp/otp_tests/logs/xmerl_test_logs/ct_run.ct@devbox.2012-11-19_15.49.06/tests.xmerl_test.logs/run.2012-11-19_15.49.40/xmerl_sax_std_suite.not-wf-sa-110.html"></testcase><testcase group="testcases1.testcases2" name="not-wf-sa-111" time="0.003501" timestamp="2012-11-19T15:49:52" log="/home/karl/tmp/otp_tests/logs/xmerl_test_logs/ct_run.ct@devbox.2012-11-19_15.49.06/tests.xmerl_test.logs/run.2012-11-19_15.49.40/xmerl_sax_std_suite.not-wf-sa-111.html"></testcase><testcase group="testcases1.testcases2" name="not-wf-sa-112" time="0.002491" timestamp="2012-11-19T15:49:52" log="/home/karl/tmp/otp_tests/logs/xmerl_test_logs/ct_run.ct@devbox.2012-11-19_15.49.06/tests.xmerl_test.logs/run.2012-11-19_15.49.40/xmerl_sax_std_suite.not-wf-sa-112.html"></testcase><testcase group="testcases1.testcases2" name="not-wf-sa-113" time="0.002789" timestamp="2012-11-19T15:49:52" log="/home/karl/tmp/otp_tests/logs/xmerl_test_logs/ct_run.ct@devbox.2012-11-19_15.49.06/tests.xmerl_test.logs/run.2012-11-19_15.49.40/xmerl_sax_std_suite.not-wf-sa-113.html"></testcase><testcase group="testcases1.testcases2" name="not-wf-sa-114" time="0.002962" timestamp="2012-11-19T15:49:52" log="/home/karl/tmp/otp_tests/logs/xmerl_test_logs/ct_run.ct@devbox.2012-11-19_15.49.06/tests.xmerl_test.logs/run.2012-11-19_15.49.40/xmerl_sax_std_suite.not-wf-sa-114.html"></testcase><testcase group="testcases1.testcases2" name="not-wf-sa-115" time="0.002331" timestamp="2012-11-19T15:49:52" log="/home/karl/tmp/otp_tests/logs/xmerl_test_logs/ct_run.ct@devbox.2012-11-19_15.49.06/tests.xmerl_test.logs/run.2012-11-19_15.49.40/xmerl_sax_std_suite.not-wf-sa-115.html"><skipped type="skip" message="Test not-wf-sa-115 in xmerl_sax_std_SUITE skipped!">{tc_user_skip,{skipped,&quot;&amp; expansion not correct&quot;}}</skipped></testcase><testcase group="testcases1.testcases2" name="not-wf-sa-116" time="0.002471" timestamp="2012-11-19T15:49:52" log="/home/karl/tmp/otp_tests/logs/xmerl_test_logs/ct_run.ct@devbox.2012-11-19_15.49.06/tests.xmerl_test.logs/run.2012-11-19_15.49.40/xmerl_sax_std_suite.not-wf-sa-116.html"><skipped type="skip" message="Test not-wf-sa-116 in xmerl_sax_std_SUITE skipped!">{tc_user_skip,{skipped,&quot;&amp; expansion not correct&quot;}}</skipped></testcase><testcase group="testcases1.testcases2" name="not-wf-sa-117" time="0.010615" timestamp="2012-11-19T15:49:52" log="/home/karl/tmp/otp_tests/logs/xmerl_test_logs/ct_run.ct@devbox.2012-11-19_15.49.06/tests.xmerl_test.logs/run.2012-11-19_15.49.40/xmerl_sax_std_suite.not-wf-sa-117.html"><skipped type="skip" message="Test not-wf-sa-117 in xmerl_sax_std_SUITE skipped!">{tc_user_skip,{skipped,&quot;&amp; expansion not correct&quot;}}</skipped></testcase><testcase group="testcases1.testcases2" name="not-wf-sa-118" time="0.007260" timestamp="2012-11-19T15:49:52" log="/home/karl/tmp/otp_tests/logs/xmerl_test_logs/ct_run.ct@devbox.2012-11-19_15.49.06/tests.xmerl_test.logs/run.2012-11-19_15.49.40/xmerl_sax_std_suite.not-wf-sa-118.html"></testcase><testcase group="testcases1.testcases2" name="not-wf-sa-119" time="0.006055" timestamp="2012-11-19T15:49:52" log="/home/karl/tmp/otp_tests/logs/xmerl_test_logs/ct_run.ct@devbox.2012-11-19_15.49.06/tests.xmerl_test.logs/run.2012-11-19_15.49.40/xmerl_sax_std_suite.not-wf-sa-119.html"><skipped type="skip" message="Test not-wf-sa-119 in xmerl_sax_std_SUITE skipped!">{tc_user_skip,{skipped,&quot;&amp; expansion not correct&quot;}}</skipped></testcase><testcase group="testcases1.testcases2" name="not-wf-sa-120" time="0.001953" timestamp="2012-11-19T15:49:52" log="/home/karl/tmp/otp_tests/logs/xmerl_test_logs/ct_run.ct@devbox.2012-11-19_15.49.06/tests.xmerl_test.logs/run.2012-11-19_15.49.40/xmerl_sax_std_suite.not-wf-sa-120.html"><skipped type="skip" message="Test not-wf-sa-120 in xmerl_sax_std_SUITE skipped!">{tc_user_skip,{skipped,&quot;&amp; expansion not correct&quot;}}</skipped></testcase><testcase group="testcases1.testcases2" name="not-wf-sa-121" time="0.006608" timestamp="2012-11-19T15:49:52" log="/home/karl/tmp/otp_tests/logs/xmerl_test_logs/ct_run.ct@devbox.2012-11-19_15.49.06/tests.xmerl_test.logs/run.2012-11-19_15.49.40/xmerl_sax_std_suite.not-wf-sa-121.html"></testcase><testcase group="testcases1.testcases2" name="not-wf-sa-122" time="0.005930" timestamp="2012-11-19T15:49:52" log="/home/karl/tmp/otp_tests/logs/xmerl_test_logs/ct_run.ct@devbox.2012-11-19_15.49.06/tests.xmerl_test.logs/run.2012-11-19_15.49.40/xmerl_sax_std_suite.not-wf-sa-122.html"><skipped type="skip" message="Test not-wf-sa-122 in xmerl_sax_std_SUITE skipped!">{tc_user_skip,{skipped,&quot;DTD element content parsing NYI&quot;}}</skipped></testcase><testcase group="testcases1.testcases2" name="not-wf-sa-123" time="0.002265" timestamp="2012-11-19T15:49:52" log="/home/karl/tmp/otp_tests/logs/xmerl_test_logs/ct_run.ct@devbox.2012-11-19_15.49.06/tests.xmerl_test.logs/run.2012-11-19_15.49.40/xmerl_sax_std_suite.not-wf-sa-123.html"><skipped type="skip" message="Test not-wf-sa-123 in xmerl_sax_std_SUITE skipped!">{tc_user_skip,{skipped,&quot;DTD element content parsing NYI&quot;}}</skipped></testcase><testcase group="testcases1.testcases2" name="not-wf-sa-124" time="0.018276" timestamp="2012-11-19T15:49:52" log="/home/karl/tmp/otp_tests/logs/xmerl_test_logs/ct_run.ct@devbox.2012-11-19_15.49.06/tests.xmerl_test.logs/run.2012-11-19_15.49.40/xmerl_sax_std_suite.not-wf-sa-124.html"><skipped type="skip" message="Test not-wf-sa-124 in xmerl_sax_std_SUITE skipped!">{tc_user_skip,{skipped,&quot;DTD element content parsing NYI&quot;}}</skipped></testcase><testcase group="testcases1.testcases2" name="not-wf-sa-125" time="0.002183" timestamp="2012-11-19T15:49:52" log="/home/karl/tmp/otp_tests/logs/xmerl_test_logs/ct_run.ct@devbox.2012-11-19_15.49.06/tests.xmerl_test.logs/run.2012-11-19_15.49.40/xmerl_sax_std_suite.not-wf-sa-125.html"><skipped type="skip" message="Test not-wf-sa-125 in xmerl_sax_std_SUITE skipped!">{tc_user_skip,{skipped,&quot;DTD element content parsing NYI&quot;}}</skipped></testcase><testcase group="testcases1.testcases2" name="not-wf-sa-126" time="0.005139" timestamp="2012-11-19T15:49:52" log="/home/karl/tmp/otp_tests/logs/xmerl_test_logs/ct_run.ct@devbox.2012-11-19_15.49.06/tests.xmerl_test.logs/run.2012-11-19_15.49.40/xmerl_sax_std_suite.not-wf-sa-126.html"><skipped type="skip" message="Test not-wf-sa-126 in xmerl_sax_std_SUITE skipped!">{tc_user_skip,{skipped,&quot;DTD element content parsing NYI&quot;}}</skipped></testcase><testcase group="testcases1.testcases2" name="not-wf-sa-127" time="0.002130" timestamp="2012-11-19T15:49:52" log="/home/karl/tmp/otp_tests/logs/xmerl_test_logs/ct_run.ct@devbox.2012-11-19_15.49.06/tests.xmerl_test.logs/run.2012-11-19_15.49.40/xmerl_sax_std_suite.not-wf-sa-127.html"><skipped type="skip" message="Test not-wf-sa-127 in xmerl_sax_std_SUITE skipped!">{tc_user_skip,{skipped,&quot;DTD element content parsing NYI&quot;}}</skipped></testcase><testcase group="testcases1.testcases2" name="not-wf-sa-128" time="0.002063" timestamp="2012-11-19T15:49:52" log="/home/karl/tmp/otp_tests/logs/xmerl_test_logs/ct_run.ct@devbox.2012-11-19_15.49.06/tests.xmerl_test.logs/run.2012-11-19_15.49.40/xmerl_sax_std_suite.not-wf-sa-128.html"><skipped type="skip" message="Test not-wf-sa-128 in xmerl_sax_std_SUITE skipped!">{tc_user_skip,{skipped,&quot;DTD element content parsing NYI&quot;}}</skipped></testcase><testcase group="testcases1.testcases2" name="not-wf-sa-129" time="0.002941" timestamp="2012-11-19T15:49:52" log="/home/karl/tmp/otp_tests/logs/xmerl_test_logs/ct_run.ct@devbox.2012-11-19_15.49.06/tests.xmerl_test.logs/run.2012-11-19_15.49.40/xmerl_sax_std_suite.not-wf-sa-129.html"><skipped type="skip" message="Test not-wf-sa-129 in xmerl_sax_std_SUITE skipped!">{tc_user_skip,{skipped,&quot;DTD element content parsing NYI&quot;}}</skipped></testcase><testcase group="testcases1.testcases2" name="not-wf-sa-130" time="0.002130" timestamp="2012-11-19T15:49:53" log="/home/karl/tmp/otp_tests/logs/xmerl_test_logs/ct_run.ct@devbox.2012-11-19_15.49.06/tests.xmerl_test.logs/run.2012-11-19_15.49.40/xmerl_sax_std_suite.not-wf-sa-130.html"><skipped type="skip" message="Test not-wf-sa-130 in xmerl_sax_std_SUITE skipped!">{tc_user_skip,{skipped,&quot;DTD element content parsing NYI&quot;}}</skipped></testcase><testcase group="testcases1.testcases2" name="not-wf-sa-131" time="0.014816" timestamp="2012-11-19T15:49:53" log="/home/karl/tmp/otp_tests/logs/xmerl_test_logs/ct_run.ct@devbox.2012-11-19_15.49.06/tests.xmerl_test.logs/run.2012-11-19_15.49.40/xmerl_sax_std_suite.not-wf-sa-131.html"><skipped type="skip" message="Test not-wf-sa-131 in xmerl_sax_std_SUITE skipped!">{tc_user_skip,{skipped,&quot;DTD element content parsing NYI&quot;}}</skipped></testcase><testcase group="testcases1.testcases2" name="not-wf-sa-132" time="0.003268" timestamp="2012-11-19T15:49:53" log="/home/karl/tmp/otp_tests/logs/xmerl_test_logs/ct_run.ct@devbox.2012-11-19_15.49.06/tests.xmerl_test.logs/run.2012-11-19_15.49.40/xmerl_sax_std_suite.not-wf-sa-132.html"><skipped type="skip" message="Test not-wf-sa-132 in xmerl_sax_std_SUITE skipped!">{tc_user_skip,{skipped,&quot;DTD element content parsing NYI&quot;}}</skipped></testcase><testcase group="testcases1.testcases2" name="not-wf-sa-133" time="0.002349" timestamp="2012-11-19T15:49:53" log="/home/karl/tmp/otp_tests/logs/xmerl_test_logs/ct_run.ct@devbox.2012-11-19_15.49.06/tests.xmerl_test.logs/run.2012-11-19_15.49.40/xmerl_sax_std_suite.not-wf-sa-133.html"><skipped type="skip" message="Test not-wf-sa-133 in xmerl_sax_std_SUITE skipped!">{tc_user_skip,{skipped,&quot;DTD element content parsing NYI&quot;}}</skipped></testcase><testcase group="testcases1.testcases2" name="not-wf-sa-134" time="0.011105" timestamp="2012-11-19T15:49:53" log="/home/karl/tmp/otp_tests/logs/xmerl_test_logs/ct_run.ct@devbox.2012-11-19_15.49.06/tests.xmerl_test.logs/run.2012-11-19_15.49.40/xmerl_sax_std_suite.not-wf-sa-134.html"><skipped type="skip" message="Test not-wf-sa-134 in xmerl_sax_std_SUITE skipped!">{tc_user_skip,{skipped,&quot;DTD element content parsing NYI&quot;}}</skipped></testcase><testcase group="testcases1.testcases2" name="not-wf-sa-135" time="0.003239" timestamp="2012-11-19T15:49:53" log="/home/karl/tmp/otp_tests/logs/xmerl_test_logs/ct_run.ct@devbox.2012-11-19_15.49.06/tests.xmerl_test.logs/run.2012-11-19_15.49.40/xmerl_sax_std_suite.not-wf-sa-135.html"><skipped type="skip" message="Test not-wf-sa-135 in xmerl_sax_std_SUITE skipped!">{tc_user_skip,{skipped,&quot;DTD element content parsing NYI&quot;}}</skipped></testcase><testcase group="testcases1.testcases2" name="not-wf-sa-136" time="0.012457" timestamp="2012-11-19T15:49:53" log="/home/karl/tmp/otp_tests/logs/xmerl_test_logs/ct_run.ct@devbox.2012-11-19_15.49.06/tests.xmerl_test.logs/run.2012-11-19_15.49.40/xmerl_sax_std_suite.not-wf-sa-136.html"><skipped type="skip" message="Test not-wf-sa-136 in xmerl_sax_std_SUITE skipped!">{tc_user_skip,{skipped,&quot;DTD element content parsing NYI&quot;}}</skipped></testcase><testcase group="testcases1.testcases2" name="not-wf-sa-137" time="0.088599" timestamp="2012-11-19T15:49:53" log="/home/karl/tmp/otp_tests/logs/xmerl_test_logs/ct_run.ct@devbox.2012-11-19_15.49.06/tests.xmerl_test.logs/run.2012-11-19_15.49.40/xmerl_sax_std_suite.not-wf-sa-137.html"></testcase><testcase group="testcases1.testcases2" name="not-wf-sa-138" time="0.002725" timestamp="2012-11-19T15:49:53" log="/home/karl/tmp/otp_tests/logs/xmerl_test_logs/ct_run.ct@devbox.2012-11-19_15.49.06/tests.xmerl_test.logs/run.2012-11-19_15.49.40/xmerl_sax_std_suite.not-wf-sa-138.html"><skipped type="skip" message="Test not-wf-sa-138 in xmerl_sax_std_SUITE skipped!">{tc_user_skip,{skipped,&quot;DTD element content parsing NYI&quot;}}</skipped></testcase><testcase group="testcases1.testcases2" name="not-wf-sa-139" time="0.002499" timestamp="2012-11-19T15:49:53" log="/home/karl/tmp/otp_tests/logs/xmerl_test_logs/ct_run.ct@devbox.2012-11-19_15.49.06/tests.xmerl_test.logs/run.2012-11-19_15.49.40/xmerl_sax_std_suite.not-wf-sa-139.html"><skipped type="skip" message="Test not-wf-sa-139 in xmerl_sax_std_SUITE skipped!">{tc_user_skip,{skipped,&quot;DTD element content parsing NYI&quot;}}</skipped></testcase><testcase group="testcases1.testcases2" name="not-wf-sa-140" time="0.010835" timestamp="2012-11-19T15:49:53" log="/home/karl/tmp/otp_tests/logs/xmerl_test_logs/ct_run.ct@devbox.2012-11-19_15.49.06/tests.xmerl_test.logs/run.2012-11-19_15.49.40/xmerl_sax_std_suite.not-wf-sa-140.html"></testcase><testcase group="testcases1.testcases2" name="not-wf-sa-141" time="0.002832" timestamp="2012-11-19T15:49:53" log="/home/karl/tmp/otp_tests/logs/xmerl_test_logs/ct_run.ct@devbox.2012-11-19_15.49.06/tests.xmerl_test.logs/run.2012-11-19_15.49.40/xmerl_sax_std_suite.not-wf-sa-141.html"></testcase><testcase group="testcases1.testcases2" name="not-wf-sa-142" time="0.002681" timestamp="2012-11-19T15:49:53" log="/home/karl/tmp/otp_tests/logs/xmerl_test_logs/ct_run.ct@devbox.2012-11-19_15.49.06/tests.xmerl_test.logs/run.2012-11-19_15.49.40/xmerl_sax_std_suite.not-wf-sa-142.html"></testcase><testcase group="testcases1.testcases2" name="not-wf-sa-143" time="0.002521" timestamp="2012-11-19T15:49:53" log="/home/karl/tmp/otp_tests/logs/xmerl_test_logs/ct_run.ct@devbox.2012-11-19_15.49.06/tests.xmerl_test.logs/run.2012-11-19_15.49.40/xmerl_sax_std_suite.not-wf-sa-143.html"></testcase><testcase group="testcases1.testcases2" name="not-wf-sa-144" time="0.006019" timestamp="2012-11-19T15:49:53" log="/home/karl/tmp/otp_tests/logs/xmerl_test_logs/ct_run.ct@devbox.2012-11-19_15.49.06/tests.xmerl_test.logs/run.2012-11-19_15.49.40/xmerl_sax_std_suite.not-wf-sa-144.html"></testcase><testcase group="testcases1.testcases2" name="not-wf-sa-145" time="0.002419" timestamp="2012-11-19T15:49:53" log="/home/karl/tmp/otp_tests/logs/xmerl_test_logs/ct_run.ct@devbox.2012-11-19_15.49.06/tests.xmerl_test.logs/run.2012-11-19_15.49.40/xmerl_sax_std_suite.not-wf-sa-145.html"></testcase><testcase group="testcases1.testcases2" name="not-wf-sa-146" time="0.002589" timestamp="2012-11-19T15:49:53" log="/home/karl/tmp/otp_tests/logs/xmerl_test_logs/ct_run.ct@devbox.2012-11-19_15.49.06/tests.xmerl_test.logs/run.2012-11-19_15.49.40/xmerl_sax_std_suite.not-wf-sa-146.html"></testcase><testcase group="testcases1.testcases2" name="not-wf-sa-147" time="0.003157" timestamp="2012-11-19T15:49:53" log="/home/karl/tmp/otp_tests/logs/xmerl_test_logs/ct_run.ct@devbox.2012-11-19_15.49.06/tests.xmerl_test.logs/run.2012-11-19_15.49.40/xmerl_sax_std_suite.not-wf-sa-147.html"></testcase><testcase group="testcases1.testcases2" name="not-wf-sa-148" time="0.003757" timestamp="2012-11-19T15:49:53" log="/home/karl/tmp/otp_tests/logs/xmerl_test_logs/ct_run.ct@devbox.2012-11-19_15.49.06/tests.xmerl_test.logs/run.2012-11-19_15.49.40/xmerl_sax_std_suite.not-wf-sa-148.html"></testcase><testcase group="testcases1.testcases2" name="not-wf-sa-149" time="0.003909" timestamp="2012-11-19T15:49:53" log="/home/karl/tmp/otp_tests/logs/xmerl_test_logs/ct_run.ct@devbox.2012-11-19_15.49.06/tests.xmerl_test.logs/run.2012-11-19_15.49.40/xmerl_sax_std_suite.not-wf-sa-149.html"></testcase><testcase group="testcases1.testcases2" name="not-wf-sa-150" time="0.004649" timestamp="2012-11-19T15:49:53" log="/home/karl/tmp/otp_tests/logs/xmerl_test_logs/ct_run.ct@devbox.2012-11-19_15.49.06/tests.xmerl_test.logs/run.2012-11-19_15.49.40/xmerl_sax_std_suite.not-wf-sa-150.html"></testcase><testcase group="testcases1.testcases2" name="not-wf-sa-151" time="0.002295" timestamp="2012-11-19T15:49:53" log="/home/karl/tmp/otp_tests/logs/xmerl_test_logs/ct_run.ct@devbox.2012-11-19_15.49.06/tests.xmerl_test.logs/run.2012-11-19_15.49.40/xmerl_sax_std_suite.not-wf-sa-151.html"></testcase><testcase group="testcases1.testcases2" name="not-wf-sa-152" time="0.002739" timestamp="2012-11-19T15:49:53" log="/home/karl/tmp/otp_tests/logs/xmerl_test_logs/ct_run.ct@devbox.2012-11-19_15.49.06/tests.xmerl_test.logs/run.2012-11-19_15.49.40/xmerl_sax_std_suite.not-wf-sa-152.html"></testcase><testcase group="testcases1.testcases2" name="not-wf-sa-153" time="0.004920" timestamp="2012-11-19T15:49:53" log="/home/karl/tmp/otp_tests/logs/xmerl_test_logs/ct_run.ct@devbox.2012-11-19_15.49.06/tests.xmerl_test.logs/run.2012-11-19_15.49.40/xmerl_sax_std_suite.not-wf-sa-153.html"></testcase><testcase group="testcases1.testcases2" name="not-wf-sa-154" time="0.002753" timestamp="2012-11-19T15:49:53" log="/home/karl/tmp/otp_tests/logs/xmerl_test_logs/ct_run.ct@devbox.2012-11-19_15.49.06/tests.xmerl_test.logs/run.2012-11-19_15.49.40/xmerl_sax_std_suite.not-wf-sa-154.html"></testcase><testcase group="testcases1.testcases2" name="not-wf-sa-155" time="0.002485" timestamp="2012-11-19T15:49:53" log="/home/karl/tmp/otp_tests/logs/xmerl_test_logs/ct_run.ct@devbox.2012-11-19_15.49.06/tests.xmerl_test.logs/run.2012-11-19_15.49.40/xmerl_sax_std_suite.not-wf-sa-155.html"></testcase><testcase group="testcases1.testcases2" name="not-wf-sa-156" time="0.002817" timestamp="2012-11-19T15:49:53" log="/home/karl/tmp/otp_tests/logs/xmerl_test_logs/ct_run.ct@devbox.2012-11-19_15.49.06/tests.xmerl_test.logs/run.2012-11-19_15.49.40/xmerl_sax_std_suite.not-wf-sa-156.html"></testcase><testcase group="testcases1.testcases2" name="not-wf-sa-157" time="0.002777" timestamp="2012-11-19T15:49:54" log="/home/karl/tmp/otp_tests/logs/xmerl_test_logs/ct_run.ct@devbox.2012-11-19_15.49.06/tests.xmerl_test.logs/run.2012-11-19_15.49.40/xmerl_sax_std_suite.not-wf-sa-157.html"></testcase><testcase group="testcases1.testcases2" name="not-wf-sa-158" time="0.003119" timestamp="2012-11-19T15:49:54" log="/home/karl/tmp/otp_tests/logs/xmerl_test_logs/ct_run.ct@devbox.2012-11-19_15.49.06/tests.xmerl_test.logs/run.2012-11-19_15.49.40/xmerl_sax_std_suite.not-wf-sa-158.html"></testcase><testcase group="testcases1.testcases2" name="not-wf-sa-159" time="0.002792" timestamp="2012-11-19T15:49:54" log="/home/karl/tmp/otp_tests/logs/xmerl_test_logs/ct_run.ct@devbox.2012-11-19_15.49.06/tests.xmerl_test.logs/run.2012-11-19_15.49.40/xmerl_sax_std_suite.not-wf-sa-159.html"></testcase><testcase group="testcases1.testcases2" name="not-wf-sa-160" time="0.003580" timestamp="2012-11-19T15:49:54" log="/home/karl/tmp/otp_tests/logs/xmerl_test_logs/ct_run.ct@devbox.2012-11-19_15.49.06/tests.xmerl_test.logs/run.2012-11-19_15.49.40/xmerl_sax_std_suite.not-wf-sa-160.html"></testcase><testcase group="testcases1.testcases2" name="not-wf-sa-161" time="0.003078" timestamp="2012-11-19T15:49:54" log="/home/karl/tmp/otp_tests/logs/xmerl_test_logs/ct_run.ct@devbox.2012-11-19_15.49.06/tests.xmerl_test.logs/run.2012-11-19_15.49.40/xmerl_sax_std_suite.not-wf-sa-161.html"><skipped type="skip" message="Test not-wf-sa-161 in xmerl_sax_std_SUITE skipped!">{tc_user_skip,{skipped,&quot;DTD element content parsing NYI&quot;}}</skipped></testcase><testcase group="testcases1.testcases2" name="not-wf-sa-162" time="0.006074" timestamp="2012-11-19T15:49:54" log="/home/karl/tmp/otp_tests/logs/xmerl_test_logs/ct_run.ct@devbox.2012-11-19_15.49.06/tests.xmerl_test.logs/run.2012-11-19_15.49.40/xmerl_sax_std_suite.not-wf-sa-162.html"></testcase><testcase group="testcases1.testcases2" name="not-wf-sa-163" time="0.007480" timestamp="2012-11-19T15:49:54" log="/home/karl/tmp/otp_tests/logs/xmerl_test_logs/ct_run.ct@devbox.2012-11-19_15.49.06/tests.xmerl_test.logs/run.2012-11-19_15.49.40/xmerl_sax_std_suite.not-wf-sa-163.html"></testcase><testcase group="testcases1.testcases2" name="not-wf-sa-164" time="0.002978" timestamp="2012-11-19T15:49:54" log="/home/karl/tmp/otp_tests/logs/xmerl_test_logs/ct_run.ct@devbox.2012-11-19_15.49.06/tests.xmerl_test.logs/run.2012-11-19_15.49.40/xmerl_sax_std_suite.not-wf-sa-164.html"></testcase><testcase group="testcases1.testcases2" name="not-wf-sa-165" time="0.003037" timestamp="2012-11-19T15:49:54" log="/home/karl/tmp/otp_tests/logs/xmerl_test_logs/ct_run.ct@devbox.2012-11-19_15.49.06/tests.xmerl_test.logs/run.2012-11-19_15.49.40/xmerl_sax_std_suite.not-wf-sa-165.html"></testcase><testcase group="testcases1.testcases2" name="not-wf-sa-166" time="0.003988" timestamp="2012-11-19T15:49:54" log="/home/karl/tmp/otp_tests/logs/xmerl_test_logs/ct_run.ct@devbox.2012-11-19_15.49.06/tests.xmerl_test.logs/run.2012-11-19_15.49.40/xmerl_sax_std_suite.not-wf-sa-166.html"></testcase><testcase group="testcases1.testcases2" name="not-wf-sa-167" time="0.004491" timestamp="2012-11-19T15:49:54" log="/home/karl/tmp/otp_tests/logs/xmerl_test_logs/ct_run.ct@devbox.2012-11-19_15.49.06/tests.xmerl_test.logs/run.2012-11-19_15.49.40/xmerl_sax_std_suite.not-wf-sa-167.html"></testcase><testcase group="testcases1.testcases2" name="not-wf-sa-168" time="0.003326" timestamp="2012-11-19T15:49:54" log="/home/karl/tmp/otp_tests/logs/xmerl_test_logs/ct_run.ct@devbox.2012-11-19_15.49.06/tests.xmerl_test.logs/run.2012-11-19_15.49.40/xmerl_sax_std_suite.not-wf-sa-168.html"></testcase><testcase group="testcases1.testcases2" name="not-wf-sa-169" time="0.003632" timestamp="2012-11-19T15:49:54" log="/home/karl/tmp/otp_tests/logs/xmerl_test_logs/ct_run.ct@devbox.2012-11-19_15.49.06/tests.xmerl_test.logs/run.2012-11-19_15.49.40/xmerl_sax_std_suite.not-wf-sa-169.html"></testcase><testcase group="testcases1.testcases2" name="not-wf-sa-170" time="0.003834" timestamp="2012-11-19T15:49:54" log="/home/karl/tmp/otp_tests/logs/xmerl_test_logs/ct_run.ct@devbox.2012-11-19_15.49.06/tests.xmerl_test.logs/run.2012-11-19_15.49.40/xmerl_sax_std_suite.not-wf-sa-170.html"></testcase><testcase group="testcases1.testcases2" name="not-wf-sa-171" time="0.003708" timestamp="2012-11-19T15:49:54" log="/home/karl/tmp/otp_tests/logs/xmerl_test_logs/ct_run.ct@devbox.2012-11-19_15.49.06/tests.xmerl_test.logs/run.2012-11-19_15.49.40/xmerl_sax_std_suite.not-wf-sa-171.html"></testcase><testcase group="testcases1.testcases2" name="not-wf-sa-172" time="0.003168" timestamp="2012-11-19T15:49:54" log="/home/karl/tmp/otp_tests/logs/xmerl_test_logs/ct_run.ct@devbox.2012-11-19_15.49.06/tests.xmerl_test.logs/run.2012-11-19_15.49.40/xmerl_sax_std_suite.not-wf-sa-172.html"></testcase><testcase group="testcases1.testcases2" name="not-wf-sa-173" time="0.003841" timestamp="2012-11-19T15:49:54" log="/home/karl/tmp/otp_tests/logs/xmerl_test_logs/ct_run.ct@devbox.2012-11-19_15.49.06/tests.xmerl_test.logs/run.2012-11-19_15.49.40/xmerl_sax_std_suite.not-wf-sa-173.html"></testcase><testcase group="testcases1.testcases2" name="not-wf-sa-174" time="0.003116" timestamp="2012-11-19T15:49:54" log="/home/karl/tmp/otp_tests/logs/xmerl_test_logs/ct_run.ct@devbox.2012-11-19_15.49.06/tests.xmerl_test.logs/run.2012-11-19_15.49.40/xmerl_sax_std_suite.not-wf-sa-174.html"></testcase><testcase group="testcases1.testcases2" name="not-wf-sa-175" time="0.004109" timestamp="2012-11-19T15:49:54" log="/home/karl/tmp/otp_tests/logs/xmerl_test_logs/ct_run.ct@devbox.2012-11-19_15.49.06/tests.xmerl_test.logs/run.2012-11-19_15.49.40/xmerl_sax_std_suite.not-wf-sa-175.html"></testcase><testcase group="testcases1.testcases2" name="not-wf-sa-176" time="0.003665" timestamp="2012-11-19T15:49:54" log="/home/karl/tmp/otp_tests/logs/xmerl_test_logs/ct_run.ct@devbox.2012-11-19_15.49.06/tests.xmerl_test.logs/run.2012-11-19_15.49.40/xmerl_sax_std_suite.not-wf-sa-176.html"></testcase><testcase group="testcases1.testcases2" name="not-wf-sa-177" time="0.006385" timestamp="2012-11-19T15:49:54" log="/home/karl/tmp/otp_tests/logs/xmerl_test_logs/ct_run.ct@devbox.2012-11-19_15.49.06/tests.xmerl_test.logs/run.2012-11-19_15.49.40/xmerl_sax_std_suite.not-wf-sa-177.html"></testcase><testcase group="testcases1.testcases2" name="not-wf-sa-178" time="0.004964" timestamp="2012-11-19T15:49:54" log="/home/karl/tmp/otp_tests/logs/xmerl_test_logs/ct_run.ct@devbox.2012-11-19_15.49.06/tests.xmerl_test.logs/run.2012-11-19_15.49.40/xmerl_sax_std_suite.not-wf-sa-178.html"></testcase><testcase group="testcases1.testcases2" name="not-wf-sa-179" time="0.002579" timestamp="2012-11-19T15:49:54" log="/home/karl/tmp/otp_tests/logs/xmerl_test_logs/ct_run.ct@devbox.2012-11-19_15.49.06/tests.xmerl_test.logs/run.2012-11-19_15.49.40/xmerl_sax_std_suite.not-wf-sa-179.html"></testcase><testcase group="testcases1.testcases2" name="not-wf-sa-180" time="0.004003" timestamp="2012-11-19T15:49:54" log="/home/karl/tmp/otp_tests/logs/xmerl_test_logs/ct_run.ct@devbox.2012-11-19_15.49.06/tests.xmerl_test.logs/run.2012-11-19_15.49.40/xmerl_sax_std_suite.not-wf-sa-180.html"></testcase><testcase group="testcases1.testcases2" name="not-wf-sa-181" time="0.002407" timestamp="2012-11-19T15:49:54" log="/home/karl/tmp/otp_tests/logs/xmerl_test_logs/ct_run.ct@devbox.2012-11-19_15.49.06/tests.xmerl_test.logs/run.2012-11-19_15.49.40/xmerl_sax_std_suite.not-wf-sa-181.html"><skipped type="skip" message="Test not-wf-sa-181 in xmerl_sax_std_SUITE skipped!">{tc_user_skip,{skipped,&quot;Entity not tag pair NYI&quot;}}</skipped></testcase><testcase group="testcases1.testcases2" name="not-wf-sa-182" time="0.002957" timestamp="2012-11-19T15:49:54" log="/home/karl/tmp/otp_tests/logs/xmerl_test_logs/ct_run.ct@devbox.2012-11-19_15.49.06/tests.xmerl_test.logs/run.2012-11-19_15.49.40/xmerl_sax_std_suite.not-wf-sa-182.html"><skipped type="skip" message="Test not-wf-sa-182 in xmerl_sax_std_SUITE skipped!">{tc_user_skip,{skipped,&quot;Entity not tag pair NYI&quot;}}</skipped></testcase><testcase group="testcases1.testcases2" name="not-wf-sa-183" time="0.010773" timestamp="2012-11-19T15:49:54" log="/home/karl/tmp/otp_tests/logs/xmerl_test_logs/ct_run.ct@devbox.2012-11-19_15.49.06/tests.xmerl_test.logs/run.2012-11-19_15.49.40/xmerl_sax_std_suite.not-wf-sa-183.html"><skipped type="skip" message="Test not-wf-sa-183 in xmerl_sax_std_SUITE skipped!">{tc_user_skip,{skipped,&quot;DTD element content parsing NYI&quot;}}</skipped></testcase><testcase group="testcases1.testcases2" name="not-wf-sa-184" time="0.002735" timestamp="2012-11-19T15:49:54" log="/home/karl/tmp/otp_tests/logs/xmerl_test_logs/ct_run.ct@devbox.2012-11-19_15.49.06/tests.xmerl_test.logs/run.2012-11-19_15.49.40/xmerl_sax_std_suite.not-wf-sa-184.html"><skipped type="skip" message="Test not-wf-sa-184 in xmerl_sax_std_SUITE skipped!">{tc_user_skip,{skipped,&quot;DTD element content parsing NYI&quot;}}</skipped></testcase><testcase group="testcases1.testcases2" name="not-wf-sa-185" time="0.005447" timestamp="2012-11-19T15:49:54" log="/home/karl/tmp/otp_tests/logs/xmerl_test_logs/ct_run.ct@devbox.2012-11-19_15.49.06/tests.xmerl_test.logs/run.2012-11-19_15.49.40/xmerl_sax_std_suite.not-wf-sa-185.html"></testcase><testcase group="testcases1.testcases2" name="not-wf-sa-186" time="0.010634" timestamp="2012-11-19T15:49:54" log="/home/karl/tmp/otp_tests/logs/xmerl_test_logs/ct_run.ct@devbox.2012-11-19_15.49.06/tests.xmerl_test.logs/run.2012-11-19_15.49.40/xmerl_sax_std_suite.not-wf-sa-186.html"><skipped type="skip" message="Test not-wf-sa-186 in xmerl_sax_std_SUITE skipped!">{tc_user_skip,{skipped,&quot;Fix 2&quot;}}</skipped></testcase><testcase group="testcases1.testcases2" name="not-wf-not-sa-001" time="0.008196" timestamp="2012-11-19T15:49:55" log="/home/karl/tmp/otp_tests/logs/xmerl_test_logs/ct_run.ct@devbox.2012-11-19_15.49.06/tests.xmerl_test.logs/run.2012-11-19_15.49.40/xmerl_sax_std_suite.not-wf-not-sa-001.html"></testcase><testcase group="testcases1.testcases2" name="not-wf-not-sa-002" time="0.015259" timestamp="2012-11-19T15:49:55" log="/home/karl/tmp/otp_tests/logs/xmerl_test_logs/ct_run.ct@devbox.2012-11-19_15.49.06/tests.xmerl_test.logs/run.2012-11-19_15.49.40/xmerl_sax_std_suite.not-wf-not-sa-002.html"></testcase><testcase group="testcases1.testcases2" name="not-wf-not-sa-003" time="0.004178" timestamp="2012-11-19T15:49:55" log="/home/karl/tmp/otp_tests/logs/xmerl_test_logs/ct_run.ct@devbox.2012-11-19_15.49.06/tests.xmerl_test.logs/run.2012-11-19_15.49.40/xmerl_sax_std_suite.not-wf-not-sa-003.html"></testcase><testcase group="testcases1.testcases2" name="not-wf-not-sa-004" time="0.003771" timestamp="2012-11-19T15:49:55" log="/home/karl/tmp/otp_tests/logs/xmerl_test_logs/ct_run.ct@devbox.2012-11-19_15.49.06/tests.xmerl_test.logs/run.2012-11-19_15.49.40/xmerl_sax_std_suite.not-wf-not-sa-004.html"></testcase><testcase group="testcases1.testcases2" name="not-wf-not-sa-005" time="0.005401" timestamp="2012-11-19T15:49:55" log="/home/karl/tmp/otp_tests/logs/xmerl_test_logs/ct_run.ct@devbox.2012-11-19_15.49.06/tests.xmerl_test.logs/run.2012-11-19_15.49.40/xmerl_sax_std_suite.not-wf-not-sa-005.html"></testcase><testcase group="testcases1.testcases2" name="not-wf-not-sa-006" time="0.004529" timestamp="2012-11-19T15:49:55" log="/home/karl/tmp/otp_tests/logs/xmerl_test_logs/ct_run.ct@devbox.2012-11-19_15.49.06/tests.xmerl_test.logs/run.2012-11-19_15.49.40/xmerl_sax_std_suite.not-wf-not-sa-006.html"></testcase><testcase group="testcases1.testcases2" name="not-wf-not-sa-007" time="0.004701" timestamp="2012-11-19T15:49:55" log="/home/karl/tmp/otp_tests/logs/xmerl_test_logs/ct_run.ct@devbox.2012-11-19_15.49.06/tests.xmerl_test.logs/run.2012-11-19_15.49.40/xmerl_sax_std_suite.not-wf-not-sa-007.html"></testcase><testcase group="testcases1.testcases2" name="not-wf-not-sa-008" time="0.004373" timestamp="2012-11-19T15:49:55" log="/home/karl/tmp/otp_tests/logs/xmerl_test_logs/ct_run.ct@devbox.2012-11-19_15.49.06/tests.xmerl_test.logs/run.2012-11-19_15.49.40/xmerl_sax_std_suite.not-wf-not-sa-008.html"></testcase><testcase group="testcases1.testcases2" name="not-wf-not-sa-009" time="0.003595" timestamp="2012-11-19T15:49:55" log="/home/karl/tmp/otp_tests/logs/xmerl_test_logs/ct_run.ct@devbox.2012-11-19_15.49.06/tests.xmerl_test.logs/run.2012-11-19_15.49.40/xmerl_sax_std_suite.not-wf-not-sa-009.html"><skipped type="skip" message="Test not-wf-not-sa-009 in xmerl_sax_std_SUITE skipped!">{tc_user_skip,{skipped,&quot;not a complete content in PE NYI&quot;}}</skipped></testcase><testcase group="testcases1.testcases2" name="not-wf-ext-sa-001" time="0.005758" timestamp="2012-11-19T15:49:55" log="/home/karl/tmp/otp_tests/logs/xmerl_test_logs/ct_run.ct@devbox.2012-11-19_15.49.06/tests.xmerl_test.logs/run.2012-11-19_15.49.40/xmerl_sax_std_suite.not-wf-ext-sa-001.html"><skipped type="skip" message="Test not-wf-ext-sa-001 in xmerl_sax_std_SUITE skipped!">{tc_user_skip,{skipped,&quot;Fix 1&quot;}}</skipped></testcase><testcase group="testcases1.testcases2" name="not-wf-ext-sa-002" time="0.018333" timestamp="2012-11-19T15:49:55" log="/home/karl/tmp/otp_tests/logs/xmerl_test_logs/ct_run.ct@devbox.2012-11-19_15.49.06/tests.xmerl_test.logs/run.2012-11-19_15.49.40/xmerl_sax_std_suite.not-wf-ext-sa-002.html"><skipped type="skip" message="Test not-wf-ext-sa-002 in xmerl_sax_std_SUITE skipped!">{tc_user_skip,{skipped,&quot;Fix 1&quot;}}</skipped></testcase><testcase group="testcases1.testcases2" name="not-wf-ext-sa-003" time="0.005387" timestamp="2012-11-19T15:49:55" log="/home/karl/tmp/otp_tests/logs/xmerl_test_logs/ct_run.ct@devbox.2012-11-19_15.49.06/tests.xmerl_test.logs/run.2012-11-19_15.49.40/xmerl_sax_std_suite.not-wf-ext-sa-003.html"><skipped type="skip" message="Test not-wf-ext-sa-003 in xmerl_sax_std_SUITE skipped!">{tc_user_skip,{skipped,&quot;Fix 1&quot;}}</skipped></testcase><testcase group="testcases1.testcases2" name="invalid--002" time="0.005431" timestamp="2012-11-19T15:49:55" log="/home/karl/tmp/otp_tests/logs/xmerl_test_logs/ct_run.ct@devbox.2012-11-19_15.49.06/tests.xmerl_test.logs/run.2012-11-19_15.49.40/xmerl_sax_std_suite.invalid--002.html"></testcase><testcase group="testcases1.testcases2" name="invalid--005" time="0.004709" timestamp="2012-11-19T15:49:55" log="/home/karl/tmp/otp_tests/logs/xmerl_test_logs/ct_run.ct@devbox.2012-11-19_15.49.06/tests.xmerl_test.logs/run.2012-11-19_15.49.40/xmerl_sax_std_suite.invalid--005.html"></testcase><testcase group="testcases1.testcases2" name="invalid--006" time="0.005717" timestamp="2012-11-19T15:49:55" log="/home/karl/tmp/otp_tests/logs/xmerl_test_logs/ct_run.ct@devbox.2012-11-19_15.49.06/tests.xmerl_test.logs/run.2012-11-19_15.49.40/xmerl_sax_std_suite.invalid--006.html"></testcase><testcase group="testcases1.testcases2" name="invalid-not-sa-022" time="0.004126" timestamp="2012-11-19T15:49:55" log="/home/karl/tmp/otp_tests/logs/xmerl_test_logs/ct_run.ct@devbox.2012-11-19_15.49.06/tests.xmerl_test.logs/run.2012-11-19_15.49.40/xmerl_sax_std_suite.invalid-not-sa-022.html"><skipped type="skip" message="Test invalid-not-sa-022 in xmerl_sax_std_SUITE skipped!">{tc_user_skip,{skipped,&quot;DTD element content parsing NYI&quot;}}</skipped></testcase><testcase group="testcases1.testcases2" name="valid-sa-001" time="0.006530" timestamp="2012-11-19T15:49:55" log="/home/karl/tmp/otp_tests/logs/xmerl_test_logs/ct_run.ct@devbox.2012-11-19_15.49.06/tests.xmerl_test.logs/run.2012-11-19_15.49.40/xmerl_sax_std_suite.valid-sa-001.html"></testcase><testcase group="testcases1.testcases2" name="valid-sa-002" time="0.008686" timestamp="2012-11-19T15:49:55" log="/home/karl/tmp/otp_tests/logs/xmerl_test_logs/ct_run.ct@devbox.2012-11-19_15.49.06/tests.xmerl_test.logs/run.2012-11-19_15.49.40/xmerl_sax_std_suite.valid-sa-002.html"></testcase><testcase group="testcases1.testcases2" name="valid-sa-003" time="0.006436" timestamp="2012-11-19T15:49:55" log="/home/karl/tmp/otp_tests/logs/xmerl_test_logs/ct_run.ct@devbox.2012-11-19_15.49.06/tests.xmerl_test.logs/run.2012-11-19_15.49.40/xmerl_sax_std_suite.valid-sa-003.html"></testcase><testcase group="testcases1.testcases2" name="valid-sa-004" time="0.004496" timestamp="2012-11-19T15:49:55" log="/home/karl/tmp/otp_tests/logs/xmerl_test_logs/ct_run.ct@devbox.2012-11-19_15.49.06/tests.xmerl_test.logs/run.2012-11-19_15.49.40/xmerl_sax_std_suite.valid-sa-004.html"></testcase><testcase group="testcases1.testcases2" name="valid-sa-005" time="0.004676" timestamp="2012-11-19T15:49:55" log="/home/karl/tmp/otp_tests/logs/xmerl_test_logs/ct_run.ct@devbox.2012-11-19_15.49.06/tests.xmerl_test.logs/run.2012-11-19_15.49.40/xmerl_sax_std_suite.valid-sa-005.html"></testcase><testcase group="testcases1.testcases2" name="valid-sa-006" time="0.004841" timestamp="2012-11-19T15:49:55" log="/home/karl/tmp/otp_tests/logs/xmerl_test_logs/ct_run.ct@devbox.2012-11-19_15.49.06/tests.xmerl_test.logs/run.2012-11-19_15.49.40/xmerl_sax_std_suite.valid-sa-006.html"></testcase><testcase group="testcases1.testcases2" name="valid-sa-007" time="0.003658" timestamp="2012-11-19T15:49:55" log="/home/karl/tmp/otp_tests/logs/xmerl_test_logs/ct_run.ct@devbox.2012-11-19_15.49.06/tests.xmerl_test.logs/run.2012-11-19_15.49.40/xmerl_sax_std_suite.valid-sa-007.html"></testcase><testcase group="testcases1.testcases2" name="valid-sa-008" time="0.005621" timestamp="2012-11-19T15:49:55" log="/home/karl/tmp/otp_tests/logs/xmerl_test_logs/ct_run.ct@devbox.2012-11-19_15.49.06/tests.xmerl_test.logs/run.2012-11-19_15.49.40/xmerl_sax_std_suite.valid-sa-008.html"></testcase><testcase group="testcases1.testcases2" name="valid-sa-009" time="0.005288" timestamp="2012-11-19T15:49:55" log="/home/karl/tmp/otp_tests/logs/xmerl_test_logs/ct_run.ct@devbox.2012-11-19_15.49.06/tests.xmerl_test.logs/run.2012-11-19_15.49.40/xmerl_sax_std_suite.valid-sa-009.html"></testcase><testcase group="testcases1.testcases2" name="valid-sa-010" time="0.005294" timestamp="2012-11-19T15:49:55" log="/home/karl/tmp/otp_tests/logs/xmerl_test_logs/ct_run.ct@devbox.2012-11-19_15.49.06/tests.xmerl_test.logs/run.2012-11-19_15.49.40/xmerl_sax_std_suite.valid-sa-010.html"></testcase><testcase group="testcases1.testcases2" name="valid-sa-011" time="0.004393" timestamp="2012-11-19T15:49:55" log="/home/karl/tmp/otp_tests/logs/xmerl_test_logs/ct_run.ct@devbox.2012-11-19_15.49.06/tests.xmerl_test.logs/run.2012-11-19_15.49.40/xmerl_sax_std_suite.valid-sa-011.html"></testcase><testcase group="testcases1.testcases2" name="valid-sa-012" time="0.004237" timestamp="2012-11-19T15:49:56" log="/home/karl/tmp/otp_tests/logs/xmerl_test_logs/ct_run.ct@devbox.2012-11-19_15.49.06/tests.xmerl_test.logs/run.2012-11-19_15.49.40/xmerl_sax_std_suite.valid-sa-012.html"><skipped type="skip" message="Test valid-sa-012 in xmerl_sax_std_SUITE skipped!">{tc_user_skip,{skipped,&quot;Fix 1&quot;}}</skipped></testcase><testcase group="testcases1.testcases2" name="valid-sa-013" time="0.009525" timestamp="2012-11-19T15:49:56" log="/home/karl/tmp/otp_tests/logs/xmerl_test_logs/ct_run.ct@devbox.2012-11-19_15.49.06/tests.xmerl_test.logs/run.2012-11-19_15.49.40/xmerl_sax_std_suite.valid-sa-013.html"></testcase><testcase group="testcases1.testcases2" name="valid-sa-014" time="0.004078" timestamp="2012-11-19T15:49:56" log="/home/karl/tmp/otp_tests/logs/xmerl_test_logs/ct_run.ct@devbox.2012-11-19_15.49.06/tests.xmerl_test.logs/run.2012-11-19_15.49.40/xmerl_sax_std_suite.valid-sa-014.html"></testcase><testcase group="testcases1.testcases2" name="valid-sa-015" time="0.005186" timestamp="2012-11-19T15:49:56" log="/home/karl/tmp/otp_tests/logs/xmerl_test_logs/ct_run.ct@devbox.2012-11-19_15.49.06/tests.xmerl_test.logs/run.2012-11-19_15.49.40/xmerl_sax_std_suite.valid-sa-015.html"></testcase><testcase group="testcases1.testcases2" name="valid-sa-016" time="0.005460" timestamp="2012-11-19T15:49:56" log="/home/karl/tmp/otp_tests/logs/xmerl_test_logs/ct_run.ct@devbox.2012-11-19_15.49.06/tests.xmerl_test.logs/run.2012-11-19_15.49.40/xmerl_sax_std_suite.valid-sa-016.html"></testcase><testcase group="testcases1.testcases2" name="valid-sa-017" time="0.004548" timestamp="2012-11-19T15:49:56" log="/home/karl/tmp/otp_tests/logs/xmerl_test_logs/ct_run.ct@devbox.2012-11-19_15.49.06/tests.xmerl_test.logs/run.2012-11-19_15.49.40/xmerl_sax_std_suite.valid-sa-017.html"></testcase><testcase group="testcases1.testcases2" name="valid-sa-018" time="0.004628" timestamp="2012-11-19T15:49:56" log="/home/karl/tmp/otp_tests/logs/xmerl_test_logs/ct_run.ct@devbox.2012-11-19_15.49.06/tests.xmerl_test.logs/run.2012-11-19_15.49.40/xmerl_sax_std_suite.valid-sa-018.html"></testcase><testcase group="testcases1.testcases2" name="valid-sa-019" time="0.006033" timestamp="2012-11-19T15:49:56" log="/home/karl/tmp/otp_tests/logs/xmerl_test_logs/ct_run.ct@devbox.2012-11-19_15.49.06/tests.xmerl_test.logs/run.2012-11-19_15.49.40/xmerl_sax_std_suite.valid-sa-019.html"></testcase><testcase group="testcases1.testcases2" name="valid-sa-020" time="0.003819" timestamp="2012-11-19T15:49:56" log="/home/karl/tmp/otp_tests/logs/xmerl_test_logs/ct_run.ct@devbox.2012-11-19_15.49.06/tests.xmerl_test.logs/run.2012-11-19_15.49.40/xmerl_sax_std_suite.valid-sa-020.html"></testcase><testcase group="testcases1.testcases2" name="valid-sa-021" time="0.004246" timestamp="2012-11-19T15:49:56" log="/home/karl/tmp/otp_tests/logs/xmerl_test_logs/ct_run.ct@devbox.2012-11-19_15.49.06/tests.xmerl_test.logs/run.2012-11-19_15.49.40/xmerl_sax_std_suite.valid-sa-021.html"></testcase><testcase group="testcases1.testcases2" name="valid-sa-022" time="0.005912" timestamp="2012-11-19T15:49:56" log="/home/karl/tmp/otp_tests/logs/xmerl_test_logs/ct_run.ct@devbox.2012-11-19_15.49.06/tests.xmerl_test.logs/run.2012-11-19_15.49.40/xmerl_sax_std_suite.valid-sa-022.html"></testcase><testcase group="testcases1.testcases2" name="valid-sa-023" time="0.006453" timestamp="2012-11-19T15:49:56" log="/home/karl/tmp/otp_tests/logs/xmerl_test_logs/ct_run.ct@devbox.2012-11-19_15.49.06/tests.xmerl_test.logs/run.2012-11-19_15.49.40/xmerl_sax_std_suite.valid-sa-023.html"></testcase><testcase group="testcases1.testcases2" name="valid-sa-024" time="0.004873" timestamp="2012-11-19T15:49:56" log="/home/karl/tmp/otp_tests/logs/xmerl_test_logs/ct_run.ct@devbox.2012-11-19_15.49.06/tests.xmerl_test.logs/run.2012-11-19_15.49.40/xmerl_sax_std_suite.valid-sa-024.html"></testcase><testcase group="testcases1.testcases2" name="valid-sa-025" time="0.005147" timestamp="2012-11-19T15:49:56" log="/home/karl/tmp/otp_tests/logs/xmerl_test_logs/ct_run.ct@devbox.2012-11-19_15.49.06/tests.xmerl_test.logs/run.2012-11-19_15.49.40/xmerl_sax_std_suite.valid-sa-025.html"></testcase><testcase group="testcases1.testcases2" name="valid-sa-026" time="0.004735" timestamp="2012-11-19T15:49:56" log="/home/karl/tmp/otp_tests/logs/xmerl_test_logs/ct_run.ct@devbox.2012-11-19_15.49.06/tests.xmerl_test.logs/run.2012-11-19_15.49.40/xmerl_sax_std_suite.valid-sa-026.html"></testcase><testcase group="testcases1.testcases2" name="valid-sa-027" time="0.004677" timestamp="2012-11-19T15:49:56" log="/home/karl/tmp/otp_tests/logs/xmerl_test_logs/ct_run.ct@devbox.2012-11-19_15.49.06/tests.xmerl_test.logs/run.2012-11-19_15.49.40/xmerl_sax_std_suite.valid-sa-027.html"></testcase><testcase group="testcases1.testcases2" name="valid-sa-028" time="0.006654" timestamp="2012-11-19T15:49:56" log="/home/karl/tmp/otp_tests/logs/xmerl_test_logs/ct_run.ct@devbox.2012-11-19_15.49.06/tests.xmerl_test.logs/run.2012-11-19_15.49.40/xmerl_sax_std_suite.valid-sa-028.html"></testcase><testcase group="testcases1.testcases2" name="valid-sa-029" time="0.004362" timestamp="2012-11-19T15:49:56" log="/home/karl/tmp/otp_tests/logs/xmerl_test_logs/ct_run.ct@devbox.2012-11-19_15.49.06/tests.xmerl_test.logs/run.2012-11-19_15.49.40/xmerl_sax_std_suite.valid-sa-029.html"></testcase><testcase group="testcases1.testcases2" name="valid-sa-030" time="0.005062" timestamp="2012-11-19T15:49:56" log="/home/karl/tmp/otp_tests/logs/xmerl_test_logs/ct_run.ct@devbox.2012-11-19_15.49.06/tests.xmerl_test.logs/run.2012-11-19_15.49.40/xmerl_sax_std_suite.valid-sa-030.html"></testcase><testcase group="testcases1.testcases2" name="valid-sa-031" time="0.006334" timestamp="2012-11-19T15:49:56" log="/home/karl/tmp/otp_tests/logs/xmerl_test_logs/ct_run.ct@devbox.2012-11-19_15.49.06/tests.xmerl_test.logs/run.2012-11-19_15.49.40/xmerl_sax_std_suite.valid-sa-031.html"></testcase><testcase group="testcases1.testcases2" name="valid-sa-032" time="0.004813" timestamp="2012-11-19T15:49:56" log="/home/karl/tmp/otp_tests/logs/xmerl_test_logs/ct_run.ct@devbox.2012-11-19_15.49.06/tests.xmerl_test.logs/run.2012-11-19_15.49.40/xmerl_sax_std_suite.valid-sa-032.html"></testcase><testcase group="testcases1.testcases2" name="valid-sa-033" time="0.005328" timestamp="2012-11-19T15:49:56" log="/home/karl/tmp/otp_tests/logs/xmerl_test_logs/ct_run.ct@devbox.2012-11-19_15.49.06/tests.xmerl_test.logs/run.2012-11-19_15.49.40/xmerl_sax_std_suite.valid-sa-033.html"></testcase><testcase group="testcases1.testcases2" name="valid-sa-034" time="0.005570" timestamp="2012-11-19T15:49:56" log="/home/karl/tmp/otp_tests/logs/xmerl_test_logs/ct_run.ct@devbox.2012-11-19_15.49.06/tests.xmerl_test.logs/run.2012-11-19_15.49.40/xmerl_sax_std_suite.valid-sa-034.html"></testcase><testcase group="testcases1.testcases2" name="valid-sa-035" time="0.004219" timestamp="2012-11-19T15:49:56" log="/home/karl/tmp/otp_tests/logs/xmerl_test_logs/ct_run.ct@devbox.2012-11-19_15.49.06/tests.xmerl_test.logs/run.2012-11-19_15.49.40/xmerl_sax_std_suite.valid-sa-035.html"></testcase><testcase group="testcases1.testcases2" name="valid-sa-036" time="0.005788" timestamp="2012-11-19T15:49:56" log="/home/karl/tmp/otp_tests/logs/xmerl_test_logs/ct_run.ct@devbox.2012-11-19_15.49.06/tests.xmerl_test.logs/run.2012-11-19_15.49.40/xmerl_sax_std_suite.valid-sa-036.html"></testcase><testcase group="testcases1.testcases2" name="valid-sa-037" time="0.006068" timestamp="2012-11-19T15:49:56" log="/home/karl/tmp/otp_tests/logs/xmerl_test_logs/ct_run.ct@devbox.2012-11-19_15.49.06/tests.xmerl_test.logs/run.2012-11-19_15.49.40/xmerl_sax_std_suite.valid-sa-037.html"></testcase><testcase group="testcases1.testcases2" name="valid-sa-038" time="0.004018" timestamp="2012-11-19T15:49:56" log="/home/karl/tmp/otp_tests/logs/xmerl_test_logs/ct_run.ct@devbox.2012-11-19_15.49.06/tests.xmerl_test.logs/run.2012-11-19_15.49.40/xmerl_sax_std_suite.valid-sa-038.html"></testcase><testcase group="testcases1.testcases2" name="valid-sa-039" time="0.005048" timestamp="2012-11-19T15:49:56" log="/home/karl/tmp/otp_tests/logs/xmerl_test_logs/ct_run.ct@devbox.2012-11-19_15.49.06/tests.xmerl_test.logs/run.2012-11-19_15.49.40/xmerl_sax_std_suite.valid-sa-039.html"></testcase><testcase group="testcases1.testcases2" name="valid-sa-040" time="0.004857" timestamp="2012-11-19T15:49:56" log="/home/karl/tmp/otp_tests/logs/xmerl_test_logs/ct_run.ct@devbox.2012-11-19_15.49.06/tests.xmerl_test.logs/run.2012-11-19_15.49.40/xmerl_sax_std_suite.valid-sa-040.html"></testcase><testcase group="testcases1.testcases2" name="valid-sa-041" time="0.003136" timestamp="2012-11-19T15:49:56" log="/home/karl/tmp/otp_tests/logs/xmerl_test_logs/ct_run.ct@devbox.2012-11-19_15.49.06/tests.xmerl_test.logs/run.2012-11-19_15.49.40/xmerl_sax_std_suite.valid-sa-041.html"></testcase><testcase group="testcases1.testcases2" name="valid-sa-042" time="0.003443" timestamp="2012-11-19T15:49:57" log="/home/karl/tmp/otp_tests/logs/xmerl_test_logs/ct_run.ct@devbox.2012-11-19_15.49.06/tests.xmerl_test.logs/run.2012-11-19_15.49.40/xmerl_sax_std_suite.valid-sa-042.html"></testcase><testcase group="testcases1.testcases2" name="valid-sa-043" time="0.005848" timestamp="2012-11-19T15:49:57" log="/home/karl/tmp/otp_tests/logs/xmerl_test_logs/ct_run.ct@devbox.2012-11-19_15.49.06/tests.xmerl_test.logs/run.2012-11-19_15.49.40/xmerl_sax_std_suite.valid-sa-043.html"></testcase><testcase group="testcases1.testcases2" name="valid-sa-044" time="0.003238" timestamp="2012-11-19T15:49:57" log="/home/karl/tmp/otp_tests/logs/xmerl_test_logs/ct_run.ct@devbox.2012-11-19_15.49.06/tests.xmerl_test.logs/run.2012-11-19_15.49.40/xmerl_sax_std_suite.valid-sa-044.html"></testcase><testcase group="testcases1.testcases2" name="valid-sa-045" time="0.004798" timestamp="2012-11-19T15:49:57" log="/home/karl/tmp/otp_tests/logs/xmerl_test_logs/ct_run.ct@devbox.2012-11-19_15.49.06/tests.xmerl_test.logs/run.2012-11-19_15.49.40/xmerl_sax_std_suite.valid-sa-045.html"></testcase><testcase group="testcases1.testcases2" name="valid-sa-046" time="0.004485" timestamp="2012-11-19T15:49:57" log="/home/karl/tmp/otp_tests/logs/xmerl_test_logs/ct_run.ct@devbox.2012-11-19_15.49.06/tests.xmerl_test.logs/run.2012-11-19_15.49.40/xmerl_sax_std_suite.valid-sa-046.html"></testcase><testcase group="testcases1.testcases2" name="valid-sa-047" time="0.004074" timestamp="2012-11-19T15:49:57" log="/home/karl/tmp/otp_tests/logs/xmerl_test_logs/ct_run.ct@devbox.2012-11-19_15.49.06/tests.xmerl_test.logs/run.2012-11-19_15.49.40/xmerl_sax_std_suite.valid-sa-047.html"></testcase><testcase group="testcases1.testcases2" name="valid-sa-048" time="0.003009" timestamp="2012-11-19T15:49:57" log="/home/karl/tmp/otp_tests/logs/xmerl_test_logs/ct_run.ct@devbox.2012-11-19_15.49.06/tests.xmerl_test.logs/run.2012-11-19_15.49.40/xmerl_sax_std_suite.valid-sa-048.html"></testcase><testcase group="testcases1.testcases2" name="valid-sa-049" time="0.003622" timestamp="2012-11-19T15:49:57" log="/home/karl/tmp/otp_tests/logs/xmerl_test_logs/ct_run.ct@devbox.2012-11-19_15.49.06/tests.xmerl_test.logs/run.2012-11-19_15.49.40/xmerl_sax_std_suite.valid-sa-049.html"></testcase><testcase group="testcases1.testcases2" name="valid-sa-050" time="0.003086" timestamp="2012-11-19T15:49:57" log="/home/karl/tmp/otp_tests/logs/xmerl_test_logs/ct_run.ct@devbox.2012-11-19_15.49.06/tests.xmerl_test.logs/run.2012-11-19_15.49.40/xmerl_sax_std_suite.valid-sa-050.html"></testcase><testcase group="testcases1.testcases2" name="valid-sa-051" time="0.003938" timestamp="2012-11-19T15:49:57" log="/home/karl/tmp/otp_tests/logs/xmerl_test_logs/ct_run.ct@devbox.2012-11-19_15.49.06/tests.xmerl_test.logs/run.2012-11-19_15.49.40/xmerl_sax_std_suite.valid-sa-051.html"></testcase><testcase group="testcases1.testcases2" name="valid-sa-052" time="0.003641" timestamp="2012-11-19T15:49:57" log="/home/karl/tmp/otp_tests/logs/xmerl_test_logs/ct_run.ct@devbox.2012-11-19_15.49.06/tests.xmerl_test.logs/run.2012-11-19_15.49.40/xmerl_sax_std_suite.valid-sa-052.html"></testcase><testcase group="testcases1.testcases2" name="valid-sa-053" time="0.003651" timestamp="2012-11-19T15:49:57" log="/home/karl/tmp/otp_tests/logs/xmerl_test_logs/ct_run.ct@devbox.2012-11-19_15.49.06/tests.xmerl_test.logs/run.2012-11-19_15.49.40/xmerl_sax_std_suite.valid-sa-053.html"></testcase><testcase group="testcases1.testcases2" name="valid-sa-054" time="0.003332" timestamp="2012-11-19T15:49:57" log="/home/karl/tmp/otp_tests/logs/xmerl_test_logs/ct_run.ct@devbox.2012-11-19_15.49.06/tests.xmerl_test.logs/run.2012-11-19_15.49.40/xmerl_sax_std_suite.valid-sa-054.html"></testcase><testcase group="testcases1.testcases2" name="valid-sa-055" time="0.003748" timestamp="2012-11-19T15:49:57" log="/home/karl/tmp/otp_tests/logs/xmerl_test_logs/ct_run.ct@devbox.2012-11-19_15.49.06/tests.xmerl_test.logs/run.2012-11-19_15.49.40/xmerl_sax_std_suite.valid-sa-055.html"></testcase><testcase group="testcases1.testcases2" name="valid-sa-056" time="0.003287" timestamp="2012-11-19T15:49:57" log="/home/karl/tmp/otp_tests/logs/xmerl_test_logs/ct_run.ct@devbox.2012-11-19_15.49.06/tests.xmerl_test.logs/run.2012-11-19_15.49.40/xmerl_sax_std_suite.valid-sa-056.html"></testcase><testcase group="testcases1.testcases2" name="valid-sa-057" time="0.004873" timestamp="2012-11-19T15:49:57" log="/home/karl/tmp/otp_tests/logs/xmerl_test_logs/ct_run.ct@devbox.2012-11-19_15.49.06/tests.xmerl_test.logs/run.2012-11-19_15.49.40/xmerl_sax_std_suite.valid-sa-057.html"></testcase><testcase group="testcases1.testcases2" name="valid-sa-058" time="0.003288" timestamp="2012-11-19T15:49:57" log="/home/karl/tmp/otp_tests/logs/xmerl_test_logs/ct_run.ct@devbox.2012-11-19_15.49.06/tests.xmerl_test.logs/run.2012-11-19_15.49.40/xmerl_sax_std_suite.valid-sa-058.html"></testcase><testcase group="testcases1.testcases2" name="valid-sa-059" time="0.003370" timestamp="2012-11-19T15:49:57" log="/home/karl/tmp/otp_tests/logs/xmerl_test_logs/ct_run.ct@devbox.2012-11-19_15.49.06/tests.xmerl_test.logs/run.2012-11-19_15.49.40/xmerl_sax_std_suite.valid-sa-059.html"></testcase><testcase group="testcases1.testcases2" name="valid-sa-060" time="0.004942" timestamp="2012-11-19T15:49:57" log="/home/karl/tmp/otp_tests/logs/xmerl_test_logs/ct_run.ct@devbox.2012-11-19_15.49.06/tests.xmerl_test.logs/run.2012-11-19_15.49.40/xmerl_sax_std_suite.valid-sa-060.html"></testcase><testcase group="testcases1.testcases2" name="valid-sa-061" time="0.003253" timestamp="2012-11-19T15:49:57" log="/home/karl/tmp/otp_tests/logs/xmerl_test_logs/ct_run.ct@devbox.2012-11-19_15.49.06/tests.xmerl_test.logs/run.2012-11-19_15.49.40/xmerl_sax_std_suite.valid-sa-061.html"></testcase><testcase group="testcases1.testcases2" name="valid-sa-062" time="0.003536" timestamp="2012-11-19T15:49:57" log="/home/karl/tmp/otp_tests/logs/xmerl_test_logs/ct_run.ct@devbox.2012-11-19_15.49.06/tests.xmerl_test.logs/run.2012-11-19_15.49.40/xmerl_sax_std_suite.valid-sa-062.html"></testcase><testcase group="testcases1.testcases2" name="valid-sa-063" time="0.004484" timestamp="2012-11-19T15:49:57" log="/home/karl/tmp/otp_tests/logs/xmerl_test_logs/ct_run.ct@devbox.2012-11-19_15.49.06/tests.xmerl_test.logs/run.2012-11-19_15.49.40/xmerl_sax_std_suite.valid-sa-063.html"></testcase><testcase group="testcases1.testcases2" name="valid-sa-064" time="0.003366" timestamp="2012-11-19T15:49:57" log="/home/karl/tmp/otp_tests/logs/xmerl_test_logs/ct_run.ct@devbox.2012-11-19_15.49.06/tests.xmerl_test.logs/run.2012-11-19_15.49.40/xmerl_sax_std_suite.valid-sa-064.html"></testcase><testcase group="testcases1.testcases2" name="valid-sa-065" time="0.003415" timestamp="2012-11-19T15:49:57" log="/home/karl/tmp/otp_tests/logs/xmerl_test_logs/ct_run.ct@devbox.2012-11-19_15.49.06/tests.xmerl_test.logs/run.2012-11-19_15.49.40/xmerl_sax_std_suite.valid-sa-065.html"></testcase><testcase group="testcases1.testcases2" name="valid-sa-066" time="0.003486" timestamp="2012-11-19T15:49:57" log="/home/karl/tmp/otp_tests/logs/xmerl_test_logs/ct_run.ct@devbox.2012-11-19_15.49.06/tests.xmerl_test.logs/run.2012-11-19_15.49.40/xmerl_sax_std_suite.valid-sa-066.html"></testcase><testcase group="testcases1.testcases2" name="valid-sa-067" time="0.003844" timestamp="2012-11-19T15:49:57" log="/home/karl/tmp/otp_tests/logs/xmerl_test_logs/ct_run.ct@devbox.2012-11-19_15.49.06/tests.xmerl_test.logs/run.2012-11-19_15.49.40/xmerl_sax_std_suite.valid-sa-067.html"></testcase><testcase group="testcases1.testcases2" name="valid-sa-068" time="0.004078" timestamp="2012-11-19T15:49:57" log="/home/karl/tmp/otp_tests/logs/xmerl_test_logs/ct_run.ct@devbox.2012-11-19_15.49.06/tests.xmerl_test.logs/run.2012-11-19_15.49.40/xmerl_sax_std_suite.valid-sa-068.html"></testcase><testcase group="testcases1.testcases2" name="valid-sa-069" time="0.003494" timestamp="2012-11-19T15:49:57" log="/home/karl/tmp/otp_tests/logs/xmerl_test_logs/ct_run.ct@devbox.2012-11-19_15.49.06/tests.xmerl_test.logs/run.2012-11-19_15.49.40/xmerl_sax_std_suite.valid-sa-069.html"></testcase><testcase group="testcases1.testcases2" name="valid-sa-070" time="0.003356" timestamp="2012-11-19T15:49:57" log="/home/karl/tmp/otp_tests/logs/xmerl_test_logs/ct_run.ct@devbox.2012-11-19_15.49.06/tests.xmerl_test.logs/run.2012-11-19_15.49.40/xmerl_sax_std_suite.valid-sa-070.html"></testcase><testcase group="testcases1.testcases2" name="valid-sa-071" time="0.004354" timestamp="2012-11-19T15:49:57" log="/home/karl/tmp/otp_tests/logs/xmerl_test_logs/ct_run.ct@devbox.2012-11-19_15.49.06/tests.xmerl_test.logs/run.2012-11-19_15.49.40/xmerl_sax_std_suite.valid-sa-071.html"></testcase><testcase group="testcases1.testcases2" name="valid-sa-072" time="0.003437" timestamp="2012-11-19T15:49:57" log="/home/karl/tmp/otp_tests/logs/xmerl_test_logs/ct_run.ct@devbox.2012-11-19_15.49.06/tests.xmerl_test.logs/run.2012-11-19_15.49.40/xmerl_sax_std_suite.valid-sa-072.html"></testcase><testcase group="testcases1.testcases2" name="valid-sa-073" time="0.003954" timestamp="2012-11-19T15:49:57" log="/home/karl/tmp/otp_tests/logs/xmerl_test_logs/ct_run.ct@devbox.2012-11-19_15.49.06/tests.xmerl_test.logs/run.2012-11-19_15.49.40/xmerl_sax_std_suite.valid-sa-073.html"></testcase><testcase group="testcases1.testcases2" name="valid-sa-074" time="0.003713" timestamp="2012-11-19T15:49:58" log="/home/karl/tmp/otp_tests/logs/xmerl_test_logs/ct_run.ct@devbox.2012-11-19_15.49.06/tests.xmerl_test.logs/run.2012-11-19_15.49.40/xmerl_sax_std_suite.valid-sa-074.html"></testcase><testcase group="testcases1.testcases2" name="valid-sa-075" time="0.004288" timestamp="2012-11-19T15:49:58" log="/home/karl/tmp/otp_tests/logs/xmerl_test_logs/ct_run.ct@devbox.2012-11-19_15.49.06/tests.xmerl_test.logs/run.2012-11-19_15.49.40/xmerl_sax_std_suite.valid-sa-075.html"></testcase><testcase group="testcases1.testcases2" name="valid-sa-076" time="0.003804" timestamp="2012-11-19T15:49:58" log="/home/karl/tmp/otp_tests/logs/xmerl_test_logs/ct_run.ct@devbox.2012-11-19_15.49.06/tests.xmerl_test.logs/run.2012-11-19_15.49.40/xmerl_sax_std_suite.valid-sa-076.html"></testcase><testcase group="testcases1.testcases2" name="valid-sa-077" time="0.004062" timestamp="2012-11-19T15:49:58" log="/home/karl/tmp/otp_tests/logs/xmerl_test_logs/ct_run.ct@devbox.2012-11-19_15.49.06/tests.xmerl_test.logs/run.2012-11-19_15.49.40/xmerl_sax_std_suite.valid-sa-077.html"></testcase><testcase group="testcases1.testcases2" name="valid-sa-078" time="0.003758" timestamp="2012-11-19T15:49:58" log="/home/karl/tmp/otp_tests/logs/xmerl_test_logs/ct_run.ct@devbox.2012-11-19_15.49.06/tests.xmerl_test.logs/run.2012-11-19_15.49.40/xmerl_sax_std_suite.valid-sa-078.html"></testcase><testcase group="testcases1.testcases2" name="valid-sa-079" time="0.003568" timestamp="2012-11-19T15:49:58" log="/home/karl/tmp/otp_tests/logs/xmerl_test_logs/ct_run.ct@devbox.2012-11-19_15.49.06/tests.xmerl_test.logs/run.2012-11-19_15.49.40/xmerl_sax_std_suite.valid-sa-079.html"></testcase><testcase group="testcases1.testcases2" name="valid-sa-080" time="0.004336" timestamp="2012-11-19T15:49:58" log="/home/karl/tmp/otp_tests/logs/xmerl_test_logs/ct_run.ct@devbox.2012-11-19_15.49.06/tests.xmerl_test.logs/run.2012-11-19_15.49.40/xmerl_sax_std_suite.valid-sa-080.html"></testcase><testcase group="testcases1.testcases2" name="valid-sa-081" time="0.003422" timestamp="2012-11-19T15:49:58" log="/home/karl/tmp/otp_tests/logs/xmerl_test_logs/ct_run.ct@devbox.2012-11-19_15.49.06/tests.xmerl_test.logs/run.2012-11-19_15.49.40/xmerl_sax_std_suite.valid-sa-081.html"></testcase><testcase group="testcases1.testcases2" name="valid-sa-082" time="0.003966" timestamp="2012-11-19T15:49:58" log="/home/karl/tmp/otp_tests/logs/xmerl_test_logs/ct_run.ct@devbox.2012-11-19_15.49.06/tests.xmerl_test.logs/run.2012-11-19_15.49.40/xmerl_sax_std_suite.valid-sa-082.html"></testcase><testcase group="testcases1.testcases2" name="valid-sa-083" time="0.003445" timestamp="2012-11-19T15:49:58" log="/home/karl/tmp/otp_tests/logs/xmerl_test_logs/ct_run.ct@devbox.2012-11-19_15.49.06/tests.xmerl_test.logs/run.2012-11-19_15.49.40/xmerl_sax_std_suite.valid-sa-083.html"></testcase><testcase group="testcases1.testcases2" name="valid-sa-084" time="0.003441" timestamp="2012-11-19T15:49:58" log="/home/karl/tmp/otp_tests/logs/xmerl_test_logs/ct_run.ct@devbox.2012-11-19_15.49.06/tests.xmerl_test.logs/run.2012-11-19_15.49.40/xmerl_sax_std_suite.valid-sa-084.html"></testcase><testcase group="testcases1.testcases2" name="valid-sa-085" time="0.003796" timestamp="2012-11-19T15:49:58" log="/home/karl/tmp/otp_tests/logs/xmerl_test_logs/ct_run.ct@devbox.2012-11-19_15.49.06/tests.xmerl_test.logs/run.2012-11-19_15.49.40/xmerl_sax_std_suite.valid-sa-085.html"></testcase><testcase group="testcases1.testcases2" name="valid-sa-086" time="0.006984" timestamp="2012-11-19T15:49:58" log="/home/karl/tmp/otp_tests/logs/xmerl_test_logs/ct_run.ct@devbox.2012-11-19_15.49.06/tests.xmerl_test.logs/run.2012-11-19_15.49.40/xmerl_sax_std_suite.valid-sa-086.html"></testcase><testcase group="testcases1.testcases2" name="valid-sa-087" time="0.004852" timestamp="2012-11-19T15:49:58" log="/home/karl/tmp/otp_tests/logs/xmerl_test_logs/ct_run.ct@devbox.2012-11-19_15.49.06/tests.xmerl_test.logs/run.2012-11-19_15.49.40/xmerl_sax_std_suite.valid-sa-087.html"></testcase><testcase group="testcases1.testcases2" name="valid-sa-088" time="0.003895" timestamp="2012-11-19T15:49:58" log="/home/karl/tmp/otp_tests/logs/xmerl_test_logs/ct_run.ct@devbox.2012-11-19_15.49.06/tests.xmerl_test.logs/run.2012-11-19_15.49.40/xmerl_sax_std_suite.valid-sa-088.html"></testcase><testcase group="testcases1.testcases2" name="valid-sa-089" time="0.010847" timestamp="2012-11-19T15:49:58" log="/home/karl/tmp/otp_tests/logs/xmerl_test_logs/ct_run.ct@devbox.2012-11-19_15.49.06/tests.xmerl_test.logs/run.2012-11-19_15.49.40/xmerl_sax_std_suite.valid-sa-089.html"></testcase><testcase group="testcases1.testcases2" name="valid-sa-090" time="0.003789" timestamp="2012-11-19T15:49:58" log="/home/karl/tmp/otp_tests/logs/xmerl_test_logs/ct_run.ct@devbox.2012-11-19_15.49.06/tests.xmerl_test.logs/run.2012-11-19_15.49.40/xmerl_sax_std_suite.valid-sa-090.html"></testcase><testcase group="testcases1.testcases2" name="valid-sa-091" time="0.004749" timestamp="2012-11-19T15:49:58" log="/home/karl/tmp/otp_tests/logs/xmerl_test_logs/ct_run.ct@devbox.2012-11-19_15.49.06/tests.xmerl_test.logs/run.2012-11-19_15.49.40/xmerl_sax_std_suite.valid-sa-091.html"></testcase><testcase group="testcases1.testcases2" name="valid-sa-092" time="0.004196" timestamp="2012-11-19T15:49:58" log="/home/karl/tmp/otp_tests/logs/xmerl_test_logs/ct_run.ct@devbox.2012-11-19_15.49.06/tests.xmerl_test.logs/run.2012-11-19_15.49.40/xmerl_sax_std_suite.valid-sa-092.html"></testcase><testcase group="testcases1.testcases2" name="valid-sa-093" time="0.003939" timestamp="2012-11-19T15:49:58" log="/home/karl/tmp/otp_tests/logs/xmerl_test_logs/ct_run.ct@devbox.2012-11-19_15.49.06/tests.xmerl_test.logs/run.2012-11-19_15.49.40/xmerl_sax_std_suite.valid-sa-093.html"></testcase><testcase group="testcases1.testcases2" name="valid-sa-094" time="0.003816" timestamp="2012-11-19T15:49:58" log="/home/karl/tmp/otp_tests/logs/xmerl_test_logs/ct_run.ct@devbox.2012-11-19_15.49.06/tests.xmerl_test.logs/run.2012-11-19_15.49.40/xmerl_sax_std_suite.valid-sa-094.html"></testcase><testcase group="testcases1.testcases2" name="valid-sa-095" time="0.005667" timestamp="2012-11-19T15:49:58" log="/home/karl/tmp/otp_tests/logs/xmerl_test_logs/ct_run.ct@devbox.2012-11-19_15.49.06/tests.xmerl_test.logs/run.2012-11-19_15.49.40/xmerl_sax_std_suite.valid-sa-095.html"></testcase><testcase group="testcases1.testcases2" name="valid-sa-096" time="0.003548" timestamp="2012-11-19T15:49:58" log="/home/karl/tmp/otp_tests/logs/xmerl_test_logs/ct_run.ct@devbox.2012-11-19_15.49.06/tests.xmerl_test.logs/run.2012-11-19_15.49.40/xmerl_sax_std_suite.valid-sa-096.html"></testcase><testcase group="testcases1.testcases2" name="valid-sa-097" time="0.005126" timestamp="2012-11-19T15:49:58" log="/home/karl/tmp/otp_tests/logs/xmerl_test_logs/ct_run.ct@devbox.2012-11-19_15.49.06/tests.xmerl_test.logs/run.2012-11-19_15.49.40/xmerl_sax_std_suite.valid-sa-097.html"></testcase><testcase group="testcases1.testcases2" name="valid-sa-098" time="0.004598" timestamp="2012-11-19T15:49:58" log="/home/karl/tmp/otp_tests/logs/xmerl_test_logs/ct_run.ct@devbox.2012-11-19_15.49.06/tests.xmerl_test.logs/run.2012-11-19_15.49.40/xmerl_sax_std_suite.valid-sa-098.html"></testcase><testcase group="testcases1.testcases2" name="valid-sa-099" time="0.003921" timestamp="2012-11-19T15:49:58" log="/home/karl/tmp/otp_tests/logs/xmerl_test_logs/ct_run.ct@devbox.2012-11-19_15.49.06/tests.xmerl_test.logs/run.2012-11-19_15.49.40/xmerl_sax_std_suite.valid-sa-099.html"></testcase><testcase group="testcases1.testcases2" name="valid-sa-100" time="0.004496" timestamp="2012-11-19T15:49:58" log="/home/karl/tmp/otp_tests/logs/xmerl_test_logs/ct_run.ct@devbox.2012-11-19_15.49.06/tests.xmerl_test.logs/run.2012-11-19_15.49.40/xmerl_sax_std_suite.valid-sa-100.html"></testcase><testcase group="testcases1.testcases2" name="valid-sa-101" time="0.003878" timestamp="2012-11-19T15:49:58" log="/home/karl/tmp/otp_tests/logs/xmerl_test_logs/ct_run.ct@devbox.2012-11-19_15.49.06/tests.xmerl_test.logs/run.2012-11-19_15.49.40/xmerl_sax_std_suite.valid-sa-101.html"></testcase><testcase group="testcases1.testcases2" name="valid-sa-102" time="0.004577" timestamp="2012-11-19T15:49:58" log="/home/karl/tmp/otp_tests/logs/xmerl_test_logs/ct_run.ct@devbox.2012-11-19_15.49.06/tests.xmerl_test.logs/run.2012-11-19_15.49.40/xmerl_sax_std_suite.valid-sa-102.html"></testcase><testcase group="testcases1.testcases2" name="valid-sa-103" time="0.004674" timestamp="2012-11-19T15:49:58" log="/home/karl/tmp/otp_tests/logs/xmerl_test_logs/ct_run.ct@devbox.2012-11-19_15.49.06/tests.xmerl_test.logs/run.2012-11-19_15.49.40/xmerl_sax_std_suite.valid-sa-103.html"></testcase><testcase group="testcases1.testcases2" name="valid-sa-104" time="0.003633" timestamp="2012-11-19T15:49:58" log="/home/karl/tmp/otp_tests/logs/xmerl_test_logs/ct_run.ct@devbox.2012-11-19_15.49.06/tests.xmerl_test.logs/run.2012-11-19_15.49.40/xmerl_sax_std_suite.valid-sa-104.html"></testcase><testcase group="testcases1.testcases2" name="valid-sa-105" time="0.003434" timestamp="2012-11-19T15:49:59" log="/home/karl/tmp/otp_tests/logs/xmerl_test_logs/ct_run.ct@devbox.2012-11-19_15.49.06/tests.xmerl_test.logs/run.2012-11-19_15.49.40/xmerl_sax_std_suite.valid-sa-105.html"></testcase><testcase group="testcases1.testcases2" name="valid-sa-106" time="0.005182" timestamp="2012-11-19T15:49:59" log="/home/karl/tmp/otp_tests/logs/xmerl_test_logs/ct_run.ct@devbox.2012-11-19_15.49.06/tests.xmerl_test.logs/run.2012-11-19_15.49.40/xmerl_sax_std_suite.valid-sa-106.html"></testcase><testcase group="testcases1.testcases2" name="valid-sa-107" time="0.003471" timestamp="2012-11-19T15:49:59" log="/home/karl/tmp/otp_tests/logs/xmerl_test_logs/ct_run.ct@devbox.2012-11-19_15.49.06/tests.xmerl_test.logs/run.2012-11-19_15.49.40/xmerl_sax_std_suite.valid-sa-107.html"></testcase><testcase group="testcases1.testcases2" name="valid-sa-108" time="0.004019" timestamp="2012-11-19T15:49:59" log="/home/karl/tmp/otp_tests/logs/xmerl_test_logs/ct_run.ct@devbox.2012-11-19_15.49.06/tests.xmerl_test.logs/run.2012-11-19_15.49.40/xmerl_sax_std_suite.valid-sa-108.html"></testcase><testcase group="testcases1.testcases2" name="valid-sa-109" time="0.003524" timestamp="2012-11-19T15:49:59" log="/home/karl/tmp/otp_tests/logs/xmerl_test_logs/ct_run.ct@devbox.2012-11-19_15.49.06/tests.xmerl_test.logs/run.2012-11-19_15.49.40/xmerl_sax_std_suite.valid-sa-109.html"></testcase><testcase group="testcases1.testcases2" name="valid-sa-110" time="0.003729" timestamp="2012-11-19T15:49:59" log="/home/karl/tmp/otp_tests/logs/xmerl_test_logs/ct_run.ct@devbox.2012-11-19_15.49.06/tests.xmerl_test.logs/run.2012-11-19_15.49.40/xmerl_sax_std_suite.valid-sa-110.html"></testcase><testcase group="testcases1.testcases2" name="valid-sa-111" time="0.003578" timestamp="2012-11-19T15:49:59" log="/home/karl/tmp/otp_tests/logs/xmerl_test_logs/ct_run.ct@devbox.2012-11-19_15.49.06/tests.xmerl_test.logs/run.2012-11-19_15.49.40/xmerl_sax_std_suite.valid-sa-111.html"></testcase><testcase group="testcases1.testcases2" name="valid-sa-112" time="0.003920" timestamp="2012-11-19T15:49:59" log="/home/karl/tmp/otp_tests/logs/xmerl_test_logs/ct_run.ct@devbox.2012-11-19_15.49.06/tests.xmerl_test.logs/run.2012-11-19_15.49.40/xmerl_sax_std_suite.valid-sa-112.html"></testcase><testcase group="testcases1.testcases2" name="valid-sa-113" time="0.004465" timestamp="2012-11-19T15:49:59" log="/home/karl/tmp/otp_tests/logs/xmerl_test_logs/ct_run.ct@devbox.2012-11-19_15.49.06/tests.xmerl_test.logs/run.2012-11-19_15.49.40/xmerl_sax_std_suite.valid-sa-113.html"></testcase><testcase group="testcases1.testcases2" name="valid-sa-114" time="0.004771" timestamp="2012-11-19T15:49:59" log="/home/karl/tmp/otp_tests/logs/xmerl_test_logs/ct_run.ct@devbox.2012-11-19_15.49.06/tests.xmerl_test.logs/run.2012-11-19_15.49.40/xmerl_sax_std_suite.valid-sa-114.html"></testcase><testcase group="testcases1.testcases2" name="valid-sa-115" time="0.005041" timestamp="2012-11-19T15:49:59" log="/home/karl/tmp/otp_tests/logs/xmerl_test_logs/ct_run.ct@devbox.2012-11-19_15.49.06/tests.xmerl_test.logs/run.2012-11-19_15.49.40/xmerl_sax_std_suite.valid-sa-115.html"></testcase><testcase group="testcases1.testcases2" name="valid-sa-116" time="0.004605" timestamp="2012-11-19T15:49:59" log="/home/karl/tmp/otp_tests/logs/xmerl_test_logs/ct_run.ct@devbox.2012-11-19_15.49.06/tests.xmerl_test.logs/run.2012-11-19_15.49.40/xmerl_sax_std_suite.valid-sa-116.html"></testcase><testcase group="testcases1.testcases2" name="valid-sa-117" time="0.003689" timestamp="2012-11-19T15:49:59" log="/home/karl/tmp/otp_tests/logs/xmerl_test_logs/ct_run.ct@devbox.2012-11-19_15.49.06/tests.xmerl_test.logs/run.2012-11-19_15.49.40/xmerl_sax_std_suite.valid-sa-117.html"></testcase><testcase group="testcases1.testcases2" name="valid-sa-118" time="0.003818" timestamp="2012-11-19T15:49:59" log="/home/karl/tmp/otp_tests/logs/xmerl_test_logs/ct_run.ct@devbox.2012-11-19_15.49.06/tests.xmerl_test.logs/run.2012-11-19_15.49.40/xmerl_sax_std_suite.valid-sa-118.html"></testcase><testcase group="testcases1.testcases2" name="valid-sa-119" time="0.003947" timestamp="2012-11-19T15:49:59" log="/home/karl/tmp/otp_tests/logs/xmerl_test_logs/ct_run.ct@devbox.2012-11-19_15.49.06/tests.xmerl_test.logs/run.2012-11-19_15.49.40/xmerl_sax_std_suite.valid-sa-119.html"></testcase><testcase group="testcases1.testcases2" name="valid-not-sa-001" time="0.003954" timestamp="2012-11-19T15:49:59" log="/home/karl/tmp/otp_tests/logs/xmerl_test_logs/ct_run.ct@devbox.2012-11-19_15.49.06/tests.xmerl_test.logs/run.2012-11-19_15.49.40/xmerl_sax_std_suite.valid-not-sa-001.html"></testcase><testcase group="testcases1.testcases2" name="valid-not-sa-002" time="0.003936" timestamp="2012-11-19T15:49:59" log="/home/karl/tmp/otp_tests/logs/xmerl_test_logs/ct_run.ct@devbox.2012-11-19_15.49.06/tests.xmerl_test.logs/run.2012-11-19_15.49.40/xmerl_sax_std_suite.valid-not-sa-002.html"></testcase><testcase group="testcases1.testcases2" name="valid-not-sa-003" time="0.003921" timestamp="2012-11-19T15:49:59" log="/home/karl/tmp/otp_tests/logs/xmerl_test_logs/ct_run.ct@devbox.2012-11-19_15.49.06/tests.xmerl_test.logs/run.2012-11-19_15.49.40/xmerl_sax_std_suite.valid-not-sa-003.html"><skipped type="skip" message="Test valid-not-sa-003 in xmerl_sax_std_SUITE skipped!">{tc_user_skip,{skipped,&quot;external entity NYI&quot;}}</skipped></testcase><testcase group="testcases1.testcases2" name="valid-not-sa-004" time="0.007271" timestamp="2012-11-19T15:49:59" log="/home/karl/tmp/otp_tests/logs/xmerl_test_logs/ct_run.ct@devbox.2012-11-19_15.49.06/tests.xmerl_test.logs/run.2012-11-19_15.49.40/xmerl_sax_std_suite.valid-not-sa-004.html"><skipped type="skip" message="Test valid-not-sa-004 in xmerl_sax_std_SUITE skipped!">{tc_user_skip,{skipped,&quot;external entity NYI&quot;}}</skipped></testcase><testcase group="testcases1.testcases2" name="valid-not-sa-005" time="0.009641" timestamp="2012-11-19T15:49:59" log="/home/karl/tmp/otp_tests/logs/xmerl_test_logs/ct_run.ct@devbox.2012-11-19_15.49.06/tests.xmerl_test.logs/run.2012-11-19_15.49.40/xmerl_sax_std_suite.valid-not-sa-005.html"></testcase><testcase group="testcases1.testcases2" name="valid-not-sa-006" time="0.012510" timestamp="2012-11-19T15:49:59" log="/home/karl/tmp/otp_tests/logs/xmerl_test_logs/ct_run.ct@devbox.2012-11-19_15.49.06/tests.xmerl_test.logs/run.2012-11-19_15.49.40/xmerl_sax_std_suite.valid-not-sa-006.html"></testcase><testcase group="testcases1.testcases2" name="valid-not-sa-007" time="0.004541" timestamp="2012-11-19T15:49:59" log="/home/karl/tmp/otp_tests/logs/xmerl_test_logs/ct_run.ct@devbox.2012-11-19_15.49.06/tests.xmerl_test.logs/run.2012-11-19_15.49.40/xmerl_sax_std_suite.valid-not-sa-007.html"></testcase><testcase group="testcases1.testcases2" name="valid-not-sa-008" time="0.004167" timestamp="2012-11-19T15:49:59" log="/home/karl/tmp/otp_tests/logs/xmerl_test_logs/ct_run.ct@devbox.2012-11-19_15.49.06/tests.xmerl_test.logs/run.2012-11-19_15.49.40/xmerl_sax_std_suite.valid-not-sa-008.html"></testcase><testcase group="testcases1.testcases2" name="valid-not-sa-009" time="0.004691" timestamp="2012-11-19T15:49:59" log="/home/karl/tmp/otp_tests/logs/xmerl_test_logs/ct_run.ct@devbox.2012-11-19_15.49.06/tests.xmerl_test.logs/run.2012-11-19_15.49.40/xmerl_sax_std_suite.valid-not-sa-009.html"></testcase><testcase group="testcases1.testcases2" name="valid-not-sa-010" time="0.004749" timestamp="2012-11-19T15:49:59" log="/home/karl/tmp/otp_tests/logs/xmerl_test_logs/ct_run.ct@devbox.2012-11-19_15.49.06/tests.xmerl_test.logs/run.2012-11-19_15.49.40/xmerl_sax_std_suite.valid-not-sa-010.html"></testcase><testcase group="testcases1.testcases2" name="valid-not-sa-011" time="0.005342" timestamp="2012-11-19T15:49:59" log="/home/karl/tmp/otp_tests/logs/xmerl_test_logs/ct_run.ct@devbox.2012-11-19_15.49.06/tests.xmerl_test.logs/run.2012-11-19_15.49.40/xmerl_sax_std_suite.valid-not-sa-011.html"></testcase><testcase group="testcases1.testcases2" name="valid-not-sa-012" time="0.005379" timestamp="2012-11-19T15:49:59" log="/home/karl/tmp/otp_tests/logs/xmerl_test_logs/ct_run.ct@devbox.2012-11-19_15.49.06/tests.xmerl_test.logs/run.2012-11-19_15.49.40/xmerl_sax_std_suite.valid-not-sa-012.html"><skipped type="skip" message="Test valid-not-sa-012 in xmerl_sax_std_SUITE skipped!">{tc_user_skip,{skipped,&quot;Fix 3&quot;}}</skipped></testcase><testcase group="testcases1.testcases2" name="valid-not-sa-013" time="0.007972" timestamp="2012-11-19T15:49:59" log="/home/karl/tmp/otp_tests/logs/xmerl_test_logs/ct_run.ct@devbox.2012-11-19_15.49.06/tests.xmerl_test.logs/run.2012-11-19_15.49.40/xmerl_sax_std_suite.valid-not-sa-013.html"><skipped type="skip" message="Test valid-not-sa-013 in xmerl_sax_std_SUITE skipped!">{tc_user_skip,{skipped,&quot;NYI&quot;}}</skipped></testcase><testcase group="testcases1.testcases2" name="valid-not-sa-014" time="0.003755" timestamp="2012-11-19T15:49:59" log="/home/karl/tmp/otp_tests/logs/xmerl_test_logs/ct_run.ct@devbox.2012-11-19_15.49.06/tests.xmerl_test.logs/run.2012-11-19_15.49.40/xmerl_sax_std_suite.valid-not-sa-014.html"><skipped type="skip" message="Test valid-not-sa-014 in xmerl_sax_std_SUITE skipped!">{tc_user_skip,{skipped,&quot;NYI&quot;}}</skipped></testcase><testcase group="testcases1.testcases2" name="valid-not-sa-015" time="0.004987" timestamp="2012-11-19T15:50:00" log="/home/karl/tmp/otp_tests/logs/xmerl_test_logs/ct_run.ct@devbox.2012-11-19_15.49.06/tests.xmerl_test.logs/run.2012-11-19_15.49.40/xmerl_sax_std_suite.valid-not-sa-015.html"><skipped type="skip" message="Test valid-not-sa-015 in xmerl_sax_std_SUITE skipped!">{tc_user_skip,{skipped,&quot;NYI&quot;}}</skipped></testcase><testcase group="testcases1.testcases2" name="valid-not-sa-016" time="0.008638" timestamp="2012-11-19T15:50:00" log="/home/karl/tmp/otp_tests/logs/xmerl_test_logs/ct_run.ct@devbox.2012-11-19_15.49.06/tests.xmerl_test.logs/run.2012-11-19_15.49.40/xmerl_sax_std_suite.valid-not-sa-016.html"><skipped type="skip" message="Test valid-not-sa-016 in xmerl_sax_std_SUITE skipped!">{tc_user_skip,{skipped,&quot;NYI&quot;}}</skipped></testcase><testcase group="testcases1.testcases2" name="valid-not-sa-017" time="0.004864" timestamp="2012-11-19T15:50:00" log="/home/karl/tmp/otp_tests/logs/xmerl_test_logs/ct_run.ct@devbox.2012-11-19_15.49.06/tests.xmerl_test.logs/run.2012-11-19_15.49.40/xmerl_sax_std_suite.valid-not-sa-017.html"></testcase><testcase group="testcases1.testcases2" name="valid-not-sa-018" time="0.004755" timestamp="2012-11-19T15:50:00" log="/home/karl/tmp/otp_tests/logs/xmerl_test_logs/ct_run.ct@devbox.2012-11-19_15.49.06/tests.xmerl_test.logs/run.2012-11-19_15.49.40/xmerl_sax_std_suite.valid-not-sa-018.html"><skipped type="skip" message="Test valid-not-sa-018 in xmerl_sax_std_SUITE skipped!">{tc_user_skip,{skipped,&quot;NYI&quot;}}</skipped></testcase><testcase group="testcases1.testcases2" name="valid-not-sa-019" time="0.007480" timestamp="2012-11-19T15:50:00" log="/home/karl/tmp/otp_tests/logs/xmerl_test_logs/ct_run.ct@devbox.2012-11-19_15.49.06/tests.xmerl_test.logs/run.2012-11-19_15.49.40/xmerl_sax_std_suite.valid-not-sa-019.html"><skipped type="skip" message="Test valid-not-sa-019 in xmerl_sax_std_SUITE skipped!">{tc_user_skip,{skipped,&quot;partly replacement of markupdecls&quot;}}</skipped></testcase><testcase group="testcases1.testcases2" name="valid-not-sa-020" time="0.011055" timestamp="2012-11-19T15:50:00" log="/home/karl/tmp/otp_tests/logs/xmerl_test_logs/ct_run.ct@devbox.2012-11-19_15.49.06/tests.xmerl_test.logs/run.2012-11-19_15.49.40/xmerl_sax_std_suite.valid-not-sa-020.html"><skipped type="skip" message="Test valid-not-sa-020 in xmerl_sax_std_SUITE skipped!">{tc_user_skip,{skipped,&quot;partly replacement of markupdecls&quot;}}</skipped></testcase><testcase group="testcases1.testcases2" name="valid-not-sa-021" time="0.008260" timestamp="2012-11-19T15:50:00" log="/home/karl/tmp/otp_tests/logs/xmerl_test_logs/ct_run.ct@devbox.2012-11-19_15.49.06/tests.xmerl_test.logs/run.2012-11-19_15.49.40/xmerl_sax_std_suite.valid-not-sa-021.html"><skipped type="skip" message="Test valid-not-sa-021 in xmerl_sax_std_SUITE skipped!">{tc_user_skip,{skipped,&quot;partly replacement of markupdecls&quot;}}</skipped></testcase><testcase group="testcases1.testcases2" name="valid-not-sa-023" time="0.007135" timestamp="2012-11-19T15:50:00" log="/home/karl/tmp/otp_tests/logs/xmerl_test_logs/ct_run.ct@devbox.2012-11-19_15.49.06/tests.xmerl_test.logs/run.2012-11-19_15.49.40/xmerl_sax_std_suite.valid-not-sa-023.html"><skipped type="skip" message="Test valid-not-sa-023 in xmerl_sax_std_SUITE skipped!">{tc_user_skip,{skipped,&quot;partly replacement of markupdecls&quot;}}</skipped></testcase><testcase group="testcases1.testcases2" name="valid-not-sa-024" time="0.006210" timestamp="2012-11-19T15:50:00" log="/home/karl/tmp/otp_tests/logs/xmerl_test_logs/ct_run.ct@devbox.2012-11-19_15.49.06/tests.xmerl_test.logs/run.2012-11-19_15.49.40/xmerl_sax_std_suite.valid-not-sa-024.html"><skipped type="skip" message="Test valid-not-sa-024 in xmerl_sax_std_SUITE skipped!">{tc_user_skip,{skipped,&quot;partly replacement of markupdecls&quot;}}</skipped></testcase><testcase group="testcases1.testcases2" name="valid-not-sa-025" time="0.006333" timestamp="2012-11-19T15:50:00" log="/home/karl/tmp/otp_tests/logs/xmerl_test_logs/ct_run.ct@devbox.2012-11-19_15.49.06/tests.xmerl_test.logs/run.2012-11-19_15.49.40/xmerl_sax_std_suite.valid-not-sa-025.html"><skipped type="skip" message="Test valid-not-sa-025 in xmerl_sax_std_SUITE skipped!">{tc_user_skip,{skipped,&quot;partly replacement of markupdecls&quot;}}</skipped></testcase><testcase group="testcases1.testcases2" name="valid-not-sa-026" time="0.011047" timestamp="2012-11-19T15:50:00" log="/home/karl/tmp/otp_tests/logs/xmerl_test_logs/ct_run.ct@devbox.2012-11-19_15.49.06/tests.xmerl_test.logs/run.2012-11-19_15.49.40/xmerl_sax_std_suite.valid-not-sa-026.html"></testcase><testcase group="testcases1.testcases2" name="valid-not-sa-027" time="0.005683" timestamp="2012-11-19T15:50:00" log="/home/karl/tmp/otp_tests/logs/xmerl_test_logs/ct_run.ct@devbox.2012-11-19_15.49.06/tests.xmerl_test.logs/run.2012-11-19_15.49.40/xmerl_sax_std_suite.valid-not-sa-027.html"></testcase><testcase group="testcases1.testcases2" name="valid-not-sa-028" time="0.004557" timestamp="2012-11-19T15:50:00" log="/home/karl/tmp/otp_tests/logs/xmerl_test_logs/ct_run.ct@devbox.2012-11-19_15.49.06/tests.xmerl_test.logs/run.2012-11-19_15.49.40/xmerl_sax_std_suite.valid-not-sa-028.html"><skipped type="skip" message="Test valid-not-sa-028 in xmerl_sax_std_SUITE skipped!">{tc_user_skip,{skipped,&quot;NYI&quot;}}</skipped></testcase><testcase group="testcases1.testcases2" name="valid-not-sa-029" time="0.003530" timestamp="2012-11-19T15:50:00" log="/home/karl/tmp/otp_tests/logs/xmerl_test_logs/ct_run.ct@devbox.2012-11-19_15.49.06/tests.xmerl_test.logs/run.2012-11-19_15.49.40/xmerl_sax_std_suite.valid-not-sa-029.html"><skipped type="skip" message="Test valid-not-sa-029 in xmerl_sax_std_SUITE skipped!">{tc_user_skip,{skipped,&quot;NYI&quot;}}</skipped></testcase><testcase group="testcases1.testcases2" name="valid-not-sa-030" time="0.008547" timestamp="2012-11-19T15:50:00" log="/home/karl/tmp/otp_tests/logs/xmerl_test_logs/ct_run.ct@devbox.2012-11-19_15.49.06/tests.xmerl_test.logs/run.2012-11-19_15.49.40/xmerl_sax_std_suite.valid-not-sa-030.html"><skipped type="skip" message="Test valid-not-sa-030 in xmerl_sax_std_SUITE skipped!">{tc_user_skip,{skipped,&quot;NYI&quot;}}</skipped></testcase><testcase group="testcases1.testcases2" name="valid-not-sa-031" time="0.005111" timestamp="2012-11-19T15:50:00" log="/home/karl/tmp/otp_tests/logs/xmerl_test_logs/ct_run.ct@devbox.2012-11-19_15.49.06/tests.xmerl_test.logs/run.2012-11-19_15.49.40/xmerl_sax_std_suite.valid-not-sa-031.html"><skipped type="skip" message="Test valid-not-sa-031 in xmerl_sax_std_SUITE skipped!">{tc_user_skip,{skipped,&quot;NYI&quot;}}</skipped></testcase><testcase group="testcases1.testcases2" name="valid-ext-sa-001" time="0.004790" timestamp="2012-11-19T15:50:00" log="/home/karl/tmp/otp_tests/logs/xmerl_test_logs/ct_run.ct@devbox.2012-11-19_15.49.06/tests.xmerl_test.logs/run.2012-11-19_15.49.40/xmerl_sax_std_suite.valid-ext-sa-001.html"><skipped type="skip" message="Test valid-ext-sa-001 in xmerl_sax_std_SUITE skipped!">{tc_user_skip,{skipped,&quot;NYI&quot;}}</skipped></testcase><testcase group="testcases1.testcases2" name="valid-ext-sa-002" time="0.005897" timestamp="2012-11-19T15:50:00" log="/home/karl/tmp/otp_tests/logs/xmerl_test_logs/ct_run.ct@devbox.2012-11-19_15.49.06/tests.xmerl_test.logs/run.2012-11-19_15.49.40/xmerl_sax_std_suite.valid-ext-sa-002.html"><skipped type="skip" message="Test valid-ext-sa-002 in xmerl_sax_std_SUITE skipped!">{tc_user_skip,{skipped,&quot;NYI&quot;}}</skipped></testcase><testcase group="testcases1.testcases2" name="valid-ext-sa-003" time="0.014380" timestamp="2012-11-19T15:50:00" log="/home/karl/tmp/otp_tests/logs/xmerl_test_logs/ct_run.ct@devbox.2012-11-19_15.49.06/tests.xmerl_test.logs/run.2012-11-19_15.49.40/xmerl_sax_std_suite.valid-ext-sa-003.html"><skipped type="skip" message="Test valid-ext-sa-003 in xmerl_sax_std_SUITE skipped!">{tc_user_skip,{skipped,&quot;NYI&quot;}}</skipped></testcase><testcase group="testcases1.testcases2" name="valid-ext-sa-004" time="0.013509" timestamp="2012-11-19T15:50:00" log="/home/karl/tmp/otp_tests/logs/xmerl_test_logs/ct_run.ct@devbox.2012-11-19_15.49.06/tests.xmerl_test.logs/run.2012-11-19_15.49.40/xmerl_sax_std_suite.valid-ext-sa-004.html"><skipped type="skip" message="Test valid-ext-sa-004 in xmerl_sax_std_SUITE skipped!">{tc_user_skip,{skipped,&quot;NYI&quot;}}</skipped></testcase><testcase group="testcases1.testcases2" name="valid-ext-sa-005" time="0.004821" timestamp="2012-11-19T15:50:01" log="/home/karl/tmp/otp_tests/logs/xmerl_test_logs/ct_run.ct@devbox.2012-11-19_15.49.06/tests.xmerl_test.logs/run.2012-11-19_15.49.40/xmerl_sax_std_suite.valid-ext-sa-005.html"><skipped type="skip" message="Test valid-ext-sa-005 in xmerl_sax_std_SUITE skipped!">{tc_user_skip,{skipped,&quot;NYI&quot;}}</skipped></testcase><testcase group="testcases1.testcases2" name="valid-ext-sa-006" time="0.015455" timestamp="2012-11-19T15:50:01" log="/home/karl/tmp/otp_tests/logs/xmerl_test_logs/ct_run.ct@devbox.2012-11-19_15.49.06/tests.xmerl_test.logs/run.2012-11-19_15.49.40/xmerl_sax_std_suite.valid-ext-sa-006.html"><skipped type="skip" message="Test valid-ext-sa-006 in xmerl_sax_std_SUITE skipped!">{tc_user_skip,{skipped,&quot;NYI&quot;}}</skipped></testcase><testcase group="testcases1.testcases2" name="valid-ext-sa-007" time="0.009685" timestamp="2012-11-19T15:50:01" log="/home/karl/tmp/otp_tests/logs/xmerl_test_logs/ct_run.ct@devbox.2012-11-19_15.49.06/tests.xmerl_test.logs/run.2012-11-19_15.49.40/xmerl_sax_std_suite.valid-ext-sa-007.html"><skipped type="skip" message="Test valid-ext-sa-007 in xmerl_sax_std_SUITE skipped!">{tc_user_skip,{skipped,&quot;NYI&quot;}}</skipped></testcase><testcase group="testcases1.testcases2" name="valid-ext-sa-008" time="0.013876" timestamp="2012-11-19T15:50:01" log="/home/karl/tmp/otp_tests/logs/xmerl_test_logs/ct_run.ct@devbox.2012-11-19_15.49.06/tests.xmerl_test.logs/run.2012-11-19_15.49.40/xmerl_sax_std_suite.valid-ext-sa-008.html"><skipped type="skip" message="Test valid-ext-sa-008 in xmerl_sax_std_SUITE skipped!">{tc_user_skip,{skipped,&quot;NYI&quot;}}</skipped></testcase><testcase group="testcases1.testcases2" name="valid-ext-sa-009" time="0.008313" timestamp="2012-11-19T15:50:01" log="/home/karl/tmp/otp_tests/logs/xmerl_test_logs/ct_run.ct@devbox.2012-11-19_15.49.06/tests.xmerl_test.logs/run.2012-11-19_15.49.40/xmerl_sax_std_suite.valid-ext-sa-009.html"><skipped type="skip" message="Test valid-ext-sa-009 in xmerl_sax_std_SUITE skipped!">{tc_user_skip,{skipped,&quot;NYI&quot;}}</skipped></testcase><testcase group="testcases1.testcases2" name="valid-ext-sa-011" time="0.006558" timestamp="2012-11-19T15:50:01" log="/home/karl/tmp/otp_tests/logs/xmerl_test_logs/ct_run.ct@devbox.2012-11-19_15.49.06/tests.xmerl_test.logs/run.2012-11-19_15.49.40/xmerl_sax_std_suite.valid-ext-sa-011.html"><skipped type="skip" message="Test valid-ext-sa-011 in xmerl_sax_std_SUITE skipped!">{tc_user_skip,{skipped,&quot;NYI&quot;}}</skipped></testcase><testcase group="testcases1.testcases2" name="valid-ext-sa-012" time="0.004836" timestamp="2012-11-19T15:50:01" log="/home/karl/tmp/otp_tests/logs/xmerl_test_logs/ct_run.ct@devbox.2012-11-19_15.49.06/tests.xmerl_test.logs/run.2012-11-19_15.49.40/xmerl_sax_std_suite.valid-ext-sa-012.html"><skipped type="skip" message="Test valid-ext-sa-012 in xmerl_sax_std_SUITE skipped!">{tc_user_skip,{skipped,&quot;NYI&quot;}}</skipped></testcase><testcase group="testcases1.testcases2" name="valid-ext-sa-013" time="0.019595" timestamp="2012-11-19T15:50:01" log="/home/karl/tmp/otp_tests/logs/xmerl_test_logs/ct_run.ct@devbox.2012-11-19_15.49.06/tests.xmerl_test.logs/run.2012-11-19_15.49.40/xmerl_sax_std_suite.valid-ext-sa-013.html"><skipped type="skip" message="Test valid-ext-sa-013 in xmerl_sax_std_SUITE skipped!">{tc_user_skip,{skipped,&quot;NYI&quot;}}</skipped></testcase><testcase group="testcases1.testcases2" name="valid-ext-sa-014" time="0.005952" timestamp="2012-11-19T15:50:01" log="/home/karl/tmp/otp_tests/logs/xmerl_test_logs/ct_run.ct@devbox.2012-11-19_15.49.06/tests.xmerl_test.logs/run.2012-11-19_15.49.40/xmerl_sax_std_suite.valid-ext-sa-014.html"><skipped type="skip" message="Test valid-ext-sa-014 in xmerl_sax_std_SUITE skipped!">{tc_user_skip,{skipped,&quot;NYI&quot;}}</skipped></testcase><testcase group="testcases1.testcases2" name="end_per_group" time="0.018288" timestamp="2012-11-19T15:50:01" log="/home/karl/tmp/otp_tests/logs/xmerl_test_logs/ct_run.ct@devbox.2012-11-19_15.49.06/tests.xmerl_test.logs/run.2012-11-19_15.49.40/xmerl_sax_std_suite.end_per_group.html"></testcase><testcase group="testcases1" name="end_per_group" time="0.005173" timestamp="2012-11-19T15:50:01" log="/home/karl/tmp/otp_tests/logs/xmerl_test_logs/ct_run.ct@devbox.2012-11-19_15.49.06/tests.xmerl_test.logs/run.2012-11-19_15.49.40/xmerl_sax_std_suite.end_per_group.336601.550.html"></testcase><testcase group="testcases3" name="init_per_group" time="0.003387" timestamp="2012-11-19T15:50:01" log="/home/karl/tmp/otp_tests/logs/xmerl_test_logs/ct_run.ct@devbox.2012-11-19_15.49.06/tests.xmerl_test.logs/run.2012-11-19_15.49.40/xmerl_sax_std_suite.init_per_group.336601.587.html"></testcase><testcase group="testcases3.testcases4" name="init_per_group" time="0.004123" timestamp="2012-11-19T15:50:01" log="/home/karl/tmp/otp_tests/logs/xmerl_test_logs/ct_run.ct@devbox.2012-11-19_15.49.06/tests.xmerl_test.logs/run.2012-11-19_15.49.40/xmerl_sax_std_suite.init_per_group.336601.619.html"></testcase><testcase group="testcases3.testcases4" name="pr-xml-euc-jp" time="0.005002" timestamp="2012-11-19T15:50:01" log="/home/karl/tmp/otp_tests/logs/xmerl_test_logs/ct_run.ct@devbox.2012-11-19_15.49.06/tests.xmerl_test.logs/run.2012-11-19_15.49.40/xmerl_sax_std_suite.pr-xml-euc-jp.html"></testcase><testcase group="testcases3.testcases4" name="pr-xml-iso-2022-jp" time="0.004233" timestamp="2012-11-19T15:50:01" log="/home/karl/tmp/otp_tests/logs/xmerl_test_logs/ct_run.ct@devbox.2012-11-19_15.49.06/tests.xmerl_test.logs/run.2012-11-19_15.49.40/xmerl_sax_std_suite.pr-xml-iso-2022-jp.html"></testcase><testcase group="testcases3.testcases4" name="pr-xml-little" time="0.004139" timestamp="2012-11-19T15:50:01" log="/home/karl/tmp/otp_tests/logs/xmerl_test_logs/ct_run.ct@devbox.2012-11-19_15.49.06/tests.xmerl_test.logs/run.2012-11-19_15.49.40/xmerl_sax_std_suite.pr-xml-little.html"><skipped type="skip" message="Test pr-xml-little in xmerl_sax_std_SUITE skipped!">{tc_user_skip,{skipped,&quot;Fix 3&quot;}}</skipped></testcase><testcase group="testcases3.testcases4" name="pr-xml-shift_jis" time="0.007392" timestamp="2012-11-19T15:50:01" log="/home/karl/tmp/otp_tests/logs/xmerl_test_logs/ct_run.ct@devbox.2012-11-19_15.49.06/tests.xmerl_test.logs/run.2012-11-19_15.49.40/xmerl_sax_std_suite.pr-xml-shift_jis.html"></testcase><testcase group="testcases3.testcases4" name="pr-xml-utf-16" time="0.009773" timestamp="2012-11-19T15:50:01" log="/home/karl/tmp/otp_tests/logs/xmerl_test_logs/ct_run.ct@devbox.2012-11-19_15.49.06/tests.xmerl_test.logs/run.2012-11-19_15.49.40/xmerl_sax_std_suite.pr-xml-utf-16.html"><skipped type="skip" message="Test pr-xml-utf-16 in xmerl_sax_std_SUITE skipped!">{tc_user_skip,{skipped,&quot;Fix 3&quot;}}</skipped></testcase><testcase group="testcases3.testcases4" name="pr-xml-utf-8" time="0.007566" timestamp="2012-11-19T15:50:01" log="/home/karl/tmp/otp_tests/logs/xmerl_test_logs/ct_run.ct@devbox.2012-11-19_15.49.06/tests.xmerl_test.logs/run.2012-11-19_15.49.40/xmerl_sax_std_suite.pr-xml-utf-8.html"><skipped type="skip" message="Test pr-xml-utf-8 in xmerl_sax_std_SUITE skipped!">{tc_user_skip,{skipped,&quot;Fix 3&quot;}}</skipped></testcase><testcase group="testcases3.testcases4" name="weekly-euc-jp" time="0.016197" timestamp="2012-11-19T15:50:01" log="/home/karl/tmp/otp_tests/logs/xmerl_test_logs/ct_run.ct@devbox.2012-11-19_15.49.06/tests.xmerl_test.logs/run.2012-11-19_15.49.40/xmerl_sax_std_suite.weekly-euc-jp.html"></testcase><testcase group="testcases3.testcases4" name="weekly-iso-2022-jp" time="0.006787" timestamp="2012-11-19T15:50:01" log="/home/karl/tmp/otp_tests/logs/xmerl_test_logs/ct_run.ct@devbox.2012-11-19_15.49.06/tests.xmerl_test.logs/run.2012-11-19_15.49.40/xmerl_sax_std_suite.weekly-iso-2022-jp.html"></testcase><testcase group="testcases3.testcases4" name="weekly-little" time="0.005249" timestamp="2012-11-19T15:50:01" log="/home/karl/tmp/otp_tests/logs/xmerl_test_logs/ct_run.ct@devbox.2012-11-19_15.49.06/tests.xmerl_test.logs/run.2012-11-19_15.49.40/xmerl_sax_std_suite.weekly-little.html"><skipped type="skip" message="Test weekly-little in xmerl_sax_std_SUITE skipped!">{tc_user_skip,{skipped,&quot;Fix 3&quot;}}</skipped></testcase><testcase group="testcases3.testcases4" name="weekly-shift_jis" time="0.007985" timestamp="2012-11-19T15:50:02" log="/home/karl/tmp/otp_tests/logs/xmerl_test_logs/ct_run.ct@devbox.2012-11-19_15.49.06/tests.xmerl_test.logs/run.2012-11-19_15.49.40/xmerl_sax_std_suite.weekly-shift_jis.html"></testcase><testcase group="testcases3.testcases4" name="weekly-utf-16" time="0.005127" timestamp="2012-11-19T15:50:02" log="/home/karl/tmp/otp_tests/logs/xmerl_test_logs/ct_run.ct@devbox.2012-11-19_15.49.06/tests.xmerl_test.logs/run.2012-11-19_15.49.40/xmerl_sax_std_suite.weekly-utf-16.html"><skipped type="skip" message="Test weekly-utf-16 in xmerl_sax_std_SUITE skipped!">{tc_user_skip,{skipped,&quot;Fix 3&quot;}}</skipped></testcase><testcase group="testcases3.testcases4" name="weekly-utf-8" time="0.007309" timestamp="2012-11-19T15:50:02" log="/home/karl/tmp/otp_tests/logs/xmerl_test_logs/ct_run.ct@devbox.2012-11-19_15.49.06/tests.xmerl_test.logs/run.2012-11-19_15.49.40/xmerl_sax_std_suite.weekly-utf-8.html"><skipped type="skip" message="Test weekly-utf-8 in xmerl_sax_std_SUITE skipped!">{tc_user_skip,{skipped,&quot;Fix 3&quot;}}</skipped></testcase><testcase group="testcases3.testcases4" name="end_per_group" time="0.009283" timestamp="2012-11-19T15:50:02" log="/home/karl/tmp/otp_tests/logs/xmerl_test_logs/ct_run.ct@devbox.2012-11-19_15.49.06/tests.xmerl_test.logs/run.2012-11-19_15.49.40/xmerl_sax_std_suite.end_per_group.336602.156.html"></testcase><testcase group="testcases3" name="end_per_group" time="0.006518" timestamp="2012-11-19T15:50:02" log="/home/karl/tmp/otp_tests/logs/xmerl_test_logs/ct_run.ct@devbox.2012-11-19_15.49.06/tests.xmerl_test.logs/run.2012-11-19_15.49.40/xmerl_sax_std_suite.end_per_group.336602.206.html"></testcase><testcase group="testcases5" name="init_per_group" time="0.006405" timestamp="2012-11-19T15:50:02" log="/home/karl/tmp/otp_tests/logs/xmerl_test_logs/ct_run.ct@devbox.2012-11-19_15.49.06/tests.xmerl_test.logs/run.2012-11-19_15.49.40/xmerl_sax_std_suite.init_per_group.336602.246.html"></testcase><testcase group="testcases5" name="pe01" time="0.004465" timestamp="2012-11-19T15:50:02" log="/home/karl/tmp/otp_tests/logs/xmerl_test_logs/ct_run.ct@devbox.2012-11-19_15.49.06/tests.xmerl_test.logs/run.2012-11-19_15.49.40/xmerl_sax_std_suite.pe01.html"></testcase><testcase group="testcases5" name="dtd00" time="0.004618" timestamp="2012-11-19T15:50:02" log="/home/karl/tmp/otp_tests/logs/xmerl_test_logs/ct_run.ct@devbox.2012-11-19_15.49.06/tests.xmerl_test.logs/run.2012-11-19_15.49.40/xmerl_sax_std_suite.dtd00.html"></testcase><testcase group="testcases5" name="dtd01" time="0.004841" timestamp="2012-11-19T15:50:02" log="/home/karl/tmp/otp_tests/logs/xmerl_test_logs/ct_run.ct@devbox.2012-11-19_15.49.06/tests.xmerl_test.logs/run.2012-11-19_15.49.40/xmerl_sax_std_suite.dtd01.html"></testcase><testcase group="testcases5" name="element" time="0.005450" timestamp="2012-11-19T15:50:02" log="/home/karl/tmp/otp_tests/logs/xmerl_test_logs/ct_run.ct@devbox.2012-11-19_15.49.06/tests.xmerl_test.logs/run.2012-11-19_15.49.40/xmerl_sax_std_suite.element.html"></testcase><testcase group="testcases5" name="ext01" time="0.004492" timestamp="2012-11-19T15:50:02" log="/home/karl/tmp/otp_tests/logs/xmerl_test_logs/ct_run.ct@devbox.2012-11-19_15.49.06/tests.xmerl_test.logs/run.2012-11-19_15.49.40/xmerl_sax_std_suite.ext01.html"><skipped type="skip" message="Test ext01 in xmerl_sax_std_SUITE skipped!">{tc_user_skip,{skipped,&quot;Fix 3&quot;}}</skipped></testcase><testcase group="testcases5" name="ext02" time="0.007590" timestamp="2012-11-19T15:50:02" log="/home/karl/tmp/otp_tests/logs/xmerl_test_logs/ct_run.ct@devbox.2012-11-19_15.49.06/tests.xmerl_test.logs/run.2012-11-19_15.49.40/xmerl_sax_std_suite.ext02.html"><skipped type="skip" message="Test ext02 in xmerl_sax_std_SUITE skipped!">{tc_user_skip,{skipped,&quot;Fix 3&quot;}}</skipped></testcase><testcase group="testcases5" name="not-sa01" time="0.015698" timestamp="2012-11-19T15:50:02" log="/home/karl/tmp/otp_tests/logs/xmerl_test_logs/ct_run.ct@devbox.2012-11-19_15.49.06/tests.xmerl_test.logs/run.2012-11-19_15.49.40/xmerl_sax_std_suite.not-sa01.html"></testcase><testcase group="testcases5" name="not-sa02" time="0.007130" timestamp="2012-11-19T15:50:02" log="/home/karl/tmp/otp_tests/logs/xmerl_test_logs/ct_run.ct@devbox.2012-11-19_15.49.06/tests.xmerl_test.logs/run.2012-11-19_15.49.40/xmerl_sax_std_suite.not-sa02.html"></testcase><testcase group="testcases5" name="not-sa03" time="0.006156" timestamp="2012-11-19T15:50:02" log="/home/karl/tmp/otp_tests/logs/xmerl_test_logs/ct_run.ct@devbox.2012-11-19_15.49.06/tests.xmerl_test.logs/run.2012-11-19_15.49.40/xmerl_sax_std_suite.not-sa03.html"></testcase><testcase group="testcases5" name="not-sa04" time="0.005193" timestamp="2012-11-19T15:50:02" log="/home/karl/tmp/otp_tests/logs/xmerl_test_logs/ct_run.ct@devbox.2012-11-19_15.49.06/tests.xmerl_test.logs/run.2012-11-19_15.49.40/xmerl_sax_std_suite.not-sa04.html"></testcase><testcase group="testcases5" name="notation01" time="0.005203" timestamp="2012-11-19T15:50:02" log="/home/karl/tmp/otp_tests/logs/xmerl_test_logs/ct_run.ct@devbox.2012-11-19_15.49.06/tests.xmerl_test.logs/run.2012-11-19_15.49.40/xmerl_sax_std_suite.notation01.html"></testcase><testcase group="testcases5" name="optional" time="0.005473" timestamp="2012-11-19T15:50:02" log="/home/karl/tmp/otp_tests/logs/xmerl_test_logs/ct_run.ct@devbox.2012-11-19_15.49.06/tests.xmerl_test.logs/run.2012-11-19_15.49.40/xmerl_sax_std_suite.optional.html"></testcase><testcase group="testcases5" name="required00" time="0.004565" timestamp="2012-11-19T15:50:02" log="/home/karl/tmp/otp_tests/logs/xmerl_test_logs/ct_run.ct@devbox.2012-11-19_15.49.06/tests.xmerl_test.logs/run.2012-11-19_15.49.40/xmerl_sax_std_suite.required00.html"></testcase><testcase group="testcases5" name="sa01" time="0.006576" timestamp="2012-11-19T15:50:02" log="/home/karl/tmp/otp_tests/logs/xmerl_test_logs/ct_run.ct@devbox.2012-11-19_15.49.06/tests.xmerl_test.logs/run.2012-11-19_15.49.40/xmerl_sax_std_suite.sa01.html"></testcase><testcase group="testcases5" name="sa02" time="0.005842" timestamp="2012-11-19T15:50:02" log="/home/karl/tmp/otp_tests/logs/xmerl_test_logs/ct_run.ct@devbox.2012-11-19_15.49.06/tests.xmerl_test.logs/run.2012-11-19_15.49.40/xmerl_sax_std_suite.sa02.html"></testcase><testcase group="testcases5" name="sa03" time="0.006176" timestamp="2012-11-19T15:50:02" log="/home/karl/tmp/otp_tests/logs/xmerl_test_logs/ct_run.ct@devbox.2012-11-19_15.49.06/tests.xmerl_test.logs/run.2012-11-19_15.49.40/xmerl_sax_std_suite.sa03.html"></testcase><testcase group="testcases5" name="sa04" time="0.005598" timestamp="2012-11-19T15:50:02" log="/home/karl/tmp/otp_tests/logs/xmerl_test_logs/ct_run.ct@devbox.2012-11-19_15.49.06/tests.xmerl_test.logs/run.2012-11-19_15.49.40/xmerl_sax_std_suite.sa04.html"></testcase><testcase group="testcases5" name="sa05" time="0.005403" timestamp="2012-11-19T15:50:02" log="/home/karl/tmp/otp_tests/logs/xmerl_test_logs/ct_run.ct@devbox.2012-11-19_15.49.06/tests.xmerl_test.logs/run.2012-11-19_15.49.40/xmerl_sax_std_suite.sa05.html"></testcase><testcase group="testcases5" name="v-sgml01" time="0.006306" timestamp="2012-11-19T15:50:02" log="/home/karl/tmp/otp_tests/logs/xmerl_test_logs/ct_run.ct@devbox.2012-11-19_15.49.06/tests.xmerl_test.logs/run.2012-11-19_15.49.40/xmerl_sax_std_suite.v-sgml01.html"></testcase><testcase group="testcases5" name="v-lang01" time="0.004541" timestamp="2012-11-19T15:50:02" log="/home/karl/tmp/otp_tests/logs/xmerl_test_logs/ct_run.ct@devbox.2012-11-19_15.49.06/tests.xmerl_test.logs/run.2012-11-19_15.49.40/xmerl_sax_std_suite.v-lang01.html"></testcase><testcase group="testcases5" name="v-lang02" time="0.004631" timestamp="2012-11-19T15:50:03" log="/home/karl/tmp/otp_tests/logs/xmerl_test_logs/ct_run.ct@devbox.2012-11-19_15.49.06/tests.xmerl_test.logs/run.2012-11-19_15.49.40/xmerl_sax_std_suite.v-lang02.html"></testcase><testcase group="testcases5" name="v-lang03" time="0.004622" timestamp="2012-11-19T15:50:03" log="/home/karl/tmp/otp_tests/logs/xmerl_test_logs/ct_run.ct@devbox.2012-11-19_15.49.06/tests.xmerl_test.logs/run.2012-11-19_15.49.40/xmerl_sax_std_suite.v-lang03.html"></testcase><testcase group="testcases5" name="v-lang04" time="0.004989" timestamp="2012-11-19T15:50:03" log="/home/karl/tmp/otp_tests/logs/xmerl_test_logs/ct_run.ct@devbox.2012-11-19_15.49.06/tests.xmerl_test.logs/run.2012-11-19_15.49.40/xmerl_sax_std_suite.v-lang04.html"></testcase><testcase group="testcases5" name="v-lang05" time="0.004437" timestamp="2012-11-19T15:50:03" log="/home/karl/tmp/otp_tests/logs/xmerl_test_logs/ct_run.ct@devbox.2012-11-19_15.49.06/tests.xmerl_test.logs/run.2012-11-19_15.49.40/xmerl_sax_std_suite.v-lang05.html"></testcase><testcase group="testcases5" name="v-lang06" time="0.004724" timestamp="2012-11-19T15:50:03" log="/home/karl/tmp/otp_tests/logs/xmerl_test_logs/ct_run.ct@devbox.2012-11-19_15.49.06/tests.xmerl_test.logs/run.2012-11-19_15.49.40/xmerl_sax_std_suite.v-lang06.html"></testcase><testcase group="testcases5" name="v-pe00" time="0.005054" timestamp="2012-11-19T15:50:03" log="/home/karl/tmp/otp_tests/logs/xmerl_test_logs/ct_run.ct@devbox.2012-11-19_15.49.06/tests.xmerl_test.logs/run.2012-11-19_15.49.40/xmerl_sax_std_suite.v-pe00.html"></testcase><testcase group="testcases5" name="v-pe03" time="0.004754" timestamp="2012-11-19T15:50:03" log="/home/karl/tmp/otp_tests/logs/xmerl_test_logs/ct_run.ct@devbox.2012-11-19_15.49.06/tests.xmerl_test.logs/run.2012-11-19_15.49.40/xmerl_sax_std_suite.v-pe03.html"></testcase><testcase group="testcases5" name="v-pe02" time="0.005885" timestamp="2012-11-19T15:50:03" log="/home/karl/tmp/otp_tests/logs/xmerl_test_logs/ct_run.ct@devbox.2012-11-19_15.49.06/tests.xmerl_test.logs/run.2012-11-19_15.49.40/xmerl_sax_std_suite.v-pe02.html"></testcase><testcase group="testcases5" name="inv-dtd01" time="0.005007" timestamp="2012-11-19T15:50:03" log="/home/karl/tmp/otp_tests/logs/xmerl_test_logs/ct_run.ct@devbox.2012-11-19_15.49.06/tests.xmerl_test.logs/run.2012-11-19_15.49.40/xmerl_sax_std_suite.inv-dtd01.html"></testcase><testcase group="testcases5" name="inv-dtd02" time="0.005444" timestamp="2012-11-19T15:50:03" log="/home/karl/tmp/otp_tests/logs/xmerl_test_logs/ct_run.ct@devbox.2012-11-19_15.49.06/tests.xmerl_test.logs/run.2012-11-19_15.49.40/xmerl_sax_std_suite.inv-dtd02.html"></testcase><testcase group="testcases5" name="inv-dtd03" time="0.004532" timestamp="2012-11-19T15:50:03" log="/home/karl/tmp/otp_tests/logs/xmerl_test_logs/ct_run.ct@devbox.2012-11-19_15.49.06/tests.xmerl_test.logs/run.2012-11-19_15.49.40/xmerl_sax_std_suite.inv-dtd03.html"></testcase><testcase group="testcases5" name="el01" time="0.004484" timestamp="2012-11-19T15:50:03" log="/home/karl/tmp/otp_tests/logs/xmerl_test_logs/ct_run.ct@devbox.2012-11-19_15.49.06/tests.xmerl_test.logs/run.2012-11-19_15.49.40/xmerl_sax_std_suite.el01.html"></testcase><testcase group="testcases5" name="el02" time="0.010980" timestamp="2012-11-19T15:50:03" log="/home/karl/tmp/otp_tests/logs/xmerl_test_logs/ct_run.ct@devbox.2012-11-19_15.49.06/tests.xmerl_test.logs/run.2012-11-19_15.49.40/xmerl_sax_std_suite.el02.html"></testcase><testcase group="testcases5" name="el03" time="0.005699" timestamp="2012-11-19T15:50:03" log="/home/karl/tmp/otp_tests/logs/xmerl_test_logs/ct_run.ct@devbox.2012-11-19_15.49.06/tests.xmerl_test.logs/run.2012-11-19_15.49.40/xmerl_sax_std_suite.el03.html"></testcase><testcase group="testcases5" name="el04" time="0.006563" timestamp="2012-11-19T15:50:03" log="/home/karl/tmp/otp_tests/logs/xmerl_test_logs/ct_run.ct@devbox.2012-11-19_15.49.06/tests.xmerl_test.logs/run.2012-11-19_15.49.40/xmerl_sax_std_suite.el04.html"></testcase><testcase group="testcases5" name="el05" time="0.004524" timestamp="2012-11-19T15:50:03" log="/home/karl/tmp/otp_tests/logs/xmerl_test_logs/ct_run.ct@devbox.2012-11-19_15.49.06/tests.xmerl_test.logs/run.2012-11-19_15.49.40/xmerl_sax_std_suite.el05.html"></testcase><testcase group="testcases5" name="el06" time="0.007009" timestamp="2012-11-19T15:50:03" log="/home/karl/tmp/otp_tests/logs/xmerl_test_logs/ct_run.ct@devbox.2012-11-19_15.49.06/tests.xmerl_test.logs/run.2012-11-19_15.49.40/xmerl_sax_std_suite.el06.html"></testcase><testcase group="testcases5" name="id01" time="0.011552" timestamp="2012-11-19T15:50:03" log="/home/karl/tmp/otp_tests/logs/xmerl_test_logs/ct_run.ct@devbox.2012-11-19_15.49.06/tests.xmerl_test.logs/run.2012-11-19_15.49.40/xmerl_sax_std_suite.id01.html"></testcase><testcase group="testcases5" name="id02" time="0.008164" timestamp="2012-11-19T15:50:03" log="/home/karl/tmp/otp_tests/logs/xmerl_test_logs/ct_run.ct@devbox.2012-11-19_15.49.06/tests.xmerl_test.logs/run.2012-11-19_15.49.40/xmerl_sax_std_suite.id02.html"></testcase><testcase group="testcases5" name="id03" time="0.007012" timestamp="2012-11-19T15:50:03" log="/home/karl/tmp/otp_tests/logs/xmerl_test_logs/ct_run.ct@devbox.2012-11-19_15.49.06/tests.xmerl_test.logs/run.2012-11-19_15.49.40/xmerl_sax_std_suite.id03.html"></testcase><testcase group="testcases5" name="id04" time="0.009100" timestamp="2012-11-19T15:50:03" log="/home/karl/tmp/otp_tests/logs/xmerl_test_logs/ct_run.ct@devbox.2012-11-19_15.49.06/tests.xmerl_test.logs/run.2012-11-19_15.49.40/xmerl_sax_std_suite.id04.html"></testcase><testcase group="testcases5" name="id05" time="0.006425" timestamp="2012-11-19T15:50:03" log="/home/karl/tmp/otp_tests/logs/xmerl_test_logs/ct_run.ct@devbox.2012-11-19_15.49.06/tests.xmerl_test.logs/run.2012-11-19_15.49.40/xmerl_sax_std_suite.id05.html"></testcase><testcase group="testcases5" name="id06" time="0.007955" timestamp="2012-11-19T15:50:03" log="/home/karl/tmp/otp_tests/logs/xmerl_test_logs/ct_run.ct@devbox.2012-11-19_15.49.06/tests.xmerl_test.logs/run.2012-11-19_15.49.40/xmerl_sax_std_suite.id06.html"></testcase><testcase group="testcases5" name="id07" time="0.008957" timestamp="2012-11-19T15:50:03" log="/home/karl/tmp/otp_tests/logs/xmerl_test_logs/ct_run.ct@devbox.2012-11-19_15.49.06/tests.xmerl_test.logs/run.2012-11-19_15.49.40/xmerl_sax_std_suite.id07.html"></testcase><testcase group="testcases5" name="id08" time="0.006166" timestamp="2012-11-19T15:50:03" log="/home/karl/tmp/otp_tests/logs/xmerl_test_logs/ct_run.ct@devbox.2012-11-19_15.49.06/tests.xmerl_test.logs/run.2012-11-19_15.49.40/xmerl_sax_std_suite.id08.html"></testcase><testcase group="testcases5" name="id09" time="0.013989" timestamp="2012-11-19T15:50:03" log="/home/karl/tmp/otp_tests/logs/xmerl_test_logs/ct_run.ct@devbox.2012-11-19_15.49.06/tests.xmerl_test.logs/run.2012-11-19_15.49.40/xmerl_sax_std_suite.id09.html"></testcase><testcase group="testcases5" name="inv-not-sa01" time="0.010516" timestamp="2012-11-19T15:50:03" log="/home/karl/tmp/otp_tests/logs/xmerl_test_logs/ct_run.ct@devbox.2012-11-19_15.49.06/tests.xmerl_test.logs/run.2012-11-19_15.49.40/xmerl_sax_std_suite.inv-not-sa01.html"></testcase><testcase group="testcases5" name="inv-not-sa02" time="0.009171" timestamp="2012-11-19T15:50:04" log="/home/karl/tmp/otp_tests/logs/xmerl_test_logs/ct_run.ct@devbox.2012-11-19_15.49.06/tests.xmerl_test.logs/run.2012-11-19_15.49.40/xmerl_sax_std_suite.inv-not-sa02.html"></testcase><testcase group="testcases5" name="inv-not-sa04" time="0.011175" timestamp="2012-11-19T15:50:04" log="/home/karl/tmp/otp_tests/logs/xmerl_test_logs/ct_run.ct@devbox.2012-11-19_15.49.06/tests.xmerl_test.logs/run.2012-11-19_15.49.40/xmerl_sax_std_suite.inv-not-sa04.html"></testcase><testcase group="testcases5" name="inv-not-sa05" time="0.009453" timestamp="2012-11-19T15:50:04" log="/home/karl/tmp/otp_tests/logs/xmerl_test_logs/ct_run.ct@devbox.2012-11-19_15.49.06/tests.xmerl_test.logs/run.2012-11-19_15.49.40/xmerl_sax_std_suite.inv-not-sa05.html"></testcase><testcase group="testcases5" name="inv-not-sa06" time="0.007028" timestamp="2012-11-19T15:50:04" log="/home/karl/tmp/otp_tests/logs/xmerl_test_logs/ct_run.ct@devbox.2012-11-19_15.49.06/tests.xmerl_test.logs/run.2012-11-19_15.49.40/xmerl_sax_std_suite.inv-not-sa06.html"></testcase><testcase group="testcases5" name="inv-not-sa07" time="0.007777" timestamp="2012-11-19T15:50:04" log="/home/karl/tmp/otp_tests/logs/xmerl_test_logs/ct_run.ct@devbox.2012-11-19_15.49.06/tests.xmerl_test.logs/run.2012-11-19_15.49.40/xmerl_sax_std_suite.inv-not-sa07.html"></testcase><testcase group="testcases5" name="inv-not-sa08" time="0.009168" timestamp="2012-11-19T15:50:04" log="/home/karl/tmp/otp_tests/logs/xmerl_test_logs/ct_run.ct@devbox.2012-11-19_15.49.06/tests.xmerl_test.logs/run.2012-11-19_15.49.40/xmerl_sax_std_suite.inv-not-sa08.html"></testcase><testcase group="testcases5" name="inv-not-sa09" time="0.007284" timestamp="2012-11-19T15:50:04" log="/home/karl/tmp/otp_tests/logs/xmerl_test_logs/ct_run.ct@devbox.2012-11-19_15.49.06/tests.xmerl_test.logs/run.2012-11-19_15.49.40/xmerl_sax_std_suite.inv-not-sa09.html"></testcase><testcase group="testcases5" name="inv-not-sa10" time="0.005145" timestamp="2012-11-19T15:50:04" log="/home/karl/tmp/otp_tests/logs/xmerl_test_logs/ct_run.ct@devbox.2012-11-19_15.49.06/tests.xmerl_test.logs/run.2012-11-19_15.49.40/xmerl_sax_std_suite.inv-not-sa10.html"></testcase><testcase group="testcases5" name="inv-not-sa11" time="0.006266" timestamp="2012-11-19T15:50:04" log="/home/karl/tmp/otp_tests/logs/xmerl_test_logs/ct_run.ct@devbox.2012-11-19_15.49.06/tests.xmerl_test.logs/run.2012-11-19_15.49.40/xmerl_sax_std_suite.inv-not-sa11.html"></testcase><testcase group="testcases5" name="inv-not-sa12" time="0.005197" timestamp="2012-11-19T15:50:04" log="/home/karl/tmp/otp_tests/logs/xmerl_test_logs/ct_run.ct@devbox.2012-11-19_15.49.06/tests.xmerl_test.logs/run.2012-11-19_15.49.40/xmerl_sax_std_suite.inv-not-sa12.html"></testcase><testcase group="testcases5" name="inv-not-sa13" time="0.006055" timestamp="2012-11-19T15:50:04" log="/home/karl/tmp/otp_tests/logs/xmerl_test_logs/ct_run.ct@devbox.2012-11-19_15.49.06/tests.xmerl_test.logs/run.2012-11-19_15.49.40/xmerl_sax_std_suite.inv-not-sa13.html"></testcase><testcase group="testcases5" name="inv-not-sa14" time="0.006966" timestamp="2012-11-19T15:50:04" log="/home/karl/tmp/otp_tests/logs/xmerl_test_logs/ct_run.ct@devbox.2012-11-19_15.49.06/tests.xmerl_test.logs/run.2012-11-19_15.49.40/xmerl_sax_std_suite.inv-not-sa14.html"></testcase><testcase group="testcases5" name="optional01" time="0.005057" timestamp="2012-11-19T15:50:04" log="/home/karl/tmp/otp_tests/logs/xmerl_test_logs/ct_run.ct@devbox.2012-11-19_15.49.06/tests.xmerl_test.logs/run.2012-11-19_15.49.40/xmerl_sax_std_suite.optional01.html"></testcase><testcase group="testcases5" name="optional02" time="0.005124" timestamp="2012-11-19T15:50:04" log="/home/karl/tmp/otp_tests/logs/xmerl_test_logs/ct_run.ct@devbox.2012-11-19_15.49.06/tests.xmerl_test.logs/run.2012-11-19_15.49.40/xmerl_sax_std_suite.optional02.html"></testcase><testcase group="testcases5" name="optional03" time="0.006126" timestamp="2012-11-19T15:50:04" log="/home/karl/tmp/otp_tests/logs/xmerl_test_logs/ct_run.ct@devbox.2012-11-19_15.49.06/tests.xmerl_test.logs/run.2012-11-19_15.49.40/xmerl_sax_std_suite.optional03.html"></testcase><testcase group="testcases5" name="optional04" time="0.008850" timestamp="2012-11-19T15:50:04" log="/home/karl/tmp/otp_tests/logs/xmerl_test_logs/ct_run.ct@devbox.2012-11-19_15.49.06/tests.xmerl_test.logs/run.2012-11-19_15.49.40/xmerl_sax_std_suite.optional04.html"></testcase><testcase group="testcases5" name="optional05" time="0.006289" timestamp="2012-11-19T15:50:04" log="/home/karl/tmp/otp_tests/logs/xmerl_test_logs/ct_run.ct@devbox.2012-11-19_15.49.06/tests.xmerl_test.logs/run.2012-11-19_15.49.40/xmerl_sax_std_suite.optional05.html"></testcase><testcase group="testcases5" name="optional06" time="0.007924" timestamp="2012-11-19T15:50:04" log="/home/karl/tmp/otp_tests/logs/xmerl_test_logs/ct_run.ct@devbox.2012-11-19_15.49.06/tests.xmerl_test.logs/run.2012-11-19_15.49.40/xmerl_sax_std_suite.optional06.html"></testcase><testcase group="testcases5" name="optional07" time="0.010561" timestamp="2012-11-19T15:50:04" log="/home/karl/tmp/otp_tests/logs/xmerl_test_logs/ct_run.ct@devbox.2012-11-19_15.49.06/tests.xmerl_test.logs/run.2012-11-19_15.49.40/xmerl_sax_std_suite.optional07.html"></testcase><testcase group="testcases5" name="optional08" time="0.005932" timestamp="2012-11-19T15:50:04" log="/home/karl/tmp/otp_tests/logs/xmerl_test_logs/ct_run.ct@devbox.2012-11-19_15.49.06/tests.xmerl_test.logs/run.2012-11-19_15.49.40/xmerl_sax_std_suite.optional08.html"></testcase><testcase group="testcases5" name="optional09" time="0.006689" timestamp="2012-11-19T15:50:04" log="/home/karl/tmp/otp_tests/logs/xmerl_test_logs/ct_run.ct@devbox.2012-11-19_15.49.06/tests.xmerl_test.logs/run.2012-11-19_15.49.40/xmerl_sax_std_suite.optional09.html"></testcase><testcase group="testcases5" name="optional10" time="0.007603" timestamp="2012-11-19T15:50:04" log="/home/karl/tmp/otp_tests/logs/xmerl_test_logs/ct_run.ct@devbox.2012-11-19_15.49.06/tests.xmerl_test.logs/run.2012-11-19_15.49.40/xmerl_sax_std_suite.optional10.html"></testcase><testcase group="testcases5" name="optional11" time="0.004769" timestamp="2012-11-19T15:50:04" log="/home/karl/tmp/otp_tests/logs/xmerl_test_logs/ct_run.ct@devbox.2012-11-19_15.49.06/tests.xmerl_test.logs/run.2012-11-19_15.49.40/xmerl_sax_std_suite.optional11.html"></testcase><testcase group="testcases5" name="optional12" time="0.006915" timestamp="2012-11-19T15:50:04" log="/home/karl/tmp/otp_tests/logs/xmerl_test_logs/ct_run.ct@devbox.2012-11-19_15.49.06/tests.xmerl_test.logs/run.2012-11-19_15.49.40/xmerl_sax_std_suite.optional12.html"></testcase><testcase group="testcases5" name="optional13" time="0.005961" timestamp="2012-11-19T15:50:04" log="/home/karl/tmp/otp_tests/logs/xmerl_test_logs/ct_run.ct@devbox.2012-11-19_15.49.06/tests.xmerl_test.logs/run.2012-11-19_15.49.40/xmerl_sax_std_suite.optional13.html"></testcase><testcase group="testcases5" name="optional14" time="0.006946" timestamp="2012-11-19T15:50:04" log="/home/karl/tmp/otp_tests/logs/xmerl_test_logs/ct_run.ct@devbox.2012-11-19_15.49.06/tests.xmerl_test.logs/run.2012-11-19_15.49.40/xmerl_sax_std_suite.optional14.html"></testcase><testcase group="testcases5" name="optional20" time="0.006651" timestamp="2012-11-19T15:50:04" log="/home/karl/tmp/otp_tests/logs/xmerl_test_logs/ct_run.ct@devbox.2012-11-19_15.49.06/tests.xmerl_test.logs/run.2012-11-19_15.49.40/xmerl_sax_std_suite.optional20.html"></testcase><testcase group="testcases5" name="optional21" time="0.005522" timestamp="2012-11-19T15:50:05" log="/home/karl/tmp/otp_tests/logs/xmerl_test_logs/ct_run.ct@devbox.2012-11-19_15.49.06/tests.xmerl_test.logs/run.2012-11-19_15.49.40/xmerl_sax_std_suite.optional21.html"></testcase><testcase group="testcases5" name="optional22" time="0.005497" timestamp="2012-11-19T15:50:05" log="/home/karl/tmp/otp_tests/logs/xmerl_test_logs/ct_run.ct@devbox.2012-11-19_15.49.06/tests.xmerl_test.logs/run.2012-11-19_15.49.40/xmerl_sax_std_suite.optional22.html"></testcase><testcase group="testcases5" name="optional23" time="0.007496" timestamp="2012-11-19T15:50:05" log="/home/karl/tmp/otp_tests/logs/xmerl_test_logs/ct_run.ct@devbox.2012-11-19_15.49.06/tests.xmerl_test.logs/run.2012-11-19_15.49.40/xmerl_sax_std_suite.optional23.html"></testcase><testcase group="testcases5" name="optional24" time="0.005701" timestamp="2012-11-19T15:50:05" log="/home/karl/tmp/otp_tests/logs/xmerl_test_logs/ct_run.ct@devbox.2012-11-19_15.49.06/tests.xmerl_test.logs/run.2012-11-19_15.49.40/xmerl_sax_std_suite.optional24.html"></testcase><testcase group="testcases5" name="optional25" time="0.006324" timestamp="2012-11-19T15:50:05" log="/home/karl/tmp/otp_tests/logs/xmerl_test_logs/ct_run.ct@devbox.2012-11-19_15.49.06/tests.xmerl_test.logs/run.2012-11-19_15.49.40/xmerl_sax_std_suite.optional25.html"></testcase><testcase group="testcases5" name="inv-required00" time="0.006489" timestamp="2012-11-19T15:50:05" log="/home/karl/tmp/otp_tests/logs/xmerl_test_logs/ct_run.ct@devbox.2012-11-19_15.49.06/tests.xmerl_test.logs/run.2012-11-19_15.49.40/xmerl_sax_std_suite.inv-required00.html"></testcase><testcase group="testcases5" name="inv-required01" time="0.007244" timestamp="2012-11-19T15:50:05" log="/home/karl/tmp/otp_tests/logs/xmerl_test_logs/ct_run.ct@devbox.2012-11-19_15.49.06/tests.xmerl_test.logs/run.2012-11-19_15.49.40/xmerl_sax_std_suite.inv-required01.html"></testcase><testcase group="testcases5" name="inv-required02" time="0.005782" timestamp="2012-11-19T15:50:05" log="/home/karl/tmp/otp_tests/logs/xmerl_test_logs/ct_run.ct@devbox.2012-11-19_15.49.06/tests.xmerl_test.logs/run.2012-11-19_15.49.40/xmerl_sax_std_suite.inv-required02.html"></testcase><testcase group="testcases5" name="root" time="0.006980" timestamp="2012-11-19T15:50:05" log="/home/karl/tmp/otp_tests/logs/xmerl_test_logs/ct_run.ct@devbox.2012-11-19_15.49.06/tests.xmerl_test.logs/run.2012-11-19_15.49.40/xmerl_sax_std_suite.root.html"></testcase><testcase group="testcases5" name="attr01" time="0.005752" timestamp="2012-11-19T15:50:05" log="/home/karl/tmp/otp_tests/logs/xmerl_test_logs/ct_run.ct@devbox.2012-11-19_15.49.06/tests.xmerl_test.logs/run.2012-11-19_15.49.40/xmerl_sax_std_suite.attr01.html"></testcase><testcase group="testcases5" name="attr02" time="0.004744" timestamp="2012-11-19T15:50:05" log="/home/karl/tmp/otp_tests/logs/xmerl_test_logs/ct_run.ct@devbox.2012-11-19_15.49.06/tests.xmerl_test.logs/run.2012-11-19_15.49.40/xmerl_sax_std_suite.attr02.html"></testcase><testcase group="testcases5" name="attr03" time="0.006637" timestamp="2012-11-19T15:50:05" log="/home/karl/tmp/otp_tests/logs/xmerl_test_logs/ct_run.ct@devbox.2012-11-19_15.49.06/tests.xmerl_test.logs/run.2012-11-19_15.49.40/xmerl_sax_std_suite.attr03.html"></testcase><testcase group="testcases5" name="attr04" time="0.005258" timestamp="2012-11-19T15:50:05" log="/home/karl/tmp/otp_tests/logs/xmerl_test_logs/ct_run.ct@devbox.2012-11-19_15.49.06/tests.xmerl_test.logs/run.2012-11-19_15.49.40/xmerl_sax_std_suite.attr04.html"></testcase><testcase group="testcases5" name="attr05" time="0.005361" timestamp="2012-11-19T15:50:05" log="/home/karl/tmp/otp_tests/logs/xmerl_test_logs/ct_run.ct@devbox.2012-11-19_15.49.06/tests.xmerl_test.logs/run.2012-11-19_15.49.40/xmerl_sax_std_suite.attr05.html"></testcase><testcase group="testcases5" name="attr06" time="0.005818" timestamp="2012-11-19T15:50:05" log="/home/karl/tmp/otp_tests/logs/xmerl_test_logs/ct_run.ct@devbox.2012-11-19_15.49.06/tests.xmerl_test.logs/run.2012-11-19_15.49.40/xmerl_sax_std_suite.attr06.html"></testcase><testcase group="testcases5" name="attr07" time="0.005466" timestamp="2012-11-19T15:50:05" log="/home/karl/tmp/otp_tests/logs/xmerl_test_logs/ct_run.ct@devbox.2012-11-19_15.49.06/tests.xmerl_test.logs/run.2012-11-19_15.49.40/xmerl_sax_std_suite.attr07.html"></testcase><testcase group="testcases5" name="attr08" time="0.010443" timestamp="2012-11-19T15:50:05" log="/home/karl/tmp/otp_tests/logs/xmerl_test_logs/ct_run.ct@devbox.2012-11-19_15.49.06/tests.xmerl_test.logs/run.2012-11-19_15.49.40/xmerl_sax_std_suite.attr08.html"></testcase><testcase group="testcases5" name="attr09" time="0.015670" timestamp="2012-11-19T15:50:05" log="/home/karl/tmp/otp_tests/logs/xmerl_test_logs/ct_run.ct@devbox.2012-11-19_15.49.06/tests.xmerl_test.logs/run.2012-11-19_15.49.40/xmerl_sax_std_suite.attr09.html"></testcase><testcase group="testcases5" name="attr10" time="0.018526" timestamp="2012-11-19T15:50:05" log="/home/karl/tmp/otp_tests/logs/xmerl_test_logs/ct_run.ct@devbox.2012-11-19_15.49.06/tests.xmerl_test.logs/run.2012-11-19_15.49.40/xmerl_sax_std_suite.attr10.html"></testcase><testcase group="testcases5" name="attr11" time="0.044928" timestamp="2012-11-19T15:50:05" log="/home/karl/tmp/otp_tests/logs/xmerl_test_logs/ct_run.ct@devbox.2012-11-19_15.49.06/tests.xmerl_test.logs/run.2012-11-19_15.49.40/xmerl_sax_std_suite.attr11.html"></testcase><testcase group="testcases5" name="attr12" time="0.013363" timestamp="2012-11-19T15:50:05" log="/home/karl/tmp/otp_tests/logs/xmerl_test_logs/ct_run.ct@devbox.2012-11-19_15.49.06/tests.xmerl_test.logs/run.2012-11-19_15.49.40/xmerl_sax_std_suite.attr12.html"></testcase><testcase group="testcases5" name="attr13" time="0.007526" timestamp="2012-11-19T15:50:05" log="/home/karl/tmp/otp_tests/logs/xmerl_test_logs/ct_run.ct@devbox.2012-11-19_15.49.06/tests.xmerl_test.logs/run.2012-11-19_15.49.40/xmerl_sax_std_suite.attr13.html"></testcase><testcase group="testcases5" name="attr14" time="0.004844" timestamp="2012-11-19T15:50:06" log="/home/karl/tmp/otp_tests/logs/xmerl_test_logs/ct_run.ct@devbox.2012-11-19_15.49.06/tests.xmerl_test.logs/run.2012-11-19_15.49.40/xmerl_sax_std_suite.attr14.html"></testcase><testcase group="testcases5" name="attr15" time="0.005020" timestamp="2012-11-19T15:50:06" log="/home/karl/tmp/otp_tests/logs/xmerl_test_logs/ct_run.ct@devbox.2012-11-19_15.49.06/tests.xmerl_test.logs/run.2012-11-19_15.49.40/xmerl_sax_std_suite.attr15.html"></testcase><testcase group="testcases5" name="attr16" time="0.006313" timestamp="2012-11-19T15:50:06" log="/home/karl/tmp/otp_tests/logs/xmerl_test_logs/ct_run.ct@devbox.2012-11-19_15.49.06/tests.xmerl_test.logs/run.2012-11-19_15.49.40/xmerl_sax_std_suite.attr16.html"></testcase><testcase group="testcases5" name="utf16b" time="0.011816" timestamp="2012-11-19T15:50:06" log="/home/karl/tmp/otp_tests/logs/xmerl_test_logs/ct_run.ct@devbox.2012-11-19_15.49.06/tests.xmerl_test.logs/run.2012-11-19_15.49.40/xmerl_sax_std_suite.utf16b.html"></testcase><testcase group="testcases5" name="utf16l" time="0.005737" timestamp="2012-11-19T15:50:06" log="/home/karl/tmp/otp_tests/logs/xmerl_test_logs/ct_run.ct@devbox.2012-11-19_15.49.06/tests.xmerl_test.logs/run.2012-11-19_15.49.40/xmerl_sax_std_suite.utf16l.html"></testcase><testcase group="testcases5" name="empty" time="0.005411" timestamp="2012-11-19T15:50:06" log="/home/karl/tmp/otp_tests/logs/xmerl_test_logs/ct_run.ct@devbox.2012-11-19_15.49.06/tests.xmerl_test.logs/run.2012-11-19_15.49.40/xmerl_sax_std_suite.empty.html"></testcase><testcase group="testcases5" name="not-wf-sa03" time="0.005453" timestamp="2012-11-19T15:50:06" log="/home/karl/tmp/otp_tests/logs/xmerl_test_logs/ct_run.ct@devbox.2012-11-19_15.49.06/tests.xmerl_test.logs/run.2012-11-19_15.49.40/xmerl_sax_std_suite.not-wf-sa03.html"><skipped type="skip" message="Test not-wf-sa03 in xmerl_sax_std_SUITE skipped!">{tc_user_skip,{skipped,&quot;Fix 3&quot;}}</skipped></testcase><testcase group="testcases5" name="attlist01" time="0.020782" timestamp="2012-11-19T15:50:06" log="/home/karl/tmp/otp_tests/logs/xmerl_test_logs/ct_run.ct@devbox.2012-11-19_15.49.06/tests.xmerl_test.logs/run.2012-11-19_15.49.40/xmerl_sax_std_suite.attlist01.html"></testcase><testcase group="testcases5" name="attlist02" time="0.008497" timestamp="2012-11-19T15:50:06" log="/home/karl/tmp/otp_tests/logs/xmerl_test_logs/ct_run.ct@devbox.2012-11-19_15.49.06/tests.xmerl_test.logs/run.2012-11-19_15.49.40/xmerl_sax_std_suite.attlist02.html"></testcase><testcase group="testcases5" name="attlist03" time="0.008017" timestamp="2012-11-19T15:50:06" log="/home/karl/tmp/otp_tests/logs/xmerl_test_logs/ct_run.ct@devbox.2012-11-19_15.49.06/tests.xmerl_test.logs/run.2012-11-19_15.49.40/xmerl_sax_std_suite.attlist03.html"><skipped type="skip" message="Test attlist03 in xmerl_sax_std_SUITE skipped!">{tc_user_skip,{skipped,&quot;NYI&quot;}}</skipped></testcase><testcase group="testcases5" name="attlist04" time="0.004891" timestamp="2012-11-19T15:50:06" log="/home/karl/tmp/otp_tests/logs/xmerl_test_logs/ct_run.ct@devbox.2012-11-19_15.49.06/tests.xmerl_test.logs/run.2012-11-19_15.49.40/xmerl_sax_std_suite.attlist04.html"></testcase><testcase group="testcases5" name="attlist05" time="0.013844" timestamp="2012-11-19T15:50:06" log="/home/karl/tmp/otp_tests/logs/xmerl_test_logs/ct_run.ct@devbox.2012-11-19_15.49.06/tests.xmerl_test.logs/run.2012-11-19_15.49.40/xmerl_sax_std_suite.attlist05.html"></testcase><testcase group="testcases5" name="attlist06" time="0.005558" timestamp="2012-11-19T15:50:06" log="/home/karl/tmp/otp_tests/logs/xmerl_test_logs/ct_run.ct@devbox.2012-11-19_15.49.06/tests.xmerl_test.logs/run.2012-11-19_15.49.40/xmerl_sax_std_suite.attlist06.html"></testcase><testcase group="testcases5" name="attlist07" time="0.010033" timestamp="2012-11-19T15:50:06" log="/home/karl/tmp/otp_tests/logs/xmerl_test_logs/ct_run.ct@devbox.2012-11-19_15.49.06/tests.xmerl_test.logs/run.2012-11-19_15.49.40/xmerl_sax_std_suite.attlist07.html"></testcase><testcase group="testcases5" name="attlist08" time="0.008510" timestamp="2012-11-19T15:50:06" log="/home/karl/tmp/otp_tests/logs/xmerl_test_logs/ct_run.ct@devbox.2012-11-19_15.49.06/tests.xmerl_test.logs/run.2012-11-19_15.49.40/xmerl_sax_std_suite.attlist08.html"></testcase><testcase group="testcases5" name="attlist09" time="0.006898" timestamp="2012-11-19T15:50:06" log="/home/karl/tmp/otp_tests/logs/xmerl_test_logs/ct_run.ct@devbox.2012-11-19_15.49.06/tests.xmerl_test.logs/run.2012-11-19_15.49.40/xmerl_sax_std_suite.attlist09.html"></testcase><testcase group="testcases5" name="attlist10" time="0.005613" timestamp="2012-11-19T15:50:06" log="/home/karl/tmp/otp_tests/logs/xmerl_test_logs/ct_run.ct@devbox.2012-11-19_15.49.06/tests.xmerl_test.logs/run.2012-11-19_15.49.40/xmerl_sax_std_suite.attlist10.html"><skipped type="skip" message="Test attlist10 in xmerl_sax_std_SUITE skipped!">{tc_user_skip,{skipped,&quot;NYI&quot;}}</skipped></testcase><testcase group="testcases5" name="attlist11" time="0.009231" timestamp="2012-11-19T15:50:06" log="/home/karl/tmp/otp_tests/logs/xmerl_test_logs/ct_run.ct@devbox.2012-11-19_15.49.06/tests.xmerl_test.logs/run.2012-11-19_15.49.40/xmerl_sax_std_suite.attlist11.html"><skipped type="skip" message="Test attlist11 in xmerl_sax_std_SUITE skipped!">{tc_user_skip,{skipped,&quot;NYI&quot;}}</skipped></testcase><testcase group="testcases5" name="cond01" time="0.022904" timestamp="2012-11-19T15:50:06" log="/home/karl/tmp/otp_tests/logs/xmerl_test_logs/ct_run.ct@devbox.2012-11-19_15.49.06/tests.xmerl_test.logs/run.2012-11-19_15.49.40/xmerl_sax_std_suite.cond01.html"></testcase><testcase group="testcases5" name="cond02" time="0.006015" timestamp="2012-11-19T15:50:06" log="/home/karl/tmp/otp_tests/logs/xmerl_test_logs/ct_run.ct@devbox.2012-11-19_15.49.06/tests.xmerl_test.logs/run.2012-11-19_15.49.40/xmerl_sax_std_suite.cond02.html"></testcase><testcase group="testcases5" name="content01" time="0.005446" timestamp="2012-11-19T15:50:06" log="/home/karl/tmp/otp_tests/logs/xmerl_test_logs/ct_run.ct@devbox.2012-11-19_15.49.06/tests.xmerl_test.logs/run.2012-11-19_15.49.40/xmerl_sax_std_suite.content01.html"><skipped type="skip" message="Test content01 in xmerl_sax_std_SUITE skipped!">{tc_user_skip,{skipped,&quot;NYI&quot;}}</skipped></testcase><testcase group="testcases5" name="content02" time="0.006632" timestamp="2012-11-19T15:50:06" log="/home/karl/tmp/otp_tests/logs/xmerl_test_logs/ct_run.ct@devbox.2012-11-19_15.49.06/tests.xmerl_test.logs/run.2012-11-19_15.49.40/xmerl_sax_std_suite.content02.html"><skipped type="skip" message="Test content02 in xmerl_sax_std_SUITE skipped!">{tc_user_skip,{skipped,&quot;NYI&quot;}}</skipped></testcase><testcase group="testcases5" name="content03" time="0.013913" timestamp="2012-11-19T15:50:06" log="/home/karl/tmp/otp_tests/logs/xmerl_test_logs/ct_run.ct@devbox.2012-11-19_15.49.06/tests.xmerl_test.logs/run.2012-11-19_15.49.40/xmerl_sax_std_suite.content03.html"><skipped type="skip" message="Test content03 in xmerl_sax_std_SUITE skipped!">{tc_user_skip,{skipped,&quot;NYI&quot;}}</skipped></testcase><testcase group="testcases5" name="decl01" time="0.012314" timestamp="2012-11-19T15:50:07" log="/home/karl/tmp/otp_tests/logs/xmerl_test_logs/ct_run.ct@devbox.2012-11-19_15.49.06/tests.xmerl_test.logs/run.2012-11-19_15.49.40/xmerl_sax_std_suite.decl01.html"><skipped type="skip" message="Test decl01 in xmerl_sax_std_SUITE skipped!">{tc_user_skip,{skipped,&quot;NYI&quot;}}</skipped></testcase><testcase group="testcases5" name="nwf-dtd00" time="0.019838" timestamp="2012-11-19T15:50:07" log="/home/karl/tmp/otp_tests/logs/xmerl_test_logs/ct_run.ct@devbox.2012-11-19_15.49.06/tests.xmerl_test.logs/run.2012-11-19_15.49.40/xmerl_sax_std_suite.nwf-dtd00.html"><skipped type="skip" message="Test nwf-dtd00 in xmerl_sax_std_SUITE skipped!">{tc_user_skip,{skipped,&quot;NYI&quot;}}</skipped></testcase><testcase group="testcases5" name="nwf-dtd01" time="0.009126" timestamp="2012-11-19T15:50:07" log="/home/karl/tmp/otp_tests/logs/xmerl_test_logs/ct_run.ct@devbox.2012-11-19_15.49.06/tests.xmerl_test.logs/run.2012-11-19_15.49.40/xmerl_sax_std_suite.nwf-dtd01.html"><skipped type="skip" message="Test nwf-dtd01 in xmerl_sax_std_SUITE skipped!">{tc_user_skip,{skipped,&quot;NYI&quot;}}</skipped></testcase><testcase group="testcases5" name="dtd02" time="0.020511" timestamp="2012-11-19T15:50:07" log="/home/karl/tmp/otp_tests/logs/xmerl_test_logs/ct_run.ct@devbox.2012-11-19_15.49.06/tests.xmerl_test.logs/run.2012-11-19_15.49.40/xmerl_sax_std_suite.dtd02.html"></testcase><testcase group="testcases5" name="dtd03" time="0.009367" timestamp="2012-11-19T15:50:07" log="/home/karl/tmp/otp_tests/logs/xmerl_test_logs/ct_run.ct@devbox.2012-11-19_15.49.06/tests.xmerl_test.logs/run.2012-11-19_15.49.40/xmerl_sax_std_suite.dtd03.html"></testcase><testcase group="testcases5" name="dtd04" time="0.005322" timestamp="2012-11-19T15:50:07" log="/home/karl/tmp/otp_tests/logs/xmerl_test_logs/ct_run.ct@devbox.2012-11-19_15.49.06/tests.xmerl_test.logs/run.2012-11-19_15.49.40/xmerl_sax_std_suite.dtd04.html"></testcase><testcase group="testcases5" name="dtd05" time="0.005276" timestamp="2012-11-19T15:50:07" log="/home/karl/tmp/otp_tests/logs/xmerl_test_logs/ct_run.ct@devbox.2012-11-19_15.49.06/tests.xmerl_test.logs/run.2012-11-19_15.49.40/xmerl_sax_std_suite.dtd05.html"></testcase><testcase group="testcases5" name="dtd07" time="0.005598" timestamp="2012-11-19T15:50:07" log="/home/karl/tmp/otp_tests/logs/xmerl_test_logs/ct_run.ct@devbox.2012-11-19_15.49.06/tests.xmerl_test.logs/run.2012-11-19_15.49.40/xmerl_sax_std_suite.dtd07.html"><skipped type="skip" message="Test dtd07 in xmerl_sax_std_SUITE skipped!">{tc_user_skip,{skipped,&quot;NYI&quot;}}</skipped></testcase><testcase group="testcases5" name="element00" time="0.006929" timestamp="2012-11-19T15:50:07" log="/home/karl/tmp/otp_tests/logs/xmerl_test_logs/ct_run.ct@devbox.2012-11-19_15.49.06/tests.xmerl_test.logs/run.2012-11-19_15.49.40/xmerl_sax_std_suite.element00.html"></testcase><testcase group="testcases5" name="element01" time="0.012868" timestamp="2012-11-19T15:50:07" log="/home/karl/tmp/otp_tests/logs/xmerl_test_logs/ct_run.ct@devbox.2012-11-19_15.49.06/tests.xmerl_test.logs/run.2012-11-19_15.49.40/xmerl_sax_std_suite.element01.html"></testcase><testcase group="testcases5" name="element02" time="0.007290" timestamp="2012-11-19T15:50:07" log="/home/karl/tmp/otp_tests/logs/xmerl_test_logs/ct_run.ct@devbox.2012-11-19_15.49.06/tests.xmerl_test.logs/run.2012-11-19_15.49.40/xmerl_sax_std_suite.element02.html"></testcase><testcase group="testcases5" name="element03" time="0.006595" timestamp="2012-11-19T15:50:07" log="/home/karl/tmp/otp_tests/logs/xmerl_test_logs/ct_run.ct@devbox.2012-11-19_15.49.06/tests.xmerl_test.logs/run.2012-11-19_15.49.40/xmerl_sax_std_suite.element03.html"></testcase><testcase group="testcases5" name="element04" time="0.008988" timestamp="2012-11-19T15:50:07" log="/home/karl/tmp/otp_tests/logs/xmerl_test_logs/ct_run.ct@devbox.2012-11-19_15.49.06/tests.xmerl_test.logs/run.2012-11-19_15.49.40/xmerl_sax_std_suite.element04.html"></testcase><testcase group="testcases5" name="encoding01" time="0.009991" timestamp="2012-11-19T15:50:07" log="/home/karl/tmp/otp_tests/logs/xmerl_test_logs/ct_run.ct@devbox.2012-11-19_15.49.06/tests.xmerl_test.logs/run.2012-11-19_15.49.40/xmerl_sax_std_suite.encoding01.html"></testcase><testcase group="testcases5" name="encoding02" time="0.008298" timestamp="2012-11-19T15:50:07" log="/home/karl/tmp/otp_tests/logs/xmerl_test_logs/ct_run.ct@devbox.2012-11-19_15.49.06/tests.xmerl_test.logs/run.2012-11-19_15.49.40/xmerl_sax_std_suite.encoding02.html"></testcase><testcase group="testcases5" name="encoding03" time="0.007486" timestamp="2012-11-19T15:50:07" log="/home/karl/tmp/otp_tests/logs/xmerl_test_logs/ct_run.ct@devbox.2012-11-19_15.49.06/tests.xmerl_test.logs/run.2012-11-19_15.49.40/xmerl_sax_std_suite.encoding03.html"></testcase><testcase group="testcases5" name="encoding04" time="0.009330" timestamp="2012-11-19T15:50:07" log="/home/karl/tmp/otp_tests/logs/xmerl_test_logs/ct_run.ct@devbox.2012-11-19_15.49.06/tests.xmerl_test.logs/run.2012-11-19_15.49.40/xmerl_sax_std_suite.encoding04.html"></testcase><testcase group="testcases5" name="encoding05" time="0.007452" timestamp="2012-11-19T15:50:07" log="/home/karl/tmp/otp_tests/logs/xmerl_test_logs/ct_run.ct@devbox.2012-11-19_15.49.06/tests.xmerl_test.logs/run.2012-11-19_15.49.40/xmerl_sax_std_suite.encoding05.html"></testcase><testcase group="testcases5" name="encoding06" time="0.007216" timestamp="2012-11-19T15:50:07" log="/home/karl/tmp/otp_tests/logs/xmerl_test_logs/ct_run.ct@devbox.2012-11-19_15.49.06/tests.xmerl_test.logs/run.2012-11-19_15.49.40/xmerl_sax_std_suite.encoding06.html"></testcase><testcase group="testcases5" name="encoding07" time="0.006776" timestamp="2012-11-19T15:50:07" log="/home/karl/tmp/otp_tests/logs/xmerl_test_logs/ct_run.ct@devbox.2012-11-19_15.49.06/tests.xmerl_test.logs/run.2012-11-19_15.49.40/xmerl_sax_std_suite.encoding07.html"><skipped type="skip" message="Test encoding07 in xmerl_sax_std_SUITE skipped!">{tc_user_skip,{skipped,&quot;NYI&quot;}}</skipped></testcase><testcase group="testcases5" name="pi" time="0.005226" timestamp="2012-11-19T15:50:07" log="/home/karl/tmp/otp_tests/logs/xmerl_test_logs/ct_run.ct@devbox.2012-11-19_15.49.06/tests.xmerl_test.logs/run.2012-11-19_15.49.40/xmerl_sax_std_suite.pi.html"></testcase><testcase group="testcases5" name="pubid01" time="0.009335" timestamp="2012-11-19T15:50:07" log="/home/karl/tmp/otp_tests/logs/xmerl_test_logs/ct_run.ct@devbox.2012-11-19_15.49.06/tests.xmerl_test.logs/run.2012-11-19_15.49.40/xmerl_sax_std_suite.pubid01.html"></testcase><testcase group="testcases5" name="pubid02" time="0.008338" timestamp="2012-11-19T15:50:07" log="/home/karl/tmp/otp_tests/logs/xmerl_test_logs/ct_run.ct@devbox.2012-11-19_15.49.06/tests.xmerl_test.logs/run.2012-11-19_15.49.40/xmerl_sax_std_suite.pubid02.html"></testcase><testcase group="testcases5" name="pubid03" time="0.007872" timestamp="2012-11-19T15:50:08" log="/home/karl/tmp/otp_tests/logs/xmerl_test_logs/ct_run.ct@devbox.2012-11-19_15.49.06/tests.xmerl_test.logs/run.2012-11-19_15.49.40/xmerl_sax_std_suite.pubid03.html"></testcase><testcase group="testcases5" name="pubid04" time="0.008472" timestamp="2012-11-19T15:50:08" log="/home/karl/tmp/otp_tests/logs/xmerl_test_logs/ct_run.ct@devbox.2012-11-19_15.49.06/tests.xmerl_test.logs/run.2012-11-19_15.49.40/xmerl_sax_std_suite.pubid04.html"></testcase><testcase group="testcases5" name="pubid05" time="0.006284" timestamp="2012-11-19T15:50:08" log="/home/karl/tmp/otp_tests/logs/xmerl_test_logs/ct_run.ct@devbox.2012-11-19_15.49.06/tests.xmerl_test.logs/run.2012-11-19_15.49.40/xmerl_sax_std_suite.pubid05.html"></testcase><testcase group="testcases5" name="sgml01" time="0.006994" timestamp="2012-11-19T15:50:08" log="/home/karl/tmp/otp_tests/logs/xmerl_test_logs/ct_run.ct@devbox.2012-11-19_15.49.06/tests.xmerl_test.logs/run.2012-11-19_15.49.40/xmerl_sax_std_suite.sgml01.html"></testcase><testcase group="testcases5" name="sgml02" time="0.006575" timestamp="2012-11-19T15:50:08" log="/home/karl/tmp/otp_tests/logs/xmerl_test_logs/ct_run.ct@devbox.2012-11-19_15.49.06/tests.xmerl_test.logs/run.2012-11-19_15.49.40/xmerl_sax_std_suite.sgml02.html"></testcase><testcase group="testcases5" name="sgml03" time="0.011890" timestamp="2012-11-19T15:50:08" log="/home/karl/tmp/otp_tests/logs/xmerl_test_logs/ct_run.ct@devbox.2012-11-19_15.49.06/tests.xmerl_test.logs/run.2012-11-19_15.49.40/xmerl_sax_std_suite.sgml03.html"></testcase><testcase group="testcases5" name="sgml04" time="0.006351" timestamp="2012-11-19T15:50:08" log="/home/karl/tmp/otp_tests/logs/xmerl_test_logs/ct_run.ct@devbox.2012-11-19_15.49.06/tests.xmerl_test.logs/run.2012-11-19_15.49.40/xmerl_sax_std_suite.sgml04.html"></testcase><testcase group="testcases5" name="sgml05" time="0.005797" timestamp="2012-11-19T15:50:08" log="/home/karl/tmp/otp_tests/logs/xmerl_test_logs/ct_run.ct@devbox.2012-11-19_15.49.06/tests.xmerl_test.logs/run.2012-11-19_15.49.40/xmerl_sax_std_suite.sgml05.html"></testcase><testcase group="testcases5" name="sgml06" time="0.006976" timestamp="2012-11-19T15:50:08" log="/home/karl/tmp/otp_tests/logs/xmerl_test_logs/ct_run.ct@devbox.2012-11-19_15.49.06/tests.xmerl_test.logs/run.2012-11-19_15.49.40/xmerl_sax_std_suite.sgml06.html"></testcase><testcase group="testcases5" name="sgml07" time="0.006889" timestamp="2012-11-19T15:50:08" log="/home/karl/tmp/otp_tests/logs/xmerl_test_logs/ct_run.ct@devbox.2012-11-19_15.49.06/tests.xmerl_test.logs/run.2012-11-19_15.49.40/xmerl_sax_std_suite.sgml07.html"><skipped type="skip" message="Test sgml07 in xmerl_sax_std_SUITE skipped!">{tc_user_skip,{skipped,&quot;NYI&quot;}}</skipped></testcase><testcase group="testcases5" name="sgml08" time="0.007015" timestamp="2012-11-19T15:50:08" log="/home/karl/tmp/otp_tests/logs/xmerl_test_logs/ct_run.ct@devbox.2012-11-19_15.49.06/tests.xmerl_test.logs/run.2012-11-19_15.49.40/xmerl_sax_std_suite.sgml08.html"><skipped type="skip" message="Test sgml08 in xmerl_sax_std_SUITE skipped!">{tc_user_skip,{skipped,&quot;NYI&quot;}}</skipped></testcase><testcase group="testcases5" name="sgml09" time="0.019860" timestamp="2012-11-19T15:50:08" log="/home/karl/tmp/otp_tests/logs/xmerl_test_logs/ct_run.ct@devbox.2012-11-19_15.49.06/tests.xmerl_test.logs/run.2012-11-19_15.49.40/xmerl_sax_std_suite.sgml09.html"><skipped type="skip" message="Test sgml09 in xmerl_sax_std_SUITE skipped!">{tc_user_skip,{skipped,&quot;NYI&quot;}}</skipped></testcase><testcase group="testcases5" name="sgml10" time="0.006875" timestamp="2012-11-19T15:50:08" log="/home/karl/tmp/otp_tests/logs/xmerl_test_logs/ct_run.ct@devbox.2012-11-19_15.49.06/tests.xmerl_test.logs/run.2012-11-19_15.49.40/xmerl_sax_std_suite.sgml10.html"><skipped type="skip" message="Test sgml10 in xmerl_sax_std_SUITE skipped!">{tc_user_skip,{skipped,&quot;NYI&quot;}}</skipped></testcase><testcase group="testcases5" name="sgml11" time="0.008942" timestamp="2012-11-19T15:50:08" log="/home/karl/tmp/otp_tests/logs/xmerl_test_logs/ct_run.ct@devbox.2012-11-19_15.49.06/tests.xmerl_test.logs/run.2012-11-19_15.49.40/xmerl_sax_std_suite.sgml11.html"><skipped type="skip" message="Test sgml11 in xmerl_sax_std_SUITE skipped!">{tc_user_skip,{skipped,&quot;NYI&quot;}}</skipped></testcase><testcase group="testcases5" name="sgml12" time="0.008827" timestamp="2012-11-19T15:50:08" log="/home/karl/tmp/otp_tests/logs/xmerl_test_logs/ct_run.ct@devbox.2012-11-19_15.49.06/tests.xmerl_test.logs/run.2012-11-19_15.49.40/xmerl_sax_std_suite.sgml12.html"><skipped type="skip" message="Test sgml12 in xmerl_sax_std_SUITE skipped!">{tc_user_skip,{skipped,&quot;NYI&quot;}}</skipped></testcase><testcase group="testcases5" name="sgml13" time="0.025165" timestamp="2012-11-19T15:50:08" log="/home/karl/tmp/otp_tests/logs/xmerl_test_logs/ct_run.ct@devbox.2012-11-19_15.49.06/tests.xmerl_test.logs/run.2012-11-19_15.49.40/xmerl_sax_std_suite.sgml13.html"><skipped type="skip" message="Test sgml13 in xmerl_sax_std_SUITE skipped!">{tc_user_skip,{skipped,&quot;NYI&quot;}}</skipped></testcase><testcase group="testcases5" name="uri01" time="0.019390" timestamp="2012-11-19T15:50:08" log="/home/karl/tmp/otp_tests/logs/xmerl_test_logs/ct_run.ct@devbox.2012-11-19_15.49.06/tests.xmerl_test.logs/run.2012-11-19_15.49.40/xmerl_sax_std_suite.uri01.html"><skipped type="skip" message="Test uri01 in xmerl_sax_std_SUITE skipped!">{tc_user_skip,{skipped,&quot;NYI&quot;}}</skipped></testcase><testcase group="testcases5" name="end_per_group" time="0.013620" timestamp="2012-11-19T15:50:08" log="/home/karl/tmp/otp_tests/logs/xmerl_test_logs/ct_run.ct@devbox.2012-11-19_15.49.06/tests.xmerl_test.logs/run.2012-11-19_15.49.40/xmerl_sax_std_suite.end_per_group.336608.890.html"></testcase><testcase group="testcases6" name="init_per_group" time="0.011917" timestamp="2012-11-19T15:50:08" log="/home/karl/tmp/otp_tests/logs/xmerl_test_logs/ct_run.ct@devbox.2012-11-19_15.49.06/tests.xmerl_test.logs/run.2012-11-19_15.49.40/xmerl_sax_std_suite.init_per_group.336608.947.html"></testcase><testcase group="testcases6.testcases7" name="init_per_group" time="0.006839" timestamp="2012-11-19T15:50:09" log="/home/karl/tmp/otp_tests/logs/xmerl_test_logs/ct_run.ct@devbox.2012-11-19_15.49.06/tests.xmerl_test.logs/run.2012-11-19_15.49.40/xmerl_sax_std_suite.init_per_group.336608.996.html"></testcase><testcase group="testcases6.testcases7" name="o-p01pass2" time="0.010487" timestamp="2012-11-19T15:50:09" log="/home/karl/tmp/otp_tests/logs/xmerl_test_logs/ct_run.ct@devbox.2012-11-19_15.49.06/tests.xmerl_test.logs/run.2012-11-19_15.49.40/xmerl_sax_std_suite.o-p01pass2.html"></testcase><testcase group="testcases6.testcases7" name="o-p06pass1" time="0.008262" timestamp="2012-11-19T15:50:09" log="/home/karl/tmp/otp_tests/logs/xmerl_test_logs/ct_run.ct@devbox.2012-11-19_15.49.06/tests.xmerl_test.logs/run.2012-11-19_15.49.40/xmerl_sax_std_suite.o-p06pass1.html"></testcase><testcase group="testcases6.testcases7" name="o-p07pass1" time="0.011631" timestamp="2012-11-19T15:50:09" log="/home/karl/tmp/otp_tests/logs/xmerl_test_logs/ct_run.ct@devbox.2012-11-19_15.49.06/tests.xmerl_test.logs/run.2012-11-19_15.49.40/xmerl_sax_std_suite.o-p07pass1.html"></testcase><testcase group="testcases6.testcases7" name="o-p08pass1" time="0.009064" timestamp="2012-11-19T15:50:09" log="/home/karl/tmp/otp_tests/logs/xmerl_test_logs/ct_run.ct@devbox.2012-11-19_15.49.06/tests.xmerl_test.logs/run.2012-11-19_15.49.40/xmerl_sax_std_suite.o-p08pass1.html"></testcase><testcase group="testcases6.testcases7" name="o-p09pass1" time="0.009558" timestamp="2012-11-19T15:50:09" log="/home/karl/tmp/otp_tests/logs/xmerl_test_logs/ct_run.ct@devbox.2012-11-19_15.49.06/tests.xmerl_test.logs/run.2012-11-19_15.49.40/xmerl_sax_std_suite.o-p09pass1.html"></testcase><testcase group="testcases6.testcases7" name="o-p12pass1" time="0.007831" timestamp="2012-11-19T15:50:09" log="/home/karl/tmp/otp_tests/logs/xmerl_test_logs/ct_run.ct@devbox.2012-11-19_15.49.06/tests.xmerl_test.logs/run.2012-11-19_15.49.40/xmerl_sax_std_suite.o-p12pass1.html"><skipped type="skip" message="Test o-p12pass1 in xmerl_sax_std_SUITE skipped!">{tc_user_skip,{skipped,&quot;NYI&quot;}}</skipped></testcase><testcase group="testcases6.testcases7" name="o-p22pass4" time="0.023279" timestamp="2012-11-19T15:50:09" log="/home/karl/tmp/otp_tests/logs/xmerl_test_logs/ct_run.ct@devbox.2012-11-19_15.49.06/tests.xmerl_test.logs/run.2012-11-19_15.49.40/xmerl_sax_std_suite.o-p22pass4.html"></testcase><testcase group="testcases6.testcases7" name="o-p22pass5" time="0.006186" timestamp="2012-11-19T15:50:09" log="/home/karl/tmp/otp_tests/logs/xmerl_test_logs/ct_run.ct@devbox.2012-11-19_15.49.06/tests.xmerl_test.logs/run.2012-11-19_15.49.40/xmerl_sax_std_suite.o-p22pass5.html"></testcase><testcase group="testcases6.testcases7" name="o-p22pass6" time="0.012526" timestamp="2012-11-19T15:50:09" log="/home/karl/tmp/otp_tests/logs/xmerl_test_logs/ct_run.ct@devbox.2012-11-19_15.49.06/tests.xmerl_test.logs/run.2012-11-19_15.49.40/xmerl_sax_std_suite.o-p22pass6.html"></testcase><testcase group="testcases6.testcases7" name="o-p28pass1" time="0.005958" timestamp="2012-11-19T15:50:09" log="/home/karl/tmp/otp_tests/logs/xmerl_test_logs/ct_run.ct@devbox.2012-11-19_15.49.06/tests.xmerl_test.logs/run.2012-11-19_15.49.40/xmerl_sax_std_suite.o-p28pass1.html"></testcase><testcase group="testcases6.testcases7" name="o-p28pass3" time="0.008908" timestamp="2012-11-19T15:50:09" log="/home/karl/tmp/otp_tests/logs/xmerl_test_logs/ct_run.ct@devbox.2012-11-19_15.49.06/tests.xmerl_test.logs/run.2012-11-19_15.49.40/xmerl_sax_std_suite.o-p28pass3.html"></testcase><testcase group="testcases6.testcases7" name="o-p28pass4" time="0.005761" timestamp="2012-11-19T15:50:09" log="/home/karl/tmp/otp_tests/logs/xmerl_test_logs/ct_run.ct@devbox.2012-11-19_15.49.06/tests.xmerl_test.logs/run.2012-11-19_15.49.40/xmerl_sax_std_suite.o-p28pass4.html"></testcase><testcase group="testcases6.testcases7" name="o-p28pass5" time="0.009832" timestamp="2012-11-19T15:50:09" log="/home/karl/tmp/otp_tests/logs/xmerl_test_logs/ct_run.ct@devbox.2012-11-19_15.49.06/tests.xmerl_test.logs/run.2012-11-19_15.49.40/xmerl_sax_std_suite.o-p28pass5.html"><skipped type="skip" message="Test o-p28pass5 in xmerl_sax_std_SUITE skipped!">{tc_user_skip,{skipped,&quot;NYI&quot;}}</skipped></testcase><testcase group="testcases6.testcases7" name="o-p29pass1" time="0.022090" timestamp="2012-11-19T15:50:09" log="/home/karl/tmp/otp_tests/logs/xmerl_test_logs/ct_run.ct@devbox.2012-11-19_15.49.06/tests.xmerl_test.logs/run.2012-11-19_15.49.40/xmerl_sax_std_suite.o-p29pass1.html"></testcase><testcase group="testcases6.testcases7" name="o-p30pass1" time="0.013720" timestamp="2012-11-19T15:50:09" log="/home/karl/tmp/otp_tests/logs/xmerl_test_logs/ct_run.ct@devbox.2012-11-19_15.49.06/tests.xmerl_test.logs/run.2012-11-19_15.49.40/xmerl_sax_std_suite.o-p30pass1.html"></testcase><testcase group="testcases6.testcases7" name="o-p30pass2" time="0.016879" timestamp="2012-11-19T15:50:09" log="/home/karl/tmp/otp_tests/logs/xmerl_test_logs/ct_run.ct@devbox.2012-11-19_15.49.06/tests.xmerl_test.logs/run.2012-11-19_15.49.40/xmerl_sax_std_suite.o-p30pass2.html"><skipped type="skip" message="Test o-p30pass2 in xmerl_sax_std_SUITE skipped!">{tc_user_skip,{skipped,&quot;NYI&quot;}}</skipped></testcase><testcase group="testcases6.testcases7" name="o-p31pass1" time="0.015386" timestamp="2012-11-19T15:50:09" log="/home/karl/tmp/otp_tests/logs/xmerl_test_logs/ct_run.ct@devbox.2012-11-19_15.49.06/tests.xmerl_test.logs/run.2012-11-19_15.49.40/xmerl_sax_std_suite.o-p31pass1.html"></testcase><testcase group="testcases6.testcases7" name="o-p31pass2" time="0.008095" timestamp="2012-11-19T15:50:09" log="/home/karl/tmp/otp_tests/logs/xmerl_test_logs/ct_run.ct@devbox.2012-11-19_15.49.06/tests.xmerl_test.logs/run.2012-11-19_15.49.40/xmerl_sax_std_suite.o-p31pass2.html"><skipped type="skip" message="Test o-p31pass2 in xmerl_sax_std_SUITE skipped!">{tc_user_skip,{skipped,&quot;NYI&quot;}}</skipped></testcase><testcase group="testcases6.testcases7" name="o-p43pass1" time="0.016892" timestamp="2012-11-19T15:50:09" log="/home/karl/tmp/otp_tests/logs/xmerl_test_logs/ct_run.ct@devbox.2012-11-19_15.49.06/tests.xmerl_test.logs/run.2012-11-19_15.49.40/xmerl_sax_std_suite.o-p43pass1.html"></testcase><testcase group="testcases6.testcases7" name="o-p45pass1" time="0.014042" timestamp="2012-11-19T15:50:09" log="/home/karl/tmp/otp_tests/logs/xmerl_test_logs/ct_run.ct@devbox.2012-11-19_15.49.06/tests.xmerl_test.logs/run.2012-11-19_15.49.40/xmerl_sax_std_suite.o-p45pass1.html"></testcase><testcase group="testcases6.testcases7" name="o-p46pass1" time="0.018638" timestamp="2012-11-19T15:50:09" log="/home/karl/tmp/otp_tests/logs/xmerl_test_logs/ct_run.ct@devbox.2012-11-19_15.49.06/tests.xmerl_test.logs/run.2012-11-19_15.49.40/xmerl_sax_std_suite.o-p46pass1.html"></testcase><testcase group="testcases6.testcases7" name="o-p47pass1" time="0.012351" timestamp="2012-11-19T15:50:10" log="/home/karl/tmp/otp_tests/logs/xmerl_test_logs/ct_run.ct@devbox.2012-11-19_15.49.06/tests.xmerl_test.logs/run.2012-11-19_15.49.40/xmerl_sax_std_suite.o-p47pass1.html"></testcase><testcase group="testcases6.testcases7" name="o-p48pass1" time="0.011187" timestamp="2012-11-19T15:50:10" log="/home/karl/tmp/otp_tests/logs/xmerl_test_logs/ct_run.ct@devbox.2012-11-19_15.49.06/tests.xmerl_test.logs/run.2012-11-19_15.49.40/xmerl_sax_std_suite.o-p48pass1.html"></testcase><testcase group="testcases6.testcases7" name="o-p49pass1" time="0.011915" timestamp="2012-11-19T15:50:10" log="/home/karl/tmp/otp_tests/logs/xmerl_test_logs/ct_run.ct@devbox.2012-11-19_15.49.06/tests.xmerl_test.logs/run.2012-11-19_15.49.40/xmerl_sax_std_suite.o-p49pass1.html"></testcase><testcase group="testcases6.testcases7" name="o-p50pass1" time="0.011555" timestamp="2012-11-19T15:50:10" log="/home/karl/tmp/otp_tests/logs/xmerl_test_logs/ct_run.ct@devbox.2012-11-19_15.49.06/tests.xmerl_test.logs/run.2012-11-19_15.49.40/xmerl_sax_std_suite.o-p50pass1.html"></testcase><testcase group="testcases6.testcases7" name="o-p51pass1" time="0.017087" timestamp="2012-11-19T15:50:10" log="/home/karl/tmp/otp_tests/logs/xmerl_test_logs/ct_run.ct@devbox.2012-11-19_15.49.06/tests.xmerl_test.logs/run.2012-11-19_15.49.40/xmerl_sax_std_suite.o-p51pass1.html"></testcase><testcase group="testcases6.testcases7" name="o-p52pass1" time="0.010740" timestamp="2012-11-19T15:50:10" log="/home/karl/tmp/otp_tests/logs/xmerl_test_logs/ct_run.ct@devbox.2012-11-19_15.49.06/tests.xmerl_test.logs/run.2012-11-19_15.49.40/xmerl_sax_std_suite.o-p52pass1.html"></testcase><testcase group="testcases6.testcases7" name="o-p53pass1" time="0.011796" timestamp="2012-11-19T15:50:10" log="/home/karl/tmp/otp_tests/logs/xmerl_test_logs/ct_run.ct@devbox.2012-11-19_15.49.06/tests.xmerl_test.logs/run.2012-11-19_15.49.40/xmerl_sax_std_suite.o-p53pass1.html"></testcase><testcase group="testcases6.testcases7" name="o-p54pass1" time="0.013079" timestamp="2012-11-19T15:50:10" log="/home/karl/tmp/otp_tests/logs/xmerl_test_logs/ct_run.ct@devbox.2012-11-19_15.49.06/tests.xmerl_test.logs/run.2012-11-19_15.49.40/xmerl_sax_std_suite.o-p54pass1.html"></testcase><testcase group="testcases6.testcases7" name="o-p55pass1" time="0.012293" timestamp="2012-11-19T15:50:10" log="/home/karl/tmp/otp_tests/logs/xmerl_test_logs/ct_run.ct@devbox.2012-11-19_15.49.06/tests.xmerl_test.logs/run.2012-11-19_15.49.40/xmerl_sax_std_suite.o-p55pass1.html"></testcase><testcase group="testcases6.testcases7" name="o-p56pass1" time="0.011309" timestamp="2012-11-19T15:50:10" log="/home/karl/tmp/otp_tests/logs/xmerl_test_logs/ct_run.ct@devbox.2012-11-19_15.49.06/tests.xmerl_test.logs/run.2012-11-19_15.49.40/xmerl_sax_std_suite.o-p56pass1.html"></testcase><testcase group="testcases6.testcases7" name="o-p57pass1" time="0.013092" timestamp="2012-11-19T15:50:10" log="/home/karl/tmp/otp_tests/logs/xmerl_test_logs/ct_run.ct@devbox.2012-11-19_15.49.06/tests.xmerl_test.logs/run.2012-11-19_15.49.40/xmerl_sax_std_suite.o-p57pass1.html"></testcase><testcase group="testcases6.testcases7" name="o-p58pass1" time="0.010861" timestamp="2012-11-19T15:50:10" log="/home/karl/tmp/otp_tests/logs/xmerl_test_logs/ct_run.ct@devbox.2012-11-19_15.49.06/tests.xmerl_test.logs/run.2012-11-19_15.49.40/xmerl_sax_std_suite.o-p58pass1.html"></testcase><testcase group="testcases6.testcases7" name="o-p59pass1" time="0.011528" timestamp="2012-11-19T15:50:10" log="/home/karl/tmp/otp_tests/logs/xmerl_test_logs/ct_run.ct@devbox.2012-11-19_15.49.06/tests.xmerl_test.logs/run.2012-11-19_15.49.40/xmerl_sax_std_suite.o-p59pass1.html"></testcase><testcase group="testcases6.testcases7" name="o-p60pass1" time="0.011134" timestamp="2012-11-19T15:50:10" log="/home/karl/tmp/otp_tests/logs/xmerl_test_logs/ct_run.ct@devbox.2012-11-19_15.49.06/tests.xmerl_test.logs/run.2012-11-19_15.49.40/xmerl_sax_std_suite.o-p60pass1.html"></testcase><testcase group="testcases6.testcases7" name="o-p61pass1" time="0.012221" timestamp="2012-11-19T15:50:10" log="/home/karl/tmp/otp_tests/logs/xmerl_test_logs/ct_run.ct@devbox.2012-11-19_15.49.06/tests.xmerl_test.logs/run.2012-11-19_15.49.40/xmerl_sax_std_suite.o-p61pass1.html"><skipped type="skip" message="Test o-p61pass1 in xmerl_sax_std_SUITE skipped!">{tc_user_skip,{skipped,&quot;NYI&quot;}}</skipped></testcase><testcase group="testcases6.testcases7" name="o-p62pass1" time="0.012795" timestamp="2012-11-19T15:50:10" log="/home/karl/tmp/otp_tests/logs/xmerl_test_logs/ct_run.ct@devbox.2012-11-19_15.49.06/tests.xmerl_test.logs/run.2012-11-19_15.49.40/xmerl_sax_std_suite.o-p62pass1.html"><skipped type="skip" message="Test o-p62pass1 in xmerl_sax_std_SUITE skipped!">{tc_user_skip,{skipped,&quot;NYI&quot;}}</skipped></testcase><testcase group="testcases6.testcases7" name="o-p63pass1" time="0.019534" timestamp="2012-11-19T15:50:10" log="/home/karl/tmp/otp_tests/logs/xmerl_test_logs/ct_run.ct@devbox.2012-11-19_15.49.06/tests.xmerl_test.logs/run.2012-11-19_15.49.40/xmerl_sax_std_suite.o-p63pass1.html"><skipped type="skip" message="Test o-p63pass1 in xmerl_sax_std_SUITE skipped!">{tc_user_skip,{skipped,&quot;NYI&quot;}}</skipped></testcase><testcase group="testcases6.testcases7" name="o-p64pass1" time="0.006191" timestamp="2012-11-19T15:50:10" log="/home/karl/tmp/otp_tests/logs/xmerl_test_logs/ct_run.ct@devbox.2012-11-19_15.49.06/tests.xmerl_test.logs/run.2012-11-19_15.49.40/xmerl_sax_std_suite.o-p64pass1.html"><skipped type="skip" message="Test o-p64pass1 in xmerl_sax_std_SUITE skipped!">{tc_user_skip,{skipped,&quot;NYI&quot;}}</skipped></testcase><testcase group="testcases6.testcases7" name="o-p68pass1" time="0.029259" timestamp="2012-11-19T15:50:10" log="/home/karl/tmp/otp_tests/logs/xmerl_test_logs/ct_run.ct@devbox.2012-11-19_15.49.06/tests.xmerl_test.logs/run.2012-11-19_15.49.40/xmerl_sax_std_suite.o-p68pass1.html"></testcase><testcase group="testcases6.testcases7" name="o-p69pass1" time="0.009560" timestamp="2012-11-19T15:50:11" log="/home/karl/tmp/otp_tests/logs/xmerl_test_logs/ct_run.ct@devbox.2012-11-19_15.49.06/tests.xmerl_test.logs/run.2012-11-19_15.49.40/xmerl_sax_std_suite.o-p69pass1.html"></testcase><testcase group="testcases6.testcases7" name="o-p70pass1" time="0.010296" timestamp="2012-11-19T15:50:11" log="/home/karl/tmp/otp_tests/logs/xmerl_test_logs/ct_run.ct@devbox.2012-11-19_15.49.06/tests.xmerl_test.logs/run.2012-11-19_15.49.40/xmerl_sax_std_suite.o-p70pass1.html"></testcase><testcase group="testcases6.testcases7" name="o-p71pass1" time="0.008773" timestamp="2012-11-19T15:50:11" log="/home/karl/tmp/otp_tests/logs/xmerl_test_logs/ct_run.ct@devbox.2012-11-19_15.49.06/tests.xmerl_test.logs/run.2012-11-19_15.49.40/xmerl_sax_std_suite.o-p71pass1.html"></testcase><testcase group="testcases6.testcases7" name="o-p72pass1" time="0.009374" timestamp="2012-11-19T15:50:11" log="/home/karl/tmp/otp_tests/logs/xmerl_test_logs/ct_run.ct@devbox.2012-11-19_15.49.06/tests.xmerl_test.logs/run.2012-11-19_15.49.40/xmerl_sax_std_suite.o-p72pass1.html"></testcase><testcase group="testcases6.testcases7" name="o-p73pass1" time="0.014307" timestamp="2012-11-19T15:50:11" log="/home/karl/tmp/otp_tests/logs/xmerl_test_logs/ct_run.ct@devbox.2012-11-19_15.49.06/tests.xmerl_test.logs/run.2012-11-19_15.49.40/xmerl_sax_std_suite.o-p73pass1.html"></testcase><testcase group="testcases6.testcases7" name="o-p76pass1" time="0.008688" timestamp="2012-11-19T15:50:11" log="/home/karl/tmp/otp_tests/logs/xmerl_test_logs/ct_run.ct@devbox.2012-11-19_15.49.06/tests.xmerl_test.logs/run.2012-11-19_15.49.40/xmerl_sax_std_suite.o-p76pass1.html"></testcase><testcase group="testcases6.testcases7" name="o-p01pass1" time="0.009457" timestamp="2012-11-19T15:50:11" log="/home/karl/tmp/otp_tests/logs/xmerl_test_logs/ct_run.ct@devbox.2012-11-19_15.49.06/tests.xmerl_test.logs/run.2012-11-19_15.49.40/xmerl_sax_std_suite.o-p01pass1.html"></testcase><testcase group="testcases6.testcases7" name="o-p01pass3" time="0.012424" timestamp="2012-11-19T15:50:11" log="/home/karl/tmp/otp_tests/logs/xmerl_test_logs/ct_run.ct@devbox.2012-11-19_15.49.06/tests.xmerl_test.logs/run.2012-11-19_15.49.40/xmerl_sax_std_suite.o-p01pass3.html"></testcase><testcase group="testcases6.testcases7" name="o-p03pass1" time="0.008896" timestamp="2012-11-19T15:50:11" log="/home/karl/tmp/otp_tests/logs/xmerl_test_logs/ct_run.ct@devbox.2012-11-19_15.49.06/tests.xmerl_test.logs/run.2012-11-19_15.49.40/xmerl_sax_std_suite.o-p03pass1.html"></testcase><testcase group="testcases6.testcases7" name="o-p04pass1" time="0.009827" timestamp="2012-11-19T15:50:11" log="/home/karl/tmp/otp_tests/logs/xmerl_test_logs/ct_run.ct@devbox.2012-11-19_15.49.06/tests.xmerl_test.logs/run.2012-11-19_15.49.40/xmerl_sax_std_suite.o-p04pass1.html"></testcase><testcase group="testcases6.testcases7" name="o-p05pass1" time="0.012137" timestamp="2012-11-19T15:50:11" log="/home/karl/tmp/otp_tests/logs/xmerl_test_logs/ct_run.ct@devbox.2012-11-19_15.49.06/tests.xmerl_test.logs/run.2012-11-19_15.49.40/xmerl_sax_std_suite.o-p05pass1.html"></testcase><testcase group="testcases6.testcases7" name="o-p06fail1" time="0.009778" timestamp="2012-11-19T15:50:11" log="/home/karl/tmp/otp_tests/logs/xmerl_test_logs/ct_run.ct@devbox.2012-11-19_15.49.06/tests.xmerl_test.logs/run.2012-11-19_15.49.40/xmerl_sax_std_suite.o-p06fail1.html"></testcase><testcase group="testcases6.testcases7" name="o-p08fail1" time="0.010580" timestamp="2012-11-19T15:50:11" log="/home/karl/tmp/otp_tests/logs/xmerl_test_logs/ct_run.ct@devbox.2012-11-19_15.49.06/tests.xmerl_test.logs/run.2012-11-19_15.49.40/xmerl_sax_std_suite.o-p08fail1.html"></testcase><testcase group="testcases6.testcases7" name="o-p08fail2" time="0.011801" timestamp="2012-11-19T15:50:11" log="/home/karl/tmp/otp_tests/logs/xmerl_test_logs/ct_run.ct@devbox.2012-11-19_15.49.06/tests.xmerl_test.logs/run.2012-11-19_15.49.40/xmerl_sax_std_suite.o-p08fail2.html"></testcase><testcase group="testcases6.testcases7" name="o-p10pass1" time="0.009068" timestamp="2012-11-19T15:50:11" log="/home/karl/tmp/otp_tests/logs/xmerl_test_logs/ct_run.ct@devbox.2012-11-19_15.49.06/tests.xmerl_test.logs/run.2012-11-19_15.49.40/xmerl_sax_std_suite.o-p10pass1.html"></testcase><testcase group="testcases6.testcases7" name="o-p14pass1" time="0.009701" timestamp="2012-11-19T15:50:11" log="/home/karl/tmp/otp_tests/logs/xmerl_test_logs/ct_run.ct@devbox.2012-11-19_15.49.06/tests.xmerl_test.logs/run.2012-11-19_15.49.40/xmerl_sax_std_suite.o-p14pass1.html"></testcase><testcase group="testcases6.testcases7" name="o-p15pass1" time="0.012027" timestamp="2012-11-19T15:50:11" log="/home/karl/tmp/otp_tests/logs/xmerl_test_logs/ct_run.ct@devbox.2012-11-19_15.49.06/tests.xmerl_test.logs/run.2012-11-19_15.49.40/xmerl_sax_std_suite.o-p15pass1.html"></testcase><testcase group="testcases6.testcases7" name="o-p16pass1" time="0.009253" timestamp="2012-11-19T15:50:11" log="/home/karl/tmp/otp_tests/logs/xmerl_test_logs/ct_run.ct@devbox.2012-11-19_15.49.06/tests.xmerl_test.logs/run.2012-11-19_15.49.40/xmerl_sax_std_suite.o-p16pass1.html"></testcase><testcase group="testcases6.testcases7" name="o-p16pass2" time="0.009891" timestamp="2012-11-19T15:50:11" log="/home/karl/tmp/otp_tests/logs/xmerl_test_logs/ct_run.ct@devbox.2012-11-19_15.49.06/tests.xmerl_test.logs/run.2012-11-19_15.49.40/xmerl_sax_std_suite.o-p16pass2.html"></testcase><testcase group="testcases6.testcases7" name="o-p16pass3" time="0.012255" timestamp="2012-11-19T15:50:11" log="/home/karl/tmp/otp_tests/logs/xmerl_test_logs/ct_run.ct@devbox.2012-11-19_15.49.06/tests.xmerl_test.logs/run.2012-11-19_15.49.40/xmerl_sax_std_suite.o-p16pass3.html"></testcase><testcase group="testcases6.testcases7" name="o-p18pass1" time="0.009031" timestamp="2012-11-19T15:50:11" log="/home/karl/tmp/otp_tests/logs/xmerl_test_logs/ct_run.ct@devbox.2012-11-19_15.49.06/tests.xmerl_test.logs/run.2012-11-19_15.49.40/xmerl_sax_std_suite.o-p18pass1.html"></testcase><testcase group="testcases6.testcases7" name="o-p22pass1" time="0.009829" timestamp="2012-11-19T15:50:11" log="/home/karl/tmp/otp_tests/logs/xmerl_test_logs/ct_run.ct@devbox.2012-11-19_15.49.06/tests.xmerl_test.logs/run.2012-11-19_15.49.40/xmerl_sax_std_suite.o-p22pass1.html"></testcase><testcase group="testcases6.testcases7" name="o-p22pass2" time="0.011254" timestamp="2012-11-19T15:50:11" log="/home/karl/tmp/otp_tests/logs/xmerl_test_logs/ct_run.ct@devbox.2012-11-19_15.49.06/tests.xmerl_test.logs/run.2012-11-19_15.49.40/xmerl_sax_std_suite.o-p22pass2.html"></testcase><testcase group="testcases6.testcases7" name="o-p22pass3" time="0.010412" timestamp="2012-11-19T15:50:12" log="/home/karl/tmp/otp_tests/logs/xmerl_test_logs/ct_run.ct@devbox.2012-11-19_15.49.06/tests.xmerl_test.logs/run.2012-11-19_15.49.40/xmerl_sax_std_suite.o-p22pass3.html"></testcase><testcase group="testcases6.testcases7" name="o-p23pass1" time="0.009855" timestamp="2012-11-19T15:50:12" log="/home/karl/tmp/otp_tests/logs/xmerl_test_logs/ct_run.ct@devbox.2012-11-19_15.49.06/tests.xmerl_test.logs/run.2012-11-19_15.49.40/xmerl_sax_std_suite.o-p23pass1.html"></testcase><testcase group="testcases6.testcases7" name="o-p23pass2" time="0.012829" timestamp="2012-11-19T15:50:12" log="/home/karl/tmp/otp_tests/logs/xmerl_test_logs/ct_run.ct@devbox.2012-11-19_15.49.06/tests.xmerl_test.logs/run.2012-11-19_15.49.40/xmerl_sax_std_suite.o-p23pass2.html"></testcase><testcase group="testcases6.testcases7" name="o-p23pass3" time="0.022659" timestamp="2012-11-19T15:50:12" log="/home/karl/tmp/otp_tests/logs/xmerl_test_logs/ct_run.ct@devbox.2012-11-19_15.49.06/tests.xmerl_test.logs/run.2012-11-19_15.49.40/xmerl_sax_std_suite.o-p23pass3.html"></testcase><testcase group="testcases6.testcases7" name="o-p23pass4" time="0.011325" timestamp="2012-11-19T15:50:12" log="/home/karl/tmp/otp_tests/logs/xmerl_test_logs/ct_run.ct@devbox.2012-11-19_15.49.06/tests.xmerl_test.logs/run.2012-11-19_15.49.40/xmerl_sax_std_suite.o-p23pass4.html"></testcase><testcase group="testcases6.testcases7" name="o-p24pass1" time="0.013763" timestamp="2012-11-19T15:50:12" log="/home/karl/tmp/otp_tests/logs/xmerl_test_logs/ct_run.ct@devbox.2012-11-19_15.49.06/tests.xmerl_test.logs/run.2012-11-19_15.49.40/xmerl_sax_std_suite.o-p24pass1.html"></testcase><testcase group="testcases6.testcases7" name="o-p24pass2" time="0.009069" timestamp="2012-11-19T15:50:12" log="/home/karl/tmp/otp_tests/logs/xmerl_test_logs/ct_run.ct@devbox.2012-11-19_15.49.06/tests.xmerl_test.logs/run.2012-11-19_15.49.40/xmerl_sax_std_suite.o-p24pass2.html"></testcase><testcase group="testcases6.testcases7" name="o-p24pass3" time="0.010296" timestamp="2012-11-19T15:50:12" log="/home/karl/tmp/otp_tests/logs/xmerl_test_logs/ct_run.ct@devbox.2012-11-19_15.49.06/tests.xmerl_test.logs/run.2012-11-19_15.49.40/xmerl_sax_std_suite.o-p24pass3.html"></testcase><testcase group="testcases6.testcases7" name="o-p24pass4" time="0.011715" timestamp="2012-11-19T15:50:12" log="/home/karl/tmp/otp_tests/logs/xmerl_test_logs/ct_run.ct@devbox.2012-11-19_15.49.06/tests.xmerl_test.logs/run.2012-11-19_15.49.40/xmerl_sax_std_suite.o-p24pass4.html"></testcase><testcase group="testcases6.testcases7" name="o-p25pass1" time="0.016035" timestamp="2012-11-19T15:50:12" log="/home/karl/tmp/otp_tests/logs/xmerl_test_logs/ct_run.ct@devbox.2012-11-19_15.49.06/tests.xmerl_test.logs/run.2012-11-19_15.49.40/xmerl_sax_std_suite.o-p25pass1.html"></testcase><testcase group="testcases6.testcases7" name="o-p25pass2" time="0.009763" timestamp="2012-11-19T15:50:12" log="/home/karl/tmp/otp_tests/logs/xmerl_test_logs/ct_run.ct@devbox.2012-11-19_15.49.06/tests.xmerl_test.logs/run.2012-11-19_15.49.40/xmerl_sax_std_suite.o-p25pass2.html"></testcase><testcase group="testcases6.testcases7" name="o-p26pass1" time="0.011689" timestamp="2012-11-19T15:50:12" log="/home/karl/tmp/otp_tests/logs/xmerl_test_logs/ct_run.ct@devbox.2012-11-19_15.49.06/tests.xmerl_test.logs/run.2012-11-19_15.49.40/xmerl_sax_std_suite.o-p26pass1.html"></testcase><testcase group="testcases6.testcases7" name="o-p27pass1" time="0.009757" timestamp="2012-11-19T15:50:12" log="/home/karl/tmp/otp_tests/logs/xmerl_test_logs/ct_run.ct@devbox.2012-11-19_15.49.06/tests.xmerl_test.logs/run.2012-11-19_15.49.40/xmerl_sax_std_suite.o-p27pass1.html"></testcase><testcase group="testcases6.testcases7" name="o-p27pass2" time="0.011629" timestamp="2012-11-19T15:50:12" log="/home/karl/tmp/otp_tests/logs/xmerl_test_logs/ct_run.ct@devbox.2012-11-19_15.49.06/tests.xmerl_test.logs/run.2012-11-19_15.49.40/xmerl_sax_std_suite.o-p27pass2.html"></testcase><testcase group="testcases6.testcases7" name="o-p27pass3" time="0.012400" timestamp="2012-11-19T15:50:12" log="/home/karl/tmp/otp_tests/logs/xmerl_test_logs/ct_run.ct@devbox.2012-11-19_15.49.06/tests.xmerl_test.logs/run.2012-11-19_15.49.40/xmerl_sax_std_suite.o-p27pass3.html"></testcase><testcase group="testcases6.testcases7" name="o-p27pass4" time="0.009436" timestamp="2012-11-19T15:50:12" log="/home/karl/tmp/otp_tests/logs/xmerl_test_logs/ct_run.ct@devbox.2012-11-19_15.49.06/tests.xmerl_test.logs/run.2012-11-19_15.49.40/xmerl_sax_std_suite.o-p27pass4.html"></testcase><testcase group="testcases6.testcases7" name="o-p32pass1" time="0.010310" timestamp="2012-11-19T15:50:12" log="/home/karl/tmp/otp_tests/logs/xmerl_test_logs/ct_run.ct@devbox.2012-11-19_15.49.06/tests.xmerl_test.logs/run.2012-11-19_15.49.40/xmerl_sax_std_suite.o-p32pass1.html"></testcase><testcase group="testcases6.testcases7" name="o-p32pass2" time="0.012502" timestamp="2012-11-19T15:50:12" log="/home/karl/tmp/otp_tests/logs/xmerl_test_logs/ct_run.ct@devbox.2012-11-19_15.49.06/tests.xmerl_test.logs/run.2012-11-19_15.49.40/xmerl_sax_std_suite.o-p32pass2.html"></testcase><testcase group="testcases6.testcases7" name="o-p39pass1" time="0.009853" timestamp="2012-11-19T15:50:12" log="/home/karl/tmp/otp_tests/logs/xmerl_test_logs/ct_run.ct@devbox.2012-11-19_15.49.06/tests.xmerl_test.logs/run.2012-11-19_15.49.40/xmerl_sax_std_suite.o-p39pass1.html"></testcase><testcase group="testcases6.testcases7" name="o-p39pass2" time="0.010293" timestamp="2012-11-19T15:50:12" log="/home/karl/tmp/otp_tests/logs/xmerl_test_logs/ct_run.ct@devbox.2012-11-19_15.49.06/tests.xmerl_test.logs/run.2012-11-19_15.49.40/xmerl_sax_std_suite.o-p39pass2.html"></testcase><testcase group="testcases6.testcases7" name="o-p40pass1" time="0.011406" timestamp="2012-11-19T15:50:12" log="/home/karl/tmp/otp_tests/logs/xmerl_test_logs/ct_run.ct@devbox.2012-11-19_15.49.06/tests.xmerl_test.logs/run.2012-11-19_15.49.40/xmerl_sax_std_suite.o-p40pass1.html"></testcase><testcase group="testcases6.testcases7" name="o-p40pass2" time="0.010033" timestamp="2012-11-19T15:50:12" log="/home/karl/tmp/otp_tests/logs/xmerl_test_logs/ct_run.ct@devbox.2012-11-19_15.49.06/tests.xmerl_test.logs/run.2012-11-19_15.49.40/xmerl_sax_std_suite.o-p40pass2.html"></testcase><testcase group="testcases6.testcases7" name="o-p40pass3" time="0.020757" timestamp="2012-11-19T15:50:13" log="/home/karl/tmp/otp_tests/logs/xmerl_test_logs/ct_run.ct@devbox.2012-11-19_15.49.06/tests.xmerl_test.logs/run.2012-11-19_15.49.40/xmerl_sax_std_suite.o-p40pass3.html"></testcase><testcase group="testcases6.testcases7" name="o-p40pass4" time="0.011459" timestamp="2012-11-19T15:50:13" log="/home/karl/tmp/otp_tests/logs/xmerl_test_logs/ct_run.ct@devbox.2012-11-19_15.49.06/tests.xmerl_test.logs/run.2012-11-19_15.49.40/xmerl_sax_std_suite.o-p40pass4.html"></testcase><testcase group="testcases6.testcases7" name="o-p41pass1" time="0.009535" timestamp="2012-11-19T15:50:13" log="/home/karl/tmp/otp_tests/logs/xmerl_test_logs/ct_run.ct@devbox.2012-11-19_15.49.06/tests.xmerl_test.logs/run.2012-11-19_15.49.40/xmerl_sax_std_suite.o-p41pass1.html"></testcase><testcase group="testcases6.testcases7" name="o-p41pass2" time="0.009776" timestamp="2012-11-19T15:50:13" log="/home/karl/tmp/otp_tests/logs/xmerl_test_logs/ct_run.ct@devbox.2012-11-19_15.49.06/tests.xmerl_test.logs/run.2012-11-19_15.49.40/xmerl_sax_std_suite.o-p41pass2.html"></testcase><testcase group="testcases6.testcases7" name="o-p42pass1" time="0.011708" timestamp="2012-11-19T15:50:13" log="/home/karl/tmp/otp_tests/logs/xmerl_test_logs/ct_run.ct@devbox.2012-11-19_15.49.06/tests.xmerl_test.logs/run.2012-11-19_15.49.40/xmerl_sax_std_suite.o-p42pass1.html"></testcase><testcase group="testcases6.testcases7" name="o-p42pass2" time="0.009427" timestamp="2012-11-19T15:50:13" log="/home/karl/tmp/otp_tests/logs/xmerl_test_logs/ct_run.ct@devbox.2012-11-19_15.49.06/tests.xmerl_test.logs/run.2012-11-19_15.49.40/xmerl_sax_std_suite.o-p42pass2.html"></testcase><testcase group="testcases6.testcases7" name="o-p44pass1" time="0.009756" timestamp="2012-11-19T15:50:13" log="/home/karl/tmp/otp_tests/logs/xmerl_test_logs/ct_run.ct@devbox.2012-11-19_15.49.06/tests.xmerl_test.logs/run.2012-11-19_15.49.40/xmerl_sax_std_suite.o-p44pass1.html"></testcase><testcase group="testcases6.testcases7" name="o-p44pass2" time="0.012358" timestamp="2012-11-19T15:50:13" log="/home/karl/tmp/otp_tests/logs/xmerl_test_logs/ct_run.ct@devbox.2012-11-19_15.49.06/tests.xmerl_test.logs/run.2012-11-19_15.49.40/xmerl_sax_std_suite.o-p44pass2.html"></testcase><testcase group="testcases6.testcases7" name="o-p44pass3" time="0.009139" timestamp="2012-11-19T15:50:13" log="/home/karl/tmp/otp_tests/logs/xmerl_test_logs/ct_run.ct@devbox.2012-11-19_15.49.06/tests.xmerl_test.logs/run.2012-11-19_15.49.40/xmerl_sax_std_suite.o-p44pass3.html"></testcase><testcase group="testcases6.testcases7" name="o-p44pass4" time="0.010710" timestamp="2012-11-19T15:50:13" log="/home/karl/tmp/otp_tests/logs/xmerl_test_logs/ct_run.ct@devbox.2012-11-19_15.49.06/tests.xmerl_test.logs/run.2012-11-19_15.49.40/xmerl_sax_std_suite.o-p44pass4.html"></testcase><testcase group="testcases6.testcases7" name="o-p44pass5" time="0.012498" timestamp="2012-11-19T15:50:13" log="/home/karl/tmp/otp_tests/logs/xmerl_test_logs/ct_run.ct@devbox.2012-11-19_15.49.06/tests.xmerl_test.logs/run.2012-11-19_15.49.40/xmerl_sax_std_suite.o-p44pass5.html"></testcase><testcase group="testcases6.testcases7" name="o-p66pass1" time="0.008253" timestamp="2012-11-19T15:50:13" log="/home/karl/tmp/otp_tests/logs/xmerl_test_logs/ct_run.ct@devbox.2012-11-19_15.49.06/tests.xmerl_test.logs/run.2012-11-19_15.49.40/xmerl_sax_std_suite.o-p66pass1.html"></testcase><testcase group="testcases6.testcases7" name="o-p74pass1" time="0.010621" timestamp="2012-11-19T15:50:13" log="/home/karl/tmp/otp_tests/logs/xmerl_test_logs/ct_run.ct@devbox.2012-11-19_15.49.06/tests.xmerl_test.logs/run.2012-11-19_15.49.40/xmerl_sax_std_suite.o-p74pass1.html"></testcase><testcase group="testcases6.testcases7" name="o-p75pass1" time="0.013433" timestamp="2012-11-19T15:50:13" log="/home/karl/tmp/otp_tests/logs/xmerl_test_logs/ct_run.ct@devbox.2012-11-19_15.49.06/tests.xmerl_test.logs/run.2012-11-19_15.49.40/xmerl_sax_std_suite.o-p75pass1.html"></testcase><testcase group="testcases6.testcases7" name="o-e2" time="0.010173" timestamp="2012-11-19T15:50:13" log="/home/karl/tmp/otp_tests/logs/xmerl_test_logs/ct_run.ct@devbox.2012-11-19_15.49.06/tests.xmerl_test.logs/run.2012-11-19_15.49.40/xmerl_sax_std_suite.o-e2.html"></testcase><testcase group="testcases6.testcases7" name="o-p01fail1" time="0.010429" timestamp="2012-11-19T15:50:13" log="/home/karl/tmp/otp_tests/logs/xmerl_test_logs/ct_run.ct@devbox.2012-11-19_15.49.06/tests.xmerl_test.logs/run.2012-11-19_15.49.40/xmerl_sax_std_suite.o-p01fail1.html"></testcase><testcase group="testcases6.testcases7" name="o-p01fail2" time="0.014910" timestamp="2012-11-19T15:50:13" log="/home/karl/tmp/otp_tests/logs/xmerl_test_logs/ct_run.ct@devbox.2012-11-19_15.49.06/tests.xmerl_test.logs/run.2012-11-19_15.49.40/xmerl_sax_std_suite.o-p01fail2.html"></testcase><testcase group="testcases6.testcases7" name="o-p01fail3" time="0.009494" timestamp="2012-11-19T15:50:13" log="/home/karl/tmp/otp_tests/logs/xmerl_test_logs/ct_run.ct@devbox.2012-11-19_15.49.06/tests.xmerl_test.logs/run.2012-11-19_15.49.40/xmerl_sax_std_suite.o-p01fail3.html"></testcase><testcase group="testcases6.testcases7" name="o-p01fail4" time="0.011311" timestamp="2012-11-19T15:50:13" log="/home/karl/tmp/otp_tests/logs/xmerl_test_logs/ct_run.ct@devbox.2012-11-19_15.49.06/tests.xmerl_test.logs/run.2012-11-19_15.49.40/xmerl_sax_std_suite.o-p01fail4.html"></testcase><testcase group="testcases6.testcases7" name="o-p02fail1" time="0.013270" timestamp="2012-11-19T15:50:13" log="/home/karl/tmp/otp_tests/logs/xmerl_test_logs/ct_run.ct@devbox.2012-11-19_15.49.06/tests.xmerl_test.logs/run.2012-11-19_15.49.40/xmerl_sax_std_suite.o-p02fail1.html"></testcase><testcase group="testcases6.testcases7" name="o-p02fail10" time="0.008784" timestamp="2012-11-19T15:50:13" log="/home/karl/tmp/otp_tests/logs/xmerl_test_logs/ct_run.ct@devbox.2012-11-19_15.49.06/tests.xmerl_test.logs/run.2012-11-19_15.49.40/xmerl_sax_std_suite.o-p02fail10.html"></testcase><testcase group="testcases6.testcases7" name="o-p02fail11" time="0.011593" timestamp="2012-11-19T15:50:13" log="/home/karl/tmp/otp_tests/logs/xmerl_test_logs/ct_run.ct@devbox.2012-11-19_15.49.06/tests.xmerl_test.logs/run.2012-11-19_15.49.40/xmerl_sax_std_suite.o-p02fail11.html"></testcase><testcase group="testcases6.testcases7" name="o-p02fail12" time="0.013909" timestamp="2012-11-19T15:50:13" log="/home/karl/tmp/otp_tests/logs/xmerl_test_logs/ct_run.ct@devbox.2012-11-19_15.49.06/tests.xmerl_test.logs/run.2012-11-19_15.49.40/xmerl_sax_std_suite.o-p02fail12.html"></testcase><testcase group="testcases6.testcases7" name="o-p02fail13" time="0.021305" timestamp="2012-11-19T15:50:14" log="/home/karl/tmp/otp_tests/logs/xmerl_test_logs/ct_run.ct@devbox.2012-11-19_15.49.06/tests.xmerl_test.logs/run.2012-11-19_15.49.40/xmerl_sax_std_suite.o-p02fail13.html"></testcase><testcase group="testcases6.testcases7" name="o-p02fail14" time="0.011158" timestamp="2012-11-19T15:50:14" log="/home/karl/tmp/otp_tests/logs/xmerl_test_logs/ct_run.ct@devbox.2012-11-19_15.49.06/tests.xmerl_test.logs/run.2012-11-19_15.49.40/xmerl_sax_std_suite.o-p02fail14.html"></testcase><testcase group="testcases6.testcases7" name="o-p02fail15" time="0.012199" timestamp="2012-11-19T15:50:14" log="/home/karl/tmp/otp_tests/logs/xmerl_test_logs/ct_run.ct@devbox.2012-11-19_15.49.06/tests.xmerl_test.logs/run.2012-11-19_15.49.40/xmerl_sax_std_suite.o-p02fail15.html"></testcase><testcase group="testcases6.testcases7" name="o-p02fail16" time="0.007757" timestamp="2012-11-19T15:50:14" log="/home/karl/tmp/otp_tests/logs/xmerl_test_logs/ct_run.ct@devbox.2012-11-19_15.49.06/tests.xmerl_test.logs/run.2012-11-19_15.49.40/xmerl_sax_std_suite.o-p02fail16.html"></testcase><testcase group="testcases6.testcases7" name="o-p02fail17" time="0.011101" timestamp="2012-11-19T15:50:14" log="/home/karl/tmp/otp_tests/logs/xmerl_test_logs/ct_run.ct@devbox.2012-11-19_15.49.06/tests.xmerl_test.logs/run.2012-11-19_15.49.40/xmerl_sax_std_suite.o-p02fail17.html"></testcase><testcase group="testcases6.testcases7" name="o-p02fail18" time="0.012081" timestamp="2012-11-19T15:50:14" log="/home/karl/tmp/otp_tests/logs/xmerl_test_logs/ct_run.ct@devbox.2012-11-19_15.49.06/tests.xmerl_test.logs/run.2012-11-19_15.49.40/xmerl_sax_std_suite.o-p02fail18.html"></testcase><testcase group="testcases6.testcases7" name="o-p02fail19" time="0.009225" timestamp="2012-11-19T15:50:14" log="/home/karl/tmp/otp_tests/logs/xmerl_test_logs/ct_run.ct@devbox.2012-11-19_15.49.06/tests.xmerl_test.logs/run.2012-11-19_15.49.40/xmerl_sax_std_suite.o-p02fail19.html"></testcase><testcase group="testcases6.testcases7" name="o-p02fail2" time="0.011030" timestamp="2012-11-19T15:50:14" log="/home/karl/tmp/otp_tests/logs/xmerl_test_logs/ct_run.ct@devbox.2012-11-19_15.49.06/tests.xmerl_test.logs/run.2012-11-19_15.49.40/xmerl_sax_std_suite.o-p02fail2.html"></testcase><testcase group="testcases6.testcases7" name="o-p02fail20" time="0.013177" timestamp="2012-11-19T15:50:14" log="/home/karl/tmp/otp_tests/logs/xmerl_test_logs/ct_run.ct@devbox.2012-11-19_15.49.06/tests.xmerl_test.logs/run.2012-11-19_15.49.40/xmerl_sax_std_suite.o-p02fail20.html"></testcase><testcase group="testcases6.testcases7" name="o-p02fail21" time="0.009227" timestamp="2012-11-19T15:50:14" log="/home/karl/tmp/otp_tests/logs/xmerl_test_logs/ct_run.ct@devbox.2012-11-19_15.49.06/tests.xmerl_test.logs/run.2012-11-19_15.49.40/xmerl_sax_std_suite.o-p02fail21.html"></testcase><testcase group="testcases6.testcases7" name="o-p02fail22" time="0.012660" timestamp="2012-11-19T15:50:14" log="/home/karl/tmp/otp_tests/logs/xmerl_test_logs/ct_run.ct@devbox.2012-11-19_15.49.06/tests.xmerl_test.logs/run.2012-11-19_15.49.40/xmerl_sax_std_suite.o-p02fail22.html"></testcase><testcase group="testcases6.testcases7" name="o-p02fail23" time="0.014112" timestamp="2012-11-19T15:50:14" log="/home/karl/tmp/otp_tests/logs/xmerl_test_logs/ct_run.ct@devbox.2012-11-19_15.49.06/tests.xmerl_test.logs/run.2012-11-19_15.49.40/xmerl_sax_std_suite.o-p02fail23.html"></testcase><testcase group="testcases6.testcases7" name="o-p02fail24" time="0.010981" timestamp="2012-11-19T15:50:14" log="/home/karl/tmp/otp_tests/logs/xmerl_test_logs/ct_run.ct@devbox.2012-11-19_15.49.06/tests.xmerl_test.logs/run.2012-11-19_15.49.40/xmerl_sax_std_suite.o-p02fail24.html"></testcase><testcase group="testcases6.testcases7" name="o-p02fail25" time="0.010202" timestamp="2012-11-19T15:50:14" log="/home/karl/tmp/otp_tests/logs/xmerl_test_logs/ct_run.ct@devbox.2012-11-19_15.49.06/tests.xmerl_test.logs/run.2012-11-19_15.49.40/xmerl_sax_std_suite.o-p02fail25.html"></testcase><testcase group="testcases6.testcases7" name="o-p02fail26" time="0.017105" timestamp="2012-11-19T15:50:14" log="/home/karl/tmp/otp_tests/logs/xmerl_test_logs/ct_run.ct@devbox.2012-11-19_15.49.06/tests.xmerl_test.logs/run.2012-11-19_15.49.40/xmerl_sax_std_suite.o-p02fail26.html"></testcase><testcase group="testcases6.testcases7" name="o-p02fail27" time="0.010276" timestamp="2012-11-19T15:50:14" log="/home/karl/tmp/otp_tests/logs/xmerl_test_logs/ct_run.ct@devbox.2012-11-19_15.49.06/tests.xmerl_test.logs/run.2012-11-19_15.49.40/xmerl_sax_std_suite.o-p02fail27.html"></testcase><testcase group="testcases6.testcases7" name="o-p02fail28" time="0.012281" timestamp="2012-11-19T15:50:14" log="/home/karl/tmp/otp_tests/logs/xmerl_test_logs/ct_run.ct@devbox.2012-11-19_15.49.06/tests.xmerl_test.logs/run.2012-11-19_15.49.40/xmerl_sax_std_suite.o-p02fail28.html"></testcase><testcase group="testcases6.testcases7" name="o-p02fail29" time="0.012564" timestamp="2012-11-19T15:50:14" log="/home/karl/tmp/otp_tests/logs/xmerl_test_logs/ct_run.ct@devbox.2012-11-19_15.49.06/tests.xmerl_test.logs/run.2012-11-19_15.49.40/xmerl_sax_std_suite.o-p02fail29.html"></testcase><testcase group="testcases6.testcases7" name="o-p02fail3" time="0.010629" timestamp="2012-11-19T15:50:14" log="/home/karl/tmp/otp_tests/logs/xmerl_test_logs/ct_run.ct@devbox.2012-11-19_15.49.06/tests.xmerl_test.logs/run.2012-11-19_15.49.40/xmerl_sax_std_suite.o-p02fail3.html"></testcase><testcase group="testcases6.testcases7" name="o-p02fail30" time="0.010086" timestamp="2012-11-19T15:50:14" log="/home/karl/tmp/otp_tests/logs/xmerl_test_logs/ct_run.ct@devbox.2012-11-19_15.49.06/tests.xmerl_test.logs/run.2012-11-19_15.49.40/xmerl_sax_std_suite.o-p02fail30.html"></testcase><testcase group="testcases6.testcases7" name="o-p02fail31" time="0.014212" timestamp="2012-11-19T15:50:14" log="/home/karl/tmp/otp_tests/logs/xmerl_test_logs/ct_run.ct@devbox.2012-11-19_15.49.06/tests.xmerl_test.logs/run.2012-11-19_15.49.40/xmerl_sax_std_suite.o-p02fail31.html"></testcase><testcase group="testcases6.testcases7" name="o-p02fail4" time="0.009231" timestamp="2012-11-19T15:50:14" log="/home/karl/tmp/otp_tests/logs/xmerl_test_logs/ct_run.ct@devbox.2012-11-19_15.49.06/tests.xmerl_test.logs/run.2012-11-19_15.49.40/xmerl_sax_std_suite.o-p02fail4.html"></testcase><testcase group="testcases6.testcases7" name="o-p02fail5" time="0.016880" timestamp="2012-11-19T15:50:15" log="/home/karl/tmp/otp_tests/logs/xmerl_test_logs/ct_run.ct@devbox.2012-11-19_15.49.06/tests.xmerl_test.logs/run.2012-11-19_15.49.40/xmerl_sax_std_suite.o-p02fail5.html"></testcase><testcase group="testcases6.testcases7" name="o-p02fail6" time="0.013473" timestamp="2012-11-19T15:50:15" log="/home/karl/tmp/otp_tests/logs/xmerl_test_logs/ct_run.ct@devbox.2012-11-19_15.49.06/tests.xmerl_test.logs/run.2012-11-19_15.49.40/xmerl_sax_std_suite.o-p02fail6.html"></testcase><testcase group="testcases6.testcases7" name="o-p02fail7" time="0.009371" timestamp="2012-11-19T15:50:15" log="/home/karl/tmp/otp_tests/logs/xmerl_test_logs/ct_run.ct@devbox.2012-11-19_15.49.06/tests.xmerl_test.logs/run.2012-11-19_15.49.40/xmerl_sax_std_suite.o-p02fail7.html"></testcase><testcase group="testcases6.testcases7" name="o-p02fail8" time="0.011789" timestamp="2012-11-19T15:50:15" log="/home/karl/tmp/otp_tests/logs/xmerl_test_logs/ct_run.ct@devbox.2012-11-19_15.49.06/tests.xmerl_test.logs/run.2012-11-19_15.49.40/xmerl_sax_std_suite.o-p02fail8.html"></testcase><testcase group="testcases6.testcases7" name="o-p02fail9" time="0.013291" timestamp="2012-11-19T15:50:15" log="/home/karl/tmp/otp_tests/logs/xmerl_test_logs/ct_run.ct@devbox.2012-11-19_15.49.06/tests.xmerl_test.logs/run.2012-11-19_15.49.40/xmerl_sax_std_suite.o-p02fail9.html"></testcase><testcase group="testcases6.testcases7" name="o-p03fail1" time="0.010386" timestamp="2012-11-19T15:50:15" log="/home/karl/tmp/otp_tests/logs/xmerl_test_logs/ct_run.ct@devbox.2012-11-19_15.49.06/tests.xmerl_test.logs/run.2012-11-19_15.49.40/xmerl_sax_std_suite.o-p03fail1.html"></testcase><testcase group="testcases6.testcases7" name="o-p03fail10" time="0.010944" timestamp="2012-11-19T15:50:15" log="/home/karl/tmp/otp_tests/logs/xmerl_test_logs/ct_run.ct@devbox.2012-11-19_15.49.06/tests.xmerl_test.logs/run.2012-11-19_15.49.40/xmerl_sax_std_suite.o-p03fail10.html"></testcase><testcase group="testcases6.testcases7" name="o-p03fail11" time="0.015788" timestamp="2012-11-19T15:50:15" log="/home/karl/tmp/otp_tests/logs/xmerl_test_logs/ct_run.ct@devbox.2012-11-19_15.49.06/tests.xmerl_test.logs/run.2012-11-19_15.49.40/xmerl_sax_std_suite.o-p03fail11.html"></testcase><testcase group="testcases6.testcases7" name="o-p03fail12" time="0.009756" timestamp="2012-11-19T15:50:15" log="/home/karl/tmp/otp_tests/logs/xmerl_test_logs/ct_run.ct@devbox.2012-11-19_15.49.06/tests.xmerl_test.logs/run.2012-11-19_15.49.40/xmerl_sax_std_suite.o-p03fail12.html"></testcase><testcase group="testcases6.testcases7" name="o-p03fail13" time="0.011783" timestamp="2012-11-19T15:50:15" log="/home/karl/tmp/otp_tests/logs/xmerl_test_logs/ct_run.ct@devbox.2012-11-19_15.49.06/tests.xmerl_test.logs/run.2012-11-19_15.49.40/xmerl_sax_std_suite.o-p03fail13.html"></testcase><testcase group="testcases6.testcases7" name="o-p03fail14" time="0.012818" timestamp="2012-11-19T15:50:15" log="/home/karl/tmp/otp_tests/logs/xmerl_test_logs/ct_run.ct@devbox.2012-11-19_15.49.06/tests.xmerl_test.logs/run.2012-11-19_15.49.40/xmerl_sax_std_suite.o-p03fail14.html"></testcase><testcase group="testcases6.testcases7" name="o-p03fail15" time="0.010028" timestamp="2012-11-19T15:50:15" log="/home/karl/tmp/otp_tests/logs/xmerl_test_logs/ct_run.ct@devbox.2012-11-19_15.49.06/tests.xmerl_test.logs/run.2012-11-19_15.49.40/xmerl_sax_std_suite.o-p03fail15.html"></testcase><testcase group="testcases6.testcases7" name="o-p03fail16" time="0.016295" timestamp="2012-11-19T15:50:15" log="/home/karl/tmp/otp_tests/logs/xmerl_test_logs/ct_run.ct@devbox.2012-11-19_15.49.06/tests.xmerl_test.logs/run.2012-11-19_15.49.40/xmerl_sax_std_suite.o-p03fail16.html"></testcase><testcase group="testcases6.testcases7" name="o-p03fail17" time="0.013222" timestamp="2012-11-19T15:50:15" log="/home/karl/tmp/otp_tests/logs/xmerl_test_logs/ct_run.ct@devbox.2012-11-19_15.49.06/tests.xmerl_test.logs/run.2012-11-19_15.49.40/xmerl_sax_std_suite.o-p03fail17.html"></testcase><testcase group="testcases6.testcases7" name="o-p03fail18" time="0.152709" timestamp="2012-11-19T15:50:15" log="/home/karl/tmp/otp_tests/logs/xmerl_test_logs/ct_run.ct@devbox.2012-11-19_15.49.06/tests.xmerl_test.logs/run.2012-11-19_15.49.40/xmerl_sax_std_suite.o-p03fail18.html"></testcase><testcase group="testcases6.testcases7" name="o-p03fail19" time="0.060906" timestamp="2012-11-19T15:50:16" log="/home/karl/tmp/otp_tests/logs/xmerl_test_logs/ct_run.ct@devbox.2012-11-19_15.49.06/tests.xmerl_test.logs/run.2012-11-19_15.49.40/xmerl_sax_std_suite.o-p03fail19.html"></testcase><testcase group="testcases6.testcases7" name="o-p03fail2" time="0.016263" timestamp="2012-11-19T15:50:16" log="/home/karl/tmp/otp_tests/logs/xmerl_test_logs/ct_run.ct@devbox.2012-11-19_15.49.06/tests.xmerl_test.logs/run.2012-11-19_15.49.40/xmerl_sax_std_suite.o-p03fail2.html"></testcase><testcase group="testcases6.testcases7" name="o-p03fail20" time="0.010026" timestamp="2012-11-19T15:50:16" log="/home/karl/tmp/otp_tests/logs/xmerl_test_logs/ct_run.ct@devbox.2012-11-19_15.49.06/tests.xmerl_test.logs/run.2012-11-19_15.49.40/xmerl_sax_std_suite.o-p03fail20.html"></testcase><testcase group="testcases6.testcases7" name="o-p03fail21" time="0.010665" timestamp="2012-11-19T15:50:16" log="/home/karl/tmp/otp_tests/logs/xmerl_test_logs/ct_run.ct@devbox.2012-11-19_15.49.06/tests.xmerl_test.logs/run.2012-11-19_15.49.40/xmerl_sax_std_suite.o-p03fail21.html"></testcase><testcase group="testcases6.testcases7" name="o-p03fail22" time="0.018155" timestamp="2012-11-19T15:50:16" log="/home/karl/tmp/otp_tests/logs/xmerl_test_logs/ct_run.ct@devbox.2012-11-19_15.49.06/tests.xmerl_test.logs/run.2012-11-19_15.49.40/xmerl_sax_std_suite.o-p03fail22.html"></testcase><testcase group="testcases6.testcases7" name="o-p03fail23" time="0.017084" timestamp="2012-11-19T15:50:16" log="/home/karl/tmp/otp_tests/logs/xmerl_test_logs/ct_run.ct@devbox.2012-11-19_15.49.06/tests.xmerl_test.logs/run.2012-11-19_15.49.40/xmerl_sax_std_suite.o-p03fail23.html"></testcase><testcase group="testcases6.testcases7" name="o-p03fail24" time="0.011095" timestamp="2012-11-19T15:50:16" log="/home/karl/tmp/otp_tests/logs/xmerl_test_logs/ct_run.ct@devbox.2012-11-19_15.49.06/tests.xmerl_test.logs/run.2012-11-19_15.49.40/xmerl_sax_std_suite.o-p03fail24.html"></testcase><testcase group="testcases6.testcases7" name="o-p03fail25" time="0.019026" timestamp="2012-11-19T15:50:16" log="/home/karl/tmp/otp_tests/logs/xmerl_test_logs/ct_run.ct@devbox.2012-11-19_15.49.06/tests.xmerl_test.logs/run.2012-11-19_15.49.40/xmerl_sax_std_suite.o-p03fail25.html"></testcase><testcase group="testcases6.testcases7" name="o-p03fail26" time="0.012333" timestamp="2012-11-19T15:50:16" log="/home/karl/tmp/otp_tests/logs/xmerl_test_logs/ct_run.ct@devbox.2012-11-19_15.49.06/tests.xmerl_test.logs/run.2012-11-19_15.49.40/xmerl_sax_std_suite.o-p03fail26.html"></testcase><testcase group="testcases6.testcases7" name="o-p03fail27" time="0.016235" timestamp="2012-11-19T15:50:16" log="/home/karl/tmp/otp_tests/logs/xmerl_test_logs/ct_run.ct@devbox.2012-11-19_15.49.06/tests.xmerl_test.logs/run.2012-11-19_15.49.40/xmerl_sax_std_suite.o-p03fail27.html"></testcase><testcase group="testcases6.testcases7" name="o-p03fail28" time="0.017195" timestamp="2012-11-19T15:50:16" log="/home/karl/tmp/otp_tests/logs/xmerl_test_logs/ct_run.ct@devbox.2012-11-19_15.49.06/tests.xmerl_test.logs/run.2012-11-19_15.49.40/xmerl_sax_std_suite.o-p03fail28.html"></testcase><testcase group="testcases6.testcases7" name="o-p03fail29" time="0.010193" timestamp="2012-11-19T15:50:16" log="/home/karl/tmp/otp_tests/logs/xmerl_test_logs/ct_run.ct@devbox.2012-11-19_15.49.06/tests.xmerl_test.logs/run.2012-11-19_15.49.40/xmerl_sax_std_suite.o-p03fail29.html"></testcase><testcase group="testcases6.testcases7" name="o-p03fail3" time="0.012313" timestamp="2012-11-19T15:50:16" log="/home/karl/tmp/otp_tests/logs/xmerl_test_logs/ct_run.ct@devbox.2012-11-19_15.49.06/tests.xmerl_test.logs/run.2012-11-19_15.49.40/xmerl_sax_std_suite.o-p03fail3.html"></testcase><testcase group="testcases6.testcases7" name="o-p03fail4" time="0.014077" timestamp="2012-11-19T15:50:16" log="/home/karl/tmp/otp_tests/logs/xmerl_test_logs/ct_run.ct@devbox.2012-11-19_15.49.06/tests.xmerl_test.logs/run.2012-11-19_15.49.40/xmerl_sax_std_suite.o-p03fail4.html"></testcase><testcase group="testcases6.testcases7" name="o-p03fail5" time="0.008361" timestamp="2012-11-19T15:50:16" log="/home/karl/tmp/otp_tests/logs/xmerl_test_logs/ct_run.ct@devbox.2012-11-19_15.49.06/tests.xmerl_test.logs/run.2012-11-19_15.49.40/xmerl_sax_std_suite.o-p03fail5.html"></testcase><testcase group="testcases6.testcases7" name="o-p03fail7" time="0.012195" timestamp="2012-11-19T15:50:16" log="/home/karl/tmp/otp_tests/logs/xmerl_test_logs/ct_run.ct@devbox.2012-11-19_15.49.06/tests.xmerl_test.logs/run.2012-11-19_15.49.40/xmerl_sax_std_suite.o-p03fail7.html"></testcase><testcase group="testcases6.testcases7" name="o-p03fail8" time="0.013497" timestamp="2012-11-19T15:50:16" log="/home/karl/tmp/otp_tests/logs/xmerl_test_logs/ct_run.ct@devbox.2012-11-19_15.49.06/tests.xmerl_test.logs/run.2012-11-19_15.49.40/xmerl_sax_std_suite.o-p03fail8.html"></testcase><testcase group="testcases6.testcases7" name="o-p03fail9" time="0.010078" timestamp="2012-11-19T15:50:17" log="/home/karl/tmp/otp_tests/logs/xmerl_test_logs/ct_run.ct@devbox.2012-11-19_15.49.06/tests.xmerl_test.logs/run.2012-11-19_15.49.40/xmerl_sax_std_suite.o-p03fail9.html"></testcase><testcase group="testcases6.testcases7" name="o-p04fail1" time="0.020640" timestamp="2012-11-19T15:50:17" log="/home/karl/tmp/otp_tests/logs/xmerl_test_logs/ct_run.ct@devbox.2012-11-19_15.49.06/tests.xmerl_test.logs/run.2012-11-19_15.49.40/xmerl_sax_std_suite.o-p04fail1.html"></testcase><testcase group="testcases6.testcases7" name="o-p04fail2" time="0.013842" timestamp="2012-11-19T15:50:17" log="/home/karl/tmp/otp_tests/logs/xmerl_test_logs/ct_run.ct@devbox.2012-11-19_15.49.06/tests.xmerl_test.logs/run.2012-11-19_15.49.40/xmerl_sax_std_suite.o-p04fail2.html"></testcase><testcase group="testcases6.testcases7" name="o-p04fail3" time="0.010082" timestamp="2012-11-19T15:50:17" log="/home/karl/tmp/otp_tests/logs/xmerl_test_logs/ct_run.ct@devbox.2012-11-19_15.49.06/tests.xmerl_test.logs/run.2012-11-19_15.49.40/xmerl_sax_std_suite.o-p04fail3.html"></testcase><testcase group="testcases6.testcases7" name="o-p05fail1" time="0.013590" timestamp="2012-11-19T15:50:17" log="/home/karl/tmp/otp_tests/logs/xmerl_test_logs/ct_run.ct@devbox.2012-11-19_15.49.06/tests.xmerl_test.logs/run.2012-11-19_15.49.40/xmerl_sax_std_suite.o-p05fail1.html"></testcase><testcase group="testcases6.testcases7" name="o-p05fail2" time="0.014029" timestamp="2012-11-19T15:50:17" log="/home/karl/tmp/otp_tests/logs/xmerl_test_logs/ct_run.ct@devbox.2012-11-19_15.49.06/tests.xmerl_test.logs/run.2012-11-19_15.49.40/xmerl_sax_std_suite.o-p05fail2.html"></testcase><testcase group="testcases6.testcases7" name="o-p05fail3" time="0.009968" timestamp="2012-11-19T15:50:17" log="/home/karl/tmp/otp_tests/logs/xmerl_test_logs/ct_run.ct@devbox.2012-11-19_15.49.06/tests.xmerl_test.logs/run.2012-11-19_15.49.40/xmerl_sax_std_suite.o-p05fail3.html"></testcase><testcase group="testcases6.testcases7" name="o-p05fail4" time="0.011506" timestamp="2012-11-19T15:50:17" log="/home/karl/tmp/otp_tests/logs/xmerl_test_logs/ct_run.ct@devbox.2012-11-19_15.49.06/tests.xmerl_test.logs/run.2012-11-19_15.49.40/xmerl_sax_std_suite.o-p05fail4.html"></testcase><testcase group="testcases6.testcases7" name="o-p05fail5" time="0.012764" timestamp="2012-11-19T15:50:17" log="/home/karl/tmp/otp_tests/logs/xmerl_test_logs/ct_run.ct@devbox.2012-11-19_15.49.06/tests.xmerl_test.logs/run.2012-11-19_15.49.40/xmerl_sax_std_suite.o-p05fail5.html"></testcase><testcase group="testcases6.testcases7" name="o-p09fail1" time="0.009990" timestamp="2012-11-19T15:50:17" log="/home/karl/tmp/otp_tests/logs/xmerl_test_logs/ct_run.ct@devbox.2012-11-19_15.49.06/tests.xmerl_test.logs/run.2012-11-19_15.49.40/xmerl_sax_std_suite.o-p09fail1.html"></testcase><testcase group="testcases6.testcases7" name="o-p09fail2" time="0.010958" timestamp="2012-11-19T15:50:17" log="/home/karl/tmp/otp_tests/logs/xmerl_test_logs/ct_run.ct@devbox.2012-11-19_15.49.06/tests.xmerl_test.logs/run.2012-11-19_15.49.40/xmerl_sax_std_suite.o-p09fail2.html"></testcase><testcase group="testcases6.testcases7" name="o-p09fail3" time="0.019065" timestamp="2012-11-19T15:50:17" log="/home/karl/tmp/otp_tests/logs/xmerl_test_logs/ct_run.ct@devbox.2012-11-19_15.49.06/tests.xmerl_test.logs/run.2012-11-19_15.49.40/xmerl_sax_std_suite.o-p09fail3.html"></testcase><testcase group="testcases6.testcases7" name="o-p09fail4" time="0.012592" timestamp="2012-11-19T15:50:17" log="/home/karl/tmp/otp_tests/logs/xmerl_test_logs/ct_run.ct@devbox.2012-11-19_15.49.06/tests.xmerl_test.logs/run.2012-11-19_15.49.40/xmerl_sax_std_suite.o-p09fail4.html"></testcase><testcase group="testcases6.testcases7" name="o-p09fail5" time="0.010844" timestamp="2012-11-19T15:50:17" log="/home/karl/tmp/otp_tests/logs/xmerl_test_logs/ct_run.ct@devbox.2012-11-19_15.49.06/tests.xmerl_test.logs/run.2012-11-19_15.49.40/xmerl_sax_std_suite.o-p09fail5.html"></testcase><testcase group="testcases6.testcases7" name="o-p10fail1" time="0.013986" timestamp="2012-11-19T15:50:17" log="/home/karl/tmp/otp_tests/logs/xmerl_test_logs/ct_run.ct@devbox.2012-11-19_15.49.06/tests.xmerl_test.logs/run.2012-11-19_15.49.40/xmerl_sax_std_suite.o-p10fail1.html"></testcase><testcase group="testcases6.testcases7" name="o-p10fail2" time="0.010839" timestamp="2012-11-19T15:50:17" log="/home/karl/tmp/otp_tests/logs/xmerl_test_logs/ct_run.ct@devbox.2012-11-19_15.49.06/tests.xmerl_test.logs/run.2012-11-19_15.49.40/xmerl_sax_std_suite.o-p10fail2.html"></testcase><testcase group="testcases6.testcases7" name="o-p10fail3" time="0.013701" timestamp="2012-11-19T15:50:17" log="/home/karl/tmp/otp_tests/logs/xmerl_test_logs/ct_run.ct@devbox.2012-11-19_15.49.06/tests.xmerl_test.logs/run.2012-11-19_15.49.40/xmerl_sax_std_suite.o-p10fail3.html"></testcase><testcase group="testcases6.testcases7" name="o-p11fail1" time="0.014550" timestamp="2012-11-19T15:50:17" log="/home/karl/tmp/otp_tests/logs/xmerl_test_logs/ct_run.ct@devbox.2012-11-19_15.49.06/tests.xmerl_test.logs/run.2012-11-19_15.49.40/xmerl_sax_std_suite.o-p11fail1.html"></testcase><testcase group="testcases6.testcases7" name="o-p11fail2" time="0.010952" timestamp="2012-11-19T15:50:17" log="/home/karl/tmp/otp_tests/logs/xmerl_test_logs/ct_run.ct@devbox.2012-11-19_15.49.06/tests.xmerl_test.logs/run.2012-11-19_15.49.40/xmerl_sax_std_suite.o-p11fail2.html"></testcase><testcase group="testcases6.testcases7" name="o-p12fail1" time="0.011413" timestamp="2012-11-19T15:50:17" log="/home/karl/tmp/otp_tests/logs/xmerl_test_logs/ct_run.ct@devbox.2012-11-19_15.49.06/tests.xmerl_test.logs/run.2012-11-19_15.49.40/xmerl_sax_std_suite.o-p12fail1.html"></testcase><testcase group="testcases6.testcases7" name="o-p12fail2" time="0.013634" timestamp="2012-11-19T15:50:17" log="/home/karl/tmp/otp_tests/logs/xmerl_test_logs/ct_run.ct@devbox.2012-11-19_15.49.06/tests.xmerl_test.logs/run.2012-11-19_15.49.40/xmerl_sax_std_suite.o-p12fail2.html"></testcase><testcase group="testcases6.testcases7" name="o-p12fail3" time="0.010202" timestamp="2012-11-19T15:50:18" log="/home/karl/tmp/otp_tests/logs/xmerl_test_logs/ct_run.ct@devbox.2012-11-19_15.49.06/tests.xmerl_test.logs/run.2012-11-19_15.49.40/xmerl_sax_std_suite.o-p12fail3.html"></testcase><testcase group="testcases6.testcases7" name="o-p12fail4" time="0.011803" timestamp="2012-11-19T15:50:18" log="/home/karl/tmp/otp_tests/logs/xmerl_test_logs/ct_run.ct@devbox.2012-11-19_15.49.06/tests.xmerl_test.logs/run.2012-11-19_15.49.40/xmerl_sax_std_suite.o-p12fail4.html"></testcase><testcase group="testcases6.testcases7" name="o-p12fail5" time="0.015268" timestamp="2012-11-19T15:50:18" log="/home/karl/tmp/otp_tests/logs/xmerl_test_logs/ct_run.ct@devbox.2012-11-19_15.49.06/tests.xmerl_test.logs/run.2012-11-19_15.49.40/xmerl_sax_std_suite.o-p12fail5.html"></testcase><testcase group="testcases6.testcases7" name="o-p12fail6" time="0.012077" timestamp="2012-11-19T15:50:18" log="/home/karl/tmp/otp_tests/logs/xmerl_test_logs/ct_run.ct@devbox.2012-11-19_15.49.06/tests.xmerl_test.logs/run.2012-11-19_15.49.40/xmerl_sax_std_suite.o-p12fail6.html"></testcase><testcase group="testcases6.testcases7" name="o-p12fail7" time="0.010785" timestamp="2012-11-19T15:50:18" log="/home/karl/tmp/otp_tests/logs/xmerl_test_logs/ct_run.ct@devbox.2012-11-19_15.49.06/tests.xmerl_test.logs/run.2012-11-19_15.49.40/xmerl_sax_std_suite.o-p12fail7.html"></testcase><testcase group="testcases6.testcases7" name="o-p14fail1" time="0.016406" timestamp="2012-11-19T15:50:18" log="/home/karl/tmp/otp_tests/logs/xmerl_test_logs/ct_run.ct@devbox.2012-11-19_15.49.06/tests.xmerl_test.logs/run.2012-11-19_15.49.40/xmerl_sax_std_suite.o-p14fail1.html"></testcase><testcase group="testcases6.testcases7" name="o-p14fail2" time="0.010553" timestamp="2012-11-19T15:50:18" log="/home/karl/tmp/otp_tests/logs/xmerl_test_logs/ct_run.ct@devbox.2012-11-19_15.49.06/tests.xmerl_test.logs/run.2012-11-19_15.49.40/xmerl_sax_std_suite.o-p14fail2.html"></testcase><testcase group="testcases6.testcases7" name="o-p14fail3" time="0.013921" timestamp="2012-11-19T15:50:18" log="/home/karl/tmp/otp_tests/logs/xmerl_test_logs/ct_run.ct@devbox.2012-11-19_15.49.06/tests.xmerl_test.logs/run.2012-11-19_15.49.40/xmerl_sax_std_suite.o-p14fail3.html"></testcase><testcase group="testcases6.testcases7" name="o-p15fail1" time="0.038335" timestamp="2012-11-19T15:50:18" log="/home/karl/tmp/otp_tests/logs/xmerl_test_logs/ct_run.ct@devbox.2012-11-19_15.49.06/tests.xmerl_test.logs/run.2012-11-19_15.49.40/xmerl_sax_std_suite.o-p15fail1.html"></testcase><testcase group="testcases6.testcases7" name="o-p15fail2" time="0.015568" timestamp="2012-11-19T15:50:18" log="/home/karl/tmp/otp_tests/logs/xmerl_test_logs/ct_run.ct@devbox.2012-11-19_15.49.06/tests.xmerl_test.logs/run.2012-11-19_15.49.40/xmerl_sax_std_suite.o-p15fail2.html"></testcase><testcase group="testcases6.testcases7" name="o-p15fail3" time="0.012086" timestamp="2012-11-19T15:50:18" log="/home/karl/tmp/otp_tests/logs/xmerl_test_logs/ct_run.ct@devbox.2012-11-19_15.49.06/tests.xmerl_test.logs/run.2012-11-19_15.49.40/xmerl_sax_std_suite.o-p15fail3.html"></testcase><testcase group="testcases6.testcases7" name="o-p16fail1" time="0.014709" timestamp="2012-11-19T15:50:18" log="/home/karl/tmp/otp_tests/logs/xmerl_test_logs/ct_run.ct@devbox.2012-11-19_15.49.06/tests.xmerl_test.logs/run.2012-11-19_15.49.40/xmerl_sax_std_suite.o-p16fail1.html"></testcase><testcase group="testcases6.testcases7" name="o-p16fail2" time="0.010208" timestamp="2012-11-19T15:50:18" log="/home/karl/tmp/otp_tests/logs/xmerl_test_logs/ct_run.ct@devbox.2012-11-19_15.49.06/tests.xmerl_test.logs/run.2012-11-19_15.49.40/xmerl_sax_std_suite.o-p16fail2.html"></testcase><testcase group="testcases6.testcases7" name="o-p16fail3" time="0.016964" timestamp="2012-11-19T15:50:18" log="/home/karl/tmp/otp_tests/logs/xmerl_test_logs/ct_run.ct@devbox.2012-11-19_15.49.06/tests.xmerl_test.logs/run.2012-11-19_15.49.40/xmerl_sax_std_suite.o-p16fail3.html"></testcase><testcase group="testcases6.testcases7" name="o-p18fail1" time="0.025401" timestamp="2012-11-19T15:50:18" log="/home/karl/tmp/otp_tests/logs/xmerl_test_logs/ct_run.ct@devbox.2012-11-19_15.49.06/tests.xmerl_test.logs/run.2012-11-19_15.49.40/xmerl_sax_std_suite.o-p18fail1.html"></testcase><testcase group="testcases6.testcases7" name="o-p18fail2" time="0.010399" timestamp="2012-11-19T15:50:18" log="/home/karl/tmp/otp_tests/logs/xmerl_test_logs/ct_run.ct@devbox.2012-11-19_15.49.06/tests.xmerl_test.logs/run.2012-11-19_15.49.40/xmerl_sax_std_suite.o-p18fail2.html"></testcase><testcase group="testcases6.testcases7" name="o-p18fail3" time="0.018294" timestamp="2012-11-19T15:50:18" log="/home/karl/tmp/otp_tests/logs/xmerl_test_logs/ct_run.ct@devbox.2012-11-19_15.49.06/tests.xmerl_test.logs/run.2012-11-19_15.49.40/xmerl_sax_std_suite.o-p18fail3.html"></testcase><testcase group="testcases6.testcases7" name="o-p22fail1" time="0.013005" timestamp="2012-11-19T15:50:18" log="/home/karl/tmp/otp_tests/logs/xmerl_test_logs/ct_run.ct@devbox.2012-11-19_15.49.06/tests.xmerl_test.logs/run.2012-11-19_15.49.40/xmerl_sax_std_suite.o-p22fail1.html"></testcase><testcase group="testcases6.testcases7" name="o-p22fail2" time="0.009408" timestamp="2012-11-19T15:50:18" log="/home/karl/tmp/otp_tests/logs/xmerl_test_logs/ct_run.ct@devbox.2012-11-19_15.49.06/tests.xmerl_test.logs/run.2012-11-19_15.49.40/xmerl_sax_std_suite.o-p22fail2.html"></testcase><testcase group="testcases6.testcases7" name="o-p23fail1" time="0.012147" timestamp="2012-11-19T15:50:19" log="/home/karl/tmp/otp_tests/logs/xmerl_test_logs/ct_run.ct@devbox.2012-11-19_15.49.06/tests.xmerl_test.logs/run.2012-11-19_15.49.40/xmerl_sax_std_suite.o-p23fail1.html"></testcase><testcase group="testcases6.testcases7" name="o-p23fail2" time="0.013705" timestamp="2012-11-19T15:50:19" log="/home/karl/tmp/otp_tests/logs/xmerl_test_logs/ct_run.ct@devbox.2012-11-19_15.49.06/tests.xmerl_test.logs/run.2012-11-19_15.49.40/xmerl_sax_std_suite.o-p23fail2.html"></testcase><testcase group="testcases6.testcases7" name="o-p23fail3" time="0.020881" timestamp="2012-11-19T15:50:19" log="/home/karl/tmp/otp_tests/logs/xmerl_test_logs/ct_run.ct@devbox.2012-11-19_15.49.06/tests.xmerl_test.logs/run.2012-11-19_15.49.40/xmerl_sax_std_suite.o-p23fail3.html"></testcase><testcase group="testcases6.testcases7" name="o-p23fail4" time="0.013671" timestamp="2012-11-19T15:50:19" log="/home/karl/tmp/otp_tests/logs/xmerl_test_logs/ct_run.ct@devbox.2012-11-19_15.49.06/tests.xmerl_test.logs/run.2012-11-19_15.49.40/xmerl_sax_std_suite.o-p23fail4.html"></testcase><testcase group="testcases6.testcases7" name="o-p23fail5" time="0.014049" timestamp="2012-11-19T15:50:19" log="/home/karl/tmp/otp_tests/logs/xmerl_test_logs/ct_run.ct@devbox.2012-11-19_15.49.06/tests.xmerl_test.logs/run.2012-11-19_15.49.40/xmerl_sax_std_suite.o-p23fail5.html"></testcase><testcase group="testcases6.testcases7" name="o-p24fail1" time="0.010417" timestamp="2012-11-19T15:50:19" log="/home/karl/tmp/otp_tests/logs/xmerl_test_logs/ct_run.ct@devbox.2012-11-19_15.49.06/tests.xmerl_test.logs/run.2012-11-19_15.49.40/xmerl_sax_std_suite.o-p24fail1.html"><skipped type="skip" message="Test o-p24fail1 in xmerl_sax_std_SUITE skipped!">{tc_user_skip,{skipped,&quot;NYI&quot;}}</skipped></testcase><testcase group="testcases6.testcases7" name="o-p24fail2" time="0.019565" timestamp="2012-11-19T15:50:19" log="/home/karl/tmp/otp_tests/logs/xmerl_test_logs/ct_run.ct@devbox.2012-11-19_15.49.06/tests.xmerl_test.logs/run.2012-11-19_15.49.40/xmerl_sax_std_suite.o-p24fail2.html"><skipped type="skip" message="Test o-p24fail2 in xmerl_sax_std_SUITE skipped!">{tc_user_skip,{skipped,&quot;NYI&quot;}}</skipped></testcase><testcase group="testcases6.testcases7" name="o-p25fail1" time="0.019771" timestamp="2012-11-19T15:50:19" log="/home/karl/tmp/otp_tests/logs/xmerl_test_logs/ct_run.ct@devbox.2012-11-19_15.49.06/tests.xmerl_test.logs/run.2012-11-19_15.49.40/xmerl_sax_std_suite.o-p25fail1.html"><skipped type="skip" message="Test o-p25fail1 in xmerl_sax_std_SUITE skipped!">{tc_user_skip,{skipped,&quot;NYI&quot;}}</skipped></testcase><testcase group="testcases6.testcases7" name="o-p26fail1" time="0.024014" timestamp="2012-11-19T15:50:19" log="/home/karl/tmp/otp_tests/logs/xmerl_test_logs/ct_run.ct@devbox.2012-11-19_15.49.06/tests.xmerl_test.logs/run.2012-11-19_15.49.40/xmerl_sax_std_suite.o-p26fail1.html"><skipped type="skip" message="Test o-p26fail1 in xmerl_sax_std_SUITE skipped!">{tc_user_skip,{skipped,&quot;NYI&quot;}}</skipped></testcase><testcase group="testcases6.testcases7" name="o-p26fail2" time="0.019804" timestamp="2012-11-19T15:50:19" log="/home/karl/tmp/otp_tests/logs/xmerl_test_logs/ct_run.ct@devbox.2012-11-19_15.49.06/tests.xmerl_test.logs/run.2012-11-19_15.49.40/xmerl_sax_std_suite.o-p26fail2.html"><skipped type="skip" message="Test o-p26fail2 in xmerl_sax_std_SUITE skipped!">{tc_user_skip,{skipped,&quot;NYI&quot;}}</skipped></testcase><testcase group="testcases6.testcases7" name="o-p27fail1" time="0.020561" timestamp="2012-11-19T15:50:19" log="/home/karl/tmp/otp_tests/logs/xmerl_test_logs/ct_run.ct@devbox.2012-11-19_15.49.06/tests.xmerl_test.logs/run.2012-11-19_15.49.40/xmerl_sax_std_suite.o-p27fail1.html"></testcase><testcase group="testcases6.testcases7" name="o-p28fail1" time="0.014281" timestamp="2012-11-19T15:50:19" log="/home/karl/tmp/otp_tests/logs/xmerl_test_logs/ct_run.ct@devbox.2012-11-19_15.49.06/tests.xmerl_test.logs/run.2012-11-19_15.49.40/xmerl_sax_std_suite.o-p28fail1.html"></testcase><testcase group="testcases6.testcases7" name="o-p29fail1" time="0.014535" timestamp="2012-11-19T15:50:19" log="/home/karl/tmp/otp_tests/logs/xmerl_test_logs/ct_run.ct@devbox.2012-11-19_15.49.06/tests.xmerl_test.logs/run.2012-11-19_15.49.40/xmerl_sax_std_suite.o-p29fail1.html"></testcase><testcase group="testcases6.testcases7" name="o-p30fail1" time="0.010642" timestamp="2012-11-19T15:50:19" log="/home/karl/tmp/otp_tests/logs/xmerl_test_logs/ct_run.ct@devbox.2012-11-19_15.49.06/tests.xmerl_test.logs/run.2012-11-19_15.49.40/xmerl_sax_std_suite.o-p30fail1.html"><skipped type="skip" message="Test o-p30fail1 in xmerl_sax_std_SUITE skipped!">{tc_user_skip,{skipped,&quot;NYI&quot;}}</skipped></testcase><testcase group="testcases6.testcases7" name="o-p31fail1" time="0.014268" timestamp="2012-11-19T15:50:19" log="/home/karl/tmp/otp_tests/logs/xmerl_test_logs/ct_run.ct@devbox.2012-11-19_15.49.06/tests.xmerl_test.logs/run.2012-11-19_15.49.40/xmerl_sax_std_suite.o-p31fail1.html"></testcase><testcase group="testcases6.testcases7" name="o-p32fail1" time="0.008205" timestamp="2012-11-19T15:50:19" log="/home/karl/tmp/otp_tests/logs/xmerl_test_logs/ct_run.ct@devbox.2012-11-19_15.49.06/tests.xmerl_test.logs/run.2012-11-19_15.49.40/xmerl_sax_std_suite.o-p32fail1.html"><skipped type="skip" message="Test o-p32fail1 in xmerl_sax_std_SUITE skipped!">{tc_user_skip,{skipped,&quot;NYI&quot;}}</skipped></testcase><testcase group="testcases6.testcases7" name="o-p32fail2" time="0.020009" timestamp="2012-11-19T15:50:19" log="/home/karl/tmp/otp_tests/logs/xmerl_test_logs/ct_run.ct@devbox.2012-11-19_15.49.06/tests.xmerl_test.logs/run.2012-11-19_15.49.40/xmerl_sax_std_suite.o-p32fail2.html"><skipped type="skip" message="Test o-p32fail2 in xmerl_sax_std_SUITE skipped!">{tc_user_skip,{skipped,&quot;NYI&quot;}}</skipped></testcase><testcase group="testcases6.testcases7" name="o-p32fail3" time="0.015156" timestamp="2012-11-19T15:50:20" log="/home/karl/tmp/otp_tests/logs/xmerl_test_logs/ct_run.ct@devbox.2012-11-19_15.49.06/tests.xmerl_test.logs/run.2012-11-19_15.49.40/xmerl_sax_std_suite.o-p32fail3.html"></testcase><testcase group="testcases6.testcases7" name="o-p32fail4" time="0.010549" timestamp="2012-11-19T15:50:20" log="/home/karl/tmp/otp_tests/logs/xmerl_test_logs/ct_run.ct@devbox.2012-11-19_15.49.06/tests.xmerl_test.logs/run.2012-11-19_15.49.40/xmerl_sax_std_suite.o-p32fail4.html"><skipped type="skip" message="Test o-p32fail4 in xmerl_sax_std_SUITE skipped!">{tc_user_skip,{skipped,&quot;NYI&quot;}}</skipped></testcase><testcase group="testcases6.testcases7" name="o-p32fail5" time="0.022199" timestamp="2012-11-19T15:50:20" log="/home/karl/tmp/otp_tests/logs/xmerl_test_logs/ct_run.ct@devbox.2012-11-19_15.49.06/tests.xmerl_test.logs/run.2012-11-19_15.49.40/xmerl_sax_std_suite.o-p32fail5.html"></testcase><testcase group="testcases6.testcases7" name="o-p39fail1" time="0.008727" timestamp="2012-11-19T15:50:20" log="/home/karl/tmp/otp_tests/logs/xmerl_test_logs/ct_run.ct@devbox.2012-11-19_15.49.06/tests.xmerl_test.logs/run.2012-11-19_15.49.40/xmerl_sax_std_suite.o-p39fail1.html"></testcase><testcase group="testcases6.testcases7" name="o-p39fail2" time="0.009033" timestamp="2012-11-19T15:50:20" log="/home/karl/tmp/otp_tests/logs/xmerl_test_logs/ct_run.ct@devbox.2012-11-19_15.49.06/tests.xmerl_test.logs/run.2012-11-19_15.49.40/xmerl_sax_std_suite.o-p39fail2.html"></testcase><testcase group="testcases6.testcases7" name="o-p39fail3" time="0.010486" timestamp="2012-11-19T15:50:20" log="/home/karl/tmp/otp_tests/logs/xmerl_test_logs/ct_run.ct@devbox.2012-11-19_15.49.06/tests.xmerl_test.logs/run.2012-11-19_15.49.40/xmerl_sax_std_suite.o-p39fail3.html"><skipped type="skip" message="Test o-p39fail3 in xmerl_sax_std_SUITE skipped!">{tc_user_skip,{skipped,&quot;NYI&quot;}}</skipped></testcase><testcase group="testcases6.testcases7" name="o-p39fail4" time="0.023087" timestamp="2012-11-19T15:50:20" log="/home/karl/tmp/otp_tests/logs/xmerl_test_logs/ct_run.ct@devbox.2012-11-19_15.49.06/tests.xmerl_test.logs/run.2012-11-19_15.49.40/xmerl_sax_std_suite.o-p39fail4.html"></testcase><testcase group="testcases6.testcases7" name="o-p39fail5" time="0.008470" timestamp="2012-11-19T15:50:20" log="/home/karl/tmp/otp_tests/logs/xmerl_test_logs/ct_run.ct@devbox.2012-11-19_15.49.06/tests.xmerl_test.logs/run.2012-11-19_15.49.40/xmerl_sax_std_suite.o-p39fail5.html"></testcase><testcase group="testcases6.testcases7" name="o-p40fail1" time="0.009203" timestamp="2012-11-19T15:50:20" log="/home/karl/tmp/otp_tests/logs/xmerl_test_logs/ct_run.ct@devbox.2012-11-19_15.49.06/tests.xmerl_test.logs/run.2012-11-19_15.49.40/xmerl_sax_std_suite.o-p40fail1.html"><skipped type="skip" message="Test o-p40fail1 in xmerl_sax_std_SUITE skipped!">{tc_user_skip,{skipped,&quot;NYI&quot;}}</skipped></testcase><testcase group="testcases6.testcases7" name="o-p40fail2" time="0.018612" timestamp="2012-11-19T15:50:20" log="/home/karl/tmp/otp_tests/logs/xmerl_test_logs/ct_run.ct@devbox.2012-11-19_15.49.06/tests.xmerl_test.logs/run.2012-11-19_15.49.40/xmerl_sax_std_suite.o-p40fail2.html"></testcase><testcase group="testcases6.testcases7" name="o-p40fail3" time="0.012324" timestamp="2012-11-19T15:50:20" log="/home/karl/tmp/otp_tests/logs/xmerl_test_logs/ct_run.ct@devbox.2012-11-19_15.49.06/tests.xmerl_test.logs/run.2012-11-19_15.49.40/xmerl_sax_std_suite.o-p40fail3.html"></testcase><testcase group="testcases6.testcases7" name="o-p40fail4" time="0.013708" timestamp="2012-11-19T15:50:20" log="/home/karl/tmp/otp_tests/logs/xmerl_test_logs/ct_run.ct@devbox.2012-11-19_15.49.06/tests.xmerl_test.logs/run.2012-11-19_15.49.40/xmerl_sax_std_suite.o-p40fail4.html"></testcase><testcase group="testcases6.testcases7" name="o-p41fail1" time="0.010336" timestamp="2012-11-19T15:50:20" log="/home/karl/tmp/otp_tests/logs/xmerl_test_logs/ct_run.ct@devbox.2012-11-19_15.49.06/tests.xmerl_test.logs/run.2012-11-19_15.49.40/xmerl_sax_std_suite.o-p41fail1.html"></testcase><testcase group="testcases6.testcases7" name="o-p41fail2" time="0.010784" timestamp="2012-11-19T15:50:20" log="/home/karl/tmp/otp_tests/logs/xmerl_test_logs/ct_run.ct@devbox.2012-11-19_15.49.06/tests.xmerl_test.logs/run.2012-11-19_15.49.40/xmerl_sax_std_suite.o-p41fail2.html"></testcase><testcase group="testcases6.testcases7" name="o-p41fail3" time="0.009043" timestamp="2012-11-19T15:50:20" log="/home/karl/tmp/otp_tests/logs/xmerl_test_logs/ct_run.ct@devbox.2012-11-19_15.49.06/tests.xmerl_test.logs/run.2012-11-19_15.49.40/xmerl_sax_std_suite.o-p41fail3.html"></testcase><testcase group="testcases6.testcases7" name="o-p42fail1" time="0.008667" timestamp="2012-11-19T15:50:20" log="/home/karl/tmp/otp_tests/logs/xmerl_test_logs/ct_run.ct@devbox.2012-11-19_15.49.06/tests.xmerl_test.logs/run.2012-11-19_15.49.40/xmerl_sax_std_suite.o-p42fail1.html"></testcase><testcase group="testcases6.testcases7" name="o-p42fail2" time="0.010188" timestamp="2012-11-19T15:50:20" log="/home/karl/tmp/otp_tests/logs/xmerl_test_logs/ct_run.ct@devbox.2012-11-19_15.49.06/tests.xmerl_test.logs/run.2012-11-19_15.49.40/xmerl_sax_std_suite.o-p42fail2.html"></testcase><testcase group="testcases6.testcases7" name="o-p42fail3" time="0.008865" timestamp="2012-11-19T15:50:20" log="/home/karl/tmp/otp_tests/logs/xmerl_test_logs/ct_run.ct@devbox.2012-11-19_15.49.06/tests.xmerl_test.logs/run.2012-11-19_15.49.40/xmerl_sax_std_suite.o-p42fail3.html"></testcase><testcase group="testcases6.testcases7" name="o-p43fail1" time="0.008490" timestamp="2012-11-19T15:50:20" log="/home/karl/tmp/otp_tests/logs/xmerl_test_logs/ct_run.ct@devbox.2012-11-19_15.49.06/tests.xmerl_test.logs/run.2012-11-19_15.49.40/xmerl_sax_std_suite.o-p43fail1.html"></testcase><testcase group="testcases6.testcases7" name="o-p43fail2" time="0.010598" timestamp="2012-11-19T15:50:20" log="/home/karl/tmp/otp_tests/logs/xmerl_test_logs/ct_run.ct@devbox.2012-11-19_15.49.06/tests.xmerl_test.logs/run.2012-11-19_15.49.40/xmerl_sax_std_suite.o-p43fail2.html"></testcase><testcase group="testcases6.testcases7" name="o-p43fail3" time="0.009471" timestamp="2012-11-19T15:50:20" log="/home/karl/tmp/otp_tests/logs/xmerl_test_logs/ct_run.ct@devbox.2012-11-19_15.49.06/tests.xmerl_test.logs/run.2012-11-19_15.49.40/xmerl_sax_std_suite.o-p43fail3.html"></testcase><testcase group="testcases6.testcases7" name="o-p44fail1" time="0.007920" timestamp="2012-11-19T15:50:21" log="/home/karl/tmp/otp_tests/logs/xmerl_test_logs/ct_run.ct@devbox.2012-11-19_15.49.06/tests.xmerl_test.logs/run.2012-11-19_15.49.40/xmerl_sax_std_suite.o-p44fail1.html"></testcase><testcase group="testcases6.testcases7" name="o-p44fail2" time="0.010884" timestamp="2012-11-19T15:50:21" log="/home/karl/tmp/otp_tests/logs/xmerl_test_logs/ct_run.ct@devbox.2012-11-19_15.49.06/tests.xmerl_test.logs/run.2012-11-19_15.49.40/xmerl_sax_std_suite.o-p44fail2.html"></testcase><testcase group="testcases6.testcases7" name="o-p44fail3" time="0.008906" timestamp="2012-11-19T15:50:21" log="/home/karl/tmp/otp_tests/logs/xmerl_test_logs/ct_run.ct@devbox.2012-11-19_15.49.06/tests.xmerl_test.logs/run.2012-11-19_15.49.40/xmerl_sax_std_suite.o-p44fail3.html"></testcase><testcase group="testcases6.testcases7" name="o-p44fail4" time="0.010231" timestamp="2012-11-19T15:50:21" log="/home/karl/tmp/otp_tests/logs/xmerl_test_logs/ct_run.ct@devbox.2012-11-19_15.49.06/tests.xmerl_test.logs/run.2012-11-19_15.49.40/xmerl_sax_std_suite.o-p44fail4.html"><skipped type="skip" message="Test o-p44fail4 in xmerl_sax_std_SUITE skipped!">{tc_user_skip,{skipped,&quot;NYI&quot;}}</skipped></testcase><testcase group="testcases6.testcases7" name="o-p44fail5" time="0.104219" timestamp="2012-11-19T15:50:21" log="/home/karl/tmp/otp_tests/logs/xmerl_test_logs/ct_run.ct@devbox.2012-11-19_15.49.06/tests.xmerl_test.logs/run.2012-11-19_15.49.40/xmerl_sax_std_suite.o-p44fail5.html"></testcase><testcase group="testcases6.testcases7" name="o-p45fail1" time="0.050661" timestamp="2012-11-19T15:50:21" log="/home/karl/tmp/otp_tests/logs/xmerl_test_logs/ct_run.ct@devbox.2012-11-19_15.49.06/tests.xmerl_test.logs/run.2012-11-19_15.49.40/xmerl_sax_std_suite.o-p45fail1.html"></testcase><testcase group="testcases6.testcases7" name="o-p45fail2" time="0.049907" timestamp="2012-11-19T15:50:21" log="/home/karl/tmp/otp_tests/logs/xmerl_test_logs/ct_run.ct@devbox.2012-11-19_15.49.06/tests.xmerl_test.logs/run.2012-11-19_15.49.40/xmerl_sax_std_suite.o-p45fail2.html"></testcase><testcase group="testcases6.testcases7" name="o-p45fail3" time="0.015432" timestamp="2012-11-19T15:50:21" log="/home/karl/tmp/otp_tests/logs/xmerl_test_logs/ct_run.ct@devbox.2012-11-19_15.49.06/tests.xmerl_test.logs/run.2012-11-19_15.49.40/xmerl_sax_std_suite.o-p45fail3.html"></testcase><testcase group="testcases6.testcases7" name="o-p45fail4" time="0.015734" timestamp="2012-11-19T15:50:21" log="/home/karl/tmp/otp_tests/logs/xmerl_test_logs/ct_run.ct@devbox.2012-11-19_15.49.06/tests.xmerl_test.logs/run.2012-11-19_15.49.40/xmerl_sax_std_suite.o-p45fail4.html"><skipped type="skip" message="Test o-p45fail4 in xmerl_sax_std_SUITE skipped!">{tc_user_skip,{skipped,&quot;NYI&quot;}}</skipped></testcase><testcase group="testcases6.testcases7" name="o-p46fail1" time="0.040715" timestamp="2012-11-19T15:50:21" log="/home/karl/tmp/otp_tests/logs/xmerl_test_logs/ct_run.ct@devbox.2012-11-19_15.49.06/tests.xmerl_test.logs/run.2012-11-19_15.49.40/xmerl_sax_std_suite.o-p46fail1.html"><skipped type="skip" message="Test o-p46fail1 in xmerl_sax_std_SUITE skipped!">{tc_user_skip,{skipped,&quot;NYI&quot;}}</skipped></testcase><testcase group="testcases6.testcases7" name="o-p46fail2" time="0.030420" timestamp="2012-11-19T15:50:22" log="/home/karl/tmp/otp_tests/logs/xmerl_test_logs/ct_run.ct@devbox.2012-11-19_15.49.06/tests.xmerl_test.logs/run.2012-11-19_15.49.40/xmerl_sax_std_suite.o-p46fail2.html"><skipped type="skip" message="Test o-p46fail2 in xmerl_sax_std_SUITE skipped!">{tc_user_skip,{skipped,&quot;NYI&quot;}}</skipped></testcase><testcase group="testcases6.testcases7" name="o-p46fail3" time="0.038107" timestamp="2012-11-19T15:50:22" log="/home/karl/tmp/otp_tests/logs/xmerl_test_logs/ct_run.ct@devbox.2012-11-19_15.49.06/tests.xmerl_test.logs/run.2012-11-19_15.49.40/xmerl_sax_std_suite.o-p46fail3.html"><skipped type="skip" message="Test o-p46fail3 in xmerl_sax_std_SUITE skipped!">{tc_user_skip,{skipped,&quot;NYI&quot;}}</skipped></testcase><testcase group="testcases6.testcases7" name="o-p46fail4" time="0.074908" timestamp="2012-11-19T15:50:22" log="/home/karl/tmp/otp_tests/logs/xmerl_test_logs/ct_run.ct@devbox.2012-11-19_15.49.06/tests.xmerl_test.logs/run.2012-11-19_15.49.40/xmerl_sax_std_suite.o-p46fail4.html"><skipped type="skip" message="Test o-p46fail4 in xmerl_sax_std_SUITE skipped!">{tc_user_skip,{skipped,&quot;NYI&quot;}}</skipped></testcase><testcase group="testcases6.testcases7" name="o-p46fail5" time="0.082808" timestamp="2012-11-19T15:50:22" log="/home/karl/tmp/otp_tests/logs/xmerl_test_logs/ct_run.ct@devbox.2012-11-19_15.49.06/tests.xmerl_test.logs/run.2012-11-19_15.49.40/xmerl_sax_std_suite.o-p46fail5.html"><skipped type="skip" message="Test o-p46fail5 in xmerl_sax_std_SUITE skipped!">{tc_user_skip,{skipped,&quot;NYI&quot;}}</skipped></testcase><testcase group="testcases6.testcases7" name="o-p46fail6" time="0.075916" timestamp="2012-11-19T15:50:23" log="/home/karl/tmp/otp_tests/logs/xmerl_test_logs/ct_run.ct@devbox.2012-11-19_15.49.06/tests.xmerl_test.logs/run.2012-11-19_15.49.40/xmerl_sax_std_suite.o-p46fail6.html"><skipped type="skip" message="Test o-p46fail6 in xmerl_sax_std_SUITE skipped!">{tc_user_skip,{skipped,&quot;NYI&quot;}}</skipped></testcase><testcase group="testcases6.testcases7" name="o-p47fail1" time="0.072918" timestamp="2012-11-19T15:50:23" log="/home/karl/tmp/otp_tests/logs/xmerl_test_logs/ct_run.ct@devbox.2012-11-19_15.49.06/tests.xmerl_test.logs/run.2012-11-19_15.49.40/xmerl_sax_std_suite.o-p47fail1.html"><skipped type="skip" message="Test o-p47fail1 in xmerl_sax_std_SUITE skipped!">{tc_user_skip,{skipped,&quot;NYI&quot;}}</skipped></testcase><testcase group="testcases6.testcases7" name="o-p47fail2" time="0.028817" timestamp="2012-11-19T15:50:23" log="/home/karl/tmp/otp_tests/logs/xmerl_test_logs/ct_run.ct@devbox.2012-11-19_15.49.06/tests.xmerl_test.logs/run.2012-11-19_15.49.40/xmerl_sax_std_suite.o-p47fail2.html"><skipped type="skip" message="Test o-p47fail2 in xmerl_sax_std_SUITE skipped!">{tc_user_skip,{skipped,&quot;NYI&quot;}}</skipped></testcase><testcase group="testcases6.testcases7" name="o-p47fail3" time="0.020384" timestamp="2012-11-19T15:50:23" log="/home/karl/tmp/otp_tests/logs/xmerl_test_logs/ct_run.ct@devbox.2012-11-19_15.49.06/tests.xmerl_test.logs/run.2012-11-19_15.49.40/xmerl_sax_std_suite.o-p47fail3.html"><skipped type="skip" message="Test o-p47fail3 in xmerl_sax_std_SUITE skipped!">{tc_user_skip,{skipped,&quot;NYI&quot;}}</skipped></testcase><testcase group="testcases6.testcases7" name="o-p47fail4" time="0.016825" timestamp="2012-11-19T15:50:23" log="/home/karl/tmp/otp_tests/logs/xmerl_test_logs/ct_run.ct@devbox.2012-11-19_15.49.06/tests.xmerl_test.logs/run.2012-11-19_15.49.40/xmerl_sax_std_suite.o-p47fail4.html"><skipped type="skip" message="Test o-p47fail4 in xmerl_sax_std_SUITE skipped!">{tc_user_skip,{skipped,&quot;NYI&quot;}}</skipped></testcase><testcase group="testcases6.testcases7" name="o-p48fail1" time="0.016534" timestamp="2012-11-19T15:50:23" log="/home/karl/tmp/otp_tests/logs/xmerl_test_logs/ct_run.ct@devbox.2012-11-19_15.49.06/tests.xmerl_test.logs/run.2012-11-19_15.49.40/xmerl_sax_std_suite.o-p48fail1.html"><skipped type="skip" message="Test o-p48fail1 in xmerl_sax_std_SUITE skipped!">{tc_user_skip,{skipped,&quot;NYI&quot;}}</skipped></testcase><testcase group="testcases6.testcases7" name="o-p48fail2" time="0.020158" timestamp="2012-11-19T15:50:23" log="/home/karl/tmp/otp_tests/logs/xmerl_test_logs/ct_run.ct@devbox.2012-11-19_15.49.06/tests.xmerl_test.logs/run.2012-11-19_15.49.40/xmerl_sax_std_suite.o-p48fail2.html"><skipped type="skip" message="Test o-p48fail2 in xmerl_sax_std_SUITE skipped!">{tc_user_skip,{skipped,&quot;NYI&quot;}}</skipped></testcase><testcase group="testcases6.testcases7" name="o-p49fail1" time="0.015785" timestamp="2012-11-19T15:50:23" log="/home/karl/tmp/otp_tests/logs/xmerl_test_logs/ct_run.ct@devbox.2012-11-19_15.49.06/tests.xmerl_test.logs/run.2012-11-19_15.49.40/xmerl_sax_std_suite.o-p49fail1.html"></testcase><testcase group="testcases6.testcases7" name="o-p50fail1" time="0.009527" timestamp="2012-11-19T15:50:24" log="/home/karl/tmp/otp_tests/logs/xmerl_test_logs/ct_run.ct@devbox.2012-11-19_15.49.06/tests.xmerl_test.logs/run.2012-11-19_15.49.40/xmerl_sax_std_suite.o-p50fail1.html"></testcase><testcase group="testcases6.testcases7" name="o-p51fail1" time="0.010811" timestamp="2012-11-19T15:50:24" log="/home/karl/tmp/otp_tests/logs/xmerl_test_logs/ct_run.ct@devbox.2012-11-19_15.49.06/tests.xmerl_test.logs/run.2012-11-19_15.49.40/xmerl_sax_std_suite.o-p51fail1.html"><skipped type="skip" message="Test o-p51fail1 in xmerl_sax_std_SUITE skipped!">{tc_user_skip,{skipped,&quot;NYI&quot;}}</skipped></testcase><testcase group="testcases6.testcases7" name="o-p51fail2" time="0.031893" timestamp="2012-11-19T15:50:24" log="/home/karl/tmp/otp_tests/logs/xmerl_test_logs/ct_run.ct@devbox.2012-11-19_15.49.06/tests.xmerl_test.logs/run.2012-11-19_15.49.40/xmerl_sax_std_suite.o-p51fail2.html"><skipped type="skip" message="Test o-p51fail2 in xmerl_sax_std_SUITE skipped!">{tc_user_skip,{skipped,&quot;NYI&quot;}}</skipped></testcase><testcase group="testcases6.testcases7" name="o-p51fail3" time="0.024862" timestamp="2012-11-19T15:50:24" log="/home/karl/tmp/otp_tests/logs/xmerl_test_logs/ct_run.ct@devbox.2012-11-19_15.49.06/tests.xmerl_test.logs/run.2012-11-19_15.49.40/xmerl_sax_std_suite.o-p51fail3.html"><skipped type="skip" message="Test o-p51fail3 in xmerl_sax_std_SUITE skipped!">{tc_user_skip,{skipped,&quot;NYI&quot;}}</skipped></testcase><testcase group="testcases6.testcases7" name="o-p51fail4" time="0.030922" timestamp="2012-11-19T15:50:24" log="/home/karl/tmp/otp_tests/logs/xmerl_test_logs/ct_run.ct@devbox.2012-11-19_15.49.06/tests.xmerl_test.logs/run.2012-11-19_15.49.40/xmerl_sax_std_suite.o-p51fail4.html"><skipped type="skip" message="Test o-p51fail4 in xmerl_sax_std_SUITE skipped!">{tc_user_skip,{skipped,&quot;NYI&quot;}}</skipped></testcase><testcase group="testcases6.testcases7" name="o-p51fail5" time="0.032990" timestamp="2012-11-19T15:50:24" log="/home/karl/tmp/otp_tests/logs/xmerl_test_logs/ct_run.ct@devbox.2012-11-19_15.49.06/tests.xmerl_test.logs/run.2012-11-19_15.49.40/xmerl_sax_std_suite.o-p51fail5.html"><skipped type="skip" message="Test o-p51fail5 in xmerl_sax_std_SUITE skipped!">{tc_user_skip,{skipped,&quot;NYI&quot;}}</skipped></testcase><testcase group="testcases6.testcases7" name="o-p51fail6" time="0.039214" timestamp="2012-11-19T15:50:24" log="/home/karl/tmp/otp_tests/logs/xmerl_test_logs/ct_run.ct@devbox.2012-11-19_15.49.06/tests.xmerl_test.logs/run.2012-11-19_15.49.40/xmerl_sax_std_suite.o-p51fail6.html"><skipped type="skip" message="Test o-p51fail6 in xmerl_sax_std_SUITE skipped!">{tc_user_skip,{skipped,&quot;NYI&quot;}}</skipped></testcase><testcase group="testcases6.testcases7" name="o-p51fail7" time="0.020603" timestamp="2012-11-19T15:50:24" log="/home/karl/tmp/otp_tests/logs/xmerl_test_logs/ct_run.ct@devbox.2012-11-19_15.49.06/tests.xmerl_test.logs/run.2012-11-19_15.49.40/xmerl_sax_std_suite.o-p51fail7.html"><skipped type="skip" message="Test o-p51fail7 in xmerl_sax_std_SUITE skipped!">{tc_user_skip,{skipped,&quot;NYI&quot;}}</skipped></testcase><testcase group="testcases6.testcases7" name="o-p52fail1" time="0.024965" timestamp="2012-11-19T15:50:24" log="/home/karl/tmp/otp_tests/logs/xmerl_test_logs/ct_run.ct@devbox.2012-11-19_15.49.06/tests.xmerl_test.logs/run.2012-11-19_15.49.40/xmerl_sax_std_suite.o-p52fail1.html"></testcase><testcase group="testcases6.testcases7" name="o-p52fail2" time="0.011997" timestamp="2012-11-19T15:50:24" log="/home/karl/tmp/otp_tests/logs/xmerl_test_logs/ct_run.ct@devbox.2012-11-19_15.49.06/tests.xmerl_test.logs/run.2012-11-19_15.49.40/xmerl_sax_std_suite.o-p52fail2.html"></testcase><testcase group="testcases6.testcases7" name="o-p53fail1" time="0.009007" timestamp="2012-11-19T15:50:24" log="/home/karl/tmp/otp_tests/logs/xmerl_test_logs/ct_run.ct@devbox.2012-11-19_15.49.06/tests.xmerl_test.logs/run.2012-11-19_15.49.40/xmerl_sax_std_suite.o-p53fail1.html"></testcase><testcase group="testcases6.testcases7" name="o-p53fail2" time="0.011635" timestamp="2012-11-19T15:50:24" log="/home/karl/tmp/otp_tests/logs/xmerl_test_logs/ct_run.ct@devbox.2012-11-19_15.49.06/tests.xmerl_test.logs/run.2012-11-19_15.49.40/xmerl_sax_std_suite.o-p53fail2.html"></testcase><testcase group="testcases6.testcases7" name="o-p53fail3" time="0.009288" timestamp="2012-11-19T15:50:24" log="/home/karl/tmp/otp_tests/logs/xmerl_test_logs/ct_run.ct@devbox.2012-11-19_15.49.06/tests.xmerl_test.logs/run.2012-11-19_15.49.40/xmerl_sax_std_suite.o-p53fail3.html"></testcase><testcase group="testcases6.testcases7" name="o-p53fail4" time="0.011224" timestamp="2012-11-19T15:50:24" log="/home/karl/tmp/otp_tests/logs/xmerl_test_logs/ct_run.ct@devbox.2012-11-19_15.49.06/tests.xmerl_test.logs/run.2012-11-19_15.49.40/xmerl_sax_std_suite.o-p53fail4.html"></testcase><testcase group="testcases6.testcases7" name="o-p53fail5" time="0.011747" timestamp="2012-11-19T15:50:24" log="/home/karl/tmp/otp_tests/logs/xmerl_test_logs/ct_run.ct@devbox.2012-11-19_15.49.06/tests.xmerl_test.logs/run.2012-11-19_15.49.40/xmerl_sax_std_suite.o-p53fail5.html"></testcase><testcase group="testcases6.testcases7" name="o-p54fail1" time="0.008993" timestamp="2012-11-19T15:50:24" log="/home/karl/tmp/otp_tests/logs/xmerl_test_logs/ct_run.ct@devbox.2012-11-19_15.49.06/tests.xmerl_test.logs/run.2012-11-19_15.49.40/xmerl_sax_std_suite.o-p54fail1.html"></testcase><testcase group="testcases6.testcases7" name="o-p55fail1" time="0.008655" timestamp="2012-11-19T15:50:24" log="/home/karl/tmp/otp_tests/logs/xmerl_test_logs/ct_run.ct@devbox.2012-11-19_15.49.06/tests.xmerl_test.logs/run.2012-11-19_15.49.40/xmerl_sax_std_suite.o-p55fail1.html"></testcase><testcase group="testcases6.testcases7" name="o-p56fail1" time="0.011466" timestamp="2012-11-19T15:50:25" log="/home/karl/tmp/otp_tests/logs/xmerl_test_logs/ct_run.ct@devbox.2012-11-19_15.49.06/tests.xmerl_test.logs/run.2012-11-19_15.49.40/xmerl_sax_std_suite.o-p56fail1.html"></testcase><testcase group="testcases6.testcases7" name="o-p56fail2" time="0.008226" timestamp="2012-11-19T15:50:25" log="/home/karl/tmp/otp_tests/logs/xmerl_test_logs/ct_run.ct@devbox.2012-11-19_15.49.06/tests.xmerl_test.logs/run.2012-11-19_15.49.40/xmerl_sax_std_suite.o-p56fail2.html"></testcase><testcase group="testcases6.testcases7" name="o-p56fail3" time="0.013999" timestamp="2012-11-19T15:50:25" log="/home/karl/tmp/otp_tests/logs/xmerl_test_logs/ct_run.ct@devbox.2012-11-19_15.49.06/tests.xmerl_test.logs/run.2012-11-19_15.49.40/xmerl_sax_std_suite.o-p56fail3.html"></testcase><testcase group="testcases6.testcases7" name="o-p56fail4" time="0.012497" timestamp="2012-11-19T15:50:25" log="/home/karl/tmp/otp_tests/logs/xmerl_test_logs/ct_run.ct@devbox.2012-11-19_15.49.06/tests.xmerl_test.logs/run.2012-11-19_15.49.40/xmerl_sax_std_suite.o-p56fail4.html"></testcase><testcase group="testcases6.testcases7" name="o-p56fail5" time="0.010063" timestamp="2012-11-19T15:50:25" log="/home/karl/tmp/otp_tests/logs/xmerl_test_logs/ct_run.ct@devbox.2012-11-19_15.49.06/tests.xmerl_test.logs/run.2012-11-19_15.49.40/xmerl_sax_std_suite.o-p56fail5.html"></testcase><testcase group="testcases6.testcases7" name="o-p57fail1" time="0.008884" timestamp="2012-11-19T15:50:25" log="/home/karl/tmp/otp_tests/logs/xmerl_test_logs/ct_run.ct@devbox.2012-11-19_15.49.06/tests.xmerl_test.logs/run.2012-11-19_15.49.40/xmerl_sax_std_suite.o-p57fail1.html"></testcase><testcase group="testcases6.testcases7" name="o-p58fail1" time="0.011059" timestamp="2012-11-19T15:50:25" log="/home/karl/tmp/otp_tests/logs/xmerl_test_logs/ct_run.ct@devbox.2012-11-19_15.49.06/tests.xmerl_test.logs/run.2012-11-19_15.49.40/xmerl_sax_std_suite.o-p58fail1.html"><skipped type="skip" message="Test o-p58fail1 in xmerl_sax_std_SUITE skipped!">{tc_user_skip,{skipped,&quot;NYI&quot;}}</skipped></testcase><testcase group="testcases6.testcases7" name="o-p58fail2" time="0.040670" timestamp="2012-11-19T15:50:25" log="/home/karl/tmp/otp_tests/logs/xmerl_test_logs/ct_run.ct@devbox.2012-11-19_15.49.06/tests.xmerl_test.logs/run.2012-11-19_15.49.40/xmerl_sax_std_suite.o-p58fail2.html"><skipped type="skip" message="Test o-p58fail2 in xmerl_sax_std_SUITE skipped!">{tc_user_skip,{skipped,&quot;NYI&quot;}}</skipped></testcase><testcase group="testcases6.testcases7" name="o-p58fail3" time="0.026177" timestamp="2012-11-19T15:50:25" log="/home/karl/tmp/otp_tests/logs/xmerl_test_logs/ct_run.ct@devbox.2012-11-19_15.49.06/tests.xmerl_test.logs/run.2012-11-19_15.49.40/xmerl_sax_std_suite.o-p58fail3.html"></testcase><testcase group="testcases6.testcases7" name="o-p58fail4" time="0.009044" timestamp="2012-11-19T15:50:25" log="/home/karl/tmp/otp_tests/logs/xmerl_test_logs/ct_run.ct@devbox.2012-11-19_15.49.06/tests.xmerl_test.logs/run.2012-11-19_15.49.40/xmerl_sax_std_suite.o-p58fail4.html"></testcase><testcase group="testcases6.testcases7" name="o-p58fail5" time="0.008524" timestamp="2012-11-19T15:50:25" log="/home/karl/tmp/otp_tests/logs/xmerl_test_logs/ct_run.ct@devbox.2012-11-19_15.49.06/tests.xmerl_test.logs/run.2012-11-19_15.49.40/xmerl_sax_std_suite.o-p58fail5.html"></testcase><testcase group="testcases6.testcases7" name="o-p58fail6" time="0.011251" timestamp="2012-11-19T15:50:25" log="/home/karl/tmp/otp_tests/logs/xmerl_test_logs/ct_run.ct@devbox.2012-11-19_15.49.06/tests.xmerl_test.logs/run.2012-11-19_15.49.40/xmerl_sax_std_suite.o-p58fail6.html"></testcase><testcase group="testcases6.testcases7" name="o-p58fail7" time="0.012882" timestamp="2012-11-19T15:50:25" log="/home/karl/tmp/otp_tests/logs/xmerl_test_logs/ct_run.ct@devbox.2012-11-19_15.49.06/tests.xmerl_test.logs/run.2012-11-19_15.49.40/xmerl_sax_std_suite.o-p58fail7.html"></testcase><testcase group="testcases6.testcases7" name="o-p58fail8" time="0.009890" timestamp="2012-11-19T15:50:25" log="/home/karl/tmp/otp_tests/logs/xmerl_test_logs/ct_run.ct@devbox.2012-11-19_15.49.06/tests.xmerl_test.logs/run.2012-11-19_15.49.40/xmerl_sax_std_suite.o-p58fail8.html"><skipped type="skip" message="Test o-p58fail8 in xmerl_sax_std_SUITE skipped!">{tc_user_skip,{skipped,&quot;NYI&quot;}}</skipped></testcase><testcase group="testcases6.testcases7" name="o-p59fail1" time="0.018927" timestamp="2012-11-19T15:50:25" log="/home/karl/tmp/otp_tests/logs/xmerl_test_logs/ct_run.ct@devbox.2012-11-19_15.49.06/tests.xmerl_test.logs/run.2012-11-19_15.49.40/xmerl_sax_std_suite.o-p59fail1.html"><skipped type="skip" message="Test o-p59fail1 in xmerl_sax_std_SUITE skipped!">{tc_user_skip,{skipped,&quot;NYI&quot;}}</skipped></testcase><testcase group="testcases6.testcases7" name="o-p59fail2" time="0.014041" timestamp="2012-11-19T15:50:25" log="/home/karl/tmp/otp_tests/logs/xmerl_test_logs/ct_run.ct@devbox.2012-11-19_15.49.06/tests.xmerl_test.logs/run.2012-11-19_15.49.40/xmerl_sax_std_suite.o-p59fail2.html"><skipped type="skip" message="Test o-p59fail2 in xmerl_sax_std_SUITE skipped!">{tc_user_skip,{skipped,&quot;NYI&quot;}}</skipped></testcase><testcase group="testcases6.testcases7" name="o-p59fail3" time="0.015651" timestamp="2012-11-19T15:50:25" log="/home/karl/tmp/otp_tests/logs/xmerl_test_logs/ct_run.ct@devbox.2012-11-19_15.49.06/tests.xmerl_test.logs/run.2012-11-19_15.49.40/xmerl_sax_std_suite.o-p59fail3.html"><skipped type="skip" message="Test o-p59fail3 in xmerl_sax_std_SUITE skipped!">{tc_user_skip,{skipped,&quot;NYI&quot;}}</skipped></testcase><testcase group="testcases6.testcases7" name="o-p60fail1" time="0.014663" timestamp="2012-11-19T15:50:25" log="/home/karl/tmp/otp_tests/logs/xmerl_test_logs/ct_run.ct@devbox.2012-11-19_15.49.06/tests.xmerl_test.logs/run.2012-11-19_15.49.40/xmerl_sax_std_suite.o-p60fail1.html"></testcase><testcase group="testcases6.testcases7" name="o-p60fail2" time="0.010976" timestamp="2012-11-19T15:50:26" log="/home/karl/tmp/otp_tests/logs/xmerl_test_logs/ct_run.ct@devbox.2012-11-19_15.49.06/tests.xmerl_test.logs/run.2012-11-19_15.49.40/xmerl_sax_std_suite.o-p60fail2.html"></testcase><testcase group="testcases6.testcases7" name="o-p60fail3" time="0.009575" timestamp="2012-11-19T15:50:26" log="/home/karl/tmp/otp_tests/logs/xmerl_test_logs/ct_run.ct@devbox.2012-11-19_15.49.06/tests.xmerl_test.logs/run.2012-11-19_15.49.40/xmerl_sax_std_suite.o-p60fail3.html"></testcase><testcase group="testcases6.testcases7" name="o-p60fail4" time="0.008639" timestamp="2012-11-19T15:50:26" log="/home/karl/tmp/otp_tests/logs/xmerl_test_logs/ct_run.ct@devbox.2012-11-19_15.49.06/tests.xmerl_test.logs/run.2012-11-19_15.49.40/xmerl_sax_std_suite.o-p60fail4.html"></testcase><testcase group="testcases6.testcases7" name="o-p60fail5" time="0.011996" timestamp="2012-11-19T15:50:26" log="/home/karl/tmp/otp_tests/logs/xmerl_test_logs/ct_run.ct@devbox.2012-11-19_15.49.06/tests.xmerl_test.logs/run.2012-11-19_15.49.40/xmerl_sax_std_suite.o-p60fail5.html"></testcase><testcase group="testcases6.testcases7" name="o-p61fail1" time="0.008622" timestamp="2012-11-19T15:50:26" log="/home/karl/tmp/otp_tests/logs/xmerl_test_logs/ct_run.ct@devbox.2012-11-19_15.49.06/tests.xmerl_test.logs/run.2012-11-19_15.49.40/xmerl_sax_std_suite.o-p61fail1.html"></testcase><testcase group="testcases6.testcases7" name="o-p62fail1" time="0.010600" timestamp="2012-11-19T15:50:26" log="/home/karl/tmp/otp_tests/logs/xmerl_test_logs/ct_run.ct@devbox.2012-11-19_15.49.06/tests.xmerl_test.logs/run.2012-11-19_15.49.40/xmerl_sax_std_suite.o-p62fail1.html"></testcase><testcase group="testcases6.testcases7" name="o-p62fail2" time="0.016150" timestamp="2012-11-19T15:50:26" log="/home/karl/tmp/otp_tests/logs/xmerl_test_logs/ct_run.ct@devbox.2012-11-19_15.49.06/tests.xmerl_test.logs/run.2012-11-19_15.49.40/xmerl_sax_std_suite.o-p62fail2.html"></testcase><testcase group="testcases6.testcases7" name="o-p63fail1" time="0.011520" timestamp="2012-11-19T15:50:26" log="/home/karl/tmp/otp_tests/logs/xmerl_test_logs/ct_run.ct@devbox.2012-11-19_15.49.06/tests.xmerl_test.logs/run.2012-11-19_15.49.40/xmerl_sax_std_suite.o-p63fail1.html"></testcase><testcase group="testcases6.testcases7" name="o-p63fail2" time="0.009670" timestamp="2012-11-19T15:50:26" log="/home/karl/tmp/otp_tests/logs/xmerl_test_logs/ct_run.ct@devbox.2012-11-19_15.49.06/tests.xmerl_test.logs/run.2012-11-19_15.49.40/xmerl_sax_std_suite.o-p63fail2.html"></testcase><testcase group="testcases6.testcases7" name="o-p64fail1" time="0.011746" timestamp="2012-11-19T15:50:26" log="/home/karl/tmp/otp_tests/logs/xmerl_test_logs/ct_run.ct@devbox.2012-11-19_15.49.06/tests.xmerl_test.logs/run.2012-11-19_15.49.40/xmerl_sax_std_suite.o-p64fail1.html"></testcase><testcase group="testcases6.testcases7" name="o-p64fail2" time="0.008845" timestamp="2012-11-19T15:50:26" log="/home/karl/tmp/otp_tests/logs/xmerl_test_logs/ct_run.ct@devbox.2012-11-19_15.49.06/tests.xmerl_test.logs/run.2012-11-19_15.49.40/xmerl_sax_std_suite.o-p64fail2.html"></testcase><testcase group="testcases6.testcases7" name="o-p66fail1" time="0.009033" timestamp="2012-11-19T15:50:26" log="/home/karl/tmp/otp_tests/logs/xmerl_test_logs/ct_run.ct@devbox.2012-11-19_15.49.06/tests.xmerl_test.logs/run.2012-11-19_15.49.40/xmerl_sax_std_suite.o-p66fail1.html"></testcase><testcase group="testcases6.testcases7" name="o-p66fail2" time="0.011373" timestamp="2012-11-19T15:50:26" log="/home/karl/tmp/otp_tests/logs/xmerl_test_logs/ct_run.ct@devbox.2012-11-19_15.49.06/tests.xmerl_test.logs/run.2012-11-19_15.49.40/xmerl_sax_std_suite.o-p66fail2.html"></testcase><testcase group="testcases6.testcases7" name="o-p66fail3" time="0.009339" timestamp="2012-11-19T15:50:26" log="/home/karl/tmp/otp_tests/logs/xmerl_test_logs/ct_run.ct@devbox.2012-11-19_15.49.06/tests.xmerl_test.logs/run.2012-11-19_15.49.40/xmerl_sax_std_suite.o-p66fail3.html"></testcase><testcase group="testcases6.testcases7" name="o-p66fail4" time="0.009486" timestamp="2012-11-19T15:50:26" log="/home/karl/tmp/otp_tests/logs/xmerl_test_logs/ct_run.ct@devbox.2012-11-19_15.49.06/tests.xmerl_test.logs/run.2012-11-19_15.49.40/xmerl_sax_std_suite.o-p66fail4.html"></testcase><testcase group="testcases6.testcases7" name="o-p66fail5" time="0.014835" timestamp="2012-11-19T15:50:26" log="/home/karl/tmp/otp_tests/logs/xmerl_test_logs/ct_run.ct@devbox.2012-11-19_15.49.06/tests.xmerl_test.logs/run.2012-11-19_15.49.40/xmerl_sax_std_suite.o-p66fail5.html"></testcase><testcase group="testcases6.testcases7" name="o-p66fail6" time="0.011681" timestamp="2012-11-19T15:50:26" log="/home/karl/tmp/otp_tests/logs/xmerl_test_logs/ct_run.ct@devbox.2012-11-19_15.49.06/tests.xmerl_test.logs/run.2012-11-19_15.49.40/xmerl_sax_std_suite.o-p66fail6.html"></testcase><testcase group="testcases6.testcases7" name="o-p68fail1" time="0.009594" timestamp="2012-11-19T15:50:26" log="/home/karl/tmp/otp_tests/logs/xmerl_test_logs/ct_run.ct@devbox.2012-11-19_15.49.06/tests.xmerl_test.logs/run.2012-11-19_15.49.40/xmerl_sax_std_suite.o-p68fail1.html"></testcase><testcase group="testcases6.testcases7" name="o-p68fail2" time="0.011511" timestamp="2012-11-19T15:50:26" log="/home/karl/tmp/otp_tests/logs/xmerl_test_logs/ct_run.ct@devbox.2012-11-19_15.49.06/tests.xmerl_test.logs/run.2012-11-19_15.49.40/xmerl_sax_std_suite.o-p68fail2.html"></testcase><testcase group="testcases6.testcases7" name="o-p68fail3" time="0.010095" timestamp="2012-11-19T15:50:26" log="/home/karl/tmp/otp_tests/logs/xmerl_test_logs/ct_run.ct@devbox.2012-11-19_15.49.06/tests.xmerl_test.logs/run.2012-11-19_15.49.40/xmerl_sax_std_suite.o-p68fail3.html"></testcase><testcase group="testcases6.testcases7" name="o-p69fail1" time="0.008846" timestamp="2012-11-19T15:50:26" log="/home/karl/tmp/otp_tests/logs/xmerl_test_logs/ct_run.ct@devbox.2012-11-19_15.49.06/tests.xmerl_test.logs/run.2012-11-19_15.49.40/xmerl_sax_std_suite.o-p69fail1.html"></testcase><testcase group="testcases6.testcases7" name="o-p69fail2" time="0.011692" timestamp="2012-11-19T15:50:26" log="/home/karl/tmp/otp_tests/logs/xmerl_test_logs/ct_run.ct@devbox.2012-11-19_15.49.06/tests.xmerl_test.logs/run.2012-11-19_15.49.40/xmerl_sax_std_suite.o-p69fail2.html"></testcase><testcase group="testcases6.testcases7" name="o-p69fail3" time="0.008975" timestamp="2012-11-19T15:50:26" log="/home/karl/tmp/otp_tests/logs/xmerl_test_logs/ct_run.ct@devbox.2012-11-19_15.49.06/tests.xmerl_test.logs/run.2012-11-19_15.49.40/xmerl_sax_std_suite.o-p69fail3.html"></testcase><testcase group="testcases6.testcases7" name="o-p70fail1" time="0.008467" timestamp="2012-11-19T15:50:27" log="/home/karl/tmp/otp_tests/logs/xmerl_test_logs/ct_run.ct@devbox.2012-11-19_15.49.06/tests.xmerl_test.logs/run.2012-11-19_15.49.40/xmerl_sax_std_suite.o-p70fail1.html"></testcase><testcase group="testcases6.testcases7" name="o-p71fail1" time="0.011529" timestamp="2012-11-19T15:50:27" log="/home/karl/tmp/otp_tests/logs/xmerl_test_logs/ct_run.ct@devbox.2012-11-19_15.49.06/tests.xmerl_test.logs/run.2012-11-19_15.49.40/xmerl_sax_std_suite.o-p71fail1.html"></testcase><testcase group="testcases6.testcases7" name="o-p71fail2" time="0.008913" timestamp="2012-11-19T15:50:27" log="/home/karl/tmp/otp_tests/logs/xmerl_test_logs/ct_run.ct@devbox.2012-11-19_15.49.06/tests.xmerl_test.logs/run.2012-11-19_15.49.40/xmerl_sax_std_suite.o-p71fail2.html"></testcase><testcase group="testcases6.testcases7" name="o-p71fail3" time="0.011314" timestamp="2012-11-19T15:50:27" log="/home/karl/tmp/otp_tests/logs/xmerl_test_logs/ct_run.ct@devbox.2012-11-19_15.49.06/tests.xmerl_test.logs/run.2012-11-19_15.49.40/xmerl_sax_std_suite.o-p71fail3.html"></testcase><testcase group="testcases6.testcases7" name="o-p71fail4" time="0.012133" timestamp="2012-11-19T15:50:27" log="/home/karl/tmp/otp_tests/logs/xmerl_test_logs/ct_run.ct@devbox.2012-11-19_15.49.06/tests.xmerl_test.logs/run.2012-11-19_15.49.40/xmerl_sax_std_suite.o-p71fail4.html"></testcase><testcase group="testcases6.testcases7" name="o-p72fail1" time="0.011798" timestamp="2012-11-19T15:50:27" log="/home/karl/tmp/otp_tests/logs/xmerl_test_logs/ct_run.ct@devbox.2012-11-19_15.49.06/tests.xmerl_test.logs/run.2012-11-19_15.49.40/xmerl_sax_std_suite.o-p72fail1.html"></testcase><testcase group="testcases6.testcases7" name="o-p72fail2" time="0.012188" timestamp="2012-11-19T15:50:27" log="/home/karl/tmp/otp_tests/logs/xmerl_test_logs/ct_run.ct@devbox.2012-11-19_15.49.06/tests.xmerl_test.logs/run.2012-11-19_15.49.40/xmerl_sax_std_suite.o-p72fail2.html"></testcase><testcase group="testcases6.testcases7" name="o-p72fail3" time="0.011651" timestamp="2012-11-19T15:50:27" log="/home/karl/tmp/otp_tests/logs/xmerl_test_logs/ct_run.ct@devbox.2012-11-19_15.49.06/tests.xmerl_test.logs/run.2012-11-19_15.49.40/xmerl_sax_std_suite.o-p72fail3.html"></testcase><testcase group="testcases6.testcases7" name="o-p72fail4" time="0.009489" timestamp="2012-11-19T15:50:27" log="/home/karl/tmp/otp_tests/logs/xmerl_test_logs/ct_run.ct@devbox.2012-11-19_15.49.06/tests.xmerl_test.logs/run.2012-11-19_15.49.40/xmerl_sax_std_suite.o-p72fail4.html"></testcase><testcase group="testcases6.testcases7" name="o-p73fail1" time="0.015378" timestamp="2012-11-19T15:50:27" log="/home/karl/tmp/otp_tests/logs/xmerl_test_logs/ct_run.ct@devbox.2012-11-19_15.49.06/tests.xmerl_test.logs/run.2012-11-19_15.49.40/xmerl_sax_std_suite.o-p73fail1.html"></testcase><testcase group="testcases6.testcases7" name="o-p73fail2" time="0.011124" timestamp="2012-11-19T15:50:27" log="/home/karl/tmp/otp_tests/logs/xmerl_test_logs/ct_run.ct@devbox.2012-11-19_15.49.06/tests.xmerl_test.logs/run.2012-11-19_15.49.40/xmerl_sax_std_suite.o-p73fail2.html"></testcase><testcase group="testcases6.testcases7" name="o-p73fail3" time="0.008839" timestamp="2012-11-19T15:50:27" log="/home/karl/tmp/otp_tests/logs/xmerl_test_logs/ct_run.ct@devbox.2012-11-19_15.49.06/tests.xmerl_test.logs/run.2012-11-19_15.49.40/xmerl_sax_std_suite.o-p73fail3.html"></testcase><testcase group="testcases6.testcases7" name="o-p73fail4" time="0.012906" timestamp="2012-11-19T15:50:27" log="/home/karl/tmp/otp_tests/logs/xmerl_test_logs/ct_run.ct@devbox.2012-11-19_15.49.06/tests.xmerl_test.logs/run.2012-11-19_15.49.40/xmerl_sax_std_suite.o-p73fail4.html"></testcase><testcase group="testcases6.testcases7" name="o-p73fail5" time="0.012354" timestamp="2012-11-19T15:50:27" log="/home/karl/tmp/otp_tests/logs/xmerl_test_logs/ct_run.ct@devbox.2012-11-19_15.49.06/tests.xmerl_test.logs/run.2012-11-19_15.49.40/xmerl_sax_std_suite.o-p73fail5.html"></testcase><testcase group="testcases6.testcases7" name="o-p74fail1" time="0.018699" timestamp="2012-11-19T15:50:27" log="/home/karl/tmp/otp_tests/logs/xmerl_test_logs/ct_run.ct@devbox.2012-11-19_15.49.06/tests.xmerl_test.logs/run.2012-11-19_15.49.40/xmerl_sax_std_suite.o-p74fail1.html"></testcase><testcase group="testcases6.testcases7" name="o-p74fail2" time="0.011767" timestamp="2012-11-19T15:50:27" log="/home/karl/tmp/otp_tests/logs/xmerl_test_logs/ct_run.ct@devbox.2012-11-19_15.49.06/tests.xmerl_test.logs/run.2012-11-19_15.49.40/xmerl_sax_std_suite.o-p74fail2.html"></testcase><testcase group="testcases6.testcases7" name="o-p74fail3" time="0.011824" timestamp="2012-11-19T15:50:27" log="/home/karl/tmp/otp_tests/logs/xmerl_test_logs/ct_run.ct@devbox.2012-11-19_15.49.06/tests.xmerl_test.logs/run.2012-11-19_15.49.40/xmerl_sax_std_suite.o-p74fail3.html"></testcase><testcase group="testcases6.testcases7" name="o-p75fail1" time="0.009520" timestamp="2012-11-19T15:50:27" log="/home/karl/tmp/otp_tests/logs/xmerl_test_logs/ct_run.ct@devbox.2012-11-19_15.49.06/tests.xmerl_test.logs/run.2012-11-19_15.49.40/xmerl_sax_std_suite.o-p75fail1.html"></testcase><testcase group="testcases6.testcases7" name="o-p75fail2" time="0.009614" timestamp="2012-11-19T15:50:27" log="/home/karl/tmp/otp_tests/logs/xmerl_test_logs/ct_run.ct@devbox.2012-11-19_15.49.06/tests.xmerl_test.logs/run.2012-11-19_15.49.40/xmerl_sax_std_suite.o-p75fail2.html"></testcase><testcase group="testcases6.testcases7" name="o-p75fail3" time="0.010952" timestamp="2012-11-19T15:50:27" log="/home/karl/tmp/otp_tests/logs/xmerl_test_logs/ct_run.ct@devbox.2012-11-19_15.49.06/tests.xmerl_test.logs/run.2012-11-19_15.49.40/xmerl_sax_std_suite.o-p75fail3.html"></testcase><testcase group="testcases6.testcases7" name="o-p75fail4" time="0.010016" timestamp="2012-11-19T15:50:27" log="/home/karl/tmp/otp_tests/logs/xmerl_test_logs/ct_run.ct@devbox.2012-11-19_15.49.06/tests.xmerl_test.logs/run.2012-11-19_15.49.40/xmerl_sax_std_suite.o-p75fail4.html"></testcase><testcase group="testcases6.testcases7" name="o-p75fail5" time="0.009761" timestamp="2012-11-19T15:50:27" log="/home/karl/tmp/otp_tests/logs/xmerl_test_logs/ct_run.ct@devbox.2012-11-19_15.49.06/tests.xmerl_test.logs/run.2012-11-19_15.49.40/xmerl_sax_std_suite.o-p75fail5.html"></testcase><testcase group="testcases6.testcases7" name="o-p75fail6" time="0.015159" timestamp="2012-11-19T15:50:28" log="/home/karl/tmp/otp_tests/logs/xmerl_test_logs/ct_run.ct@devbox.2012-11-19_15.49.06/tests.xmerl_test.logs/run.2012-11-19_15.49.40/xmerl_sax_std_suite.o-p75fail6.html"></testcase><testcase group="testcases6.testcases7" name="o-p76fail1" time="0.009521" timestamp="2012-11-19T15:50:28" log="/home/karl/tmp/otp_tests/logs/xmerl_test_logs/ct_run.ct@devbox.2012-11-19_15.49.06/tests.xmerl_test.logs/run.2012-11-19_15.49.40/xmerl_sax_std_suite.o-p76fail1.html"></testcase><testcase group="testcases6.testcases7" name="o-p76fail2" time="0.010067" timestamp="2012-11-19T15:50:28" log="/home/karl/tmp/otp_tests/logs/xmerl_test_logs/ct_run.ct@devbox.2012-11-19_15.49.06/tests.xmerl_test.logs/run.2012-11-19_15.49.40/xmerl_sax_std_suite.o-p76fail2.html"></testcase><testcase group="testcases6.testcases7" name="o-p76fail3" time="0.013598" timestamp="2012-11-19T15:50:28" log="/home/karl/tmp/otp_tests/logs/xmerl_test_logs/ct_run.ct@devbox.2012-11-19_15.49.06/tests.xmerl_test.logs/run.2012-11-19_15.49.40/xmerl_sax_std_suite.o-p76fail3.html"></testcase><testcase group="testcases6.testcases7" name="o-p76fail4" time="0.019715" timestamp="2012-11-19T15:50:28" log="/home/karl/tmp/otp_tests/logs/xmerl_test_logs/ct_run.ct@devbox.2012-11-19_15.49.06/tests.xmerl_test.logs/run.2012-11-19_15.49.40/xmerl_sax_std_suite.o-p76fail4.html"></testcase><testcase group="testcases6.testcases7" name="o-p11pass1" time="0.008507" timestamp="2012-11-19T15:50:28" log="/home/karl/tmp/otp_tests/logs/xmerl_test_logs/ct_run.ct@devbox.2012-11-19_15.49.06/tests.xmerl_test.logs/run.2012-11-19_15.49.40/xmerl_sax_std_suite.o-p11pass1.html"><skipped type="skip" message="Test o-p11pass1 in xmerl_sax_std_SUITE skipped!">{tc_user_skip,{skipped,&quot;NYI&quot;}}</skipped></testcase><testcase group="testcases6.testcases7" name="end_per_group" time="0.018472" timestamp="2012-11-19T15:50:28" log="/home/karl/tmp/otp_tests/logs/xmerl_test_logs/ct_run.ct@devbox.2012-11-19_15.49.06/tests.xmerl_test.logs/run.2012-11-19_15.49.40/xmerl_sax_std_suite.end_per_group.336628.328.html"></testcase><testcase group="testcases6" name="end_per_group" time="0.017004" timestamp="2012-11-19T15:50:28" log="/home/karl/tmp/otp_tests/logs/xmerl_test_logs/ct_run.ct@devbox.2012-11-19_15.49.06/tests.xmerl_test.logs/run.2012-11-19_15.49.40/xmerl_sax_std_suite.end_per_group.336628.393.html"></testcase><testcase group="testcases8" name="init_per_group" time="0.046084" timestamp="2012-11-19T15:50:28" log="/home/karl/tmp/otp_tests/logs/xmerl_test_logs/ct_run.ct@devbox.2012-11-19_15.49.06/tests.xmerl_test.logs/run.2012-11-19_15.49.40/xmerl_sax_std_suite.init_per_group.336628.452.html"></testcase><testcase group="testcases8.testcases9" name="init_per_group" time="0.015492" timestamp="2012-11-19T15:50:28" log="/home/karl/tmp/otp_tests/logs/xmerl_test_logs/ct_run.ct@devbox.2012-11-19_15.49.06/tests.xmerl_test.logs/run.2012-11-19_15.49.40/xmerl_sax_std_suite.init_per_group.336628.576.html"></testcase><testcase group="testcases8.testcases9.testcases10" name="init_per_group" time="0.016163" timestamp="2012-11-19T15:50:28" log="/home/karl/tmp/otp_tests/logs/xmerl_test_logs/ct_run.ct@devbox.2012-11-19_15.49.06/tests.xmerl_test.logs/run.2012-11-19_15.49.40/xmerl_sax_std_suite.init_per_group.336628.663.html"></testcase><testcase group="testcases8.testcases9.testcases10" name="ibm-invalid-P28-ibm28i01" time="0.015115" timestamp="2012-11-19T15:50:28" log="/home/karl/tmp/otp_tests/logs/xmerl_test_logs/ct_run.ct@devbox.2012-11-19_15.49.06/tests.xmerl_test.logs/run.2012-11-19_15.49.40/xmerl_sax_std_suite.ibm-invalid-p28-ibm28i01.html"></testcase><testcase group="testcases8.testcases9.testcases10" name="end_per_group" time="0.007771" timestamp="2012-11-19T15:50:28" log="/home/karl/tmp/otp_tests/logs/xmerl_test_logs/ct_run.ct@devbox.2012-11-19_15.49.06/tests.xmerl_test.logs/run.2012-11-19_15.49.40/xmerl_sax_std_suite.end_per_group.336628.765.html"></testcase><testcase group="testcases8.testcases9.testcases11" name="init_per_group" time="0.011190" timestamp="2012-11-19T15:50:28" log="/home/karl/tmp/otp_tests/logs/xmerl_test_logs/ct_run.ct@devbox.2012-11-19_15.49.06/tests.xmerl_test.logs/run.2012-11-19_15.49.40/xmerl_sax_std_suite.init_per_group.336628.808.html"></testcase><testcase group="testcases8.testcases9.testcases11" name="ibm-invalid-P32-ibm32i01" time="0.012171" timestamp="2012-11-19T15:50:28" log="/home/karl/tmp/otp_tests/logs/xmerl_test_logs/ct_run.ct@devbox.2012-11-19_15.49.06/tests.xmerl_test.logs/run.2012-11-19_15.49.40/xmerl_sax_std_suite.ibm-invalid-p32-ibm32i01.html"></testcase><testcase group="testcases8.testcases9.testcases11" name="ibm-invalid-P32-ibm32i03" time="0.013658" timestamp="2012-11-19T15:50:28" log="/home/karl/tmp/otp_tests/logs/xmerl_test_logs/ct_run.ct@devbox.2012-11-19_15.49.06/tests.xmerl_test.logs/run.2012-11-19_15.49.40/xmerl_sax_std_suite.ibm-invalid-p32-ibm32i03.html"></testcase><testcase group="testcases8.testcases9.testcases11" name="ibm-invalid-P32-ibm32i04" time="0.014154" timestamp="2012-11-19T15:50:28" log="/home/karl/tmp/otp_tests/logs/xmerl_test_logs/ct_run.ct@devbox.2012-11-19_15.49.06/tests.xmerl_test.logs/run.2012-11-19_15.49.40/xmerl_sax_std_suite.ibm-invalid-p32-ibm32i04.html"></testcase><testcase group="testcases8.testcases9.testcases11" name="end_per_group" time="0.009126" timestamp="2012-11-19T15:50:29" log="/home/karl/tmp/otp_tests/logs/xmerl_test_logs/ct_run.ct@devbox.2012-11-19_15.49.06/tests.xmerl_test.logs/run.2012-11-19_15.49.40/xmerl_sax_std_suite.end_per_group.336629.2.html"></testcase><testcase group="testcases8.testcases9.testcases12" name="init_per_group" time="0.008228" timestamp="2012-11-19T15:50:29" log="/home/karl/tmp/otp_tests/logs/xmerl_test_logs/ct_run.ct@devbox.2012-11-19_15.49.06/tests.xmerl_test.logs/run.2012-11-19_15.49.40/xmerl_sax_std_suite.init_per_group.336629.44.html"></testcase><testcase group="testcases8.testcases9.testcases12" name="ibm-invalid-P39-ibm39i01" time="0.013701" timestamp="2012-11-19T15:50:29" log="/home/karl/tmp/otp_tests/logs/xmerl_test_logs/ct_run.ct@devbox.2012-11-19_15.49.06/tests.xmerl_test.logs/run.2012-11-19_15.49.40/xmerl_sax_std_suite.ibm-invalid-p39-ibm39i01.html"></testcase><testcase group="testcases8.testcases9.testcases12" name="ibm-invalid-P39-ibm39i02" time="0.010696" timestamp="2012-11-19T15:50:29" log="/home/karl/tmp/otp_tests/logs/xmerl_test_logs/ct_run.ct@devbox.2012-11-19_15.49.06/tests.xmerl_test.logs/run.2012-11-19_15.49.40/xmerl_sax_std_suite.ibm-invalid-p39-ibm39i02.html"></testcase><testcase group="testcases8.testcases9.testcases12" name="ibm-invalid-P39-ibm39i03" time="0.010490" timestamp="2012-11-19T15:50:29" log="/home/karl/tmp/otp_tests/logs/xmerl_test_logs/ct_run.ct@devbox.2012-11-19_15.49.06/tests.xmerl_test.logs/run.2012-11-19_15.49.40/xmerl_sax_std_suite.ibm-invalid-p39-ibm39i03.html"></testcase><testcase group="testcases8.testcases9.testcases12" name="ibm-invalid-P39-ibm39i04" time="0.014479" timestamp="2012-11-19T15:50:29" log="/home/karl/tmp/otp_tests/logs/xmerl_test_logs/ct_run.ct@devbox.2012-11-19_15.49.06/tests.xmerl_test.logs/run.2012-11-19_15.49.40/xmerl_sax_std_suite.ibm-invalid-p39-ibm39i04.html"></testcase><testcase group="testcases8.testcases9.testcases12" name="end_per_group" time="0.010154" timestamp="2012-11-19T15:50:29" log="/home/karl/tmp/otp_tests/logs/xmerl_test_logs/ct_run.ct@devbox.2012-11-19_15.49.06/tests.xmerl_test.logs/run.2012-11-19_15.49.40/xmerl_sax_std_suite.end_per_group.336629.283.html"></testcase><testcase group="testcases8.testcases9.testcases13" name="init_per_group" time="0.008801" timestamp="2012-11-19T15:50:29" log="/home/karl/tmp/otp_tests/logs/xmerl_test_logs/ct_run.ct@devbox.2012-11-19_15.49.06/tests.xmerl_test.logs/run.2012-11-19_15.49.40/xmerl_sax_std_suite.init_per_group.336629.326.html"></testcase><testcase group="testcases8.testcases9.testcases13" name="ibm-invalid-P41-ibm41i01" time="0.013352" timestamp="2012-11-19T15:50:29" log="/home/karl/tmp/otp_tests/logs/xmerl_test_logs/ct_run.ct@devbox.2012-11-19_15.49.06/tests.xmerl_test.logs/run.2012-11-19_15.49.40/xmerl_sax_std_suite.ibm-invalid-p41-ibm41i01.html"></testcase><testcase group="testcases8.testcases9.testcases13" name="ibm-invalid-P41-ibm41i02" time="0.012163" timestamp="2012-11-19T15:50:29" log="/home/karl/tmp/otp_tests/logs/xmerl_test_logs/ct_run.ct@devbox.2012-11-19_15.49.06/tests.xmerl_test.logs/run.2012-11-19_15.49.40/xmerl_sax_std_suite.ibm-invalid-p41-ibm41i02.html"></testcase><testcase group="testcases8.testcases9.testcases13" name="end_per_group" time="0.009130" timestamp="2012-11-19T15:50:29" log="/home/karl/tmp/otp_tests/logs/xmerl_test_logs/ct_run.ct@devbox.2012-11-19_15.49.06/tests.xmerl_test.logs/run.2012-11-19_15.49.40/xmerl_sax_std_suite.end_per_group.336629.463.html"></testcase><testcase group="testcases8.testcases9.testcases14" name="init_per_group" time="0.010841" timestamp="2012-11-19T15:50:29" log="/home/karl/tmp/otp_tests/logs/xmerl_test_logs/ct_run.ct@devbox.2012-11-19_15.49.06/tests.xmerl_test.logs/run.2012-11-19_15.49.40/xmerl_sax_std_suite.init_per_group.336629.507.html"></testcase><testcase group="testcases8.testcases9.testcases14" name="ibm-invalid-P45-ibm45i01" time="0.011356" timestamp="2012-11-19T15:50:29" log="/home/karl/tmp/otp_tests/logs/xmerl_test_logs/ct_run.ct@devbox.2012-11-19_15.49.06/tests.xmerl_test.logs/run.2012-11-19_15.49.40/xmerl_sax_std_suite.ibm-invalid-p45-ibm45i01.html"></testcase><testcase group="testcases8.testcases9.testcases14" name="end_per_group" time="0.008331" timestamp="2012-11-19T15:50:29" log="/home/karl/tmp/otp_tests/logs/xmerl_test_logs/ct_run.ct@devbox.2012-11-19_15.49.06/tests.xmerl_test.logs/run.2012-11-19_15.49.40/xmerl_sax_std_suite.end_per_group.336629.595.html"></testcase><testcase group="testcases8.testcases9.testcases15" name="init_per_group" time="0.016376" timestamp="2012-11-19T15:50:29" log="/home/karl/tmp/otp_tests/logs/xmerl_test_logs/ct_run.ct@devbox.2012-11-19_15.49.06/tests.xmerl_test.logs/run.2012-11-19_15.49.40/xmerl_sax_std_suite.init_per_group.336629.640.html"></testcase><testcase group="testcases8.testcases9.testcases15" name="ibm-invalid-P49-ibm49i01" time="0.010726" timestamp="2012-11-19T15:50:29" log="/home/karl/tmp/otp_tests/logs/xmerl_test_logs/ct_run.ct@devbox.2012-11-19_15.49.06/tests.xmerl_test.logs/run.2012-11-19_15.49.40/xmerl_sax_std_suite.ibm-invalid-p49-ibm49i01.html"></testcase><testcase group="testcases8.testcases9.testcases15" name="end_per_group" time="0.008559" timestamp="2012-11-19T15:50:29" log="/home/karl/tmp/otp_tests/logs/xmerl_test_logs/ct_run.ct@devbox.2012-11-19_15.49.06/tests.xmerl_test.logs/run.2012-11-19_15.49.40/xmerl_sax_std_suite.end_per_group.336629.739.html"></testcase><testcase group="testcases8.testcases9.testcases16" name="init_per_group" time="0.014004" timestamp="2012-11-19T15:50:29" log="/home/karl/tmp/otp_tests/logs/xmerl_test_logs/ct_run.ct@devbox.2012-11-19_15.49.06/tests.xmerl_test.logs/run.2012-11-19_15.49.40/xmerl_sax_std_suite.init_per_group.336629.784.html"></testcase><testcase group="testcases8.testcases9.testcases16" name="ibm-invalid-P50-ibm50i01" time="0.009939" timestamp="2012-11-19T15:50:29" log="/home/karl/tmp/otp_tests/logs/xmerl_test_logs/ct_run.ct@devbox.2012-11-19_15.49.06/tests.xmerl_test.logs/run.2012-11-19_15.49.40/xmerl_sax_std_suite.ibm-invalid-p50-ibm50i01.html"></testcase><testcase group="testcases8.testcases9.testcases16" name="end_per_group" time="0.008814" timestamp="2012-11-19T15:50:29" log="/home/karl/tmp/otp_tests/logs/xmerl_test_logs/ct_run.ct@devbox.2012-11-19_15.49.06/tests.xmerl_test.logs/run.2012-11-19_15.49.40/xmerl_sax_std_suite.end_per_group.336629.874.html"></testcase><testcase group="testcases8.testcases9.testcases17" name="init_per_group" time="0.015045" timestamp="2012-11-19T15:50:29" log="/home/karl/tmp/otp_tests/logs/xmerl_test_logs/ct_run.ct@devbox.2012-11-19_15.49.06/tests.xmerl_test.logs/run.2012-11-19_15.49.40/xmerl_sax_std_suite.init_per_group.336629.922.html"></testcase><testcase group="testcases8.testcases9.testcases17" name="ibm-invalid-P51-ibm51i01" time="0.009076" timestamp="2012-11-19T15:50:29" log="/home/karl/tmp/otp_tests/logs/xmerl_test_logs/ct_run.ct@devbox.2012-11-19_15.49.06/tests.xmerl_test.logs/run.2012-11-19_15.49.40/xmerl_sax_std_suite.ibm-invalid-p51-ibm51i01.html"></testcase><testcase group="testcases8.testcases9.testcases17" name="ibm-invalid-P51-ibm51i03" time="0.010093" timestamp="2012-11-19T15:50:30" log="/home/karl/tmp/otp_tests/logs/xmerl_test_logs/ct_run.ct@devbox.2012-11-19_15.49.06/tests.xmerl_test.logs/run.2012-11-19_15.49.40/xmerl_sax_std_suite.ibm-invalid-p51-ibm51i03.html"></testcase><testcase group="testcases8.testcases9.testcases17" name="end_per_group" time="0.011310" timestamp="2012-11-19T15:50:30" log="/home/karl/tmp/otp_tests/logs/xmerl_test_logs/ct_run.ct@devbox.2012-11-19_15.49.06/tests.xmerl_test.logs/run.2012-11-19_15.49.40/xmerl_sax_std_suite.end_per_group.336630.60.html"></testcase><testcase group="testcases8.testcases9.testcases18" name="init_per_group" time="0.007615" timestamp="2012-11-19T15:50:30" log="/home/karl/tmp/otp_tests/logs/xmerl_test_logs/ct_run.ct@devbox.2012-11-19_15.49.06/tests.xmerl_test.logs/run.2012-11-19_15.49.40/xmerl_sax_std_suite.init_per_group.336630.104.html"></testcase><testcase group="testcases8.testcases9.testcases18" name="ibm-invalid-P56-ibm56i01" time="0.009802" timestamp="2012-11-19T15:50:30" log="/home/karl/tmp/otp_tests/logs/xmerl_test_logs/ct_run.ct@devbox.2012-11-19_15.49.06/tests.xmerl_test.logs/run.2012-11-19_15.49.40/xmerl_sax_std_suite.ibm-invalid-p56-ibm56i01.html"></testcase><testcase group="testcases8.testcases9.testcases18" name="ibm-invalid-P56-ibm56i02" time="0.012942" timestamp="2012-11-19T15:50:30" log="/home/karl/tmp/otp_tests/logs/xmerl_test_logs/ct_run.ct@devbox.2012-11-19_15.49.06/tests.xmerl_test.logs/run.2012-11-19_15.49.40/xmerl_sax_std_suite.ibm-invalid-p56-ibm56i02.html"></testcase><testcase group="testcases8.testcases9.testcases18" name="ibm-invalid-P56-ibm56i03" time="0.008967" timestamp="2012-11-19T15:50:30" log="/home/karl/tmp/otp_tests/logs/xmerl_test_logs/ct_run.ct@devbox.2012-11-19_15.49.06/tests.xmerl_test.logs/run.2012-11-19_15.49.40/xmerl_sax_std_suite.ibm-invalid-p56-ibm56i03.html"></testcase><testcase group="testcases8.testcases9.testcases18" name="ibm-invalid-P56-ibm56i05" time="0.009229" timestamp="2012-11-19T15:50:30" log="/home/karl/tmp/otp_tests/logs/xmerl_test_logs/ct_run.ct@devbox.2012-11-19_15.49.06/tests.xmerl_test.logs/run.2012-11-19_15.49.40/xmerl_sax_std_suite.ibm-invalid-p56-ibm56i05.html"></testcase><testcase group="testcases8.testcases9.testcases18" name="ibm-invalid-P56-ibm56i06" time="0.013419" timestamp="2012-11-19T15:50:30" log="/home/karl/tmp/otp_tests/logs/xmerl_test_logs/ct_run.ct@devbox.2012-11-19_15.49.06/tests.xmerl_test.logs/run.2012-11-19_15.49.40/xmerl_sax_std_suite.ibm-invalid-p56-ibm56i06.html"></testcase><testcase group="testcases8.testcases9.testcases18" name="ibm-invalid-P56-ibm56i07" time="0.010020" timestamp="2012-11-19T15:50:30" log="/home/karl/tmp/otp_tests/logs/xmerl_test_logs/ct_run.ct@devbox.2012-11-19_15.49.06/tests.xmerl_test.logs/run.2012-11-19_15.49.40/xmerl_sax_std_suite.ibm-invalid-p56-ibm56i07.html"></testcase><testcase group="testcases8.testcases9.testcases18" name="ibm-invalid-P56-ibm56i08" time="0.009605" timestamp="2012-11-19T15:50:30" log="/home/karl/tmp/otp_tests/logs/xmerl_test_logs/ct_run.ct@devbox.2012-11-19_15.49.06/tests.xmerl_test.logs/run.2012-11-19_15.49.40/xmerl_sax_std_suite.ibm-invalid-p56-ibm56i08.html"></testcase><testcase group="testcases8.testcases9.testcases18" name="ibm-invalid-P56-ibm56i09" time="0.012526" timestamp="2012-11-19T15:50:30" log="/home/karl/tmp/otp_tests/logs/xmerl_test_logs/ct_run.ct@devbox.2012-11-19_15.49.06/tests.xmerl_test.logs/run.2012-11-19_15.49.40/xmerl_sax_std_suite.ibm-invalid-p56-ibm56i09.html"></testcase><testcase group="testcases8.testcases9.testcases18" name="ibm-invalid-P56-ibm56i10" time="0.010184" timestamp="2012-11-19T15:50:30" log="/home/karl/tmp/otp_tests/logs/xmerl_test_logs/ct_run.ct@devbox.2012-11-19_15.49.06/tests.xmerl_test.logs/run.2012-11-19_15.49.40/xmerl_sax_std_suite.ibm-invalid-p56-ibm56i10.html"></testcase><testcase group="testcases8.testcases9.testcases18" name="ibm-invalid-P56-ibm56i11" time="0.009506" timestamp="2012-11-19T15:50:30" log="/home/karl/tmp/otp_tests/logs/xmerl_test_logs/ct_run.ct@devbox.2012-11-19_15.49.06/tests.xmerl_test.logs/run.2012-11-19_15.49.40/xmerl_sax_std_suite.ibm-invalid-p56-ibm56i11.html"></testcase><testcase group="testcases8.testcases9.testcases18" name="ibm-invalid-P56-ibm56i12" time="0.012518" timestamp="2012-11-19T15:50:30" log="/home/karl/tmp/otp_tests/logs/xmerl_test_logs/ct_run.ct@devbox.2012-11-19_15.49.06/tests.xmerl_test.logs/run.2012-11-19_15.49.40/xmerl_sax_std_suite.ibm-invalid-p56-ibm56i12.html"></testcase><testcase group="testcases8.testcases9.testcases18" name="ibm-invalid-P56-ibm56i13" time="0.012878" timestamp="2012-11-19T15:50:30" log="/home/karl/tmp/otp_tests/logs/xmerl_test_logs/ct_run.ct@devbox.2012-11-19_15.49.06/tests.xmerl_test.logs/run.2012-11-19_15.49.40/xmerl_sax_std_suite.ibm-invalid-p56-ibm56i13.html"></testcase><testcase group="testcases8.testcases9.testcases18" name="ibm-invalid-P56-ibm56i14" time="0.014066" timestamp="2012-11-19T15:50:30" log="/home/karl/tmp/otp_tests/logs/xmerl_test_logs/ct_run.ct@devbox.2012-11-19_15.49.06/tests.xmerl_test.logs/run.2012-11-19_15.49.40/xmerl_sax_std_suite.ibm-invalid-p56-ibm56i14.html"></testcase><testcase group="testcases8.testcases9.testcases18" name="ibm-invalid-P56-ibm56i15" time="0.019085" timestamp="2012-11-19T15:50:30" log="/home/karl/tmp/otp_tests/logs/xmerl_test_logs/ct_run.ct@devbox.2012-11-19_15.49.06/tests.xmerl_test.logs/run.2012-11-19_15.49.40/xmerl_sax_std_suite.ibm-invalid-p56-ibm56i15.html"></testcase><testcase group="testcases8.testcases9.testcases18" name="ibm-invalid-P56-ibm56i16" time="0.013162" timestamp="2012-11-19T15:50:30" log="/home/karl/tmp/otp_tests/logs/xmerl_test_logs/ct_run.ct@devbox.2012-11-19_15.49.06/tests.xmerl_test.logs/run.2012-11-19_15.49.40/xmerl_sax_std_suite.ibm-invalid-p56-ibm56i16.html"></testcase><testcase group="testcases8.testcases9.testcases18" name="ibm-invalid-P56-ibm56i17" time="0.014855" timestamp="2012-11-19T15:50:30" log="/home/karl/tmp/otp_tests/logs/xmerl_test_logs/ct_run.ct@devbox.2012-11-19_15.49.06/tests.xmerl_test.logs/run.2012-11-19_15.49.40/xmerl_sax_std_suite.ibm-invalid-p56-ibm56i17.html"></testcase><testcase group="testcases8.testcases9.testcases18" name="ibm-invalid-P56-ibm56i18" time="0.016973" timestamp="2012-11-19T15:50:30" log="/home/karl/tmp/otp_tests/logs/xmerl_test_logs/ct_run.ct@devbox.2012-11-19_15.49.06/tests.xmerl_test.logs/run.2012-11-19_15.49.40/xmerl_sax_std_suite.ibm-invalid-p56-ibm56i18.html"></testcase><testcase group="testcases8.testcases9.testcases18" name="end_per_group" time="0.011886" timestamp="2012-11-19T15:50:30" log="/home/karl/tmp/otp_tests/logs/xmerl_test_logs/ct_run.ct@devbox.2012-11-19_15.49.06/tests.xmerl_test.logs/run.2012-11-19_15.49.40/xmerl_sax_std_suite.end_per_group.336630.967.html"></testcase><testcase group="testcases8.testcases9.testcases19" name="init_per_group" time="0.013804" timestamp="2012-11-19T15:50:31" log="/home/karl/tmp/otp_tests/logs/xmerl_test_logs/ct_run.ct@devbox.2012-11-19_15.49.06/tests.xmerl_test.logs/run.2012-11-19_15.49.40/xmerl_sax_std_suite.init_per_group.336631.13.html"></testcase><testcase group="testcases8.testcases9.testcases19" name="ibm-invalid-P58-ibm58i01" time="0.018556" timestamp="2012-11-19T15:50:31" log="/home/karl/tmp/otp_tests/logs/xmerl_test_logs/ct_run.ct@devbox.2012-11-19_15.49.06/tests.xmerl_test.logs/run.2012-11-19_15.49.40/xmerl_sax_std_suite.ibm-invalid-p58-ibm58i01.html"></testcase><testcase group="testcases8.testcases9.testcases19" name="ibm-invalid-P58-ibm58i02" time="0.014403" timestamp="2012-11-19T15:50:31" log="/home/karl/tmp/otp_tests/logs/xmerl_test_logs/ct_run.ct@devbox.2012-11-19_15.49.06/tests.xmerl_test.logs/run.2012-11-19_15.49.40/xmerl_sax_std_suite.ibm-invalid-p58-ibm58i02.html"></testcase><testcase group="testcases8.testcases9.testcases19" name="end_per_group" time="0.013803" timestamp="2012-11-19T15:50:31" log="/home/karl/tmp/otp_tests/logs/xmerl_test_logs/ct_run.ct@devbox.2012-11-19_15.49.06/tests.xmerl_test.logs/run.2012-11-19_15.49.40/xmerl_sax_std_suite.end_per_group.336631.166.html"></testcase><testcase group="testcases8.testcases9.testcases20" name="init_per_group" time="0.017379" timestamp="2012-11-19T15:50:31" log="/home/karl/tmp/otp_tests/logs/xmerl_test_logs/ct_run.ct@devbox.2012-11-19_15.49.06/tests.xmerl_test.logs/run.2012-11-19_15.49.40/xmerl_sax_std_suite.init_per_group.336631.220.html"></testcase><testcase group="testcases8.testcases9.testcases20" name="ibm-invalid-P59-ibm59i01" time="0.017091" timestamp="2012-11-19T15:50:31" log="/home/karl/tmp/otp_tests/logs/xmerl_test_logs/ct_run.ct@devbox.2012-11-19_15.49.06/tests.xmerl_test.logs/run.2012-11-19_15.49.40/xmerl_sax_std_suite.ibm-invalid-p59-ibm59i01.html"></testcase><testcase group="testcases8.testcases9.testcases20" name="end_per_group" time="0.013826" timestamp="2012-11-19T15:50:31" log="/home/karl/tmp/otp_tests/logs/xmerl_test_logs/ct_run.ct@devbox.2012-11-19_15.49.06/tests.xmerl_test.logs/run.2012-11-19_15.49.40/xmerl_sax_std_suite.end_per_group.336631.332.html"></testcase><testcase group="testcases8.testcases9.testcases21" name="init_per_group" time="0.017618" timestamp="2012-11-19T15:50:31" log="/home/karl/tmp/otp_tests/logs/xmerl_test_logs/ct_run.ct@devbox.2012-11-19_15.49.06/tests.xmerl_test.logs/run.2012-11-19_15.49.40/xmerl_sax_std_suite.init_per_group.336631.389.html"></testcase><testcase group="testcases8.testcases9.testcases21" name="ibm-invalid-P60-ibm60i01" time="0.013788" timestamp="2012-11-19T15:50:31" log="/home/karl/tmp/otp_tests/logs/xmerl_test_logs/ct_run.ct@devbox.2012-11-19_15.49.06/tests.xmerl_test.logs/run.2012-11-19_15.49.40/xmerl_sax_std_suite.ibm-invalid-p60-ibm60i01.html"></testcase><testcase group="testcases8.testcases9.testcases21" name="ibm-invalid-P60-ibm60i02" time="0.016244" timestamp="2012-11-19T15:50:31" log="/home/karl/tmp/otp_tests/logs/xmerl_test_logs/ct_run.ct@devbox.2012-11-19_15.49.06/tests.xmerl_test.logs/run.2012-11-19_15.49.40/xmerl_sax_std_suite.ibm-invalid-p60-ibm60i02.html"></testcase><testcase group="testcases8.testcases9.testcases21" name="ibm-invalid-P60-ibm60i03" time="0.018875" timestamp="2012-11-19T15:50:31" log="/home/karl/tmp/otp_tests/logs/xmerl_test_logs/ct_run.ct@devbox.2012-11-19_15.49.06/tests.xmerl_test.logs/run.2012-11-19_15.49.40/xmerl_sax_std_suite.ibm-invalid-p60-ibm60i03.html"></testcase><testcase group="testcases8.testcases9.testcases21" name="ibm-invalid-P60-ibm60i04" time="0.012899" timestamp="2012-11-19T15:50:31" log="/home/karl/tmp/otp_tests/logs/xmerl_test_logs/ct_run.ct@devbox.2012-11-19_15.49.06/tests.xmerl_test.logs/run.2012-11-19_15.49.40/xmerl_sax_std_suite.ibm-invalid-p60-ibm60i04.html"></testcase><testcase group="testcases8.testcases9.testcases21" name="end_per_group" time="0.013278" timestamp="2012-11-19T15:50:31" log="/home/karl/tmp/otp_tests/logs/xmerl_test_logs/ct_run.ct@devbox.2012-11-19_15.49.06/tests.xmerl_test.logs/run.2012-11-19_15.49.40/xmerl_sax_std_suite.end_per_group.336631.645.html"></testcase><testcase group="testcases8.testcases9.testcases22" name="init_per_group" time="0.016515" timestamp="2012-11-19T15:50:31" log="/home/karl/tmp/otp_tests/logs/xmerl_test_logs/ct_run.ct@devbox.2012-11-19_15.49.06/tests.xmerl_test.logs/run.2012-11-19_15.49.40/xmerl_sax_std_suite.init_per_group.336631.702.html"></testcase><testcase group="testcases8.testcases9.testcases22" name="ibm-invalid-P68-ibm68i01" time="0.013333" timestamp="2012-11-19T15:50:31" log="/home/karl/tmp/otp_tests/logs/xmerl_test_logs/ct_run.ct@devbox.2012-11-19_15.49.06/tests.xmerl_test.logs/run.2012-11-19_15.49.40/xmerl_sax_std_suite.ibm-invalid-p68-ibm68i01.html"></testcase><testcase group="testcases8.testcases9.testcases22" name="ibm-invalid-P68-ibm68i02" time="0.014176" timestamp="2012-11-19T15:50:31" log="/home/karl/tmp/otp_tests/logs/xmerl_test_logs/ct_run.ct@devbox.2012-11-19_15.49.06/tests.xmerl_test.logs/run.2012-11-19_15.49.40/xmerl_sax_std_suite.ibm-invalid-p68-ibm68i02.html"></testcase><testcase group="testcases8.testcases9.testcases22" name="ibm-invalid-P68-ibm68i03" time="0.017479" timestamp="2012-11-19T15:50:31" log="/home/karl/tmp/otp_tests/logs/xmerl_test_logs/ct_run.ct@devbox.2012-11-19_15.49.06/tests.xmerl_test.logs/run.2012-11-19_15.49.40/xmerl_sax_std_suite.ibm-invalid-p68-ibm68i03.html"></testcase><testcase group="testcases8.testcases9.testcases22" name="ibm-invalid-P68-ibm68i04" time="0.013312" timestamp="2012-11-19T15:50:31" log="/home/karl/tmp/otp_tests/logs/xmerl_test_logs/ct_run.ct@devbox.2012-11-19_15.49.06/tests.xmerl_test.logs/run.2012-11-19_15.49.40/xmerl_sax_std_suite.ibm-invalid-p68-ibm68i04.html"></testcase><testcase group="testcases8.testcases9.testcases22" name="end_per_group" time="0.014262" timestamp="2012-11-19T15:50:31" log="/home/karl/tmp/otp_tests/logs/xmerl_test_logs/ct_run.ct@devbox.2012-11-19_15.49.06/tests.xmerl_test.logs/run.2012-11-19_15.49.40/xmerl_sax_std_suite.end_per_group.336631.958.html"></testcase><testcase group="testcases8.testcases9.testcases23" name="init_per_group" time="0.016596" timestamp="2012-11-19T15:50:32" log="/home/karl/tmp/otp_tests/logs/xmerl_test_logs/ct_run.ct@devbox.2012-11-19_15.49.06/tests.xmerl_test.logs/run.2012-11-19_15.49.40/xmerl_sax_std_suite.init_per_group.336632.13.html"></testcase><testcase group="testcases8.testcases9.testcases23" name="ibm-invalid-P69-ibm69i01" time="0.013776" timestamp="2012-11-19T15:50:32" log="/home/karl/tmp/otp_tests/logs/xmerl_test_logs/ct_run.ct@devbox.2012-11-19_15.49.06/tests.xmerl_test.logs/run.2012-11-19_15.49.40/xmerl_sax_std_suite.ibm-invalid-p69-ibm69i01.html"></testcase><testcase group="testcases8.testcases9.testcases23" name="ibm-invalid-P69-ibm69i02" time="0.015128" timestamp="2012-11-19T15:50:32" log="/home/karl/tmp/otp_tests/logs/xmerl_test_logs/ct_run.ct@devbox.2012-11-19_15.49.06/tests.xmerl_test.logs/run.2012-11-19_15.49.40/xmerl_sax_std_suite.ibm-invalid-p69-ibm69i02.html"></testcase><testcase group="testcases8.testcases9.testcases23" name="ibm-invalid-P69-ibm69i03" time="0.018280" timestamp="2012-11-19T15:50:32" log="/home/karl/tmp/otp_tests/logs/xmerl_test_logs/ct_run.ct@devbox.2012-11-19_15.49.06/tests.xmerl_test.logs/run.2012-11-19_15.49.40/xmerl_sax_std_suite.ibm-invalid-p69-ibm69i03.html"></testcase><testcase group="testcases8.testcases9.testcases23" name="ibm-invalid-P69-ibm69i04" time="0.014502" timestamp="2012-11-19T15:50:32" log="/home/karl/tmp/otp_tests/logs/xmerl_test_logs/ct_run.ct@devbox.2012-11-19_15.49.06/tests.xmerl_test.logs/run.2012-11-19_15.49.40/xmerl_sax_std_suite.ibm-invalid-p69-ibm69i04.html"></testcase><testcase group="testcases8.testcases9.testcases23" name="end_per_group" time="0.025224" timestamp="2012-11-19T15:50:32" log="/home/karl/tmp/otp_tests/logs/xmerl_test_logs/ct_run.ct@devbox.2012-11-19_15.49.06/tests.xmerl_test.logs/run.2012-11-19_15.49.40/xmerl_sax_std_suite.end_per_group.336632.271.html"></testcase><testcase group="testcases8.testcases9.testcases24" name="init_per_group" time="0.018786" timestamp="2012-11-19T15:50:32" log="/home/karl/tmp/otp_tests/logs/xmerl_test_logs/ct_run.ct@devbox.2012-11-19_15.49.06/tests.xmerl_test.logs/run.2012-11-19_15.49.40/xmerl_sax_std_suite.init_per_group.336632.339.html"></testcase><testcase group="testcases8.testcases9.testcases24" name="ibm-invalid-P76-ibm76i01" time="0.015265" timestamp="2012-11-19T15:50:32" log="/home/karl/tmp/otp_tests/logs/xmerl_test_logs/ct_run.ct@devbox.2012-11-19_15.49.06/tests.xmerl_test.logs/run.2012-11-19_15.49.40/xmerl_sax_std_suite.ibm-invalid-p76-ibm76i01.html"></testcase><testcase group="testcases8.testcases9.testcases24" name="end_per_group" time="0.016905" timestamp="2012-11-19T15:50:32" log="/home/karl/tmp/otp_tests/logs/xmerl_test_logs/ct_run.ct@devbox.2012-11-19_15.49.06/tests.xmerl_test.logs/run.2012-11-19_15.49.40/xmerl_sax_std_suite.end_per_group.336632.443.html"></testcase><testcase group="testcases8.testcases9" name="end_per_group" time="0.018100" timestamp="2012-11-19T15:50:32" log="/home/karl/tmp/otp_tests/logs/xmerl_test_logs/ct_run.ct@devbox.2012-11-19_15.49.06/tests.xmerl_test.logs/run.2012-11-19_15.49.40/xmerl_sax_std_suite.end_per_group.336632.507.html"></testcase><testcase group="testcases8.testcases25" name="init_per_group" time="0.012799" timestamp="2012-11-19T15:50:32" log="/home/karl/tmp/otp_tests/logs/xmerl_test_logs/ct_run.ct@devbox.2012-11-19_15.49.06/tests.xmerl_test.logs/run.2012-11-19_15.49.40/xmerl_sax_std_suite.init_per_group.336632.559.html"></testcase><testcase group="testcases8.testcases25.testcases26" name="init_per_group" time="0.015073" timestamp="2012-11-19T15:50:32" log="/home/karl/tmp/otp_tests/logs/xmerl_test_logs/ct_run.ct@devbox.2012-11-19_15.49.06/tests.xmerl_test.logs/run.2012-11-19_15.49.40/xmerl_sax_std_suite.init_per_group.336632.607.html"></testcase><testcase group="testcases8.testcases25.testcases26" name="ibm-not-wf-P01-ibm01n01" time="0.025645" timestamp="2012-11-19T15:50:32" log="/home/karl/tmp/otp_tests/logs/xmerl_test_logs/ct_run.ct@devbox.2012-11-19_15.49.06/tests.xmerl_test.logs/run.2012-11-19_15.49.40/xmerl_sax_std_suite.ibm-not-wf-p01-ibm01n01.html"></testcase><testcase group="testcases8.testcases25.testcases26" name="ibm-not-wf-P01-ibm01n02" time="0.016203" timestamp="2012-11-19T15:50:32" log="/home/karl/tmp/otp_tests/logs/xmerl_test_logs/ct_run.ct@devbox.2012-11-19_15.49.06/tests.xmerl_test.logs/run.2012-11-19_15.49.40/xmerl_sax_std_suite.ibm-not-wf-p01-ibm01n02.html"></testcase><testcase group="testcases8.testcases25.testcases26" name="ibm-not-wf-P01-ibm01n03" time="0.020170" timestamp="2012-11-19T15:50:32" log="/home/karl/tmp/otp_tests/logs/xmerl_test_logs/ct_run.ct@devbox.2012-11-19_15.49.06/tests.xmerl_test.logs/run.2012-11-19_15.49.40/xmerl_sax_std_suite.ibm-not-wf-p01-ibm01n03.html"></testcase><testcase group="testcases8.testcases25.testcases26" name="end_per_group" time="0.023737" timestamp="2012-11-19T15:50:32" log="/home/karl/tmp/otp_tests/logs/xmerl_test_logs/ct_run.ct@devbox.2012-11-19_15.49.06/tests.xmerl_test.logs/run.2012-11-19_15.49.40/xmerl_sax_std_suite.end_per_group.336632.856.html"></testcase><testcase group="testcases8.testcases25.testcases27" name="init_per_group" time="0.015881" timestamp="2012-11-19T15:50:32" log="/home/karl/tmp/otp_tests/logs/xmerl_test_logs/ct_run.ct@devbox.2012-11-19_15.49.06/tests.xmerl_test.logs/run.2012-11-19_15.49.40/xmerl_sax_std_suite.init_per_group.336632.918.html"></testcase><testcase group="testcases8.testcases25.testcases27" name="ibm-not-wf-P02-ibm02n01" time="0.019621" timestamp="2012-11-19T15:50:32" log="/home/karl/tmp/otp_tests/logs/xmerl_test_logs/ct_run.ct@devbox.2012-11-19_15.49.06/tests.xmerl_test.logs/run.2012-11-19_15.49.40/xmerl_sax_std_suite.ibm-not-wf-p02-ibm02n01.html"></testcase><testcase group="testcases8.testcases25.testcases27" name="ibm-not-wf-P02-ibm02n02" time="0.022846" timestamp="2012-11-19T15:50:33" log="/home/karl/tmp/otp_tests/logs/xmerl_test_logs/ct_run.ct@devbox.2012-11-19_15.49.06/tests.xmerl_test.logs/run.2012-11-19_15.49.40/xmerl_sax_std_suite.ibm-not-wf-p02-ibm02n02.html"></testcase><testcase group="testcases8.testcases25.testcases27" name="ibm-not-wf-P02-ibm02n03" time="0.016367" timestamp="2012-11-19T15:50:33" log="/home/karl/tmp/otp_tests/logs/xmerl_test_logs/ct_run.ct@devbox.2012-11-19_15.49.06/tests.xmerl_test.logs/run.2012-11-19_15.49.40/xmerl_sax_std_suite.ibm-not-wf-p02-ibm02n03.html"></testcase><testcase group="testcases8.testcases25.testcases27" name="ibm-not-wf-P02-ibm02n04" time="0.017215" timestamp="2012-11-19T15:50:33" log="/home/karl/tmp/otp_tests/logs/xmerl_test_logs/ct_run.ct@devbox.2012-11-19_15.49.06/tests.xmerl_test.logs/run.2012-11-19_15.49.40/xmerl_sax_std_suite.ibm-not-wf-p02-ibm02n04.html"></testcase><testcase group="testcases8.testcases25.testcases27" name="ibm-not-wf-P02-ibm02n05" time="0.019389" timestamp="2012-11-19T15:50:33" log="/home/karl/tmp/otp_tests/logs/xmerl_test_logs/ct_run.ct@devbox.2012-11-19_15.49.06/tests.xmerl_test.logs/run.2012-11-19_15.49.40/xmerl_sax_std_suite.ibm-not-wf-p02-ibm02n05.html"></testcase><testcase group="testcases8.testcases25.testcases27" name="ibm-not-wf-P02-ibm02n06" time="0.014272" timestamp="2012-11-19T15:50:33" log="/home/karl/tmp/otp_tests/logs/xmerl_test_logs/ct_run.ct@devbox.2012-11-19_15.49.06/tests.xmerl_test.logs/run.2012-11-19_15.49.40/xmerl_sax_std_suite.ibm-not-wf-p02-ibm02n06.html"></testcase><testcase group="testcases8.testcases25.testcases27" name="ibm-not-wf-P02-ibm02n07" time="0.016442" timestamp="2012-11-19T15:50:33" log="/home/karl/tmp/otp_tests/logs/xmerl_test_logs/ct_run.ct@devbox.2012-11-19_15.49.06/tests.xmerl_test.logs/run.2012-11-19_15.49.40/xmerl_sax_std_suite.ibm-not-wf-p02-ibm02n07.html"></testcase><testcase group="testcases8.testcases25.testcases27" name="ibm-not-wf-P02-ibm02n08" time="0.017305" timestamp="2012-11-19T15:50:33" log="/home/karl/tmp/otp_tests/logs/xmerl_test_logs/ct_run.ct@devbox.2012-11-19_15.49.06/tests.xmerl_test.logs/run.2012-11-19_15.49.40/xmerl_sax_std_suite.ibm-not-wf-p02-ibm02n08.html"></testcase><testcase group="testcases8.testcases25.testcases27" name="ibm-not-wf-P02-ibm02n09" time="0.012406" timestamp="2012-11-19T15:50:33" log="/home/karl/tmp/otp_tests/logs/xmerl_test_logs/ct_run.ct@devbox.2012-11-19_15.49.06/tests.xmerl_test.logs/run.2012-11-19_15.49.40/xmerl_sax_std_suite.ibm-not-wf-p02-ibm02n09.html"></testcase><testcase group="testcases8.testcases25.testcases27" name="ibm-not-wf-P02-ibm02n10" time="0.014436" timestamp="2012-11-19T15:50:33" log="/home/karl/tmp/otp_tests/logs/xmerl_test_logs/ct_run.ct@devbox.2012-11-19_15.49.06/tests.xmerl_test.logs/run.2012-11-19_15.49.40/xmerl_sax_std_suite.ibm-not-wf-p02-ibm02n10.html"></testcase><testcase group="testcases8.testcases25.testcases27" name="ibm-not-wf-P02-ibm02n11" time="0.017541" timestamp="2012-11-19T15:50:33" log="/home/karl/tmp/otp_tests/logs/xmerl_test_logs/ct_run.ct@devbox.2012-11-19_15.49.06/tests.xmerl_test.logs/run.2012-11-19_15.49.40/xmerl_sax_std_suite.ibm-not-wf-p02-ibm02n11.html"></testcase><testcase group="testcases8.testcases25.testcases27" name="ibm-not-wf-P02-ibm02n12" time="0.096453" timestamp="2012-11-19T15:50:33" log="/home/karl/tmp/otp_tests/logs/xmerl_test_logs/ct_run.ct@devbox.2012-11-19_15.49.06/tests.xmerl_test.logs/run.2012-11-19_15.49.40/xmerl_sax_std_suite.ibm-not-wf-p02-ibm02n12.html"></testcase><testcase group="testcases8.testcases25.testcases27" name="ibm-not-wf-P02-ibm02n13" time="0.020490" timestamp="2012-11-19T15:50:33" log="/home/karl/tmp/otp_tests/logs/xmerl_test_logs/ct_run.ct@devbox.2012-11-19_15.49.06/tests.xmerl_test.logs/run.2012-11-19_15.49.40/xmerl_sax_std_suite.ibm-not-wf-p02-ibm02n13.html"></testcase><testcase group="testcases8.testcases25.testcases27" name="ibm-not-wf-P02-ibm02n14" time="0.020179" timestamp="2012-11-19T15:50:33" log="/home/karl/tmp/otp_tests/logs/xmerl_test_logs/ct_run.ct@devbox.2012-11-19_15.49.06/tests.xmerl_test.logs/run.2012-11-19_15.49.40/xmerl_sax_std_suite.ibm-not-wf-p02-ibm02n14.html"></testcase><testcase group="testcases8.testcases25.testcases27" name="ibm-not-wf-P02-ibm02n15" time="0.016377" timestamp="2012-11-19T15:50:33" log="/home/karl/tmp/otp_tests/logs/xmerl_test_logs/ct_run.ct@devbox.2012-11-19_15.49.06/tests.xmerl_test.logs/run.2012-11-19_15.49.40/xmerl_sax_std_suite.ibm-not-wf-p02-ibm02n15.html"></testcase><testcase group="testcases8.testcases25.testcases27" name="ibm-not-wf-P02-ibm02n16" time="0.016351" timestamp="2012-11-19T15:50:33" log="/home/karl/tmp/otp_tests/logs/xmerl_test_logs/ct_run.ct@devbox.2012-11-19_15.49.06/tests.xmerl_test.logs/run.2012-11-19_15.49.40/xmerl_sax_std_suite.ibm-not-wf-p02-ibm02n16.html"></testcase><testcase group="testcases8.testcases25.testcases27" name="ibm-not-wf-P02-ibm02n17" time="0.018500" timestamp="2012-11-19T15:50:34" log="/home/karl/tmp/otp_tests/logs/xmerl_test_logs/ct_run.ct@devbox.2012-11-19_15.49.06/tests.xmerl_test.logs/run.2012-11-19_15.49.40/xmerl_sax_std_suite.ibm-not-wf-p02-ibm02n17.html"></testcase><testcase group="testcases8.testcases25.testcases27" name="ibm-not-wf-P02-ibm02n18" time="0.014058" timestamp="2012-11-19T15:50:34" log="/home/karl/tmp/otp_tests/logs/xmerl_test_logs/ct_run.ct@devbox.2012-11-19_15.49.06/tests.xmerl_test.logs/run.2012-11-19_15.49.40/xmerl_sax_std_suite.ibm-not-wf-p02-ibm02n18.html"></testcase><testcase group="testcases8.testcases25.testcases27" name="ibm-not-wf-P02-ibm02n19" time="0.015391" timestamp="2012-11-19T15:50:34" log="/home/karl/tmp/otp_tests/logs/xmerl_test_logs/ct_run.ct@devbox.2012-11-19_15.49.06/tests.xmerl_test.logs/run.2012-11-19_15.49.40/xmerl_sax_std_suite.ibm-not-wf-p02-ibm02n19.html"></testcase><testcase group="testcases8.testcases25.testcases27" name="ibm-not-wf-P02-ibm02n20" time="0.020200" timestamp="2012-11-19T15:50:34" log="/home/karl/tmp/otp_tests/logs/xmerl_test_logs/ct_run.ct@devbox.2012-11-19_15.49.06/tests.xmerl_test.logs/run.2012-11-19_15.49.40/xmerl_sax_std_suite.ibm-not-wf-p02-ibm02n20.html"></testcase><testcase group="testcases8.testcases25.testcases27" name="ibm-not-wf-P02-ibm02n21" time="0.014353" timestamp="2012-11-19T15:50:34" log="/home/karl/tmp/otp_tests/logs/xmerl_test_logs/ct_run.ct@devbox.2012-11-19_15.49.06/tests.xmerl_test.logs/run.2012-11-19_15.49.40/xmerl_sax_std_suite.ibm-not-wf-p02-ibm02n21.html"></testcase><testcase group="testcases8.testcases25.testcases27" name="ibm-not-wf-P02-ibm02n22" time="0.014972" timestamp="2012-11-19T15:50:34" log="/home/karl/tmp/otp_tests/logs/xmerl_test_logs/ct_run.ct@devbox.2012-11-19_15.49.06/tests.xmerl_test.logs/run.2012-11-19_15.49.40/xmerl_sax_std_suite.ibm-not-wf-p02-ibm02n22.html"></testcase><testcase group="testcases8.testcases25.testcases27" name="ibm-not-wf-P02-ibm02n23" time="0.026115" timestamp="2012-11-19T15:50:34" log="/home/karl/tmp/otp_tests/logs/xmerl_test_logs/ct_run.ct@devbox.2012-11-19_15.49.06/tests.xmerl_test.logs/run.2012-11-19_15.49.40/xmerl_sax_std_suite.ibm-not-wf-p02-ibm02n23.html"></testcase><testcase group="testcases8.testcases25.testcases27" name="ibm-not-wf-P02-ibm02n24" time="0.017442" timestamp="2012-11-19T15:50:34" log="/home/karl/tmp/otp_tests/logs/xmerl_test_logs/ct_run.ct@devbox.2012-11-19_15.49.06/tests.xmerl_test.logs/run.2012-11-19_15.49.40/xmerl_sax_std_suite.ibm-not-wf-p02-ibm02n24.html"></testcase><testcase group="testcases8.testcases25.testcases27" name="ibm-not-wf-P02-ibm02n25" time="0.015102" timestamp="2012-11-19T15:50:34" log="/home/karl/tmp/otp_tests/logs/xmerl_test_logs/ct_run.ct@devbox.2012-11-19_15.49.06/tests.xmerl_test.logs/run.2012-11-19_15.49.40/xmerl_sax_std_suite.ibm-not-wf-p02-ibm02n25.html"></testcase><testcase group="testcases8.testcases25.testcases27" name="ibm-not-wf-P02-ibm02n26" time="0.021516" timestamp="2012-11-19T15:50:34" log="/home/karl/tmp/otp_tests/logs/xmerl_test_logs/ct_run.ct@devbox.2012-11-19_15.49.06/tests.xmerl_test.logs/run.2012-11-19_15.49.40/xmerl_sax_std_suite.ibm-not-wf-p02-ibm02n26.html"></testcase><testcase group="testcases8.testcases25.testcases27" name="ibm-not-wf-P02-ibm02n27" time="0.014322" timestamp="2012-11-19T15:50:34" log="/home/karl/tmp/otp_tests/logs/xmerl_test_logs/ct_run.ct@devbox.2012-11-19_15.49.06/tests.xmerl_test.logs/run.2012-11-19_15.49.40/xmerl_sax_std_suite.ibm-not-wf-p02-ibm02n27.html"></testcase><testcase group="testcases8.testcases25.testcases27" name="ibm-not-wf-P02-ibm02n28" time="0.015673" timestamp="2012-11-19T15:50:34" log="/home/karl/tmp/otp_tests/logs/xmerl_test_logs/ct_run.ct@devbox.2012-11-19_15.49.06/tests.xmerl_test.logs/run.2012-11-19_15.49.40/xmerl_sax_std_suite.ibm-not-wf-p02-ibm02n28.html"></testcase><testcase group="testcases8.testcases25.testcases27" name="ibm-not-wf-P02-ibm02n29" time="0.021178" timestamp="2012-11-19T15:50:34" log="/home/karl/tmp/otp_tests/logs/xmerl_test_logs/ct_run.ct@devbox.2012-11-19_15.49.06/tests.xmerl_test.logs/run.2012-11-19_15.49.40/xmerl_sax_std_suite.ibm-not-wf-p02-ibm02n29.html"></testcase><testcase group="testcases8.testcases25.testcases27" name="ibm-not-wf-P02-ibm02n30" time="0.015279" timestamp="2012-11-19T15:50:34" log="/home/karl/tmp/otp_tests/logs/xmerl_test_logs/ct_run.ct@devbox.2012-11-19_15.49.06/tests.xmerl_test.logs/run.2012-11-19_15.49.40/xmerl_sax_std_suite.ibm-not-wf-p02-ibm02n30.html"></testcase><testcase group="testcases8.testcases25.testcases27" name="ibm-not-wf-P02-ibm02n31" time="0.014705" timestamp="2012-11-19T15:50:34" log="/home/karl/tmp/otp_tests/logs/xmerl_test_logs/ct_run.ct@devbox.2012-11-19_15.49.06/tests.xmerl_test.logs/run.2012-11-19_15.49.40/xmerl_sax_std_suite.ibm-not-wf-p02-ibm02n31.html"></testcase><testcase group="testcases8.testcases25.testcases27" name="ibm-not-wf-P02-ibm02n32" time="0.021284" timestamp="2012-11-19T15:50:34" log="/home/karl/tmp/otp_tests/logs/xmerl_test_logs/ct_run.ct@devbox.2012-11-19_15.49.06/tests.xmerl_test.logs/run.2012-11-19_15.49.40/xmerl_sax_std_suite.ibm-not-wf-p02-ibm02n32.html"></testcase><testcase group="testcases8.testcases25.testcases27" name="ibm-not-wf-P02-ibm02n33" time="0.014963" timestamp="2012-11-19T15:50:34" log="/home/karl/tmp/otp_tests/logs/xmerl_test_logs/ct_run.ct@devbox.2012-11-19_15.49.06/tests.xmerl_test.logs/run.2012-11-19_15.49.40/xmerl_sax_std_suite.ibm-not-wf-p02-ibm02n33.html"></testcase><testcase group="testcases8.testcases25.testcases27" name="end_per_group" time="0.014887" timestamp="2012-11-19T15:50:34" log="/home/karl/tmp/otp_tests/logs/xmerl_test_logs/ct_run.ct@devbox.2012-11-19_15.49.06/tests.xmerl_test.logs/run.2012-11-19_15.49.40/xmerl_sax_std_suite.end_per_group.336634.963.html"></testcase><testcase group="testcases8.testcases25.testcases28" name="init_per_group" time="0.020547" timestamp="2012-11-19T15:50:35" log="/home/karl/tmp/otp_tests/logs/xmerl_test_logs/ct_run.ct@devbox.2012-11-19_15.49.06/tests.xmerl_test.logs/run.2012-11-19_15.49.40/xmerl_sax_std_suite.init_per_group.336635.21.html"></testcase><testcase group="testcases8.testcases25.testcases28" name="ibm-not-wf-P03-ibm03n01" time="0.014211" timestamp="2012-11-19T15:50:35" log="/home/karl/tmp/otp_tests/logs/xmerl_test_logs/ct_run.ct@devbox.2012-11-19_15.49.06/tests.xmerl_test.logs/run.2012-11-19_15.49.40/xmerl_sax_std_suite.ibm-not-wf-p03-ibm03n01.html"></testcase><testcase group="testcases8.testcases25.testcases28" name="end_per_group" time="0.014681" timestamp="2012-11-19T15:50:35" log="/home/karl/tmp/otp_tests/logs/xmerl_test_logs/ct_run.ct@devbox.2012-11-19_15.49.06/tests.xmerl_test.logs/run.2012-11-19_15.49.40/xmerl_sax_std_suite.end_per_group.336635.134.html"></testcase><testcase group="testcases8.testcases25.testcases29" name="init_per_group" time="0.020623" timestamp="2012-11-19T15:50:35" log="/home/karl/tmp/otp_tests/logs/xmerl_test_logs/ct_run.ct@devbox.2012-11-19_15.49.06/tests.xmerl_test.logs/run.2012-11-19_15.49.40/xmerl_sax_std_suite.init_per_group.336635.192.html"></testcase><testcase group="testcases8.testcases25.testcases29" name="ibm-not-wf-P04-ibm04n01" time="0.014825" timestamp="2012-11-19T15:50:35" log="/home/karl/tmp/otp_tests/logs/xmerl_test_logs/ct_run.ct@devbox.2012-11-19_15.49.06/tests.xmerl_test.logs/run.2012-11-19_15.49.40/xmerl_sax_std_suite.ibm-not-wf-p04-ibm04n01.html"></testcase><testcase group="testcases8.testcases25.testcases29" name="ibm-not-wf-P04-ibm04n02" time="0.026566" timestamp="2012-11-19T15:50:35" log="/home/karl/tmp/otp_tests/logs/xmerl_test_logs/ct_run.ct@devbox.2012-11-19_15.49.06/tests.xmerl_test.logs/run.2012-11-19_15.49.40/xmerl_sax_std_suite.ibm-not-wf-p04-ibm04n02.html"></testcase><testcase group="testcases8.testcases25.testcases29" name="ibm-not-wf-P04-ibm04n03" time="0.022113" timestamp="2012-11-19T15:50:35" log="/home/karl/tmp/otp_tests/logs/xmerl_test_logs/ct_run.ct@devbox.2012-11-19_15.49.06/tests.xmerl_test.logs/run.2012-11-19_15.49.40/xmerl_sax_std_suite.ibm-not-wf-p04-ibm04n03.html"></testcase><testcase group="testcases8.testcases25.testcases29" name="ibm-not-wf-P04-ibm04n04" time="0.012758" timestamp="2012-11-19T15:50:35" log="/home/karl/tmp/otp_tests/logs/xmerl_test_logs/ct_run.ct@devbox.2012-11-19_15.49.06/tests.xmerl_test.logs/run.2012-11-19_15.49.40/xmerl_sax_std_suite.ibm-not-wf-p04-ibm04n04.html"></testcase><testcase group="testcases8.testcases25.testcases29" name="ibm-not-wf-P04-ibm04n05" time="0.015717" timestamp="2012-11-19T15:50:35" log="/home/karl/tmp/otp_tests/logs/xmerl_test_logs/ct_run.ct@devbox.2012-11-19_15.49.06/tests.xmerl_test.logs/run.2012-11-19_15.49.40/xmerl_sax_std_suite.ibm-not-wf-p04-ibm04n05.html"></testcase><testcase group="testcases8.testcases25.testcases29" name="ibm-not-wf-P04-ibm04n06" time="0.023469" timestamp="2012-11-19T15:50:35" log="/home/karl/tmp/otp_tests/logs/xmerl_test_logs/ct_run.ct@devbox.2012-11-19_15.49.06/tests.xmerl_test.logs/run.2012-11-19_15.49.40/xmerl_sax_std_suite.ibm-not-wf-p04-ibm04n06.html"></testcase><testcase group="testcases8.testcases25.testcases29" name="ibm-not-wf-P04-ibm04n07" time="0.014919" timestamp="2012-11-19T15:50:35" log="/home/karl/tmp/otp_tests/logs/xmerl_test_logs/ct_run.ct@devbox.2012-11-19_15.49.06/tests.xmerl_test.logs/run.2012-11-19_15.49.40/xmerl_sax_std_suite.ibm-not-wf-p04-ibm04n07.html"></testcase><testcase group="testcases8.testcases25.testcases29" name="ibm-not-wf-P04-ibm04n08" time="0.015965" timestamp="2012-11-19T15:50:35" log="/home/karl/tmp/otp_tests/logs/xmerl_test_logs/ct_run.ct@devbox.2012-11-19_15.49.06/tests.xmerl_test.logs/run.2012-11-19_15.49.40/xmerl_sax_std_suite.ibm-not-wf-p04-ibm04n08.html"></testcase><testcase group="testcases8.testcases25.testcases29" name="ibm-not-wf-P04-ibm04n09" time="0.023000" timestamp="2012-11-19T15:50:35" log="/home/karl/tmp/otp_tests/logs/xmerl_test_logs/ct_run.ct@devbox.2012-11-19_15.49.06/tests.xmerl_test.logs/run.2012-11-19_15.49.40/xmerl_sax_std_suite.ibm-not-wf-p04-ibm04n09.html"></testcase><testcase group="testcases8.testcases25.testcases29" name="ibm-not-wf-P04-ibm04n10" time="0.012985" timestamp="2012-11-19T15:50:35" log="/home/karl/tmp/otp_tests/logs/xmerl_test_logs/ct_run.ct@devbox.2012-11-19_15.49.06/tests.xmerl_test.logs/run.2012-11-19_15.49.40/xmerl_sax_std_suite.ibm-not-wf-p04-ibm04n10.html"></testcase><testcase group="testcases8.testcases25.testcases29" name="ibm-not-wf-P04-ibm04n11" time="0.017224" timestamp="2012-11-19T15:50:35" log="/home/karl/tmp/otp_tests/logs/xmerl_test_logs/ct_run.ct@devbox.2012-11-19_15.49.06/tests.xmerl_test.logs/run.2012-11-19_15.49.40/xmerl_sax_std_suite.ibm-not-wf-p04-ibm04n11.html"></testcase><testcase group="testcases8.testcases25.testcases29" name="ibm-not-wf-P04-ibm04n12" time="0.022574" timestamp="2012-11-19T15:50:35" log="/home/karl/tmp/otp_tests/logs/xmerl_test_logs/ct_run.ct@devbox.2012-11-19_15.49.06/tests.xmerl_test.logs/run.2012-11-19_15.49.40/xmerl_sax_std_suite.ibm-not-wf-p04-ibm04n12.html"></testcase><testcase group="testcases8.testcases25.testcases29" name="ibm-not-wf-P04-ibm04n13" time="0.015779" timestamp="2012-11-19T15:50:35" log="/home/karl/tmp/otp_tests/logs/xmerl_test_logs/ct_run.ct@devbox.2012-11-19_15.49.06/tests.xmerl_test.logs/run.2012-11-19_15.49.40/xmerl_sax_std_suite.ibm-not-wf-p04-ibm04n13.html"></testcase><testcase group="testcases8.testcases25.testcases29" name="ibm-not-wf-P04-ibm04n14" time="0.016697" timestamp="2012-11-19T15:50:36" log="/home/karl/tmp/otp_tests/logs/xmerl_test_logs/ct_run.ct@devbox.2012-11-19_15.49.06/tests.xmerl_test.logs/run.2012-11-19_15.49.40/xmerl_sax_std_suite.ibm-not-wf-p04-ibm04n14.html"></testcase><testcase group="testcases8.testcases25.testcases29" name="ibm-not-wf-P04-ibm04n15" time="0.027253" timestamp="2012-11-19T15:50:36" log="/home/karl/tmp/otp_tests/logs/xmerl_test_logs/ct_run.ct@devbox.2012-11-19_15.49.06/tests.xmerl_test.logs/run.2012-11-19_15.49.40/xmerl_sax_std_suite.ibm-not-wf-p04-ibm04n15.html"></testcase><testcase group="testcases8.testcases25.testcases29" name="ibm-not-wf-P04-ibm04n16" time="0.015370" timestamp="2012-11-19T15:50:36" log="/home/karl/tmp/otp_tests/logs/xmerl_test_logs/ct_run.ct@devbox.2012-11-19_15.49.06/tests.xmerl_test.logs/run.2012-11-19_15.49.40/xmerl_sax_std_suite.ibm-not-wf-p04-ibm04n16.html"></testcase><testcase group="testcases8.testcases25.testcases29" name="ibm-not-wf-P04-ibm04n17" time="0.014783" timestamp="2012-11-19T15:50:36" log="/home/karl/tmp/otp_tests/logs/xmerl_test_logs/ct_run.ct@devbox.2012-11-19_15.49.06/tests.xmerl_test.logs/run.2012-11-19_15.49.40/xmerl_sax_std_suite.ibm-not-wf-p04-ibm04n17.html"></testcase><testcase group="testcases8.testcases25.testcases29" name="ibm-not-wf-P04-ibm04n18" time="0.031013" timestamp="2012-11-19T15:50:36" log="/home/karl/tmp/otp_tests/logs/xmerl_test_logs/ct_run.ct@devbox.2012-11-19_15.49.06/tests.xmerl_test.logs/run.2012-11-19_15.49.40/xmerl_sax_std_suite.ibm-not-wf-p04-ibm04n18.html"></testcase><testcase group="testcases8.testcases25.testcases29" name="end_per_group" time="0.014202" timestamp="2012-11-19T15:50:36" log="/home/karl/tmp/otp_tests/logs/xmerl_test_logs/ct_run.ct@devbox.2012-11-19_15.49.06/tests.xmerl_test.logs/run.2012-11-19_15.49.40/xmerl_sax_std_suite.end_per_group.336636.322.html"></testcase><testcase group="testcases8.testcases25.testcases30" name="init_per_group" time="0.015381" timestamp="2012-11-19T15:50:36" log="/home/karl/tmp/otp_tests/logs/xmerl_test_logs/ct_run.ct@devbox.2012-11-19_15.49.06/tests.xmerl_test.logs/run.2012-11-19_15.49.40/xmerl_sax_std_suite.init_per_group.336636.381.html"></testcase><testcase group="testcases8.testcases25.testcases30" name="ibm-not-wf-P05-ibm05n01" time="0.022347" timestamp="2012-11-19T15:50:36" log="/home/karl/tmp/otp_tests/logs/xmerl_test_logs/ct_run.ct@devbox.2012-11-19_15.49.06/tests.xmerl_test.logs/run.2012-11-19_15.49.40/xmerl_sax_std_suite.ibm-not-wf-p05-ibm05n01.html"></testcase><testcase group="testcases8.testcases25.testcases30" name="ibm-not-wf-P05-ibm05n02" time="0.015882" timestamp="2012-11-19T15:50:36" log="/home/karl/tmp/otp_tests/logs/xmerl_test_logs/ct_run.ct@devbox.2012-11-19_15.49.06/tests.xmerl_test.logs/run.2012-11-19_15.49.40/xmerl_sax_std_suite.ibm-not-wf-p05-ibm05n02.html"></testcase><testcase group="testcases8.testcases25.testcases30" name="ibm-not-wf-P05-ibm05n03" time="0.017214" timestamp="2012-11-19T15:50:36" log="/home/karl/tmp/otp_tests/logs/xmerl_test_logs/ct_run.ct@devbox.2012-11-19_15.49.06/tests.xmerl_test.logs/run.2012-11-19_15.49.40/xmerl_sax_std_suite.ibm-not-wf-p05-ibm05n03.html"></testcase><testcase group="testcases8.testcases25.testcases30" name="end_per_group" time="0.023980" timestamp="2012-11-19T15:50:36" log="/home/karl/tmp/otp_tests/logs/xmerl_test_logs/ct_run.ct@devbox.2012-11-19_15.49.06/tests.xmerl_test.logs/run.2012-11-19_15.49.40/xmerl_sax_std_suite.end_per_group.336636.618.html"></testcase><testcase group="testcases8.testcases25.testcases31" name="init_per_group" time="0.016508" timestamp="2012-11-19T15:50:36" log="/home/karl/tmp/otp_tests/logs/xmerl_test_logs/ct_run.ct@devbox.2012-11-19_15.49.06/tests.xmerl_test.logs/run.2012-11-19_15.49.40/xmerl_sax_std_suite.init_per_group.336636.680.html"></testcase><testcase group="testcases8.testcases25.testcases31" name="ibm-not-wf-P09-ibm09n01" time="0.019104" timestamp="2012-11-19T15:50:36" log="/home/karl/tmp/otp_tests/logs/xmerl_test_logs/ct_run.ct@devbox.2012-11-19_15.49.06/tests.xmerl_test.logs/run.2012-11-19_15.49.40/xmerl_sax_std_suite.ibm-not-wf-p09-ibm09n01.html"></testcase><testcase group="testcases8.testcases25.testcases31" name="ibm-not-wf-P09-ibm09n02" time="0.025130" timestamp="2012-11-19T15:50:36" log="/home/karl/tmp/otp_tests/logs/xmerl_test_logs/ct_run.ct@devbox.2012-11-19_15.49.06/tests.xmerl_test.logs/run.2012-11-19_15.49.40/xmerl_sax_std_suite.ibm-not-wf-p09-ibm09n02.html"></testcase><testcase group="testcases8.testcases25.testcases31" name="ibm-not-wf-P09-ibm09n03" time="0.017189" timestamp="2012-11-19T15:50:36" log="/home/karl/tmp/otp_tests/logs/xmerl_test_logs/ct_run.ct@devbox.2012-11-19_15.49.06/tests.xmerl_test.logs/run.2012-11-19_15.49.40/xmerl_sax_std_suite.ibm-not-wf-p09-ibm09n03.html"></testcase><testcase group="testcases8.testcases25.testcases31" name="ibm-not-wf-P09-ibm09n04" time="0.025679" timestamp="2012-11-19T15:50:36" log="/home/karl/tmp/otp_tests/logs/xmerl_test_logs/ct_run.ct@devbox.2012-11-19_15.49.06/tests.xmerl_test.logs/run.2012-11-19_15.49.40/xmerl_sax_std_suite.ibm-not-wf-p09-ibm09n04.html"></testcase><testcase group="testcases8.testcases25.testcases31" name="end_per_group" time="0.021970" timestamp="2012-11-19T15:50:37" log="/home/karl/tmp/otp_tests/logs/xmerl_test_logs/ct_run.ct@devbox.2012-11-19_15.49.06/tests.xmerl_test.logs/run.2012-11-19_15.49.40/xmerl_sax_std_suite.end_per_group.336636.998.html"></testcase><testcase group="testcases8.testcases25.testcases32" name="init_per_group" time="0.015074" timestamp="2012-11-19T15:50:37" log="/home/karl/tmp/otp_tests/logs/xmerl_test_logs/ct_run.ct@devbox.2012-11-19_15.49.06/tests.xmerl_test.logs/run.2012-11-19_15.49.40/xmerl_sax_std_suite.init_per_group.336637.56.html"></testcase><testcase group="testcases8.testcases25.testcases32" name="ibm-not-wf-P10-ibm10n01" time="0.017172" timestamp="2012-11-19T15:50:37" log="/home/karl/tmp/otp_tests/logs/xmerl_test_logs/ct_run.ct@devbox.2012-11-19_15.49.06/tests.xmerl_test.logs/run.2012-11-19_15.49.40/xmerl_sax_std_suite.ibm-not-wf-p10-ibm10n01.html"></testcase><testcase group="testcases8.testcases25.testcases32" name="ibm-not-wf-P10-ibm10n02" time="0.039383" timestamp="2012-11-19T15:50:37" log="/home/karl/tmp/otp_tests/logs/xmerl_test_logs/ct_run.ct@devbox.2012-11-19_15.49.06/tests.xmerl_test.logs/run.2012-11-19_15.49.40/xmerl_sax_std_suite.ibm-not-wf-p10-ibm10n02.html"></testcase><testcase group="testcases8.testcases25.testcases32" name="ibm-not-wf-P10-ibm10n03" time="0.015126" timestamp="2012-11-19T15:50:37" log="/home/karl/tmp/otp_tests/logs/xmerl_test_logs/ct_run.ct@devbox.2012-11-19_15.49.06/tests.xmerl_test.logs/run.2012-11-19_15.49.40/xmerl_sax_std_suite.ibm-not-wf-p10-ibm10n03.html"></testcase><testcase group="testcases8.testcases25.testcases32" name="ibm-not-wf-P10-ibm10n04" time="0.016533" timestamp="2012-11-19T15:50:37" log="/home/karl/tmp/otp_tests/logs/xmerl_test_logs/ct_run.ct@devbox.2012-11-19_15.49.06/tests.xmerl_test.logs/run.2012-11-19_15.49.40/xmerl_sax_std_suite.ibm-not-wf-p10-ibm10n04.html"></testcase><testcase group="testcases8.testcases25.testcases32" name="ibm-not-wf-P10-ibm10n05" time="0.094620" timestamp="2012-11-19T15:50:37" log="/home/karl/tmp/otp_tests/logs/xmerl_test_logs/ct_run.ct@devbox.2012-11-19_15.49.06/tests.xmerl_test.logs/run.2012-11-19_15.49.40/xmerl_sax_std_suite.ibm-not-wf-p10-ibm10n05.html"></testcase><testcase group="testcases8.testcases25.testcases32" name="ibm-not-wf-P10-ibm10n06" time="0.066887" timestamp="2012-11-19T15:50:37" log="/home/karl/tmp/otp_tests/logs/xmerl_test_logs/ct_run.ct@devbox.2012-11-19_15.49.06/tests.xmerl_test.logs/run.2012-11-19_15.49.40/xmerl_sax_std_suite.ibm-not-wf-p10-ibm10n06.html"></testcase><testcase group="testcases8.testcases25.testcases32" name="ibm-not-wf-P10-ibm10n07" time="0.061660" timestamp="2012-11-19T15:50:37" log="/home/karl/tmp/otp_tests/logs/xmerl_test_logs/ct_run.ct@devbox.2012-11-19_15.49.06/tests.xmerl_test.logs/run.2012-11-19_15.49.40/xmerl_sax_std_suite.ibm-not-wf-p10-ibm10n07.html"></testcase><testcase group="testcases8.testcases25.testcases32" name="ibm-not-wf-P10-ibm10n08" time="0.075947" timestamp="2012-11-19T15:50:37" log="/home/karl/tmp/otp_tests/logs/xmerl_test_logs/ct_run.ct@devbox.2012-11-19_15.49.06/tests.xmerl_test.logs/run.2012-11-19_15.49.40/xmerl_sax_std_suite.ibm-not-wf-p10-ibm10n08.html"></testcase><testcase group="testcases8.testcases25.testcases32" name="end_per_group" time="0.039567" timestamp="2012-11-19T15:50:38" log="/home/karl/tmp/otp_tests/logs/xmerl_test_logs/ct_run.ct@devbox.2012-11-19_15.49.06/tests.xmerl_test.logs/run.2012-11-19_15.49.40/xmerl_sax_std_suite.end_per_group.336637.990.html"></testcase><testcase group="testcases8.testcases25.testcases33" name="init_per_group" time="0.039263" timestamp="2012-11-19T15:50:38" log="/home/karl/tmp/otp_tests/logs/xmerl_test_logs/ct_run.ct@devbox.2012-11-19_15.49.06/tests.xmerl_test.logs/run.2012-11-19_15.49.40/xmerl_sax_std_suite.init_per_group.336638.102.html"></testcase><testcase group="testcases8.testcases25.testcases33" name="ibm-not-wf-P11-ibm11n01" time="0.080926" timestamp="2012-11-19T15:50:38" log="/home/karl/tmp/otp_tests/logs/xmerl_test_logs/ct_run.ct@devbox.2012-11-19_15.49.06/tests.xmerl_test.logs/run.2012-11-19_15.49.40/xmerl_sax_std_suite.ibm-not-wf-p11-ibm11n01.html"></testcase><testcase group="testcases8.testcases25.testcases33" name="ibm-not-wf-P11-ibm11n02" time="0.056015" timestamp="2012-11-19T15:50:38" log="/home/karl/tmp/otp_tests/logs/xmerl_test_logs/ct_run.ct@devbox.2012-11-19_15.49.06/tests.xmerl_test.logs/run.2012-11-19_15.49.40/xmerl_sax_std_suite.ibm-not-wf-p11-ibm11n02.html"></testcase><testcase group="testcases8.testcases25.testcases33" name="ibm-not-wf-P11-ibm11n03" time="0.040950" timestamp="2012-11-19T15:50:38" log="/home/karl/tmp/otp_tests/logs/xmerl_test_logs/ct_run.ct@devbox.2012-11-19_15.49.06/tests.xmerl_test.logs/run.2012-11-19_15.49.40/xmerl_sax_std_suite.ibm-not-wf-p11-ibm11n03.html"></testcase><testcase group="testcases8.testcases25.testcases33" name="ibm-not-wf-P11-ibm11n04" time="0.054427" timestamp="2012-11-19T15:50:38" log="/home/karl/tmp/otp_tests/logs/xmerl_test_logs/ct_run.ct@devbox.2012-11-19_15.49.06/tests.xmerl_test.logs/run.2012-11-19_15.49.40/xmerl_sax_std_suite.ibm-not-wf-p11-ibm11n04.html"></testcase><testcase group="testcases8.testcases25.testcases33" name="end_per_group" time="0.100944" timestamp="2012-11-19T15:50:38" log="/home/karl/tmp/otp_tests/logs/xmerl_test_logs/ct_run.ct@devbox.2012-11-19_15.49.06/tests.xmerl_test.logs/run.2012-11-19_15.49.40/xmerl_sax_std_suite.end_per_group.336638.687.html"></testcase><testcase group="testcases8.testcases25.testcases34" name="init_per_group" time="0.034141" timestamp="2012-11-19T15:50:38" log="/home/karl/tmp/otp_tests/logs/xmerl_test_logs/ct_run.ct@devbox.2012-11-19_15.49.06/tests.xmerl_test.logs/run.2012-11-19_15.49.40/xmerl_sax_std_suite.init_per_group.336638.882.html"></testcase><testcase group="testcases8.testcases25.testcases34" name="ibm-not-wf-P12-ibm12n01" time="0.030346" timestamp="2012-11-19T15:50:39" log="/home/karl/tmp/otp_tests/logs/xmerl_test_logs/ct_run.ct@devbox.2012-11-19_15.49.06/tests.xmerl_test.logs/run.2012-11-19_15.49.40/xmerl_sax_std_suite.ibm-not-wf-p12-ibm12n01.html"></testcase><testcase group="testcases8.testcases25.testcases34" name="ibm-not-wf-P12-ibm12n02" time="0.016796" timestamp="2012-11-19T15:50:39" log="/home/karl/tmp/otp_tests/logs/xmerl_test_logs/ct_run.ct@devbox.2012-11-19_15.49.06/tests.xmerl_test.logs/run.2012-11-19_15.49.40/xmerl_sax_std_suite.ibm-not-wf-p12-ibm12n02.html"></testcase><testcase group="testcases8.testcases25.testcases34" name="ibm-not-wf-P12-ibm12n03" time="0.017496" timestamp="2012-11-19T15:50:39" log="/home/karl/tmp/otp_tests/logs/xmerl_test_logs/ct_run.ct@devbox.2012-11-19_15.49.06/tests.xmerl_test.logs/run.2012-11-19_15.49.40/xmerl_sax_std_suite.ibm-not-wf-p12-ibm12n03.html"></testcase><testcase group="testcases8.testcases25.testcases34" name="end_per_group" time="0.022829" timestamp="2012-11-19T15:50:39" log="/home/karl/tmp/otp_tests/logs/xmerl_test_logs/ct_run.ct@devbox.2012-11-19_15.49.06/tests.xmerl_test.logs/run.2012-11-19_15.49.40/xmerl_sax_std_suite.end_per_group.336639.226.html"></testcase><testcase group="testcases8.testcases25.testcases35" name="init_per_group" time="0.014128" timestamp="2012-11-19T15:50:39" log="/home/karl/tmp/otp_tests/logs/xmerl_test_logs/ct_run.ct@devbox.2012-11-19_15.49.06/tests.xmerl_test.logs/run.2012-11-19_15.49.40/xmerl_sax_std_suite.init_per_group.336639.287.html"></testcase><testcase group="testcases8.testcases25.testcases35" name="ibm-not-wf-P13-ibm13n01" time="0.022954" timestamp="2012-11-19T15:50:39" log="/home/karl/tmp/otp_tests/logs/xmerl_test_logs/ct_run.ct@devbox.2012-11-19_15.49.06/tests.xmerl_test.logs/run.2012-11-19_15.49.40/xmerl_sax_std_suite.ibm-not-wf-p13-ibm13n01.html"></testcase><testcase group="testcases8.testcases25.testcases35" name="ibm-not-wf-P13-ibm13n02" time="0.021321" timestamp="2012-11-19T15:50:39" log="/home/karl/tmp/otp_tests/logs/xmerl_test_logs/ct_run.ct@devbox.2012-11-19_15.49.06/tests.xmerl_test.logs/run.2012-11-19_15.49.40/xmerl_sax_std_suite.ibm-not-wf-p13-ibm13n02.html"></testcase><testcase group="testcases8.testcases25.testcases35" name="ibm-not-wf-P13-ibm13n03" time="0.019465" timestamp="2012-11-19T15:50:39" log="/home/karl/tmp/otp_tests/logs/xmerl_test_logs/ct_run.ct@devbox.2012-11-19_15.49.06/tests.xmerl_test.logs/run.2012-11-19_15.49.40/xmerl_sax_std_suite.ibm-not-wf-p13-ibm13n03.html"></testcase><testcase group="testcases8.testcases25.testcases35" name="end_per_group" time="0.040406" timestamp="2012-11-19T15:50:39" log="/home/karl/tmp/otp_tests/logs/xmerl_test_logs/ct_run.ct@devbox.2012-11-19_15.49.06/tests.xmerl_test.logs/run.2012-11-19_15.49.40/xmerl_sax_std_suite.end_per_group.336639.556.html"></testcase><testcase group="testcases8.testcases25.testcases36" name="init_per_group" time="0.065127" timestamp="2012-11-19T15:50:39" log="/home/karl/tmp/otp_tests/logs/xmerl_test_logs/ct_run.ct@devbox.2012-11-19_15.49.06/tests.xmerl_test.logs/run.2012-11-19_15.49.40/xmerl_sax_std_suite.init_per_group.336639.702.html"></testcase><testcase group="testcases8.testcases25.testcases36" name="ibm-not-wf-P14-ibm14n01" time="0.017408" timestamp="2012-11-19T15:50:39" log="/home/karl/tmp/otp_tests/logs/xmerl_test_logs/ct_run.ct@devbox.2012-11-19_15.49.06/tests.xmerl_test.logs/run.2012-11-19_15.49.40/xmerl_sax_std_suite.ibm-not-wf-p14-ibm14n01.html"></testcase><testcase group="testcases8.testcases25.testcases36" name="ibm-not-wf-P14-ibm14n02" time="0.016715" timestamp="2012-11-19T15:50:39" log="/home/karl/tmp/otp_tests/logs/xmerl_test_logs/ct_run.ct@devbox.2012-11-19_15.49.06/tests.xmerl_test.logs/run.2012-11-19_15.49.40/xmerl_sax_std_suite.ibm-not-wf-p14-ibm14n02.html"></testcase><testcase group="testcases8.testcases25.testcases36" name="ibm-not-wf-P14-ibm14n03" time="0.022002" timestamp="2012-11-19T15:50:39" log="/home/karl/tmp/otp_tests/logs/xmerl_test_logs/ct_run.ct@devbox.2012-11-19_15.49.06/tests.xmerl_test.logs/run.2012-11-19_15.49.40/xmerl_sax_std_suite.ibm-not-wf-p14-ibm14n03.html"></testcase><testcase group="testcases8.testcases25.testcases36" name="end_per_group" time="0.025267" timestamp="2012-11-19T15:50:40" log="/home/karl/tmp/otp_tests/logs/xmerl_test_logs/ct_run.ct@devbox.2012-11-19_15.49.06/tests.xmerl_test.logs/run.2012-11-19_15.49.40/xmerl_sax_std_suite.end_per_group.336639.990.html"></testcase><testcase group="testcases8.testcases25.testcases37" name="init_per_group" time="0.020236" timestamp="2012-11-19T15:50:40" log="/home/karl/tmp/otp_tests/logs/xmerl_test_logs/ct_run.ct@devbox.2012-11-19_15.49.06/tests.xmerl_test.logs/run.2012-11-19_15.49.40/xmerl_sax_std_suite.init_per_group.336640.64.html"></testcase><testcase group="testcases8.testcases25.testcases37" name="ibm-not-wf-P15-ibm15n01" time="0.028098" timestamp="2012-11-19T15:50:40" log="/home/karl/tmp/otp_tests/logs/xmerl_test_logs/ct_run.ct@devbox.2012-11-19_15.49.06/tests.xmerl_test.logs/run.2012-11-19_15.49.40/xmerl_sax_std_suite.ibm-not-wf-p15-ibm15n01.html"></testcase><testcase group="testcases8.testcases25.testcases37" name="ibm-not-wf-P15-ibm15n02" time="0.030542" timestamp="2012-11-19T15:50:40" log="/home/karl/tmp/otp_tests/logs/xmerl_test_logs/ct_run.ct@devbox.2012-11-19_15.49.06/tests.xmerl_test.logs/run.2012-11-19_15.49.40/xmerl_sax_std_suite.ibm-not-wf-p15-ibm15n02.html"></testcase><testcase group="testcases8.testcases25.testcases37" name="ibm-not-wf-P15-ibm15n03" time="0.027368" timestamp="2012-11-19T15:50:40" log="/home/karl/tmp/otp_tests/logs/xmerl_test_logs/ct_run.ct@devbox.2012-11-19_15.49.06/tests.xmerl_test.logs/run.2012-11-19_15.49.40/xmerl_sax_std_suite.ibm-not-wf-p15-ibm15n03.html"></testcase><testcase group="testcases8.testcases25.testcases37" name="ibm-not-wf-P15-ibm15n04" time="0.057616" timestamp="2012-11-19T15:50:40" log="/home/karl/tmp/otp_tests/logs/xmerl_test_logs/ct_run.ct@devbox.2012-11-19_15.49.06/tests.xmerl_test.logs/run.2012-11-19_15.49.40/xmerl_sax_std_suite.ibm-not-wf-p15-ibm15n04.html"></testcase><testcase group="testcases8.testcases25.testcases37" name="end_per_group" time="0.013113" timestamp="2012-11-19T15:50:40" log="/home/karl/tmp/otp_tests/logs/xmerl_test_logs/ct_run.ct@devbox.2012-11-19_15.49.06/tests.xmerl_test.logs/run.2012-11-19_15.49.40/xmerl_sax_std_suite.end_per_group.336640.530.html"></testcase><testcase group="testcases8.testcases25.testcases38" name="init_per_group" time="0.015933" timestamp="2012-11-19T15:50:40" log="/home/karl/tmp/otp_tests/logs/xmerl_test_logs/ct_run.ct@devbox.2012-11-19_15.49.06/tests.xmerl_test.logs/run.2012-11-19_15.49.40/xmerl_sax_std_suite.init_per_group.336640.584.html"></testcase><testcase group="testcases8.testcases25.testcases38" name="ibm-not-wf-P16-ibm16n01" time="0.021237" timestamp="2012-11-19T15:50:40" log="/home/karl/tmp/otp_tests/logs/xmerl_test_logs/ct_run.ct@devbox.2012-11-19_15.49.06/tests.xmerl_test.logs/run.2012-11-19_15.49.40/xmerl_sax_std_suite.ibm-not-wf-p16-ibm16n01.html"></testcase><testcase group="testcases8.testcases25.testcases38" name="ibm-not-wf-P16-ibm16n02" time="0.017862" timestamp="2012-11-19T15:50:40" log="/home/karl/tmp/otp_tests/logs/xmerl_test_logs/ct_run.ct@devbox.2012-11-19_15.49.06/tests.xmerl_test.logs/run.2012-11-19_15.49.40/xmerl_sax_std_suite.ibm-not-wf-p16-ibm16n02.html"></testcase><testcase group="testcases8.testcases25.testcases38" name="ibm-not-wf-P16-ibm16n03" time="0.016615" timestamp="2012-11-19T15:50:40" log="/home/karl/tmp/otp_tests/logs/xmerl_test_logs/ct_run.ct@devbox.2012-11-19_15.49.06/tests.xmerl_test.logs/run.2012-11-19_15.49.40/xmerl_sax_std_suite.ibm-not-wf-p16-ibm16n03.html"></testcase><testcase group="testcases8.testcases25.testcases38" name="ibm-not-wf-P16-ibm16n04" time="0.023089" timestamp="2012-11-19T15:50:40" log="/home/karl/tmp/otp_tests/logs/xmerl_test_logs/ct_run.ct@devbox.2012-11-19_15.49.06/tests.xmerl_test.logs/run.2012-11-19_15.49.40/xmerl_sax_std_suite.ibm-not-wf-p16-ibm16n04.html"></testcase><testcase group="testcases8.testcases25.testcases38" name="end_per_group" time="0.013222" timestamp="2012-11-19T15:50:40" log="/home/karl/tmp/otp_tests/logs/xmerl_test_logs/ct_run.ct@devbox.2012-11-19_15.49.06/tests.xmerl_test.logs/run.2012-11-19_15.49.40/xmerl_sax_std_suite.end_per_group.336640.880.html"></testcase><testcase group="testcases8.testcases25.testcases39" name="init_per_group" time="0.015977" timestamp="2012-11-19T15:50:40" log="/home/karl/tmp/otp_tests/logs/xmerl_test_logs/ct_run.ct@devbox.2012-11-19_15.49.06/tests.xmerl_test.logs/run.2012-11-19_15.49.40/xmerl_sax_std_suite.init_per_group.336640.930.html"></testcase><testcase group="testcases8.testcases25.testcases39" name="ibm-not-wf-P17-ibm17n01" time="0.021143" timestamp="2012-11-19T15:50:40" log="/home/karl/tmp/otp_tests/logs/xmerl_test_logs/ct_run.ct@devbox.2012-11-19_15.49.06/tests.xmerl_test.logs/run.2012-11-19_15.49.40/xmerl_sax_std_suite.ibm-not-wf-p17-ibm17n01.html"></testcase><testcase group="testcases8.testcases25.testcases39" name="ibm-not-wf-P17-ibm17n02" time="0.016400" timestamp="2012-11-19T15:50:41" log="/home/karl/tmp/otp_tests/logs/xmerl_test_logs/ct_run.ct@devbox.2012-11-19_15.49.06/tests.xmerl_test.logs/run.2012-11-19_15.49.40/xmerl_sax_std_suite.ibm-not-wf-p17-ibm17n02.html"></testcase><testcase group="testcases8.testcases25.testcases39" name="ibm-not-wf-P17-ibm17n03" time="0.015987" timestamp="2012-11-19T15:50:41" log="/home/karl/tmp/otp_tests/logs/xmerl_test_logs/ct_run.ct@devbox.2012-11-19_15.49.06/tests.xmerl_test.logs/run.2012-11-19_15.49.40/xmerl_sax_std_suite.ibm-not-wf-p17-ibm17n03.html"></testcase><testcase group="testcases8.testcases25.testcases39" name="ibm-not-wf-P17-ibm17n04" time="0.021904" timestamp="2012-11-19T15:50:41" log="/home/karl/tmp/otp_tests/logs/xmerl_test_logs/ct_run.ct@devbox.2012-11-19_15.49.06/tests.xmerl_test.logs/run.2012-11-19_15.49.40/xmerl_sax_std_suite.ibm-not-wf-p17-ibm17n04.html"></testcase><testcase group="testcases8.testcases25.testcases39" name="end_per_group" time="0.012990" timestamp="2012-11-19T15:50:41" log="/home/karl/tmp/otp_tests/logs/xmerl_test_logs/ct_run.ct@devbox.2012-11-19_15.49.06/tests.xmerl_test.logs/run.2012-11-19_15.49.40/xmerl_sax_std_suite.end_per_group.336641.228.html"></testcase><testcase group="testcases8.testcases25.testcases40" name="init_per_group" time="0.015161" timestamp="2012-11-19T15:50:41" log="/home/karl/tmp/otp_tests/logs/xmerl_test_logs/ct_run.ct@devbox.2012-11-19_15.49.06/tests.xmerl_test.logs/run.2012-11-19_15.49.40/xmerl_sax_std_suite.init_per_group.336641.277.html"></testcase><testcase group="testcases8.testcases25.testcases40" name="ibm-not-wf-P18-ibm18n01" time="0.023616" timestamp="2012-11-19T15:50:41" log="/home/karl/tmp/otp_tests/logs/xmerl_test_logs/ct_run.ct@devbox.2012-11-19_15.49.06/tests.xmerl_test.logs/run.2012-11-19_15.49.40/xmerl_sax_std_suite.ibm-not-wf-p18-ibm18n01.html"></testcase><testcase group="testcases8.testcases25.testcases40" name="ibm-not-wf-P18-ibm18n02" time="0.025982" timestamp="2012-11-19T15:50:41" log="/home/karl/tmp/otp_tests/logs/xmerl_test_logs/ct_run.ct@devbox.2012-11-19_15.49.06/tests.xmerl_test.logs/run.2012-11-19_15.49.40/xmerl_sax_std_suite.ibm-not-wf-p18-ibm18n02.html"></testcase><testcase group="testcases8.testcases25.testcases40" name="end_per_group" time="0.015967" timestamp="2012-11-19T15:50:41" log="/home/karl/tmp/otp_tests/logs/xmerl_test_logs/ct_run.ct@devbox.2012-11-19_15.49.06/tests.xmerl_test.logs/run.2012-11-19_15.49.40/xmerl_sax_std_suite.end_per_group.336641.461.html"></testcase><testcase group="testcases8.testcases25.testcases41" name="init_per_group" time="0.021838" timestamp="2012-11-19T15:50:41" log="/home/karl/tmp/otp_tests/logs/xmerl_test_logs/ct_run.ct@devbox.2012-11-19_15.49.06/tests.xmerl_test.logs/run.2012-11-19_15.49.40/xmerl_sax_std_suite.init_per_group.336641.523.html"></testcase><testcase group="testcases8.testcases25.testcases41" name="ibm-not-wf-P19-ibm19n01" time="0.017466" timestamp="2012-11-19T15:50:41" log="/home/karl/tmp/otp_tests/logs/xmerl_test_logs/ct_run.ct@devbox.2012-11-19_15.49.06/tests.xmerl_test.logs/run.2012-11-19_15.49.40/xmerl_sax_std_suite.ibm-not-wf-p19-ibm19n01.html"></testcase><testcase group="testcases8.testcases25.testcases41" name="ibm-not-wf-P19-ibm19n02" time="0.018013" timestamp="2012-11-19T15:50:41" log="/home/karl/tmp/otp_tests/logs/xmerl_test_logs/ct_run.ct@devbox.2012-11-19_15.49.06/tests.xmerl_test.logs/run.2012-11-19_15.49.40/xmerl_sax_std_suite.ibm-not-wf-p19-ibm19n02.html"></testcase><testcase group="testcases8.testcases25.testcases41" name="ibm-not-wf-P19-ibm19n03" time="0.022981" timestamp="2012-11-19T15:50:41" log="/home/karl/tmp/otp_tests/logs/xmerl_test_logs/ct_run.ct@devbox.2012-11-19_15.49.06/tests.xmerl_test.logs/run.2012-11-19_15.49.40/xmerl_sax_std_suite.ibm-not-wf-p19-ibm19n03.html"></testcase><testcase group="testcases8.testcases25.testcases41" name="end_per_group" time="0.013669" timestamp="2012-11-19T15:50:41" log="/home/karl/tmp/otp_tests/logs/xmerl_test_logs/ct_run.ct@devbox.2012-11-19_15.49.06/tests.xmerl_test.logs/run.2012-11-19_15.49.40/xmerl_sax_std_suite.end_per_group.336641.767.html"></testcase><testcase group="testcases8.testcases25.testcases42" name="init_per_group" time="0.016849" timestamp="2012-11-19T15:50:41" log="/home/karl/tmp/otp_tests/logs/xmerl_test_logs/ct_run.ct@devbox.2012-11-19_15.49.06/tests.xmerl_test.logs/run.2012-11-19_15.49.40/xmerl_sax_std_suite.init_per_group.336641.820.html"></testcase><testcase group="testcases8.testcases25.testcases42" name="ibm-not-wf-P20-ibm20n01" time="0.023760" timestamp="2012-11-19T15:50:41" log="/home/karl/tmp/otp_tests/logs/xmerl_test_logs/ct_run.ct@devbox.2012-11-19_15.49.06/tests.xmerl_test.logs/run.2012-11-19_15.49.40/xmerl_sax_std_suite.ibm-not-wf-p20-ibm20n01.html"></testcase><testcase group="testcases8.testcases25.testcases42" name="end_per_group" time="0.014244" timestamp="2012-11-19T15:50:41" log="/home/karl/tmp/otp_tests/logs/xmerl_test_logs/ct_run.ct@devbox.2012-11-19_15.49.06/tests.xmerl_test.logs/run.2012-11-19_15.49.40/xmerl_sax_std_suite.end_per_group.336641.945.html"></testcase><testcase group="testcases8.testcases25.testcases43" name="init_per_group" time="0.020702" timestamp="2012-11-19T15:50:42" log="/home/karl/tmp/otp_tests/logs/xmerl_test_logs/ct_run.ct@devbox.2012-11-19_15.49.06/tests.xmerl_test.logs/run.2012-11-19_15.49.40/xmerl_sax_std_suite.init_per_group.336641.996.html"></testcase><testcase group="testcases8.testcases25.testcases43" name="ibm-not-wf-P21-ibm21n01" time="0.027577" timestamp="2012-11-19T15:50:42" log="/home/karl/tmp/otp_tests/logs/xmerl_test_logs/ct_run.ct@devbox.2012-11-19_15.49.06/tests.xmerl_test.logs/run.2012-11-19_15.49.40/xmerl_sax_std_suite.ibm-not-wf-p21-ibm21n01.html"></testcase><testcase group="testcases8.testcases25.testcases43" name="ibm-not-wf-P21-ibm21n02" time="0.017427" timestamp="2012-11-19T15:50:42" log="/home/karl/tmp/otp_tests/logs/xmerl_test_logs/ct_run.ct@devbox.2012-11-19_15.49.06/tests.xmerl_test.logs/run.2012-11-19_15.49.40/xmerl_sax_std_suite.ibm-not-wf-p21-ibm21n02.html"></testcase><testcase group="testcases8.testcases25.testcases43" name="ibm-not-wf-P21-ibm21n03" time="0.018212" timestamp="2012-11-19T15:50:42" log="/home/karl/tmp/otp_tests/logs/xmerl_test_logs/ct_run.ct@devbox.2012-11-19_15.49.06/tests.xmerl_test.logs/run.2012-11-19_15.49.40/xmerl_sax_std_suite.ibm-not-wf-p21-ibm21n03.html"></testcase><testcase group="testcases8.testcases25.testcases43" name="end_per_group" time="0.021679" timestamp="2012-11-19T15:50:42" log="/home/karl/tmp/otp_tests/logs/xmerl_test_logs/ct_run.ct@devbox.2012-11-19_15.49.06/tests.xmerl_test.logs/run.2012-11-19_15.49.40/xmerl_sax_std_suite.end_per_group.336642.256.html"></testcase><testcase group="testcases8.testcases25.testcases44" name="init_per_group" time="0.037792" timestamp="2012-11-19T15:50:42" log="/home/karl/tmp/otp_tests/logs/xmerl_test_logs/ct_run.ct@devbox.2012-11-19_15.49.06/tests.xmerl_test.logs/run.2012-11-19_15.49.40/xmerl_sax_std_suite.init_per_group.336642.322.html"></testcase><testcase group="testcases8.testcases25.testcases44" name="ibm-not-wf-P22-ibm22n01" time="0.047622" timestamp="2012-11-19T15:50:42" log="/home/karl/tmp/otp_tests/logs/xmerl_test_logs/ct_run.ct@devbox.2012-11-19_15.49.06/tests.xmerl_test.logs/run.2012-11-19_15.49.40/xmerl_sax_std_suite.ibm-not-wf-p22-ibm22n01.html"></testcase><testcase group="testcases8.testcases25.testcases44" name="ibm-not-wf-P22-ibm22n02" time="0.025313" timestamp="2012-11-19T15:50:42" log="/home/karl/tmp/otp_tests/logs/xmerl_test_logs/ct_run.ct@devbox.2012-11-19_15.49.06/tests.xmerl_test.logs/run.2012-11-19_15.49.40/xmerl_sax_std_suite.ibm-not-wf-p22-ibm22n02.html"></testcase><testcase group="testcases8.testcases25.testcases44" name="ibm-not-wf-P22-ibm22n03" time="0.014464" timestamp="2012-11-19T15:50:42" log="/home/karl/tmp/otp_tests/logs/xmerl_test_logs/ct_run.ct@devbox.2012-11-19_15.49.06/tests.xmerl_test.logs/run.2012-11-19_15.49.40/xmerl_sax_std_suite.ibm-not-wf-p22-ibm22n03.html"></testcase><testcase group="testcases8.testcases25.testcases44" name="end_per_group" time="0.042841" timestamp="2012-11-19T15:50:42" log="/home/karl/tmp/otp_tests/logs/xmerl_test_logs/ct_run.ct@devbox.2012-11-19_15.49.06/tests.xmerl_test.logs/run.2012-11-19_15.49.40/xmerl_sax_std_suite.end_per_group.336642.683.html"></testcase><testcase group="testcases8.testcases25.testcases45" name="init_per_group" time="0.034897" timestamp="2012-11-19T15:50:42" log="/home/karl/tmp/otp_tests/logs/xmerl_test_logs/ct_run.ct@devbox.2012-11-19_15.49.06/tests.xmerl_test.logs/run.2012-11-19_15.49.40/xmerl_sax_std_suite.init_per_group.336642.789.html"></testcase><testcase group="testcases8.testcases25.testcases45" name="ibm-not-wf-P23-ibm23n01" time="0.014819" timestamp="2012-11-19T15:50:42" log="/home/karl/tmp/otp_tests/logs/xmerl_test_logs/ct_run.ct@devbox.2012-11-19_15.49.06/tests.xmerl_test.logs/run.2012-11-19_15.49.40/xmerl_sax_std_suite.ibm-not-wf-p23-ibm23n01.html"></testcase><testcase group="testcases8.testcases25.testcases45" name="ibm-not-wf-P23-ibm23n02" time="0.016933" timestamp="2012-11-19T15:50:42" log="/home/karl/tmp/otp_tests/logs/xmerl_test_logs/ct_run.ct@devbox.2012-11-19_15.49.06/tests.xmerl_test.logs/run.2012-11-19_15.49.40/xmerl_sax_std_suite.ibm-not-wf-p23-ibm23n02.html"></testcase><testcase group="testcases8.testcases25.testcases45" name="ibm-not-wf-P23-ibm23n03" time="0.023694" timestamp="2012-11-19T15:50:43" log="/home/karl/tmp/otp_tests/logs/xmerl_test_logs/ct_run.ct@devbox.2012-11-19_15.49.06/tests.xmerl_test.logs/run.2012-11-19_15.49.40/xmerl_sax_std_suite.ibm-not-wf-p23-ibm23n03.html"></testcase><testcase group="testcases8.testcases25.testcases45" name="ibm-not-wf-P23-ibm23n04" time="0.041754" timestamp="2012-11-19T15:50:43" log="/home/karl/tmp/otp_tests/logs/xmerl_test_logs/ct_run.ct@devbox.2012-11-19_15.49.06/tests.xmerl_test.logs/run.2012-11-19_15.49.40/xmerl_sax_std_suite.ibm-not-wf-p23-ibm23n04.html"></testcase><testcase group="testcases8.testcases25.testcases45" name="ibm-not-wf-P23-ibm23n05" time="0.043508" timestamp="2012-11-19T15:50:43" log="/home/karl/tmp/otp_tests/logs/xmerl_test_logs/ct_run.ct@devbox.2012-11-19_15.49.06/tests.xmerl_test.logs/run.2012-11-19_15.49.40/xmerl_sax_std_suite.ibm-not-wf-p23-ibm23n05.html"></testcase><testcase group="testcases8.testcases25.testcases45" name="ibm-not-wf-P23-ibm23n06" time="0.023256" timestamp="2012-11-19T15:50:43" log="/home/karl/tmp/otp_tests/logs/xmerl_test_logs/ct_run.ct@devbox.2012-11-19_15.49.06/tests.xmerl_test.logs/run.2012-11-19_15.49.40/xmerl_sax_std_suite.ibm-not-wf-p23-ibm23n06.html"></testcase><testcase group="testcases8.testcases25.testcases45" name="end_per_group" time="0.013609" timestamp="2012-11-19T15:50:43" log="/home/karl/tmp/otp_tests/logs/xmerl_test_logs/ct_run.ct@devbox.2012-11-19_15.49.06/tests.xmerl_test.logs/run.2012-11-19_15.49.40/xmerl_sax_std_suite.end_per_group.336643.324.html"></testcase><testcase group="testcases8.testcases25.testcases46" name="init_per_group" time="0.015513" timestamp="2012-11-19T15:50:43" log="/home/karl/tmp/otp_tests/logs/xmerl_test_logs/ct_run.ct@devbox.2012-11-19_15.49.06/tests.xmerl_test.logs/run.2012-11-19_15.49.40/xmerl_sax_std_suite.init_per_group.336643.376.html"></testcase><testcase group="testcases8.testcases25.testcases46" name="ibm-not-wf-P24-ibm24n01" time="0.027256" timestamp="2012-11-19T15:50:43" log="/home/karl/tmp/otp_tests/logs/xmerl_test_logs/ct_run.ct@devbox.2012-11-19_15.49.06/tests.xmerl_test.logs/run.2012-11-19_15.49.40/xmerl_sax_std_suite.ibm-not-wf-p24-ibm24n01.html"><skipped type="skip" message="Test ibm-not-wf-P24-ibm24n01 in xmerl_sax_std_SUITE skipped!">{tc_user_skip,{skipped,&quot;NYI&quot;}}</skipped></testcase><testcase group="testcases8.testcases25.testcases46" name="ibm-not-wf-P24-ibm24n02" time="0.026001" timestamp="2012-11-19T15:50:43" log="/home/karl/tmp/otp_tests/logs/xmerl_test_logs/ct_run.ct@devbox.2012-11-19_15.49.06/tests.xmerl_test.logs/run.2012-11-19_15.49.40/xmerl_sax_std_suite.ibm-not-wf-p24-ibm24n02.html"><skipped type="skip" message="Test ibm-not-wf-P24-ibm24n02 in xmerl_sax_std_SUITE skipped!">{tc_user_skip,{skipped,&quot;NYI&quot;}}</skipped></testcase><testcase group="testcases8.testcases25.testcases46" name="ibm-not-wf-P24-ibm24n03" time="0.024175" timestamp="2012-11-19T15:50:43" log="/home/karl/tmp/otp_tests/logs/xmerl_test_logs/ct_run.ct@devbox.2012-11-19_15.49.06/tests.xmerl_test.logs/run.2012-11-19_15.49.40/xmerl_sax_std_suite.ibm-not-wf-p24-ibm24n03.html"><skipped type="skip" message="Test ibm-not-wf-P24-ibm24n03 in xmerl_sax_std_SUITE skipped!">{tc_user_skip,{skipped,&quot;NYI&quot;}}</skipped></testcase><testcase group="testcases8.testcases25.testcases46" name="ibm-not-wf-P24-ibm24n04" time="0.024369" timestamp="2012-11-19T15:50:43" log="/home/karl/tmp/otp_tests/logs/xmerl_test_logs/ct_run.ct@devbox.2012-11-19_15.49.06/tests.xmerl_test.logs/run.2012-11-19_15.49.40/xmerl_sax_std_suite.ibm-not-wf-p24-ibm24n04.html"></testcase><testcase group="testcases8.testcases25.testcases46" name="ibm-not-wf-P24-ibm24n05" time="0.030740" timestamp="2012-11-19T15:50:43" log="/home/karl/tmp/otp_tests/logs/xmerl_test_logs/ct_run.ct@devbox.2012-11-19_15.49.06/tests.xmerl_test.logs/run.2012-11-19_15.49.40/xmerl_sax_std_suite.ibm-not-wf-p24-ibm24n05.html"><skipped type="skip" message="Test ibm-not-wf-P24-ibm24n05 in xmerl_sax_std_SUITE skipped!">{tc_user_skip,{skipped,&quot;NYI&quot;}}</skipped></testcase><testcase group="testcases8.testcases25.testcases46" name="ibm-not-wf-P24-ibm24n06" time="0.017793" timestamp="2012-11-19T15:50:44" log="/home/karl/tmp/otp_tests/logs/xmerl_test_logs/ct_run.ct@devbox.2012-11-19_15.49.06/tests.xmerl_test.logs/run.2012-11-19_15.49.40/xmerl_sax_std_suite.ibm-not-wf-p24-ibm24n06.html"></testcase><testcase group="testcases8.testcases25.testcases46" name="ibm-not-wf-P24-ibm24n07" time="0.015967" timestamp="2012-11-19T15:50:44" log="/home/karl/tmp/otp_tests/logs/xmerl_test_logs/ct_run.ct@devbox.2012-11-19_15.49.06/tests.xmerl_test.logs/run.2012-11-19_15.49.40/xmerl_sax_std_suite.ibm-not-wf-p24-ibm24n07.html"><skipped type="skip" message="Test ibm-not-wf-P24-ibm24n07 in xmerl_sax_std_SUITE skipped!">{tc_user_skip,{skipped,&quot;NYI&quot;}}</skipped></testcase><testcase group="testcases8.testcases25.testcases46" name="ibm-not-wf-P24-ibm24n08" time="0.016800" timestamp="2012-11-19T15:50:44" log="/home/karl/tmp/otp_tests/logs/xmerl_test_logs/ct_run.ct@devbox.2012-11-19_15.49.06/tests.xmerl_test.logs/run.2012-11-19_15.49.40/xmerl_sax_std_suite.ibm-not-wf-p24-ibm24n08.html"><skipped type="skip" message="Test ibm-not-wf-P24-ibm24n08 in xmerl_sax_std_SUITE skipped!">{tc_user_skip,{skipped,&quot;NYI&quot;}}</skipped></testcase><testcase group="testcases8.testcases25.testcases46" name="ibm-not-wf-P24-ibm24n09" time="0.016016" timestamp="2012-11-19T15:50:44" log="/home/karl/tmp/otp_tests/logs/xmerl_test_logs/ct_run.ct@devbox.2012-11-19_15.49.06/tests.xmerl_test.logs/run.2012-11-19_15.49.40/xmerl_sax_std_suite.ibm-not-wf-p24-ibm24n09.html"><skipped type="skip" message="Test ibm-not-wf-P24-ibm24n09 in xmerl_sax_std_SUITE skipped!">{tc_user_skip,{skipped,&quot;NYI&quot;}}</skipped></testcase><testcase group="testcases8.testcases25.testcases46" name="end_per_group" time="0.015962" timestamp="2012-11-19T15:50:44" log="/home/karl/tmp/otp_tests/logs/xmerl_test_logs/ct_run.ct@devbox.2012-11-19_15.49.06/tests.xmerl_test.logs/run.2012-11-19_15.49.40/xmerl_sax_std_suite.end_per_group.336644.309.html"></testcase><testcase group="testcases8.testcases25.testcases47" name="init_per_group" time="0.020802" timestamp="2012-11-19T15:50:44" log="/home/karl/tmp/otp_tests/logs/xmerl_test_logs/ct_run.ct@devbox.2012-11-19_15.49.06/tests.xmerl_test.logs/run.2012-11-19_15.49.40/xmerl_sax_std_suite.init_per_group.336644.370.html"></testcase><testcase group="testcases8.testcases25.testcases47" name="ibm-not-wf-P25-ibm25n01" time="0.021759" timestamp="2012-11-19T15:50:44" log="/home/karl/tmp/otp_tests/logs/xmerl_test_logs/ct_run.ct@devbox.2012-11-19_15.49.06/tests.xmerl_test.logs/run.2012-11-19_15.49.40/xmerl_sax_std_suite.ibm-not-wf-p25-ibm25n01.html"><skipped type="skip" message="Test ibm-not-wf-P25-ibm25n01 in xmerl_sax_std_SUITE skipped!">{tc_user_skip,{skipped,&quot;NYI&quot;}}</skipped></testcase><testcase group="testcases8.testcases25.testcases47" name="ibm-not-wf-P25-ibm25n02" time="0.013883" timestamp="2012-11-19T15:50:44" log="/home/karl/tmp/otp_tests/logs/xmerl_test_logs/ct_run.ct@devbox.2012-11-19_15.49.06/tests.xmerl_test.logs/run.2012-11-19_15.49.40/xmerl_sax_std_suite.ibm-not-wf-p25-ibm25n02.html"><skipped type="skip" message="Test ibm-not-wf-P25-ibm25n02 in xmerl_sax_std_SUITE skipped!">{tc_user_skip,{skipped,&quot;NYI&quot;}}</skipped></testcase><testcase group="testcases8.testcases25.testcases47" name="end_per_group" time="0.014068" timestamp="2012-11-19T15:50:44" log="/home/karl/tmp/otp_tests/logs/xmerl_test_logs/ct_run.ct@devbox.2012-11-19_15.49.06/tests.xmerl_test.logs/run.2012-11-19_15.49.40/xmerl_sax_std_suite.end_per_group.336644.606.html"></testcase><testcase group="testcases8.testcases25.testcases48" name="init_per_group" time="0.016161" timestamp="2012-11-19T15:50:44" log="/home/karl/tmp/otp_tests/logs/xmerl_test_logs/ct_run.ct@devbox.2012-11-19_15.49.06/tests.xmerl_test.logs/run.2012-11-19_15.49.40/xmerl_sax_std_suite.init_per_group.336644.657.html"></testcase><testcase group="testcases8.testcases25.testcases48" name="ibm-not-wf-P26-ibm26n01" time="0.021898" timestamp="2012-11-19T15:50:44" log="/home/karl/tmp/otp_tests/logs/xmerl_test_logs/ct_run.ct@devbox.2012-11-19_15.49.06/tests.xmerl_test.logs/run.2012-11-19_15.49.40/xmerl_sax_std_suite.ibm-not-wf-p26-ibm26n01.html"><skipped type="skip" message="Test ibm-not-wf-P26-ibm26n01 in xmerl_sax_std_SUITE skipped!">{tc_user_skip,{skipped,&quot;NYI&quot;}}</skipped></testcase><testcase group="testcases8.testcases25.testcases48" name="end_per_group" time="0.021079" timestamp="2012-11-19T15:50:44" log="/home/karl/tmp/otp_tests/logs/xmerl_test_logs/ct_run.ct@devbox.2012-11-19_15.49.06/tests.xmerl_test.logs/run.2012-11-19_15.49.40/xmerl_sax_std_suite.end_per_group.336644.797.html"></testcase><testcase group="testcases8.testcases25.testcases49" name="init_per_group" time="0.015518" timestamp="2012-11-19T15:50:44" log="/home/karl/tmp/otp_tests/logs/xmerl_test_logs/ct_run.ct@devbox.2012-11-19_15.49.06/tests.xmerl_test.logs/run.2012-11-19_15.49.40/xmerl_sax_std_suite.init_per_group.336644.856.html"></testcase><testcase group="testcases8.testcases25.testcases49" name="ibm-not-wf-P27-ibm27n01" time="0.016601" timestamp="2012-11-19T15:50:44" log="/home/karl/tmp/otp_tests/logs/xmerl_test_logs/ct_run.ct@devbox.2012-11-19_15.49.06/tests.xmerl_test.logs/run.2012-11-19_15.49.40/xmerl_sax_std_suite.ibm-not-wf-p27-ibm27n01.html"></testcase><testcase group="testcases8.testcases25.testcases49" name="end_per_group" time="0.022909" timestamp="2012-11-19T15:50:44" log="/home/karl/tmp/otp_tests/logs/xmerl_test_logs/ct_run.ct@devbox.2012-11-19_15.49.06/tests.xmerl_test.logs/run.2012-11-19_15.49.40/xmerl_sax_std_suite.end_per_group.336644.971.html"></testcase><testcase group="testcases8.testcases25.testcases50" name="init_per_group" time="0.014535" timestamp="2012-11-19T15:50:45" log="/home/karl/tmp/otp_tests/logs/xmerl_test_logs/ct_run.ct@devbox.2012-11-19_15.49.06/tests.xmerl_test.logs/run.2012-11-19_15.49.40/xmerl_sax_std_suite.init_per_group.336645.32.html"></testcase><testcase group="testcases8.testcases25.testcases50" name="ibm-not-wf-P28-ibm28n01" time="0.018199" timestamp="2012-11-19T15:50:45" log="/home/karl/tmp/otp_tests/logs/xmerl_test_logs/ct_run.ct@devbox.2012-11-19_15.49.06/tests.xmerl_test.logs/run.2012-11-19_15.49.40/xmerl_sax_std_suite.ibm-not-wf-p28-ibm28n01.html"></testcase><testcase group="testcases8.testcases25.testcases50" name="ibm-not-wf-P28-ibm28n02" time="0.022799" timestamp="2012-11-19T15:50:45" log="/home/karl/tmp/otp_tests/logs/xmerl_test_logs/ct_run.ct@devbox.2012-11-19_15.49.06/tests.xmerl_test.logs/run.2012-11-19_15.49.40/xmerl_sax_std_suite.ibm-not-wf-p28-ibm28n02.html"></testcase><testcase group="testcases8.testcases25.testcases50" name="ibm-not-wf-P28-ibm28n03" time="0.017122" timestamp="2012-11-19T15:50:45" log="/home/karl/tmp/otp_tests/logs/xmerl_test_logs/ct_run.ct@devbox.2012-11-19_15.49.06/tests.xmerl_test.logs/run.2012-11-19_15.49.40/xmerl_sax_std_suite.ibm-not-wf-p28-ibm28n03.html"></testcase><testcase group="testcases8.testcases25.testcases50" name="ibm-not-wf-P28-ibm28n04" time="0.016835" timestamp="2012-11-19T15:50:45" log="/home/karl/tmp/otp_tests/logs/xmerl_test_logs/ct_run.ct@devbox.2012-11-19_15.49.06/tests.xmerl_test.logs/run.2012-11-19_15.49.40/xmerl_sax_std_suite.ibm-not-wf-p28-ibm28n04.html"></testcase><testcase group="testcases8.testcases25.testcases50" name="ibm-not-wf-P28-ibm28n05" time="0.023784" timestamp="2012-11-19T15:50:45" log="/home/karl/tmp/otp_tests/logs/xmerl_test_logs/ct_run.ct@devbox.2012-11-19_15.49.06/tests.xmerl_test.logs/run.2012-11-19_15.49.40/xmerl_sax_std_suite.ibm-not-wf-p28-ibm28n05.html"></testcase><testcase group="testcases8.testcases25.testcases50" name="ibm-not-wf-P28-ibm28n06" time="0.015984" timestamp="2012-11-19T15:50:45" log="/home/karl/tmp/otp_tests/logs/xmerl_test_logs/ct_run.ct@devbox.2012-11-19_15.49.06/tests.xmerl_test.logs/run.2012-11-19_15.49.40/xmerl_sax_std_suite.ibm-not-wf-p28-ibm28n06.html"></testcase><testcase group="testcases8.testcases25.testcases50" name="ibm-not-wf-P28-ibm28n07" time="0.017201" timestamp="2012-11-19T15:50:45" log="/home/karl/tmp/otp_tests/logs/xmerl_test_logs/ct_run.ct@devbox.2012-11-19_15.49.06/tests.xmerl_test.logs/run.2012-11-19_15.49.40/xmerl_sax_std_suite.ibm-not-wf-p28-ibm28n07.html"></testcase><testcase group="testcases8.testcases25.testcases50" name="ibm-not-wf-P28-ibm28n08" time="0.023256" timestamp="2012-11-19T15:50:45" log="/home/karl/tmp/otp_tests/logs/xmerl_test_logs/ct_run.ct@devbox.2012-11-19_15.49.06/tests.xmerl_test.logs/run.2012-11-19_15.49.40/xmerl_sax_std_suite.ibm-not-wf-p28-ibm28n08.html"></testcase><testcase group="testcases8.testcases25.testcases50" name="end_per_group" time="0.013322" timestamp="2012-11-19T15:50:45" log="/home/karl/tmp/otp_tests/logs/xmerl_test_logs/ct_run.ct@devbox.2012-11-19_15.49.06/tests.xmerl_test.logs/run.2012-11-19_15.49.40/xmerl_sax_std_suite.end_per_group.336645.573.html"></testcase><testcase group="testcases8.testcases25.testcases51" name="init_per_group" time="0.015877" timestamp="2012-11-19T15:50:45" log="/home/karl/tmp/otp_tests/logs/xmerl_test_logs/ct_run.ct@devbox.2012-11-19_15.49.06/tests.xmerl_test.logs/run.2012-11-19_15.49.40/xmerl_sax_std_suite.init_per_group.336645.623.html"></testcase><testcase group="testcases8.testcases25.testcases51" name="ibm-not-wf-p28a-ibm28an01" time="0.022521" timestamp="2012-11-19T15:50:45" log="/home/karl/tmp/otp_tests/logs/xmerl_test_logs/ct_run.ct@devbox.2012-11-19_15.49.06/tests.xmerl_test.logs/run.2012-11-19_15.49.40/xmerl_sax_std_suite.ibm-not-wf-p28a-ibm28an01.html"><skipped type="skip" message="Test ibm-not-wf-p28a-ibm28an01 in xmerl_sax_std_SUITE skipped!">{tc_user_skip,{skipped,&quot;NYI&quot;}}</skipped></testcase><testcase group="testcases8.testcases25.testcases51" name="end_per_group" time="0.022505" timestamp="2012-11-19T15:50:45" log="/home/karl/tmp/otp_tests/logs/xmerl_test_logs/ct_run.ct@devbox.2012-11-19_15.49.06/tests.xmerl_test.logs/run.2012-11-19_15.49.40/xmerl_sax_std_suite.end_per_group.336645.763.html"></testcase><testcase group="testcases8.testcases25.testcases52" name="init_per_group" time="0.013767" timestamp="2012-11-19T15:50:45" log="/home/karl/tmp/otp_tests/logs/xmerl_test_logs/ct_run.ct@devbox.2012-11-19_15.49.06/tests.xmerl_test.logs/run.2012-11-19_15.49.40/xmerl_sax_std_suite.init_per_group.336645.824.html"></testcase><testcase group="testcases8.testcases25.testcases52" name="ibm-not-wf-P29-ibm29n01" time="0.016457" timestamp="2012-11-19T15:50:45" log="/home/karl/tmp/otp_tests/logs/xmerl_test_logs/ct_run.ct@devbox.2012-11-19_15.49.06/tests.xmerl_test.logs/run.2012-11-19_15.49.40/xmerl_sax_std_suite.ibm-not-wf-p29-ibm29n01.html"></testcase><testcase group="testcases8.testcases25.testcases52" name="ibm-not-wf-P29-ibm29n02" time="0.024313" timestamp="2012-11-19T15:50:45" log="/home/karl/tmp/otp_tests/logs/xmerl_test_logs/ct_run.ct@devbox.2012-11-19_15.49.06/tests.xmerl_test.logs/run.2012-11-19_15.49.40/xmerl_sax_std_suite.ibm-not-wf-p29-ibm29n02.html"></testcase><testcase group="testcases8.testcases25.testcases52" name="ibm-not-wf-P29-ibm29n03" time="0.015534" timestamp="2012-11-19T15:50:46" log="/home/karl/tmp/otp_tests/logs/xmerl_test_logs/ct_run.ct@devbox.2012-11-19_15.49.06/tests.xmerl_test.logs/run.2012-11-19_15.49.40/xmerl_sax_std_suite.ibm-not-wf-p29-ibm29n03.html"></testcase><testcase group="testcases8.testcases25.testcases52" name="ibm-not-wf-P29-ibm29n04" time="0.018040" timestamp="2012-11-19T15:50:46" log="/home/karl/tmp/otp_tests/logs/xmerl_test_logs/ct_run.ct@devbox.2012-11-19_15.49.06/tests.xmerl_test.logs/run.2012-11-19_15.49.40/xmerl_sax_std_suite.ibm-not-wf-p29-ibm29n04.html"></testcase><testcase group="testcases8.testcases25.testcases52" name="ibm-not-wf-P29-ibm29n05" time="0.022941" timestamp="2012-11-19T15:50:46" log="/home/karl/tmp/otp_tests/logs/xmerl_test_logs/ct_run.ct@devbox.2012-11-19_15.49.06/tests.xmerl_test.logs/run.2012-11-19_15.49.40/xmerl_sax_std_suite.ibm-not-wf-p29-ibm29n05.html"></testcase><testcase group="testcases8.testcases25.testcases52" name="ibm-not-wf-P29-ibm29n06" time="0.014491" timestamp="2012-11-19T15:50:46" log="/home/karl/tmp/otp_tests/logs/xmerl_test_logs/ct_run.ct@devbox.2012-11-19_15.49.06/tests.xmerl_test.logs/run.2012-11-19_15.49.40/xmerl_sax_std_suite.ibm-not-wf-p29-ibm29n06.html"></testcase><testcase group="testcases8.testcases25.testcases52" name="ibm-not-wf-P29-ibm29n07" time="0.016580" timestamp="2012-11-19T15:50:46" log="/home/karl/tmp/otp_tests/logs/xmerl_test_logs/ct_run.ct@devbox.2012-11-19_15.49.06/tests.xmerl_test.logs/run.2012-11-19_15.49.40/xmerl_sax_std_suite.ibm-not-wf-p29-ibm29n07.html"></testcase><testcase group="testcases8.testcases25.testcases52" name="end_per_group" time="0.024205" timestamp="2012-11-19T15:50:46" log="/home/karl/tmp/otp_tests/logs/xmerl_test_logs/ct_run.ct@devbox.2012-11-19_15.49.06/tests.xmerl_test.logs/run.2012-11-19_15.49.40/xmerl_sax_std_suite.end_per_group.336646.296.html"></testcase><testcase group="testcases8.testcases25.testcases53" name="init_per_group" time="0.014009" timestamp="2012-11-19T15:50:46" log="/home/karl/tmp/otp_tests/logs/xmerl_test_logs/ct_run.ct@devbox.2012-11-19_15.49.06/tests.xmerl_test.logs/run.2012-11-19_15.49.40/xmerl_sax_std_suite.init_per_group.336646.357.html"></testcase><testcase group="testcases8.testcases25.testcases53" name="ibm-not-wf-P30-ibm30n01" time="0.020001" timestamp="2012-11-19T15:50:46" log="/home/karl/tmp/otp_tests/logs/xmerl_test_logs/ct_run.ct@devbox.2012-11-19_15.49.06/tests.xmerl_test.logs/run.2012-11-19_15.49.40/xmerl_sax_std_suite.ibm-not-wf-p30-ibm30n01.html"></testcase><testcase group="testcases8.testcases25.testcases53" name="end_per_group" time="0.035874" timestamp="2012-11-19T15:50:46" log="/home/karl/tmp/otp_tests/logs/xmerl_test_logs/ct_run.ct@devbox.2012-11-19_15.49.06/tests.xmerl_test.logs/run.2012-11-19_15.49.40/xmerl_sax_std_suite.end_per_group.336646.475.html"></testcase><testcase group="testcases8.testcases25.testcases54" name="init_per_group" time="0.015366" timestamp="2012-11-19T15:50:46" log="/home/karl/tmp/otp_tests/logs/xmerl_test_logs/ct_run.ct@devbox.2012-11-19_15.49.06/tests.xmerl_test.logs/run.2012-11-19_15.49.40/xmerl_sax_std_suite.init_per_group.336646.551.html"></testcase><testcase group="testcases8.testcases25.testcases54" name="ibm-not-wf-P31-ibm31n01" time="0.018913" timestamp="2012-11-19T15:50:46" log="/home/karl/tmp/otp_tests/logs/xmerl_test_logs/ct_run.ct@devbox.2012-11-19_15.49.06/tests.xmerl_test.logs/run.2012-11-19_15.49.40/xmerl_sax_std_suite.ibm-not-wf-p31-ibm31n01.html"></testcase><testcase group="testcases8.testcases25.testcases54" name="end_per_group" time="0.024267" timestamp="2012-11-19T15:50:46" log="/home/karl/tmp/otp_tests/logs/xmerl_test_logs/ct_run.ct@devbox.2012-11-19_15.49.06/tests.xmerl_test.logs/run.2012-11-19_15.49.40/xmerl_sax_std_suite.end_per_group.336646.671.html"></testcase><testcase group="testcases8.testcases25.testcases55" name="init_per_group" time="0.017888" timestamp="2012-11-19T15:50:46" log="/home/karl/tmp/otp_tests/logs/xmerl_test_logs/ct_run.ct@devbox.2012-11-19_15.49.06/tests.xmerl_test.logs/run.2012-11-19_15.49.40/xmerl_sax_std_suite.init_per_group.336646.734.html"></testcase><testcase group="testcases8.testcases25.testcases55" name="ibm-not-wf-P32-ibm32n01" time="0.018146" timestamp="2012-11-19T15:50:46" log="/home/karl/tmp/otp_tests/logs/xmerl_test_logs/ct_run.ct@devbox.2012-11-19_15.49.06/tests.xmerl_test.logs/run.2012-11-19_15.49.40/xmerl_sax_std_suite.ibm-not-wf-p32-ibm32n01.html"></testcase><testcase group="testcases8.testcases25.testcases55" name="ibm-not-wf-P32-ibm32n02" time="0.022991" timestamp="2012-11-19T15:50:46" log="/home/karl/tmp/otp_tests/logs/xmerl_test_logs/ct_run.ct@devbox.2012-11-19_15.49.06/tests.xmerl_test.logs/run.2012-11-19_15.49.40/xmerl_sax_std_suite.ibm-not-wf-p32-ibm32n02.html"><skipped type="skip" message="Test ibm-not-wf-P32-ibm32n02 in xmerl_sax_std_SUITE skipped!">{tc_user_skip,{skipped,&quot;NYI&quot;}}</skipped></testcase><testcase group="testcases8.testcases25.testcases55" name="ibm-not-wf-P32-ibm32n03" time="0.024299" timestamp="2012-11-19T15:50:46" log="/home/karl/tmp/otp_tests/logs/xmerl_test_logs/ct_run.ct@devbox.2012-11-19_15.49.06/tests.xmerl_test.logs/run.2012-11-19_15.49.40/xmerl_sax_std_suite.ibm-not-wf-p32-ibm32n03.html"></testcase><testcase group="testcases8.testcases25.testcases55" name="ibm-not-wf-P32-ibm32n04" time="0.015550" timestamp="2012-11-19T15:50:47" log="/home/karl/tmp/otp_tests/logs/xmerl_test_logs/ct_run.ct@devbox.2012-11-19_15.49.06/tests.xmerl_test.logs/run.2012-11-19_15.49.40/xmerl_sax_std_suite.ibm-not-wf-p32-ibm32n04.html"></testcase><testcase group="testcases8.testcases25.testcases55" name="ibm-not-wf-P32-ibm32n05" time="0.018601" timestamp="2012-11-19T15:50:47" log="/home/karl/tmp/otp_tests/logs/xmerl_test_logs/ct_run.ct@devbox.2012-11-19_15.49.06/tests.xmerl_test.logs/run.2012-11-19_15.49.40/xmerl_sax_std_suite.ibm-not-wf-p32-ibm32n05.html"></testcase><testcase group="testcases8.testcases25.testcases55" name="ibm-not-wf-P32-ibm32n06" time="0.024247" timestamp="2012-11-19T15:50:47" log="/home/karl/tmp/otp_tests/logs/xmerl_test_logs/ct_run.ct@devbox.2012-11-19_15.49.06/tests.xmerl_test.logs/run.2012-11-19_15.49.40/xmerl_sax_std_suite.ibm-not-wf-p32-ibm32n06.html"></testcase><testcase group="testcases8.testcases25.testcases55" name="ibm-not-wf-P32-ibm32n07" time="0.014203" timestamp="2012-11-19T15:50:47" log="/home/karl/tmp/otp_tests/logs/xmerl_test_logs/ct_run.ct@devbox.2012-11-19_15.49.06/tests.xmerl_test.logs/run.2012-11-19_15.49.40/xmerl_sax_std_suite.ibm-not-wf-p32-ibm32n07.html"></testcase><testcase group="testcases8.testcases25.testcases55" name="ibm-not-wf-P32-ibm32n08" time="0.018202" timestamp="2012-11-19T15:50:47" log="/home/karl/tmp/otp_tests/logs/xmerl_test_logs/ct_run.ct@devbox.2012-11-19_15.49.06/tests.xmerl_test.logs/run.2012-11-19_15.49.40/xmerl_sax_std_suite.ibm-not-wf-p32-ibm32n08.html"><skipped type="skip" message="Test ibm-not-wf-P32-ibm32n08 in xmerl_sax_std_SUITE skipped!">{tc_user_skip,{skipped,&quot;NYI&quot;}}</skipped></testcase><testcase group="testcases8.testcases25.testcases55" name="ibm-not-wf-P32-ibm32n09" time="0.016828" timestamp="2012-11-19T15:50:47" log="/home/karl/tmp/otp_tests/logs/xmerl_test_logs/ct_run.ct@devbox.2012-11-19_15.49.06/tests.xmerl_test.logs/run.2012-11-19_15.49.40/xmerl_sax_std_suite.ibm-not-wf-p32-ibm32n09.html"><skipped type="skip" message="Test ibm-not-wf-P32-ibm32n09 in xmerl_sax_std_SUITE skipped!">{tc_user_skip,{skipped,&quot;NYI&quot;}}</skipped></testcase><testcase group="testcases8.testcases25.testcases55" name="end_per_group" time="0.017307" timestamp="2012-11-19T15:50:47" log="/home/karl/tmp/otp_tests/logs/xmerl_test_logs/ct_run.ct@devbox.2012-11-19_15.49.06/tests.xmerl_test.logs/run.2012-11-19_15.49.40/xmerl_sax_std_suite.end_per_group.336647.399.html"></testcase><testcase group="testcases8.testcases25.testcases56" name="init_per_group" time="0.023663" timestamp="2012-11-19T15:50:47" log="/home/karl/tmp/otp_tests/logs/xmerl_test_logs/ct_run.ct@devbox.2012-11-19_15.49.06/tests.xmerl_test.logs/run.2012-11-19_15.49.40/xmerl_sax_std_suite.init_per_group.336647.461.html"></testcase><testcase group="testcases8.testcases25.testcases56" name="ibm-not-wf-P39-ibm39n01" time="0.017361" timestamp="2012-11-19T15:50:47" log="/home/karl/tmp/otp_tests/logs/xmerl_test_logs/ct_run.ct@devbox.2012-11-19_15.49.06/tests.xmerl_test.logs/run.2012-11-19_15.49.40/xmerl_sax_std_suite.ibm-not-wf-p39-ibm39n01.html"></testcase><testcase group="testcases8.testcases25.testcases56" name="ibm-not-wf-P39-ibm39n02" time="0.017629" timestamp="2012-11-19T15:50:47" log="/home/karl/tmp/otp_tests/logs/xmerl_test_logs/ct_run.ct@devbox.2012-11-19_15.49.06/tests.xmerl_test.logs/run.2012-11-19_15.49.40/xmerl_sax_std_suite.ibm-not-wf-p39-ibm39n02.html"></testcase><testcase group="testcases8.testcases25.testcases56" name="ibm-not-wf-P39-ibm39n03" time="0.025438" timestamp="2012-11-19T15:50:47" log="/home/karl/tmp/otp_tests/logs/xmerl_test_logs/ct_run.ct@devbox.2012-11-19_15.49.06/tests.xmerl_test.logs/run.2012-11-19_15.49.40/xmerl_sax_std_suite.ibm-not-wf-p39-ibm39n03.html"></testcase><testcase group="testcases8.testcases25.testcases56" name="ibm-not-wf-P39-ibm39n04" time="0.019931" timestamp="2012-11-19T15:50:47" log="/home/karl/tmp/otp_tests/logs/xmerl_test_logs/ct_run.ct@devbox.2012-11-19_15.49.06/tests.xmerl_test.logs/run.2012-11-19_15.49.40/xmerl_sax_std_suite.ibm-not-wf-p39-ibm39n04.html"></testcase><testcase group="testcases8.testcases25.testcases56" name="ibm-not-wf-P39-ibm39n05" time="0.017396" timestamp="2012-11-19T15:50:47" log="/home/karl/tmp/otp_tests/logs/xmerl_test_logs/ct_run.ct@devbox.2012-11-19_15.49.06/tests.xmerl_test.logs/run.2012-11-19_15.49.40/xmerl_sax_std_suite.ibm-not-wf-p39-ibm39n05.html"></testcase><testcase group="testcases8.testcases25.testcases56" name="ibm-not-wf-P39-ibm39n06" time="0.023352" timestamp="2012-11-19T15:50:47" log="/home/karl/tmp/otp_tests/logs/xmerl_test_logs/ct_run.ct@devbox.2012-11-19_15.49.06/tests.xmerl_test.logs/run.2012-11-19_15.49.40/xmerl_sax_std_suite.ibm-not-wf-p39-ibm39n06.html"></testcase><testcase group="testcases8.testcases25.testcases56" name="end_per_group" time="0.014485" timestamp="2012-11-19T15:50:47" log="/home/karl/tmp/otp_tests/logs/xmerl_test_logs/ct_run.ct@devbox.2012-11-19_15.49.06/tests.xmerl_test.logs/run.2012-11-19_15.49.40/xmerl_sax_std_suite.end_per_group.336647.900.html"></testcase><testcase group="testcases8.testcases25.testcases57" name="init_per_group" time="0.016085" timestamp="2012-11-19T15:50:47" log="/home/karl/tmp/otp_tests/logs/xmerl_test_logs/ct_run.ct@devbox.2012-11-19_15.49.06/tests.xmerl_test.logs/run.2012-11-19_15.49.40/xmerl_sax_std_suite.init_per_group.336647.953.html"></testcase><testcase group="testcases8.testcases25.testcases57" name="ibm-not-wf-P40-ibm40n01" time="0.026141" timestamp="2012-11-19T15:50:48" log="/home/karl/tmp/otp_tests/logs/xmerl_test_logs/ct_run.ct@devbox.2012-11-19_15.49.06/tests.xmerl_test.logs/run.2012-11-19_15.49.40/xmerl_sax_std_suite.ibm-not-wf-p40-ibm40n01.html"></testcase><testcase group="testcases8.testcases25.testcases57" name="ibm-not-wf-P40-ibm40n02" time="0.016356" timestamp="2012-11-19T15:50:48" log="/home/karl/tmp/otp_tests/logs/xmerl_test_logs/ct_run.ct@devbox.2012-11-19_15.49.06/tests.xmerl_test.logs/run.2012-11-19_15.49.40/xmerl_sax_std_suite.ibm-not-wf-p40-ibm40n02.html"></testcase><testcase group="testcases8.testcases25.testcases57" name="ibm-not-wf-P40-ibm40n03" time="0.018806" timestamp="2012-11-19T15:50:48" log="/home/karl/tmp/otp_tests/logs/xmerl_test_logs/ct_run.ct@devbox.2012-11-19_15.49.06/tests.xmerl_test.logs/run.2012-11-19_15.49.40/xmerl_sax_std_suite.ibm-not-wf-p40-ibm40n03.html"></testcase><testcase group="testcases8.testcases25.testcases57" name="ibm-not-wf-P40-ibm40n04" time="0.023804" timestamp="2012-11-19T15:50:48" log="/home/karl/tmp/otp_tests/logs/xmerl_test_logs/ct_run.ct@devbox.2012-11-19_15.49.06/tests.xmerl_test.logs/run.2012-11-19_15.49.40/xmerl_sax_std_suite.ibm-not-wf-p40-ibm40n04.html"></testcase><testcase group="testcases8.testcases25.testcases57" name="ibm-not-wf-P40-ibm40n05" time="0.014472" timestamp="2012-11-19T15:50:48" log="/home/karl/tmp/otp_tests/logs/xmerl_test_logs/ct_run.ct@devbox.2012-11-19_15.49.06/tests.xmerl_test.logs/run.2012-11-19_15.49.40/xmerl_sax_std_suite.ibm-not-wf-p40-ibm40n05.html"></testcase><testcase group="testcases8.testcases25.testcases57" name="end_per_group" time="0.016647" timestamp="2012-11-19T15:50:48" log="/home/karl/tmp/otp_tests/logs/xmerl_test_logs/ct_run.ct@devbox.2012-11-19_15.49.06/tests.xmerl_test.logs/run.2012-11-19_15.49.40/xmerl_sax_std_suite.end_per_group.336648.313.html"></testcase><testcase group="testcases8.testcases25.testcases58" name="init_per_group" time="0.023183" timestamp="2012-11-19T15:50:48" log="/home/karl/tmp/otp_tests/logs/xmerl_test_logs/ct_run.ct@devbox.2012-11-19_15.49.06/tests.xmerl_test.logs/run.2012-11-19_15.49.40/xmerl_sax_std_suite.init_per_group.336648.377.html"></testcase><testcase group="testcases8.testcases25.testcases58" name="ibm-not-wf-P41-ibm41n01" time="0.016436" timestamp="2012-11-19T15:50:48" log="/home/karl/tmp/otp_tests/logs/xmerl_test_logs/ct_run.ct@devbox.2012-11-19_15.49.06/tests.xmerl_test.logs/run.2012-11-19_15.49.40/xmerl_sax_std_suite.ibm-not-wf-p41-ibm41n01.html"></testcase><testcase group="testcases8.testcases25.testcases58" name="ibm-not-wf-P41-ibm41n02" time="0.031727" timestamp="2012-11-19T15:50:48" log="/home/karl/tmp/otp_tests/logs/xmerl_test_logs/ct_run.ct@devbox.2012-11-19_15.49.06/tests.xmerl_test.logs/run.2012-11-19_15.49.40/xmerl_sax_std_suite.ibm-not-wf-p41-ibm41n02.html"></testcase><testcase group="testcases8.testcases25.testcases58" name="ibm-not-wf-P41-ibm41n03" time="0.029766" timestamp="2012-11-19T15:50:48" log="/home/karl/tmp/otp_tests/logs/xmerl_test_logs/ct_run.ct@devbox.2012-11-19_15.49.06/tests.xmerl_test.logs/run.2012-11-19_15.49.40/xmerl_sax_std_suite.ibm-not-wf-p41-ibm41n03.html"></testcase><testcase group="testcases8.testcases25.testcases58" name="ibm-not-wf-P41-ibm41n04" time="0.015915" timestamp="2012-11-19T15:50:48" log="/home/karl/tmp/otp_tests/logs/xmerl_test_logs/ct_run.ct@devbox.2012-11-19_15.49.06/tests.xmerl_test.logs/run.2012-11-19_15.49.40/xmerl_sax_std_suite.ibm-not-wf-p41-ibm41n04.html"></testcase><testcase group="testcases8.testcases25.testcases58" name="ibm-not-wf-P41-ibm41n05" time="0.018338" timestamp="2012-11-19T15:50:48" log="/home/karl/tmp/otp_tests/logs/xmerl_test_logs/ct_run.ct@devbox.2012-11-19_15.49.06/tests.xmerl_test.logs/run.2012-11-19_15.49.40/xmerl_sax_std_suite.ibm-not-wf-p41-ibm41n05.html"></testcase><testcase group="testcases8.testcases25.testcases58" name="ibm-not-wf-P41-ibm41n06" time="0.025446" timestamp="2012-11-19T15:50:48" log="/home/karl/tmp/otp_tests/logs/xmerl_test_logs/ct_run.ct@devbox.2012-11-19_15.49.06/tests.xmerl_test.logs/run.2012-11-19_15.49.40/xmerl_sax_std_suite.ibm-not-wf-p41-ibm41n06.html"></testcase><testcase group="testcases8.testcases25.testcases58" name="ibm-not-wf-P41-ibm41n07" time="0.017143" timestamp="2012-11-19T15:50:48" log="/home/karl/tmp/otp_tests/logs/xmerl_test_logs/ct_run.ct@devbox.2012-11-19_15.49.06/tests.xmerl_test.logs/run.2012-11-19_15.49.40/xmerl_sax_std_suite.ibm-not-wf-p41-ibm41n07.html"></testcase><testcase group="testcases8.testcases25.testcases58" name="ibm-not-wf-P41-ibm41n08" time="0.017581" timestamp="2012-11-19T15:50:48" log="/home/karl/tmp/otp_tests/logs/xmerl_test_logs/ct_run.ct@devbox.2012-11-19_15.49.06/tests.xmerl_test.logs/run.2012-11-19_15.49.40/xmerl_sax_std_suite.ibm-not-wf-p41-ibm41n08.html"></testcase><testcase group="testcases8.testcases25.testcases58" name="ibm-not-wf-P41-ibm41n09" time="0.114401" timestamp="2012-11-19T15:50:48" log="/home/karl/tmp/otp_tests/logs/xmerl_test_logs/ct_run.ct@devbox.2012-11-19_15.49.06/tests.xmerl_test.logs/run.2012-11-19_15.49.40/xmerl_sax_std_suite.ibm-not-wf-p41-ibm41n09.html"></testcase><testcase group="testcases8.testcases25.testcases58" name="ibm-not-wf-P41-ibm41n10" time="0.021949" timestamp="2012-11-19T15:50:49" log="/home/karl/tmp/otp_tests/logs/xmerl_test_logs/ct_run.ct@devbox.2012-11-19_15.49.06/tests.xmerl_test.logs/run.2012-11-19_15.49.40/xmerl_sax_std_suite.ibm-not-wf-p41-ibm41n10.html"></testcase><testcase group="testcases8.testcases25.testcases58" name="ibm-not-wf-P41-ibm41n11" time="0.018857" timestamp="2012-11-19T15:50:49" log="/home/karl/tmp/otp_tests/logs/xmerl_test_logs/ct_run.ct@devbox.2012-11-19_15.49.06/tests.xmerl_test.logs/run.2012-11-19_15.49.40/xmerl_sax_std_suite.ibm-not-wf-p41-ibm41n11.html"></testcase><testcase group="testcases8.testcases25.testcases58" name="ibm-not-wf-P41-ibm41n12" time="0.025286" timestamp="2012-11-19T15:50:49" log="/home/karl/tmp/otp_tests/logs/xmerl_test_logs/ct_run.ct@devbox.2012-11-19_15.49.06/tests.xmerl_test.logs/run.2012-11-19_15.49.40/xmerl_sax_std_suite.ibm-not-wf-p41-ibm41n12.html"></testcase><testcase group="testcases8.testcases25.testcases58" name="ibm-not-wf-P41-ibm41n13" time="0.017012" timestamp="2012-11-19T15:50:49" log="/home/karl/tmp/otp_tests/logs/xmerl_test_logs/ct_run.ct@devbox.2012-11-19_15.49.06/tests.xmerl_test.logs/run.2012-11-19_15.49.40/xmerl_sax_std_suite.ibm-not-wf-p41-ibm41n13.html"></testcase><testcase group="testcases8.testcases25.testcases58" name="ibm-not-wf-P41-ibm41n14" time="0.017781" timestamp="2012-11-19T15:50:49" log="/home/karl/tmp/otp_tests/logs/xmerl_test_logs/ct_run.ct@devbox.2012-11-19_15.49.06/tests.xmerl_test.logs/run.2012-11-19_15.49.40/xmerl_sax_std_suite.ibm-not-wf-p41-ibm41n14.html"></testcase><testcase group="testcases8.testcases25.testcases58" name="end_per_group" time="0.022791" timestamp="2012-11-19T15:50:49" log="/home/karl/tmp/otp_tests/logs/xmerl_test_logs/ct_run.ct@devbox.2012-11-19_15.49.06/tests.xmerl_test.logs/run.2012-11-19_15.49.40/xmerl_sax_std_suite.end_per_group.336649.419.html"></testcase><testcase group="testcases8.testcases25.testcases59" name="init_per_group" time="0.013786" timestamp="2012-11-19T15:50:49" log="/home/karl/tmp/otp_tests/logs/xmerl_test_logs/ct_run.ct@devbox.2012-11-19_15.49.06/tests.xmerl_test.logs/run.2012-11-19_15.49.40/xmerl_sax_std_suite.init_per_group.336649.480.html"></testcase><testcase group="testcases8.testcases25.testcases59" name="ibm-not-wf-P42-ibm42n01" time="0.018939" timestamp="2012-11-19T15:50:49" log="/home/karl/tmp/otp_tests/logs/xmerl_test_logs/ct_run.ct@devbox.2012-11-19_15.49.06/tests.xmerl_test.logs/run.2012-11-19_15.49.40/xmerl_sax_std_suite.ibm-not-wf-p42-ibm42n01.html"></testcase><testcase group="testcases8.testcases25.testcases59" name="ibm-not-wf-P42-ibm42n02" time="0.024436" timestamp="2012-11-19T15:50:49" log="/home/karl/tmp/otp_tests/logs/xmerl_test_logs/ct_run.ct@devbox.2012-11-19_15.49.06/tests.xmerl_test.logs/run.2012-11-19_15.49.40/xmerl_sax_std_suite.ibm-not-wf-p42-ibm42n02.html"></testcase><testcase group="testcases8.testcases25.testcases59" name="ibm-not-wf-P42-ibm42n03" time="0.015740" timestamp="2012-11-19T15:50:49" log="/home/karl/tmp/otp_tests/logs/xmerl_test_logs/ct_run.ct@devbox.2012-11-19_15.49.06/tests.xmerl_test.logs/run.2012-11-19_15.49.40/xmerl_sax_std_suite.ibm-not-wf-p42-ibm42n03.html"></testcase><testcase group="testcases8.testcases25.testcases59" name="ibm-not-wf-P42-ibm42n04" time="0.019516" timestamp="2012-11-19T15:50:49" log="/home/karl/tmp/otp_tests/logs/xmerl_test_logs/ct_run.ct@devbox.2012-11-19_15.49.06/tests.xmerl_test.logs/run.2012-11-19_15.49.40/xmerl_sax_std_suite.ibm-not-wf-p42-ibm42n04.html"></testcase><testcase group="testcases8.testcases25.testcases59" name="ibm-not-wf-P42-ibm42n05" time="0.025261" timestamp="2012-11-19T15:50:49" log="/home/karl/tmp/otp_tests/logs/xmerl_test_logs/ct_run.ct@devbox.2012-11-19_15.49.06/tests.xmerl_test.logs/run.2012-11-19_15.49.40/xmerl_sax_std_suite.ibm-not-wf-p42-ibm42n05.html"></testcase><testcase group="testcases8.testcases25.testcases59" name="end_per_group" time="0.015508" timestamp="2012-11-19T15:50:49" log="/home/karl/tmp/otp_tests/logs/xmerl_test_logs/ct_run.ct@devbox.2012-11-19_15.49.06/tests.xmerl_test.logs/run.2012-11-19_15.49.40/xmerl_sax_std_suite.end_per_group.336649.853.html"></testcase><testcase group="testcases8.testcases25.testcases60" name="init_per_group" time="0.014678" timestamp="2012-11-19T15:50:49" log="/home/karl/tmp/otp_tests/logs/xmerl_test_logs/ct_run.ct@devbox.2012-11-19_15.49.06/tests.xmerl_test.logs/run.2012-11-19_15.49.40/xmerl_sax_std_suite.init_per_group.336649.907.html"></testcase><testcase group="testcases8.testcases25.testcases60" name="ibm-not-wf-P43-ibm43n01" time="0.018952" timestamp="2012-11-19T15:50:49" log="/home/karl/tmp/otp_tests/logs/xmerl_test_logs/ct_run.ct@devbox.2012-11-19_15.49.06/tests.xmerl_test.logs/run.2012-11-19_15.49.40/xmerl_sax_std_suite.ibm-not-wf-p43-ibm43n01.html"></testcase><testcase group="testcases8.testcases25.testcases60" name="ibm-not-wf-P43-ibm43n02" time="0.012763" timestamp="2012-11-19T15:50:50" log="/home/karl/tmp/otp_tests/logs/xmerl_test_logs/ct_run.ct@devbox.2012-11-19_15.49.06/tests.xmerl_test.logs/run.2012-11-19_15.49.40/xmerl_sax_std_suite.ibm-not-wf-p43-ibm43n02.html"></testcase><testcase group="testcases8.testcases25.testcases60" name="ibm-not-wf-P43-ibm43n04" time="0.016291" timestamp="2012-11-19T15:50:50" log="/home/karl/tmp/otp_tests/logs/xmerl_test_logs/ct_run.ct@devbox.2012-11-19_15.49.06/tests.xmerl_test.logs/run.2012-11-19_15.49.40/xmerl_sax_std_suite.ibm-not-wf-p43-ibm43n04.html"></testcase><testcase group="testcases8.testcases25.testcases60" name="ibm-not-wf-P43-ibm43n05" time="0.019918" timestamp="2012-11-19T15:50:50" log="/home/karl/tmp/otp_tests/logs/xmerl_test_logs/ct_run.ct@devbox.2012-11-19_15.49.06/tests.xmerl_test.logs/run.2012-11-19_15.49.40/xmerl_sax_std_suite.ibm-not-wf-p43-ibm43n05.html"></testcase><testcase group="testcases8.testcases25.testcases60" name="end_per_group" time="0.012735" timestamp="2012-11-19T15:50:50" log="/home/karl/tmp/otp_tests/logs/xmerl_test_logs/ct_run.ct@devbox.2012-11-19_15.49.06/tests.xmerl_test.logs/run.2012-11-19_15.49.40/xmerl_sax_std_suite.end_per_group.336650.192.html"></testcase><testcase group="testcases8.testcases25.testcases61" name="init_per_group" time="0.015009" timestamp="2012-11-19T15:50:50" log="/home/karl/tmp/otp_tests/logs/xmerl_test_logs/ct_run.ct@devbox.2012-11-19_15.49.06/tests.xmerl_test.logs/run.2012-11-19_15.49.40/xmerl_sax_std_suite.init_per_group.336650.242.html"></testcase><testcase group="testcases8.testcases25.testcases61" name="ibm-not-wf-P44-ibm44n01" time="0.021065" timestamp="2012-11-19T15:50:50" log="/home/karl/tmp/otp_tests/logs/xmerl_test_logs/ct_run.ct@devbox.2012-11-19_15.49.06/tests.xmerl_test.logs/run.2012-11-19_15.49.40/xmerl_sax_std_suite.ibm-not-wf-p44-ibm44n01.html"></testcase><testcase group="testcases8.testcases25.testcases61" name="ibm-not-wf-P44-ibm44n02" time="0.013499" timestamp="2012-11-19T15:50:50" log="/home/karl/tmp/otp_tests/logs/xmerl_test_logs/ct_run.ct@devbox.2012-11-19_15.49.06/tests.xmerl_test.logs/run.2012-11-19_15.49.40/xmerl_sax_std_suite.ibm-not-wf-p44-ibm44n02.html"></testcase><testcase group="testcases8.testcases25.testcases61" name="ibm-not-wf-P44-ibm44n03" time="0.016500" timestamp="2012-11-19T15:50:50" log="/home/karl/tmp/otp_tests/logs/xmerl_test_logs/ct_run.ct@devbox.2012-11-19_15.49.06/tests.xmerl_test.logs/run.2012-11-19_15.49.40/xmerl_sax_std_suite.ibm-not-wf-p44-ibm44n03.html"></testcase><testcase group="testcases8.testcases25.testcases61" name="ibm-not-wf-P44-ibm44n04" time="0.019689" timestamp="2012-11-19T15:50:50" log="/home/karl/tmp/otp_tests/logs/xmerl_test_logs/ct_run.ct@devbox.2012-11-19_15.49.06/tests.xmerl_test.logs/run.2012-11-19_15.49.40/xmerl_sax_std_suite.ibm-not-wf-p44-ibm44n04.html"></testcase><testcase group="testcases8.testcases25.testcases61" name="end_per_group" time="0.021667" timestamp="2012-11-19T15:50:50" log="/home/karl/tmp/otp_tests/logs/xmerl_test_logs/ct_run.ct@devbox.2012-11-19_15.49.06/tests.xmerl_test.logs/run.2012-11-19_15.49.40/xmerl_sax_std_suite.end_per_group.336650.525.html"></testcase><testcase group="testcases8.testcases25.testcases62" name="init_per_group" time="0.014973" timestamp="2012-11-19T15:50:50" log="/home/karl/tmp/otp_tests/logs/xmerl_test_logs/ct_run.ct@devbox.2012-11-19_15.49.06/tests.xmerl_test.logs/run.2012-11-19_15.49.40/xmerl_sax_std_suite.init_per_group.336650.585.html"></testcase><testcase group="testcases8.testcases25.testcases62" name="ibm-not-wf-P45-ibm45n01" time="0.013820" timestamp="2012-11-19T15:50:50" log="/home/karl/tmp/otp_tests/logs/xmerl_test_logs/ct_run.ct@devbox.2012-11-19_15.49.06/tests.xmerl_test.logs/run.2012-11-19_15.49.40/xmerl_sax_std_suite.ibm-not-wf-p45-ibm45n01.html"></testcase><testcase group="testcases8.testcases25.testcases62" name="ibm-not-wf-P45-ibm45n02" time="0.013570" timestamp="2012-11-19T15:50:50" log="/home/karl/tmp/otp_tests/logs/xmerl_test_logs/ct_run.ct@devbox.2012-11-19_15.49.06/tests.xmerl_test.logs/run.2012-11-19_15.49.40/xmerl_sax_std_suite.ibm-not-wf-p45-ibm45n02.html"></testcase><testcase group="testcases8.testcases25.testcases62" name="ibm-not-wf-P45-ibm45n03" time="0.039369" timestamp="2012-11-19T15:50:50" log="/home/karl/tmp/otp_tests/logs/xmerl_test_logs/ct_run.ct@devbox.2012-11-19_15.49.06/tests.xmerl_test.logs/run.2012-11-19_15.49.40/xmerl_sax_std_suite.ibm-not-wf-p45-ibm45n03.html"><skipped type="skip" message="Test ibm-not-wf-P45-ibm45n03 in xmerl_sax_std_SUITE skipped!">{tc_user_skip,{skipped,&quot;NYI&quot;}}</skipped></testcase><testcase group="testcases8.testcases25.testcases62" name="ibm-not-wf-P45-ibm45n04" time="0.027329" timestamp="2012-11-19T15:50:50" log="/home/karl/tmp/otp_tests/logs/xmerl_test_logs/ct_run.ct@devbox.2012-11-19_15.49.06/tests.xmerl_test.logs/run.2012-11-19_15.49.40/xmerl_sax_std_suite.ibm-not-wf-p45-ibm45n04.html"></testcase><testcase group="testcases8.testcases25.testcases62" name="ibm-not-wf-P45-ibm45n05" time="0.012882" timestamp="2012-11-19T15:50:50" log="/home/karl/tmp/otp_tests/logs/xmerl_test_logs/ct_run.ct@devbox.2012-11-19_15.49.06/tests.xmerl_test.logs/run.2012-11-19_15.49.40/xmerl_sax_std_suite.ibm-not-wf-p45-ibm45n05.html"></testcase><testcase group="testcases8.testcases25.testcases62" name="ibm-not-wf-P45-ibm45n06" time="0.013274" timestamp="2012-11-19T15:50:51" log="/home/karl/tmp/otp_tests/logs/xmerl_test_logs/ct_run.ct@devbox.2012-11-19_15.49.06/tests.xmerl_test.logs/run.2012-11-19_15.49.40/xmerl_sax_std_suite.ibm-not-wf-p45-ibm45n06.html"></testcase><testcase group="testcases8.testcases25.testcases62" name="ibm-not-wf-P45-ibm45n07" time="0.013439" timestamp="2012-11-19T15:50:51" log="/home/karl/tmp/otp_tests/logs/xmerl_test_logs/ct_run.ct@devbox.2012-11-19_15.49.06/tests.xmerl_test.logs/run.2012-11-19_15.49.40/xmerl_sax_std_suite.ibm-not-wf-p45-ibm45n07.html"></testcase><testcase group="testcases8.testcases25.testcases62" name="ibm-not-wf-P45-ibm45n08" time="0.029123" timestamp="2012-11-19T15:50:51" log="/home/karl/tmp/otp_tests/logs/xmerl_test_logs/ct_run.ct@devbox.2012-11-19_15.49.06/tests.xmerl_test.logs/run.2012-11-19_15.49.40/xmerl_sax_std_suite.ibm-not-wf-p45-ibm45n08.html"></testcase><testcase group="testcases8.testcases25.testcases62" name="ibm-not-wf-P45-ibm45n09" time="0.021460" timestamp="2012-11-19T15:50:51" log="/home/karl/tmp/otp_tests/logs/xmerl_test_logs/ct_run.ct@devbox.2012-11-19_15.49.06/tests.xmerl_test.logs/run.2012-11-19_15.49.40/xmerl_sax_std_suite.ibm-not-wf-p45-ibm45n09.html"></testcase><testcase group="testcases8.testcases25.testcases62" name="end_per_group" time="0.013155" timestamp="2012-11-19T15:50:51" log="/home/karl/tmp/otp_tests/logs/xmerl_test_logs/ct_run.ct@devbox.2012-11-19_15.49.06/tests.xmerl_test.logs/run.2012-11-19_15.49.40/xmerl_sax_std_suite.end_per_group.336651.252.html"></testcase><testcase group="testcases8.testcases25.testcases63" name="init_per_group" time="0.012267" timestamp="2012-11-19T15:50:51" log="/home/karl/tmp/otp_tests/logs/xmerl_test_logs/ct_run.ct@devbox.2012-11-19_15.49.06/tests.xmerl_test.logs/run.2012-11-19_15.49.40/xmerl_sax_std_suite.init_per_group.336651.302.html"></testcase><testcase group="testcases8.testcases25.testcases63" name="ibm-not-wf-P46-ibm46n01" time="0.012948" timestamp="2012-11-19T15:50:51" log="/home/karl/tmp/otp_tests/logs/xmerl_test_logs/ct_run.ct@devbox.2012-11-19_15.49.06/tests.xmerl_test.logs/run.2012-11-19_15.49.40/xmerl_sax_std_suite.ibm-not-wf-p46-ibm46n01.html"><skipped type="skip" message="Test ibm-not-wf-P46-ibm46n01 in xmerl_sax_std_SUITE skipped!">{tc_user_skip,{skipped,&quot;NYI&quot;}}</skipped></testcase><testcase group="testcases8.testcases25.testcases63" name="ibm-not-wf-P46-ibm46n02" time="0.013500" timestamp="2012-11-19T15:50:51" log="/home/karl/tmp/otp_tests/logs/xmerl_test_logs/ct_run.ct@devbox.2012-11-19_15.49.06/tests.xmerl_test.logs/run.2012-11-19_15.49.40/xmerl_sax_std_suite.ibm-not-wf-p46-ibm46n02.html"><skipped type="skip" message="Test ibm-not-wf-P46-ibm46n02 in xmerl_sax_std_SUITE skipped!">{tc_user_skip,{skipped,&quot;NYI&quot;}}</skipped></testcase><testcase group="testcases8.testcases25.testcases63" name="ibm-not-wf-P46-ibm46n03" time="0.012913" timestamp="2012-11-19T15:50:51" log="/home/karl/tmp/otp_tests/logs/xmerl_test_logs/ct_run.ct@devbox.2012-11-19_15.49.06/tests.xmerl_test.logs/run.2012-11-19_15.49.40/xmerl_sax_std_suite.ibm-not-wf-p46-ibm46n03.html"><skipped type="skip" message="Test ibm-not-wf-P46-ibm46n03 in xmerl_sax_std_SUITE skipped!">{tc_user_skip,{skipped,&quot;NYI&quot;}}</skipped></testcase><testcase group="testcases8.testcases25.testcases63" name="ibm-not-wf-P46-ibm46n04" time="0.022950" timestamp="2012-11-19T15:50:51" log="/home/karl/tmp/otp_tests/logs/xmerl_test_logs/ct_run.ct@devbox.2012-11-19_15.49.06/tests.xmerl_test.logs/run.2012-11-19_15.49.40/xmerl_sax_std_suite.ibm-not-wf-p46-ibm46n04.html"><skipped type="skip" message="Test ibm-not-wf-P46-ibm46n04 in xmerl_sax_std_SUITE skipped!">{tc_user_skip,{skipped,&quot;NYI&quot;}}</skipped></testcase><testcase group="testcases8.testcases25.testcases63" name="ibm-not-wf-P46-ibm46n05" time="0.014106" timestamp="2012-11-19T15:50:51" log="/home/karl/tmp/otp_tests/logs/xmerl_test_logs/ct_run.ct@devbox.2012-11-19_15.49.06/tests.xmerl_test.logs/run.2012-11-19_15.49.40/xmerl_sax_std_suite.ibm-not-wf-p46-ibm46n05.html"><skipped type="skip" message="Test ibm-not-wf-P46-ibm46n05 in xmerl_sax_std_SUITE skipped!">{tc_user_skip,{skipped,&quot;NYI&quot;}}</skipped></testcase><testcase group="testcases8.testcases25.testcases63" name="end_per_group" time="0.012563" timestamp="2012-11-19T15:50:51" log="/home/karl/tmp/otp_tests/logs/xmerl_test_logs/ct_run.ct@devbox.2012-11-19_15.49.06/tests.xmerl_test.logs/run.2012-11-19_15.49.40/xmerl_sax_std_suite.end_per_group.336651.687.html"></testcase><testcase group="testcases8.testcases25.testcases64" name="init_per_group" time="0.015708" timestamp="2012-11-19T15:50:51" log="/home/karl/tmp/otp_tests/logs/xmerl_test_logs/ct_run.ct@devbox.2012-11-19_15.49.06/tests.xmerl_test.logs/run.2012-11-19_15.49.40/xmerl_sax_std_suite.init_per_group.336651.737.html"></testcase><testcase group="testcases8.testcases25.testcases64" name="ibm-not-wf-P47-ibm47n01" time="0.013543" timestamp="2012-11-19T15:50:51" log="/home/karl/tmp/otp_tests/logs/xmerl_test_logs/ct_run.ct@devbox.2012-11-19_15.49.06/tests.xmerl_test.logs/run.2012-11-19_15.49.40/xmerl_sax_std_suite.ibm-not-wf-p47-ibm47n01.html"><skipped type="skip" message="Test ibm-not-wf-P47-ibm47n01 in xmerl_sax_std_SUITE skipped!">{tc_user_skip,{skipped,&quot;NYI&quot;}}</skipped></testcase><testcase group="testcases8.testcases25.testcases64" name="ibm-not-wf-P47-ibm47n02" time="0.013723" timestamp="2012-11-19T15:50:51" log="/home/karl/tmp/otp_tests/logs/xmerl_test_logs/ct_run.ct@devbox.2012-11-19_15.49.06/tests.xmerl_test.logs/run.2012-11-19_15.49.40/xmerl_sax_std_suite.ibm-not-wf-p47-ibm47n02.html"><skipped type="skip" message="Test ibm-not-wf-P47-ibm47n02 in xmerl_sax_std_SUITE skipped!">{tc_user_skip,{skipped,&quot;NYI&quot;}}</skipped></testcase><testcase group="testcases8.testcases25.testcases64" name="ibm-not-wf-P47-ibm47n03" time="0.013290" timestamp="2012-11-19T15:50:51" log="/home/karl/tmp/otp_tests/logs/xmerl_test_logs/ct_run.ct@devbox.2012-11-19_15.49.06/tests.xmerl_test.logs/run.2012-11-19_15.49.40/xmerl_sax_std_suite.ibm-not-wf-p47-ibm47n03.html"><skipped type="skip" message="Test ibm-not-wf-P47-ibm47n03 in xmerl_sax_std_SUITE skipped!">{tc_user_skip,{skipped,&quot;NYI&quot;}}</skipped></testcase><testcase group="testcases8.testcases25.testcases64" name="ibm-not-wf-P47-ibm47n04" time="0.014528" timestamp="2012-11-19T15:50:51" log="/home/karl/tmp/otp_tests/logs/xmerl_test_logs/ct_run.ct@devbox.2012-11-19_15.49.06/tests.xmerl_test.logs/run.2012-11-19_15.49.40/xmerl_sax_std_suite.ibm-not-wf-p47-ibm47n04.html"><skipped type="skip" message="Test ibm-not-wf-P47-ibm47n04 in xmerl_sax_std_SUITE skipped!">{tc_user_skip,{skipped,&quot;NYI&quot;}}</skipped></testcase><testcase group="testcases8.testcases25.testcases64" name="ibm-not-wf-P47-ibm47n05" time="0.015466" timestamp="2012-11-19T15:50:52" log="/home/karl/tmp/otp_tests/logs/xmerl_test_logs/ct_run.ct@devbox.2012-11-19_15.49.06/tests.xmerl_test.logs/run.2012-11-19_15.49.40/xmerl_sax_std_suite.ibm-not-wf-p47-ibm47n05.html"><skipped type="skip" message="Test ibm-not-wf-P47-ibm47n05 in xmerl_sax_std_SUITE skipped!">{tc_user_skip,{skipped,&quot;NYI&quot;}}</skipped></testcase><testcase group="testcases8.testcases25.testcases64" name="ibm-not-wf-P47-ibm47n06" time="0.013834" timestamp="2012-11-19T15:50:52" log="/home/karl/tmp/otp_tests/logs/xmerl_test_logs/ct_run.ct@devbox.2012-11-19_15.49.06/tests.xmerl_test.logs/run.2012-11-19_15.49.40/xmerl_sax_std_suite.ibm-not-wf-p47-ibm47n06.html"><skipped type="skip" message="Test ibm-not-wf-P47-ibm47n06 in xmerl_sax_std_SUITE skipped!">{tc_user_skip,{skipped,&quot;NYI&quot;}}</skipped></testcase><testcase group="testcases8.testcases25.testcases64" name="end_per_group" time="0.012458" timestamp="2012-11-19T15:50:52" log="/home/karl/tmp/otp_tests/logs/xmerl_test_logs/ct_run.ct@devbox.2012-11-19_15.49.06/tests.xmerl_test.logs/run.2012-11-19_15.49.40/xmerl_sax_std_suite.end_per_group.336652.184.html"></testcase><testcase group="testcases8.testcases25.testcases65" name="init_per_group" time="0.012933" timestamp="2012-11-19T15:50:52" log="/home/karl/tmp/otp_tests/logs/xmerl_test_logs/ct_run.ct@devbox.2012-11-19_15.49.06/tests.xmerl_test.logs/run.2012-11-19_15.49.40/xmerl_sax_std_suite.init_per_group.336652.232.html"></testcase><testcase group="testcases8.testcases25.testcases65" name="ibm-not-wf-P48-ibm48n01" time="0.014500" timestamp="2012-11-19T15:50:52" log="/home/karl/tmp/otp_tests/logs/xmerl_test_logs/ct_run.ct@devbox.2012-11-19_15.49.06/tests.xmerl_test.logs/run.2012-11-19_15.49.40/xmerl_sax_std_suite.ibm-not-wf-p48-ibm48n01.html"><skipped type="skip" message="Test ibm-not-wf-P48-ibm48n01 in xmerl_sax_std_SUITE skipped!">{tc_user_skip,{skipped,&quot;NYI&quot;}}</skipped></testcase><testcase group="testcases8.testcases25.testcases65" name="ibm-not-wf-P48-ibm48n02" time="0.013789" timestamp="2012-11-19T15:50:52" log="/home/karl/tmp/otp_tests/logs/xmerl_test_logs/ct_run.ct@devbox.2012-11-19_15.49.06/tests.xmerl_test.logs/run.2012-11-19_15.49.40/xmerl_sax_std_suite.ibm-not-wf-p48-ibm48n02.html"><skipped type="skip" message="Test ibm-not-wf-P48-ibm48n02 in xmerl_sax_std_SUITE skipped!">{tc_user_skip,{skipped,&quot;NYI&quot;}}</skipped></testcase><testcase group="testcases8.testcases25.testcases65" name="ibm-not-wf-P48-ibm48n03" time="0.014891" timestamp="2012-11-19T15:50:52" log="/home/karl/tmp/otp_tests/logs/xmerl_test_logs/ct_run.ct@devbox.2012-11-19_15.49.06/tests.xmerl_test.logs/run.2012-11-19_15.49.40/xmerl_sax_std_suite.ibm-not-wf-p48-ibm48n03.html"><skipped type="skip" message="Test ibm-not-wf-P48-ibm48n03 in xmerl_sax_std_SUITE skipped!">{tc_user_skip,{skipped,&quot;NYI&quot;}}</skipped></testcase><testcase group="testcases8.testcases25.testcases65" name="ibm-not-wf-P48-ibm48n04" time="0.013628" timestamp="2012-11-19T15:50:52" log="/home/karl/tmp/otp_tests/logs/xmerl_test_logs/ct_run.ct@devbox.2012-11-19_15.49.06/tests.xmerl_test.logs/run.2012-11-19_15.49.40/xmerl_sax_std_suite.ibm-not-wf-p48-ibm48n04.html"><skipped type="skip" message="Test ibm-not-wf-P48-ibm48n04 in xmerl_sax_std_SUITE skipped!">{tc_user_skip,{skipped,&quot;NYI&quot;}}</skipped></testcase><testcase group="testcases8.testcases25.testcases65" name="ibm-not-wf-P48-ibm48n05" time="0.013639" timestamp="2012-11-19T15:50:52" log="/home/karl/tmp/otp_tests/logs/xmerl_test_logs/ct_run.ct@devbox.2012-11-19_15.49.06/tests.xmerl_test.logs/run.2012-11-19_15.49.40/xmerl_sax_std_suite.ibm-not-wf-p48-ibm48n05.html"><skipped type="skip" message="Test ibm-not-wf-P48-ibm48n05 in xmerl_sax_std_SUITE skipped!">{tc_user_skip,{skipped,&quot;NYI&quot;}}</skipped></testcase><testcase group="testcases8.testcases25.testcases65" name="ibm-not-wf-P48-ibm48n06" time="0.013661" timestamp="2012-11-19T15:50:52" log="/home/karl/tmp/otp_tests/logs/xmerl_test_logs/ct_run.ct@devbox.2012-11-19_15.49.06/tests.xmerl_test.logs/run.2012-11-19_15.49.40/xmerl_sax_std_suite.ibm-not-wf-p48-ibm48n06.html"><skipped type="skip" message="Test ibm-not-wf-P48-ibm48n06 in xmerl_sax_std_SUITE skipped!">{tc_user_skip,{skipped,&quot;NYI&quot;}}</skipped></testcase><testcase group="testcases8.testcases25.testcases65" name="ibm-not-wf-P48-ibm48n07" time="0.013768" timestamp="2012-11-19T15:50:52" log="/home/karl/tmp/otp_tests/logs/xmerl_test_logs/ct_run.ct@devbox.2012-11-19_15.49.06/tests.xmerl_test.logs/run.2012-11-19_15.49.40/xmerl_sax_std_suite.ibm-not-wf-p48-ibm48n07.html"><skipped type="skip" message="Test ibm-not-wf-P48-ibm48n07 in xmerl_sax_std_SUITE skipped!">{tc_user_skip,{skipped,&quot;NYI&quot;}}</skipped></testcase><testcase group="testcases8.testcases25.testcases65" name="end_per_group" time="0.014790" timestamp="2012-11-19T15:50:52" log="/home/karl/tmp/otp_tests/logs/xmerl_test_logs/ct_run.ct@devbox.2012-11-19_15.49.06/tests.xmerl_test.logs/run.2012-11-19_15.49.40/xmerl_sax_std_suite.end_per_group.336652.751.html"></testcase><testcase group="testcases8.testcases25.testcases66" name="init_per_group" time="0.013602" timestamp="2012-11-19T15:50:52" log="/home/karl/tmp/otp_tests/logs/xmerl_test_logs/ct_run.ct@devbox.2012-11-19_15.49.06/tests.xmerl_test.logs/run.2012-11-19_15.49.40/xmerl_sax_std_suite.init_per_group.336652.807.html"></testcase><testcase group="testcases8.testcases25.testcases66" name="ibm-not-wf-P49-ibm49n01" time="0.013736" timestamp="2012-11-19T15:50:52" log="/home/karl/tmp/otp_tests/logs/xmerl_test_logs/ct_run.ct@devbox.2012-11-19_15.49.06/tests.xmerl_test.logs/run.2012-11-19_15.49.40/xmerl_sax_std_suite.ibm-not-wf-p49-ibm49n01.html"><skipped type="skip" message="Test ibm-not-wf-P49-ibm49n01 in xmerl_sax_std_SUITE skipped!">{tc_user_skip,{skipped,&quot;NYI&quot;}}</skipped></testcase><testcase group="testcases8.testcases25.testcases66" name="ibm-not-wf-P49-ibm49n02" time="0.013651" timestamp="2012-11-19T15:50:52" log="/home/karl/tmp/otp_tests/logs/xmerl_test_logs/ct_run.ct@devbox.2012-11-19_15.49.06/tests.xmerl_test.logs/run.2012-11-19_15.49.40/xmerl_sax_std_suite.ibm-not-wf-p49-ibm49n02.html"><skipped type="skip" message="Test ibm-not-wf-P49-ibm49n02 in xmerl_sax_std_SUITE skipped!">{tc_user_skip,{skipped,&quot;NYI&quot;}}</skipped></testcase><testcase group="testcases8.testcases25.testcases66" name="ibm-not-wf-P49-ibm49n03" time="0.013311" timestamp="2012-11-19T15:50:52" log="/home/karl/tmp/otp_tests/logs/xmerl_test_logs/ct_run.ct@devbox.2012-11-19_15.49.06/tests.xmerl_test.logs/run.2012-11-19_15.49.40/xmerl_sax_std_suite.ibm-not-wf-p49-ibm49n03.html"><skipped type="skip" message="Test ibm-not-wf-P49-ibm49n03 in xmerl_sax_std_SUITE skipped!">{tc_user_skip,{skipped,&quot;NYI&quot;}}</skipped></testcase><testcase group="testcases8.testcases25.testcases66" name="ibm-not-wf-P49-ibm49n04" time="0.013419" timestamp="2012-11-19T15:50:53" log="/home/karl/tmp/otp_tests/logs/xmerl_test_logs/ct_run.ct@devbox.2012-11-19_15.49.06/tests.xmerl_test.logs/run.2012-11-19_15.49.40/xmerl_sax_std_suite.ibm-not-wf-p49-ibm49n04.html"><skipped type="skip" message="Test ibm-not-wf-P49-ibm49n04 in xmerl_sax_std_SUITE skipped!">{tc_user_skip,{skipped,&quot;NYI&quot;}}</skipped></testcase><testcase group="testcases8.testcases25.testcases66" name="ibm-not-wf-P49-ibm49n05" time="0.013827" timestamp="2012-11-19T15:50:53" log="/home/karl/tmp/otp_tests/logs/xmerl_test_logs/ct_run.ct@devbox.2012-11-19_15.49.06/tests.xmerl_test.logs/run.2012-11-19_15.49.40/xmerl_sax_std_suite.ibm-not-wf-p49-ibm49n05.html"><skipped type="skip" message="Test ibm-not-wf-P49-ibm49n05 in xmerl_sax_std_SUITE skipped!">{tc_user_skip,{skipped,&quot;NYI&quot;}}</skipped></testcase><testcase group="testcases8.testcases25.testcases66" name="ibm-not-wf-P49-ibm49n06" time="0.013993" timestamp="2012-11-19T15:50:53" log="/home/karl/tmp/otp_tests/logs/xmerl_test_logs/ct_run.ct@devbox.2012-11-19_15.49.06/tests.xmerl_test.logs/run.2012-11-19_15.49.40/xmerl_sax_std_suite.ibm-not-wf-p49-ibm49n06.html"><skipped type="skip" message="Test ibm-not-wf-P49-ibm49n06 in xmerl_sax_std_SUITE skipped!">{tc_user_skip,{skipped,&quot;NYI&quot;}}</skipped></testcase><testcase group="testcases8.testcases25.testcases66" name="end_per_group" time="0.013777" timestamp="2012-11-19T15:50:53" log="/home/karl/tmp/otp_tests/logs/xmerl_test_logs/ct_run.ct@devbox.2012-11-19_15.49.06/tests.xmerl_test.logs/run.2012-11-19_15.49.40/xmerl_sax_std_suite.end_per_group.336653.251.html"></testcase><testcase group="testcases8.testcases25.testcases69" name="init_per_group" time="0.012022" timestamp="2012-11-19T15:50:53" log="/home/karl/tmp/otp_tests/logs/xmerl_test_logs/ct_run.ct@devbox.2012-11-19_15.49.06/tests.xmerl_test.logs/run.2012-11-19_15.49.40/xmerl_sax_std_suite.init_per_group.336653.301.html"></testcase><testcase group="testcases8.testcases25.testcases69" name="ibm-not-wf-P52-ibm52n01" time="0.014964" timestamp="2012-11-19T15:50:53" log="/home/karl/tmp/otp_tests/logs/xmerl_test_logs/ct_run.ct@devbox.2012-11-19_15.49.06/tests.xmerl_test.logs/run.2012-11-19_15.49.40/xmerl_sax_std_suite.ibm-not-wf-p52-ibm52n01.html"></testcase><testcase group="testcases8.testcases25.testcases69" name="ibm-not-wf-P52-ibm52n02" time="0.014519" timestamp="2012-11-19T15:50:53" log="/home/karl/tmp/otp_tests/logs/xmerl_test_logs/ct_run.ct@devbox.2012-11-19_15.49.06/tests.xmerl_test.logs/run.2012-11-19_15.49.40/xmerl_sax_std_suite.ibm-not-wf-p52-ibm52n02.html"></testcase><testcase group="testcases8.testcases25.testcases69" name="ibm-not-wf-P52-ibm52n03" time="0.014777" timestamp="2012-11-19T15:50:53" log="/home/karl/tmp/otp_tests/logs/xmerl_test_logs/ct_run.ct@devbox.2012-11-19_15.49.06/tests.xmerl_test.logs/run.2012-11-19_15.49.40/xmerl_sax_std_suite.ibm-not-wf-p52-ibm52n03.html"></testcase><testcase group="testcases8.testcases25.testcases69" name="ibm-not-wf-P52-ibm52n04" time="0.013681" timestamp="2012-11-19T15:50:53" log="/home/karl/tmp/otp_tests/logs/xmerl_test_logs/ct_run.ct@devbox.2012-11-19_15.49.06/tests.xmerl_test.logs/run.2012-11-19_15.49.40/xmerl_sax_std_suite.ibm-not-wf-p52-ibm52n04.html"></testcase><testcase group="testcases8.testcases25.testcases69" name="ibm-not-wf-P52-ibm52n05" time="0.013138" timestamp="2012-11-19T15:50:53" log="/home/karl/tmp/otp_tests/logs/xmerl_test_logs/ct_run.ct@devbox.2012-11-19_15.49.06/tests.xmerl_test.logs/run.2012-11-19_15.49.40/xmerl_sax_std_suite.ibm-not-wf-p52-ibm52n05.html"></testcase><testcase group="testcases8.testcases25.testcases69" name="ibm-not-wf-P52-ibm52n06" time="0.013954" timestamp="2012-11-19T15:50:53" log="/home/karl/tmp/otp_tests/logs/xmerl_test_logs/ct_run.ct@devbox.2012-11-19_15.49.06/tests.xmerl_test.logs/run.2012-11-19_15.49.40/xmerl_sax_std_suite.ibm-not-wf-p52-ibm52n06.html"></testcase><testcase group="testcases8.testcases25.testcases69" name="end_per_group" time="0.013434" timestamp="2012-11-19T15:50:53" log="/home/karl/tmp/otp_tests/logs/xmerl_test_logs/ct_run.ct@devbox.2012-11-19_15.49.06/tests.xmerl_test.logs/run.2012-11-19_15.49.40/xmerl_sax_std_suite.end_per_group.336653.656.html"></testcase><testcase group="testcases8.testcases25.testcases70" name="init_per_group" time="0.012488" timestamp="2012-11-19T15:50:53" log="/home/karl/tmp/otp_tests/logs/xmerl_test_logs/ct_run.ct@devbox.2012-11-19_15.49.06/tests.xmerl_test.logs/run.2012-11-19_15.49.40/xmerl_sax_std_suite.init_per_group.336653.707.html"></testcase><testcase group="testcases8.testcases25.testcases70" name="ibm-not-wf-P53-ibm53n01" time="0.019100" timestamp="2012-11-19T15:50:53" log="/home/karl/tmp/otp_tests/logs/xmerl_test_logs/ct_run.ct@devbox.2012-11-19_15.49.06/tests.xmerl_test.logs/run.2012-11-19_15.49.40/xmerl_sax_std_suite.ibm-not-wf-p53-ibm53n01.html"></testcase><testcase group="testcases8.testcases25.testcases70" name="ibm-not-wf-P53-ibm53n02" time="0.013818" timestamp="2012-11-19T15:50:53" log="/home/karl/tmp/otp_tests/logs/xmerl_test_logs/ct_run.ct@devbox.2012-11-19_15.49.06/tests.xmerl_test.logs/run.2012-11-19_15.49.40/xmerl_sax_std_suite.ibm-not-wf-p53-ibm53n02.html"></testcase><testcase group="testcases8.testcases25.testcases70" name="ibm-not-wf-P53-ibm53n03" time="0.014128" timestamp="2012-11-19T15:50:53" log="/home/karl/tmp/otp_tests/logs/xmerl_test_logs/ct_run.ct@devbox.2012-11-19_15.49.06/tests.xmerl_test.logs/run.2012-11-19_15.49.40/xmerl_sax_std_suite.ibm-not-wf-p53-ibm53n03.html"></testcase><testcase group="testcases8.testcases25.testcases70" name="ibm-not-wf-P53-ibm53n04" time="0.012896" timestamp="2012-11-19T15:50:53" log="/home/karl/tmp/otp_tests/logs/xmerl_test_logs/ct_run.ct@devbox.2012-11-19_15.49.06/tests.xmerl_test.logs/run.2012-11-19_15.49.40/xmerl_sax_std_suite.ibm-not-wf-p53-ibm53n04.html"></testcase><testcase group="testcases8.testcases25.testcases70" name="ibm-not-wf-P53-ibm53n05" time="0.014454" timestamp="2012-11-19T15:50:53" log="/home/karl/tmp/otp_tests/logs/xmerl_test_logs/ct_run.ct@devbox.2012-11-19_15.49.06/tests.xmerl_test.logs/run.2012-11-19_15.49.40/xmerl_sax_std_suite.ibm-not-wf-p53-ibm53n05.html"></testcase><testcase group="testcases8.testcases25.testcases70" name="ibm-not-wf-P53-ibm53n06" time="0.015945" timestamp="2012-11-19T15:50:54" log="/home/karl/tmp/otp_tests/logs/xmerl_test_logs/ct_run.ct@devbox.2012-11-19_15.49.06/tests.xmerl_test.logs/run.2012-11-19_15.49.40/xmerl_sax_std_suite.ibm-not-wf-p53-ibm53n06.html"></testcase><testcase group="testcases8.testcases25.testcases70" name="ibm-not-wf-P53-ibm53n07" time="0.020509" timestamp="2012-11-19T15:50:54" log="/home/karl/tmp/otp_tests/logs/xmerl_test_logs/ct_run.ct@devbox.2012-11-19_15.49.06/tests.xmerl_test.logs/run.2012-11-19_15.49.40/xmerl_sax_std_suite.ibm-not-wf-p53-ibm53n07.html"></testcase><testcase group="testcases8.testcases25.testcases70" name="ibm-not-wf-P53-ibm53n08" time="0.013353" timestamp="2012-11-19T15:50:54" log="/home/karl/tmp/otp_tests/logs/xmerl_test_logs/ct_run.ct@devbox.2012-11-19_15.49.06/tests.xmerl_test.logs/run.2012-11-19_15.49.40/xmerl_sax_std_suite.ibm-not-wf-p53-ibm53n08.html"></testcase><testcase group="testcases8.testcases25.testcases70" name="end_per_group" time="0.012664" timestamp="2012-11-19T15:50:54" log="/home/karl/tmp/otp_tests/logs/xmerl_test_logs/ct_run.ct@devbox.2012-11-19_15.49.06/tests.xmerl_test.logs/run.2012-11-19_15.49.40/xmerl_sax_std_suite.end_per_group.336654.196.html"></testcase><testcase group="testcases8.testcases25.testcases71" name="init_per_group" time="0.013100" timestamp="2012-11-19T15:50:54" log="/home/karl/tmp/otp_tests/logs/xmerl_test_logs/ct_run.ct@devbox.2012-11-19_15.49.06/tests.xmerl_test.logs/run.2012-11-19_15.49.40/xmerl_sax_std_suite.init_per_group.336654.247.html"></testcase><testcase group="testcases8.testcases25.testcases71" name="ibm-not-wf-P54-ibm54n01" time="0.013791" timestamp="2012-11-19T15:50:54" log="/home/karl/tmp/otp_tests/logs/xmerl_test_logs/ct_run.ct@devbox.2012-11-19_15.49.06/tests.xmerl_test.logs/run.2012-11-19_15.49.40/xmerl_sax_std_suite.ibm-not-wf-p54-ibm54n01.html"></testcase><testcase group="testcases8.testcases25.testcases71" name="ibm-not-wf-P54-ibm54n02" time="0.013948" timestamp="2012-11-19T15:50:54" log="/home/karl/tmp/otp_tests/logs/xmerl_test_logs/ct_run.ct@devbox.2012-11-19_15.49.06/tests.xmerl_test.logs/run.2012-11-19_15.49.40/xmerl_sax_std_suite.ibm-not-wf-p54-ibm54n02.html"></testcase><testcase group="testcases8.testcases25.testcases71" name="end_per_group" time="0.013744" timestamp="2012-11-19T15:50:54" log="/home/karl/tmp/otp_tests/logs/xmerl_test_logs/ct_run.ct@devbox.2012-11-19_15.49.06/tests.xmerl_test.logs/run.2012-11-19_15.49.40/xmerl_sax_std_suite.end_per_group.336654.400.html"></testcase><testcase group="testcases8.testcases25.testcases72" name="init_per_group" time="0.014293" timestamp="2012-11-19T15:50:54" log="/home/karl/tmp/otp_tests/logs/xmerl_test_logs/ct_run.ct@devbox.2012-11-19_15.49.06/tests.xmerl_test.logs/run.2012-11-19_15.49.40/xmerl_sax_std_suite.init_per_group.336654.451.html"></testcase><testcase group="testcases8.testcases25.testcases72" name="ibm-not-wf-P55-ibm55n01" time="0.013478" timestamp="2012-11-19T15:50:54" log="/home/karl/tmp/otp_tests/logs/xmerl_test_logs/ct_run.ct@devbox.2012-11-19_15.49.06/tests.xmerl_test.logs/run.2012-11-19_15.49.40/xmerl_sax_std_suite.ibm-not-wf-p55-ibm55n01.html"></testcase><testcase group="testcases8.testcases25.testcases72" name="ibm-not-wf-P55-ibm55n02" time="0.014110" timestamp="2012-11-19T15:50:54" log="/home/karl/tmp/otp_tests/logs/xmerl_test_logs/ct_run.ct@devbox.2012-11-19_15.49.06/tests.xmerl_test.logs/run.2012-11-19_15.49.40/xmerl_sax_std_suite.ibm-not-wf-p55-ibm55n02.html"></testcase><testcase group="testcases8.testcases25.testcases72" name="ibm-not-wf-P55-ibm55n03" time="0.017211" timestamp="2012-11-19T15:50:54" log="/home/karl/tmp/otp_tests/logs/xmerl_test_logs/ct_run.ct@devbox.2012-11-19_15.49.06/tests.xmerl_test.logs/run.2012-11-19_15.49.40/xmerl_sax_std_suite.ibm-not-wf-p55-ibm55n03.html"></testcase><testcase group="testcases8.testcases25.testcases72" name="end_per_group" time="0.013047" timestamp="2012-11-19T15:50:54" log="/home/karl/tmp/otp_tests/logs/xmerl_test_logs/ct_run.ct@devbox.2012-11-19_15.49.06/tests.xmerl_test.logs/run.2012-11-19_15.49.40/xmerl_sax_std_suite.end_per_group.336654.663.html"></testcase><testcase group="testcases8.testcases25.testcases73" name="init_per_group" time="0.013455" timestamp="2012-11-19T15:50:54" log="/home/karl/tmp/otp_tests/logs/xmerl_test_logs/ct_run.ct@devbox.2012-11-19_15.49.06/tests.xmerl_test.logs/run.2012-11-19_15.49.40/xmerl_sax_std_suite.init_per_group.336654.712.html"></testcase><testcase group="testcases8.testcases25.testcases73" name="ibm-not-wf-P56-ibm56n01" time="0.022510" timestamp="2012-11-19T15:50:54" log="/home/karl/tmp/otp_tests/logs/xmerl_test_logs/ct_run.ct@devbox.2012-11-19_15.49.06/tests.xmerl_test.logs/run.2012-11-19_15.49.40/xmerl_sax_std_suite.ibm-not-wf-p56-ibm56n01.html"></testcase><testcase group="testcases8.testcases25.testcases73" name="ibm-not-wf-P56-ibm56n02" time="0.015027" timestamp="2012-11-19T15:50:54" log="/home/karl/tmp/otp_tests/logs/xmerl_test_logs/ct_run.ct@devbox.2012-11-19_15.49.06/tests.xmerl_test.logs/run.2012-11-19_15.49.40/xmerl_sax_std_suite.ibm-not-wf-p56-ibm56n02.html"></testcase><testcase group="testcases8.testcases25.testcases73" name="ibm-not-wf-P56-ibm56n03" time="0.013655" timestamp="2012-11-19T15:50:54" log="/home/karl/tmp/otp_tests/logs/xmerl_test_logs/ct_run.ct@devbox.2012-11-19_15.49.06/tests.xmerl_test.logs/run.2012-11-19_15.49.40/xmerl_sax_std_suite.ibm-not-wf-p56-ibm56n03.html"></testcase><testcase group="testcases8.testcases25.testcases73" name="ibm-not-wf-P56-ibm56n04" time="0.012874" timestamp="2012-11-19T15:50:54" log="/home/karl/tmp/otp_tests/logs/xmerl_test_logs/ct_run.ct@devbox.2012-11-19_15.49.06/tests.xmerl_test.logs/run.2012-11-19_15.49.40/xmerl_sax_std_suite.ibm-not-wf-p56-ibm56n04.html"></testcase><testcase group="testcases8.testcases25.testcases73" name="ibm-not-wf-P56-ibm56n05" time="0.013979" timestamp="2012-11-19T15:50:54" log="/home/karl/tmp/otp_tests/logs/xmerl_test_logs/ct_run.ct@devbox.2012-11-19_15.49.06/tests.xmerl_test.logs/run.2012-11-19_15.49.40/xmerl_sax_std_suite.ibm-not-wf-p56-ibm56n05.html"></testcase><testcase group="testcases8.testcases25.testcases73" name="ibm-not-wf-P56-ibm56n06" time="0.013532" timestamp="2012-11-19T15:50:55" log="/home/karl/tmp/otp_tests/logs/xmerl_test_logs/ct_run.ct@devbox.2012-11-19_15.49.06/tests.xmerl_test.logs/run.2012-11-19_15.49.40/xmerl_sax_std_suite.ibm-not-wf-p56-ibm56n06.html"></testcase><testcase group="testcases8.testcases25.testcases73" name="ibm-not-wf-P56-ibm56n07" time="0.014108" timestamp="2012-11-19T15:50:55" log="/home/karl/tmp/otp_tests/logs/xmerl_test_logs/ct_run.ct@devbox.2012-11-19_15.49.06/tests.xmerl_test.logs/run.2012-11-19_15.49.40/xmerl_sax_std_suite.ibm-not-wf-p56-ibm56n07.html"></testcase><testcase group="testcases8.testcases25.testcases73" name="end_per_group" time="0.012857" timestamp="2012-11-19T15:50:55" log="/home/karl/tmp/otp_tests/logs/xmerl_test_logs/ct_run.ct@devbox.2012-11-19_15.49.06/tests.xmerl_test.logs/run.2012-11-19_15.49.40/xmerl_sax_std_suite.end_per_group.336655.129.html"></testcase><testcase group="testcases8.testcases25.testcases74" name="init_per_group" time="0.012929" timestamp="2012-11-19T15:50:55" log="/home/karl/tmp/otp_tests/logs/xmerl_test_logs/ct_run.ct@devbox.2012-11-19_15.49.06/tests.xmerl_test.logs/run.2012-11-19_15.49.40/xmerl_sax_std_suite.init_per_group.336655.179.html"></testcase><testcase group="testcases8.testcases25.testcases74" name="ibm-not-wf-P57-ibm57n01" time="0.014215" timestamp="2012-11-19T15:50:55" log="/home/karl/tmp/otp_tests/logs/xmerl_test_logs/ct_run.ct@devbox.2012-11-19_15.49.06/tests.xmerl_test.logs/run.2012-11-19_15.49.40/xmerl_sax_std_suite.ibm-not-wf-p57-ibm57n01.html"></testcase><testcase group="testcases8.testcases25.testcases74" name="end_per_group" time="0.013250" timestamp="2012-11-19T15:50:55" log="/home/karl/tmp/otp_tests/logs/xmerl_test_logs/ct_run.ct@devbox.2012-11-19_15.49.06/tests.xmerl_test.logs/run.2012-11-19_15.49.40/xmerl_sax_std_suite.end_per_group.336655.281.html"></testcase><testcase group="testcases8.testcases25.testcases75" name="init_per_group" time="0.013251" timestamp="2012-11-19T15:50:55" log="/home/karl/tmp/otp_tests/logs/xmerl_test_logs/ct_run.ct@devbox.2012-11-19_15.49.06/tests.xmerl_test.logs/run.2012-11-19_15.49.40/xmerl_sax_std_suite.init_per_group.336655.331.html"></testcase><testcase group="testcases8.testcases25.testcases75" name="ibm-not-wf-P58-ibm58n01" time="0.015556" timestamp="2012-11-19T15:50:55" log="/home/karl/tmp/otp_tests/logs/xmerl_test_logs/ct_run.ct@devbox.2012-11-19_15.49.06/tests.xmerl_test.logs/run.2012-11-19_15.49.40/xmerl_sax_std_suite.ibm-not-wf-p58-ibm58n01.html"></testcase><testcase group="testcases8.testcases25.testcases75" name="ibm-not-wf-P58-ibm58n02" time="0.013076" timestamp="2012-11-19T15:50:55" log="/home/karl/tmp/otp_tests/logs/xmerl_test_logs/ct_run.ct@devbox.2012-11-19_15.49.06/tests.xmerl_test.logs/run.2012-11-19_15.49.40/xmerl_sax_std_suite.ibm-not-wf-p58-ibm58n02.html"><skipped type="skip" message="Test ibm-not-wf-P58-ibm58n02 in xmerl_sax_std_SUITE skipped!">{tc_user_skip,{skipped,&quot;NYI&quot;}}</skipped></testcase><testcase group="testcases8.testcases25.testcases75" name="ibm-not-wf-P58-ibm58n03" time="0.013574" timestamp="2012-11-19T15:50:55" log="/home/karl/tmp/otp_tests/logs/xmerl_test_logs/ct_run.ct@devbox.2012-11-19_15.49.06/tests.xmerl_test.logs/run.2012-11-19_15.49.40/xmerl_sax_std_suite.ibm-not-wf-p58-ibm58n03.html"><skipped type="skip" message="Test ibm-not-wf-P58-ibm58n03 in xmerl_sax_std_SUITE skipped!">{tc_user_skip,{skipped,&quot;NYI&quot;}}</skipped></testcase><testcase group="testcases8.testcases25.testcases75" name="ibm-not-wf-P58-ibm58n04" time="0.015394" timestamp="2012-11-19T15:50:55" log="/home/karl/tmp/otp_tests/logs/xmerl_test_logs/ct_run.ct@devbox.2012-11-19_15.49.06/tests.xmerl_test.logs/run.2012-11-19_15.49.40/xmerl_sax_std_suite.ibm-not-wf-p58-ibm58n04.html"></testcase><testcase group="testcases8.testcases25.testcases75" name="ibm-not-wf-P58-ibm58n05" time="0.016012" timestamp="2012-11-19T15:50:55" log="/home/karl/tmp/otp_tests/logs/xmerl_test_logs/ct_run.ct@devbox.2012-11-19_15.49.06/tests.xmerl_test.logs/run.2012-11-19_15.49.40/xmerl_sax_std_suite.ibm-not-wf-p58-ibm58n05.html"></testcase><testcase group="testcases8.testcases25.testcases75" name="ibm-not-wf-P58-ibm58n06" time="0.014276" timestamp="2012-11-19T15:50:55" log="/home/karl/tmp/otp_tests/logs/xmerl_test_logs/ct_run.ct@devbox.2012-11-19_15.49.06/tests.xmerl_test.logs/run.2012-11-19_15.49.40/xmerl_sax_std_suite.ibm-not-wf-p58-ibm58n06.html"><skipped type="skip" message="Test ibm-not-wf-P58-ibm58n06 in xmerl_sax_std_SUITE skipped!">{tc_user_skip,{skipped,&quot;NYI&quot;}}</skipped></testcase><testcase group="testcases8.testcases25.testcases75" name="ibm-not-wf-P58-ibm58n07" time="0.018122" timestamp="2012-11-19T15:50:55" log="/home/karl/tmp/otp_tests/logs/xmerl_test_logs/ct_run.ct@devbox.2012-11-19_15.49.06/tests.xmerl_test.logs/run.2012-11-19_15.49.40/xmerl_sax_std_suite.ibm-not-wf-p58-ibm58n07.html"></testcase><testcase group="testcases8.testcases25.testcases75" name="ibm-not-wf-P58-ibm58n08" time="0.013716" timestamp="2012-11-19T15:50:55" log="/home/karl/tmp/otp_tests/logs/xmerl_test_logs/ct_run.ct@devbox.2012-11-19_15.49.06/tests.xmerl_test.logs/run.2012-11-19_15.49.40/xmerl_sax_std_suite.ibm-not-wf-p58-ibm58n08.html"><skipped type="skip" message="Test ibm-not-wf-P58-ibm58n08 in xmerl_sax_std_SUITE skipped!">{tc_user_skip,{skipped,&quot;NYI&quot;}}</skipped></testcase><testcase group="testcases8.testcases25.testcases75" name="end_per_group" time="0.013104" timestamp="2012-11-19T15:50:55" log="/home/karl/tmp/otp_tests/logs/xmerl_test_logs/ct_run.ct@devbox.2012-11-19_15.49.06/tests.xmerl_test.logs/run.2012-11-19_15.49.40/xmerl_sax_std_suite.end_per_group.336655.871.html"></testcase><testcase group="testcases8.testcases25.testcases76" name="init_per_group" time="0.013094" timestamp="2012-11-19T15:50:55" log="/home/karl/tmp/otp_tests/logs/xmerl_test_logs/ct_run.ct@devbox.2012-11-19_15.49.06/tests.xmerl_test.logs/run.2012-11-19_15.49.40/xmerl_sax_std_suite.init_per_group.336655.921.html"></testcase><testcase group="testcases8.testcases25.testcases76" name="ibm-not-wf-P59-ibm59n01" time="0.014309" timestamp="2012-11-19T15:50:55" log="/home/karl/tmp/otp_tests/logs/xmerl_test_logs/ct_run.ct@devbox.2012-11-19_15.49.06/tests.xmerl_test.logs/run.2012-11-19_15.49.40/xmerl_sax_std_suite.ibm-not-wf-p59-ibm59n01.html"><skipped type="skip" message="Test ibm-not-wf-P59-ibm59n01 in xmerl_sax_std_SUITE skipped!">{tc_user_skip,{skipped,&quot;NYI&quot;}}</skipped></testcase><testcase group="testcases8.testcases25.testcases76" name="ibm-not-wf-P59-ibm59n02" time="0.014425" timestamp="2012-11-19T15:50:56" log="/home/karl/tmp/otp_tests/logs/xmerl_test_logs/ct_run.ct@devbox.2012-11-19_15.49.06/tests.xmerl_test.logs/run.2012-11-19_15.49.40/xmerl_sax_std_suite.ibm-not-wf-p59-ibm59n02.html"></testcase><testcase group="testcases8.testcases25.testcases76" name="ibm-not-wf-P59-ibm59n03" time="0.013235" timestamp="2012-11-19T15:50:56" log="/home/karl/tmp/otp_tests/logs/xmerl_test_logs/ct_run.ct@devbox.2012-11-19_15.49.06/tests.xmerl_test.logs/run.2012-11-19_15.49.40/xmerl_sax_std_suite.ibm-not-wf-p59-ibm59n03.html"><skipped type="skip" message="Test ibm-not-wf-P59-ibm59n03 in xmerl_sax_std_SUITE skipped!">{tc_user_skip,{skipped,&quot;NYI&quot;}}</skipped></testcase><testcase group="testcases8.testcases25.testcases76" name="ibm-not-wf-P59-ibm59n04" time="0.014481" timestamp="2012-11-19T15:50:56" log="/home/karl/tmp/otp_tests/logs/xmerl_test_logs/ct_run.ct@devbox.2012-11-19_15.49.06/tests.xmerl_test.logs/run.2012-11-19_15.49.40/xmerl_sax_std_suite.ibm-not-wf-p59-ibm59n04.html"><skipped type="skip" message="Test ibm-not-wf-P59-ibm59n04 in xmerl_sax_std_SUITE skipped!">{tc_user_skip,{skipped,&quot;NYI&quot;}}</skipped></testcase><testcase group="testcases8.testcases25.testcases76" name="ibm-not-wf-P59-ibm59n05" time="0.015161" timestamp="2012-11-19T15:50:56" log="/home/karl/tmp/otp_tests/logs/xmerl_test_logs/ct_run.ct@devbox.2012-11-19_15.49.06/tests.xmerl_test.logs/run.2012-11-19_15.49.40/xmerl_sax_std_suite.ibm-not-wf-p59-ibm59n05.html"></testcase><testcase group="testcases8.testcases25.testcases76" name="ibm-not-wf-P59-ibm59n06" time="0.014730" timestamp="2012-11-19T15:50:56" log="/home/karl/tmp/otp_tests/logs/xmerl_test_logs/ct_run.ct@devbox.2012-11-19_15.49.06/tests.xmerl_test.logs/run.2012-11-19_15.49.40/xmerl_sax_std_suite.ibm-not-wf-p59-ibm59n06.html"></testcase><testcase group="testcases8.testcases25.testcases76" name="end_per_group" time="0.013019" timestamp="2012-11-19T15:50:56" log="/home/karl/tmp/otp_tests/logs/xmerl_test_logs/ct_run.ct@devbox.2012-11-19_15.49.06/tests.xmerl_test.logs/run.2012-11-19_15.49.40/xmerl_sax_std_suite.end_per_group.336656.329.html"></testcase><testcase group="testcases8.testcases25.testcases77" name="init_per_group" time="0.012386" timestamp="2012-11-19T15:50:56" log="/home/karl/tmp/otp_tests/logs/xmerl_test_logs/ct_run.ct@devbox.2012-11-19_15.49.06/tests.xmerl_test.logs/run.2012-11-19_15.49.40/xmerl_sax_std_suite.init_per_group.336656.380.html"></testcase><testcase group="testcases8.testcases25.testcases77" name="ibm-not-wf-P60-ibm60n01" time="0.014642" timestamp="2012-11-19T15:50:56" log="/home/karl/tmp/otp_tests/logs/xmerl_test_logs/ct_run.ct@devbox.2012-11-19_15.49.06/tests.xmerl_test.logs/run.2012-11-19_15.49.40/xmerl_sax_std_suite.ibm-not-wf-p60-ibm60n01.html"></testcase><testcase group="testcases8.testcases25.testcases77" name="ibm-not-wf-P60-ibm60n02" time="0.013884" timestamp="2012-11-19T15:50:56" log="/home/karl/tmp/otp_tests/logs/xmerl_test_logs/ct_run.ct@devbox.2012-11-19_15.49.06/tests.xmerl_test.logs/run.2012-11-19_15.49.40/xmerl_sax_std_suite.ibm-not-wf-p60-ibm60n02.html"></testcase><testcase group="testcases8.testcases25.testcases77" name="ibm-not-wf-P60-ibm60n03" time="0.014166" timestamp="2012-11-19T15:50:56" log="/home/karl/tmp/otp_tests/logs/xmerl_test_logs/ct_run.ct@devbox.2012-11-19_15.49.06/tests.xmerl_test.logs/run.2012-11-19_15.49.40/xmerl_sax_std_suite.ibm-not-wf-p60-ibm60n03.html"></testcase><testcase group="testcases8.testcases25.testcases77" name="ibm-not-wf-P60-ibm60n04" time="0.014020" timestamp="2012-11-19T15:50:56" log="/home/karl/tmp/otp_tests/logs/xmerl_test_logs/ct_run.ct@devbox.2012-11-19_15.49.06/tests.xmerl_test.logs/run.2012-11-19_15.49.40/xmerl_sax_std_suite.ibm-not-wf-p60-ibm60n04.html"></testcase><testcase group="testcases8.testcases25.testcases77" name="ibm-not-wf-P60-ibm60n05" time="0.017770" timestamp="2012-11-19T15:50:56" log="/home/karl/tmp/otp_tests/logs/xmerl_test_logs/ct_run.ct@devbox.2012-11-19_15.49.06/tests.xmerl_test.logs/run.2012-11-19_15.49.40/xmerl_sax_std_suite.ibm-not-wf-p60-ibm60n05.html"></testcase><testcase group="testcases8.testcases25.testcases77" name="ibm-not-wf-P60-ibm60n06" time="0.013972" timestamp="2012-11-19T15:50:56" log="/home/karl/tmp/otp_tests/logs/xmerl_test_logs/ct_run.ct@devbox.2012-11-19_15.49.06/tests.xmerl_test.logs/run.2012-11-19_15.49.40/xmerl_sax_std_suite.ibm-not-wf-p60-ibm60n06.html"></testcase><testcase group="testcases8.testcases25.testcases77" name="ibm-not-wf-P60-ibm60n07" time="0.017888" timestamp="2012-11-19T15:50:56" log="/home/karl/tmp/otp_tests/logs/xmerl_test_logs/ct_run.ct@devbox.2012-11-19_15.49.06/tests.xmerl_test.logs/run.2012-11-19_15.49.40/xmerl_sax_std_suite.ibm-not-wf-p60-ibm60n07.html"></testcase><testcase group="testcases8.testcases25.testcases77" name="ibm-not-wf-P60-ibm60n08" time="0.013814" timestamp="2012-11-19T15:50:56" log="/home/karl/tmp/otp_tests/logs/xmerl_test_logs/ct_run.ct@devbox.2012-11-19_15.49.06/tests.xmerl_test.logs/run.2012-11-19_15.49.40/xmerl_sax_std_suite.ibm-not-wf-p60-ibm60n08.html"></testcase><testcase group="testcases8.testcases25.testcases77" name="end_per_group" time="0.017092" timestamp="2012-11-19T15:50:56" log="/home/karl/tmp/otp_tests/logs/xmerl_test_logs/ct_run.ct@devbox.2012-11-19_15.49.06/tests.xmerl_test.logs/run.2012-11-19_15.49.40/xmerl_sax_std_suite.end_per_group.336656.854.html"></testcase><testcase group="testcases8.testcases25.testcases78" name="init_per_group" time="0.013548" timestamp="2012-11-19T15:50:56" log="/home/karl/tmp/otp_tests/logs/xmerl_test_logs/ct_run.ct@devbox.2012-11-19_15.49.06/tests.xmerl_test.logs/run.2012-11-19_15.49.40/xmerl_sax_std_suite.init_per_group.336656.910.html"></testcase><testcase group="testcases8.testcases25.testcases78" name="ibm-not-wf-P61-ibm61n01" time="0.014394" timestamp="2012-11-19T15:50:56" log="/home/karl/tmp/otp_tests/logs/xmerl_test_logs/ct_run.ct@devbox.2012-11-19_15.49.06/tests.xmerl_test.logs/run.2012-11-19_15.49.40/xmerl_sax_std_suite.ibm-not-wf-p61-ibm61n01.html"></testcase><testcase group="testcases8.testcases25.testcases78" name="end_per_group" time="0.012893" timestamp="2012-11-19T15:50:57" log="/home/karl/tmp/otp_tests/logs/xmerl_test_logs/ct_run.ct@devbox.2012-11-19_15.49.06/tests.xmerl_test.logs/run.2012-11-19_15.49.40/xmerl_sax_std_suite.end_per_group.336657.13.html"></testcase><testcase group="testcases8.testcases25.testcases79" name="init_per_group" time="0.014025" timestamp="2012-11-19T15:50:57" log="/home/karl/tmp/otp_tests/logs/xmerl_test_logs/ct_run.ct@devbox.2012-11-19_15.49.06/tests.xmerl_test.logs/run.2012-11-19_15.49.40/xmerl_sax_std_suite.init_per_group.336657.64.html"></testcase><testcase group="testcases8.testcases25.testcases79" name="ibm-not-wf-P62-ibm62n01" time="0.014591" timestamp="2012-11-19T15:50:57" log="/home/karl/tmp/otp_tests/logs/xmerl_test_logs/ct_run.ct@devbox.2012-11-19_15.49.06/tests.xmerl_test.logs/run.2012-11-19_15.49.40/xmerl_sax_std_suite.ibm-not-wf-p62-ibm62n01.html"></testcase><testcase group="testcases8.testcases25.testcases79" name="ibm-not-wf-P62-ibm62n02" time="0.027726" timestamp="2012-11-19T15:50:57" log="/home/karl/tmp/otp_tests/logs/xmerl_test_logs/ct_run.ct@devbox.2012-11-19_15.49.06/tests.xmerl_test.logs/run.2012-11-19_15.49.40/xmerl_sax_std_suite.ibm-not-wf-p62-ibm62n02.html"></testcase><testcase group="testcases8.testcases25.testcases79" name="ibm-not-wf-P62-ibm62n03" time="0.022024" timestamp="2012-11-19T15:50:57" log="/home/karl/tmp/otp_tests/logs/xmerl_test_logs/ct_run.ct@devbox.2012-11-19_15.49.06/tests.xmerl_test.logs/run.2012-11-19_15.49.40/xmerl_sax_std_suite.ibm-not-wf-p62-ibm62n03.html"></testcase><testcase group="testcases8.testcases25.testcases79" name="ibm-not-wf-P62-ibm62n04" time="0.016797" timestamp="2012-11-19T15:50:57" log="/home/karl/tmp/otp_tests/logs/xmerl_test_logs/ct_run.ct@devbox.2012-11-19_15.49.06/tests.xmerl_test.logs/run.2012-11-19_15.49.40/xmerl_sax_std_suite.ibm-not-wf-p62-ibm62n04.html"></testcase><testcase group="testcases8.testcases25.testcases79" name="ibm-not-wf-P62-ibm62n05" time="0.014960" timestamp="2012-11-19T15:50:57" log="/home/karl/tmp/otp_tests/logs/xmerl_test_logs/ct_run.ct@devbox.2012-11-19_15.49.06/tests.xmerl_test.logs/run.2012-11-19_15.49.40/xmerl_sax_std_suite.ibm-not-wf-p62-ibm62n05.html"></testcase><testcase group="testcases8.testcases25.testcases79" name="ibm-not-wf-P62-ibm62n06" time="0.014391" timestamp="2012-11-19T15:50:57" log="/home/karl/tmp/otp_tests/logs/xmerl_test_logs/ct_run.ct@devbox.2012-11-19_15.49.06/tests.xmerl_test.logs/run.2012-11-19_15.49.40/xmerl_sax_std_suite.ibm-not-wf-p62-ibm62n06.html"></testcase><testcase group="testcases8.testcases25.testcases79" name="ibm-not-wf-P62-ibm62n07" time="0.014430" timestamp="2012-11-19T15:50:57" log="/home/karl/tmp/otp_tests/logs/xmerl_test_logs/ct_run.ct@devbox.2012-11-19_15.49.06/tests.xmerl_test.logs/run.2012-11-19_15.49.40/xmerl_sax_std_suite.ibm-not-wf-p62-ibm62n07.html"></testcase><testcase group="testcases8.testcases25.testcases79" name="ibm-not-wf-P62-ibm62n08" time="0.014840" timestamp="2012-11-19T15:50:57" log="/home/karl/tmp/otp_tests/logs/xmerl_test_logs/ct_run.ct@devbox.2012-11-19_15.49.06/tests.xmerl_test.logs/run.2012-11-19_15.49.40/xmerl_sax_std_suite.ibm-not-wf-p62-ibm62n08.html"></testcase><testcase group="testcases8.testcases25.testcases79" name="end_per_group" time="0.013264" timestamp="2012-11-19T15:50:57" log="/home/karl/tmp/otp_tests/logs/xmerl_test_logs/ct_run.ct@devbox.2012-11-19_15.49.06/tests.xmerl_test.logs/run.2012-11-19_15.49.40/xmerl_sax_std_suite.end_per_group.336657.597.html"></testcase><testcase group="testcases8.testcases25.testcases80" name="init_per_group" time="0.016827" timestamp="2012-11-19T15:50:57" log="/home/karl/tmp/otp_tests/logs/xmerl_test_logs/ct_run.ct@devbox.2012-11-19_15.49.06/tests.xmerl_test.logs/run.2012-11-19_15.49.40/xmerl_sax_std_suite.init_per_group.336657.651.html"></testcase><testcase group="testcases8.testcases25.testcases80" name="ibm-not-wf-P63-ibm63n01" time="0.015375" timestamp="2012-11-19T15:50:57" log="/home/karl/tmp/otp_tests/logs/xmerl_test_logs/ct_run.ct@devbox.2012-11-19_15.49.06/tests.xmerl_test.logs/run.2012-11-19_15.49.40/xmerl_sax_std_suite.ibm-not-wf-p63-ibm63n01.html"></testcase><testcase group="testcases8.testcases25.testcases80" name="ibm-not-wf-P63-ibm63n02" time="0.022997" timestamp="2012-11-19T15:50:57" log="/home/karl/tmp/otp_tests/logs/xmerl_test_logs/ct_run.ct@devbox.2012-11-19_15.49.06/tests.xmerl_test.logs/run.2012-11-19_15.49.40/xmerl_sax_std_suite.ibm-not-wf-p63-ibm63n02.html"></testcase><testcase group="testcases8.testcases25.testcases80" name="ibm-not-wf-P63-ibm63n03" time="0.015381" timestamp="2012-11-19T15:50:57" log="/home/karl/tmp/otp_tests/logs/xmerl_test_logs/ct_run.ct@devbox.2012-11-19_15.49.06/tests.xmerl_test.logs/run.2012-11-19_15.49.40/xmerl_sax_std_suite.ibm-not-wf-p63-ibm63n03.html"></testcase><testcase group="testcases8.testcases25.testcases80" name="ibm-not-wf-P63-ibm63n04" time="0.015848" timestamp="2012-11-19T15:50:57" log="/home/karl/tmp/otp_tests/logs/xmerl_test_logs/ct_run.ct@devbox.2012-11-19_15.49.06/tests.xmerl_test.logs/run.2012-11-19_15.49.40/xmerl_sax_std_suite.ibm-not-wf-p63-ibm63n04.html"></testcase><testcase group="testcases8.testcases25.testcases80" name="ibm-not-wf-P63-ibm63n05" time="0.015339" timestamp="2012-11-19T15:50:57" log="/home/karl/tmp/otp_tests/logs/xmerl_test_logs/ct_run.ct@devbox.2012-11-19_15.49.06/tests.xmerl_test.logs/run.2012-11-19_15.49.40/xmerl_sax_std_suite.ibm-not-wf-p63-ibm63n05.html"></testcase><testcase group="testcases8.testcases25.testcases80" name="ibm-not-wf-P63-ibm63n06" time="0.015465" timestamp="2012-11-19T15:50:57" log="/home/karl/tmp/otp_tests/logs/xmerl_test_logs/ct_run.ct@devbox.2012-11-19_15.49.06/tests.xmerl_test.logs/run.2012-11-19_15.49.40/xmerl_sax_std_suite.ibm-not-wf-p63-ibm63n06.html"></testcase><testcase group="testcases8.testcases25.testcases80" name="ibm-not-wf-P63-ibm63n07" time="0.015161" timestamp="2012-11-19T15:50:58" log="/home/karl/tmp/otp_tests/logs/xmerl_test_logs/ct_run.ct@devbox.2012-11-19_15.49.06/tests.xmerl_test.logs/run.2012-11-19_15.49.40/xmerl_sax_std_suite.ibm-not-wf-p63-ibm63n07.html"></testcase><testcase group="testcases8.testcases25.testcases80" name="end_per_group" time="0.014525" timestamp="2012-11-19T15:50:58" log="/home/karl/tmp/otp_tests/logs/xmerl_test_logs/ct_run.ct@devbox.2012-11-19_15.49.06/tests.xmerl_test.logs/run.2012-11-19_15.49.40/xmerl_sax_std_suite.end_per_group.336658.96.html"></testcase><testcase group="testcases8.testcases25.testcases81" name="init_per_group" time="0.013753" timestamp="2012-11-19T15:50:58" log="/home/karl/tmp/otp_tests/logs/xmerl_test_logs/ct_run.ct@devbox.2012-11-19_15.49.06/tests.xmerl_test.logs/run.2012-11-19_15.49.40/xmerl_sax_std_suite.init_per_group.336658.150.html"></testcase><testcase group="testcases8.testcases25.testcases81" name="ibm-not-wf-P64-ibm64n01" time="0.017551" timestamp="2012-11-19T15:50:58" log="/home/karl/tmp/otp_tests/logs/xmerl_test_logs/ct_run.ct@devbox.2012-11-19_15.49.06/tests.xmerl_test.logs/run.2012-11-19_15.49.40/xmerl_sax_std_suite.ibm-not-wf-p64-ibm64n01.html"></testcase><testcase group="testcases8.testcases25.testcases81" name="ibm-not-wf-P64-ibm64n02" time="0.032505" timestamp="2012-11-19T15:50:58" log="/home/karl/tmp/otp_tests/logs/xmerl_test_logs/ct_run.ct@devbox.2012-11-19_15.49.06/tests.xmerl_test.logs/run.2012-11-19_15.49.40/xmerl_sax_std_suite.ibm-not-wf-p64-ibm64n02.html"></testcase><testcase group="testcases8.testcases25.testcases81" name="ibm-not-wf-P64-ibm64n03" time="0.033560" timestamp="2012-11-19T15:50:58" log="/home/karl/tmp/otp_tests/logs/xmerl_test_logs/ct_run.ct@devbox.2012-11-19_15.49.06/tests.xmerl_test.logs/run.2012-11-19_15.49.40/xmerl_sax_std_suite.ibm-not-wf-p64-ibm64n03.html"></testcase><testcase group="testcases8.testcases25.testcases81" name="end_per_group" time="0.015345" timestamp="2012-11-19T15:50:58" log="/home/karl/tmp/otp_tests/logs/xmerl_test_logs/ct_run.ct@devbox.2012-11-19_15.49.06/tests.xmerl_test.logs/run.2012-11-19_15.49.40/xmerl_sax_std_suite.end_per_group.336658.441.html"></testcase><testcase group="testcases8.testcases25.testcases82" name="init_per_group" time="0.015199" timestamp="2012-11-19T15:50:58" log="/home/karl/tmp/otp_tests/logs/xmerl_test_logs/ct_run.ct@devbox.2012-11-19_15.49.06/tests.xmerl_test.logs/run.2012-11-19_15.49.40/xmerl_sax_std_suite.init_per_group.336658.495.html"></testcase><testcase group="testcases8.testcases25.testcases82" name="ibm-not-wf-P65-ibm65n01" time="0.017305" timestamp="2012-11-19T15:50:58" log="/home/karl/tmp/otp_tests/logs/xmerl_test_logs/ct_run.ct@devbox.2012-11-19_15.49.06/tests.xmerl_test.logs/run.2012-11-19_15.49.40/xmerl_sax_std_suite.ibm-not-wf-p65-ibm65n01.html"></testcase><testcase group="testcases8.testcases25.testcases82" name="ibm-not-wf-P65-ibm65n02" time="0.015484" timestamp="2012-11-19T15:50:58" log="/home/karl/tmp/otp_tests/logs/xmerl_test_logs/ct_run.ct@devbox.2012-11-19_15.49.06/tests.xmerl_test.logs/run.2012-11-19_15.49.40/xmerl_sax_std_suite.ibm-not-wf-p65-ibm65n02.html"></testcase><testcase group="testcases8.testcases25.testcases82" name="end_per_group" time="0.015873" timestamp="2012-11-19T15:50:58" log="/home/karl/tmp/otp_tests/logs/xmerl_test_logs/ct_run.ct@devbox.2012-11-19_15.49.06/tests.xmerl_test.logs/run.2012-11-19_15.49.40/xmerl_sax_std_suite.end_per_group.336658.664.html"></testcase><testcase group="testcases8.testcases25.testcases83" name="init_per_group" time="0.014023" timestamp="2012-11-19T15:50:58" log="/home/karl/tmp/otp_tests/logs/xmerl_test_logs/ct_run.ct@devbox.2012-11-19_15.49.06/tests.xmerl_test.logs/run.2012-11-19_15.49.40/xmerl_sax_std_suite.init_per_group.336658.720.html"></testcase><testcase group="testcases8.testcases25.testcases83" name="ibm-not-wf-P66-ibm66n01" time="0.022320" timestamp="2012-11-19T15:50:58" log="/home/karl/tmp/otp_tests/logs/xmerl_test_logs/ct_run.ct@devbox.2012-11-19_15.49.06/tests.xmerl_test.logs/run.2012-11-19_15.49.40/xmerl_sax_std_suite.ibm-not-wf-p66-ibm66n01.html"></testcase><testcase group="testcases8.testcases25.testcases83" name="ibm-not-wf-P66-ibm66n02" time="0.016403" timestamp="2012-11-19T15:50:58" log="/home/karl/tmp/otp_tests/logs/xmerl_test_logs/ct_run.ct@devbox.2012-11-19_15.49.06/tests.xmerl_test.logs/run.2012-11-19_15.49.40/xmerl_sax_std_suite.ibm-not-wf-p66-ibm66n02.html"></testcase><testcase group="testcases8.testcases25.testcases83" name="ibm-not-wf-P66-ibm66n03" time="0.015368" timestamp="2012-11-19T15:50:58" log="/home/karl/tmp/otp_tests/logs/xmerl_test_logs/ct_run.ct@devbox.2012-11-19_15.49.06/tests.xmerl_test.logs/run.2012-11-19_15.49.40/xmerl_sax_std_suite.ibm-not-wf-p66-ibm66n03.html"></testcase><testcase group="testcases8.testcases25.testcases83" name="ibm-not-wf-P66-ibm66n04" time="0.015829" timestamp="2012-11-19T15:50:58" log="/home/karl/tmp/otp_tests/logs/xmerl_test_logs/ct_run.ct@devbox.2012-11-19_15.49.06/tests.xmerl_test.logs/run.2012-11-19_15.49.40/xmerl_sax_std_suite.ibm-not-wf-p66-ibm66n04.html"></testcase><testcase group="testcases8.testcases25.testcases83" name="ibm-not-wf-P66-ibm66n05" time="0.015924" timestamp="2012-11-19T15:50:59" log="/home/karl/tmp/otp_tests/logs/xmerl_test_logs/ct_run.ct@devbox.2012-11-19_15.49.06/tests.xmerl_test.logs/run.2012-11-19_15.49.40/xmerl_sax_std_suite.ibm-not-wf-p66-ibm66n05.html"></testcase><testcase group="testcases8.testcases25.testcases83" name="ibm-not-wf-P66-ibm66n06" time="0.015931" timestamp="2012-11-19T15:50:59" log="/home/karl/tmp/otp_tests/logs/xmerl_test_logs/ct_run.ct@devbox.2012-11-19_15.49.06/tests.xmerl_test.logs/run.2012-11-19_15.49.40/xmerl_sax_std_suite.ibm-not-wf-p66-ibm66n06.html"></testcase><testcase group="testcases8.testcases25.testcases83" name="ibm-not-wf-P66-ibm66n07" time="0.022523" timestamp="2012-11-19T15:50:59" log="/home/karl/tmp/otp_tests/logs/xmerl_test_logs/ct_run.ct@devbox.2012-11-19_15.49.06/tests.xmerl_test.logs/run.2012-11-19_15.49.40/xmerl_sax_std_suite.ibm-not-wf-p66-ibm66n07.html"></testcase><testcase group="testcases8.testcases25.testcases83" name="ibm-not-wf-P66-ibm66n08" time="0.015247" timestamp="2012-11-19T15:50:59" log="/home/karl/tmp/otp_tests/logs/xmerl_test_logs/ct_run.ct@devbox.2012-11-19_15.49.06/tests.xmerl_test.logs/run.2012-11-19_15.49.40/xmerl_sax_std_suite.ibm-not-wf-p66-ibm66n08.html"></testcase><testcase group="testcases8.testcases25.testcases83" name="ibm-not-wf-P66-ibm66n09" time="0.016642" timestamp="2012-11-19T15:50:59" log="/home/karl/tmp/otp_tests/logs/xmerl_test_logs/ct_run.ct@devbox.2012-11-19_15.49.06/tests.xmerl_test.logs/run.2012-11-19_15.49.40/xmerl_sax_std_suite.ibm-not-wf-p66-ibm66n09.html"></testcase><testcase group="testcases8.testcases25.testcases83" name="ibm-not-wf-P66-ibm66n10" time="0.015498" timestamp="2012-11-19T15:50:59" log="/home/karl/tmp/otp_tests/logs/xmerl_test_logs/ct_run.ct@devbox.2012-11-19_15.49.06/tests.xmerl_test.logs/run.2012-11-19_15.49.40/xmerl_sax_std_suite.ibm-not-wf-p66-ibm66n10.html"></testcase><testcase group="testcases8.testcases25.testcases83" name="ibm-not-wf-P66-ibm66n11" time="0.015594" timestamp="2012-11-19T15:50:59" log="/home/karl/tmp/otp_tests/logs/xmerl_test_logs/ct_run.ct@devbox.2012-11-19_15.49.06/tests.xmerl_test.logs/run.2012-11-19_15.49.40/xmerl_sax_std_suite.ibm-not-wf-p66-ibm66n11.html"></testcase><testcase group="testcases8.testcases25.testcases83" name="ibm-not-wf-P66-ibm66n12" time="0.015969" timestamp="2012-11-19T15:50:59" log="/home/karl/tmp/otp_tests/logs/xmerl_test_logs/ct_run.ct@devbox.2012-11-19_15.49.06/tests.xmerl_test.logs/run.2012-11-19_15.49.40/xmerl_sax_std_suite.ibm-not-wf-p66-ibm66n12.html"></testcase><testcase group="testcases8.testcases25.testcases83" name="ibm-not-wf-P66-ibm66n13" time="0.015062" timestamp="2012-11-19T15:50:59" log="/home/karl/tmp/otp_tests/logs/xmerl_test_logs/ct_run.ct@devbox.2012-11-19_15.49.06/tests.xmerl_test.logs/run.2012-11-19_15.49.40/xmerl_sax_std_suite.ibm-not-wf-p66-ibm66n13.html"></testcase><testcase group="testcases8.testcases25.testcases83" name="ibm-not-wf-P66-ibm66n14" time="0.015377" timestamp="2012-11-19T15:50:59" log="/home/karl/tmp/otp_tests/logs/xmerl_test_logs/ct_run.ct@devbox.2012-11-19_15.49.06/tests.xmerl_test.logs/run.2012-11-19_15.49.40/xmerl_sax_std_suite.ibm-not-wf-p66-ibm66n14.html"></testcase><testcase group="testcases8.testcases25.testcases83" name="ibm-not-wf-P66-ibm66n15" time="0.015332" timestamp="2012-11-19T15:50:59" log="/home/karl/tmp/otp_tests/logs/xmerl_test_logs/ct_run.ct@devbox.2012-11-19_15.49.06/tests.xmerl_test.logs/run.2012-11-19_15.49.40/xmerl_sax_std_suite.ibm-not-wf-p66-ibm66n15.html"></testcase><testcase group="testcases8.testcases25.testcases83" name="end_per_group" time="0.025180" timestamp="2012-11-19T15:50:59" log="/home/karl/tmp/otp_tests/logs/xmerl_test_logs/ct_run.ct@devbox.2012-11-19_15.49.06/tests.xmerl_test.logs/run.2012-11-19_15.49.40/xmerl_sax_std_suite.end_per_group.336659.658.html"></testcase><testcase group="testcases8.testcases25.testcases84" name="init_per_group" time="0.014927" timestamp="2012-11-19T15:50:59" log="/home/karl/tmp/otp_tests/logs/xmerl_test_logs/ct_run.ct@devbox.2012-11-19_15.49.06/tests.xmerl_test.logs/run.2012-11-19_15.49.40/xmerl_sax_std_suite.init_per_group.336659.722.html"></testcase><testcase group="testcases8.testcases25.testcases84" name="ibm-not-wf-P68-ibm68n01" time="0.022985" timestamp="2012-11-19T15:50:59" log="/home/karl/tmp/otp_tests/logs/xmerl_test_logs/ct_run.ct@devbox.2012-11-19_15.49.06/tests.xmerl_test.logs/run.2012-11-19_15.49.40/xmerl_sax_std_suite.ibm-not-wf-p68-ibm68n01.html"></testcase><testcase group="testcases8.testcases25.testcases84" name="ibm-not-wf-P68-ibm68n02" time="0.015467" timestamp="2012-11-19T15:50:59" log="/home/karl/tmp/otp_tests/logs/xmerl_test_logs/ct_run.ct@devbox.2012-11-19_15.49.06/tests.xmerl_test.logs/run.2012-11-19_15.49.40/xmerl_sax_std_suite.ibm-not-wf-p68-ibm68n02.html"></testcase><testcase group="testcases8.testcases25.testcases84" name="ibm-not-wf-P68-ibm68n03" time="0.015182" timestamp="2012-11-19T15:50:59" log="/home/karl/tmp/otp_tests/logs/xmerl_test_logs/ct_run.ct@devbox.2012-11-19_15.49.06/tests.xmerl_test.logs/run.2012-11-19_15.49.40/xmerl_sax_std_suite.ibm-not-wf-p68-ibm68n03.html"></testcase><testcase group="testcases8.testcases25.testcases84" name="ibm-not-wf-P68-ibm68n04" time="0.015843" timestamp="2012-11-19T15:50:59" log="/home/karl/tmp/otp_tests/logs/xmerl_test_logs/ct_run.ct@devbox.2012-11-19_15.49.06/tests.xmerl_test.logs/run.2012-11-19_15.49.40/xmerl_sax_std_suite.ibm-not-wf-p68-ibm68n04.html"></testcase><testcase group="testcases8.testcases25.testcases84" name="ibm-not-wf-P68-ibm68n05" time="0.015343" timestamp="2012-11-19T15:51:00" log="/home/karl/tmp/otp_tests/logs/xmerl_test_logs/ct_run.ct@devbox.2012-11-19_15.49.06/tests.xmerl_test.logs/run.2012-11-19_15.49.40/xmerl_sax_std_suite.ibm-not-wf-p68-ibm68n05.html"></testcase><testcase group="testcases8.testcases25.testcases84" name="ibm-not-wf-P68-ibm68n06" time="0.015329" timestamp="2012-11-19T15:51:00" log="/home/karl/tmp/otp_tests/logs/xmerl_test_logs/ct_run.ct@devbox.2012-11-19_15.49.06/tests.xmerl_test.logs/run.2012-11-19_15.49.40/xmerl_sax_std_suite.ibm-not-wf-p68-ibm68n06.html"><skipped type="skip" message="Test ibm-not-wf-P68-ibm68n06 in xmerl_sax_std_SUITE skipped!">{tc_user_skip,{skipped,&quot;NYI&quot;}}</skipped></testcase><testcase group="testcases8.testcases25.testcases84" name="ibm-not-wf-P68-ibm68n07" time="0.018332" timestamp="2012-11-19T15:51:00" log="/home/karl/tmp/otp_tests/logs/xmerl_test_logs/ct_run.ct@devbox.2012-11-19_15.49.06/tests.xmerl_test.logs/run.2012-11-19_15.49.40/xmerl_sax_std_suite.ibm-not-wf-p68-ibm68n07.html"></testcase><testcase group="testcases8.testcases25.testcases84" name="ibm-not-wf-P68-ibm68n08" time="0.014674" timestamp="2012-11-19T15:51:00" log="/home/karl/tmp/otp_tests/logs/xmerl_test_logs/ct_run.ct@devbox.2012-11-19_15.49.06/tests.xmerl_test.logs/run.2012-11-19_15.49.40/xmerl_sax_std_suite.ibm-not-wf-p68-ibm68n08.html"></testcase><testcase group="testcases8.testcases25.testcases84" name="ibm-not-wf-P68-ibm68n09" time="0.015534" timestamp="2012-11-19T15:51:00" log="/home/karl/tmp/otp_tests/logs/xmerl_test_logs/ct_run.ct@devbox.2012-11-19_15.49.06/tests.xmerl_test.logs/run.2012-11-19_15.49.40/xmerl_sax_std_suite.ibm-not-wf-p68-ibm68n09.html"><skipped type="skip" message="Test ibm-not-wf-P68-ibm68n09 in xmerl_sax_std_SUITE skipped!">{tc_user_skip,{skipped,&quot;No loop detection yet&quot;}}</skipped></testcase><testcase group="testcases8.testcases25.testcases84" name="ibm-not-wf-P68-ibm68n10" time="0.016016" timestamp="2012-11-19T15:51:00" log="/home/karl/tmp/otp_tests/logs/xmerl_test_logs/ct_run.ct@devbox.2012-11-19_15.49.06/tests.xmerl_test.logs/run.2012-11-19_15.49.40/xmerl_sax_std_suite.ibm-not-wf-p68-ibm68n10.html"><skipped type="skip" message="Test ibm-not-wf-P68-ibm68n10 in xmerl_sax_std_SUITE skipped!">{tc_user_skip,{skipped,&quot;No loop detection yet&quot;}}</skipped></testcase><testcase group="testcases8.testcases25.testcases84" name="end_per_group" time="0.014289" timestamp="2012-11-19T15:51:00" log="/home/karl/tmp/otp_tests/logs/xmerl_test_logs/ct_run.ct@devbox.2012-11-19_15.49.06/tests.xmerl_test.logs/run.2012-11-19_15.49.40/xmerl_sax_std_suite.end_per_group.336660.389.html"></testcase><testcase group="testcases8.testcases25.testcases85" name="init_per_group" time="0.015086" timestamp="2012-11-19T15:51:00" log="/home/karl/tmp/otp_tests/logs/xmerl_test_logs/ct_run.ct@devbox.2012-11-19_15.49.06/tests.xmerl_test.logs/run.2012-11-19_15.49.40/xmerl_sax_std_suite.init_per_group.336660.442.html"></testcase><testcase group="testcases8.testcases25.testcases85" name="ibm-not-wf-P69-ibm69n01" time="0.015853" timestamp="2012-11-19T15:51:00" log="/home/karl/tmp/otp_tests/logs/xmerl_test_logs/ct_run.ct@devbox.2012-11-19_15.49.06/tests.xmerl_test.logs/run.2012-11-19_15.49.40/xmerl_sax_std_suite.ibm-not-wf-p69-ibm69n01.html"></testcase><testcase group="testcases8.testcases25.testcases85" name="ibm-not-wf-P69-ibm69n02" time="0.016065" timestamp="2012-11-19T15:51:00" log="/home/karl/tmp/otp_tests/logs/xmerl_test_logs/ct_run.ct@devbox.2012-11-19_15.49.06/tests.xmerl_test.logs/run.2012-11-19_15.49.40/xmerl_sax_std_suite.ibm-not-wf-p69-ibm69n02.html"></testcase><testcase group="testcases8.testcases25.testcases85" name="ibm-not-wf-P69-ibm69n03" time="0.015638" timestamp="2012-11-19T15:51:00" log="/home/karl/tmp/otp_tests/logs/xmerl_test_logs/ct_run.ct@devbox.2012-11-19_15.49.06/tests.xmerl_test.logs/run.2012-11-19_15.49.40/xmerl_sax_std_suite.ibm-not-wf-p69-ibm69n03.html"></testcase><testcase group="testcases8.testcases25.testcases85" name="ibm-not-wf-P69-ibm69n04" time="0.025078" timestamp="2012-11-19T15:51:00" log="/home/karl/tmp/otp_tests/logs/xmerl_test_logs/ct_run.ct@devbox.2012-11-19_15.49.06/tests.xmerl_test.logs/run.2012-11-19_15.49.40/xmerl_sax_std_suite.ibm-not-wf-p69-ibm69n04.html"></testcase><testcase group="testcases8.testcases25.testcases85" name="ibm-not-wf-P69-ibm69n05" time="0.016171" timestamp="2012-11-19T15:51:00" log="/home/karl/tmp/otp_tests/logs/xmerl_test_logs/ct_run.ct@devbox.2012-11-19_15.49.06/tests.xmerl_test.logs/run.2012-11-19_15.49.40/xmerl_sax_std_suite.ibm-not-wf-p69-ibm69n05.html"></testcase><testcase group="testcases8.testcases25.testcases85" name="ibm-not-wf-P69-ibm69n06" time="0.021132" timestamp="2012-11-19T15:51:00" log="/home/karl/tmp/otp_tests/logs/xmerl_test_logs/ct_run.ct@devbox.2012-11-19_15.49.06/tests.xmerl_test.logs/run.2012-11-19_15.49.40/xmerl_sax_std_suite.ibm-not-wf-p69-ibm69n06.html"><skipped type="skip" message="Test ibm-not-wf-P69-ibm69n06 in xmerl_sax_std_SUITE skipped!">{tc_user_skip,{skipped,&quot;No loop detection yet&quot;}}</skipped></testcase><testcase group="testcases8.testcases25.testcases85" name="ibm-not-wf-P69-ibm69n07" time="0.016797" timestamp="2012-11-19T15:51:00" log="/home/karl/tmp/otp_tests/logs/xmerl_test_logs/ct_run.ct@devbox.2012-11-19_15.49.06/tests.xmerl_test.logs/run.2012-11-19_15.49.40/xmerl_sax_std_suite.ibm-not-wf-p69-ibm69n07.html"><skipped type="skip" message="Test ibm-not-wf-P69-ibm69n07 in xmerl_sax_std_SUITE skipped!">{tc_user_skip,{skipped,&quot;No loop detection yet&quot;}}</skipped></testcase><testcase group="testcases8.testcases25.testcases85" name="end_per_group" time="0.014489" timestamp="2012-11-19T15:51:00" log="/home/karl/tmp/otp_tests/logs/xmerl_test_logs/ct_run.ct@devbox.2012-11-19_15.49.06/tests.xmerl_test.logs/run.2012-11-19_15.49.40/xmerl_sax_std_suite.end_per_group.336660.938.html"></testcase><testcase group="testcases8.testcases25.testcases86" name="init_per_group" time="0.014676" timestamp="2012-11-19T15:51:01" log="/home/karl/tmp/otp_tests/logs/xmerl_test_logs/ct_run.ct@devbox.2012-11-19_15.49.06/tests.xmerl_test.logs/run.2012-11-19_15.49.40/xmerl_sax_std_suite.init_per_group.336660.992.html"></testcase><testcase group="testcases8.testcases25.testcases86" name="ibm-not-wf-P71-ibm70n01" time="0.015778" timestamp="2012-11-19T15:51:01" log="/home/karl/tmp/otp_tests/logs/xmerl_test_logs/ct_run.ct@devbox.2012-11-19_15.49.06/tests.xmerl_test.logs/run.2012-11-19_15.49.40/xmerl_sax_std_suite.ibm-not-wf-p71-ibm70n01.html"></testcase><testcase group="testcases8.testcases25.testcases86" name="ibm-not-wf-P71-ibm71n01" time="0.015580" timestamp="2012-11-19T15:51:01" log="/home/karl/tmp/otp_tests/logs/xmerl_test_logs/ct_run.ct@devbox.2012-11-19_15.49.06/tests.xmerl_test.logs/run.2012-11-19_15.49.40/xmerl_sax_std_suite.ibm-not-wf-p71-ibm71n01.html"></testcase><testcase group="testcases8.testcases25.testcases86" name="ibm-not-wf-P71-ibm71n02" time="0.015315" timestamp="2012-11-19T15:51:01" log="/home/karl/tmp/otp_tests/logs/xmerl_test_logs/ct_run.ct@devbox.2012-11-19_15.49.06/tests.xmerl_test.logs/run.2012-11-19_15.49.40/xmerl_sax_std_suite.ibm-not-wf-p71-ibm71n02.html"></testcase><testcase group="testcases8.testcases25.testcases86" name="ibm-not-wf-P71-ibm71n03" time="0.015913" timestamp="2012-11-19T15:51:01" log="/home/karl/tmp/otp_tests/logs/xmerl_test_logs/ct_run.ct@devbox.2012-11-19_15.49.06/tests.xmerl_test.logs/run.2012-11-19_15.49.40/xmerl_sax_std_suite.ibm-not-wf-p71-ibm71n03.html"></testcase><testcase group="testcases8.testcases25.testcases86" name="ibm-not-wf-P71-ibm71n04" time="0.015696" timestamp="2012-11-19T15:51:01" log="/home/karl/tmp/otp_tests/logs/xmerl_test_logs/ct_run.ct@devbox.2012-11-19_15.49.06/tests.xmerl_test.logs/run.2012-11-19_15.49.40/xmerl_sax_std_suite.ibm-not-wf-p71-ibm71n04.html"></testcase><testcase group="testcases8.testcases25.testcases86" name="ibm-not-wf-P71-ibm71n05" time="0.014884" timestamp="2012-11-19T15:51:01" log="/home/karl/tmp/otp_tests/logs/xmerl_test_logs/ct_run.ct@devbox.2012-11-19_15.49.06/tests.xmerl_test.logs/run.2012-11-19_15.49.40/xmerl_sax_std_suite.ibm-not-wf-p71-ibm71n05.html"></testcase><testcase group="testcases8.testcases25.testcases86" name="ibm-not-wf-P71-ibm71n06" time="0.015243" timestamp="2012-11-19T15:51:01" log="/home/karl/tmp/otp_tests/logs/xmerl_test_logs/ct_run.ct@devbox.2012-11-19_15.49.06/tests.xmerl_test.logs/run.2012-11-19_15.49.40/xmerl_sax_std_suite.ibm-not-wf-p71-ibm71n06.html"></testcase><testcase group="testcases8.testcases25.testcases86" name="ibm-not-wf-P71-ibm71n07" time="0.016367" timestamp="2012-11-19T15:51:01" log="/home/karl/tmp/otp_tests/logs/xmerl_test_logs/ct_run.ct@devbox.2012-11-19_15.49.06/tests.xmerl_test.logs/run.2012-11-19_15.49.40/xmerl_sax_std_suite.ibm-not-wf-p71-ibm71n07.html"></testcase><testcase group="testcases8.testcases25.testcases86" name="ibm-not-wf-P71-ibm71n08" time="0.015934" timestamp="2012-11-19T15:51:01" log="/home/karl/tmp/otp_tests/logs/xmerl_test_logs/ct_run.ct@devbox.2012-11-19_15.49.06/tests.xmerl_test.logs/run.2012-11-19_15.49.40/xmerl_sax_std_suite.ibm-not-wf-p71-ibm71n08.html"></testcase><testcase group="testcases8.testcases25.testcases86" name="end_per_group" time="0.014925" timestamp="2012-11-19T15:51:01" log="/home/karl/tmp/otp_tests/logs/xmerl_test_logs/ct_run.ct@devbox.2012-11-19_15.49.06/tests.xmerl_test.logs/run.2012-11-19_15.49.40/xmerl_sax_std_suite.end_per_group.336661.537.html"></testcase><testcase group="testcases8.testcases25.testcases87" name="init_per_group" time="0.014295" timestamp="2012-11-19T15:51:01" log="/home/karl/tmp/otp_tests/logs/xmerl_test_logs/ct_run.ct@devbox.2012-11-19_15.49.06/tests.xmerl_test.logs/run.2012-11-19_15.49.40/xmerl_sax_std_suite.init_per_group.336661.591.html"></testcase><testcase group="testcases8.testcases25.testcases87" name="ibm-not-wf-P72-ibm72n01" time="0.016603" timestamp="2012-11-19T15:51:01" log="/home/karl/tmp/otp_tests/logs/xmerl_test_logs/ct_run.ct@devbox.2012-11-19_15.49.06/tests.xmerl_test.logs/run.2012-11-19_15.49.40/xmerl_sax_std_suite.ibm-not-wf-p72-ibm72n01.html"></testcase><testcase group="testcases8.testcases25.testcases87" name="ibm-not-wf-P72-ibm72n02" time="0.018011" timestamp="2012-11-19T15:51:01" log="/home/karl/tmp/otp_tests/logs/xmerl_test_logs/ct_run.ct@devbox.2012-11-19_15.49.06/tests.xmerl_test.logs/run.2012-11-19_15.49.40/xmerl_sax_std_suite.ibm-not-wf-p72-ibm72n02.html"></testcase><testcase group="testcases8.testcases25.testcases87" name="ibm-not-wf-P72-ibm72n03" time="0.019571" timestamp="2012-11-19T15:51:01" log="/home/karl/tmp/otp_tests/logs/xmerl_test_logs/ct_run.ct@devbox.2012-11-19_15.49.06/tests.xmerl_test.logs/run.2012-11-19_15.49.40/xmerl_sax_std_suite.ibm-not-wf-p72-ibm72n03.html"></testcase><testcase group="testcases8.testcases25.testcases87" name="ibm-not-wf-P72-ibm72n04" time="0.016074" timestamp="2012-11-19T15:51:01" log="/home/karl/tmp/otp_tests/logs/xmerl_test_logs/ct_run.ct@devbox.2012-11-19_15.49.06/tests.xmerl_test.logs/run.2012-11-19_15.49.40/xmerl_sax_std_suite.ibm-not-wf-p72-ibm72n04.html"></testcase><testcase group="testcases8.testcases25.testcases87" name="ibm-not-wf-P72-ibm72n05" time="0.015548" timestamp="2012-11-19T15:51:01" log="/home/karl/tmp/otp_tests/logs/xmerl_test_logs/ct_run.ct@devbox.2012-11-19_15.49.06/tests.xmerl_test.logs/run.2012-11-19_15.49.40/xmerl_sax_std_suite.ibm-not-wf-p72-ibm72n05.html"></testcase><testcase group="testcases8.testcases25.testcases87" name="ibm-not-wf-P72-ibm72n06" time="0.015542" timestamp="2012-11-19T15:51:01" log="/home/karl/tmp/otp_tests/logs/xmerl_test_logs/ct_run.ct@devbox.2012-11-19_15.49.06/tests.xmerl_test.logs/run.2012-11-19_15.49.40/xmerl_sax_std_suite.ibm-not-wf-p72-ibm72n06.html"></testcase><testcase group="testcases8.testcases25.testcases87" name="ibm-not-wf-P72-ibm72n07" time="0.016059" timestamp="2012-11-19T15:51:01" log="/home/karl/tmp/otp_tests/logs/xmerl_test_logs/ct_run.ct@devbox.2012-11-19_15.49.06/tests.xmerl_test.logs/run.2012-11-19_15.49.40/xmerl_sax_std_suite.ibm-not-wf-p72-ibm72n07.html"></testcase><testcase group="testcases8.testcases25.testcases87" name="ibm-not-wf-P72-ibm72n08" time="0.015997" timestamp="2012-11-19T15:51:02" log="/home/karl/tmp/otp_tests/logs/xmerl_test_logs/ct_run.ct@devbox.2012-11-19_15.49.06/tests.xmerl_test.logs/run.2012-11-19_15.49.40/xmerl_sax_std_suite.ibm-not-wf-p72-ibm72n08.html"></testcase><testcase group="testcases8.testcases25.testcases87" name="ibm-not-wf-P72-ibm72n09" time="0.016532" timestamp="2012-11-19T15:51:02" log="/home/karl/tmp/otp_tests/logs/xmerl_test_logs/ct_run.ct@devbox.2012-11-19_15.49.06/tests.xmerl_test.logs/run.2012-11-19_15.49.40/xmerl_sax_std_suite.ibm-not-wf-p72-ibm72n09.html"></testcase><testcase group="testcases8.testcases25.testcases87" name="end_per_group" time="0.020768" timestamp="2012-11-19T15:51:02" log="/home/karl/tmp/otp_tests/logs/xmerl_test_logs/ct_run.ct@devbox.2012-11-19_15.49.06/tests.xmerl_test.logs/run.2012-11-19_15.49.40/xmerl_sax_std_suite.end_per_group.336662.153.html"></testcase><testcase group="testcases8.testcases25.testcases88" name="init_per_group" time="0.016356" timestamp="2012-11-19T15:51:02" log="/home/karl/tmp/otp_tests/logs/xmerl_test_logs/ct_run.ct@devbox.2012-11-19_15.49.06/tests.xmerl_test.logs/run.2012-11-19_15.49.40/xmerl_sax_std_suite.init_per_group.336662.213.html"></testcase><testcase group="testcases8.testcases25.testcases88" name="ibm-not-wf-P73-ibm73n01" time="0.016195" timestamp="2012-11-19T15:51:02" log="/home/karl/tmp/otp_tests/logs/xmerl_test_logs/ct_run.ct@devbox.2012-11-19_15.49.06/tests.xmerl_test.logs/run.2012-11-19_15.49.40/xmerl_sax_std_suite.ibm-not-wf-p73-ibm73n01.html"></testcase><testcase group="testcases8.testcases25.testcases88" name="ibm-not-wf-P73-ibm73n03" time="0.015953" timestamp="2012-11-19T15:51:02" log="/home/karl/tmp/otp_tests/logs/xmerl_test_logs/ct_run.ct@devbox.2012-11-19_15.49.06/tests.xmerl_test.logs/run.2012-11-19_15.49.40/xmerl_sax_std_suite.ibm-not-wf-p73-ibm73n03.html"></testcase><testcase group="testcases8.testcases25.testcases88" name="end_per_group" time="0.015162" timestamp="2012-11-19T15:51:02" log="/home/karl/tmp/otp_tests/logs/xmerl_test_logs/ct_run.ct@devbox.2012-11-19_15.49.06/tests.xmerl_test.logs/run.2012-11-19_15.49.40/xmerl_sax_std_suite.end_per_group.336662.378.html"></testcase><testcase group="testcases8.testcases25.testcases89" name="init_per_group" time="0.015238" timestamp="2012-11-19T15:51:02" log="/home/karl/tmp/otp_tests/logs/xmerl_test_logs/ct_run.ct@devbox.2012-11-19_15.49.06/tests.xmerl_test.logs/run.2012-11-19_15.49.40/xmerl_sax_std_suite.init_per_group.336662.433.html"></testcase><testcase group="testcases8.testcases25.testcases89" name="ibm-not-wf-P74-ibm74n01" time="0.019359" timestamp="2012-11-19T15:51:02" log="/home/karl/tmp/otp_tests/logs/xmerl_test_logs/ct_run.ct@devbox.2012-11-19_15.49.06/tests.xmerl_test.logs/run.2012-11-19_15.49.40/xmerl_sax_std_suite.ibm-not-wf-p74-ibm74n01.html"></testcase><testcase group="testcases8.testcases25.testcases89" name="end_per_group" time="0.016743" timestamp="2012-11-19T15:51:02" log="/home/karl/tmp/otp_tests/logs/xmerl_test_logs/ct_run.ct@devbox.2012-11-19_15.49.06/tests.xmerl_test.logs/run.2012-11-19_15.49.40/xmerl_sax_std_suite.end_per_group.336662.550.html"></testcase><testcase group="testcases8.testcases25.testcases90" name="init_per_group" time="0.014905" timestamp="2012-11-19T15:51:02" log="/home/karl/tmp/otp_tests/logs/xmerl_test_logs/ct_run.ct@devbox.2012-11-19_15.49.06/tests.xmerl_test.logs/run.2012-11-19_15.49.40/xmerl_sax_std_suite.init_per_group.336662.608.html"></testcase><testcase group="testcases8.testcases25.testcases90" name="ibm-not-wf-P75-ibm75n01" time="0.020080" timestamp="2012-11-19T15:51:02" log="/home/karl/tmp/otp_tests/logs/xmerl_test_logs/ct_run.ct@devbox.2012-11-19_15.49.06/tests.xmerl_test.logs/run.2012-11-19_15.49.40/xmerl_sax_std_suite.ibm-not-wf-p75-ibm75n01.html"></testcase><testcase group="testcases8.testcases25.testcases90" name="ibm-not-wf-P75-ibm75n02" time="0.019214" timestamp="2012-11-19T15:51:02" log="/home/karl/tmp/otp_tests/logs/xmerl_test_logs/ct_run.ct@devbox.2012-11-19_15.49.06/tests.xmerl_test.logs/run.2012-11-19_15.49.40/xmerl_sax_std_suite.ibm-not-wf-p75-ibm75n02.html"></testcase><testcase group="testcases8.testcases25.testcases90" name="ibm-not-wf-P75-ibm75n03" time="0.020037" timestamp="2012-11-19T15:51:02" log="/home/karl/tmp/otp_tests/logs/xmerl_test_logs/ct_run.ct@devbox.2012-11-19_15.49.06/tests.xmerl_test.logs/run.2012-11-19_15.49.40/xmerl_sax_std_suite.ibm-not-wf-p75-ibm75n03.html"></testcase><testcase group="testcases8.testcases25.testcases90" name="ibm-not-wf-P75-ibm75n04" time="0.020009" timestamp="2012-11-19T15:51:02" log="/home/karl/tmp/otp_tests/logs/xmerl_test_logs/ct_run.ct@devbox.2012-11-19_15.49.06/tests.xmerl_test.logs/run.2012-11-19_15.49.40/xmerl_sax_std_suite.ibm-not-wf-p75-ibm75n04.html"></testcase><testcase group="testcases8.testcases25.testcases90" name="ibm-not-wf-P75-ibm75n05" time="0.019307" timestamp="2012-11-19T15:51:02" log="/home/karl/tmp/otp_tests/logs/xmerl_test_logs/ct_run.ct@devbox.2012-11-19_15.49.06/tests.xmerl_test.logs/run.2012-11-19_15.49.40/xmerl_sax_std_suite.ibm-not-wf-p75-ibm75n05.html"></testcase><testcase group="testcases8.testcases25.testcases90" name="ibm-not-wf-P75-ibm75n06" time="0.019953" timestamp="2012-11-19T15:51:02" log="/home/karl/tmp/otp_tests/logs/xmerl_test_logs/ct_run.ct@devbox.2012-11-19_15.49.06/tests.xmerl_test.logs/run.2012-11-19_15.49.40/xmerl_sax_std_suite.ibm-not-wf-p75-ibm75n06.html"></testcase><testcase group="testcases8.testcases25.testcases90" name="ibm-not-wf-P75-ibm75n07" time="0.020088" timestamp="2012-11-19T15:51:03" log="/home/karl/tmp/otp_tests/logs/xmerl_test_logs/ct_run.ct@devbox.2012-11-19_15.49.06/tests.xmerl_test.logs/run.2012-11-19_15.49.40/xmerl_sax_std_suite.ibm-not-wf-p75-ibm75n07.html"></testcase><testcase group="testcases8.testcases25.testcases90" name="ibm-not-wf-P75-ibm75n08" time="0.020307" timestamp="2012-11-19T15:51:03" log="/home/karl/tmp/otp_tests/logs/xmerl_test_logs/ct_run.ct@devbox.2012-11-19_15.49.06/tests.xmerl_test.logs/run.2012-11-19_15.49.40/xmerl_sax_std_suite.ibm-not-wf-p75-ibm75n08.html"></testcase><testcase group="testcases8.testcases25.testcases90" name="ibm-not-wf-P75-ibm75n09" time="0.020026" timestamp="2012-11-19T15:51:03" log="/home/karl/tmp/otp_tests/logs/xmerl_test_logs/ct_run.ct@devbox.2012-11-19_15.49.06/tests.xmerl_test.logs/run.2012-11-19_15.49.40/xmerl_sax_std_suite.ibm-not-wf-p75-ibm75n09.html"></testcase><testcase group="testcases8.testcases25.testcases90" name="ibm-not-wf-P75-ibm75n10" time="0.019908" timestamp="2012-11-19T15:51:03" log="/home/karl/tmp/otp_tests/logs/xmerl_test_logs/ct_run.ct@devbox.2012-11-19_15.49.06/tests.xmerl_test.logs/run.2012-11-19_15.49.40/xmerl_sax_std_suite.ibm-not-wf-p75-ibm75n10.html"></testcase><testcase group="testcases8.testcases25.testcases90" name="ibm-not-wf-P75-ibm75n11" time="0.020550" timestamp="2012-11-19T15:51:03" log="/home/karl/tmp/otp_tests/logs/xmerl_test_logs/ct_run.ct@devbox.2012-11-19_15.49.06/tests.xmerl_test.logs/run.2012-11-19_15.49.40/xmerl_sax_std_suite.ibm-not-wf-p75-ibm75n11.html"></testcase><testcase group="testcases8.testcases25.testcases90" name="ibm-not-wf-P75-ibm75n12" time="0.028405" timestamp="2012-11-19T15:51:03" log="/home/karl/tmp/otp_tests/logs/xmerl_test_logs/ct_run.ct@devbox.2012-11-19_15.49.06/tests.xmerl_test.logs/run.2012-11-19_15.49.40/xmerl_sax_std_suite.ibm-not-wf-p75-ibm75n12.html"></testcase><testcase group="testcases8.testcases25.testcases90" name="ibm-not-wf-P75-ibm75n13" time="0.016459" timestamp="2012-11-19T15:51:03" log="/home/karl/tmp/otp_tests/logs/xmerl_test_logs/ct_run.ct@devbox.2012-11-19_15.49.06/tests.xmerl_test.logs/run.2012-11-19_15.49.40/xmerl_sax_std_suite.ibm-not-wf-p75-ibm75n13.html"></testcase><testcase group="testcases8.testcases25.testcases90" name="end_per_group" time="0.014966" timestamp="2012-11-19T15:51:03" log="/home/karl/tmp/otp_tests/logs/xmerl_test_logs/ct_run.ct@devbox.2012-11-19_15.49.06/tests.xmerl_test.logs/run.2012-11-19_15.49.40/xmerl_sax_std_suite.end_per_group.336663.522.html"></testcase><testcase group="testcases8.testcases25.testcases91" name="init_per_group" time="0.015548" timestamp="2012-11-19T15:51:03" log="/home/karl/tmp/otp_tests/logs/xmerl_test_logs/ct_run.ct@devbox.2012-11-19_15.49.06/tests.xmerl_test.logs/run.2012-11-19_15.49.40/xmerl_sax_std_suite.init_per_group.336663.579.html"></testcase><testcase group="testcases8.testcases25.testcases91" name="ibm-not-wf-P76-ibm76n01" time="0.016374" timestamp="2012-11-19T15:51:03" log="/home/karl/tmp/otp_tests/logs/xmerl_test_logs/ct_run.ct@devbox.2012-11-19_15.49.06/tests.xmerl_test.logs/run.2012-11-19_15.49.40/xmerl_sax_std_suite.ibm-not-wf-p76-ibm76n01.html"></testcase><testcase group="testcases8.testcases25.testcases91" name="ibm-not-wf-P76-ibm76n02" time="0.016411" timestamp="2012-11-19T15:51:03" log="/home/karl/tmp/otp_tests/logs/xmerl_test_logs/ct_run.ct@devbox.2012-11-19_15.49.06/tests.xmerl_test.logs/run.2012-11-19_15.49.40/xmerl_sax_std_suite.ibm-not-wf-p76-ibm76n02.html"></testcase><testcase group="testcases8.testcases25.testcases91" name="ibm-not-wf-P76-ibm76n03" time="0.020678" timestamp="2012-11-19T15:51:03" log="/home/karl/tmp/otp_tests/logs/xmerl_test_logs/ct_run.ct@devbox.2012-11-19_15.49.06/tests.xmerl_test.logs/run.2012-11-19_15.49.40/xmerl_sax_std_suite.ibm-not-wf-p76-ibm76n03.html"></testcase><testcase group="testcases8.testcases25.testcases91" name="ibm-not-wf-P76-ibm76n04" time="0.016146" timestamp="2012-11-19T15:51:03" log="/home/karl/tmp/otp_tests/logs/xmerl_test_logs/ct_run.ct@devbox.2012-11-19_15.49.06/tests.xmerl_test.logs/run.2012-11-19_15.49.40/xmerl_sax_std_suite.ibm-not-wf-p76-ibm76n04.html"></testcase><testcase group="testcases8.testcases25.testcases91" name="ibm-not-wf-P76-ibm76n05" time="0.015800" timestamp="2012-11-19T15:51:03" log="/home/karl/tmp/otp_tests/logs/xmerl_test_logs/ct_run.ct@devbox.2012-11-19_15.49.06/tests.xmerl_test.logs/run.2012-11-19_15.49.40/xmerl_sax_std_suite.ibm-not-wf-p76-ibm76n05.html"></testcase><testcase group="testcases8.testcases25.testcases91" name="ibm-not-wf-P76-ibm76n06" time="0.017354" timestamp="2012-11-19T15:51:03" log="/home/karl/tmp/otp_tests/logs/xmerl_test_logs/ct_run.ct@devbox.2012-11-19_15.49.06/tests.xmerl_test.logs/run.2012-11-19_15.49.40/xmerl_sax_std_suite.ibm-not-wf-p76-ibm76n06.html"></testcase><testcase group="testcases8.testcases25.testcases91" name="ibm-not-wf-P76-ibm76n07" time="0.016826" timestamp="2012-11-19T15:51:03" log="/home/karl/tmp/otp_tests/logs/xmerl_test_logs/ct_run.ct@devbox.2012-11-19_15.49.06/tests.xmerl_test.logs/run.2012-11-19_15.49.40/xmerl_sax_std_suite.ibm-not-wf-p76-ibm76n07.html"></testcase><testcase group="testcases8.testcases25.testcases91" name="end_per_group" time="0.016111" timestamp="2012-11-19T15:51:04" log="/home/karl/tmp/otp_tests/logs/xmerl_test_logs/ct_run.ct@devbox.2012-11-19_15.49.06/tests.xmerl_test.logs/run.2012-11-19_15.49.40/xmerl_sax_std_suite.end_per_group.336664.46.html"></testcase><testcase group="testcases8.testcases25.testcases92" name="init_per_group" time="0.015144" timestamp="2012-11-19T15:51:04" log="/home/karl/tmp/otp_tests/logs/xmerl_test_logs/ct_run.ct@devbox.2012-11-19_15.49.06/tests.xmerl_test.logs/run.2012-11-19_15.49.40/xmerl_sax_std_suite.init_per_group.336664.102.html"></testcase><testcase group="testcases8.testcases25.testcases92" name="ibm-not-wf-P77-ibm77n01" time="0.024562" timestamp="2012-11-19T15:51:04" log="/home/karl/tmp/otp_tests/logs/xmerl_test_logs/ct_run.ct@devbox.2012-11-19_15.49.06/tests.xmerl_test.logs/run.2012-11-19_15.49.40/xmerl_sax_std_suite.ibm-not-wf-p77-ibm77n01.html"></testcase><testcase group="testcases8.testcases25.testcases92" name="ibm-not-wf-P77-ibm77n02" time="0.016801" timestamp="2012-11-19T15:51:04" log="/home/karl/tmp/otp_tests/logs/xmerl_test_logs/ct_run.ct@devbox.2012-11-19_15.49.06/tests.xmerl_test.logs/run.2012-11-19_15.49.40/xmerl_sax_std_suite.ibm-not-wf-p77-ibm77n02.html"><skipped type="skip" message="Test ibm-not-wf-P77-ibm77n02 in xmerl_sax_std_SUITE skipped!">{tc_user_skip,{skipped,&quot;Fix 3&quot;}}</skipped></testcase><testcase group="testcases8.testcases25.testcases92" name="ibm-not-wf-P77-ibm77n03" time="0.019838" timestamp="2012-11-19T15:51:04" log="/home/karl/tmp/otp_tests/logs/xmerl_test_logs/ct_run.ct@devbox.2012-11-19_15.49.06/tests.xmerl_test.logs/run.2012-11-19_15.49.40/xmerl_sax_std_suite.ibm-not-wf-p77-ibm77n03.html"></testcase><testcase group="testcases8.testcases25.testcases92" name="ibm-not-wf-P77-ibm77n04" time="0.016253" timestamp="2012-11-19T15:51:04" log="/home/karl/tmp/otp_tests/logs/xmerl_test_logs/ct_run.ct@devbox.2012-11-19_15.49.06/tests.xmerl_test.logs/run.2012-11-19_15.49.40/xmerl_sax_std_suite.ibm-not-wf-p77-ibm77n04.html"></testcase><testcase group="testcases8.testcases25.testcases92" name="end_per_group" time="0.016026" timestamp="2012-11-19T15:51:04" log="/home/karl/tmp/otp_tests/logs/xmerl_test_logs/ct_run.ct@devbox.2012-11-19_15.49.06/tests.xmerl_test.logs/run.2012-11-19_15.49.40/xmerl_sax_std_suite.end_per_group.336664.438.html"></testcase><testcase group="testcases8.testcases25.testcases93" name="init_per_group" time="0.015972" timestamp="2012-11-19T15:51:04" log="/home/karl/tmp/otp_tests/logs/xmerl_test_logs/ct_run.ct@devbox.2012-11-19_15.49.06/tests.xmerl_test.logs/run.2012-11-19_15.49.40/xmerl_sax_std_suite.init_per_group.336664.494.html"></testcase><testcase group="testcases8.testcases25.testcases93" name="ibm-not-wf-P78-ibm78n01" time="0.016278" timestamp="2012-11-19T15:51:04" log="/home/karl/tmp/otp_tests/logs/xmerl_test_logs/ct_run.ct@devbox.2012-11-19_15.49.06/tests.xmerl_test.logs/run.2012-11-19_15.49.40/xmerl_sax_std_suite.ibm-not-wf-p78-ibm78n01.html"><skipped type="skip" message="Test ibm-not-wf-P78-ibm78n01 in xmerl_sax_std_SUITE skipped!">{tc_user_skip,{skipped,&quot;Fix 3&quot;}}</skipped></testcase><testcase group="testcases8.testcases25.testcases93" name="ibm-not-wf-P78-ibm78n02" time="0.016750" timestamp="2012-11-19T15:51:04" log="/home/karl/tmp/otp_tests/logs/xmerl_test_logs/ct_run.ct@devbox.2012-11-19_15.49.06/tests.xmerl_test.logs/run.2012-11-19_15.49.40/xmerl_sax_std_suite.ibm-not-wf-p78-ibm78n02.html"><skipped type="skip" message="Test ibm-not-wf-P78-ibm78n02 in xmerl_sax_std_SUITE skipped!">{tc_user_skip,{skipped,&quot;Fix 3&quot;}}</skipped></testcase><testcase group="testcases8.testcases25.testcases93" name="end_per_group" time="0.015859" timestamp="2012-11-19T15:51:04" log="/home/karl/tmp/otp_tests/logs/xmerl_test_logs/ct_run.ct@devbox.2012-11-19_15.49.06/tests.xmerl_test.logs/run.2012-11-19_15.49.40/xmerl_sax_std_suite.end_per_group.336664.699.html"></testcase><testcase group="testcases8.testcases25.testcases94" name="init_per_group" time="0.015525" timestamp="2012-11-19T15:51:04" log="/home/karl/tmp/otp_tests/logs/xmerl_test_logs/ct_run.ct@devbox.2012-11-19_15.49.06/tests.xmerl_test.logs/run.2012-11-19_15.49.40/xmerl_sax_std_suite.init_per_group.336664.755.html"></testcase><testcase group="testcases8.testcases25.testcases94" name="ibm-not-wf-P79-ibm79n01" time="0.024690" timestamp="2012-11-19T15:51:04" log="/home/karl/tmp/otp_tests/logs/xmerl_test_logs/ct_run.ct@devbox.2012-11-19_15.49.06/tests.xmerl_test.logs/run.2012-11-19_15.49.40/xmerl_sax_std_suite.ibm-not-wf-p79-ibm79n01.html"></testcase><testcase group="testcases8.testcases25.testcases94" name="ibm-not-wf-P79-ibm79n02" time="0.016025" timestamp="2012-11-19T15:51:04" log="/home/karl/tmp/otp_tests/logs/xmerl_test_logs/ct_run.ct@devbox.2012-11-19_15.49.06/tests.xmerl_test.logs/run.2012-11-19_15.49.40/xmerl_sax_std_suite.ibm-not-wf-p79-ibm79n02.html"></testcase><testcase group="testcases8.testcases25.testcases94" name="end_per_group" time="0.015667" timestamp="2012-11-19T15:51:04" log="/home/karl/tmp/otp_tests/logs/xmerl_test_logs/ct_run.ct@devbox.2012-11-19_15.49.06/tests.xmerl_test.logs/run.2012-11-19_15.49.40/xmerl_sax_std_suite.end_per_group.336664.937.html"></testcase><testcase group="testcases8.testcases25.testcases95" name="init_per_group" time="0.015583" timestamp="2012-11-19T15:51:05" log="/home/karl/tmp/otp_tests/logs/xmerl_test_logs/ct_run.ct@devbox.2012-11-19_15.49.06/tests.xmerl_test.logs/run.2012-11-19_15.49.40/xmerl_sax_std_suite.init_per_group.336664.993.html"></testcase><testcase group="testcases8.testcases25.testcases95" name="ibm-not-wf-P80-ibm80n01" time="0.015915" timestamp="2012-11-19T15:51:05" log="/home/karl/tmp/otp_tests/logs/xmerl_test_logs/ct_run.ct@devbox.2012-11-19_15.49.06/tests.xmerl_test.logs/run.2012-11-19_15.49.40/xmerl_sax_std_suite.ibm-not-wf-p80-ibm80n01.html"></testcase><testcase group="testcases8.testcases25.testcases95" name="ibm-not-wf-P80-ibm80n02" time="0.016027" timestamp="2012-11-19T15:51:05" log="/home/karl/tmp/otp_tests/logs/xmerl_test_logs/ct_run.ct@devbox.2012-11-19_15.49.06/tests.xmerl_test.logs/run.2012-11-19_15.49.40/xmerl_sax_std_suite.ibm-not-wf-p80-ibm80n02.html"><skipped type="skip" message="Test ibm-not-wf-P80-ibm80n02 in xmerl_sax_std_SUITE skipped!">{tc_user_skip,{skipped,&quot;NYI&quot;}}</skipped></testcase><testcase group="testcases8.testcases25.testcases95" name="ibm-not-wf-P80-ibm80n03" time="0.016294" timestamp="2012-11-19T15:51:05" log="/home/karl/tmp/otp_tests/logs/xmerl_test_logs/ct_run.ct@devbox.2012-11-19_15.49.06/tests.xmerl_test.logs/run.2012-11-19_15.49.40/xmerl_sax_std_suite.ibm-not-wf-p80-ibm80n03.html"><skipped type="skip" message="Test ibm-not-wf-P80-ibm80n03 in xmerl_sax_std_SUITE skipped!">{tc_user_skip,{skipped,&quot;NYI&quot;}}</skipped></testcase><testcase group="testcases8.testcases25.testcases95" name="ibm-not-wf-P80-ibm80n04" time="0.016461" timestamp="2012-11-19T15:51:05" log="/home/karl/tmp/otp_tests/logs/xmerl_test_logs/ct_run.ct@devbox.2012-11-19_15.49.06/tests.xmerl_test.logs/run.2012-11-19_15.49.40/xmerl_sax_std_suite.ibm-not-wf-p80-ibm80n04.html"></testcase><testcase group="testcases8.testcases25.testcases95" name="ibm-not-wf-P80-ibm80n05" time="0.016535" timestamp="2012-11-19T15:51:05" log="/home/karl/tmp/otp_tests/logs/xmerl_test_logs/ct_run.ct@devbox.2012-11-19_15.49.06/tests.xmerl_test.logs/run.2012-11-19_15.49.40/xmerl_sax_std_suite.ibm-not-wf-p80-ibm80n05.html"></testcase><testcase group="testcases8.testcases25.testcases95" name="ibm-not-wf-P80-ibm80n06" time="0.016280" timestamp="2012-11-19T15:51:05" log="/home/karl/tmp/otp_tests/logs/xmerl_test_logs/ct_run.ct@devbox.2012-11-19_15.49.06/tests.xmerl_test.logs/run.2012-11-19_15.49.40/xmerl_sax_std_suite.ibm-not-wf-p80-ibm80n06.html"></testcase><testcase group="testcases8.testcases25.testcases95" name="end_per_group" time="0.015451" timestamp="2012-11-19T15:51:05" log="/home/karl/tmp/otp_tests/logs/xmerl_test_logs/ct_run.ct@devbox.2012-11-19_15.49.06/tests.xmerl_test.logs/run.2012-11-19_15.49.40/xmerl_sax_std_suite.end_per_group.336665.424.html"></testcase><testcase group="testcases8.testcases25.testcases96" name="init_per_group" time="0.015980" timestamp="2012-11-19T15:51:05" log="/home/karl/tmp/otp_tests/logs/xmerl_test_logs/ct_run.ct@devbox.2012-11-19_15.49.06/tests.xmerl_test.logs/run.2012-11-19_15.49.40/xmerl_sax_std_suite.init_per_group.336665.480.html"></testcase><testcase group="testcases8.testcases25.testcases96" name="ibm-not-wf-P81-ibm81n01" time="0.016511" timestamp="2012-11-19T15:51:05" log="/home/karl/tmp/otp_tests/logs/xmerl_test_logs/ct_run.ct@devbox.2012-11-19_15.49.06/tests.xmerl_test.logs/run.2012-11-19_15.49.40/xmerl_sax_std_suite.ibm-not-wf-p81-ibm81n01.html"></testcase><testcase group="testcases8.testcases25.testcases96" name="ibm-not-wf-P81-ibm81n02" time="0.016605" timestamp="2012-11-19T15:51:05" log="/home/karl/tmp/otp_tests/logs/xmerl_test_logs/ct_run.ct@devbox.2012-11-19_15.49.06/tests.xmerl_test.logs/run.2012-11-19_15.49.40/xmerl_sax_std_suite.ibm-not-wf-p81-ibm81n02.html"></testcase><testcase group="testcases8.testcases25.testcases96" name="ibm-not-wf-P81-ibm81n03" time="0.015771" timestamp="2012-11-19T15:51:05" log="/home/karl/tmp/otp_tests/logs/xmerl_test_logs/ct_run.ct@devbox.2012-11-19_15.49.06/tests.xmerl_test.logs/run.2012-11-19_15.49.40/xmerl_sax_std_suite.ibm-not-wf-p81-ibm81n03.html"></testcase><testcase group="testcases8.testcases25.testcases96" name="ibm-not-wf-P81-ibm81n04" time="0.015989" timestamp="2012-11-19T15:51:05" log="/home/karl/tmp/otp_tests/logs/xmerl_test_logs/ct_run.ct@devbox.2012-11-19_15.49.06/tests.xmerl_test.logs/run.2012-11-19_15.49.40/xmerl_sax_std_suite.ibm-not-wf-p81-ibm81n04.html"></testcase><testcase group="testcases8.testcases25.testcases96" name="ibm-not-wf-P81-ibm81n05" time="0.018711" timestamp="2012-11-19T15:51:05" log="/home/karl/tmp/otp_tests/logs/xmerl_test_logs/ct_run.ct@devbox.2012-11-19_15.49.06/tests.xmerl_test.logs/run.2012-11-19_15.49.40/xmerl_sax_std_suite.ibm-not-wf-p81-ibm81n05.html"></testcase><testcase group="testcases8.testcases25.testcases96" name="ibm-not-wf-P81-ibm81n06" time="0.016952" timestamp="2012-11-19T15:51:05" log="/home/karl/tmp/otp_tests/logs/xmerl_test_logs/ct_run.ct@devbox.2012-11-19_15.49.06/tests.xmerl_test.logs/run.2012-11-19_15.49.40/xmerl_sax_std_suite.ibm-not-wf-p81-ibm81n06.html"></testcase><testcase group="testcases8.testcases25.testcases96" name="ibm-not-wf-P81-ibm81n07" time="0.016658" timestamp="2012-11-19T15:51:05" log="/home/karl/tmp/otp_tests/logs/xmerl_test_logs/ct_run.ct@devbox.2012-11-19_15.49.06/tests.xmerl_test.logs/run.2012-11-19_15.49.40/xmerl_sax_std_suite.ibm-not-wf-p81-ibm81n07.html"></testcase><testcase group="testcases8.testcases25.testcases96" name="ibm-not-wf-P81-ibm81n08" time="0.016590" timestamp="2012-11-19T15:51:05" log="/home/karl/tmp/otp_tests/logs/xmerl_test_logs/ct_run.ct@devbox.2012-11-19_15.49.06/tests.xmerl_test.logs/run.2012-11-19_15.49.40/xmerl_sax_std_suite.ibm-not-wf-p81-ibm81n08.html"></testcase><testcase group="testcases8.testcases25.testcases96" name="ibm-not-wf-P81-ibm81n09" time="0.017469" timestamp="2012-11-19T15:51:06" log="/home/karl/tmp/otp_tests/logs/xmerl_test_logs/ct_run.ct@devbox.2012-11-19_15.49.06/tests.xmerl_test.logs/run.2012-11-19_15.49.40/xmerl_sax_std_suite.ibm-not-wf-p81-ibm81n09.html"></testcase><testcase group="testcases8.testcases25.testcases96" name="end_per_group" time="0.016295" timestamp="2012-11-19T15:51:06" log="/home/karl/tmp/otp_tests/logs/xmerl_test_logs/ct_run.ct@devbox.2012-11-19_15.49.06/tests.xmerl_test.logs/run.2012-11-19_15.49.40/xmerl_sax_std_suite.end_per_group.336666.50.html"></testcase><testcase group="testcases8.testcases25.testcases97" name="init_per_group" time="0.015437" timestamp="2012-11-19T15:51:06" log="/home/karl/tmp/otp_tests/logs/xmerl_test_logs/ct_run.ct@devbox.2012-11-19_15.49.06/tests.xmerl_test.logs/run.2012-11-19_15.49.40/xmerl_sax_std_suite.init_per_group.336666.105.html"></testcase><testcase group="testcases8.testcases25.testcases97" name="ibm-not-wf-P82-ibm82n01" time="0.016954" timestamp="2012-11-19T15:51:06" log="/home/karl/tmp/otp_tests/logs/xmerl_test_logs/ct_run.ct@devbox.2012-11-19_15.49.06/tests.xmerl_test.logs/run.2012-11-19_15.49.40/xmerl_sax_std_suite.ibm-not-wf-p82-ibm82n01.html"></testcase><testcase group="testcases8.testcases25.testcases97" name="ibm-not-wf-P82-ibm82n02" time="0.016239" timestamp="2012-11-19T15:51:06" log="/home/karl/tmp/otp_tests/logs/xmerl_test_logs/ct_run.ct@devbox.2012-11-19_15.49.06/tests.xmerl_test.logs/run.2012-11-19_15.49.40/xmerl_sax_std_suite.ibm-not-wf-p82-ibm82n02.html"></testcase><testcase group="testcases8.testcases25.testcases97" name="ibm-not-wf-P82-ibm82n03" time="0.017286" timestamp="2012-11-19T15:51:06" log="/home/karl/tmp/otp_tests/logs/xmerl_test_logs/ct_run.ct@devbox.2012-11-19_15.49.06/tests.xmerl_test.logs/run.2012-11-19_15.49.40/xmerl_sax_std_suite.ibm-not-wf-p82-ibm82n03.html"></testcase><testcase group="testcases8.testcases25.testcases97" name="ibm-not-wf-P82-ibm82n04" time="0.016264" timestamp="2012-11-19T15:51:06" log="/home/karl/tmp/otp_tests/logs/xmerl_test_logs/ct_run.ct@devbox.2012-11-19_15.49.06/tests.xmerl_test.logs/run.2012-11-19_15.49.40/xmerl_sax_std_suite.ibm-not-wf-p82-ibm82n04.html"></testcase><testcase group="testcases8.testcases25.testcases97" name="ibm-not-wf-P82-ibm82n05" time="0.016411" timestamp="2012-11-19T15:51:06" log="/home/karl/tmp/otp_tests/logs/xmerl_test_logs/ct_run.ct@devbox.2012-11-19_15.49.06/tests.xmerl_test.logs/run.2012-11-19_15.49.40/xmerl_sax_std_suite.ibm-not-wf-p82-ibm82n05.html"></testcase><testcase group="testcases8.testcases25.testcases97" name="ibm-not-wf-P82-ibm82n06" time="0.016684" timestamp="2012-11-19T15:51:06" log="/home/karl/tmp/otp_tests/logs/xmerl_test_logs/ct_run.ct@devbox.2012-11-19_15.49.06/tests.xmerl_test.logs/run.2012-11-19_15.49.40/xmerl_sax_std_suite.ibm-not-wf-p82-ibm82n06.html"></testcase><testcase group="testcases8.testcases25.testcases97" name="ibm-not-wf-P82-ibm82n07" time="0.016635" timestamp="2012-11-19T15:51:06" log="/home/karl/tmp/otp_tests/logs/xmerl_test_logs/ct_run.ct@devbox.2012-11-19_15.49.06/tests.xmerl_test.logs/run.2012-11-19_15.49.40/xmerl_sax_std_suite.ibm-not-wf-p82-ibm82n07.html"></testcase><testcase group="testcases8.testcases25.testcases97" name="ibm-not-wf-P82-ibm82n08" time="0.016902" timestamp="2012-11-19T15:51:06" log="/home/karl/tmp/otp_tests/logs/xmerl_test_logs/ct_run.ct@devbox.2012-11-19_15.49.06/tests.xmerl_test.logs/run.2012-11-19_15.49.40/xmerl_sax_std_suite.ibm-not-wf-p82-ibm82n08.html"></testcase><testcase group="testcases8.testcases25.testcases97" name="end_per_group" time="0.015600" timestamp="2012-11-19T15:51:06" log="/home/karl/tmp/otp_tests/logs/xmerl_test_logs/ct_run.ct@devbox.2012-11-19_15.49.06/tests.xmerl_test.logs/run.2012-11-19_15.49.40/xmerl_sax_std_suite.end_per_group.336666.613.html"></testcase><testcase group="testcases8.testcases25.testcases98" name="init_per_group" time="0.015132" timestamp="2012-11-19T15:51:06" log="/home/karl/tmp/otp_tests/logs/xmerl_test_logs/ct_run.ct@devbox.2012-11-19_15.49.06/tests.xmerl_test.logs/run.2012-11-19_15.49.40/xmerl_sax_std_suite.init_per_group.336666.668.html"></testcase><testcase group="testcases8.testcases25.testcases98" name="ibm-not-wf-P83-ibm83n01" time="0.016738" timestamp="2012-11-19T15:51:06" log="/home/karl/tmp/otp_tests/logs/xmerl_test_logs/ct_run.ct@devbox.2012-11-19_15.49.06/tests.xmerl_test.logs/run.2012-11-19_15.49.40/xmerl_sax_std_suite.ibm-not-wf-p83-ibm83n01.html"></testcase><testcase group="testcases8.testcases25.testcases98" name="ibm-not-wf-P83-ibm83n02" time="0.022041" timestamp="2012-11-19T15:51:06" log="/home/karl/tmp/otp_tests/logs/xmerl_test_logs/ct_run.ct@devbox.2012-11-19_15.49.06/tests.xmerl_test.logs/run.2012-11-19_15.49.40/xmerl_sax_std_suite.ibm-not-wf-p83-ibm83n02.html"></testcase><testcase group="testcases8.testcases25.testcases98" name="ibm-not-wf-P83-ibm83n03" time="0.016366" timestamp="2012-11-19T15:51:06" log="/home/karl/tmp/otp_tests/logs/xmerl_test_logs/ct_run.ct@devbox.2012-11-19_15.49.06/tests.xmerl_test.logs/run.2012-11-19_15.49.40/xmerl_sax_std_suite.ibm-not-wf-p83-ibm83n03.html"></testcase><testcase group="testcases8.testcases25.testcases98" name="ibm-not-wf-P83-ibm83n04" time="0.016502" timestamp="2012-11-19T15:51:06" log="/home/karl/tmp/otp_tests/logs/xmerl_test_logs/ct_run.ct@devbox.2012-11-19_15.49.06/tests.xmerl_test.logs/run.2012-11-19_15.49.40/xmerl_sax_std_suite.ibm-not-wf-p83-ibm83n04.html"></testcase><testcase group="testcases8.testcases25.testcases98" name="ibm-not-wf-P83-ibm83n05" time="0.016499" timestamp="2012-11-19T15:51:06" log="/home/karl/tmp/otp_tests/logs/xmerl_test_logs/ct_run.ct@devbox.2012-11-19_15.49.06/tests.xmerl_test.logs/run.2012-11-19_15.49.40/xmerl_sax_std_suite.ibm-not-wf-p83-ibm83n05.html"></testcase><testcase group="testcases8.testcases25.testcases98" name="ibm-not-wf-P83-ibm83n06" time="0.016886" timestamp="2012-11-19T15:51:07" log="/home/karl/tmp/otp_tests/logs/xmerl_test_logs/ct_run.ct@devbox.2012-11-19_15.49.06/tests.xmerl_test.logs/run.2012-11-19_15.49.40/xmerl_sax_std_suite.ibm-not-wf-p83-ibm83n06.html"></testcase><testcase group="testcases8.testcases25.testcases98" name="end_per_group" time="0.016138" timestamp="2012-11-19T15:51:07" log="/home/karl/tmp/otp_tests/logs/xmerl_test_logs/ct_run.ct@devbox.2012-11-19_15.49.06/tests.xmerl_test.logs/run.2012-11-19_15.49.40/xmerl_sax_std_suite.end_per_group.336667.77.html"></testcase><testcase group="testcases8.testcases25.testcases99" name="init_per_group" time="0.016378" timestamp="2012-11-19T15:51:07" log="/home/karl/tmp/otp_tests/logs/xmerl_test_logs/ct_run.ct@devbox.2012-11-19_15.49.06/tests.xmerl_test.logs/run.2012-11-19_15.49.40/xmerl_sax_std_suite.init_per_group.336667.133.html"></testcase><testcase group="testcases8.testcases25.testcases99" name="ibm-not-wf-P85-ibm85n01" time="0.016629" timestamp="2012-11-19T15:51:07" log="/home/karl/tmp/otp_tests/logs/xmerl_test_logs/ct_run.ct@devbox.2012-11-19_15.49.06/tests.xmerl_test.logs/run.2012-11-19_15.49.40/xmerl_sax_std_suite.ibm-not-wf-p85-ibm85n01.html"></testcase><testcase group="testcases8.testcases25.testcases99" name="ibm-not-wf-P85-ibm85n02" time="0.016577" timestamp="2012-11-19T15:51:07" log="/home/karl/tmp/otp_tests/logs/xmerl_test_logs/ct_run.ct@devbox.2012-11-19_15.49.06/tests.xmerl_test.logs/run.2012-11-19_15.49.40/xmerl_sax_std_suite.ibm-not-wf-p85-ibm85n02.html"></testcase><testcase group="testcases8.testcases25.testcases99" name="ibm-not-wf-P85-ibm85n03" time="0.017221" timestamp="2012-11-19T15:51:07" log="/home/karl/tmp/otp_tests/logs/xmerl_test_logs/ct_run.ct@devbox.2012-11-19_15.49.06/tests.xmerl_test.logs/run.2012-11-19_15.49.40/xmerl_sax_std_suite.ibm-not-wf-p85-ibm85n03.html"></testcase><testcase group="testcases8.testcases25.testcases99" name="ibm-not-wf-P85-ibm85n04" time="0.016178" timestamp="2012-11-19T15:51:07" log="/home/karl/tmp/otp_tests/logs/xmerl_test_logs/ct_run.ct@devbox.2012-11-19_15.49.06/tests.xmerl_test.logs/run.2012-11-19_15.49.40/xmerl_sax_std_suite.ibm-not-wf-p85-ibm85n04.html"></testcase><testcase group="testcases8.testcases25.testcases99" name="ibm-not-wf-P85-ibm85n05" time="0.016056" timestamp="2012-11-19T15:51:07" log="/home/karl/tmp/otp_tests/logs/xmerl_test_logs/ct_run.ct@devbox.2012-11-19_15.49.06/tests.xmerl_test.logs/run.2012-11-19_15.49.40/xmerl_sax_std_suite.ibm-not-wf-p85-ibm85n05.html"></testcase><testcase group="testcases8.testcases25.testcases99" name="ibm-not-wf-P85-ibm85n06" time="0.015666" timestamp="2012-11-19T15:51:07" log="/home/karl/tmp/otp_tests/logs/xmerl_test_logs/ct_run.ct@devbox.2012-11-19_15.49.06/tests.xmerl_test.logs/run.2012-11-19_15.49.40/xmerl_sax_std_suite.ibm-not-wf-p85-ibm85n06.html"></testcase><testcase group="testcases8.testcases25.testcases99" name="ibm-not-wf-P85-ibm85n07" time="0.016139" timestamp="2012-11-19T15:51:07" log="/home/karl/tmp/otp_tests/logs/xmerl_test_logs/ct_run.ct@devbox.2012-11-19_15.49.06/tests.xmerl_test.logs/run.2012-11-19_15.49.40/xmerl_sax_std_suite.ibm-not-wf-p85-ibm85n07.html"></testcase><testcase group="testcases8.testcases25.testcases99" name="ibm-not-wf-P85-ibm85n08" time="0.016000" timestamp="2012-11-19T15:51:07" log="/home/karl/tmp/otp_tests/logs/xmerl_test_logs/ct_run.ct@devbox.2012-11-19_15.49.06/tests.xmerl_test.logs/run.2012-11-19_15.49.40/xmerl_sax_std_suite.ibm-not-wf-p85-ibm85n08.html"></testcase><testcase group="testcases8.testcases25.testcases99" name="ibm-not-wf-P85-ibm85n09" time="0.016664" timestamp="2012-11-19T15:51:07" log="/home/karl/tmp/otp_tests/logs/xmerl_test_logs/ct_run.ct@devbox.2012-11-19_15.49.06/tests.xmerl_test.logs/run.2012-11-19_15.49.40/xmerl_sax_std_suite.ibm-not-wf-p85-ibm85n09.html"></testcase><testcase group="testcases8.testcases25.testcases99" name="ibm-not-wf-P85-ibm85n10" time="0.015652" timestamp="2012-11-19T15:51:07" log="/home/karl/tmp/otp_tests/logs/xmerl_test_logs/ct_run.ct@devbox.2012-11-19_15.49.06/tests.xmerl_test.logs/run.2012-11-19_15.49.40/xmerl_sax_std_suite.ibm-not-wf-p85-ibm85n10.html"></testcase><testcase group="testcases8.testcases25.testcases99" name="ibm-not-wf-P85-ibm85n100" time="0.015902" timestamp="2012-11-19T15:51:07" log="/home/karl/tmp/otp_tests/logs/xmerl_test_logs/ct_run.ct@devbox.2012-11-19_15.49.06/tests.xmerl_test.logs/run.2012-11-19_15.49.40/xmerl_sax_std_suite.ibm-not-wf-p85-ibm85n100.html"></testcase><testcase group="testcases8.testcases25.testcases99" name="ibm-not-wf-P85-ibm85n101" time="0.024225" timestamp="2012-11-19T15:51:07" log="/home/karl/tmp/otp_tests/logs/xmerl_test_logs/ct_run.ct@devbox.2012-11-19_15.49.06/tests.xmerl_test.logs/run.2012-11-19_15.49.40/xmerl_sax_std_suite.ibm-not-wf-p85-ibm85n101.html"></testcase><testcase group="testcases8.testcases25.testcases99" name="ibm-not-wf-P85-ibm85n102" time="0.016849" timestamp="2012-11-19T15:51:07" log="/home/karl/tmp/otp_tests/logs/xmerl_test_logs/ct_run.ct@devbox.2012-11-19_15.49.06/tests.xmerl_test.logs/run.2012-11-19_15.49.40/xmerl_sax_std_suite.ibm-not-wf-p85-ibm85n102.html"></testcase><testcase group="testcases8.testcases25.testcases99" name="ibm-not-wf-P85-ibm85n103" time="0.016079" timestamp="2012-11-19T15:51:07" log="/home/karl/tmp/otp_tests/logs/xmerl_test_logs/ct_run.ct@devbox.2012-11-19_15.49.06/tests.xmerl_test.logs/run.2012-11-19_15.49.40/xmerl_sax_std_suite.ibm-not-wf-p85-ibm85n103.html"></testcase><testcase group="testcases8.testcases25.testcases99" name="ibm-not-wf-P85-ibm85n104" time="0.015698" timestamp="2012-11-19T15:51:07" log="/home/karl/tmp/otp_tests/logs/xmerl_test_logs/ct_run.ct@devbox.2012-11-19_15.49.06/tests.xmerl_test.logs/run.2012-11-19_15.49.40/xmerl_sax_std_suite.ibm-not-wf-p85-ibm85n104.html"></testcase><testcase group="testcases8.testcases25.testcases99" name="ibm-not-wf-P85-ibm85n105" time="0.017923" timestamp="2012-11-19T15:51:08" log="/home/karl/tmp/otp_tests/logs/xmerl_test_logs/ct_run.ct@devbox.2012-11-19_15.49.06/tests.xmerl_test.logs/run.2012-11-19_15.49.40/xmerl_sax_std_suite.ibm-not-wf-p85-ibm85n105.html"></testcase><testcase group="testcases8.testcases25.testcases99" name="ibm-not-wf-P85-ibm85n106" time="0.020858" timestamp="2012-11-19T15:51:08" log="/home/karl/tmp/otp_tests/logs/xmerl_test_logs/ct_run.ct@devbox.2012-11-19_15.49.06/tests.xmerl_test.logs/run.2012-11-19_15.49.40/xmerl_sax_std_suite.ibm-not-wf-p85-ibm85n106.html"></testcase><testcase group="testcases8.testcases25.testcases99" name="ibm-not-wf-P85-ibm85n107" time="0.021003" timestamp="2012-11-19T15:51:08" log="/home/karl/tmp/otp_tests/logs/xmerl_test_logs/ct_run.ct@devbox.2012-11-19_15.49.06/tests.xmerl_test.logs/run.2012-11-19_15.49.40/xmerl_sax_std_suite.ibm-not-wf-p85-ibm85n107.html"></testcase><testcase group="testcases8.testcases25.testcases99" name="ibm-not-wf-P85-ibm85n108" time="0.017170" timestamp="2012-11-19T15:51:08" log="/home/karl/tmp/otp_tests/logs/xmerl_test_logs/ct_run.ct@devbox.2012-11-19_15.49.06/tests.xmerl_test.logs/run.2012-11-19_15.49.40/xmerl_sax_std_suite.ibm-not-wf-p85-ibm85n108.html"></testcase><testcase group="testcases8.testcases25.testcases99" name="ibm-not-wf-P85-ibm85n109" time="0.015472" timestamp="2012-11-19T15:51:08" log="/home/karl/tmp/otp_tests/logs/xmerl_test_logs/ct_run.ct@devbox.2012-11-19_15.49.06/tests.xmerl_test.logs/run.2012-11-19_15.49.40/xmerl_sax_std_suite.ibm-not-wf-p85-ibm85n109.html"></testcase><testcase group="testcases8.testcases25.testcases99" name="ibm-not-wf-P85-ibm85n11" time="0.017933" timestamp="2012-11-19T15:51:08" log="/home/karl/tmp/otp_tests/logs/xmerl_test_logs/ct_run.ct@devbox.2012-11-19_15.49.06/tests.xmerl_test.logs/run.2012-11-19_15.49.40/xmerl_sax_std_suite.ibm-not-wf-p85-ibm85n11.html"></testcase><testcase group="testcases8.testcases25.testcases99" name="ibm-not-wf-P85-ibm85n110" time="0.016080" timestamp="2012-11-19T15:51:08" log="/home/karl/tmp/otp_tests/logs/xmerl_test_logs/ct_run.ct@devbox.2012-11-19_15.49.06/tests.xmerl_test.logs/run.2012-11-19_15.49.40/xmerl_sax_std_suite.ibm-not-wf-p85-ibm85n110.html"></testcase><testcase group="testcases8.testcases25.testcases99" name="ibm-not-wf-P85-ibm85n111" time="0.015989" timestamp="2012-11-19T15:51:08" log="/home/karl/tmp/otp_tests/logs/xmerl_test_logs/ct_run.ct@devbox.2012-11-19_15.49.06/tests.xmerl_test.logs/run.2012-11-19_15.49.40/xmerl_sax_std_suite.ibm-not-wf-p85-ibm85n111.html"></testcase><testcase group="testcases8.testcases25.testcases99" name="ibm-not-wf-P85-ibm85n112" time="0.015934" timestamp="2012-11-19T15:51:08" log="/home/karl/tmp/otp_tests/logs/xmerl_test_logs/ct_run.ct@devbox.2012-11-19_15.49.06/tests.xmerl_test.logs/run.2012-11-19_15.49.40/xmerl_sax_std_suite.ibm-not-wf-p85-ibm85n112.html"></testcase><testcase group="testcases8.testcases25.testcases99" name="ibm-not-wf-P85-ibm85n113" time="0.020483" timestamp="2012-11-19T15:51:08" log="/home/karl/tmp/otp_tests/logs/xmerl_test_logs/ct_run.ct@devbox.2012-11-19_15.49.06/tests.xmerl_test.logs/run.2012-11-19_15.49.40/xmerl_sax_std_suite.ibm-not-wf-p85-ibm85n113.html"></testcase><testcase group="testcases8.testcases25.testcases99" name="ibm-not-wf-P85-ibm85n114" time="0.016340" timestamp="2012-11-19T15:51:08" log="/home/karl/tmp/otp_tests/logs/xmerl_test_logs/ct_run.ct@devbox.2012-11-19_15.49.06/tests.xmerl_test.logs/run.2012-11-19_15.49.40/xmerl_sax_std_suite.ibm-not-wf-p85-ibm85n114.html"></testcase><testcase group="testcases8.testcases25.testcases99" name="ibm-not-wf-P85-ibm85n115" time="0.017709" timestamp="2012-11-19T15:51:08" log="/home/karl/tmp/otp_tests/logs/xmerl_test_logs/ct_run.ct@devbox.2012-11-19_15.49.06/tests.xmerl_test.logs/run.2012-11-19_15.49.40/xmerl_sax_std_suite.ibm-not-wf-p85-ibm85n115.html"></testcase><testcase group="testcases8.testcases25.testcases99" name="ibm-not-wf-P85-ibm85n116" time="0.016466" timestamp="2012-11-19T15:51:08" log="/home/karl/tmp/otp_tests/logs/xmerl_test_logs/ct_run.ct@devbox.2012-11-19_15.49.06/tests.xmerl_test.logs/run.2012-11-19_15.49.40/xmerl_sax_std_suite.ibm-not-wf-p85-ibm85n116.html"></testcase><testcase group="testcases8.testcases25.testcases99" name="ibm-not-wf-P85-ibm85n117" time="0.025504" timestamp="2012-11-19T15:51:08" log="/home/karl/tmp/otp_tests/logs/xmerl_test_logs/ct_run.ct@devbox.2012-11-19_15.49.06/tests.xmerl_test.logs/run.2012-11-19_15.49.40/xmerl_sax_std_suite.ibm-not-wf-p85-ibm85n117.html"></testcase><testcase group="testcases8.testcases25.testcases99" name="ibm-not-wf-P85-ibm85n118" time="0.016574" timestamp="2012-11-19T15:51:08" log="/home/karl/tmp/otp_tests/logs/xmerl_test_logs/ct_run.ct@devbox.2012-11-19_15.49.06/tests.xmerl_test.logs/run.2012-11-19_15.49.40/xmerl_sax_std_suite.ibm-not-wf-p85-ibm85n118.html"></testcase><testcase group="testcases8.testcases25.testcases99" name="ibm-not-wf-P85-ibm85n119" time="0.017179" timestamp="2012-11-19T15:51:08" log="/home/karl/tmp/otp_tests/logs/xmerl_test_logs/ct_run.ct@devbox.2012-11-19_15.49.06/tests.xmerl_test.logs/run.2012-11-19_15.49.40/xmerl_sax_std_suite.ibm-not-wf-p85-ibm85n119.html"></testcase><testcase group="testcases8.testcases25.testcases99" name="ibm-not-wf-P85-ibm85n12" time="0.016374" timestamp="2012-11-19T15:51:08" log="/home/karl/tmp/otp_tests/logs/xmerl_test_logs/ct_run.ct@devbox.2012-11-19_15.49.06/tests.xmerl_test.logs/run.2012-11-19_15.49.40/xmerl_sax_std_suite.ibm-not-wf-p85-ibm85n12.html"></testcase><testcase group="testcases8.testcases25.testcases99" name="ibm-not-wf-P85-ibm85n120" time="0.016156" timestamp="2012-11-19T15:51:09" log="/home/karl/tmp/otp_tests/logs/xmerl_test_logs/ct_run.ct@devbox.2012-11-19_15.49.06/tests.xmerl_test.logs/run.2012-11-19_15.49.40/xmerl_sax_std_suite.ibm-not-wf-p85-ibm85n120.html"></testcase><testcase group="testcases8.testcases25.testcases99" name="ibm-not-wf-P85-ibm85n121" time="0.030812" timestamp="2012-11-19T15:51:09" log="/home/karl/tmp/otp_tests/logs/xmerl_test_logs/ct_run.ct@devbox.2012-11-19_15.49.06/tests.xmerl_test.logs/run.2012-11-19_15.49.40/xmerl_sax_std_suite.ibm-not-wf-p85-ibm85n121.html"></testcase><testcase group="testcases8.testcases25.testcases99" name="ibm-not-wf-P85-ibm85n122" time="0.035181" timestamp="2012-11-19T15:51:09" log="/home/karl/tmp/otp_tests/logs/xmerl_test_logs/ct_run.ct@devbox.2012-11-19_15.49.06/tests.xmerl_test.logs/run.2012-11-19_15.49.40/xmerl_sax_std_suite.ibm-not-wf-p85-ibm85n122.html"></testcase><testcase group="testcases8.testcases25.testcases99" name="ibm-not-wf-P85-ibm85n123" time="0.017228" timestamp="2012-11-19T15:51:09" log="/home/karl/tmp/otp_tests/logs/xmerl_test_logs/ct_run.ct@devbox.2012-11-19_15.49.06/tests.xmerl_test.logs/run.2012-11-19_15.49.40/xmerl_sax_std_suite.ibm-not-wf-p85-ibm85n123.html"></testcase><testcase group="testcases8.testcases25.testcases99" name="ibm-not-wf-P85-ibm85n124" time="0.016945" timestamp="2012-11-19T15:51:09" log="/home/karl/tmp/otp_tests/logs/xmerl_test_logs/ct_run.ct@devbox.2012-11-19_15.49.06/tests.xmerl_test.logs/run.2012-11-19_15.49.40/xmerl_sax_std_suite.ibm-not-wf-p85-ibm85n124.html"></testcase><testcase group="testcases8.testcases25.testcases99" name="ibm-not-wf-P85-ibm85n125" time="0.017486" timestamp="2012-11-19T15:51:09" log="/home/karl/tmp/otp_tests/logs/xmerl_test_logs/ct_run.ct@devbox.2012-11-19_15.49.06/tests.xmerl_test.logs/run.2012-11-19_15.49.40/xmerl_sax_std_suite.ibm-not-wf-p85-ibm85n125.html"></testcase><testcase group="testcases8.testcases25.testcases99" name="ibm-not-wf-P85-ibm85n126" time="0.017541" timestamp="2012-11-19T15:51:09" log="/home/karl/tmp/otp_tests/logs/xmerl_test_logs/ct_run.ct@devbox.2012-11-19_15.49.06/tests.xmerl_test.logs/run.2012-11-19_15.49.40/xmerl_sax_std_suite.ibm-not-wf-p85-ibm85n126.html"></testcase><testcase group="testcases8.testcases25.testcases99" name="ibm-not-wf-P85-ibm85n127" time="0.017337" timestamp="2012-11-19T15:51:09" log="/home/karl/tmp/otp_tests/logs/xmerl_test_logs/ct_run.ct@devbox.2012-11-19_15.49.06/tests.xmerl_test.logs/run.2012-11-19_15.49.40/xmerl_sax_std_suite.ibm-not-wf-p85-ibm85n127.html"></testcase><testcase group="testcases8.testcases25.testcases99" name="ibm-not-wf-P85-ibm85n128" time="0.017275" timestamp="2012-11-19T15:51:09" log="/home/karl/tmp/otp_tests/logs/xmerl_test_logs/ct_run.ct@devbox.2012-11-19_15.49.06/tests.xmerl_test.logs/run.2012-11-19_15.49.40/xmerl_sax_std_suite.ibm-not-wf-p85-ibm85n128.html"></testcase><testcase group="testcases8.testcases25.testcases99" name="ibm-not-wf-P85-ibm85n129" time="0.016509" timestamp="2012-11-19T15:51:09" log="/home/karl/tmp/otp_tests/logs/xmerl_test_logs/ct_run.ct@devbox.2012-11-19_15.49.06/tests.xmerl_test.logs/run.2012-11-19_15.49.40/xmerl_sax_std_suite.ibm-not-wf-p85-ibm85n129.html"></testcase><testcase group="testcases8.testcases25.testcases99" name="ibm-not-wf-P85-ibm85n13" time="0.016055" timestamp="2012-11-19T15:51:09" log="/home/karl/tmp/otp_tests/logs/xmerl_test_logs/ct_run.ct@devbox.2012-11-19_15.49.06/tests.xmerl_test.logs/run.2012-11-19_15.49.40/xmerl_sax_std_suite.ibm-not-wf-p85-ibm85n13.html"></testcase><testcase group="testcases8.testcases25.testcases99" name="ibm-not-wf-P85-ibm85n130" time="0.031435" timestamp="2012-11-19T15:51:09" log="/home/karl/tmp/otp_tests/logs/xmerl_test_logs/ct_run.ct@devbox.2012-11-19_15.49.06/tests.xmerl_test.logs/run.2012-11-19_15.49.40/xmerl_sax_std_suite.ibm-not-wf-p85-ibm85n130.html"></testcase><testcase group="testcases8.testcases25.testcases99" name="ibm-not-wf-P85-ibm85n131" time="0.017907" timestamp="2012-11-19T15:51:09" log="/home/karl/tmp/otp_tests/logs/xmerl_test_logs/ct_run.ct@devbox.2012-11-19_15.49.06/tests.xmerl_test.logs/run.2012-11-19_15.49.40/xmerl_sax_std_suite.ibm-not-wf-p85-ibm85n131.html"></testcase><testcase group="testcases8.testcases25.testcases99" name="ibm-not-wf-P85-ibm85n132" time="0.017081" timestamp="2012-11-19T15:51:09" log="/home/karl/tmp/otp_tests/logs/xmerl_test_logs/ct_run.ct@devbox.2012-11-19_15.49.06/tests.xmerl_test.logs/run.2012-11-19_15.49.40/xmerl_sax_std_suite.ibm-not-wf-p85-ibm85n132.html"></testcase><testcase group="testcases8.testcases25.testcases99" name="ibm-not-wf-P85-ibm85n133" time="0.016868" timestamp="2012-11-19T15:51:09" log="/home/karl/tmp/otp_tests/logs/xmerl_test_logs/ct_run.ct@devbox.2012-11-19_15.49.06/tests.xmerl_test.logs/run.2012-11-19_15.49.40/xmerl_sax_std_suite.ibm-not-wf-p85-ibm85n133.html"></testcase><testcase group="testcases8.testcases25.testcases99" name="ibm-not-wf-P85-ibm85n134" time="0.016098" timestamp="2012-11-19T15:51:10" log="/home/karl/tmp/otp_tests/logs/xmerl_test_logs/ct_run.ct@devbox.2012-11-19_15.49.06/tests.xmerl_test.logs/run.2012-11-19_15.49.40/xmerl_sax_std_suite.ibm-not-wf-p85-ibm85n134.html"></testcase><testcase group="testcases8.testcases25.testcases99" name="ibm-not-wf-P85-ibm85n135" time="0.016301" timestamp="2012-11-19T15:51:10" log="/home/karl/tmp/otp_tests/logs/xmerl_test_logs/ct_run.ct@devbox.2012-11-19_15.49.06/tests.xmerl_test.logs/run.2012-11-19_15.49.40/xmerl_sax_std_suite.ibm-not-wf-p85-ibm85n135.html"></testcase><testcase group="testcases8.testcases25.testcases99" name="ibm-not-wf-P85-ibm85n136" time="0.017454" timestamp="2012-11-19T15:51:10" log="/home/karl/tmp/otp_tests/logs/xmerl_test_logs/ct_run.ct@devbox.2012-11-19_15.49.06/tests.xmerl_test.logs/run.2012-11-19_15.49.40/xmerl_sax_std_suite.ibm-not-wf-p85-ibm85n136.html"></testcase><testcase group="testcases8.testcases25.testcases99" name="ibm-not-wf-P85-ibm85n137" time="0.016702" timestamp="2012-11-19T15:51:10" log="/home/karl/tmp/otp_tests/logs/xmerl_test_logs/ct_run.ct@devbox.2012-11-19_15.49.06/tests.xmerl_test.logs/run.2012-11-19_15.49.40/xmerl_sax_std_suite.ibm-not-wf-p85-ibm85n137.html"></testcase><testcase group="testcases8.testcases25.testcases99" name="ibm-not-wf-P85-ibm85n138" time="0.016655" timestamp="2012-11-19T15:51:10" log="/home/karl/tmp/otp_tests/logs/xmerl_test_logs/ct_run.ct@devbox.2012-11-19_15.49.06/tests.xmerl_test.logs/run.2012-11-19_15.49.40/xmerl_sax_std_suite.ibm-not-wf-p85-ibm85n138.html"></testcase><testcase group="testcases8.testcases25.testcases99" name="ibm-not-wf-P85-ibm85n139" time="0.016669" timestamp="2012-11-19T15:51:10" log="/home/karl/tmp/otp_tests/logs/xmerl_test_logs/ct_run.ct@devbox.2012-11-19_15.49.06/tests.xmerl_test.logs/run.2012-11-19_15.49.40/xmerl_sax_std_suite.ibm-not-wf-p85-ibm85n139.html"></testcase><testcase group="testcases8.testcases25.testcases99" name="ibm-not-wf-P85-ibm85n14" time="0.017062" timestamp="2012-11-19T15:51:10" log="/home/karl/tmp/otp_tests/logs/xmerl_test_logs/ct_run.ct@devbox.2012-11-19_15.49.06/tests.xmerl_test.logs/run.2012-11-19_15.49.40/xmerl_sax_std_suite.ibm-not-wf-p85-ibm85n14.html"></testcase><testcase group="testcases8.testcases25.testcases99" name="ibm-not-wf-P85-ibm85n140" time="0.017524" timestamp="2012-11-19T15:51:10" log="/home/karl/tmp/otp_tests/logs/xmerl_test_logs/ct_run.ct@devbox.2012-11-19_15.49.06/tests.xmerl_test.logs/run.2012-11-19_15.49.40/xmerl_sax_std_suite.ibm-not-wf-p85-ibm85n140.html"></testcase><testcase group="testcases8.testcases25.testcases99" name="ibm-not-wf-P85-ibm85n141" time="0.016353" timestamp="2012-11-19T15:51:10" log="/home/karl/tmp/otp_tests/logs/xmerl_test_logs/ct_run.ct@devbox.2012-11-19_15.49.06/tests.xmerl_test.logs/run.2012-11-19_15.49.40/xmerl_sax_std_suite.ibm-not-wf-p85-ibm85n141.html"></testcase><testcase group="testcases8.testcases25.testcases99" name="ibm-not-wf-P85-ibm85n142" time="0.016500" timestamp="2012-11-19T15:51:10" log="/home/karl/tmp/otp_tests/logs/xmerl_test_logs/ct_run.ct@devbox.2012-11-19_15.49.06/tests.xmerl_test.logs/run.2012-11-19_15.49.40/xmerl_sax_std_suite.ibm-not-wf-p85-ibm85n142.html"></testcase><testcase group="testcases8.testcases25.testcases99" name="ibm-not-wf-P85-ibm85n143" time="0.016943" timestamp="2012-11-19T15:51:10" log="/home/karl/tmp/otp_tests/logs/xmerl_test_logs/ct_run.ct@devbox.2012-11-19_15.49.06/tests.xmerl_test.logs/run.2012-11-19_15.49.40/xmerl_sax_std_suite.ibm-not-wf-p85-ibm85n143.html"></testcase><testcase group="testcases8.testcases25.testcases99" name="ibm-not-wf-P85-ibm85n144" time="0.017161" timestamp="2012-11-19T15:51:10" log="/home/karl/tmp/otp_tests/logs/xmerl_test_logs/ct_run.ct@devbox.2012-11-19_15.49.06/tests.xmerl_test.logs/run.2012-11-19_15.49.40/xmerl_sax_std_suite.ibm-not-wf-p85-ibm85n144.html"></testcase><testcase group="testcases8.testcases25.testcases99" name="ibm-not-wf-P85-ibm85n145" time="0.016134" timestamp="2012-11-19T15:51:10" log="/home/karl/tmp/otp_tests/logs/xmerl_test_logs/ct_run.ct@devbox.2012-11-19_15.49.06/tests.xmerl_test.logs/run.2012-11-19_15.49.40/xmerl_sax_std_suite.ibm-not-wf-p85-ibm85n145.html"></testcase><testcase group="testcases8.testcases25.testcases99" name="ibm-not-wf-P85-ibm85n146" time="0.017716" timestamp="2012-11-19T15:51:10" log="/home/karl/tmp/otp_tests/logs/xmerl_test_logs/ct_run.ct@devbox.2012-11-19_15.49.06/tests.xmerl_test.logs/run.2012-11-19_15.49.40/xmerl_sax_std_suite.ibm-not-wf-p85-ibm85n146.html"></testcase><testcase group="testcases8.testcases25.testcases99" name="ibm-not-wf-P85-ibm85n147" time="0.027294" timestamp="2012-11-19T15:51:10" log="/home/karl/tmp/otp_tests/logs/xmerl_test_logs/ct_run.ct@devbox.2012-11-19_15.49.06/tests.xmerl_test.logs/run.2012-11-19_15.49.40/xmerl_sax_std_suite.ibm-not-wf-p85-ibm85n147.html"></testcase><testcase group="testcases8.testcases25.testcases99" name="ibm-not-wf-P85-ibm85n148" time="0.016708" timestamp="2012-11-19T15:51:10" log="/home/karl/tmp/otp_tests/logs/xmerl_test_logs/ct_run.ct@devbox.2012-11-19_15.49.06/tests.xmerl_test.logs/run.2012-11-19_15.49.40/xmerl_sax_std_suite.ibm-not-wf-p85-ibm85n148.html"></testcase><testcase group="testcases8.testcases25.testcases99" name="ibm-not-wf-P85-ibm85n149" time="0.017434" timestamp="2012-11-19T15:51:10" log="/home/karl/tmp/otp_tests/logs/xmerl_test_logs/ct_run.ct@devbox.2012-11-19_15.49.06/tests.xmerl_test.logs/run.2012-11-19_15.49.40/xmerl_sax_std_suite.ibm-not-wf-p85-ibm85n149.html"></testcase><testcase group="testcases8.testcases25.testcases99" name="ibm-not-wf-P85-ibm85n15" time="0.017194" timestamp="2012-11-19T15:51:11" log="/home/karl/tmp/otp_tests/logs/xmerl_test_logs/ct_run.ct@devbox.2012-11-19_15.49.06/tests.xmerl_test.logs/run.2012-11-19_15.49.40/xmerl_sax_std_suite.ibm-not-wf-p85-ibm85n15.html"></testcase><testcase group="testcases8.testcases25.testcases99" name="ibm-not-wf-P85-ibm85n150" time="0.016491" timestamp="2012-11-19T15:51:11" log="/home/karl/tmp/otp_tests/logs/xmerl_test_logs/ct_run.ct@devbox.2012-11-19_15.49.06/tests.xmerl_test.logs/run.2012-11-19_15.49.40/xmerl_sax_std_suite.ibm-not-wf-p85-ibm85n150.html"></testcase><testcase group="testcases8.testcases25.testcases99" name="ibm-not-wf-P85-ibm85n151" time="0.017442" timestamp="2012-11-19T15:51:11" log="/home/karl/tmp/otp_tests/logs/xmerl_test_logs/ct_run.ct@devbox.2012-11-19_15.49.06/tests.xmerl_test.logs/run.2012-11-19_15.49.40/xmerl_sax_std_suite.ibm-not-wf-p85-ibm85n151.html"></testcase><testcase group="testcases8.testcases25.testcases99" name="ibm-not-wf-P85-ibm85n152" time="0.016165" timestamp="2012-11-19T15:51:11" log="/home/karl/tmp/otp_tests/logs/xmerl_test_logs/ct_run.ct@devbox.2012-11-19_15.49.06/tests.xmerl_test.logs/run.2012-11-19_15.49.40/xmerl_sax_std_suite.ibm-not-wf-p85-ibm85n152.html"></testcase><testcase group="testcases8.testcases25.testcases99" name="ibm-not-wf-P85-ibm85n153" time="0.016063" timestamp="2012-11-19T15:51:11" log="/home/karl/tmp/otp_tests/logs/xmerl_test_logs/ct_run.ct@devbox.2012-11-19_15.49.06/tests.xmerl_test.logs/run.2012-11-19_15.49.40/xmerl_sax_std_suite.ibm-not-wf-p85-ibm85n153.html"></testcase><testcase group="testcases8.testcases25.testcases99" name="ibm-not-wf-P85-ibm85n154" time="0.017071" timestamp="2012-11-19T15:51:11" log="/home/karl/tmp/otp_tests/logs/xmerl_test_logs/ct_run.ct@devbox.2012-11-19_15.49.06/tests.xmerl_test.logs/run.2012-11-19_15.49.40/xmerl_sax_std_suite.ibm-not-wf-p85-ibm85n154.html"></testcase><testcase group="testcases8.testcases25.testcases99" name="ibm-not-wf-P85-ibm85n155" time="0.017113" timestamp="2012-11-19T15:51:11" log="/home/karl/tmp/otp_tests/logs/xmerl_test_logs/ct_run.ct@devbox.2012-11-19_15.49.06/tests.xmerl_test.logs/run.2012-11-19_15.49.40/xmerl_sax_std_suite.ibm-not-wf-p85-ibm85n155.html"></testcase><testcase group="testcases8.testcases25.testcases99" name="ibm-not-wf-P85-ibm85n156" time="0.017602" timestamp="2012-11-19T15:51:11" log="/home/karl/tmp/otp_tests/logs/xmerl_test_logs/ct_run.ct@devbox.2012-11-19_15.49.06/tests.xmerl_test.logs/run.2012-11-19_15.49.40/xmerl_sax_std_suite.ibm-not-wf-p85-ibm85n156.html"></testcase><testcase group="testcases8.testcases25.testcases99" name="ibm-not-wf-P85-ibm85n157" time="0.016962" timestamp="2012-11-19T15:51:11" log="/home/karl/tmp/otp_tests/logs/xmerl_test_logs/ct_run.ct@devbox.2012-11-19_15.49.06/tests.xmerl_test.logs/run.2012-11-19_15.49.40/xmerl_sax_std_suite.ibm-not-wf-p85-ibm85n157.html"></testcase><testcase group="testcases8.testcases25.testcases99" name="ibm-not-wf-P85-ibm85n158" time="0.016642" timestamp="2012-11-19T15:51:11" log="/home/karl/tmp/otp_tests/logs/xmerl_test_logs/ct_run.ct@devbox.2012-11-19_15.49.06/tests.xmerl_test.logs/run.2012-11-19_15.49.40/xmerl_sax_std_suite.ibm-not-wf-p85-ibm85n158.html"></testcase><testcase group="testcases8.testcases25.testcases99" name="ibm-not-wf-P85-ibm85n159" time="0.017747" timestamp="2012-11-19T15:51:11" log="/home/karl/tmp/otp_tests/logs/xmerl_test_logs/ct_run.ct@devbox.2012-11-19_15.49.06/tests.xmerl_test.logs/run.2012-11-19_15.49.40/xmerl_sax_std_suite.ibm-not-wf-p85-ibm85n159.html"></testcase><testcase group="testcases8.testcases25.testcases99" name="ibm-not-wf-P85-ibm85n16" time="0.016384" timestamp="2012-11-19T15:51:11" log="/home/karl/tmp/otp_tests/logs/xmerl_test_logs/ct_run.ct@devbox.2012-11-19_15.49.06/tests.xmerl_test.logs/run.2012-11-19_15.49.40/xmerl_sax_std_suite.ibm-not-wf-p85-ibm85n16.html"></testcase><testcase group="testcases8.testcases25.testcases99" name="ibm-not-wf-P85-ibm85n160" time="0.016759" timestamp="2012-11-19T15:51:11" log="/home/karl/tmp/otp_tests/logs/xmerl_test_logs/ct_run.ct@devbox.2012-11-19_15.49.06/tests.xmerl_test.logs/run.2012-11-19_15.49.40/xmerl_sax_std_suite.ibm-not-wf-p85-ibm85n160.html"></testcase><testcase group="testcases8.testcases25.testcases99" name="ibm-not-wf-P85-ibm85n161" time="0.017459" timestamp="2012-11-19T15:51:11" log="/home/karl/tmp/otp_tests/logs/xmerl_test_logs/ct_run.ct@devbox.2012-11-19_15.49.06/tests.xmerl_test.logs/run.2012-11-19_15.49.40/xmerl_sax_std_suite.ibm-not-wf-p85-ibm85n161.html"></testcase><testcase group="testcases8.testcases25.testcases99" name="ibm-not-wf-P85-ibm85n162" time="0.034585" timestamp="2012-11-19T15:51:11" log="/home/karl/tmp/otp_tests/logs/xmerl_test_logs/ct_run.ct@devbox.2012-11-19_15.49.06/tests.xmerl_test.logs/run.2012-11-19_15.49.40/xmerl_sax_std_suite.ibm-not-wf-p85-ibm85n162.html"></testcase><testcase group="testcases8.testcases25.testcases99" name="ibm-not-wf-P85-ibm85n163" time="0.016719" timestamp="2012-11-19T15:51:11" log="/home/karl/tmp/otp_tests/logs/xmerl_test_logs/ct_run.ct@devbox.2012-11-19_15.49.06/tests.xmerl_test.logs/run.2012-11-19_15.49.40/xmerl_sax_std_suite.ibm-not-wf-p85-ibm85n163.html"></testcase><testcase group="testcases8.testcases25.testcases99" name="ibm-not-wf-P85-ibm85n164" time="0.016757" timestamp="2012-11-19T15:51:11" log="/home/karl/tmp/otp_tests/logs/xmerl_test_logs/ct_run.ct@devbox.2012-11-19_15.49.06/tests.xmerl_test.logs/run.2012-11-19_15.49.40/xmerl_sax_std_suite.ibm-not-wf-p85-ibm85n164.html"></testcase><testcase group="testcases8.testcases25.testcases99" name="ibm-not-wf-P85-ibm85n165" time="0.017767" timestamp="2012-11-19T15:51:12" log="/home/karl/tmp/otp_tests/logs/xmerl_test_logs/ct_run.ct@devbox.2012-11-19_15.49.06/tests.xmerl_test.logs/run.2012-11-19_15.49.40/xmerl_sax_std_suite.ibm-not-wf-p85-ibm85n165.html"></testcase><testcase group="testcases8.testcases25.testcases99" name="ibm-not-wf-P85-ibm85n166" time="0.017485" timestamp="2012-11-19T15:51:12" log="/home/karl/tmp/otp_tests/logs/xmerl_test_logs/ct_run.ct@devbox.2012-11-19_15.49.06/tests.xmerl_test.logs/run.2012-11-19_15.49.40/xmerl_sax_std_suite.ibm-not-wf-p85-ibm85n166.html"></testcase><testcase group="testcases8.testcases25.testcases99" name="ibm-not-wf-P85-ibm85n167" time="0.018185" timestamp="2012-11-19T15:51:12" log="/home/karl/tmp/otp_tests/logs/xmerl_test_logs/ct_run.ct@devbox.2012-11-19_15.49.06/tests.xmerl_test.logs/run.2012-11-19_15.49.40/xmerl_sax_std_suite.ibm-not-wf-p85-ibm85n167.html"></testcase><testcase group="testcases8.testcases25.testcases99" name="ibm-not-wf-P85-ibm85n168" time="0.017909" timestamp="2012-11-19T15:51:12" log="/home/karl/tmp/otp_tests/logs/xmerl_test_logs/ct_run.ct@devbox.2012-11-19_15.49.06/tests.xmerl_test.logs/run.2012-11-19_15.49.40/xmerl_sax_std_suite.ibm-not-wf-p85-ibm85n168.html"></testcase><testcase group="testcases8.testcases25.testcases99" name="ibm-not-wf-P85-ibm85n169" time="0.017694" timestamp="2012-11-19T15:51:12" log="/home/karl/tmp/otp_tests/logs/xmerl_test_logs/ct_run.ct@devbox.2012-11-19_15.49.06/tests.xmerl_test.logs/run.2012-11-19_15.49.40/xmerl_sax_std_suite.ibm-not-wf-p85-ibm85n169.html"></testcase><testcase group="testcases8.testcases25.testcases99" name="ibm-not-wf-P85-ibm85n17" time="0.018572" timestamp="2012-11-19T15:51:12" log="/home/karl/tmp/otp_tests/logs/xmerl_test_logs/ct_run.ct@devbox.2012-11-19_15.49.06/tests.xmerl_test.logs/run.2012-11-19_15.49.40/xmerl_sax_std_suite.ibm-not-wf-p85-ibm85n17.html"></testcase><testcase group="testcases8.testcases25.testcases99" name="ibm-not-wf-P85-ibm85n170" time="0.030115" timestamp="2012-11-19T15:51:12" log="/home/karl/tmp/otp_tests/logs/xmerl_test_logs/ct_run.ct@devbox.2012-11-19_15.49.06/tests.xmerl_test.logs/run.2012-11-19_15.49.40/xmerl_sax_std_suite.ibm-not-wf-p85-ibm85n170.html"></testcase><testcase group="testcases8.testcases25.testcases99" name="ibm-not-wf-P85-ibm85n171" time="0.042506" timestamp="2012-11-19T15:51:12" log="/home/karl/tmp/otp_tests/logs/xmerl_test_logs/ct_run.ct@devbox.2012-11-19_15.49.06/tests.xmerl_test.logs/run.2012-11-19_15.49.40/xmerl_sax_std_suite.ibm-not-wf-p85-ibm85n171.html"></testcase><testcase group="testcases8.testcases25.testcases99" name="ibm-not-wf-P85-ibm85n172" time="0.039606" timestamp="2012-11-19T15:51:12" log="/home/karl/tmp/otp_tests/logs/xmerl_test_logs/ct_run.ct@devbox.2012-11-19_15.49.06/tests.xmerl_test.logs/run.2012-11-19_15.49.40/xmerl_sax_std_suite.ibm-not-wf-p85-ibm85n172.html"></testcase><testcase group="testcases8.testcases25.testcases99" name="ibm-not-wf-P85-ibm85n173" time="0.017989" timestamp="2012-11-19T15:51:12" log="/home/karl/tmp/otp_tests/logs/xmerl_test_logs/ct_run.ct@devbox.2012-11-19_15.49.06/tests.xmerl_test.logs/run.2012-11-19_15.49.40/xmerl_sax_std_suite.ibm-not-wf-p85-ibm85n173.html"></testcase><testcase group="testcases8.testcases25.testcases99" name="ibm-not-wf-P85-ibm85n174" time="0.018247" timestamp="2012-11-19T15:51:12" log="/home/karl/tmp/otp_tests/logs/xmerl_test_logs/ct_run.ct@devbox.2012-11-19_15.49.06/tests.xmerl_test.logs/run.2012-11-19_15.49.40/xmerl_sax_std_suite.ibm-not-wf-p85-ibm85n174.html"></testcase><testcase group="testcases8.testcases25.testcases99" name="ibm-not-wf-P85-ibm85n175" time="0.022452" timestamp="2012-11-19T15:51:12" log="/home/karl/tmp/otp_tests/logs/xmerl_test_logs/ct_run.ct@devbox.2012-11-19_15.49.06/tests.xmerl_test.logs/run.2012-11-19_15.49.40/xmerl_sax_std_suite.ibm-not-wf-p85-ibm85n175.html"></testcase><testcase group="testcases8.testcases25.testcases99" name="ibm-not-wf-P85-ibm85n176" time="0.054586" timestamp="2012-11-19T15:51:12" log="/home/karl/tmp/otp_tests/logs/xmerl_test_logs/ct_run.ct@devbox.2012-11-19_15.49.06/tests.xmerl_test.logs/run.2012-11-19_15.49.40/xmerl_sax_std_suite.ibm-not-wf-p85-ibm85n176.html"></testcase><testcase group="testcases8.testcases25.testcases99" name="ibm-not-wf-P85-ibm85n177" time="0.017749" timestamp="2012-11-19T15:51:12" log="/home/karl/tmp/otp_tests/logs/xmerl_test_logs/ct_run.ct@devbox.2012-11-19_15.49.06/tests.xmerl_test.logs/run.2012-11-19_15.49.40/xmerl_sax_std_suite.ibm-not-wf-p85-ibm85n177.html"></testcase><testcase group="testcases8.testcases25.testcases99" name="ibm-not-wf-P85-ibm85n178" time="0.018099" timestamp="2012-11-19T15:51:13" log="/home/karl/tmp/otp_tests/logs/xmerl_test_logs/ct_run.ct@devbox.2012-11-19_15.49.06/tests.xmerl_test.logs/run.2012-11-19_15.49.40/xmerl_sax_std_suite.ibm-not-wf-p85-ibm85n178.html"></testcase><testcase group="testcases8.testcases25.testcases99" name="ibm-not-wf-P85-ibm85n179" time="0.018523" timestamp="2012-11-19T15:51:13" log="/home/karl/tmp/otp_tests/logs/xmerl_test_logs/ct_run.ct@devbox.2012-11-19_15.49.06/tests.xmerl_test.logs/run.2012-11-19_15.49.40/xmerl_sax_std_suite.ibm-not-wf-p85-ibm85n179.html"></testcase><testcase group="testcases8.testcases25.testcases99" name="ibm-not-wf-P85-ibm85n18" time="0.022176" timestamp="2012-11-19T15:51:13" log="/home/karl/tmp/otp_tests/logs/xmerl_test_logs/ct_run.ct@devbox.2012-11-19_15.49.06/tests.xmerl_test.logs/run.2012-11-19_15.49.40/xmerl_sax_std_suite.ibm-not-wf-p85-ibm85n18.html"></testcase><testcase group="testcases8.testcases25.testcases99" name="ibm-not-wf-P85-ibm85n180" time="0.034109" timestamp="2012-11-19T15:51:13" log="/home/karl/tmp/otp_tests/logs/xmerl_test_logs/ct_run.ct@devbox.2012-11-19_15.49.06/tests.xmerl_test.logs/run.2012-11-19_15.49.40/xmerl_sax_std_suite.ibm-not-wf-p85-ibm85n180.html"></testcase><testcase group="testcases8.testcases25.testcases99" name="ibm-not-wf-P85-ibm85n181" time="0.019383" timestamp="2012-11-19T15:51:13" log="/home/karl/tmp/otp_tests/logs/xmerl_test_logs/ct_run.ct@devbox.2012-11-19_15.49.06/tests.xmerl_test.logs/run.2012-11-19_15.49.40/xmerl_sax_std_suite.ibm-not-wf-p85-ibm85n181.html"></testcase><testcase group="testcases8.testcases25.testcases99" name="ibm-not-wf-P85-ibm85n182" time="0.018023" timestamp="2012-11-19T15:51:13" log="/home/karl/tmp/otp_tests/logs/xmerl_test_logs/ct_run.ct@devbox.2012-11-19_15.49.06/tests.xmerl_test.logs/run.2012-11-19_15.49.40/xmerl_sax_std_suite.ibm-not-wf-p85-ibm85n182.html"></testcase><testcase group="testcases8.testcases25.testcases99" name="ibm-not-wf-P85-ibm85n183" time="0.018559" timestamp="2012-11-19T15:51:13" log="/home/karl/tmp/otp_tests/logs/xmerl_test_logs/ct_run.ct@devbox.2012-11-19_15.49.06/tests.xmerl_test.logs/run.2012-11-19_15.49.40/xmerl_sax_std_suite.ibm-not-wf-p85-ibm85n183.html"></testcase><testcase group="testcases8.testcases25.testcases99" name="ibm-not-wf-P85-ibm85n184" time="0.038595" timestamp="2012-11-19T15:51:13" log="/home/karl/tmp/otp_tests/logs/xmerl_test_logs/ct_run.ct@devbox.2012-11-19_15.49.06/tests.xmerl_test.logs/run.2012-11-19_15.49.40/xmerl_sax_std_suite.ibm-not-wf-p85-ibm85n184.html"></testcase><testcase group="testcases8.testcases25.testcases99" name="ibm-not-wf-P85-ibm85n185" time="0.020350" timestamp="2012-11-19T15:51:13" log="/home/karl/tmp/otp_tests/logs/xmerl_test_logs/ct_run.ct@devbox.2012-11-19_15.49.06/tests.xmerl_test.logs/run.2012-11-19_15.49.40/xmerl_sax_std_suite.ibm-not-wf-p85-ibm85n185.html"></testcase><testcase group="testcases8.testcases25.testcases99" name="ibm-not-wf-P85-ibm85n186" time="0.017777" timestamp="2012-11-19T15:51:13" log="/home/karl/tmp/otp_tests/logs/xmerl_test_logs/ct_run.ct@devbox.2012-11-19_15.49.06/tests.xmerl_test.logs/run.2012-11-19_15.49.40/xmerl_sax_std_suite.ibm-not-wf-p85-ibm85n186.html"></testcase><testcase group="testcases8.testcases25.testcases99" name="ibm-not-wf-P85-ibm85n187" time="0.018102" timestamp="2012-11-19T15:51:13" log="/home/karl/tmp/otp_tests/logs/xmerl_test_logs/ct_run.ct@devbox.2012-11-19_15.49.06/tests.xmerl_test.logs/run.2012-11-19_15.49.40/xmerl_sax_std_suite.ibm-not-wf-p85-ibm85n187.html"></testcase><testcase group="testcases8.testcases25.testcases99" name="ibm-not-wf-P85-ibm85n188" time="0.017524" timestamp="2012-11-19T15:51:13" log="/home/karl/tmp/otp_tests/logs/xmerl_test_logs/ct_run.ct@devbox.2012-11-19_15.49.06/tests.xmerl_test.logs/run.2012-11-19_15.49.40/xmerl_sax_std_suite.ibm-not-wf-p85-ibm85n188.html"></testcase><testcase group="testcases8.testcases25.testcases99" name="ibm-not-wf-P85-ibm85n189" time="0.076636" timestamp="2012-11-19T15:51:13" log="/home/karl/tmp/otp_tests/logs/xmerl_test_logs/ct_run.ct@devbox.2012-11-19_15.49.06/tests.xmerl_test.logs/run.2012-11-19_15.49.40/xmerl_sax_std_suite.ibm-not-wf-p85-ibm85n189.html"></testcase><testcase group="testcases8.testcases25.testcases99" name="ibm-not-wf-P85-ibm85n19" time="0.018004" timestamp="2012-11-19T15:51:13" log="/home/karl/tmp/otp_tests/logs/xmerl_test_logs/ct_run.ct@devbox.2012-11-19_15.49.06/tests.xmerl_test.logs/run.2012-11-19_15.49.40/xmerl_sax_std_suite.ibm-not-wf-p85-ibm85n19.html"></testcase><testcase group="testcases8.testcases25.testcases99" name="ibm-not-wf-P85-ibm85n190" time="0.018226" timestamp="2012-11-19T15:51:14" log="/home/karl/tmp/otp_tests/logs/xmerl_test_logs/ct_run.ct@devbox.2012-11-19_15.49.06/tests.xmerl_test.logs/run.2012-11-19_15.49.40/xmerl_sax_std_suite.ibm-not-wf-p85-ibm85n190.html"></testcase><testcase group="testcases8.testcases25.testcases99" name="ibm-not-wf-P85-ibm85n191" time="0.018752" timestamp="2012-11-19T15:51:14" log="/home/karl/tmp/otp_tests/logs/xmerl_test_logs/ct_run.ct@devbox.2012-11-19_15.49.06/tests.xmerl_test.logs/run.2012-11-19_15.49.40/xmerl_sax_std_suite.ibm-not-wf-p85-ibm85n191.html"></testcase><testcase group="testcases8.testcases25.testcases99" name="ibm-not-wf-P85-ibm85n192" time="0.031600" timestamp="2012-11-19T15:51:14" log="/home/karl/tmp/otp_tests/logs/xmerl_test_logs/ct_run.ct@devbox.2012-11-19_15.49.06/tests.xmerl_test.logs/run.2012-11-19_15.49.40/xmerl_sax_std_suite.ibm-not-wf-p85-ibm85n192.html"></testcase><testcase group="testcases8.testcases25.testcases99" name="ibm-not-wf-P85-ibm85n193" time="0.081629" timestamp="2012-11-19T15:51:14" log="/home/karl/tmp/otp_tests/logs/xmerl_test_logs/ct_run.ct@devbox.2012-11-19_15.49.06/tests.xmerl_test.logs/run.2012-11-19_15.49.40/xmerl_sax_std_suite.ibm-not-wf-p85-ibm85n193.html"></testcase><testcase group="testcases8.testcases25.testcases99" name="ibm-not-wf-P85-ibm85n194" time="0.018605" timestamp="2012-11-19T15:51:14" log="/home/karl/tmp/otp_tests/logs/xmerl_test_logs/ct_run.ct@devbox.2012-11-19_15.49.06/tests.xmerl_test.logs/run.2012-11-19_15.49.40/xmerl_sax_std_suite.ibm-not-wf-p85-ibm85n194.html"></testcase><testcase group="testcases8.testcases25.testcases99" name="ibm-not-wf-P85-ibm85n195" time="0.019222" timestamp="2012-11-19T15:51:14" log="/home/karl/tmp/otp_tests/logs/xmerl_test_logs/ct_run.ct@devbox.2012-11-19_15.49.06/tests.xmerl_test.logs/run.2012-11-19_15.49.40/xmerl_sax_std_suite.ibm-not-wf-p85-ibm85n195.html"></testcase><testcase group="testcases8.testcases25.testcases99" name="ibm-not-wf-P85-ibm85n196" time="0.021212" timestamp="2012-11-19T15:51:14" log="/home/karl/tmp/otp_tests/logs/xmerl_test_logs/ct_run.ct@devbox.2012-11-19_15.49.06/tests.xmerl_test.logs/run.2012-11-19_15.49.40/xmerl_sax_std_suite.ibm-not-wf-p85-ibm85n196.html"></testcase><testcase group="testcases8.testcases25.testcases99" name="ibm-not-wf-P85-ibm85n197" time="0.018314" timestamp="2012-11-19T15:51:14" log="/home/karl/tmp/otp_tests/logs/xmerl_test_logs/ct_run.ct@devbox.2012-11-19_15.49.06/tests.xmerl_test.logs/run.2012-11-19_15.49.40/xmerl_sax_std_suite.ibm-not-wf-p85-ibm85n197.html"></testcase><testcase group="testcases8.testcases25.testcases99" name="ibm-not-wf-P85-ibm85n198" time="0.018529" timestamp="2012-11-19T15:51:14" log="/home/karl/tmp/otp_tests/logs/xmerl_test_logs/ct_run.ct@devbox.2012-11-19_15.49.06/tests.xmerl_test.logs/run.2012-11-19_15.49.40/xmerl_sax_std_suite.ibm-not-wf-p85-ibm85n198.html"></testcase><testcase group="testcases8.testcases25.testcases99" name="ibm-not-wf-P85-ibm85n20" time="0.022881" timestamp="2012-11-19T15:51:14" log="/home/karl/tmp/otp_tests/logs/xmerl_test_logs/ct_run.ct@devbox.2012-11-19_15.49.06/tests.xmerl_test.logs/run.2012-11-19_15.49.40/xmerl_sax_std_suite.ibm-not-wf-p85-ibm85n20.html"></testcase><testcase group="testcases8.testcases25.testcases99" name="ibm-not-wf-P85-ibm85n21" time="0.019198" timestamp="2012-11-19T15:51:14" log="/home/karl/tmp/otp_tests/logs/xmerl_test_logs/ct_run.ct@devbox.2012-11-19_15.49.06/tests.xmerl_test.logs/run.2012-11-19_15.49.40/xmerl_sax_std_suite.ibm-not-wf-p85-ibm85n21.html"></testcase><testcase group="testcases8.testcases25.testcases99" name="ibm-not-wf-P85-ibm85n22" time="0.026448" timestamp="2012-11-19T15:51:14" log="/home/karl/tmp/otp_tests/logs/xmerl_test_logs/ct_run.ct@devbox.2012-11-19_15.49.06/tests.xmerl_test.logs/run.2012-11-19_15.49.40/xmerl_sax_std_suite.ibm-not-wf-p85-ibm85n22.html"></testcase><testcase group="testcases8.testcases25.testcases99" name="ibm-not-wf-P85-ibm85n23" time="0.018480" timestamp="2012-11-19T15:51:14" log="/home/karl/tmp/otp_tests/logs/xmerl_test_logs/ct_run.ct@devbox.2012-11-19_15.49.06/tests.xmerl_test.logs/run.2012-11-19_15.49.40/xmerl_sax_std_suite.ibm-not-wf-p85-ibm85n23.html"></testcase><testcase group="testcases8.testcases25.testcases99" name="ibm-not-wf-P85-ibm85n24" time="0.018831" timestamp="2012-11-19T15:51:14" log="/home/karl/tmp/otp_tests/logs/xmerl_test_logs/ct_run.ct@devbox.2012-11-19_15.49.06/tests.xmerl_test.logs/run.2012-11-19_15.49.40/xmerl_sax_std_suite.ibm-not-wf-p85-ibm85n24.html"></testcase><testcase group="testcases8.testcases25.testcases99" name="ibm-not-wf-P85-ibm85n25" time="0.020450" timestamp="2012-11-19T15:51:15" log="/home/karl/tmp/otp_tests/logs/xmerl_test_logs/ct_run.ct@devbox.2012-11-19_15.49.06/tests.xmerl_test.logs/run.2012-11-19_15.49.40/xmerl_sax_std_suite.ibm-not-wf-p85-ibm85n25.html"></testcase><testcase group="testcases8.testcases25.testcases99" name="ibm-not-wf-P85-ibm85n26" time="0.017924" timestamp="2012-11-19T15:51:15" log="/home/karl/tmp/otp_tests/logs/xmerl_test_logs/ct_run.ct@devbox.2012-11-19_15.49.06/tests.xmerl_test.logs/run.2012-11-19_15.49.40/xmerl_sax_std_suite.ibm-not-wf-p85-ibm85n26.html"></testcase><testcase group="testcases8.testcases25.testcases99" name="ibm-not-wf-P85-ibm85n27" time="0.018844" timestamp="2012-11-19T15:51:15" log="/home/karl/tmp/otp_tests/logs/xmerl_test_logs/ct_run.ct@devbox.2012-11-19_15.49.06/tests.xmerl_test.logs/run.2012-11-19_15.49.40/xmerl_sax_std_suite.ibm-not-wf-p85-ibm85n27.html"></testcase><testcase group="testcases8.testcases25.testcases99" name="ibm-not-wf-P85-ibm85n28" time="0.018339" timestamp="2012-11-19T15:51:15" log="/home/karl/tmp/otp_tests/logs/xmerl_test_logs/ct_run.ct@devbox.2012-11-19_15.49.06/tests.xmerl_test.logs/run.2012-11-19_15.49.40/xmerl_sax_std_suite.ibm-not-wf-p85-ibm85n28.html"></testcase><testcase group="testcases8.testcases25.testcases99" name="ibm-not-wf-P85-ibm85n29" time="0.018449" timestamp="2012-11-19T15:51:15" log="/home/karl/tmp/otp_tests/logs/xmerl_test_logs/ct_run.ct@devbox.2012-11-19_15.49.06/tests.xmerl_test.logs/run.2012-11-19_15.49.40/xmerl_sax_std_suite.ibm-not-wf-p85-ibm85n29.html"></testcase><testcase group="testcases8.testcases25.testcases99" name="ibm-not-wf-P85-ibm85n30" time="0.024441" timestamp="2012-11-19T15:51:15" log="/home/karl/tmp/otp_tests/logs/xmerl_test_logs/ct_run.ct@devbox.2012-11-19_15.49.06/tests.xmerl_test.logs/run.2012-11-19_15.49.40/xmerl_sax_std_suite.ibm-not-wf-p85-ibm85n30.html"></testcase><testcase group="testcases8.testcases25.testcases99" name="ibm-not-wf-P85-ibm85n31" time="0.017411" timestamp="2012-11-19T15:51:15" log="/home/karl/tmp/otp_tests/logs/xmerl_test_logs/ct_run.ct@devbox.2012-11-19_15.49.06/tests.xmerl_test.logs/run.2012-11-19_15.49.40/xmerl_sax_std_suite.ibm-not-wf-p85-ibm85n31.html"></testcase><testcase group="testcases8.testcases25.testcases99" name="ibm-not-wf-P85-ibm85n32" time="0.018263" timestamp="2012-11-19T15:51:15" log="/home/karl/tmp/otp_tests/logs/xmerl_test_logs/ct_run.ct@devbox.2012-11-19_15.49.06/tests.xmerl_test.logs/run.2012-11-19_15.49.40/xmerl_sax_std_suite.ibm-not-wf-p85-ibm85n32.html"></testcase><testcase group="testcases8.testcases25.testcases99" name="ibm-not-wf-P85-ibm85n33" time="0.017809" timestamp="2012-11-19T15:51:15" log="/home/karl/tmp/otp_tests/logs/xmerl_test_logs/ct_run.ct@devbox.2012-11-19_15.49.06/tests.xmerl_test.logs/run.2012-11-19_15.49.40/xmerl_sax_std_suite.ibm-not-wf-p85-ibm85n33.html"></testcase><testcase group="testcases8.testcases25.testcases99" name="ibm-not-wf-P85-ibm85n34" time="0.017361" timestamp="2012-11-19T15:51:15" log="/home/karl/tmp/otp_tests/logs/xmerl_test_logs/ct_run.ct@devbox.2012-11-19_15.49.06/tests.xmerl_test.logs/run.2012-11-19_15.49.40/xmerl_sax_std_suite.ibm-not-wf-p85-ibm85n34.html"></testcase><testcase group="testcases8.testcases25.testcases99" name="ibm-not-wf-P85-ibm85n35" time="0.018779" timestamp="2012-11-19T15:51:15" log="/home/karl/tmp/otp_tests/logs/xmerl_test_logs/ct_run.ct@devbox.2012-11-19_15.49.06/tests.xmerl_test.logs/run.2012-11-19_15.49.40/xmerl_sax_std_suite.ibm-not-wf-p85-ibm85n35.html"></testcase><testcase group="testcases8.testcases25.testcases99" name="ibm-not-wf-P85-ibm85n36" time="0.017652" timestamp="2012-11-19T15:51:15" log="/home/karl/tmp/otp_tests/logs/xmerl_test_logs/ct_run.ct@devbox.2012-11-19_15.49.06/tests.xmerl_test.logs/run.2012-11-19_15.49.40/xmerl_sax_std_suite.ibm-not-wf-p85-ibm85n36.html"></testcase><testcase group="testcases8.testcases25.testcases99" name="ibm-not-wf-P85-ibm85n37" time="0.018006" timestamp="2012-11-19T15:51:15" log="/home/karl/tmp/otp_tests/logs/xmerl_test_logs/ct_run.ct@devbox.2012-11-19_15.49.06/tests.xmerl_test.logs/run.2012-11-19_15.49.40/xmerl_sax_std_suite.ibm-not-wf-p85-ibm85n37.html"></testcase><testcase group="testcases8.testcases25.testcases99" name="ibm-not-wf-P85-ibm85n38" time="0.023335" timestamp="2012-11-19T15:51:15" log="/home/karl/tmp/otp_tests/logs/xmerl_test_logs/ct_run.ct@devbox.2012-11-19_15.49.06/tests.xmerl_test.logs/run.2012-11-19_15.49.40/xmerl_sax_std_suite.ibm-not-wf-p85-ibm85n38.html"></testcase><testcase group="testcases8.testcases25.testcases99" name="ibm-not-wf-P85-ibm85n39" time="0.028239" timestamp="2012-11-19T15:51:15" log="/home/karl/tmp/otp_tests/logs/xmerl_test_logs/ct_run.ct@devbox.2012-11-19_15.49.06/tests.xmerl_test.logs/run.2012-11-19_15.49.40/xmerl_sax_std_suite.ibm-not-wf-p85-ibm85n39.html"></testcase><testcase group="testcases8.testcases25.testcases99" name="ibm-not-wf-P85-ibm85n40" time="0.018157" timestamp="2012-11-19T15:51:15" log="/home/karl/tmp/otp_tests/logs/xmerl_test_logs/ct_run.ct@devbox.2012-11-19_15.49.06/tests.xmerl_test.logs/run.2012-11-19_15.49.40/xmerl_sax_std_suite.ibm-not-wf-p85-ibm85n40.html"></testcase><testcase group="testcases8.testcases25.testcases99" name="ibm-not-wf-P85-ibm85n41" time="0.018959" timestamp="2012-11-19T15:51:16" log="/home/karl/tmp/otp_tests/logs/xmerl_test_logs/ct_run.ct@devbox.2012-11-19_15.49.06/tests.xmerl_test.logs/run.2012-11-19_15.49.40/xmerl_sax_std_suite.ibm-not-wf-p85-ibm85n41.html"></testcase><testcase group="testcases8.testcases25.testcases99" name="ibm-not-wf-P85-ibm85n42" time="0.019029" timestamp="2012-11-19T15:51:16" log="/home/karl/tmp/otp_tests/logs/xmerl_test_logs/ct_run.ct@devbox.2012-11-19_15.49.06/tests.xmerl_test.logs/run.2012-11-19_15.49.40/xmerl_sax_std_suite.ibm-not-wf-p85-ibm85n42.html"></testcase><testcase group="testcases8.testcases25.testcases99" name="ibm-not-wf-P85-ibm85n43" time="0.018526" timestamp="2012-11-19T15:51:16" log="/home/karl/tmp/otp_tests/logs/xmerl_test_logs/ct_run.ct@devbox.2012-11-19_15.49.06/tests.xmerl_test.logs/run.2012-11-19_15.49.40/xmerl_sax_std_suite.ibm-not-wf-p85-ibm85n43.html"></testcase><testcase group="testcases8.testcases25.testcases99" name="ibm-not-wf-P85-ibm85n44" time="0.018489" timestamp="2012-11-19T15:51:16" log="/home/karl/tmp/otp_tests/logs/xmerl_test_logs/ct_run.ct@devbox.2012-11-19_15.49.06/tests.xmerl_test.logs/run.2012-11-19_15.49.40/xmerl_sax_std_suite.ibm-not-wf-p85-ibm85n44.html"></testcase><testcase group="testcases8.testcases25.testcases99" name="ibm-not-wf-P85-ibm85n45" time="0.017851" timestamp="2012-11-19T15:51:16" log="/home/karl/tmp/otp_tests/logs/xmerl_test_logs/ct_run.ct@devbox.2012-11-19_15.49.06/tests.xmerl_test.logs/run.2012-11-19_15.49.40/xmerl_sax_std_suite.ibm-not-wf-p85-ibm85n45.html"></testcase><testcase group="testcases8.testcases25.testcases99" name="ibm-not-wf-P85-ibm85n46" time="0.018904" timestamp="2012-11-19T15:51:16" log="/home/karl/tmp/otp_tests/logs/xmerl_test_logs/ct_run.ct@devbox.2012-11-19_15.49.06/tests.xmerl_test.logs/run.2012-11-19_15.49.40/xmerl_sax_std_suite.ibm-not-wf-p85-ibm85n46.html"></testcase><testcase group="testcases8.testcases25.testcases99" name="ibm-not-wf-P85-ibm85n47" time="0.018680" timestamp="2012-11-19T15:51:16" log="/home/karl/tmp/otp_tests/logs/xmerl_test_logs/ct_run.ct@devbox.2012-11-19_15.49.06/tests.xmerl_test.logs/run.2012-11-19_15.49.40/xmerl_sax_std_suite.ibm-not-wf-p85-ibm85n47.html"></testcase><testcase group="testcases8.testcases25.testcases99" name="ibm-not-wf-P85-ibm85n48" time="0.019103" timestamp="2012-11-19T15:51:16" log="/home/karl/tmp/otp_tests/logs/xmerl_test_logs/ct_run.ct@devbox.2012-11-19_15.49.06/tests.xmerl_test.logs/run.2012-11-19_15.49.40/xmerl_sax_std_suite.ibm-not-wf-p85-ibm85n48.html"></testcase><testcase group="testcases8.testcases25.testcases99" name="ibm-not-wf-P85-ibm85n49" time="0.020036" timestamp="2012-11-19T15:51:16" log="/home/karl/tmp/otp_tests/logs/xmerl_test_logs/ct_run.ct@devbox.2012-11-19_15.49.06/tests.xmerl_test.logs/run.2012-11-19_15.49.40/xmerl_sax_std_suite.ibm-not-wf-p85-ibm85n49.html"></testcase><testcase group="testcases8.testcases25.testcases99" name="ibm-not-wf-P85-ibm85n50" time="0.018135" timestamp="2012-11-19T15:51:16" log="/home/karl/tmp/otp_tests/logs/xmerl_test_logs/ct_run.ct@devbox.2012-11-19_15.49.06/tests.xmerl_test.logs/run.2012-11-19_15.49.40/xmerl_sax_std_suite.ibm-not-wf-p85-ibm85n50.html"></testcase><testcase group="testcases8.testcases25.testcases99" name="ibm-not-wf-P85-ibm85n51" time="0.018052" timestamp="2012-11-19T15:51:16" log="/home/karl/tmp/otp_tests/logs/xmerl_test_logs/ct_run.ct@devbox.2012-11-19_15.49.06/tests.xmerl_test.logs/run.2012-11-19_15.49.40/xmerl_sax_std_suite.ibm-not-wf-p85-ibm85n51.html"></testcase><testcase group="testcases8.testcases25.testcases99" name="ibm-not-wf-P85-ibm85n52" time="0.018730" timestamp="2012-11-19T15:51:16" log="/home/karl/tmp/otp_tests/logs/xmerl_test_logs/ct_run.ct@devbox.2012-11-19_15.49.06/tests.xmerl_test.logs/run.2012-11-19_15.49.40/xmerl_sax_std_suite.ibm-not-wf-p85-ibm85n52.html"></testcase><testcase group="testcases8.testcases25.testcases99" name="ibm-not-wf-P85-ibm85n53" time="0.018468" timestamp="2012-11-19T15:51:16" log="/home/karl/tmp/otp_tests/logs/xmerl_test_logs/ct_run.ct@devbox.2012-11-19_15.49.06/tests.xmerl_test.logs/run.2012-11-19_15.49.40/xmerl_sax_std_suite.ibm-not-wf-p85-ibm85n53.html"></testcase><testcase group="testcases8.testcases25.testcases99" name="ibm-not-wf-P85-ibm85n54" time="0.018464" timestamp="2012-11-19T15:51:16" log="/home/karl/tmp/otp_tests/logs/xmerl_test_logs/ct_run.ct@devbox.2012-11-19_15.49.06/tests.xmerl_test.logs/run.2012-11-19_15.49.40/xmerl_sax_std_suite.ibm-not-wf-p85-ibm85n54.html"></testcase><testcase group="testcases8.testcases25.testcases99" name="ibm-not-wf-P85-ibm85n55" time="0.028015" timestamp="2012-11-19T15:51:16" log="/home/karl/tmp/otp_tests/logs/xmerl_test_logs/ct_run.ct@devbox.2012-11-19_15.49.06/tests.xmerl_test.logs/run.2012-11-19_15.49.40/xmerl_sax_std_suite.ibm-not-wf-p85-ibm85n55.html"></testcase><testcase group="testcases8.testcases25.testcases99" name="ibm-not-wf-P85-ibm85n56" time="0.019084" timestamp="2012-11-19T15:51:16" log="/home/karl/tmp/otp_tests/logs/xmerl_test_logs/ct_run.ct@devbox.2012-11-19_15.49.06/tests.xmerl_test.logs/run.2012-11-19_15.49.40/xmerl_sax_std_suite.ibm-not-wf-p85-ibm85n56.html"></testcase><testcase group="testcases8.testcases25.testcases99" name="ibm-not-wf-P85-ibm85n57" time="0.018642" timestamp="2012-11-19T15:51:16" log="/home/karl/tmp/otp_tests/logs/xmerl_test_logs/ct_run.ct@devbox.2012-11-19_15.49.06/tests.xmerl_test.logs/run.2012-11-19_15.49.40/xmerl_sax_std_suite.ibm-not-wf-p85-ibm85n57.html"></testcase><testcase group="testcases8.testcases25.testcases99" name="ibm-not-wf-P85-ibm85n58" time="0.018606" timestamp="2012-11-19T15:51:17" log="/home/karl/tmp/otp_tests/logs/xmerl_test_logs/ct_run.ct@devbox.2012-11-19_15.49.06/tests.xmerl_test.logs/run.2012-11-19_15.49.40/xmerl_sax_std_suite.ibm-not-wf-p85-ibm85n58.html"></testcase><testcase group="testcases8.testcases25.testcases99" name="ibm-not-wf-P85-ibm85n59" time="0.018625" timestamp="2012-11-19T15:51:17" log="/home/karl/tmp/otp_tests/logs/xmerl_test_logs/ct_run.ct@devbox.2012-11-19_15.49.06/tests.xmerl_test.logs/run.2012-11-19_15.49.40/xmerl_sax_std_suite.ibm-not-wf-p85-ibm85n59.html"></testcase><testcase group="testcases8.testcases25.testcases99" name="ibm-not-wf-P85-ibm85n60" time="0.018862" timestamp="2012-11-19T15:51:17" log="/home/karl/tmp/otp_tests/logs/xmerl_test_logs/ct_run.ct@devbox.2012-11-19_15.49.06/tests.xmerl_test.logs/run.2012-11-19_15.49.40/xmerl_sax_std_suite.ibm-not-wf-p85-ibm85n60.html"></testcase><testcase group="testcases8.testcases25.testcases99" name="ibm-not-wf-P85-ibm85n61" time="0.018617" timestamp="2012-11-19T15:51:17" log="/home/karl/tmp/otp_tests/logs/xmerl_test_logs/ct_run.ct@devbox.2012-11-19_15.49.06/tests.xmerl_test.logs/run.2012-11-19_15.49.40/xmerl_sax_std_suite.ibm-not-wf-p85-ibm85n61.html"></testcase><testcase group="testcases8.testcases25.testcases99" name="ibm-not-wf-P85-ibm85n62" time="0.019267" timestamp="2012-11-19T15:51:17" log="/home/karl/tmp/otp_tests/logs/xmerl_test_logs/ct_run.ct@devbox.2012-11-19_15.49.06/tests.xmerl_test.logs/run.2012-11-19_15.49.40/xmerl_sax_std_suite.ibm-not-wf-p85-ibm85n62.html"></testcase><testcase group="testcases8.testcases25.testcases99" name="ibm-not-wf-P85-ibm85n63" time="0.018709" timestamp="2012-11-19T15:51:17" log="/home/karl/tmp/otp_tests/logs/xmerl_test_logs/ct_run.ct@devbox.2012-11-19_15.49.06/tests.xmerl_test.logs/run.2012-11-19_15.49.40/xmerl_sax_std_suite.ibm-not-wf-p85-ibm85n63.html"></testcase><testcase group="testcases8.testcases25.testcases99" name="ibm-not-wf-P85-ibm85n64" time="0.018016" timestamp="2012-11-19T15:51:17" log="/home/karl/tmp/otp_tests/logs/xmerl_test_logs/ct_run.ct@devbox.2012-11-19_15.49.06/tests.xmerl_test.logs/run.2012-11-19_15.49.40/xmerl_sax_std_suite.ibm-not-wf-p85-ibm85n64.html"></testcase><testcase group="testcases8.testcases25.testcases99" name="ibm-not-wf-P85-ibm85n65" time="0.018239" timestamp="2012-11-19T15:51:17" log="/home/karl/tmp/otp_tests/logs/xmerl_test_logs/ct_run.ct@devbox.2012-11-19_15.49.06/tests.xmerl_test.logs/run.2012-11-19_15.49.40/xmerl_sax_std_suite.ibm-not-wf-p85-ibm85n65.html"></testcase><testcase group="testcases8.testcases25.testcases99" name="ibm-not-wf-P85-ibm85n66" time="0.018126" timestamp="2012-11-19T15:51:17" log="/home/karl/tmp/otp_tests/logs/xmerl_test_logs/ct_run.ct@devbox.2012-11-19_15.49.06/tests.xmerl_test.logs/run.2012-11-19_15.49.40/xmerl_sax_std_suite.ibm-not-wf-p85-ibm85n66.html"></testcase><testcase group="testcases8.testcases25.testcases99" name="ibm-not-wf-P85-ibm85n67" time="0.019069" timestamp="2012-11-19T15:51:17" log="/home/karl/tmp/otp_tests/logs/xmerl_test_logs/ct_run.ct@devbox.2012-11-19_15.49.06/tests.xmerl_test.logs/run.2012-11-19_15.49.40/xmerl_sax_std_suite.ibm-not-wf-p85-ibm85n67.html"></testcase><testcase group="testcases8.testcases25.testcases99" name="ibm-not-wf-P85-ibm85n68" time="0.019372" timestamp="2012-11-19T15:51:17" log="/home/karl/tmp/otp_tests/logs/xmerl_test_logs/ct_run.ct@devbox.2012-11-19_15.49.06/tests.xmerl_test.logs/run.2012-11-19_15.49.40/xmerl_sax_std_suite.ibm-not-wf-p85-ibm85n68.html"></testcase><testcase group="testcases8.testcases25.testcases99" name="ibm-not-wf-P85-ibm85n69" time="0.018134" timestamp="2012-11-19T15:51:17" log="/home/karl/tmp/otp_tests/logs/xmerl_test_logs/ct_run.ct@devbox.2012-11-19_15.49.06/tests.xmerl_test.logs/run.2012-11-19_15.49.40/xmerl_sax_std_suite.ibm-not-wf-p85-ibm85n69.html"></testcase><testcase group="testcases8.testcases25.testcases99" name="ibm-not-wf-P85-ibm85n70" time="0.019346" timestamp="2012-11-19T15:51:17" log="/home/karl/tmp/otp_tests/logs/xmerl_test_logs/ct_run.ct@devbox.2012-11-19_15.49.06/tests.xmerl_test.logs/run.2012-11-19_15.49.40/xmerl_sax_std_suite.ibm-not-wf-p85-ibm85n70.html"></testcase><testcase group="testcases8.testcases25.testcases99" name="ibm-not-wf-P85-ibm85n71" time="0.026284" timestamp="2012-11-19T15:51:17" log="/home/karl/tmp/otp_tests/logs/xmerl_test_logs/ct_run.ct@devbox.2012-11-19_15.49.06/tests.xmerl_test.logs/run.2012-11-19_15.49.40/xmerl_sax_std_suite.ibm-not-wf-p85-ibm85n71.html"></testcase><testcase group="testcases8.testcases25.testcases99" name="ibm-not-wf-P85-ibm85n72" time="0.029622" timestamp="2012-11-19T15:51:17" log="/home/karl/tmp/otp_tests/logs/xmerl_test_logs/ct_run.ct@devbox.2012-11-19_15.49.06/tests.xmerl_test.logs/run.2012-11-19_15.49.40/xmerl_sax_std_suite.ibm-not-wf-p85-ibm85n72.html"></testcase><testcase group="testcases8.testcases25.testcases99" name="ibm-not-wf-P85-ibm85n73" time="0.018385" timestamp="2012-11-19T15:51:17" log="/home/karl/tmp/otp_tests/logs/xmerl_test_logs/ct_run.ct@devbox.2012-11-19_15.49.06/tests.xmerl_test.logs/run.2012-11-19_15.49.40/xmerl_sax_std_suite.ibm-not-wf-p85-ibm85n73.html"></testcase><testcase group="testcases8.testcases25.testcases99" name="ibm-not-wf-P85-ibm85n74" time="0.022861" timestamp="2012-11-19T15:51:18" log="/home/karl/tmp/otp_tests/logs/xmerl_test_logs/ct_run.ct@devbox.2012-11-19_15.49.06/tests.xmerl_test.logs/run.2012-11-19_15.49.40/xmerl_sax_std_suite.ibm-not-wf-p85-ibm85n74.html"></testcase><testcase group="testcases8.testcases25.testcases99" name="ibm-not-wf-P85-ibm85n75" time="0.019173" timestamp="2012-11-19T15:51:18" log="/home/karl/tmp/otp_tests/logs/xmerl_test_logs/ct_run.ct@devbox.2012-11-19_15.49.06/tests.xmerl_test.logs/run.2012-11-19_15.49.40/xmerl_sax_std_suite.ibm-not-wf-p85-ibm85n75.html"></testcase><testcase group="testcases8.testcases25.testcases99" name="ibm-not-wf-P85-ibm85n76" time="0.018760" timestamp="2012-11-19T15:51:18" log="/home/karl/tmp/otp_tests/logs/xmerl_test_logs/ct_run.ct@devbox.2012-11-19_15.49.06/tests.xmerl_test.logs/run.2012-11-19_15.49.40/xmerl_sax_std_suite.ibm-not-wf-p85-ibm85n76.html"></testcase><testcase group="testcases8.testcases25.testcases99" name="ibm-not-wf-P85-ibm85n77" time="0.019483" timestamp="2012-11-19T15:51:18" log="/home/karl/tmp/otp_tests/logs/xmerl_test_logs/ct_run.ct@devbox.2012-11-19_15.49.06/tests.xmerl_test.logs/run.2012-11-19_15.49.40/xmerl_sax_std_suite.ibm-not-wf-p85-ibm85n77.html"></testcase><testcase group="testcases8.testcases25.testcases99" name="ibm-not-wf-P85-ibm85n78" time="0.018270" timestamp="2012-11-19T15:51:18" log="/home/karl/tmp/otp_tests/logs/xmerl_test_logs/ct_run.ct@devbox.2012-11-19_15.49.06/tests.xmerl_test.logs/run.2012-11-19_15.49.40/xmerl_sax_std_suite.ibm-not-wf-p85-ibm85n78.html"></testcase><testcase group="testcases8.testcases25.testcases99" name="ibm-not-wf-P85-ibm85n79" time="0.019124" timestamp="2012-11-19T15:51:18" log="/home/karl/tmp/otp_tests/logs/xmerl_test_logs/ct_run.ct@devbox.2012-11-19_15.49.06/tests.xmerl_test.logs/run.2012-11-19_15.49.40/xmerl_sax_std_suite.ibm-not-wf-p85-ibm85n79.html"></testcase><testcase group="testcases8.testcases25.testcases99" name="ibm-not-wf-P85-ibm85n80" time="0.019424" timestamp="2012-11-19T15:51:18" log="/home/karl/tmp/otp_tests/logs/xmerl_test_logs/ct_run.ct@devbox.2012-11-19_15.49.06/tests.xmerl_test.logs/run.2012-11-19_15.49.40/xmerl_sax_std_suite.ibm-not-wf-p85-ibm85n80.html"></testcase><testcase group="testcases8.testcases25.testcases99" name="ibm-not-wf-P85-ibm85n81" time="0.019142" timestamp="2012-11-19T15:51:18" log="/home/karl/tmp/otp_tests/logs/xmerl_test_logs/ct_run.ct@devbox.2012-11-19_15.49.06/tests.xmerl_test.logs/run.2012-11-19_15.49.40/xmerl_sax_std_suite.ibm-not-wf-p85-ibm85n81.html"></testcase><testcase group="testcases8.testcases25.testcases99" name="ibm-not-wf-P85-ibm85n82" time="0.018931" timestamp="2012-11-19T15:51:18" log="/home/karl/tmp/otp_tests/logs/xmerl_test_logs/ct_run.ct@devbox.2012-11-19_15.49.06/tests.xmerl_test.logs/run.2012-11-19_15.49.40/xmerl_sax_std_suite.ibm-not-wf-p85-ibm85n82.html"></testcase><testcase group="testcases8.testcases25.testcases99" name="ibm-not-wf-P85-ibm85n83" time="0.018944" timestamp="2012-11-19T15:51:18" log="/home/karl/tmp/otp_tests/logs/xmerl_test_logs/ct_run.ct@devbox.2012-11-19_15.49.06/tests.xmerl_test.logs/run.2012-11-19_15.49.40/xmerl_sax_std_suite.ibm-not-wf-p85-ibm85n83.html"></testcase><testcase group="testcases8.testcases25.testcases99" name="ibm-not-wf-P85-ibm85n84" time="0.018739" timestamp="2012-11-19T15:51:18" log="/home/karl/tmp/otp_tests/logs/xmerl_test_logs/ct_run.ct@devbox.2012-11-19_15.49.06/tests.xmerl_test.logs/run.2012-11-19_15.49.40/xmerl_sax_std_suite.ibm-not-wf-p85-ibm85n84.html"></testcase><testcase group="testcases8.testcases25.testcases99" name="ibm-not-wf-P85-ibm85n85" time="0.019265" timestamp="2012-11-19T15:51:18" log="/home/karl/tmp/otp_tests/logs/xmerl_test_logs/ct_run.ct@devbox.2012-11-19_15.49.06/tests.xmerl_test.logs/run.2012-11-19_15.49.40/xmerl_sax_std_suite.ibm-not-wf-p85-ibm85n85.html"></testcase><testcase group="testcases8.testcases25.testcases99" name="ibm-not-wf-P85-ibm85n86" time="0.018977" timestamp="2012-11-19T15:51:18" log="/home/karl/tmp/otp_tests/logs/xmerl_test_logs/ct_run.ct@devbox.2012-11-19_15.49.06/tests.xmerl_test.logs/run.2012-11-19_15.49.40/xmerl_sax_std_suite.ibm-not-wf-p85-ibm85n86.html"></testcase><testcase group="testcases8.testcases25.testcases99" name="ibm-not-wf-P85-ibm85n87" time="0.028959" timestamp="2012-11-19T15:51:18" log="/home/karl/tmp/otp_tests/logs/xmerl_test_logs/ct_run.ct@devbox.2012-11-19_15.49.06/tests.xmerl_test.logs/run.2012-11-19_15.49.40/xmerl_sax_std_suite.ibm-not-wf-p85-ibm85n87.html"></testcase><testcase group="testcases8.testcases25.testcases99" name="ibm-not-wf-P85-ibm85n88" time="0.028328" timestamp="2012-11-19T15:51:18" log="/home/karl/tmp/otp_tests/logs/xmerl_test_logs/ct_run.ct@devbox.2012-11-19_15.49.06/tests.xmerl_test.logs/run.2012-11-19_15.49.40/xmerl_sax_std_suite.ibm-not-wf-p85-ibm85n88.html"></testcase><testcase group="testcases8.testcases25.testcases99" name="ibm-not-wf-P85-ibm85n89" time="0.019157" timestamp="2012-11-19T15:51:18" log="/home/karl/tmp/otp_tests/logs/xmerl_test_logs/ct_run.ct@devbox.2012-11-19_15.49.06/tests.xmerl_test.logs/run.2012-11-19_15.49.40/xmerl_sax_std_suite.ibm-not-wf-p85-ibm85n89.html"></testcase><testcase group="testcases8.testcases25.testcases99" name="ibm-not-wf-P85-ibm85n90" time="0.019459" timestamp="2012-11-19T15:51:19" log="/home/karl/tmp/otp_tests/logs/xmerl_test_logs/ct_run.ct@devbox.2012-11-19_15.49.06/tests.xmerl_test.logs/run.2012-11-19_15.49.40/xmerl_sax_std_suite.ibm-not-wf-p85-ibm85n90.html"></testcase><testcase group="testcases8.testcases25.testcases99" name="ibm-not-wf-P85-ibm85n91" time="0.018516" timestamp="2012-11-19T15:51:19" log="/home/karl/tmp/otp_tests/logs/xmerl_test_logs/ct_run.ct@devbox.2012-11-19_15.49.06/tests.xmerl_test.logs/run.2012-11-19_15.49.40/xmerl_sax_std_suite.ibm-not-wf-p85-ibm85n91.html"></testcase><testcase group="testcases8.testcases25.testcases99" name="ibm-not-wf-P85-ibm85n92" time="0.018738" timestamp="2012-11-19T15:51:19" log="/home/karl/tmp/otp_tests/logs/xmerl_test_logs/ct_run.ct@devbox.2012-11-19_15.49.06/tests.xmerl_test.logs/run.2012-11-19_15.49.40/xmerl_sax_std_suite.ibm-not-wf-p85-ibm85n92.html"></testcase><testcase group="testcases8.testcases25.testcases99" name="ibm-not-wf-P85-ibm85n93" time="0.019629" timestamp="2012-11-19T15:51:19" log="/home/karl/tmp/otp_tests/logs/xmerl_test_logs/ct_run.ct@devbox.2012-11-19_15.49.06/tests.xmerl_test.logs/run.2012-11-19_15.49.40/xmerl_sax_std_suite.ibm-not-wf-p85-ibm85n93.html"></testcase><testcase group="testcases8.testcases25.testcases99" name="ibm-not-wf-P85-ibm85n94" time="0.072394" timestamp="2012-11-19T15:51:19" log="/home/karl/tmp/otp_tests/logs/xmerl_test_logs/ct_run.ct@devbox.2012-11-19_15.49.06/tests.xmerl_test.logs/run.2012-11-19_15.49.40/xmerl_sax_std_suite.ibm-not-wf-p85-ibm85n94.html"></testcase><testcase group="testcases8.testcases25.testcases99" name="ibm-not-wf-P85-ibm85n95" time="0.023458" timestamp="2012-11-19T15:51:19" log="/home/karl/tmp/otp_tests/logs/xmerl_test_logs/ct_run.ct@devbox.2012-11-19_15.49.06/tests.xmerl_test.logs/run.2012-11-19_15.49.40/xmerl_sax_std_suite.ibm-not-wf-p85-ibm85n95.html"></testcase><testcase group="testcases8.testcases25.testcases99" name="ibm-not-wf-P85-ibm85n96" time="0.019707" timestamp="2012-11-19T15:51:19" log="/home/karl/tmp/otp_tests/logs/xmerl_test_logs/ct_run.ct@devbox.2012-11-19_15.49.06/tests.xmerl_test.logs/run.2012-11-19_15.49.40/xmerl_sax_std_suite.ibm-not-wf-p85-ibm85n96.html"></testcase><testcase group="testcases8.testcases25.testcases99" name="ibm-not-wf-P85-ibm85n97" time="0.019493" timestamp="2012-11-19T15:51:19" log="/home/karl/tmp/otp_tests/logs/xmerl_test_logs/ct_run.ct@devbox.2012-11-19_15.49.06/tests.xmerl_test.logs/run.2012-11-19_15.49.40/xmerl_sax_std_suite.ibm-not-wf-p85-ibm85n97.html"></testcase><testcase group="testcases8.testcases25.testcases99" name="ibm-not-wf-P85-ibm85n98" time="0.018754" timestamp="2012-11-19T15:51:19" log="/home/karl/tmp/otp_tests/logs/xmerl_test_logs/ct_run.ct@devbox.2012-11-19_15.49.06/tests.xmerl_test.logs/run.2012-11-19_15.49.40/xmerl_sax_std_suite.ibm-not-wf-p85-ibm85n98.html"></testcase><testcase group="testcases8.testcases25.testcases99" name="ibm-not-wf-P85-ibm85n99" time="0.018848" timestamp="2012-11-19T15:51:19" log="/home/karl/tmp/otp_tests/logs/xmerl_test_logs/ct_run.ct@devbox.2012-11-19_15.49.06/tests.xmerl_test.logs/run.2012-11-19_15.49.40/xmerl_sax_std_suite.ibm-not-wf-p85-ibm85n99.html"></testcase><testcase group="testcases8.testcases25.testcases99" name="end_per_group" time="0.017572" timestamp="2012-11-19T15:51:19" log="/home/karl/tmp/otp_tests/logs/xmerl_test_logs/ct_run.ct@devbox.2012-11-19_15.49.06/tests.xmerl_test.logs/run.2012-11-19_15.49.40/xmerl_sax_std_suite.end_per_group.336679.721.html"></testcase><testcase group="testcases8.testcases25.testcases100" name="init_per_group" time="0.017178" timestamp="2012-11-19T15:51:19" log="/home/karl/tmp/otp_tests/logs/xmerl_test_logs/ct_run.ct@devbox.2012-11-19_15.49.06/tests.xmerl_test.logs/run.2012-11-19_15.49.40/xmerl_sax_std_suite.init_per_group.336679.782.html"></testcase><testcase group="testcases8.testcases25.testcases100" name="ibm-not-wf-P86-ibm86n01" time="0.028169" timestamp="2012-11-19T15:51:19" log="/home/karl/tmp/otp_tests/logs/xmerl_test_logs/ct_run.ct@devbox.2012-11-19_15.49.06/tests.xmerl_test.logs/run.2012-11-19_15.49.40/xmerl_sax_std_suite.ibm-not-wf-p86-ibm86n01.html"></testcase><testcase group="testcases8.testcases25.testcases100" name="ibm-not-wf-P86-ibm86n02" time="0.019181" timestamp="2012-11-19T15:51:19" log="/home/karl/tmp/otp_tests/logs/xmerl_test_logs/ct_run.ct@devbox.2012-11-19_15.49.06/tests.xmerl_test.logs/run.2012-11-19_15.49.40/xmerl_sax_std_suite.ibm-not-wf-p86-ibm86n02.html"></testcase><testcase group="testcases8.testcases25.testcases100" name="ibm-not-wf-P86-ibm86n03" time="0.019600" timestamp="2012-11-19T15:51:20" log="/home/karl/tmp/otp_tests/logs/xmerl_test_logs/ct_run.ct@devbox.2012-11-19_15.49.06/tests.xmerl_test.logs/run.2012-11-19_15.49.40/xmerl_sax_std_suite.ibm-not-wf-p86-ibm86n03.html"></testcase><testcase group="testcases8.testcases25.testcases100" name="ibm-not-wf-P86-ibm86n04" time="0.021346" timestamp="2012-11-19T15:51:20" log="/home/karl/tmp/otp_tests/logs/xmerl_test_logs/ct_run.ct@devbox.2012-11-19_15.49.06/tests.xmerl_test.logs/run.2012-11-19_15.49.40/xmerl_sax_std_suite.ibm-not-wf-p86-ibm86n04.html"></testcase><testcase group="testcases8.testcases25.testcases100" name="end_per_group" time="0.019378" timestamp="2012-11-19T15:51:20" log="/home/karl/tmp/otp_tests/logs/xmerl_test_logs/ct_run.ct@devbox.2012-11-19_15.49.06/tests.xmerl_test.logs/run.2012-11-19_15.49.40/xmerl_sax_std_suite.end_per_group.336680.117.html"></testcase><testcase group="testcases8.testcases25.testcases101" name="init_per_group" time="0.018241" timestamp="2012-11-19T15:51:20" log="/home/karl/tmp/otp_tests/logs/xmerl_test_logs/ct_run.ct@devbox.2012-11-19_15.49.06/tests.xmerl_test.logs/run.2012-11-19_15.49.40/xmerl_sax_std_suite.init_per_group.336680.177.html"></testcase><testcase group="testcases8.testcases25.testcases101" name="ibm-not-wf-P87-ibm87n01" time="0.019442" timestamp="2012-11-19T15:51:20" log="/home/karl/tmp/otp_tests/logs/xmerl_test_logs/ct_run.ct@devbox.2012-11-19_15.49.06/tests.xmerl_test.logs/run.2012-11-19_15.49.40/xmerl_sax_std_suite.ibm-not-wf-p87-ibm87n01.html"></testcase><testcase group="testcases8.testcases25.testcases101" name="ibm-not-wf-P87-ibm87n02" time="0.019424" timestamp="2012-11-19T15:51:20" log="/home/karl/tmp/otp_tests/logs/xmerl_test_logs/ct_run.ct@devbox.2012-11-19_15.49.06/tests.xmerl_test.logs/run.2012-11-19_15.49.40/xmerl_sax_std_suite.ibm-not-wf-p87-ibm87n02.html"></testcase><testcase group="testcases8.testcases25.testcases101" name="ibm-not-wf-P87-ibm87n03" time="0.020230" timestamp="2012-11-19T15:51:20" log="/home/karl/tmp/otp_tests/logs/xmerl_test_logs/ct_run.ct@devbox.2012-11-19_15.49.06/tests.xmerl_test.logs/run.2012-11-19_15.49.40/xmerl_sax_std_suite.ibm-not-wf-p87-ibm87n03.html"></testcase><testcase group="testcases8.testcases25.testcases101" name="ibm-not-wf-P87-ibm87n04" time="0.019554" timestamp="2012-11-19T15:51:20" log="/home/karl/tmp/otp_tests/logs/xmerl_test_logs/ct_run.ct@devbox.2012-11-19_15.49.06/tests.xmerl_test.logs/run.2012-11-19_15.49.40/xmerl_sax_std_suite.ibm-not-wf-p87-ibm87n04.html"></testcase><testcase group="testcases8.testcases25.testcases101" name="ibm-not-wf-P87-ibm87n05" time="0.020008" timestamp="2012-11-19T15:51:20" log="/home/karl/tmp/otp_tests/logs/xmerl_test_logs/ct_run.ct@devbox.2012-11-19_15.49.06/tests.xmerl_test.logs/run.2012-11-19_15.49.40/xmerl_sax_std_suite.ibm-not-wf-p87-ibm87n05.html"></testcase><testcase group="testcases8.testcases25.testcases101" name="ibm-not-wf-P87-ibm87n06" time="0.018680" timestamp="2012-11-19T15:51:20" log="/home/karl/tmp/otp_tests/logs/xmerl_test_logs/ct_run.ct@devbox.2012-11-19_15.49.06/tests.xmerl_test.logs/run.2012-11-19_15.49.40/xmerl_sax_std_suite.ibm-not-wf-p87-ibm87n06.html"></testcase><testcase group="testcases8.testcases25.testcases101" name="ibm-not-wf-P87-ibm87n07" time="0.019059" timestamp="2012-11-19T15:51:20" log="/home/karl/tmp/otp_tests/logs/xmerl_test_logs/ct_run.ct@devbox.2012-11-19_15.49.06/tests.xmerl_test.logs/run.2012-11-19_15.49.40/xmerl_sax_std_suite.ibm-not-wf-p87-ibm87n07.html"></testcase><testcase group="testcases8.testcases25.testcases101" name="ibm-not-wf-P87-ibm87n08" time="0.018147" timestamp="2012-11-19T15:51:20" log="/home/karl/tmp/otp_tests/logs/xmerl_test_logs/ct_run.ct@devbox.2012-11-19_15.49.06/tests.xmerl_test.logs/run.2012-11-19_15.49.40/xmerl_sax_std_suite.ibm-not-wf-p87-ibm87n08.html"></testcase><testcase group="testcases8.testcases25.testcases101" name="ibm-not-wf-P87-ibm87n09" time="0.018879" timestamp="2012-11-19T15:51:20" log="/home/karl/tmp/otp_tests/logs/xmerl_test_logs/ct_run.ct@devbox.2012-11-19_15.49.06/tests.xmerl_test.logs/run.2012-11-19_15.49.40/xmerl_sax_std_suite.ibm-not-wf-p87-ibm87n09.html"></testcase><testcase group="testcases8.testcases25.testcases101" name="ibm-not-wf-P87-ibm87n10" time="0.019542" timestamp="2012-11-19T15:51:20" log="/home/karl/tmp/otp_tests/logs/xmerl_test_logs/ct_run.ct@devbox.2012-11-19_15.49.06/tests.xmerl_test.logs/run.2012-11-19_15.49.40/xmerl_sax_std_suite.ibm-not-wf-p87-ibm87n10.html"></testcase><testcase group="testcases8.testcases25.testcases101" name="ibm-not-wf-P87-ibm87n11" time="0.027766" timestamp="2012-11-19T15:51:20" log="/home/karl/tmp/otp_tests/logs/xmerl_test_logs/ct_run.ct@devbox.2012-11-19_15.49.06/tests.xmerl_test.logs/run.2012-11-19_15.49.40/xmerl_sax_std_suite.ibm-not-wf-p87-ibm87n11.html"></testcase><testcase group="testcases8.testcases25.testcases101" name="ibm-not-wf-P87-ibm87n12" time="0.019254" timestamp="2012-11-19T15:51:20" log="/home/karl/tmp/otp_tests/logs/xmerl_test_logs/ct_run.ct@devbox.2012-11-19_15.49.06/tests.xmerl_test.logs/run.2012-11-19_15.49.40/xmerl_sax_std_suite.ibm-not-wf-p87-ibm87n12.html"></testcase><testcase group="testcases8.testcases25.testcases101" name="ibm-not-wf-P87-ibm87n13" time="0.019196" timestamp="2012-11-19T15:51:21" log="/home/karl/tmp/otp_tests/logs/xmerl_test_logs/ct_run.ct@devbox.2012-11-19_15.49.06/tests.xmerl_test.logs/run.2012-11-19_15.49.40/xmerl_sax_std_suite.ibm-not-wf-p87-ibm87n13.html"></testcase><testcase group="testcases8.testcases25.testcases101" name="ibm-not-wf-P87-ibm87n14" time="0.019111" timestamp="2012-11-19T15:51:21" log="/home/karl/tmp/otp_tests/logs/xmerl_test_logs/ct_run.ct@devbox.2012-11-19_15.49.06/tests.xmerl_test.logs/run.2012-11-19_15.49.40/xmerl_sax_std_suite.ibm-not-wf-p87-ibm87n14.html"></testcase><testcase group="testcases8.testcases25.testcases101" name="ibm-not-wf-P87-ibm87n15" time="0.018839" timestamp="2012-11-19T15:51:21" log="/home/karl/tmp/otp_tests/logs/xmerl_test_logs/ct_run.ct@devbox.2012-11-19_15.49.06/tests.xmerl_test.logs/run.2012-11-19_15.49.40/xmerl_sax_std_suite.ibm-not-wf-p87-ibm87n15.html"></testcase><testcase group="testcases8.testcases25.testcases101" name="ibm-not-wf-P87-ibm87n16" time="0.019558" timestamp="2012-11-19T15:51:21" log="/home/karl/tmp/otp_tests/logs/xmerl_test_logs/ct_run.ct@devbox.2012-11-19_15.49.06/tests.xmerl_test.logs/run.2012-11-19_15.49.40/xmerl_sax_std_suite.ibm-not-wf-p87-ibm87n16.html"></testcase><testcase group="testcases8.testcases25.testcases101" name="ibm-not-wf-P87-ibm87n17" time="0.020062" timestamp="2012-11-19T15:51:21" log="/home/karl/tmp/otp_tests/logs/xmerl_test_logs/ct_run.ct@devbox.2012-11-19_15.49.06/tests.xmerl_test.logs/run.2012-11-19_15.49.40/xmerl_sax_std_suite.ibm-not-wf-p87-ibm87n17.html"></testcase><testcase group="testcases8.testcases25.testcases101" name="ibm-not-wf-P87-ibm87n18" time="0.019987" timestamp="2012-11-19T15:51:21" log="/home/karl/tmp/otp_tests/logs/xmerl_test_logs/ct_run.ct@devbox.2012-11-19_15.49.06/tests.xmerl_test.logs/run.2012-11-19_15.49.40/xmerl_sax_std_suite.ibm-not-wf-p87-ibm87n18.html"></testcase><testcase group="testcases8.testcases25.testcases101" name="ibm-not-wf-P87-ibm87n19" time="0.019553" timestamp="2012-11-19T15:51:21" log="/home/karl/tmp/otp_tests/logs/xmerl_test_logs/ct_run.ct@devbox.2012-11-19_15.49.06/tests.xmerl_test.logs/run.2012-11-19_15.49.40/xmerl_sax_std_suite.ibm-not-wf-p87-ibm87n19.html"></testcase><testcase group="testcases8.testcases25.testcases101" name="ibm-not-wf-P87-ibm87n20" time="0.019425" timestamp="2012-11-19T15:51:21" log="/home/karl/tmp/otp_tests/logs/xmerl_test_logs/ct_run.ct@devbox.2012-11-19_15.49.06/tests.xmerl_test.logs/run.2012-11-19_15.49.40/xmerl_sax_std_suite.ibm-not-wf-p87-ibm87n20.html"></testcase><testcase group="testcases8.testcases25.testcases101" name="ibm-not-wf-P87-ibm87n21" time="0.019143" timestamp="2012-11-19T15:51:21" log="/home/karl/tmp/otp_tests/logs/xmerl_test_logs/ct_run.ct@devbox.2012-11-19_15.49.06/tests.xmerl_test.logs/run.2012-11-19_15.49.40/xmerl_sax_std_suite.ibm-not-wf-p87-ibm87n21.html"></testcase><testcase group="testcases8.testcases25.testcases101" name="ibm-not-wf-P87-ibm87n22" time="0.020340" timestamp="2012-11-19T15:51:21" log="/home/karl/tmp/otp_tests/logs/xmerl_test_logs/ct_run.ct@devbox.2012-11-19_15.49.06/tests.xmerl_test.logs/run.2012-11-19_15.49.40/xmerl_sax_std_suite.ibm-not-wf-p87-ibm87n22.html"></testcase><testcase group="testcases8.testcases25.testcases101" name="ibm-not-wf-P87-ibm87n23" time="0.020098" timestamp="2012-11-19T15:51:21" log="/home/karl/tmp/otp_tests/logs/xmerl_test_logs/ct_run.ct@devbox.2012-11-19_15.49.06/tests.xmerl_test.logs/run.2012-11-19_15.49.40/xmerl_sax_std_suite.ibm-not-wf-p87-ibm87n23.html"></testcase><testcase group="testcases8.testcases25.testcases101" name="ibm-not-wf-P87-ibm87n24" time="0.019439" timestamp="2012-11-19T15:51:21" log="/home/karl/tmp/otp_tests/logs/xmerl_test_logs/ct_run.ct@devbox.2012-11-19_15.49.06/tests.xmerl_test.logs/run.2012-11-19_15.49.40/xmerl_sax_std_suite.ibm-not-wf-p87-ibm87n24.html"></testcase><testcase group="testcases8.testcases25.testcases101" name="ibm-not-wf-P87-ibm87n25" time="0.019694" timestamp="2012-11-19T15:51:21" log="/home/karl/tmp/otp_tests/logs/xmerl_test_logs/ct_run.ct@devbox.2012-11-19_15.49.06/tests.xmerl_test.logs/run.2012-11-19_15.49.40/xmerl_sax_std_suite.ibm-not-wf-p87-ibm87n25.html"></testcase><testcase group="testcases8.testcases25.testcases101" name="ibm-not-wf-P87-ibm87n26" time="0.020557" timestamp="2012-11-19T15:51:21" log="/home/karl/tmp/otp_tests/logs/xmerl_test_logs/ct_run.ct@devbox.2012-11-19_15.49.06/tests.xmerl_test.logs/run.2012-11-19_15.49.40/xmerl_sax_std_suite.ibm-not-wf-p87-ibm87n26.html"></testcase><testcase group="testcases8.testcases25.testcases101" name="ibm-not-wf-P87-ibm87n27" time="0.020904" timestamp="2012-11-19T15:51:21" log="/home/karl/tmp/otp_tests/logs/xmerl_test_logs/ct_run.ct@devbox.2012-11-19_15.49.06/tests.xmerl_test.logs/run.2012-11-19_15.49.40/xmerl_sax_std_suite.ibm-not-wf-p87-ibm87n27.html"></testcase><testcase group="testcases8.testcases25.testcases101" name="ibm-not-wf-P87-ibm87n28" time="0.020322" timestamp="2012-11-19T15:51:21" log="/home/karl/tmp/otp_tests/logs/xmerl_test_logs/ct_run.ct@devbox.2012-11-19_15.49.06/tests.xmerl_test.logs/run.2012-11-19_15.49.40/xmerl_sax_std_suite.ibm-not-wf-p87-ibm87n28.html"></testcase><testcase group="testcases8.testcases25.testcases101" name="ibm-not-wf-P87-ibm87n29" time="0.019175" timestamp="2012-11-19T15:51:22" log="/home/karl/tmp/otp_tests/logs/xmerl_test_logs/ct_run.ct@devbox.2012-11-19_15.49.06/tests.xmerl_test.logs/run.2012-11-19_15.49.40/xmerl_sax_std_suite.ibm-not-wf-p87-ibm87n29.html"></testcase><testcase group="testcases8.testcases25.testcases101" name="ibm-not-wf-P87-ibm87n30" time="0.019387" timestamp="2012-11-19T15:51:22" log="/home/karl/tmp/otp_tests/logs/xmerl_test_logs/ct_run.ct@devbox.2012-11-19_15.49.06/tests.xmerl_test.logs/run.2012-11-19_15.49.40/xmerl_sax_std_suite.ibm-not-wf-p87-ibm87n30.html"></testcase><testcase group="testcases8.testcases25.testcases101" name="ibm-not-wf-P87-ibm87n31" time="0.020127" timestamp="2012-11-19T15:51:22" log="/home/karl/tmp/otp_tests/logs/xmerl_test_logs/ct_run.ct@devbox.2012-11-19_15.49.06/tests.xmerl_test.logs/run.2012-11-19_15.49.40/xmerl_sax_std_suite.ibm-not-wf-p87-ibm87n31.html"></testcase><testcase group="testcases8.testcases25.testcases101" name="ibm-not-wf-P87-ibm87n32" time="0.020116" timestamp="2012-11-19T15:51:22" log="/home/karl/tmp/otp_tests/logs/xmerl_test_logs/ct_run.ct@devbox.2012-11-19_15.49.06/tests.xmerl_test.logs/run.2012-11-19_15.49.40/xmerl_sax_std_suite.ibm-not-wf-p87-ibm87n32.html"></testcase><testcase group="testcases8.testcases25.testcases101" name="ibm-not-wf-P87-ibm87n33" time="0.019987" timestamp="2012-11-19T15:51:22" log="/home/karl/tmp/otp_tests/logs/xmerl_test_logs/ct_run.ct@devbox.2012-11-19_15.49.06/tests.xmerl_test.logs/run.2012-11-19_15.49.40/xmerl_sax_std_suite.ibm-not-wf-p87-ibm87n33.html"></testcase><testcase group="testcases8.testcases25.testcases101" name="ibm-not-wf-P87-ibm87n34" time="0.019756" timestamp="2012-11-19T15:51:22" log="/home/karl/tmp/otp_tests/logs/xmerl_test_logs/ct_run.ct@devbox.2012-11-19_15.49.06/tests.xmerl_test.logs/run.2012-11-19_15.49.40/xmerl_sax_std_suite.ibm-not-wf-p87-ibm87n34.html"></testcase><testcase group="testcases8.testcases25.testcases101" name="ibm-not-wf-P87-ibm87n35" time="0.020232" timestamp="2012-11-19T15:51:22" log="/home/karl/tmp/otp_tests/logs/xmerl_test_logs/ct_run.ct@devbox.2012-11-19_15.49.06/tests.xmerl_test.logs/run.2012-11-19_15.49.40/xmerl_sax_std_suite.ibm-not-wf-p87-ibm87n35.html"></testcase><testcase group="testcases8.testcases25.testcases101" name="ibm-not-wf-P87-ibm87n36" time="0.019991" timestamp="2012-11-19T15:51:22" log="/home/karl/tmp/otp_tests/logs/xmerl_test_logs/ct_run.ct@devbox.2012-11-19_15.49.06/tests.xmerl_test.logs/run.2012-11-19_15.49.40/xmerl_sax_std_suite.ibm-not-wf-p87-ibm87n36.html"></testcase><testcase group="testcases8.testcases25.testcases101" name="ibm-not-wf-P87-ibm87n37" time="0.019643" timestamp="2012-11-19T15:51:22" log="/home/karl/tmp/otp_tests/logs/xmerl_test_logs/ct_run.ct@devbox.2012-11-19_15.49.06/tests.xmerl_test.logs/run.2012-11-19_15.49.40/xmerl_sax_std_suite.ibm-not-wf-p87-ibm87n37.html"></testcase><testcase group="testcases8.testcases25.testcases101" name="ibm-not-wf-P87-ibm87n38" time="0.019405" timestamp="2012-11-19T15:51:22" log="/home/karl/tmp/otp_tests/logs/xmerl_test_logs/ct_run.ct@devbox.2012-11-19_15.49.06/tests.xmerl_test.logs/run.2012-11-19_15.49.40/xmerl_sax_std_suite.ibm-not-wf-p87-ibm87n38.html"></testcase><testcase group="testcases8.testcases25.testcases101" name="ibm-not-wf-P87-ibm87n39" time="0.019688" timestamp="2012-11-19T15:51:22" log="/home/karl/tmp/otp_tests/logs/xmerl_test_logs/ct_run.ct@devbox.2012-11-19_15.49.06/tests.xmerl_test.logs/run.2012-11-19_15.49.40/xmerl_sax_std_suite.ibm-not-wf-p87-ibm87n39.html"></testcase><testcase group="testcases8.testcases25.testcases101" name="ibm-not-wf-P87-ibm87n40" time="0.019325" timestamp="2012-11-19T15:51:22" log="/home/karl/tmp/otp_tests/logs/xmerl_test_logs/ct_run.ct@devbox.2012-11-19_15.49.06/tests.xmerl_test.logs/run.2012-11-19_15.49.40/xmerl_sax_std_suite.ibm-not-wf-p87-ibm87n40.html"></testcase><testcase group="testcases8.testcases25.testcases101" name="ibm-not-wf-P87-ibm87n41" time="0.019364" timestamp="2012-11-19T15:51:22" log="/home/karl/tmp/otp_tests/logs/xmerl_test_logs/ct_run.ct@devbox.2012-11-19_15.49.06/tests.xmerl_test.logs/run.2012-11-19_15.49.40/xmerl_sax_std_suite.ibm-not-wf-p87-ibm87n41.html"></testcase><testcase group="testcases8.testcases25.testcases101" name="ibm-not-wf-P87-ibm87n42" time="0.020151" timestamp="2012-11-19T15:51:22" log="/home/karl/tmp/otp_tests/logs/xmerl_test_logs/ct_run.ct@devbox.2012-11-19_15.49.06/tests.xmerl_test.logs/run.2012-11-19_15.49.40/xmerl_sax_std_suite.ibm-not-wf-p87-ibm87n42.html"></testcase><testcase group="testcases8.testcases25.testcases101" name="ibm-not-wf-P87-ibm87n43" time="0.021782" timestamp="2012-11-19T15:51:22" log="/home/karl/tmp/otp_tests/logs/xmerl_test_logs/ct_run.ct@devbox.2012-11-19_15.49.06/tests.xmerl_test.logs/run.2012-11-19_15.49.40/xmerl_sax_std_suite.ibm-not-wf-p87-ibm87n43.html"></testcase><testcase group="testcases8.testcases25.testcases101" name="ibm-not-wf-P87-ibm87n44" time="0.020158" timestamp="2012-11-19T15:51:22" log="/home/karl/tmp/otp_tests/logs/xmerl_test_logs/ct_run.ct@devbox.2012-11-19_15.49.06/tests.xmerl_test.logs/run.2012-11-19_15.49.40/xmerl_sax_std_suite.ibm-not-wf-p87-ibm87n44.html"></testcase><testcase group="testcases8.testcases25.testcases101" name="ibm-not-wf-P87-ibm87n45" time="0.018671" timestamp="2012-11-19T15:51:23" log="/home/karl/tmp/otp_tests/logs/xmerl_test_logs/ct_run.ct@devbox.2012-11-19_15.49.06/tests.xmerl_test.logs/run.2012-11-19_15.49.40/xmerl_sax_std_suite.ibm-not-wf-p87-ibm87n45.html"></testcase><testcase group="testcases8.testcases25.testcases101" name="ibm-not-wf-P87-ibm87n46" time="0.019863" timestamp="2012-11-19T15:51:23" log="/home/karl/tmp/otp_tests/logs/xmerl_test_logs/ct_run.ct@devbox.2012-11-19_15.49.06/tests.xmerl_test.logs/run.2012-11-19_15.49.40/xmerl_sax_std_suite.ibm-not-wf-p87-ibm87n46.html"></testcase><testcase group="testcases8.testcases25.testcases101" name="ibm-not-wf-P87-ibm87n47" time="0.020199" timestamp="2012-11-19T15:51:23" log="/home/karl/tmp/otp_tests/logs/xmerl_test_logs/ct_run.ct@devbox.2012-11-19_15.49.06/tests.xmerl_test.logs/run.2012-11-19_15.49.40/xmerl_sax_std_suite.ibm-not-wf-p87-ibm87n47.html"></testcase><testcase group="testcases8.testcases25.testcases101" name="ibm-not-wf-P87-ibm87n48" time="0.019064" timestamp="2012-11-19T15:51:23" log="/home/karl/tmp/otp_tests/logs/xmerl_test_logs/ct_run.ct@devbox.2012-11-19_15.49.06/tests.xmerl_test.logs/run.2012-11-19_15.49.40/xmerl_sax_std_suite.ibm-not-wf-p87-ibm87n48.html"></testcase><testcase group="testcases8.testcases25.testcases101" name="ibm-not-wf-P87-ibm87n49" time="0.019287" timestamp="2012-11-19T15:51:23" log="/home/karl/tmp/otp_tests/logs/xmerl_test_logs/ct_run.ct@devbox.2012-11-19_15.49.06/tests.xmerl_test.logs/run.2012-11-19_15.49.40/xmerl_sax_std_suite.ibm-not-wf-p87-ibm87n49.html"></testcase><testcase group="testcases8.testcases25.testcases101" name="ibm-not-wf-P87-ibm87n50" time="0.019570" timestamp="2012-11-19T15:51:23" log="/home/karl/tmp/otp_tests/logs/xmerl_test_logs/ct_run.ct@devbox.2012-11-19_15.49.06/tests.xmerl_test.logs/run.2012-11-19_15.49.40/xmerl_sax_std_suite.ibm-not-wf-p87-ibm87n50.html"></testcase><testcase group="testcases8.testcases25.testcases101" name="ibm-not-wf-P87-ibm87n51" time="0.019652" timestamp="2012-11-19T15:51:23" log="/home/karl/tmp/otp_tests/logs/xmerl_test_logs/ct_run.ct@devbox.2012-11-19_15.49.06/tests.xmerl_test.logs/run.2012-11-19_15.49.40/xmerl_sax_std_suite.ibm-not-wf-p87-ibm87n51.html"></testcase><testcase group="testcases8.testcases25.testcases101" name="ibm-not-wf-P87-ibm87n52" time="0.019991" timestamp="2012-11-19T15:51:23" log="/home/karl/tmp/otp_tests/logs/xmerl_test_logs/ct_run.ct@devbox.2012-11-19_15.49.06/tests.xmerl_test.logs/run.2012-11-19_15.49.40/xmerl_sax_std_suite.ibm-not-wf-p87-ibm87n52.html"></testcase><testcase group="testcases8.testcases25.testcases101" name="ibm-not-wf-P87-ibm87n53" time="0.019103" timestamp="2012-11-19T15:51:23" log="/home/karl/tmp/otp_tests/logs/xmerl_test_logs/ct_run.ct@devbox.2012-11-19_15.49.06/tests.xmerl_test.logs/run.2012-11-19_15.49.40/xmerl_sax_std_suite.ibm-not-wf-p87-ibm87n53.html"></testcase><testcase group="testcases8.testcases25.testcases101" name="ibm-not-wf-P87-ibm87n54" time="0.038259" timestamp="2012-11-19T15:51:23" log="/home/karl/tmp/otp_tests/logs/xmerl_test_logs/ct_run.ct@devbox.2012-11-19_15.49.06/tests.xmerl_test.logs/run.2012-11-19_15.49.40/xmerl_sax_std_suite.ibm-not-wf-p87-ibm87n54.html"></testcase><testcase group="testcases8.testcases25.testcases101" name="ibm-not-wf-P87-ibm87n55" time="0.025658" timestamp="2012-11-19T15:51:23" log="/home/karl/tmp/otp_tests/logs/xmerl_test_logs/ct_run.ct@devbox.2012-11-19_15.49.06/tests.xmerl_test.logs/run.2012-11-19_15.49.40/xmerl_sax_std_suite.ibm-not-wf-p87-ibm87n55.html"></testcase><testcase group="testcases8.testcases25.testcases101" name="ibm-not-wf-P87-ibm87n56" time="0.019057" timestamp="2012-11-19T15:51:23" log="/home/karl/tmp/otp_tests/logs/xmerl_test_logs/ct_run.ct@devbox.2012-11-19_15.49.06/tests.xmerl_test.logs/run.2012-11-19_15.49.40/xmerl_sax_std_suite.ibm-not-wf-p87-ibm87n56.html"></testcase><testcase group="testcases8.testcases25.testcases101" name="ibm-not-wf-P87-ibm87n57" time="0.019856" timestamp="2012-11-19T15:51:23" log="/home/karl/tmp/otp_tests/logs/xmerl_test_logs/ct_run.ct@devbox.2012-11-19_15.49.06/tests.xmerl_test.logs/run.2012-11-19_15.49.40/xmerl_sax_std_suite.ibm-not-wf-p87-ibm87n57.html"></testcase><testcase group="testcases8.testcases25.testcases101" name="ibm-not-wf-P87-ibm87n58" time="0.028031" timestamp="2012-11-19T15:51:23" log="/home/karl/tmp/otp_tests/logs/xmerl_test_logs/ct_run.ct@devbox.2012-11-19_15.49.06/tests.xmerl_test.logs/run.2012-11-19_15.49.40/xmerl_sax_std_suite.ibm-not-wf-p87-ibm87n58.html"></testcase><testcase group="testcases8.testcases25.testcases101" name="ibm-not-wf-P87-ibm87n59" time="0.019987" timestamp="2012-11-19T15:51:23" log="/home/karl/tmp/otp_tests/logs/xmerl_test_logs/ct_run.ct@devbox.2012-11-19_15.49.06/tests.xmerl_test.logs/run.2012-11-19_15.49.40/xmerl_sax_std_suite.ibm-not-wf-p87-ibm87n59.html"></testcase><testcase group="testcases8.testcases25.testcases101" name="ibm-not-wf-P87-ibm87n60" time="0.029513" timestamp="2012-11-19T15:51:24" log="/home/karl/tmp/otp_tests/logs/xmerl_test_logs/ct_run.ct@devbox.2012-11-19_15.49.06/tests.xmerl_test.logs/run.2012-11-19_15.49.40/xmerl_sax_std_suite.ibm-not-wf-p87-ibm87n60.html"></testcase><testcase group="testcases8.testcases25.testcases101" name="ibm-not-wf-P87-ibm87n61" time="0.019107" timestamp="2012-11-19T15:51:24" log="/home/karl/tmp/otp_tests/logs/xmerl_test_logs/ct_run.ct@devbox.2012-11-19_15.49.06/tests.xmerl_test.logs/run.2012-11-19_15.49.40/xmerl_sax_std_suite.ibm-not-wf-p87-ibm87n61.html"></testcase><testcase group="testcases8.testcases25.testcases101" name="ibm-not-wf-P87-ibm87n62" time="0.020587" timestamp="2012-11-19T15:51:24" log="/home/karl/tmp/otp_tests/logs/xmerl_test_logs/ct_run.ct@devbox.2012-11-19_15.49.06/tests.xmerl_test.logs/run.2012-11-19_15.49.40/xmerl_sax_std_suite.ibm-not-wf-p87-ibm87n62.html"></testcase><testcase group="testcases8.testcases25.testcases101" name="ibm-not-wf-P87-ibm87n63" time="0.019695" timestamp="2012-11-19T15:51:24" log="/home/karl/tmp/otp_tests/logs/xmerl_test_logs/ct_run.ct@devbox.2012-11-19_15.49.06/tests.xmerl_test.logs/run.2012-11-19_15.49.40/xmerl_sax_std_suite.ibm-not-wf-p87-ibm87n63.html"></testcase><testcase group="testcases8.testcases25.testcases101" name="ibm-not-wf-P87-ibm87n64" time="0.020759" timestamp="2012-11-19T15:51:24" log="/home/karl/tmp/otp_tests/logs/xmerl_test_logs/ct_run.ct@devbox.2012-11-19_15.49.06/tests.xmerl_test.logs/run.2012-11-19_15.49.40/xmerl_sax_std_suite.ibm-not-wf-p87-ibm87n64.html"></testcase><testcase group="testcases8.testcases25.testcases101" name="ibm-not-wf-P87-ibm87n66" time="0.019253" timestamp="2012-11-19T15:51:24" log="/home/karl/tmp/otp_tests/logs/xmerl_test_logs/ct_run.ct@devbox.2012-11-19_15.49.06/tests.xmerl_test.logs/run.2012-11-19_15.49.40/xmerl_sax_std_suite.ibm-not-wf-p87-ibm87n66.html"></testcase><testcase group="testcases8.testcases25.testcases101" name="ibm-not-wf-P87-ibm87n67" time="0.029277" timestamp="2012-11-19T15:51:24" log="/home/karl/tmp/otp_tests/logs/xmerl_test_logs/ct_run.ct@devbox.2012-11-19_15.49.06/tests.xmerl_test.logs/run.2012-11-19_15.49.40/xmerl_sax_std_suite.ibm-not-wf-p87-ibm87n67.html"></testcase><testcase group="testcases8.testcases25.testcases101" name="ibm-not-wf-P87-ibm87n68" time="0.020221" timestamp="2012-11-19T15:51:24" log="/home/karl/tmp/otp_tests/logs/xmerl_test_logs/ct_run.ct@devbox.2012-11-19_15.49.06/tests.xmerl_test.logs/run.2012-11-19_15.49.40/xmerl_sax_std_suite.ibm-not-wf-p87-ibm87n68.html"></testcase><testcase group="testcases8.testcases25.testcases101" name="ibm-not-wf-P87-ibm87n69" time="0.019229" timestamp="2012-11-19T15:51:24" log="/home/karl/tmp/otp_tests/logs/xmerl_test_logs/ct_run.ct@devbox.2012-11-19_15.49.06/tests.xmerl_test.logs/run.2012-11-19_15.49.40/xmerl_sax_std_suite.ibm-not-wf-p87-ibm87n69.html"></testcase><testcase group="testcases8.testcases25.testcases101" name="ibm-not-wf-P87-ibm87n70" time="0.020331" timestamp="2012-11-19T15:51:24" log="/home/karl/tmp/otp_tests/logs/xmerl_test_logs/ct_run.ct@devbox.2012-11-19_15.49.06/tests.xmerl_test.logs/run.2012-11-19_15.49.40/xmerl_sax_std_suite.ibm-not-wf-p87-ibm87n70.html"></testcase><testcase group="testcases8.testcases25.testcases101" name="ibm-not-wf-P87-ibm87n71" time="0.020412" timestamp="2012-11-19T15:51:24" log="/home/karl/tmp/otp_tests/logs/xmerl_test_logs/ct_run.ct@devbox.2012-11-19_15.49.06/tests.xmerl_test.logs/run.2012-11-19_15.49.40/xmerl_sax_std_suite.ibm-not-wf-p87-ibm87n71.html"></testcase><testcase group="testcases8.testcases25.testcases101" name="ibm-not-wf-P87-ibm87n72" time="0.020280" timestamp="2012-11-19T15:51:24" log="/home/karl/tmp/otp_tests/logs/xmerl_test_logs/ct_run.ct@devbox.2012-11-19_15.49.06/tests.xmerl_test.logs/run.2012-11-19_15.49.40/xmerl_sax_std_suite.ibm-not-wf-p87-ibm87n72.html"></testcase><testcase group="testcases8.testcases25.testcases101" name="ibm-not-wf-P87-ibm87n73" time="0.019764" timestamp="2012-11-19T15:51:24" log="/home/karl/tmp/otp_tests/logs/xmerl_test_logs/ct_run.ct@devbox.2012-11-19_15.49.06/tests.xmerl_test.logs/run.2012-11-19_15.49.40/xmerl_sax_std_suite.ibm-not-wf-p87-ibm87n73.html"></testcase><testcase group="testcases8.testcases25.testcases101" name="ibm-not-wf-P87-ibm87n74" time="0.023015" timestamp="2012-11-19T15:51:24" log="/home/karl/tmp/otp_tests/logs/xmerl_test_logs/ct_run.ct@devbox.2012-11-19_15.49.06/tests.xmerl_test.logs/run.2012-11-19_15.49.40/xmerl_sax_std_suite.ibm-not-wf-p87-ibm87n74.html"></testcase><testcase group="testcases8.testcases25.testcases101" name="ibm-not-wf-P87-ibm87n75" time="0.020408" timestamp="2012-11-19T15:51:24" log="/home/karl/tmp/otp_tests/logs/xmerl_test_logs/ct_run.ct@devbox.2012-11-19_15.49.06/tests.xmerl_test.logs/run.2012-11-19_15.49.40/xmerl_sax_std_suite.ibm-not-wf-p87-ibm87n75.html"></testcase><testcase group="testcases8.testcases25.testcases101" name="ibm-not-wf-P87-ibm87n76" time="0.021029" timestamp="2012-11-19T15:51:25" log="/home/karl/tmp/otp_tests/logs/xmerl_test_logs/ct_run.ct@devbox.2012-11-19_15.49.06/tests.xmerl_test.logs/run.2012-11-19_15.49.40/xmerl_sax_std_suite.ibm-not-wf-p87-ibm87n76.html"></testcase><testcase group="testcases8.testcases25.testcases101" name="ibm-not-wf-P87-ibm87n77" time="0.022894" timestamp="2012-11-19T15:51:25" log="/home/karl/tmp/otp_tests/logs/xmerl_test_logs/ct_run.ct@devbox.2012-11-19_15.49.06/tests.xmerl_test.logs/run.2012-11-19_15.49.40/xmerl_sax_std_suite.ibm-not-wf-p87-ibm87n77.html"></testcase><testcase group="testcases8.testcases25.testcases101" name="ibm-not-wf-P87-ibm87n78" time="0.020691" timestamp="2012-11-19T15:51:25" log="/home/karl/tmp/otp_tests/logs/xmerl_test_logs/ct_run.ct@devbox.2012-11-19_15.49.06/tests.xmerl_test.logs/run.2012-11-19_15.49.40/xmerl_sax_std_suite.ibm-not-wf-p87-ibm87n78.html"></testcase><testcase group="testcases8.testcases25.testcases101" name="ibm-not-wf-P87-ibm87n79" time="0.020748" timestamp="2012-11-19T15:51:25" log="/home/karl/tmp/otp_tests/logs/xmerl_test_logs/ct_run.ct@devbox.2012-11-19_15.49.06/tests.xmerl_test.logs/run.2012-11-19_15.49.40/xmerl_sax_std_suite.ibm-not-wf-p87-ibm87n79.html"></testcase><testcase group="testcases8.testcases25.testcases101" name="ibm-not-wf-P87-ibm87n80" time="0.023575" timestamp="2012-11-19T15:51:25" log="/home/karl/tmp/otp_tests/logs/xmerl_test_logs/ct_run.ct@devbox.2012-11-19_15.49.06/tests.xmerl_test.logs/run.2012-11-19_15.49.40/xmerl_sax_std_suite.ibm-not-wf-p87-ibm87n80.html"></testcase><testcase group="testcases8.testcases25.testcases101" name="ibm-not-wf-P87-ibm87n81" time="0.020069" timestamp="2012-11-19T15:51:25" log="/home/karl/tmp/otp_tests/logs/xmerl_test_logs/ct_run.ct@devbox.2012-11-19_15.49.06/tests.xmerl_test.logs/run.2012-11-19_15.49.40/xmerl_sax_std_suite.ibm-not-wf-p87-ibm87n81.html"></testcase><testcase group="testcases8.testcases25.testcases101" name="ibm-not-wf-P87-ibm87n82" time="0.019602" timestamp="2012-11-19T15:51:25" log="/home/karl/tmp/otp_tests/logs/xmerl_test_logs/ct_run.ct@devbox.2012-11-19_15.49.06/tests.xmerl_test.logs/run.2012-11-19_15.49.40/xmerl_sax_std_suite.ibm-not-wf-p87-ibm87n82.html"></testcase><testcase group="testcases8.testcases25.testcases101" name="ibm-not-wf-P87-ibm87n83" time="0.019089" timestamp="2012-11-19T15:51:25" log="/home/karl/tmp/otp_tests/logs/xmerl_test_logs/ct_run.ct@devbox.2012-11-19_15.49.06/tests.xmerl_test.logs/run.2012-11-19_15.49.40/xmerl_sax_std_suite.ibm-not-wf-p87-ibm87n83.html"></testcase><testcase group="testcases8.testcases25.testcases101" name="ibm-not-wf-P87-ibm87n84" time="0.018633" timestamp="2012-11-19T15:51:25" log="/home/karl/tmp/otp_tests/logs/xmerl_test_logs/ct_run.ct@devbox.2012-11-19_15.49.06/tests.xmerl_test.logs/run.2012-11-19_15.49.40/xmerl_sax_std_suite.ibm-not-wf-p87-ibm87n84.html"></testcase><testcase group="testcases8.testcases25.testcases101" name="ibm-not-wf-P87-ibm87n85" time="0.019978" timestamp="2012-11-19T15:51:25" log="/home/karl/tmp/otp_tests/logs/xmerl_test_logs/ct_run.ct@devbox.2012-11-19_15.49.06/tests.xmerl_test.logs/run.2012-11-19_15.49.40/xmerl_sax_std_suite.ibm-not-wf-p87-ibm87n85.html"></testcase><testcase group="testcases8.testcases25.testcases101" name="end_per_group" time="0.018177" timestamp="2012-11-19T15:51:25" log="/home/karl/tmp/otp_tests/logs/xmerl_test_logs/ct_run.ct@devbox.2012-11-19_15.49.06/tests.xmerl_test.logs/run.2012-11-19_15.49.40/xmerl_sax_std_suite.end_per_group.336685.673.html"></testcase><testcase group="testcases8.testcases25.testcases102" name="init_per_group" time="0.018200" timestamp="2012-11-19T15:51:25" log="/home/karl/tmp/otp_tests/logs/xmerl_test_logs/ct_run.ct@devbox.2012-11-19_15.49.06/tests.xmerl_test.logs/run.2012-11-19_15.49.40/xmerl_sax_std_suite.init_per_group.336685.735.html"></testcase><testcase group="testcases8.testcases25.testcases102" name="ibm-not-wf-P88-ibm88n01" time="0.020586" timestamp="2012-11-19T15:51:25" log="/home/karl/tmp/otp_tests/logs/xmerl_test_logs/ct_run.ct@devbox.2012-11-19_15.49.06/tests.xmerl_test.logs/run.2012-11-19_15.49.40/xmerl_sax_std_suite.ibm-not-wf-p88-ibm88n01.html"></testcase><testcase group="testcases8.testcases25.testcases102" name="ibm-not-wf-P88-ibm88n02" time="0.027421" timestamp="2012-11-19T15:51:25" log="/home/karl/tmp/otp_tests/logs/xmerl_test_logs/ct_run.ct@devbox.2012-11-19_15.49.06/tests.xmerl_test.logs/run.2012-11-19_15.49.40/xmerl_sax_std_suite.ibm-not-wf-p88-ibm88n02.html"></testcase><testcase group="testcases8.testcases25.testcases102" name="ibm-not-wf-P88-ibm88n03" time="0.020345" timestamp="2012-11-19T15:51:25" log="/home/karl/tmp/otp_tests/logs/xmerl_test_logs/ct_run.ct@devbox.2012-11-19_15.49.06/tests.xmerl_test.logs/run.2012-11-19_15.49.40/xmerl_sax_std_suite.ibm-not-wf-p88-ibm88n03.html"></testcase><testcase group="testcases8.testcases25.testcases102" name="ibm-not-wf-P88-ibm88n04" time="0.019247" timestamp="2012-11-19T15:51:26" log="/home/karl/tmp/otp_tests/logs/xmerl_test_logs/ct_run.ct@devbox.2012-11-19_15.49.06/tests.xmerl_test.logs/run.2012-11-19_15.49.40/xmerl_sax_std_suite.ibm-not-wf-p88-ibm88n04.html"></testcase><testcase group="testcases8.testcases25.testcases102" name="ibm-not-wf-P88-ibm88n05" time="0.020285" timestamp="2012-11-19T15:51:26" log="/home/karl/tmp/otp_tests/logs/xmerl_test_logs/ct_run.ct@devbox.2012-11-19_15.49.06/tests.xmerl_test.logs/run.2012-11-19_15.49.40/xmerl_sax_std_suite.ibm-not-wf-p88-ibm88n05.html"></testcase><testcase group="testcases8.testcases25.testcases102" name="ibm-not-wf-P88-ibm88n06" time="0.019174" timestamp="2012-11-19T15:51:26" log="/home/karl/tmp/otp_tests/logs/xmerl_test_logs/ct_run.ct@devbox.2012-11-19_15.49.06/tests.xmerl_test.logs/run.2012-11-19_15.49.40/xmerl_sax_std_suite.ibm-not-wf-p88-ibm88n06.html"></testcase><testcase group="testcases8.testcases25.testcases102" name="ibm-not-wf-P88-ibm88n08" time="0.019069" timestamp="2012-11-19T15:51:26" log="/home/karl/tmp/otp_tests/logs/xmerl_test_logs/ct_run.ct@devbox.2012-11-19_15.49.06/tests.xmerl_test.logs/run.2012-11-19_15.49.40/xmerl_sax_std_suite.ibm-not-wf-p88-ibm88n08.html"></testcase><testcase group="testcases8.testcases25.testcases102" name="ibm-not-wf-P88-ibm88n09" time="0.019166" timestamp="2012-11-19T15:51:26" log="/home/karl/tmp/otp_tests/logs/xmerl_test_logs/ct_run.ct@devbox.2012-11-19_15.49.06/tests.xmerl_test.logs/run.2012-11-19_15.49.40/xmerl_sax_std_suite.ibm-not-wf-p88-ibm88n09.html"></testcase><testcase group="testcases8.testcases25.testcases102" name="ibm-not-wf-P88-ibm88n10" time="0.020046" timestamp="2012-11-19T15:51:26" log="/home/karl/tmp/otp_tests/logs/xmerl_test_logs/ct_run.ct@devbox.2012-11-19_15.49.06/tests.xmerl_test.logs/run.2012-11-19_15.49.40/xmerl_sax_std_suite.ibm-not-wf-p88-ibm88n10.html"></testcase><testcase group="testcases8.testcases25.testcases102" name="ibm-not-wf-P88-ibm88n11" time="0.019886" timestamp="2012-11-19T15:51:26" log="/home/karl/tmp/otp_tests/logs/xmerl_test_logs/ct_run.ct@devbox.2012-11-19_15.49.06/tests.xmerl_test.logs/run.2012-11-19_15.49.40/xmerl_sax_std_suite.ibm-not-wf-p88-ibm88n11.html"></testcase><testcase group="testcases8.testcases25.testcases102" name="ibm-not-wf-P88-ibm88n12" time="0.020962" timestamp="2012-11-19T15:51:26" log="/home/karl/tmp/otp_tests/logs/xmerl_test_logs/ct_run.ct@devbox.2012-11-19_15.49.06/tests.xmerl_test.logs/run.2012-11-19_15.49.40/xmerl_sax_std_suite.ibm-not-wf-p88-ibm88n12.html"></testcase><testcase group="testcases8.testcases25.testcases102" name="ibm-not-wf-P88-ibm88n13" time="0.019058" timestamp="2012-11-19T15:51:26" log="/home/karl/tmp/otp_tests/logs/xmerl_test_logs/ct_run.ct@devbox.2012-11-19_15.49.06/tests.xmerl_test.logs/run.2012-11-19_15.49.40/xmerl_sax_std_suite.ibm-not-wf-p88-ibm88n13.html"></testcase><testcase group="testcases8.testcases25.testcases102" name="ibm-not-wf-P88-ibm88n14" time="0.018962" timestamp="2012-11-19T15:51:26" log="/home/karl/tmp/otp_tests/logs/xmerl_test_logs/ct_run.ct@devbox.2012-11-19_15.49.06/tests.xmerl_test.logs/run.2012-11-19_15.49.40/xmerl_sax_std_suite.ibm-not-wf-p88-ibm88n14.html"></testcase><testcase group="testcases8.testcases25.testcases102" name="ibm-not-wf-P88-ibm88n15" time="0.018896" timestamp="2012-11-19T15:51:26" log="/home/karl/tmp/otp_tests/logs/xmerl_test_logs/ct_run.ct@devbox.2012-11-19_15.49.06/tests.xmerl_test.logs/run.2012-11-19_15.49.40/xmerl_sax_std_suite.ibm-not-wf-p88-ibm88n15.html"></testcase><testcase group="testcases8.testcases25.testcases102" name="ibm-not-wf-P88-ibm88n16" time="0.019674" timestamp="2012-11-19T15:51:26" log="/home/karl/tmp/otp_tests/logs/xmerl_test_logs/ct_run.ct@devbox.2012-11-19_15.49.06/tests.xmerl_test.logs/run.2012-11-19_15.49.40/xmerl_sax_std_suite.ibm-not-wf-p88-ibm88n16.html"></testcase><testcase group="testcases8.testcases25.testcases102" name="end_per_group" time="0.018285" timestamp="2012-11-19T15:51:26" log="/home/karl/tmp/otp_tests/logs/xmerl_test_logs/ct_run.ct@devbox.2012-11-19_15.49.06/tests.xmerl_test.logs/run.2012-11-19_15.49.40/xmerl_sax_std_suite.end_per_group.336686.736.html"></testcase><testcase group="testcases8.testcases25.testcases103" name="init_per_group" time="0.019766" timestamp="2012-11-19T15:51:26" log="/home/karl/tmp/otp_tests/logs/xmerl_test_logs/ct_run.ct@devbox.2012-11-19_15.49.06/tests.xmerl_test.logs/run.2012-11-19_15.49.40/xmerl_sax_std_suite.init_per_group.336686.796.html"></testcase><testcase group="testcases8.testcases25.testcases103" name="ibm-not-wf-P89-ibm89n01" time="0.029694" timestamp="2012-11-19T15:51:26" log="/home/karl/tmp/otp_tests/logs/xmerl_test_logs/ct_run.ct@devbox.2012-11-19_15.49.06/tests.xmerl_test.logs/run.2012-11-19_15.49.40/xmerl_sax_std_suite.ibm-not-wf-p89-ibm89n01.html"></testcase><testcase group="testcases8.testcases25.testcases103" name="ibm-not-wf-P89-ibm89n02" time="0.019583" timestamp="2012-11-19T15:51:26" log="/home/karl/tmp/otp_tests/logs/xmerl_test_logs/ct_run.ct@devbox.2012-11-19_15.49.06/tests.xmerl_test.logs/run.2012-11-19_15.49.40/xmerl_sax_std_suite.ibm-not-wf-p89-ibm89n02.html"></testcase><testcase group="testcases8.testcases25.testcases103" name="ibm-not-wf-P89-ibm89n03" time="0.018621" timestamp="2012-11-19T15:51:27" log="/home/karl/tmp/otp_tests/logs/xmerl_test_logs/ct_run.ct@devbox.2012-11-19_15.49.06/tests.xmerl_test.logs/run.2012-11-19_15.49.40/xmerl_sax_std_suite.ibm-not-wf-p89-ibm89n03.html"></testcase><testcase group="testcases8.testcases25.testcases103" name="ibm-not-wf-P89-ibm89n04" time="0.027564" timestamp="2012-11-19T15:51:27" log="/home/karl/tmp/otp_tests/logs/xmerl_test_logs/ct_run.ct@devbox.2012-11-19_15.49.06/tests.xmerl_test.logs/run.2012-11-19_15.49.40/xmerl_sax_std_suite.ibm-not-wf-p89-ibm89n04.html"></testcase><testcase group="testcases8.testcases25.testcases103" name="ibm-not-wf-P89-ibm89n05" time="0.036583" timestamp="2012-11-19T15:51:27" log="/home/karl/tmp/otp_tests/logs/xmerl_test_logs/ct_run.ct@devbox.2012-11-19_15.49.06/tests.xmerl_test.logs/run.2012-11-19_15.49.40/xmerl_sax_std_suite.ibm-not-wf-p89-ibm89n05.html"></testcase><testcase group="testcases8.testcases25.testcases103" name="ibm-not-wf-P89-ibm89n06" time="0.022948" timestamp="2012-11-19T15:51:27" log="/home/karl/tmp/otp_tests/logs/xmerl_test_logs/ct_run.ct@devbox.2012-11-19_15.49.06/tests.xmerl_test.logs/run.2012-11-19_15.49.40/xmerl_sax_std_suite.ibm-not-wf-p89-ibm89n06.html"></testcase><testcase group="testcases8.testcases25.testcases103" name="ibm-not-wf-P89-ibm89n07" time="0.026410" timestamp="2012-11-19T15:51:27" log="/home/karl/tmp/otp_tests/logs/xmerl_test_logs/ct_run.ct@devbox.2012-11-19_15.49.06/tests.xmerl_test.logs/run.2012-11-19_15.49.40/xmerl_sax_std_suite.ibm-not-wf-p89-ibm89n07.html"></testcase><testcase group="testcases8.testcases25.testcases103" name="ibm-not-wf-P89-ibm89n08" time="0.036816" timestamp="2012-11-19T15:51:27" log="/home/karl/tmp/otp_tests/logs/xmerl_test_logs/ct_run.ct@devbox.2012-11-19_15.49.06/tests.xmerl_test.logs/run.2012-11-19_15.49.40/xmerl_sax_std_suite.ibm-not-wf-p89-ibm89n08.html"></testcase><testcase group="testcases8.testcases25.testcases103" name="ibm-not-wf-P89-ibm89n09" time="0.022707" timestamp="2012-11-19T15:51:27" log="/home/karl/tmp/otp_tests/logs/xmerl_test_logs/ct_run.ct@devbox.2012-11-19_15.49.06/tests.xmerl_test.logs/run.2012-11-19_15.49.40/xmerl_sax_std_suite.ibm-not-wf-p89-ibm89n09.html"></testcase><testcase group="testcases8.testcases25.testcases103" name="ibm-not-wf-P89-ibm89n10" time="0.026187" timestamp="2012-11-19T15:51:27" log="/home/karl/tmp/otp_tests/logs/xmerl_test_logs/ct_run.ct@devbox.2012-11-19_15.49.06/tests.xmerl_test.logs/run.2012-11-19_15.49.40/xmerl_sax_std_suite.ibm-not-wf-p89-ibm89n10.html"></testcase><testcase group="testcases8.testcases25.testcases103" name="ibm-not-wf-P89-ibm89n11" time="0.038172" timestamp="2012-11-19T15:51:27" log="/home/karl/tmp/otp_tests/logs/xmerl_test_logs/ct_run.ct@devbox.2012-11-19_15.49.06/tests.xmerl_test.logs/run.2012-11-19_15.49.40/xmerl_sax_std_suite.ibm-not-wf-p89-ibm89n11.html"></testcase><testcase group="testcases8.testcases25.testcases103" name="ibm-not-wf-P89-ibm89n12" time="0.022669" timestamp="2012-11-19T15:51:27" log="/home/karl/tmp/otp_tests/logs/xmerl_test_logs/ct_run.ct@devbox.2012-11-19_15.49.06/tests.xmerl_test.logs/run.2012-11-19_15.49.40/xmerl_sax_std_suite.ibm-not-wf-p89-ibm89n12.html"></testcase><testcase group="testcases8.testcases25.testcases103" name="end_per_group" time="0.025495" timestamp="2012-11-19T15:51:27" log="/home/karl/tmp/otp_tests/logs/xmerl_test_logs/ct_run.ct@devbox.2012-11-19_15.49.06/tests.xmerl_test.logs/run.2012-11-19_15.49.40/xmerl_sax_std_suite.end_per_group.336687.782.html"></testcase><testcase group="testcases8.testcases25" name="end_per_group" time="0.035296" timestamp="2012-11-19T15:51:27" log="/home/karl/tmp/otp_tests/logs/xmerl_test_logs/ct_run.ct@devbox.2012-11-19_15.49.06/tests.xmerl_test.logs/run.2012-11-19_15.49.40/xmerl_sax_std_suite.end_per_group.336687.868.html"></testcase><testcase group="testcases8.testcases104" name="init_per_group" time="0.021423" timestamp="2012-11-19T15:51:27" log="/home/karl/tmp/otp_tests/logs/xmerl_test_logs/ct_run.ct@devbox.2012-11-19_15.49.06/tests.xmerl_test.logs/run.2012-11-19_15.49.40/xmerl_sax_std_suite.init_per_group.336687.952.html"></testcase><testcase group="testcases8.testcases104.testcases105" name="init_per_group" time="0.034647" timestamp="2012-11-19T15:51:28" log="/home/karl/tmp/otp_tests/logs/xmerl_test_logs/ct_run.ct@devbox.2012-11-19_15.49.06/tests.xmerl_test.logs/run.2012-11-19_15.49.40/xmerl_sax_std_suite.init_per_group.336688.20.html"></testcase><testcase group="testcases8.testcases104.testcases105" name="ibm-valid-P01-ibm01v01" time="0.042208" timestamp="2012-11-19T15:51:28" log="/home/karl/tmp/otp_tests/logs/xmerl_test_logs/ct_run.ct@devbox.2012-11-19_15.49.06/tests.xmerl_test.logs/run.2012-11-19_15.49.40/xmerl_sax_std_suite.ibm-valid-p01-ibm01v01.html"></testcase><testcase group="testcases8.testcases104.testcases105" name="end_per_group" time="0.023204" timestamp="2012-11-19T15:51:28" log="/home/karl/tmp/otp_tests/logs/xmerl_test_logs/ct_run.ct@devbox.2012-11-19_15.49.06/tests.xmerl_test.logs/run.2012-11-19_15.49.40/xmerl_sax_std_suite.end_per_group.336688.208.html"></testcase><testcase group="testcases8.testcases104.testcases106" name="init_per_group" time="0.026408" timestamp="2012-11-19T15:51:28" log="/home/karl/tmp/otp_tests/logs/xmerl_test_logs/ct_run.ct@devbox.2012-11-19_15.49.06/tests.xmerl_test.logs/run.2012-11-19_15.49.40/xmerl_sax_std_suite.init_per_group.336688.277.html"></testcase><testcase group="testcases8.testcases104.testcases106" name="ibm-valid-P02-ibm02v01" time="0.038300" timestamp="2012-11-19T15:51:28" log="/home/karl/tmp/otp_tests/logs/xmerl_test_logs/ct_run.ct@devbox.2012-11-19_15.49.06/tests.xmerl_test.logs/run.2012-11-19_15.49.40/xmerl_sax_std_suite.ibm-valid-p02-ibm02v01.html"></testcase><testcase group="testcases8.testcases104.testcases106" name="end_per_group" time="0.024264" timestamp="2012-11-19T15:51:28" log="/home/karl/tmp/otp_tests/logs/xmerl_test_logs/ct_run.ct@devbox.2012-11-19_15.49.06/tests.xmerl_test.logs/run.2012-11-19_15.49.40/xmerl_sax_std_suite.end_per_group.336688.450.html"></testcase><testcase group="testcases8.testcases104.testcases107" name="init_per_group" time="0.026868" timestamp="2012-11-19T15:51:28" log="/home/karl/tmp/otp_tests/logs/xmerl_test_logs/ct_run.ct@devbox.2012-11-19_15.49.06/tests.xmerl_test.logs/run.2012-11-19_15.49.40/xmerl_sax_std_suite.init_per_group.336688.522.html"></testcase><testcase group="testcases8.testcases104.testcases107" name="ibm-valid-P03-ibm03v01" time="0.037765" timestamp="2012-11-19T15:51:28" log="/home/karl/tmp/otp_tests/logs/xmerl_test_logs/ct_run.ct@devbox.2012-11-19_15.49.06/tests.xmerl_test.logs/run.2012-11-19_15.49.40/xmerl_sax_std_suite.ibm-valid-p03-ibm03v01.html"></testcase><testcase group="testcases8.testcases104.testcases107" name="end_per_group" time="0.023521" timestamp="2012-11-19T15:51:28" log="/home/karl/tmp/otp_tests/logs/xmerl_test_logs/ct_run.ct@devbox.2012-11-19_15.49.06/tests.xmerl_test.logs/run.2012-11-19_15.49.40/xmerl_sax_std_suite.end_per_group.336688.697.html"></testcase><testcase group="testcases8.testcases104.testcases108" name="init_per_group" time="0.031613" timestamp="2012-11-19T15:51:28" log="/home/karl/tmp/otp_tests/logs/xmerl_test_logs/ct_run.ct@devbox.2012-11-19_15.49.06/tests.xmerl_test.logs/run.2012-11-19_15.49.40/xmerl_sax_std_suite.init_per_group.336688.770.html"></testcase><testcase group="testcases8.testcases104.testcases108" name="ibm-valid-P09-ibm09v01" time="0.043303" timestamp="2012-11-19T15:51:28" log="/home/karl/tmp/otp_tests/logs/xmerl_test_logs/ct_run.ct@devbox.2012-11-19_15.49.06/tests.xmerl_test.logs/run.2012-11-19_15.49.40/xmerl_sax_std_suite.ibm-valid-p09-ibm09v01.html"></testcase><testcase group="testcases8.testcases104.testcases108" name="ibm-valid-P09-ibm09v02" time="0.039454" timestamp="2012-11-19T15:51:29" log="/home/karl/tmp/otp_tests/logs/xmerl_test_logs/ct_run.ct@devbox.2012-11-19_15.49.06/tests.xmerl_test.logs/run.2012-11-19_15.49.40/xmerl_sax_std_suite.ibm-valid-p09-ibm09v02.html"></testcase><testcase group="testcases8.testcases104.testcases108" name="ibm-valid-P09-ibm09v03" time="0.028569" timestamp="2012-11-19T15:51:29" log="/home/karl/tmp/otp_tests/logs/xmerl_test_logs/ct_run.ct@devbox.2012-11-19_15.49.06/tests.xmerl_test.logs/run.2012-11-19_15.49.40/xmerl_sax_std_suite.ibm-valid-p09-ibm09v03.html"></testcase><testcase group="testcases8.testcases104.testcases108" name="ibm-valid-P09-ibm09v04" time="0.055736" timestamp="2012-11-19T15:51:29" log="/home/karl/tmp/otp_tests/logs/xmerl_test_logs/ct_run.ct@devbox.2012-11-19_15.49.06/tests.xmerl_test.logs/run.2012-11-19_15.49.40/xmerl_sax_std_suite.ibm-valid-p09-ibm09v04.html"></testcase><testcase group="testcases8.testcases104.testcases108" name="ibm-valid-P09-ibm09v05" time="0.032901" timestamp="2012-11-19T15:51:29" log="/home/karl/tmp/otp_tests/logs/xmerl_test_logs/ct_run.ct@devbox.2012-11-19_15.49.06/tests.xmerl_test.logs/run.2012-11-19_15.49.40/xmerl_sax_std_suite.ibm-valid-p09-ibm09v05.html"><skipped type="skip" message="Test ibm-valid-P09-ibm09v05 in xmerl_sax_std_SUITE skipped!">{tc_user_skip,{skipped,&quot;NYI&quot;}}</skipped></testcase><testcase group="testcases8.testcases104.testcases108" name="end_per_group" time="0.029368" timestamp="2012-11-19T15:51:29" log="/home/karl/tmp/otp_tests/logs/xmerl_test_logs/ct_run.ct@devbox.2012-11-19_15.49.06/tests.xmerl_test.logs/run.2012-11-19_15.49.40/xmerl_sax_std_suite.end_per_group.336689.551.html"></testcase><testcase group="testcases8.testcases104.testcases109" name="init_per_group" time="0.032084" timestamp="2012-11-19T15:51:29" log="/home/karl/tmp/otp_tests/logs/xmerl_test_logs/ct_run.ct@devbox.2012-11-19_15.49.06/tests.xmerl_test.logs/run.2012-11-19_15.49.40/xmerl_sax_std_suite.init_per_group.336689.633.html"></testcase><testcase group="testcases8.testcases104.testcases109" name="ibm-valid-P10-ibm10v01" time="0.038508" timestamp="2012-11-19T15:51:29" log="/home/karl/tmp/otp_tests/logs/xmerl_test_logs/ct_run.ct@devbox.2012-11-19_15.49.06/tests.xmerl_test.logs/run.2012-11-19_15.49.40/xmerl_sax_std_suite.ibm-valid-p10-ibm10v01.html"></testcase><testcase group="testcases8.testcases104.testcases109" name="ibm-valid-P10-ibm10v02" time="0.026793" timestamp="2012-11-19T15:51:29" log="/home/karl/tmp/otp_tests/logs/xmerl_test_logs/ct_run.ct@devbox.2012-11-19_15.49.06/tests.xmerl_test.logs/run.2012-11-19_15.49.40/xmerl_sax_std_suite.ibm-valid-p10-ibm10v02.html"></testcase><testcase group="testcases8.testcases104.testcases109" name="ibm-valid-P10-ibm10v03" time="0.027391" timestamp="2012-11-19T15:51:29" log="/home/karl/tmp/otp_tests/logs/xmerl_test_logs/ct_run.ct@devbox.2012-11-19_15.49.06/tests.xmerl_test.logs/run.2012-11-19_15.49.40/xmerl_sax_std_suite.ibm-valid-p10-ibm10v03.html"></testcase><testcase group="testcases8.testcases104.testcases109" name="ibm-valid-P10-ibm10v04" time="0.034700" timestamp="2012-11-19T15:51:29" log="/home/karl/tmp/otp_tests/logs/xmerl_test_logs/ct_run.ct@devbox.2012-11-19_15.49.06/tests.xmerl_test.logs/run.2012-11-19_15.49.40/xmerl_sax_std_suite.ibm-valid-p10-ibm10v04.html"></testcase><testcase group="testcases8.testcases104.testcases109" name="ibm-valid-P10-ibm10v05" time="0.026394" timestamp="2012-11-19T15:51:30" log="/home/karl/tmp/otp_tests/logs/xmerl_test_logs/ct_run.ct@devbox.2012-11-19_15.49.06/tests.xmerl_test.logs/run.2012-11-19_15.49.40/xmerl_sax_std_suite.ibm-valid-p10-ibm10v05.html"></testcase><testcase group="testcases8.testcases104.testcases109" name="ibm-valid-P10-ibm10v06" time="0.026977" timestamp="2012-11-19T15:51:30" log="/home/karl/tmp/otp_tests/logs/xmerl_test_logs/ct_run.ct@devbox.2012-11-19_15.49.06/tests.xmerl_test.logs/run.2012-11-19_15.49.40/xmerl_sax_std_suite.ibm-valid-p10-ibm10v06.html"></testcase><testcase group="testcases8.testcases104.testcases109" name="ibm-valid-P10-ibm10v07" time="0.036585" timestamp="2012-11-19T15:51:30" log="/home/karl/tmp/otp_tests/logs/xmerl_test_logs/ct_run.ct@devbox.2012-11-19_15.49.06/tests.xmerl_test.logs/run.2012-11-19_15.49.40/xmerl_sax_std_suite.ibm-valid-p10-ibm10v07.html"></testcase><testcase group="testcases8.testcases104.testcases109" name="ibm-valid-P10-ibm10v08" time="0.025683" timestamp="2012-11-19T15:51:30" log="/home/karl/tmp/otp_tests/logs/xmerl_test_logs/ct_run.ct@devbox.2012-11-19_15.49.06/tests.xmerl_test.logs/run.2012-11-19_15.49.40/xmerl_sax_std_suite.ibm-valid-p10-ibm10v08.html"></testcase><testcase group="testcases8.testcases104.testcases109" name="end_per_group" time="0.026288" timestamp="2012-11-19T15:51:30" log="/home/karl/tmp/otp_tests/logs/xmerl_test_logs/ct_run.ct@devbox.2012-11-19_15.49.06/tests.xmerl_test.logs/run.2012-11-19_15.49.40/xmerl_sax_std_suite.end_per_group.336690.375.html"></testcase><testcase group="testcases8.testcases104.testcases110" name="init_per_group" time="0.034888" timestamp="2012-11-19T15:51:30" log="/home/karl/tmp/otp_tests/logs/xmerl_test_logs/ct_run.ct@devbox.2012-11-19_15.49.06/tests.xmerl_test.logs/run.2012-11-19_15.49.40/xmerl_sax_std_suite.init_per_group.336690.459.html"></testcase><testcase group="testcases8.testcases104.testcases110" name="ibm-valid-P11-ibm11v01" time="0.023320" timestamp="2012-11-19T15:51:30" log="/home/karl/tmp/otp_tests/logs/xmerl_test_logs/ct_run.ct@devbox.2012-11-19_15.49.06/tests.xmerl_test.logs/run.2012-11-19_15.49.40/xmerl_sax_std_suite.ibm-valid-p11-ibm11v01.html"></testcase><testcase group="testcases8.testcases104.testcases110" name="ibm-valid-P11-ibm11v02" time="0.027151" timestamp="2012-11-19T15:51:30" log="/home/karl/tmp/otp_tests/logs/xmerl_test_logs/ct_run.ct@devbox.2012-11-19_15.49.06/tests.xmerl_test.logs/run.2012-11-19_15.49.40/xmerl_sax_std_suite.ibm-valid-p11-ibm11v02.html"></testcase><testcase group="testcases8.testcases104.testcases110" name="ibm-valid-P11-ibm11v03" time="0.118565" timestamp="2012-11-19T15:51:30" log="/home/karl/tmp/otp_tests/logs/xmerl_test_logs/ct_run.ct@devbox.2012-11-19_15.49.06/tests.xmerl_test.logs/run.2012-11-19_15.49.40/xmerl_sax_std_suite.ibm-valid-p11-ibm11v03.html"><skipped type="skip" message="Test ibm-valid-P11-ibm11v03 in xmerl_sax_std_SUITE skipped!">{tc_user_skip,{skipped,&quot;NYI&quot;}}</skipped></testcase><testcase group="testcases8.testcases104.testcases110" name="ibm-valid-P11-ibm11v04" time="0.044764" timestamp="2012-11-19T15:51:30" log="/home/karl/tmp/otp_tests/logs/xmerl_test_logs/ct_run.ct@devbox.2012-11-19_15.49.06/tests.xmerl_test.logs/run.2012-11-19_15.49.40/xmerl_sax_std_suite.ibm-valid-p11-ibm11v04.html"><skipped type="skip" message="Test ibm-valid-P11-ibm11v04 in xmerl_sax_std_SUITE skipped!">{tc_user_skip,{skipped,&quot;NYI&quot;}}</skipped></testcase><testcase group="testcases8.testcases104.testcases110" name="end_per_group" time="0.055498" timestamp="2012-11-19T15:51:31" log="/home/karl/tmp/otp_tests/logs/xmerl_test_logs/ct_run.ct@devbox.2012-11-19_15.49.06/tests.xmerl_test.logs/run.2012-11-19_15.49.40/xmerl_sax_std_suite.end_per_group.336691.91.html"></testcase><testcase group="testcases8.testcases104.testcases113" name="init_per_group" time="0.023155" timestamp="2012-11-19T15:51:31" log="/home/karl/tmp/otp_tests/logs/xmerl_test_logs/ct_run.ct@devbox.2012-11-19_15.49.06/tests.xmerl_test.logs/run.2012-11-19_15.49.40/xmerl_sax_std_suite.init_per_group.336691.212.html"></testcase><testcase group="testcases8.testcases104.testcases113" name="ibm-valid-P14-ibm14v01" time="0.026021" timestamp="2012-11-19T15:51:31" log="/home/karl/tmp/otp_tests/logs/xmerl_test_logs/ct_run.ct@devbox.2012-11-19_15.49.06/tests.xmerl_test.logs/run.2012-11-19_15.49.40/xmerl_sax_std_suite.ibm-valid-p14-ibm14v01.html"></testcase><testcase group="testcases8.testcases104.testcases113" name="ibm-valid-P14-ibm14v02" time="0.036641" timestamp="2012-11-19T15:51:31" log="/home/karl/tmp/otp_tests/logs/xmerl_test_logs/ct_run.ct@devbox.2012-11-19_15.49.06/tests.xmerl_test.logs/run.2012-11-19_15.49.40/xmerl_sax_std_suite.ibm-valid-p14-ibm14v02.html"></testcase><testcase group="testcases8.testcases104.testcases113" name="ibm-valid-P14-ibm14v03" time="0.025415" timestamp="2012-11-19T15:51:31" log="/home/karl/tmp/otp_tests/logs/xmerl_test_logs/ct_run.ct@devbox.2012-11-19_15.49.06/tests.xmerl_test.logs/run.2012-11-19_15.49.40/xmerl_sax_std_suite.ibm-valid-p14-ibm14v03.html"></testcase><testcase group="testcases8.testcases104.testcases113" name="end_per_group" time="0.026049" timestamp="2012-11-19T15:51:31" log="/home/karl/tmp/otp_tests/logs/xmerl_test_logs/ct_run.ct@devbox.2012-11-19_15.49.06/tests.xmerl_test.logs/run.2012-11-19_15.49.40/xmerl_sax_std_suite.end_per_group.336691.520.html"></testcase><testcase group="testcases8.testcases104.testcases114" name="init_per_group" time="0.034521" timestamp="2012-11-19T15:51:31" log="/home/karl/tmp/otp_tests/logs/xmerl_test_logs/ct_run.ct@devbox.2012-11-19_15.49.06/tests.xmerl_test.logs/run.2012-11-19_15.49.40/xmerl_sax_std_suite.init_per_group.336691.602.html"></testcase><testcase group="testcases8.testcases104.testcases114" name="ibm-valid-P15-ibm15v01" time="0.025057" timestamp="2012-11-19T15:51:31" log="/home/karl/tmp/otp_tests/logs/xmerl_test_logs/ct_run.ct@devbox.2012-11-19_15.49.06/tests.xmerl_test.logs/run.2012-11-19_15.49.40/xmerl_sax_std_suite.ibm-valid-p15-ibm15v01.html"></testcase><testcase group="testcases8.testcases104.testcases114" name="ibm-valid-P15-ibm15v02" time="0.026526" timestamp="2012-11-19T15:51:31" log="/home/karl/tmp/otp_tests/logs/xmerl_test_logs/ct_run.ct@devbox.2012-11-19_15.49.06/tests.xmerl_test.logs/run.2012-11-19_15.49.40/xmerl_sax_std_suite.ibm-valid-p15-ibm15v02.html"></testcase><testcase group="testcases8.testcases104.testcases114" name="ibm-valid-P15-ibm15v03" time="0.040056" timestamp="2012-11-19T15:51:31" log="/home/karl/tmp/otp_tests/logs/xmerl_test_logs/ct_run.ct@devbox.2012-11-19_15.49.06/tests.xmerl_test.logs/run.2012-11-19_15.49.40/xmerl_sax_std_suite.ibm-valid-p15-ibm15v03.html"></testcase><testcase group="testcases8.testcases104.testcases114" name="ibm-valid-P15-ibm15v04" time="0.024099" timestamp="2012-11-19T15:51:31" log="/home/karl/tmp/otp_tests/logs/xmerl_test_logs/ct_run.ct@devbox.2012-11-19_15.49.06/tests.xmerl_test.logs/run.2012-11-19_15.49.40/xmerl_sax_std_suite.ibm-valid-p15-ibm15v04.html"></testcase><testcase group="testcases8.testcases104.testcases114" name="end_per_group" time="0.025566" timestamp="2012-11-19T15:51:32" log="/home/karl/tmp/otp_tests/logs/xmerl_test_logs/ct_run.ct@devbox.2012-11-19_15.49.06/tests.xmerl_test.logs/run.2012-11-19_15.49.40/xmerl_sax_std_suite.end_per_group.336691.994.html"></testcase><testcase group="testcases8.testcases104.testcases115" name="init_per_group" time="0.100298" timestamp="2012-11-19T15:51:32" log="/home/karl/tmp/otp_tests/logs/xmerl_test_logs/ct_run.ct@devbox.2012-11-19_15.49.06/tests.xmerl_test.logs/run.2012-11-19_15.49.40/xmerl_sax_std_suite.init_per_group.336692.75.html"></testcase><testcase group="testcases8.testcases104.testcases115" name="ibm-valid-P16-ibm16v01" time="0.050247" timestamp="2012-11-19T15:51:32" log="/home/karl/tmp/otp_tests/logs/xmerl_test_logs/ct_run.ct@devbox.2012-11-19_15.49.06/tests.xmerl_test.logs/run.2012-11-19_15.49.40/xmerl_sax_std_suite.ibm-valid-p16-ibm16v01.html"></testcase><testcase group="testcases8.testcases104.testcases115" name="ibm-valid-P16-ibm16v02" time="0.029871" timestamp="2012-11-19T15:51:32" log="/home/karl/tmp/otp_tests/logs/xmerl_test_logs/ct_run.ct@devbox.2012-11-19_15.49.06/tests.xmerl_test.logs/run.2012-11-19_15.49.40/xmerl_sax_std_suite.ibm-valid-p16-ibm16v02.html"></testcase><testcase group="testcases8.testcases104.testcases115" name="ibm-valid-P16-ibm16v03" time="0.037361" timestamp="2012-11-19T15:51:32" log="/home/karl/tmp/otp_tests/logs/xmerl_test_logs/ct_run.ct@devbox.2012-11-19_15.49.06/tests.xmerl_test.logs/run.2012-11-19_15.49.40/xmerl_sax_std_suite.ibm-valid-p16-ibm16v03.html"></testcase><testcase group="testcases8.testcases104.testcases115" name="end_per_group" time="0.023313" timestamp="2012-11-19T15:51:32" log="/home/karl/tmp/otp_tests/logs/xmerl_test_logs/ct_run.ct@devbox.2012-11-19_15.49.06/tests.xmerl_test.logs/run.2012-11-19_15.49.40/xmerl_sax_std_suite.end_per_group.336692.556.html"></testcase><testcase group="testcases8.testcases104.testcases116" name="init_per_group" time="0.025331" timestamp="2012-11-19T15:51:32" log="/home/karl/tmp/otp_tests/logs/xmerl_test_logs/ct_run.ct@devbox.2012-11-19_15.49.06/tests.xmerl_test.logs/run.2012-11-19_15.49.40/xmerl_sax_std_suite.init_per_group.336692.626.html"></testcase><testcase group="testcases8.testcases104.testcases116" name="ibm-valid-P17-ibm17v01" time="0.056754" timestamp="2012-11-19T15:51:32" log="/home/karl/tmp/otp_tests/logs/xmerl_test_logs/ct_run.ct@devbox.2012-11-19_15.49.06/tests.xmerl_test.logs/run.2012-11-19_15.49.40/xmerl_sax_std_suite.ibm-valid-p17-ibm17v01.html"></testcase><testcase group="testcases8.testcases104.testcases116" name="end_per_group" time="0.033815" timestamp="2012-11-19T15:51:32" log="/home/karl/tmp/otp_tests/logs/xmerl_test_logs/ct_run.ct@devbox.2012-11-19_15.49.06/tests.xmerl_test.logs/run.2012-11-19_15.49.40/xmerl_sax_std_suite.end_per_group.336692.817.html"></testcase><testcase group="testcases8.testcases104.testcases117" name="init_per_group" time="0.031585" timestamp="2012-11-19T15:51:32" log="/home/karl/tmp/otp_tests/logs/xmerl_test_logs/ct_run.ct@devbox.2012-11-19_15.49.06/tests.xmerl_test.logs/run.2012-11-19_15.49.40/xmerl_sax_std_suite.init_per_group.336692.915.html"></testcase><testcase group="testcases8.testcases104.testcases117" name="ibm-valid-P18-ibm18v01" time="0.039552" timestamp="2012-11-19T15:51:33" log="/home/karl/tmp/otp_tests/logs/xmerl_test_logs/ct_run.ct@devbox.2012-11-19_15.49.06/tests.xmerl_test.logs/run.2012-11-19_15.49.40/xmerl_sax_std_suite.ibm-valid-p18-ibm18v01.html"></testcase><testcase group="testcases8.testcases104.testcases117" name="end_per_group" time="0.047650" timestamp="2012-11-19T15:51:33" log="/home/karl/tmp/otp_tests/logs/xmerl_test_logs/ct_run.ct@devbox.2012-11-19_15.49.06/tests.xmerl_test.logs/run.2012-11-19_15.49.40/xmerl_sax_std_suite.end_per_group.336693.105.html"></testcase><testcase group="testcases8.testcases104.testcases118" name="init_per_group" time="0.064799" timestamp="2012-11-19T15:51:33" log="/home/karl/tmp/otp_tests/logs/xmerl_test_logs/ct_run.ct@devbox.2012-11-19_15.49.06/tests.xmerl_test.logs/run.2012-11-19_15.49.40/xmerl_sax_std_suite.init_per_group.336693.206.html"></testcase><testcase group="testcases8.testcases104.testcases118" name="ibm-valid-P19-ibm19v01" time="0.076273" timestamp="2012-11-19T15:51:33" log="/home/karl/tmp/otp_tests/logs/xmerl_test_logs/ct_run.ct@devbox.2012-11-19_15.49.06/tests.xmerl_test.logs/run.2012-11-19_15.49.40/xmerl_sax_std_suite.ibm-valid-p19-ibm19v01.html"></testcase><testcase group="testcases8.testcases104.testcases118" name="end_per_group" time="0.025220" timestamp="2012-11-19T15:51:33" log="/home/karl/tmp/otp_tests/logs/xmerl_test_logs/ct_run.ct@devbox.2012-11-19_15.49.06/tests.xmerl_test.logs/run.2012-11-19_15.49.40/xmerl_sax_std_suite.end_per_group.336693.523.html"></testcase><testcase group="testcases8.testcases104.testcases119" name="init_per_group" time="0.027972" timestamp="2012-11-19T15:51:33" log="/home/karl/tmp/otp_tests/logs/xmerl_test_logs/ct_run.ct@devbox.2012-11-19_15.49.06/tests.xmerl_test.logs/run.2012-11-19_15.49.40/xmerl_sax_std_suite.init_per_group.336693.595.html"></testcase><testcase group="testcases8.testcases104.testcases119" name="ibm-valid-P20-ibm20v01" time="0.035958" timestamp="2012-11-19T15:51:33" log="/home/karl/tmp/otp_tests/logs/xmerl_test_logs/ct_run.ct@devbox.2012-11-19_15.49.06/tests.xmerl_test.logs/run.2012-11-19_15.49.40/xmerl_sax_std_suite.ibm-valid-p20-ibm20v01.html"></testcase><testcase group="testcases8.testcases104.testcases119" name="ibm-valid-P20-ibm20v02" time="0.031393" timestamp="2012-11-19T15:51:33" log="/home/karl/tmp/otp_tests/logs/xmerl_test_logs/ct_run.ct@devbox.2012-11-19_15.49.06/tests.xmerl_test.logs/run.2012-11-19_15.49.40/xmerl_sax_std_suite.ibm-valid-p20-ibm20v02.html"></testcase><testcase group="testcases8.testcases104.testcases119" name="end_per_group" time="0.034142" timestamp="2012-11-19T15:51:33" log="/home/karl/tmp/otp_tests/logs/xmerl_test_logs/ct_run.ct@devbox.2012-11-19_15.49.06/tests.xmerl_test.logs/run.2012-11-19_15.49.40/xmerl_sax_std_suite.end_per_group.336693.844.html"></testcase><testcase group="testcases8.testcases104.testcases120" name="init_per_group" time="0.051043" timestamp="2012-11-19T15:51:33" log="/home/karl/tmp/otp_tests/logs/xmerl_test_logs/ct_run.ct@devbox.2012-11-19_15.49.06/tests.xmerl_test.logs/run.2012-11-19_15.49.40/xmerl_sax_std_suite.init_per_group.336693.957.html"></testcase><testcase group="testcases8.testcases104.testcases120" name="ibm-valid-P21-ibm21v01" time="0.033869" timestamp="2012-11-19T15:51:34" log="/home/karl/tmp/otp_tests/logs/xmerl_test_logs/ct_run.ct@devbox.2012-11-19_15.49.06/tests.xmerl_test.logs/run.2012-11-19_15.49.40/xmerl_sax_std_suite.ibm-valid-p21-ibm21v01.html"></testcase><testcase group="testcases8.testcases104.testcases120" name="end_per_group" time="0.027763" timestamp="2012-11-19T15:51:34" log="/home/karl/tmp/otp_tests/logs/xmerl_test_logs/ct_run.ct@devbox.2012-11-19_15.49.06/tests.xmerl_test.logs/run.2012-11-19_15.49.40/xmerl_sax_std_suite.end_per_group.336694.157.html"></testcase><testcase group="testcases8.testcases104.testcases121" name="init_per_group" time="0.020147" timestamp="2012-11-19T15:51:34" log="/home/karl/tmp/otp_tests/logs/xmerl_test_logs/ct_run.ct@devbox.2012-11-19_15.49.06/tests.xmerl_test.logs/run.2012-11-19_15.49.40/xmerl_sax_std_suite.init_per_group.336694.254.html"></testcase><testcase group="testcases8.testcases104.testcases121" name="ibm-valid-P22-ibm22v01" time="0.030055" timestamp="2012-11-19T15:51:34" log="/home/karl/tmp/otp_tests/logs/xmerl_test_logs/ct_run.ct@devbox.2012-11-19_15.49.06/tests.xmerl_test.logs/run.2012-11-19_15.49.40/xmerl_sax_std_suite.ibm-valid-p22-ibm22v01.html"></testcase><testcase group="testcases8.testcases104.testcases121" name="ibm-valid-P22-ibm22v02" time="0.026761" timestamp="2012-11-19T15:51:34" log="/home/karl/tmp/otp_tests/logs/xmerl_test_logs/ct_run.ct@devbox.2012-11-19_15.49.06/tests.xmerl_test.logs/run.2012-11-19_15.49.40/xmerl_sax_std_suite.ibm-valid-p22-ibm22v02.html"></testcase><testcase group="testcases8.testcases104.testcases121" name="ibm-valid-P22-ibm22v03" time="0.045594" timestamp="2012-11-19T15:51:34" log="/home/karl/tmp/otp_tests/logs/xmerl_test_logs/ct_run.ct@devbox.2012-11-19_15.49.06/tests.xmerl_test.logs/run.2012-11-19_15.49.40/xmerl_sax_std_suite.ibm-valid-p22-ibm22v03.html"></testcase><testcase group="testcases8.testcases104.testcases121" name="ibm-valid-P22-ibm22v04" time="0.020405" timestamp="2012-11-19T15:51:34" log="/home/karl/tmp/otp_tests/logs/xmerl_test_logs/ct_run.ct@devbox.2012-11-19_15.49.06/tests.xmerl_test.logs/run.2012-11-19_15.49.40/xmerl_sax_std_suite.ibm-valid-p22-ibm22v04.html"></testcase><testcase group="testcases8.testcases104.testcases121" name="ibm-valid-P22-ibm22v05" time="0.020410" timestamp="2012-11-19T15:51:34" log="/home/karl/tmp/otp_tests/logs/xmerl_test_logs/ct_run.ct@devbox.2012-11-19_15.49.06/tests.xmerl_test.logs/run.2012-11-19_15.49.40/xmerl_sax_std_suite.ibm-valid-p22-ibm22v05.html"></testcase><testcase group="testcases8.testcases104.testcases121" name="ibm-valid-P22-ibm22v06" time="0.030467" timestamp="2012-11-19T15:51:34" log="/home/karl/tmp/otp_tests/logs/xmerl_test_logs/ct_run.ct@devbox.2012-11-19_15.49.06/tests.xmerl_test.logs/run.2012-11-19_15.49.40/xmerl_sax_std_suite.ibm-valid-p22-ibm22v06.html"></testcase><testcase group="testcases8.testcases104.testcases121" name="ibm-valid-P22-ibm22v07" time="0.020659" timestamp="2012-11-19T15:51:34" log="/home/karl/tmp/otp_tests/logs/xmerl_test_logs/ct_run.ct@devbox.2012-11-19_15.49.06/tests.xmerl_test.logs/run.2012-11-19_15.49.40/xmerl_sax_std_suite.ibm-valid-p22-ibm22v07.html"></testcase><testcase group="testcases8.testcases104.testcases121" name="end_per_group" time="0.023311" timestamp="2012-11-19T15:51:34" log="/home/karl/tmp/otp_tests/logs/xmerl_test_logs/ct_run.ct@devbox.2012-11-19_15.49.06/tests.xmerl_test.logs/run.2012-11-19_15.49.40/xmerl_sax_std_suite.end_per_group.336694.906.html"></testcase><testcase group="testcases8.testcases104.testcases122" name="init_per_group" time="0.019407" timestamp="2012-11-19T15:51:34" log="/home/karl/tmp/otp_tests/logs/xmerl_test_logs/ct_run.ct@devbox.2012-11-19_15.49.06/tests.xmerl_test.logs/run.2012-11-19_15.49.40/xmerl_sax_std_suite.init_per_group.336694.975.html"></testcase><testcase group="testcases8.testcases104.testcases122" name="ibm-valid-P23-ibm23v01" time="0.019883" timestamp="2012-11-19T15:51:35" log="/home/karl/tmp/otp_tests/logs/xmerl_test_logs/ct_run.ct@devbox.2012-11-19_15.49.06/tests.xmerl_test.logs/run.2012-11-19_15.49.40/xmerl_sax_std_suite.ibm-valid-p23-ibm23v01.html"></testcase><testcase group="testcases8.testcases104.testcases122" name="ibm-valid-P23-ibm23v02" time="0.020974" timestamp="2012-11-19T15:51:35" log="/home/karl/tmp/otp_tests/logs/xmerl_test_logs/ct_run.ct@devbox.2012-11-19_15.49.06/tests.xmerl_test.logs/run.2012-11-19_15.49.40/xmerl_sax_std_suite.ibm-valid-p23-ibm23v02.html"></testcase><testcase group="testcases8.testcases104.testcases122" name="ibm-valid-P23-ibm23v03" time="0.034705" timestamp="2012-11-19T15:51:35" log="/home/karl/tmp/otp_tests/logs/xmerl_test_logs/ct_run.ct@devbox.2012-11-19_15.49.06/tests.xmerl_test.logs/run.2012-11-19_15.49.40/xmerl_sax_std_suite.ibm-valid-p23-ibm23v03.html"></testcase><testcase group="testcases8.testcases104.testcases122" name="ibm-valid-P23-ibm23v04" time="0.036839" timestamp="2012-11-19T15:51:35" log="/home/karl/tmp/otp_tests/logs/xmerl_test_logs/ct_run.ct@devbox.2012-11-19_15.49.06/tests.xmerl_test.logs/run.2012-11-19_15.49.40/xmerl_sax_std_suite.ibm-valid-p23-ibm23v04.html"></testcase><testcase group="testcases8.testcases104.testcases122" name="ibm-valid-P23-ibm23v05" time="0.029237" timestamp="2012-11-19T15:51:35" log="/home/karl/tmp/otp_tests/logs/xmerl_test_logs/ct_run.ct@devbox.2012-11-19_15.49.06/tests.xmerl_test.logs/run.2012-11-19_15.49.40/xmerl_sax_std_suite.ibm-valid-p23-ibm23v05.html"></testcase><testcase group="testcases8.testcases104.testcases122" name="ibm-valid-P23-ibm23v06" time="0.035171" timestamp="2012-11-19T15:51:35" log="/home/karl/tmp/otp_tests/logs/xmerl_test_logs/ct_run.ct@devbox.2012-11-19_15.49.06/tests.xmerl_test.logs/run.2012-11-19_15.49.40/xmerl_sax_std_suite.ibm-valid-p23-ibm23v06.html"></testcase><testcase group="testcases8.testcases104.testcases122" name="end_per_group" time="0.035152" timestamp="2012-11-19T15:51:35" log="/home/karl/tmp/otp_tests/logs/xmerl_test_logs/ct_run.ct@devbox.2012-11-19_15.49.06/tests.xmerl_test.logs/run.2012-11-19_15.49.40/xmerl_sax_std_suite.end_per_group.336695.564.html"></testcase><testcase group="testcases8.testcases104.testcases123" name="init_per_group" time="0.023067" timestamp="2012-11-19T15:51:35" log="/home/karl/tmp/otp_tests/logs/xmerl_test_logs/ct_run.ct@devbox.2012-11-19_15.49.06/tests.xmerl_test.logs/run.2012-11-19_15.49.40/xmerl_sax_std_suite.init_per_group.336695.661.html"></testcase><testcase group="testcases8.testcases104.testcases123" name="ibm-valid-P24-ibm24v01" time="0.020970" timestamp="2012-11-19T15:51:35" log="/home/karl/tmp/otp_tests/logs/xmerl_test_logs/ct_run.ct@devbox.2012-11-19_15.49.06/tests.xmerl_test.logs/run.2012-11-19_15.49.40/xmerl_sax_std_suite.ibm-valid-p24-ibm24v01.html"></testcase><testcase group="testcases8.testcases104.testcases123" name="ibm-valid-P24-ibm24v02" time="0.021476" timestamp="2012-11-19T15:51:35" log="/home/karl/tmp/otp_tests/logs/xmerl_test_logs/ct_run.ct@devbox.2012-11-19_15.49.06/tests.xmerl_test.logs/run.2012-11-19_15.49.40/xmerl_sax_std_suite.ibm-valid-p24-ibm24v02.html"></testcase><testcase group="testcases8.testcases104.testcases123" name="end_per_group" time="0.029986" timestamp="2012-11-19T15:51:35" log="/home/karl/tmp/otp_tests/logs/xmerl_test_logs/ct_run.ct@devbox.2012-11-19_15.49.06/tests.xmerl_test.logs/run.2012-11-19_15.49.40/xmerl_sax_std_suite.end_per_group.336695.865.html"></testcase><testcase group="testcases8.testcases104.testcases124" name="init_per_group" time="0.029457" timestamp="2012-11-19T15:51:35" log="/home/karl/tmp/otp_tests/logs/xmerl_test_logs/ct_run.ct@devbox.2012-11-19_15.49.06/tests.xmerl_test.logs/run.2012-11-19_15.49.40/xmerl_sax_std_suite.init_per_group.336695.941.html"></testcase><testcase group="testcases8.testcases104.testcases124" name="ibm-valid-P25-ibm25v01" time="0.021321" timestamp="2012-11-19T15:51:36" log="/home/karl/tmp/otp_tests/logs/xmerl_test_logs/ct_run.ct@devbox.2012-11-19_15.49.06/tests.xmerl_test.logs/run.2012-11-19_15.49.40/xmerl_sax_std_suite.ibm-valid-p25-ibm25v01.html"></testcase><testcase group="testcases8.testcases104.testcases124" name="ibm-valid-P25-ibm25v02" time="0.029054" timestamp="2012-11-19T15:51:36" log="/home/karl/tmp/otp_tests/logs/xmerl_test_logs/ct_run.ct@devbox.2012-11-19_15.49.06/tests.xmerl_test.logs/run.2012-11-19_15.49.40/xmerl_sax_std_suite.ibm-valid-p25-ibm25v02.html"></testcase><testcase group="testcases8.testcases104.testcases124" name="ibm-valid-P25-ibm25v03" time="0.023322" timestamp="2012-11-19T15:51:36" log="/home/karl/tmp/otp_tests/logs/xmerl_test_logs/ct_run.ct@devbox.2012-11-19_15.49.06/tests.xmerl_test.logs/run.2012-11-19_15.49.40/xmerl_sax_std_suite.ibm-valid-p25-ibm25v03.html"></testcase><testcase group="testcases8.testcases104.testcases124" name="ibm-valid-P25-ibm25v04" time="0.021662" timestamp="2012-11-19T15:51:36" log="/home/karl/tmp/otp_tests/logs/xmerl_test_logs/ct_run.ct@devbox.2012-11-19_15.49.06/tests.xmerl_test.logs/run.2012-11-19_15.49.40/xmerl_sax_std_suite.ibm-valid-p25-ibm25v04.html"></testcase><testcase group="testcases8.testcases104.testcases124" name="end_per_group" time="0.019521" timestamp="2012-11-19T15:51:36" log="/home/karl/tmp/otp_tests/logs/xmerl_test_logs/ct_run.ct@devbox.2012-11-19_15.49.06/tests.xmerl_test.logs/run.2012-11-19_15.49.40/xmerl_sax_std_suite.end_per_group.336696.305.html"></testcase><testcase group="testcases8.testcases104.testcases125" name="init_per_group" time="0.020110" timestamp="2012-11-19T15:51:36" log="/home/karl/tmp/otp_tests/logs/xmerl_test_logs/ct_run.ct@devbox.2012-11-19_15.49.06/tests.xmerl_test.logs/run.2012-11-19_15.49.40/xmerl_sax_std_suite.init_per_group.336696.369.html"></testcase><testcase group="testcases8.testcases104.testcases125" name="ibm-valid-P26-ibm26v01" time="0.021255" timestamp="2012-11-19T15:51:36" log="/home/karl/tmp/otp_tests/logs/xmerl_test_logs/ct_run.ct@devbox.2012-11-19_15.49.06/tests.xmerl_test.logs/run.2012-11-19_15.49.40/xmerl_sax_std_suite.ibm-valid-p26-ibm26v01.html"></testcase><testcase group="testcases8.testcases104.testcases125" name="end_per_group" time="0.030194" timestamp="2012-11-19T15:51:36" log="/home/karl/tmp/otp_tests/logs/xmerl_test_logs/ct_run.ct@devbox.2012-11-19_15.49.06/tests.xmerl_test.logs/run.2012-11-19_15.49.40/xmerl_sax_std_suite.end_per_group.336696.500.html"></testcase><testcase group="testcases8.testcases104.testcases126" name="init_per_group" time="0.024349" timestamp="2012-11-19T15:51:36" log="/home/karl/tmp/otp_tests/logs/xmerl_test_logs/ct_run.ct@devbox.2012-11-19_15.49.06/tests.xmerl_test.logs/run.2012-11-19_15.49.40/xmerl_sax_std_suite.init_per_group.336696.580.html"></testcase><testcase group="testcases8.testcases104.testcases126" name="ibm-valid-P27-ibm27v01" time="0.028994" timestamp="2012-11-19T15:51:36" log="/home/karl/tmp/otp_tests/logs/xmerl_test_logs/ct_run.ct@devbox.2012-11-19_15.49.06/tests.xmerl_test.logs/run.2012-11-19_15.49.40/xmerl_sax_std_suite.ibm-valid-p27-ibm27v01.html"></testcase><testcase group="testcases8.testcases104.testcases126" name="ibm-valid-P27-ibm27v02" time="0.028341" timestamp="2012-11-19T15:51:36" log="/home/karl/tmp/otp_tests/logs/xmerl_test_logs/ct_run.ct@devbox.2012-11-19_15.49.06/tests.xmerl_test.logs/run.2012-11-19_15.49.40/xmerl_sax_std_suite.ibm-valid-p27-ibm27v02.html"></testcase><testcase group="testcases8.testcases104.testcases126" name="ibm-valid-P27-ibm27v03" time="0.025929" timestamp="2012-11-19T15:51:36" log="/home/karl/tmp/otp_tests/logs/xmerl_test_logs/ct_run.ct@devbox.2012-11-19_15.49.06/tests.xmerl_test.logs/run.2012-11-19_15.49.40/xmerl_sax_std_suite.ibm-valid-p27-ibm27v03.html"></testcase><testcase group="testcases8.testcases104.testcases126" name="end_per_group" time="0.027595" timestamp="2012-11-19T15:51:36" log="/home/karl/tmp/otp_tests/logs/xmerl_test_logs/ct_run.ct@devbox.2012-11-19_15.49.06/tests.xmerl_test.logs/run.2012-11-19_15.49.40/xmerl_sax_std_suite.end_per_group.336696.901.html"></testcase><testcase group="testcases8.testcases104.testcases127" name="init_per_group" time="0.022553" timestamp="2012-11-19T15:51:36" log="/home/karl/tmp/otp_tests/logs/xmerl_test_logs/ct_run.ct@devbox.2012-11-19_15.49.06/tests.xmerl_test.logs/run.2012-11-19_15.49.40/xmerl_sax_std_suite.init_per_group.336696.978.html"></testcase><testcase group="testcases8.testcases104.testcases127" name="ibm-valid-P28-ibm28v01" time="0.028882" timestamp="2012-11-19T15:51:37" log="/home/karl/tmp/otp_tests/logs/xmerl_test_logs/ct_run.ct@devbox.2012-11-19_15.49.06/tests.xmerl_test.logs/run.2012-11-19_15.49.40/xmerl_sax_std_suite.ibm-valid-p28-ibm28v01.html"></testcase><testcase group="testcases8.testcases104.testcases127" name="ibm-valid-P28-ibm28v02" time="0.027867" timestamp="2012-11-19T15:51:37" log="/home/karl/tmp/otp_tests/logs/xmerl_test_logs/ct_run.ct@devbox.2012-11-19_15.49.06/tests.xmerl_test.logs/run.2012-11-19_15.49.40/xmerl_sax_std_suite.ibm-valid-p28-ibm28v02.html"></testcase><testcase group="testcases8.testcases104.testcases127" name="end_per_group" time="0.026953" timestamp="2012-11-19T15:51:37" log="/home/karl/tmp/otp_tests/logs/xmerl_test_logs/ct_run.ct@devbox.2012-11-19_15.49.06/tests.xmerl_test.logs/run.2012-11-19_15.49.40/xmerl_sax_std_suite.end_per_group.336697.211.html"></testcase><testcase group="testcases8.testcases104.testcases128" name="init_per_group" time="0.021090" timestamp="2012-11-19T15:51:37" log="/home/karl/tmp/otp_tests/logs/xmerl_test_logs/ct_run.ct@devbox.2012-11-19_15.49.06/tests.xmerl_test.logs/run.2012-11-19_15.49.40/xmerl_sax_std_suite.init_per_group.336697.292.html"></testcase><testcase group="testcases8.testcases104.testcases128" name="ibm-valid-P29-ibm29v01" time="0.026179" timestamp="2012-11-19T15:51:37" log="/home/karl/tmp/otp_tests/logs/xmerl_test_logs/ct_run.ct@devbox.2012-11-19_15.49.06/tests.xmerl_test.logs/run.2012-11-19_15.49.40/xmerl_sax_std_suite.ibm-valid-p29-ibm29v01.html"></testcase><testcase group="testcases8.testcases104.testcases128" name="ibm-valid-P29-ibm29v02" time="0.028989" timestamp="2012-11-19T15:51:37" log="/home/karl/tmp/otp_tests/logs/xmerl_test_logs/ct_run.ct@devbox.2012-11-19_15.49.06/tests.xmerl_test.logs/run.2012-11-19_15.49.40/xmerl_sax_std_suite.ibm-valid-p29-ibm29v02.html"></testcase><testcase group="testcases8.testcases104.testcases128" name="end_per_group" time="0.025870" timestamp="2012-11-19T15:51:37" log="/home/karl/tmp/otp_tests/logs/xmerl_test_logs/ct_run.ct@devbox.2012-11-19_15.49.06/tests.xmerl_test.logs/run.2012-11-19_15.49.40/xmerl_sax_std_suite.end_per_group.336697.518.html"></testcase><testcase group="testcases8.testcases104.testcases129" name="init_per_group" time="0.024237" timestamp="2012-11-19T15:51:37" log="/home/karl/tmp/otp_tests/logs/xmerl_test_logs/ct_run.ct@devbox.2012-11-19_15.49.06/tests.xmerl_test.logs/run.2012-11-19_15.49.40/xmerl_sax_std_suite.init_per_group.336697.589.html"></testcase><testcase group="testcases8.testcases104.testcases129" name="ibm-valid-P30-ibm30v01" time="0.023177" timestamp="2012-11-19T15:51:37" log="/home/karl/tmp/otp_tests/logs/xmerl_test_logs/ct_run.ct@devbox.2012-11-19_15.49.06/tests.xmerl_test.logs/run.2012-11-19_15.49.40/xmerl_sax_std_suite.ibm-valid-p30-ibm30v01.html"></testcase><testcase group="testcases8.testcases104.testcases129" name="ibm-valid-P30-ibm30v02" time="0.022204" timestamp="2012-11-19T15:51:37" log="/home/karl/tmp/otp_tests/logs/xmerl_test_logs/ct_run.ct@devbox.2012-11-19_15.49.06/tests.xmerl_test.logs/run.2012-11-19_15.49.40/xmerl_sax_std_suite.ibm-valid-p30-ibm30v02.html"></testcase><testcase group="testcases8.testcases104.testcases129" name="end_per_group" time="0.021351" timestamp="2012-11-19T15:51:37" log="/home/karl/tmp/otp_tests/logs/xmerl_test_logs/ct_run.ct@devbox.2012-11-19_15.49.06/tests.xmerl_test.logs/run.2012-11-19_15.49.40/xmerl_sax_std_suite.end_per_group.336697.795.html"></testcase><testcase group="testcases8.testcases104.testcases131" name="init_per_group" time="0.023308" timestamp="2012-11-19T15:51:37" log="/home/karl/tmp/otp_tests/logs/xmerl_test_logs/ct_run.ct@devbox.2012-11-19_15.49.06/tests.xmerl_test.logs/run.2012-11-19_15.49.40/xmerl_sax_std_suite.init_per_group.336697.861.html"></testcase><testcase group="testcases8.testcases104.testcases131" name="ibm-valid-P32-ibm32v01" time="0.037594" timestamp="2012-11-19T15:51:37" log="/home/karl/tmp/otp_tests/logs/xmerl_test_logs/ct_run.ct@devbox.2012-11-19_15.49.06/tests.xmerl_test.logs/run.2012-11-19_15.49.40/xmerl_sax_std_suite.ibm-valid-p32-ibm32v01.html"></testcase><testcase group="testcases8.testcases104.testcases131" name="ibm-valid-P32-ibm32v02" time="0.024863" timestamp="2012-11-19T15:51:38" log="/home/karl/tmp/otp_tests/logs/xmerl_test_logs/ct_run.ct@devbox.2012-11-19_15.49.06/tests.xmerl_test.logs/run.2012-11-19_15.49.40/xmerl_sax_std_suite.ibm-valid-p32-ibm32v02.html"></testcase><testcase group="testcases8.testcases104.testcases131" name="ibm-valid-P32-ibm32v03" time="0.027094" timestamp="2012-11-19T15:51:38" log="/home/karl/tmp/otp_tests/logs/xmerl_test_logs/ct_run.ct@devbox.2012-11-19_15.49.06/tests.xmerl_test.logs/run.2012-11-19_15.49.40/xmerl_sax_std_suite.ibm-valid-p32-ibm32v03.html"></testcase><testcase group="testcases8.testcases104.testcases131" name="ibm-valid-P32-ibm32v04" time="0.034167" timestamp="2012-11-19T15:51:38" log="/home/karl/tmp/otp_tests/logs/xmerl_test_logs/ct_run.ct@devbox.2012-11-19_15.49.06/tests.xmerl_test.logs/run.2012-11-19_15.49.40/xmerl_sax_std_suite.ibm-valid-p32-ibm32v04.html"></testcase><testcase group="testcases8.testcases104.testcases131" name="end_per_group" time="0.021706" timestamp="2012-11-19T15:51:38" log="/home/karl/tmp/otp_tests/logs/xmerl_test_logs/ct_run.ct@devbox.2012-11-19_15.49.06/tests.xmerl_test.logs/run.2012-11-19_15.49.40/xmerl_sax_std_suite.end_per_group.336698.256.html"></testcase><testcase group="testcases8.testcases104.testcases132" name="init_per_group" time="0.021366" timestamp="2012-11-19T15:51:38" log="/home/karl/tmp/otp_tests/logs/xmerl_test_logs/ct_run.ct@devbox.2012-11-19_15.49.06/tests.xmerl_test.logs/run.2012-11-19_15.49.40/xmerl_sax_std_suite.init_per_group.336698.322.html"></testcase><testcase group="testcases8.testcases104.testcases132" name="ibm-valid-P33-ibm33v01" time="0.022129" timestamp="2012-11-19T15:51:38" log="/home/karl/tmp/otp_tests/logs/xmerl_test_logs/ct_run.ct@devbox.2012-11-19_15.49.06/tests.xmerl_test.logs/run.2012-11-19_15.49.40/xmerl_sax_std_suite.ibm-valid-p33-ibm33v01.html"></testcase><testcase group="testcases8.testcases104.testcases132" name="end_per_group" time="0.020298" timestamp="2012-11-19T15:51:38" log="/home/karl/tmp/otp_tests/logs/xmerl_test_logs/ct_run.ct@devbox.2012-11-19_15.49.06/tests.xmerl_test.logs/run.2012-11-19_15.49.40/xmerl_sax_std_suite.end_per_group.336698.456.html"></testcase><testcase group="testcases8.testcases104.testcases133" name="init_per_group" time="0.019942" timestamp="2012-11-19T15:51:38" log="/home/karl/tmp/otp_tests/logs/xmerl_test_logs/ct_run.ct@devbox.2012-11-19_15.49.06/tests.xmerl_test.logs/run.2012-11-19_15.49.40/xmerl_sax_std_suite.init_per_group.336698.521.html"></testcase><testcase group="testcases8.testcases104.testcases133" name="ibm-valid-P34-ibm34v01" time="0.020930" timestamp="2012-11-19T15:51:38" log="/home/karl/tmp/otp_tests/logs/xmerl_test_logs/ct_run.ct@devbox.2012-11-19_15.49.06/tests.xmerl_test.logs/run.2012-11-19_15.49.40/xmerl_sax_std_suite.ibm-valid-p34-ibm34v01.html"></testcase><testcase group="testcases8.testcases104.testcases133" name="end_per_group" time="0.019429" timestamp="2012-11-19T15:51:38" log="/home/karl/tmp/otp_tests/logs/xmerl_test_logs/ct_run.ct@devbox.2012-11-19_15.49.06/tests.xmerl_test.logs/run.2012-11-19_15.49.40/xmerl_sax_std_suite.end_per_group.336698.653.html"></testcase><testcase group="testcases8.testcases104.testcases134" name="init_per_group" time="0.019635" timestamp="2012-11-19T15:51:38" log="/home/karl/tmp/otp_tests/logs/xmerl_test_logs/ct_run.ct@devbox.2012-11-19_15.49.06/tests.xmerl_test.logs/run.2012-11-19_15.49.40/xmerl_sax_std_suite.init_per_group.336698.717.html"></testcase><testcase group="testcases8.testcases104.testcases134" name="ibm-valid-P35-ibm35v01" time="0.025765" timestamp="2012-11-19T15:51:38" log="/home/karl/tmp/otp_tests/logs/xmerl_test_logs/ct_run.ct@devbox.2012-11-19_15.49.06/tests.xmerl_test.logs/run.2012-11-19_15.49.40/xmerl_sax_std_suite.ibm-valid-p35-ibm35v01.html"></testcase><testcase group="testcases8.testcases104.testcases134" name="end_per_group" time="0.029865" timestamp="2012-11-19T15:51:38" log="/home/karl/tmp/otp_tests/logs/xmerl_test_logs/ct_run.ct@devbox.2012-11-19_15.49.06/tests.xmerl_test.logs/run.2012-11-19_15.49.40/xmerl_sax_std_suite.end_per_group.336698.860.html"></testcase><testcase group="testcases8.testcases104.testcases135" name="init_per_group" time="0.035554" timestamp="2012-11-19T15:51:38" log="/home/karl/tmp/otp_tests/logs/xmerl_test_logs/ct_run.ct@devbox.2012-11-19_15.49.06/tests.xmerl_test.logs/run.2012-11-19_15.49.40/xmerl_sax_std_suite.init_per_group.336698.940.html"></testcase><testcase group="testcases8.testcases104.testcases135" name="ibm-valid-P36-ibm36v01" time="0.022582" timestamp="2012-11-19T15:51:39" log="/home/karl/tmp/otp_tests/logs/xmerl_test_logs/ct_run.ct@devbox.2012-11-19_15.49.06/tests.xmerl_test.logs/run.2012-11-19_15.49.40/xmerl_sax_std_suite.ibm-valid-p36-ibm36v01.html"></testcase><testcase group="testcases8.testcases104.testcases135" name="end_per_group" time="0.021366" timestamp="2012-11-19T15:51:39" log="/home/karl/tmp/otp_tests/logs/xmerl_test_logs/ct_run.ct@devbox.2012-11-19_15.49.06/tests.xmerl_test.logs/run.2012-11-19_15.49.40/xmerl_sax_std_suite.end_per_group.336699.96.html"></testcase><testcase group="testcases8.testcases104.testcases136" name="init_per_group" time="0.020334" timestamp="2012-11-19T15:51:39" log="/home/karl/tmp/otp_tests/logs/xmerl_test_logs/ct_run.ct@devbox.2012-11-19_15.49.06/tests.xmerl_test.logs/run.2012-11-19_15.49.40/xmerl_sax_std_suite.init_per_group.336699.162.html"></testcase><testcase group="testcases8.testcases104.testcases136" name="ibm-valid-P37-ibm37v01" time="0.026600" timestamp="2012-11-19T15:51:39" log="/home/karl/tmp/otp_tests/logs/xmerl_test_logs/ct_run.ct@devbox.2012-11-19_15.49.06/tests.xmerl_test.logs/run.2012-11-19_15.49.40/xmerl_sax_std_suite.ibm-valid-p37-ibm37v01.html"></testcase><testcase group="testcases8.testcases104.testcases136" name="end_per_group" time="0.026233" timestamp="2012-11-19T15:51:39" log="/home/karl/tmp/otp_tests/logs/xmerl_test_logs/ct_run.ct@devbox.2012-11-19_15.49.06/tests.xmerl_test.logs/run.2012-11-19_15.49.40/xmerl_sax_std_suite.end_per_group.336699.306.html"></testcase><testcase group="testcases8.testcases104.testcases137" name="init_per_group" time="0.027397" timestamp="2012-11-19T15:51:39" log="/home/karl/tmp/otp_tests/logs/xmerl_test_logs/ct_run.ct@devbox.2012-11-19_15.49.06/tests.xmerl_test.logs/run.2012-11-19_15.49.40/xmerl_sax_std_suite.init_per_group.336699.385.html"></testcase><testcase group="testcases8.testcases104.testcases137" name="ibm-valid-P38-ibm38v01" time="0.023359" timestamp="2012-11-19T15:51:39" log="/home/karl/tmp/otp_tests/logs/xmerl_test_logs/ct_run.ct@devbox.2012-11-19_15.49.06/tests.xmerl_test.logs/run.2012-11-19_15.49.40/xmerl_sax_std_suite.ibm-valid-p38-ibm38v01.html"></testcase><testcase group="testcases8.testcases104.testcases137" name="end_per_group" time="0.060976" timestamp="2012-11-19T15:51:39" log="/home/karl/tmp/otp_tests/logs/xmerl_test_logs/ct_run.ct@devbox.2012-11-19_15.49.06/tests.xmerl_test.logs/run.2012-11-19_15.49.40/xmerl_sax_std_suite.end_per_group.336699.529.html"></testcase><testcase group="testcases8.testcases104.testcases138" name="init_per_group" time="0.021513" timestamp="2012-11-19T15:51:39" log="/home/karl/tmp/otp_tests/logs/xmerl_test_logs/ct_run.ct@devbox.2012-11-19_15.49.06/tests.xmerl_test.logs/run.2012-11-19_15.49.40/xmerl_sax_std_suite.init_per_group.336699.636.html"></testcase><testcase group="testcases8.testcases104.testcases138" name="ibm-valid-P39-ibm39v01" time="0.021973" timestamp="2012-11-19T15:51:39" log="/home/karl/tmp/otp_tests/logs/xmerl_test_logs/ct_run.ct@devbox.2012-11-19_15.49.06/tests.xmerl_test.logs/run.2012-11-19_15.49.40/xmerl_sax_std_suite.ibm-valid-p39-ibm39v01.html"></testcase><testcase group="testcases8.testcases104.testcases138" name="end_per_group" time="0.019852" timestamp="2012-11-19T15:51:39" log="/home/karl/tmp/otp_tests/logs/xmerl_test_logs/ct_run.ct@devbox.2012-11-19_15.49.06/tests.xmerl_test.logs/run.2012-11-19_15.49.40/xmerl_sax_std_suite.end_per_group.336699.770.html"></testcase><testcase group="testcases8.testcases104.testcases139" name="init_per_group" time="0.020328" timestamp="2012-11-19T15:51:39" log="/home/karl/tmp/otp_tests/logs/xmerl_test_logs/ct_run.ct@devbox.2012-11-19_15.49.06/tests.xmerl_test.logs/run.2012-11-19_15.49.40/xmerl_sax_std_suite.init_per_group.336699.834.html"></testcase><testcase group="testcases8.testcases104.testcases139" name="ibm-valid-P40-ibm40v01" time="0.021658" timestamp="2012-11-19T15:51:39" log="/home/karl/tmp/otp_tests/logs/xmerl_test_logs/ct_run.ct@devbox.2012-11-19_15.49.06/tests.xmerl_test.logs/run.2012-11-19_15.49.40/xmerl_sax_std_suite.ibm-valid-p40-ibm40v01.html"></testcase><testcase group="testcases8.testcases104.testcases139" name="end_per_group" time="0.021496" timestamp="2012-11-19T15:51:39" log="/home/karl/tmp/otp_tests/logs/xmerl_test_logs/ct_run.ct@devbox.2012-11-19_15.49.06/tests.xmerl_test.logs/run.2012-11-19_15.49.40/xmerl_sax_std_suite.end_per_group.336699.968.html"></testcase><testcase group="testcases8.testcases104.testcases140" name="init_per_group" time="0.021187" timestamp="2012-11-19T15:51:40" log="/home/karl/tmp/otp_tests/logs/xmerl_test_logs/ct_run.ct@devbox.2012-11-19_15.49.06/tests.xmerl_test.logs/run.2012-11-19_15.49.40/xmerl_sax_std_suite.init_per_group.336700.36.html"></testcase><testcase group="testcases8.testcases104.testcases140" name="ibm-valid-P41-ibm41v01" time="0.021963" timestamp="2012-11-19T15:51:40" log="/home/karl/tmp/otp_tests/logs/xmerl_test_logs/ct_run.ct@devbox.2012-11-19_15.49.06/tests.xmerl_test.logs/run.2012-11-19_15.49.40/xmerl_sax_std_suite.ibm-valid-p41-ibm41v01.html"></testcase><testcase group="testcases8.testcases104.testcases140" name="end_per_group" time="0.019296" timestamp="2012-11-19T15:51:40" log="/home/karl/tmp/otp_tests/logs/xmerl_test_logs/ct_run.ct@devbox.2012-11-19_15.49.06/tests.xmerl_test.logs/run.2012-11-19_15.49.40/xmerl_sax_std_suite.end_per_group.336700.167.html"></testcase><testcase group="testcases8.testcases104.testcases141" name="init_per_group" time="0.021413" timestamp="2012-11-19T15:51:40" log="/home/karl/tmp/otp_tests/logs/xmerl_test_logs/ct_run.ct@devbox.2012-11-19_15.49.06/tests.xmerl_test.logs/run.2012-11-19_15.49.40/xmerl_sax_std_suite.init_per_group.336700.236.html"></testcase><testcase group="testcases8.testcases104.testcases141" name="ibm-valid-P42-ibm42v01" time="0.021443" timestamp="2012-11-19T15:51:40" log="/home/karl/tmp/otp_tests/logs/xmerl_test_logs/ct_run.ct@devbox.2012-11-19_15.49.06/tests.xmerl_test.logs/run.2012-11-19_15.49.40/xmerl_sax_std_suite.ibm-valid-p42-ibm42v01.html"></testcase><testcase group="testcases8.testcases104.testcases141" name="end_per_group" time="0.020819" timestamp="2012-11-19T15:51:40" log="/home/karl/tmp/otp_tests/logs/xmerl_test_logs/ct_run.ct@devbox.2012-11-19_15.49.06/tests.xmerl_test.logs/run.2012-11-19_15.49.40/xmerl_sax_std_suite.end_per_group.336700.377.html"></testcase><testcase group="testcases8.testcases104.testcases142" name="init_per_group" time="0.055645" timestamp="2012-11-19T15:51:40" log="/home/karl/tmp/otp_tests/logs/xmerl_test_logs/ct_run.ct@devbox.2012-11-19_15.49.06/tests.xmerl_test.logs/run.2012-11-19_15.49.40/xmerl_sax_std_suite.init_per_group.336700.447.html"></testcase><testcase group="testcases8.testcases104.testcases142" name="ibm-valid-P43-ibm43v01" time="0.058234" timestamp="2012-11-19T15:51:40" log="/home/karl/tmp/otp_tests/logs/xmerl_test_logs/ct_run.ct@devbox.2012-11-19_15.49.06/tests.xmerl_test.logs/run.2012-11-19_15.49.40/xmerl_sax_std_suite.ibm-valid-p43-ibm43v01.html"></testcase><testcase group="testcases8.testcases104.testcases142" name="end_per_group" time="0.043655" timestamp="2012-11-19T15:51:40" log="/home/karl/tmp/otp_tests/logs/xmerl_test_logs/ct_run.ct@devbox.2012-11-19_15.49.06/tests.xmerl_test.logs/run.2012-11-19_15.49.40/xmerl_sax_std_suite.end_per_group.336700.704.html"></testcase><testcase group="testcases8.testcases104.testcases143" name="init_per_group" time="0.051554" timestamp="2012-11-19T15:51:40" log="/home/karl/tmp/otp_tests/logs/xmerl_test_logs/ct_run.ct@devbox.2012-11-19_15.49.06/tests.xmerl_test.logs/run.2012-11-19_15.49.40/xmerl_sax_std_suite.init_per_group.336700.840.html"></testcase><testcase group="testcases8.testcases104.testcases143" name="ibm-valid-P44-ibm44v01" time="0.204039" timestamp="2012-11-19T15:51:41" log="/home/karl/tmp/otp_tests/logs/xmerl_test_logs/ct_run.ct@devbox.2012-11-19_15.49.06/tests.xmerl_test.logs/run.2012-11-19_15.49.40/xmerl_sax_std_suite.ibm-valid-p44-ibm44v01.html"></testcase><testcase group="testcases8.testcases104.testcases143" name="end_per_group" time="0.158108" timestamp="2012-11-19T15:51:41" log="/home/karl/tmp/otp_tests/logs/xmerl_test_logs/ct_run.ct@devbox.2012-11-19_15.49.06/tests.xmerl_test.logs/run.2012-11-19_15.49.40/xmerl_sax_std_suite.end_per_group.336701.343.html"></testcase><testcase group="testcases8.testcases104.testcases144" name="init_per_group" time="0.103838" timestamp="2012-11-19T15:51:41" log="/home/karl/tmp/otp_tests/logs/xmerl_test_logs/ct_run.ct@devbox.2012-11-19_15.49.06/tests.xmerl_test.logs/run.2012-11-19_15.49.40/xmerl_sax_std_suite.init_per_group.336701.702.html"></testcase><testcase group="testcases8.testcases104.testcases144" name="ibm-valid-P45-ibm45v01" time="0.120382" timestamp="2012-11-19T15:51:42" log="/home/karl/tmp/otp_tests/logs/xmerl_test_logs/ct_run.ct@devbox.2012-11-19_15.49.06/tests.xmerl_test.logs/run.2012-11-19_15.49.40/xmerl_sax_std_suite.ibm-valid-p45-ibm45v01.html"></testcase><testcase group="testcases8.testcases104.testcases144" name="end_per_group" time="0.096129" timestamp="2012-11-19T15:51:42" log="/home/karl/tmp/otp_tests/logs/xmerl_test_logs/ct_run.ct@devbox.2012-11-19_15.49.06/tests.xmerl_test.logs/run.2012-11-19_15.49.40/xmerl_sax_std_suite.end_per_group.336702.197.html"></testcase><testcase group="testcases8.testcases104.testcases145" name="init_per_group" time="0.057326" timestamp="2012-11-19T15:51:42" log="/home/karl/tmp/otp_tests/logs/xmerl_test_logs/ct_run.ct@devbox.2012-11-19_15.49.06/tests.xmerl_test.logs/run.2012-11-19_15.49.40/xmerl_sax_std_suite.init_per_group.336702.399.html"></testcase><testcase group="testcases8.testcases104.testcases145" name="ibm-valid-P47-ibm47v01" time="0.056353" timestamp="2012-11-19T15:51:42" log="/home/karl/tmp/otp_tests/logs/xmerl_test_logs/ct_run.ct@devbox.2012-11-19_15.49.06/tests.xmerl_test.logs/run.2012-11-19_15.49.40/xmerl_sax_std_suite.ibm-valid-p47-ibm47v01.html"></testcase><testcase group="testcases8.testcases104.testcases145" name="end_per_group" time="0.022072" timestamp="2012-11-19T15:51:42" log="/home/karl/tmp/otp_tests/logs/xmerl_test_logs/ct_run.ct@devbox.2012-11-19_15.49.06/tests.xmerl_test.logs/run.2012-11-19_15.49.40/xmerl_sax_std_suite.end_per_group.336702.682.html"></testcase><testcase group="testcases8.testcases104.testcases146" name="init_per_group" time="0.020997" timestamp="2012-11-19T15:51:42" log="/home/karl/tmp/otp_tests/logs/xmerl_test_logs/ct_run.ct@devbox.2012-11-19_15.49.06/tests.xmerl_test.logs/run.2012-11-19_15.49.40/xmerl_sax_std_suite.init_per_group.336702.748.html"></testcase><testcase group="testcases8.testcases104.testcases146" name="ibm-valid-P49-ibm49v01" time="0.026195" timestamp="2012-11-19T15:51:42" log="/home/karl/tmp/otp_tests/logs/xmerl_test_logs/ct_run.ct@devbox.2012-11-19_15.49.06/tests.xmerl_test.logs/run.2012-11-19_15.49.40/xmerl_sax_std_suite.ibm-valid-p49-ibm49v01.html"></testcase><testcase group="testcases8.testcases104.testcases146" name="end_per_group" time="0.023996" timestamp="2012-11-19T15:51:42" log="/home/karl/tmp/otp_tests/logs/xmerl_test_logs/ct_run.ct@devbox.2012-11-19_15.49.06/tests.xmerl_test.logs/run.2012-11-19_15.49.40/xmerl_sax_std_suite.end_per_group.336702.890.html"></testcase><testcase group="testcases8.testcases104.testcases147" name="init_per_group" time="0.028878" timestamp="2012-11-19T15:51:42" log="/home/karl/tmp/otp_tests/logs/xmerl_test_logs/ct_run.ct@devbox.2012-11-19_15.49.06/tests.xmerl_test.logs/run.2012-11-19_15.49.40/xmerl_sax_std_suite.init_per_group.336702.962.html"></testcase><testcase group="testcases8.testcases104.testcases147" name="ibm-valid-P50-ibm50v01" time="0.025291" timestamp="2012-11-19T15:51:43" log="/home/karl/tmp/otp_tests/logs/xmerl_test_logs/ct_run.ct@devbox.2012-11-19_15.49.06/tests.xmerl_test.logs/run.2012-11-19_15.49.40/xmerl_sax_std_suite.ibm-valid-p50-ibm50v01.html"></testcase><testcase group="testcases8.testcases104.testcases147" name="end_per_group" time="0.025283" timestamp="2012-11-19T15:51:43" log="/home/karl/tmp/otp_tests/logs/xmerl_test_logs/ct_run.ct@devbox.2012-11-19_15.49.06/tests.xmerl_test.logs/run.2012-11-19_15.49.40/xmerl_sax_std_suite.end_per_group.336703.119.html"></testcase><testcase group="testcases8.testcases104.testcases148" name="init_per_group" time="0.026069" timestamp="2012-11-19T15:51:43" log="/home/karl/tmp/otp_tests/logs/xmerl_test_logs/ct_run.ct@devbox.2012-11-19_15.49.06/tests.xmerl_test.logs/run.2012-11-19_15.49.40/xmerl_sax_std_suite.init_per_group.336703.194.html"></testcase><testcase group="testcases8.testcases104.testcases148" name="ibm-valid-P51-ibm51v01" time="0.026951" timestamp="2012-11-19T15:51:43" log="/home/karl/tmp/otp_tests/logs/xmerl_test_logs/ct_run.ct@devbox.2012-11-19_15.49.06/tests.xmerl_test.logs/run.2012-11-19_15.49.40/xmerl_sax_std_suite.ibm-valid-p51-ibm51v01.html"></testcase><testcase group="testcases8.testcases104.testcases148" name="ibm-valid-P51-ibm51v02" time="0.024739" timestamp="2012-11-19T15:51:43" log="/home/karl/tmp/otp_tests/logs/xmerl_test_logs/ct_run.ct@devbox.2012-11-19_15.49.06/tests.xmerl_test.logs/run.2012-11-19_15.49.40/xmerl_sax_std_suite.ibm-valid-p51-ibm51v02.html"></testcase><testcase group="testcases8.testcases104.testcases148" name="end_per_group" time="0.024998" timestamp="2012-11-19T15:51:43" log="/home/karl/tmp/otp_tests/logs/xmerl_test_logs/ct_run.ct@devbox.2012-11-19_15.49.06/tests.xmerl_test.logs/run.2012-11-19_15.49.40/xmerl_sax_std_suite.end_per_group.336703.425.html"></testcase><testcase group="testcases8.testcases104.testcases149" name="init_per_group" time="0.024936" timestamp="2012-11-19T15:51:43" log="/home/karl/tmp/otp_tests/logs/xmerl_test_logs/ct_run.ct@devbox.2012-11-19_15.49.06/tests.xmerl_test.logs/run.2012-11-19_15.49.40/xmerl_sax_std_suite.init_per_group.336703.499.html"></testcase><testcase group="testcases8.testcases104.testcases149" name="ibm-valid-P52-ibm52v01" time="0.024248" timestamp="2012-11-19T15:51:43" log="/home/karl/tmp/otp_tests/logs/xmerl_test_logs/ct_run.ct@devbox.2012-11-19_15.49.06/tests.xmerl_test.logs/run.2012-11-19_15.49.40/xmerl_sax_std_suite.ibm-valid-p52-ibm52v01.html"></testcase><testcase group="testcases8.testcases104.testcases149" name="end_per_group" time="0.053402" timestamp="2012-11-19T15:51:43" log="/home/karl/tmp/otp_tests/logs/xmerl_test_logs/ct_run.ct@devbox.2012-11-19_15.49.06/tests.xmerl_test.logs/run.2012-11-19_15.49.40/xmerl_sax_std_suite.end_per_group.336703.644.html"></testcase><testcase group="testcases8.testcases104.testcases150" name="init_per_group" time="0.023393" timestamp="2012-11-19T15:51:43" log="/home/karl/tmp/otp_tests/logs/xmerl_test_logs/ct_run.ct@devbox.2012-11-19_15.49.06/tests.xmerl_test.logs/run.2012-11-19_15.49.40/xmerl_sax_std_suite.init_per_group.336703.752.html"></testcase><testcase group="testcases8.testcases104.testcases150" name="ibm-valid-P54-ibm54v01" time="0.023414" timestamp="2012-11-19T15:51:43" log="/home/karl/tmp/otp_tests/logs/xmerl_test_logs/ct_run.ct@devbox.2012-11-19_15.49.06/tests.xmerl_test.logs/run.2012-11-19_15.49.40/xmerl_sax_std_suite.ibm-valid-p54-ibm54v01.html"></testcase><testcase group="testcases8.testcases104.testcases150" name="ibm-valid-P54-ibm54v02" time="0.023153" timestamp="2012-11-19T15:51:43" log="/home/karl/tmp/otp_tests/logs/xmerl_test_logs/ct_run.ct@devbox.2012-11-19_15.49.06/tests.xmerl_test.logs/run.2012-11-19_15.49.40/xmerl_sax_std_suite.ibm-valid-p54-ibm54v02.html"></testcase><testcase group="testcases8.testcases104.testcases150" name="ibm-valid-P54-ibm54v03" time="0.050567" timestamp="2012-11-19T15:51:43" log="/home/karl/tmp/otp_tests/logs/xmerl_test_logs/ct_run.ct@devbox.2012-11-19_15.49.06/tests.xmerl_test.logs/run.2012-11-19_15.49.40/xmerl_sax_std_suite.ibm-valid-p54-ibm54v03.html"></testcase><testcase group="testcases8.testcases104.testcases150" name="end_per_group" time="0.022011" timestamp="2012-11-19T15:51:44" log="/home/karl/tmp/otp_tests/logs/xmerl_test_logs/ct_run.ct@devbox.2012-11-19_15.49.06/tests.xmerl_test.logs/run.2012-11-19_15.49.40/xmerl_sax_std_suite.end_per_group.336704.80.html"></testcase><testcase group="testcases8.testcases104.testcases151" name="init_per_group" time="0.075595" timestamp="2012-11-19T15:51:44" log="/home/karl/tmp/otp_tests/logs/xmerl_test_logs/ct_run.ct@devbox.2012-11-19_15.49.06/tests.xmerl_test.logs/run.2012-11-19_15.49.40/xmerl_sax_std_suite.init_per_group.336704.149.html"></testcase><testcase group="testcases8.testcases104.testcases151" name="ibm-valid-P55-ibm55v01" time="0.081644" timestamp="2012-11-19T15:51:44" log="/home/karl/tmp/otp_tests/logs/xmerl_test_logs/ct_run.ct@devbox.2012-11-19_15.49.06/tests.xmerl_test.logs/run.2012-11-19_15.49.40/xmerl_sax_std_suite.ibm-valid-p55-ibm55v01.html"></testcase><testcase group="testcases8.testcases104.testcases151" name="end_per_group" time="0.036687" timestamp="2012-11-19T15:51:44" log="/home/karl/tmp/otp_tests/logs/xmerl_test_logs/ct_run.ct@devbox.2012-11-19_15.49.06/tests.xmerl_test.logs/run.2012-11-19_15.49.40/xmerl_sax_std_suite.end_per_group.336704.489.html"></testcase><testcase group="testcases8.testcases104.testcases152" name="init_per_group" time="0.064630" timestamp="2012-11-19T15:51:44" log="/home/karl/tmp/otp_tests/logs/xmerl_test_logs/ct_run.ct@devbox.2012-11-19_15.49.06/tests.xmerl_test.logs/run.2012-11-19_15.49.40/xmerl_sax_std_suite.init_per_group.336704.584.html"></testcase><testcase group="testcases8.testcases104.testcases152" name="ibm-valid-P56-ibm56v01" time="0.024417" timestamp="2012-11-19T15:51:44" log="/home/karl/tmp/otp_tests/logs/xmerl_test_logs/ct_run.ct@devbox.2012-11-19_15.49.06/tests.xmerl_test.logs/run.2012-11-19_15.49.40/xmerl_sax_std_suite.ibm-valid-p56-ibm56v01.html"></testcase><testcase group="testcases8.testcases104.testcases152" name="ibm-valid-P56-ibm56v02" time="0.027115" timestamp="2012-11-19T15:51:44" log="/home/karl/tmp/otp_tests/logs/xmerl_test_logs/ct_run.ct@devbox.2012-11-19_15.49.06/tests.xmerl_test.logs/run.2012-11-19_15.49.40/xmerl_sax_std_suite.ibm-valid-p56-ibm56v02.html"></testcase><testcase group="testcases8.testcases104.testcases152" name="ibm-valid-P56-ibm56v03" time="0.021509" timestamp="2012-11-19T15:51:44" log="/home/karl/tmp/otp_tests/logs/xmerl_test_logs/ct_run.ct@devbox.2012-11-19_15.49.06/tests.xmerl_test.logs/run.2012-11-19_15.49.40/xmerl_sax_std_suite.ibm-valid-p56-ibm56v03.html"></testcase><testcase group="testcases8.testcases104.testcases152" name="ibm-valid-P56-ibm56v04" time="0.027363" timestamp="2012-11-19T15:51:44" log="/home/karl/tmp/otp_tests/logs/xmerl_test_logs/ct_run.ct@devbox.2012-11-19_15.49.06/tests.xmerl_test.logs/run.2012-11-19_15.49.40/xmerl_sax_std_suite.ibm-valid-p56-ibm56v04.html"></testcase><testcase group="testcases8.testcases104.testcases152" name="ibm-valid-P56-ibm56v05" time="0.035608" timestamp="2012-11-19T15:51:45" log="/home/karl/tmp/otp_tests/logs/xmerl_test_logs/ct_run.ct@devbox.2012-11-19_15.49.06/tests.xmerl_test.logs/run.2012-11-19_15.49.40/xmerl_sax_std_suite.ibm-valid-p56-ibm56v05.html"></testcase><testcase group="testcases8.testcases104.testcases152" name="ibm-valid-P56-ibm56v06" time="0.023728" timestamp="2012-11-19T15:51:45" log="/home/karl/tmp/otp_tests/logs/xmerl_test_logs/ct_run.ct@devbox.2012-11-19_15.49.06/tests.xmerl_test.logs/run.2012-11-19_15.49.40/xmerl_sax_std_suite.ibm-valid-p56-ibm56v06.html"></testcase><testcase group="testcases8.testcases104.testcases152" name="ibm-valid-P56-ibm56v07" time="0.026428" timestamp="2012-11-19T15:51:45" log="/home/karl/tmp/otp_tests/logs/xmerl_test_logs/ct_run.ct@devbox.2012-11-19_15.49.06/tests.xmerl_test.logs/run.2012-11-19_15.49.40/xmerl_sax_std_suite.ibm-valid-p56-ibm56v07.html"></testcase><testcase group="testcases8.testcases104.testcases152" name="ibm-valid-P56-ibm56v08" time="0.029260" timestamp="2012-11-19T15:51:45" log="/home/karl/tmp/otp_tests/logs/xmerl_test_logs/ct_run.ct@devbox.2012-11-19_15.49.06/tests.xmerl_test.logs/run.2012-11-19_15.49.40/xmerl_sax_std_suite.ibm-valid-p56-ibm56v08.html"></testcase><testcase group="testcases8.testcases104.testcases152" name="ibm-valid-P56-ibm56v09" time="0.071536" timestamp="2012-11-19T15:51:45" log="/home/karl/tmp/otp_tests/logs/xmerl_test_logs/ct_run.ct@devbox.2012-11-19_15.49.06/tests.xmerl_test.logs/run.2012-11-19_15.49.40/xmerl_sax_std_suite.ibm-valid-p56-ibm56v09.html"></testcase><testcase group="testcases8.testcases104.testcases152" name="ibm-valid-P56-ibm56v10" time="0.037260" timestamp="2012-11-19T15:51:45" log="/home/karl/tmp/otp_tests/logs/xmerl_test_logs/ct_run.ct@devbox.2012-11-19_15.49.06/tests.xmerl_test.logs/run.2012-11-19_15.49.40/xmerl_sax_std_suite.ibm-valid-p56-ibm56v10.html"></testcase><testcase group="testcases8.testcases104.testcases152" name="end_per_group" time="0.072891" timestamp="2012-11-19T15:51:45" log="/home/karl/tmp/otp_tests/logs/xmerl_test_logs/ct_run.ct@devbox.2012-11-19_15.49.06/tests.xmerl_test.logs/run.2012-11-19_15.49.40/xmerl_sax_std_suite.end_per_group.336705.613.html"></testcase><testcase group="testcases8.testcases104.testcases153" name="init_per_group" time="0.043747" timestamp="2012-11-19T15:51:45" log="/home/karl/tmp/otp_tests/logs/xmerl_test_logs/ct_run.ct@devbox.2012-11-19_15.49.06/tests.xmerl_test.logs/run.2012-11-19_15.49.40/xmerl_sax_std_suite.init_per_group.336705.758.html"></testcase><testcase group="testcases8.testcases104.testcases153" name="ibm-valid-P57-ibm57v01" time="0.048811" timestamp="2012-11-19T15:51:45" log="/home/karl/tmp/otp_tests/logs/xmerl_test_logs/ct_run.ct@devbox.2012-11-19_15.49.06/tests.xmerl_test.logs/run.2012-11-19_15.49.40/xmerl_sax_std_suite.ibm-valid-p57-ibm57v01.html"></testcase><testcase group="testcases8.testcases104.testcases153" name="end_per_group" time="0.025531" timestamp="2012-11-19T15:51:45" log="/home/karl/tmp/otp_tests/logs/xmerl_test_logs/ct_run.ct@devbox.2012-11-19_15.49.06/tests.xmerl_test.logs/run.2012-11-19_15.49.40/xmerl_sax_std_suite.end_per_group.336705.979.html"></testcase><testcase group="testcases8.testcases104.testcases154" name="init_per_group" time="0.023362" timestamp="2012-11-19T15:51:46" log="/home/karl/tmp/otp_tests/logs/xmerl_test_logs/ct_run.ct@devbox.2012-11-19_15.49.06/tests.xmerl_test.logs/run.2012-11-19_15.49.40/xmerl_sax_std_suite.init_per_group.336706.57.html"></testcase><testcase group="testcases8.testcases104.testcases154" name="ibm-valid-P58-ibm58v01" time="0.039824" timestamp="2012-11-19T15:51:46" log="/home/karl/tmp/otp_tests/logs/xmerl_test_logs/ct_run.ct@devbox.2012-11-19_15.49.06/tests.xmerl_test.logs/run.2012-11-19_15.49.40/xmerl_sax_std_suite.ibm-valid-p58-ibm58v01.html"></testcase><testcase group="testcases8.testcases104.testcases154" name="ibm-valid-P58-ibm58v02" time="0.041677" timestamp="2012-11-19T15:51:46" log="/home/karl/tmp/otp_tests/logs/xmerl_test_logs/ct_run.ct@devbox.2012-11-19_15.49.06/tests.xmerl_test.logs/run.2012-11-19_15.49.40/xmerl_sax_std_suite.ibm-valid-p58-ibm58v02.html"></testcase><testcase group="testcases8.testcases104.testcases154" name="end_per_group" time="0.047714" timestamp="2012-11-19T15:51:46" log="/home/karl/tmp/otp_tests/logs/xmerl_test_logs/ct_run.ct@devbox.2012-11-19_15.49.06/tests.xmerl_test.logs/run.2012-11-19_15.49.40/xmerl_sax_std_suite.end_per_group.336706.362.html"></testcase><testcase group="testcases8.testcases104.testcases155" name="init_per_group" time="0.033340" timestamp="2012-11-19T15:51:46" log="/home/karl/tmp/otp_tests/logs/xmerl_test_logs/ct_run.ct@devbox.2012-11-19_15.49.06/tests.xmerl_test.logs/run.2012-11-19_15.49.40/xmerl_sax_std_suite.init_per_group.336706.476.html"></testcase><testcase group="testcases8.testcases104.testcases155" name="ibm-valid-P59-ibm59v01" time="0.023454" timestamp="2012-11-19T15:51:46" log="/home/karl/tmp/otp_tests/logs/xmerl_test_logs/ct_run.ct@devbox.2012-11-19_15.49.06/tests.xmerl_test.logs/run.2012-11-19_15.49.40/xmerl_sax_std_suite.ibm-valid-p59-ibm59v01.html"></testcase><testcase group="testcases8.testcases104.testcases155" name="ibm-valid-P59-ibm59v02" time="0.048164" timestamp="2012-11-19T15:51:46" log="/home/karl/tmp/otp_tests/logs/xmerl_test_logs/ct_run.ct@devbox.2012-11-19_15.49.06/tests.xmerl_test.logs/run.2012-11-19_15.49.40/xmerl_sax_std_suite.ibm-valid-p59-ibm59v02.html"></testcase><testcase group="testcases8.testcases104.testcases155" name="end_per_group" time="0.039497" timestamp="2012-11-19T15:51:46" log="/home/karl/tmp/otp_tests/logs/xmerl_test_logs/ct_run.ct@devbox.2012-11-19_15.49.06/tests.xmerl_test.logs/run.2012-11-19_15.49.40/xmerl_sax_std_suite.end_per_group.336706.743.html"></testcase><testcase group="testcases8.testcases104.testcases156" name="init_per_group" time="0.037740" timestamp="2012-11-19T15:51:46" log="/home/karl/tmp/otp_tests/logs/xmerl_test_logs/ct_run.ct@devbox.2012-11-19_15.49.06/tests.xmerl_test.logs/run.2012-11-19_15.49.40/xmerl_sax_std_suite.init_per_group.336706.850.html"></testcase><testcase group="testcases8.testcases104.testcases156" name="ibm-valid-P60-ibm60v01" time="0.022831" timestamp="2012-11-19T15:51:46" log="/home/karl/tmp/otp_tests/logs/xmerl_test_logs/ct_run.ct@devbox.2012-11-19_15.49.06/tests.xmerl_test.logs/run.2012-11-19_15.49.40/xmerl_sax_std_suite.ibm-valid-p60-ibm60v01.html"></testcase><testcase group="testcases8.testcases104.testcases156" name="ibm-valid-P60-ibm60v02" time="0.038411" timestamp="2012-11-19T15:51:47" log="/home/karl/tmp/otp_tests/logs/xmerl_test_logs/ct_run.ct@devbox.2012-11-19_15.49.06/tests.xmerl_test.logs/run.2012-11-19_15.49.40/xmerl_sax_std_suite.ibm-valid-p60-ibm60v02.html"></testcase><testcase group="testcases8.testcases104.testcases156" name="ibm-valid-P60-ibm60v03" time="0.023287" timestamp="2012-11-19T15:51:47" log="/home/karl/tmp/otp_tests/logs/xmerl_test_logs/ct_run.ct@devbox.2012-11-19_15.49.06/tests.xmerl_test.logs/run.2012-11-19_15.49.40/xmerl_sax_std_suite.ibm-valid-p60-ibm60v03.html"></testcase><testcase group="testcases8.testcases104.testcases156" name="ibm-valid-P60-ibm60v04" time="0.022551" timestamp="2012-11-19T15:51:47" log="/home/karl/tmp/otp_tests/logs/xmerl_test_logs/ct_run.ct@devbox.2012-11-19_15.49.06/tests.xmerl_test.logs/run.2012-11-19_15.49.40/xmerl_sax_std_suite.ibm-valid-p60-ibm60v04.html"></testcase><testcase group="testcases8.testcases104.testcases156" name="end_per_group" time="0.021719" timestamp="2012-11-19T15:51:47" log="/home/karl/tmp/otp_tests/logs/xmerl_test_logs/ct_run.ct@devbox.2012-11-19_15.49.06/tests.xmerl_test.logs/run.2012-11-19_15.49.40/xmerl_sax_std_suite.end_per_group.336707.265.html"></testcase><testcase group="testcases8.testcases104.testcases162" name="init_per_group" time="0.027191" timestamp="2012-11-19T15:51:47" log="/home/karl/tmp/otp_tests/logs/xmerl_test_logs/ct_run.ct@devbox.2012-11-19_15.49.06/tests.xmerl_test.logs/run.2012-11-19_15.49.40/xmerl_sax_std_suite.init_per_group.336707.339.html"></testcase><testcase group="testcases8.testcases104.testcases162" name="ibm-valid-P66-ibm66v01" time="0.022767" timestamp="2012-11-19T15:51:47" log="/home/karl/tmp/otp_tests/logs/xmerl_test_logs/ct_run.ct@devbox.2012-11-19_15.49.06/tests.xmerl_test.logs/run.2012-11-19_15.49.40/xmerl_sax_std_suite.ibm-valid-p66-ibm66v01.html"></testcase><testcase group="testcases8.testcases104.testcases162" name="end_per_group" time="0.047106" timestamp="2012-11-19T15:51:47" log="/home/karl/tmp/otp_tests/logs/xmerl_test_logs/ct_run.ct@devbox.2012-11-19_15.49.06/tests.xmerl_test.logs/run.2012-11-19_15.49.40/xmerl_sax_std_suite.end_per_group.336707.486.html"></testcase><testcase group="testcases8.testcases104.testcases163" name="init_per_group" time="0.084576" timestamp="2012-11-19T15:51:47" log="/home/karl/tmp/otp_tests/logs/xmerl_test_logs/ct_run.ct@devbox.2012-11-19_15.49.06/tests.xmerl_test.logs/run.2012-11-19_15.49.40/xmerl_sax_std_suite.init_per_group.336707.597.html"></testcase><testcase group="testcases8.testcases104.testcases163" name="ibm-valid-P67-ibm67v01" time="0.093482" timestamp="2012-11-19T15:51:47" log="/home/karl/tmp/otp_tests/logs/xmerl_test_logs/ct_run.ct@devbox.2012-11-19_15.49.06/tests.xmerl_test.logs/run.2012-11-19_15.49.40/xmerl_sax_std_suite.ibm-valid-p67-ibm67v01.html"></testcase><testcase group="testcases8.testcases104.testcases163" name="end_per_group" time="0.021037" timestamp="2012-11-19T15:51:47" log="/home/karl/tmp/otp_tests/logs/xmerl_test_logs/ct_run.ct@devbox.2012-11-19_15.49.06/tests.xmerl_test.logs/run.2012-11-19_15.49.40/xmerl_sax_std_suite.end_per_group.336707.943.html"></testcase><testcase group="testcases8.testcases104.testcases164" name="init_per_group" time="0.034403" timestamp="2012-11-19T15:51:48" log="/home/karl/tmp/otp_tests/logs/xmerl_test_logs/ct_run.ct@devbox.2012-11-19_15.49.06/tests.xmerl_test.logs/run.2012-11-19_15.49.40/xmerl_sax_std_suite.init_per_group.336708.22.html"></testcase><testcase group="testcases8.testcases104.testcases164" name="ibm-valid-P68-ibm68v01" time="0.023113" timestamp="2012-11-19T15:51:48" log="/home/karl/tmp/otp_tests/logs/xmerl_test_logs/ct_run.ct@devbox.2012-11-19_15.49.06/tests.xmerl_test.logs/run.2012-11-19_15.49.40/xmerl_sax_std_suite.ibm-valid-p68-ibm68v01.html"></testcase><testcase group="testcases8.testcases104.testcases164" name="ibm-valid-P68-ibm68v02" time="0.026845" timestamp="2012-11-19T15:51:48" log="/home/karl/tmp/otp_tests/logs/xmerl_test_logs/ct_run.ct@devbox.2012-11-19_15.49.06/tests.xmerl_test.logs/run.2012-11-19_15.49.40/xmerl_sax_std_suite.ibm-valid-p68-ibm68v02.html"></testcase><testcase group="testcases8.testcases104.testcases164" name="end_per_group" time="0.020935" timestamp="2012-11-19T15:51:48" log="/home/karl/tmp/otp_tests/logs/xmerl_test_logs/ct_run.ct@devbox.2012-11-19_15.49.06/tests.xmerl_test.logs/run.2012-11-19_15.49.40/xmerl_sax_std_suite.end_per_group.336708.249.html"></testcase><testcase group="testcases8.testcases104.testcases165" name="init_per_group" time="0.034033" timestamp="2012-11-19T15:51:48" log="/home/karl/tmp/otp_tests/logs/xmerl_test_logs/ct_run.ct@devbox.2012-11-19_15.49.06/tests.xmerl_test.logs/run.2012-11-19_15.49.40/xmerl_sax_std_suite.init_per_group.336708.320.html"></testcase><testcase group="testcases8.testcases104.testcases165" name="ibm-valid-P69-ibm69v01" time="0.024639" timestamp="2012-11-19T15:51:48" log="/home/karl/tmp/otp_tests/logs/xmerl_test_logs/ct_run.ct@devbox.2012-11-19_15.49.06/tests.xmerl_test.logs/run.2012-11-19_15.49.40/xmerl_sax_std_suite.ibm-valid-p69-ibm69v01.html"><skipped type="skip" message="Test ibm-valid-P69-ibm69v01 in xmerl_sax_std_SUITE skipped!">{tc_user_skip,{skipped,&quot;NYI&quot;}}</skipped></testcase><testcase group="testcases8.testcases104.testcases165" name="ibm-valid-P69-ibm69v02" time="0.040088" timestamp="2012-11-19T15:51:48" log="/home/karl/tmp/otp_tests/logs/xmerl_test_logs/ct_run.ct@devbox.2012-11-19_15.49.06/tests.xmerl_test.logs/run.2012-11-19_15.49.40/xmerl_sax_std_suite.ibm-valid-p69-ibm69v02.html"></testcase><testcase group="testcases8.testcases104.testcases165" name="end_per_group" time="0.029099" timestamp="2012-11-19T15:51:48" log="/home/karl/tmp/otp_tests/logs/xmerl_test_logs/ct_run.ct@devbox.2012-11-19_15.49.06/tests.xmerl_test.logs/run.2012-11-19_15.49.40/xmerl_sax_std_suite.end_per_group.336708.634.html"></testcase><testcase group="testcases8.testcases104.testcases166" name="init_per_group" time="0.030992" timestamp="2012-11-19T15:51:48" log="/home/karl/tmp/otp_tests/logs/xmerl_test_logs/ct_run.ct@devbox.2012-11-19_15.49.06/tests.xmerl_test.logs/run.2012-11-19_15.49.40/xmerl_sax_std_suite.init_per_group.336708.759.html"></testcase><testcase group="testcases8.testcases104.testcases166" name="ibm-valid-P70-ibm70v01" time="0.024222" timestamp="2012-11-19T15:51:48" log="/home/karl/tmp/otp_tests/logs/xmerl_test_logs/ct_run.ct@devbox.2012-11-19_15.49.06/tests.xmerl_test.logs/run.2012-11-19_15.49.40/xmerl_sax_std_suite.ibm-valid-p70-ibm70v01.html"></testcase><testcase group="testcases8.testcases104.testcases166" name="end_per_group" time="0.030647" timestamp="2012-11-19T15:51:48" log="/home/karl/tmp/otp_tests/logs/xmerl_test_logs/ct_run.ct@devbox.2012-11-19_15.49.06/tests.xmerl_test.logs/run.2012-11-19_15.49.40/xmerl_sax_std_suite.end_per_group.336708.920.html"></testcase><testcase group="testcases8.testcases104.testcases168" name="init_per_group" time="0.037913" timestamp="2012-11-19T15:51:49" log="/home/karl/tmp/otp_tests/logs/xmerl_test_logs/ct_run.ct@devbox.2012-11-19_15.49.06/tests.xmerl_test.logs/run.2012-11-19_15.49.40/xmerl_sax_std_suite.init_per_group.336709.3.html"></testcase><testcase group="testcases8.testcases104.testcases168" name="ibm-valid-P79-ibm79v01" time="0.026091" timestamp="2012-11-19T15:51:49" log="/home/karl/tmp/otp_tests/logs/xmerl_test_logs/ct_run.ct@devbox.2012-11-19_15.49.06/tests.xmerl_test.logs/run.2012-11-19_15.49.40/xmerl_sax_std_suite.ibm-valid-p79-ibm79v01.html"></testcase><testcase group="testcases8.testcases104.testcases168" name="end_per_group" time="0.030316" timestamp="2012-11-19T15:51:49" log="/home/karl/tmp/otp_tests/logs/xmerl_test_logs/ct_run.ct@devbox.2012-11-19_15.49.06/tests.xmerl_test.logs/run.2012-11-19_15.49.40/xmerl_sax_std_suite.end_per_group.336709.178.html"></testcase><testcase group="testcases8.testcases104.testcases169" name="init_per_group" time="0.026972" timestamp="2012-11-19T15:51:49" log="/home/karl/tmp/otp_tests/logs/xmerl_test_logs/ct_run.ct@devbox.2012-11-19_15.49.06/tests.xmerl_test.logs/run.2012-11-19_15.49.40/xmerl_sax_std_suite.init_per_group.336709.259.html"></testcase><testcase group="testcases8.testcases104.testcases169" name="ibm-valid-P82-ibm82v01" time="0.034614" timestamp="2012-11-19T15:51:49" log="/home/karl/tmp/otp_tests/logs/xmerl_test_logs/ct_run.ct@devbox.2012-11-19_15.49.06/tests.xmerl_test.logs/run.2012-11-19_15.49.40/xmerl_sax_std_suite.ibm-valid-p82-ibm82v01.html"></testcase><testcase group="testcases8.testcases104.testcases169" name="end_per_group" time="0.031505" timestamp="2012-11-19T15:51:49" log="/home/karl/tmp/otp_tests/logs/xmerl_test_logs/ct_run.ct@devbox.2012-11-19_15.49.06/tests.xmerl_test.logs/run.2012-11-19_15.49.40/xmerl_sax_std_suite.end_per_group.336709.424.html"></testcase><testcase group="testcases8.testcases104.testcases171" name="init_per_group" time="0.021916" timestamp="2012-11-19T15:51:49" log="/home/karl/tmp/otp_tests/logs/xmerl_test_logs/ct_run.ct@devbox.2012-11-19_15.49.06/tests.xmerl_test.logs/run.2012-11-19_15.49.40/xmerl_sax_std_suite.init_per_group.336709.507.html"></testcase><testcase group="testcases8.testcases104.testcases171" name="ibm-valid-P86-ibm86v01" time="0.028105" timestamp="2012-11-19T15:51:49" log="/home/karl/tmp/otp_tests/logs/xmerl_test_logs/ct_run.ct@devbox.2012-11-19_15.49.06/tests.xmerl_test.logs/run.2012-11-19_15.49.40/xmerl_sax_std_suite.ibm-valid-p86-ibm86v01.html"></testcase><testcase group="testcases8.testcases104.testcases171" name="end_per_group" time="0.026574" timestamp="2012-11-19T15:51:49" log="/home/karl/tmp/otp_tests/logs/xmerl_test_logs/ct_run.ct@devbox.2012-11-19_15.49.06/tests.xmerl_test.logs/run.2012-11-19_15.49.40/xmerl_sax_std_suite.end_per_group.336709.718.html"></testcase><testcase group="testcases8.testcases104.testcases172" name="init_per_group" time="0.027190" timestamp="2012-11-19T15:51:49" log="/home/karl/tmp/otp_tests/logs/xmerl_test_logs/ct_run.ct@devbox.2012-11-19_15.49.06/tests.xmerl_test.logs/run.2012-11-19_15.49.40/xmerl_sax_std_suite.init_per_group.336709.827.html"></testcase><testcase group="testcases8.testcases104.testcases172" name="ibm-valid-P87-ibm87v01" time="0.027300" timestamp="2012-11-19T15:51:49" log="/home/karl/tmp/otp_tests/logs/xmerl_test_logs/ct_run.ct@devbox.2012-11-19_15.49.06/tests.xmerl_test.logs/run.2012-11-19_15.49.40/xmerl_sax_std_suite.ibm-valid-p87-ibm87v01.html"></testcase><testcase group="testcases8.testcases104.testcases172" name="end_per_group" time="0.022562" timestamp="2012-11-19T15:51:50" log="/home/karl/tmp/otp_tests/logs/xmerl_test_logs/ct_run.ct@devbox.2012-11-19_15.49.06/tests.xmerl_test.logs/run.2012-11-19_15.49.40/xmerl_sax_std_suite.end_per_group.336709.987.html"></testcase><testcase group="testcases8.testcases104.testcases173" name="init_per_group" time="0.028260" timestamp="2012-11-19T15:51:50" log="/home/karl/tmp/otp_tests/logs/xmerl_test_logs/ct_run.ct@devbox.2012-11-19_15.49.06/tests.xmerl_test.logs/run.2012-11-19_15.49.40/xmerl_sax_std_suite.init_per_group.336710.73.html"></testcase><testcase group="testcases8.testcases104.testcases173" name="ibm-valid-P88-ibm88v01" time="0.024673" timestamp="2012-11-19T15:51:50" log="/home/karl/tmp/otp_tests/logs/xmerl_test_logs/ct_run.ct@devbox.2012-11-19_15.49.06/tests.xmerl_test.logs/run.2012-11-19_15.49.40/xmerl_sax_std_suite.ibm-valid-p88-ibm88v01.html"></testcase><testcase group="testcases8.testcases104.testcases173" name="end_per_group" time="0.028010" timestamp="2012-11-19T15:51:50" log="/home/karl/tmp/otp_tests/logs/xmerl_test_logs/ct_run.ct@devbox.2012-11-19_15.49.06/tests.xmerl_test.logs/run.2012-11-19_15.49.40/xmerl_sax_std_suite.end_per_group.336710.228.html"></testcase><testcase group="testcases8.testcases104.testcases174" name="init_per_group" time="0.021896" timestamp="2012-11-19T15:51:50" log="/home/karl/tmp/otp_tests/logs/xmerl_test_logs/ct_run.ct@devbox.2012-11-19_15.49.06/tests.xmerl_test.logs/run.2012-11-19_15.49.40/xmerl_sax_std_suite.init_per_group.336710.305.html"></testcase><testcase group="testcases8.testcases104.testcases174" name="ibm-valid-P89-ibm89v01" time="0.028611" timestamp="2012-11-19T15:51:50" log="/home/karl/tmp/otp_tests/logs/xmerl_test_logs/ct_run.ct@devbox.2012-11-19_15.49.06/tests.xmerl_test.logs/run.2012-11-19_15.49.40/xmerl_sax_std_suite.ibm-valid-p89-ibm89v01.html"></testcase><testcase group="testcases8.testcases104.testcases174" name="end_per_group" time="0.022028" timestamp="2012-11-19T15:51:50" log="/home/karl/tmp/otp_tests/logs/xmerl_test_logs/ct_run.ct@devbox.2012-11-19_15.49.06/tests.xmerl_test.logs/run.2012-11-19_15.49.40/xmerl_sax_std_suite.end_per_group.336710.454.html"></testcase><testcase group="testcases8.testcases104" name="end_per_group" time="0.024849" timestamp="2012-11-19T15:51:50" log="/home/karl/tmp/otp_tests/logs/xmerl_test_logs/ct_run.ct@devbox.2012-11-19_15.49.06/tests.xmerl_test.logs/run.2012-11-19_15.49.40/xmerl_sax_std_suite.end_per_group.336710.526.html"></testcase><testcase group="testcases8" name="end_per_group" time="0.021549" timestamp="2012-11-19T15:51:50" log="/home/karl/tmp/otp_tests/logs/xmerl_test_logs/ct_run.ct@devbox.2012-11-19_15.49.06/tests.xmerl_test.logs/run.2012-11-19_15.49.40/xmerl_sax_std_suite.end_per_group.336710.605.html"></testcase><testcase  name="end_per_suite" time="0.352087" timestamp="2012-11-19T15:51:50" log="/home/karl/tmp/otp_tests/logs/xmerl_test_logs/ct_run.ct@devbox.2012-11-19_15.49.06/tests.xmerl_test.logs/run.2012-11-19_15.49.40/xmerl_sax_std_suite.end_per_suite.html"></testcase></testsuite><testsuite name="xmerl_sax_SUITE" time="0.160553" timestamp="2012-11-19T15:49:47" errors="0" tests="6"><testcase  name="init_per_suite" time="0.000507" timestamp="2012-11-19T15:49:47" log="/home/karl/tmp/otp_tests/logs/xmerl_test_logs/ct_run.ct@devbox.2012-11-19_15.49.06/tests.xmerl_test.logs/run.2012-11-19_15.49.40/xmerl_sax_suite.init_per_suite.html"></testcase><testcase group="bugs" name="init_per_group" time="0.000481" timestamp="2012-11-19T15:49:47" log="/home/karl/tmp/otp_tests/logs/xmerl_test_logs/ct_run.ct@devbox.2012-11-19_15.49.06/tests.xmerl_test.logs/run.2012-11-19_15.49.40/xmerl_sax_suite.init_per_group.html"></testcase><testcase group="bugs" name="ticket_8213" time="0.000689" timestamp="2012-11-19T15:49:47" log="/home/karl/tmp/otp_tests/logs/xmerl_test_logs/ct_run.ct@devbox.2012-11-19_15.49.06/tests.xmerl_test.logs/run.2012-11-19_15.49.40/xmerl_sax_suite.ticket_8213.html"></testcase><testcase group="bugs" name="ticket_8214" time="0.000640" timestamp="2012-11-19T15:49:47" log="/home/karl/tmp/otp_tests/logs/xmerl_test_logs/ct_run.ct@devbox.2012-11-19_15.49.06/tests.xmerl_test.logs/run.2012-11-19_15.49.40/xmerl_sax_suite.ticket_8214.html"></testcase><testcase group="bugs" name="end_per_group" time="0.000690" timestamp="2012-11-19T15:49:47" log="/home/karl/tmp/otp_tests/logs/xmerl_test_logs/ct_run.ct@devbox.2012-11-19_15.49.06/tests.xmerl_test.logs/run.2012-11-19_15.49.40/xmerl_sax_suite.end_per_group.html"></testcase><testcase  name="end_per_suite" time="0.000540" timestamp="2012-11-19T15:49:47" log="/home/karl/tmp/otp_tests/logs/xmerl_test_logs/ct_run.ct@devbox.2012-11-19_15.49.06/tests.xmerl_test.logs/run.2012-11-19_15.49.40/xmerl_sax_suite.end_per_suite.html"></testcase></testsuite><testsuite name="xmerl_SUITE" time="0.241477" timestamp="2012-11-19T15:49:47" errors="0" tests="3"><testcase group="appup_test" name="init_per_suite" time="0.161086" timestamp="2012-11-19T15:49:47" log="/home/karl/tmp/otp_tests/logs/xmerl_test_logs/ct_run.ct@devbox.2012-11-19_15.49.06/tests.xmerl_test.logs/run.2012-11-19_15.49.40/xmerl_suite.init_per_suite.336587.37.html"></testcase><testcase group="appup_test" name="end_per_group" time="0.000724" timestamp="2012-11-19T15:49:47" log="/home/karl/tmp/otp_tests/logs/xmerl_test_logs/ct_run.ct@devbox.2012-11-19_15.49.06/tests.xmerl_test.logs/run.2012-11-19_15.49.40/xmerl_suite.end_per_group.336587.225.html"></testcase><testcase  name="end_per_suite" time="0.004610" timestamp="2012-11-19T15:49:47" log="/home/karl/tmp/otp_tests/logs/xmerl_test_logs/ct_run.ct@devbox.2012-11-19_15.49.06/tests.xmerl_test.logs/run.2012-11-19_15.49.40/xmerl_suite.end_per_suite.336587.251.html"></testcase></testsuite><testsuite name="xmerl_appup_test" time="0.083117" timestamp="2012-11-19T15:49:46" errors="0" tests="3"><testcase group="appup_test" name="init_per_suite" time="0.000615" timestamp="2012-11-19T15:49:46" log="/home/karl/tmp/otp_tests/logs/xmerl_test_logs/ct_run.ct@devbox.2012-11-19_15.49.06/tests.xmerl_test.logs/run.2012-11-19_15.49.40/xmerl_appup_test.init_per_suite.html"></testcase><testcase group="appup_test" name="appup" time="0.003233" timestamp="2012-11-19T15:49:46" log="/home/karl/tmp/otp_tests/logs/xmerl_test_logs/ct_run.ct@devbox.2012-11-19_15.49.06/tests.xmerl_test.logs/run.2012-11-19_15.49.40/xmerl_appup_test.appup.html"></testcase><testcase group="appup_test" name="end_per_suite" time="0.000909" timestamp="2012-11-19T15:49:47" log="/home/karl/tmp/otp_tests/logs/xmerl_test_logs/ct_run.ct@devbox.2012-11-19_15.49.06/tests.xmerl_test.logs/run.2012-11-19_15.49.40/xmerl_appup_test.end_per_suite.html"></testcase></testsuite><testsuite name="xmerl_SUITE" time="0.310210" timestamp="2012-11-19T15:49:46" errors="0" tests="4"><testcase group="app_test" name="init_per_suite" time="0.202856" timestamp="2012-11-19T15:49:46" log="/home/karl/tmp/otp_tests/logs/xmerl_test_logs/ct_run.ct@devbox.2012-11-19_15.49.06/tests.xmerl_test.logs/run.2012-11-19_15.49.40/xmerl_suite.init_per_suite.336586.641.html"></testcase><testcase group="app_test" name="end_per_group" time="0.000627" timestamp="2012-11-19T15:49:46" log="/home/karl/tmp/otp_tests/logs/xmerl_test_logs/ct_run.ct@devbox.2012-11-19_15.49.06/tests.xmerl_test.logs/run.2012-11-19_15.49.40/xmerl_suite.end_per_group.336586.874.html"></testcase><testcase group="appup_test" name="init_per_group" time="0.000472" timestamp="2012-11-19T15:49:46" log="/home/karl/tmp/otp_tests/logs/xmerl_test_logs/ct_run.ct@devbox.2012-11-19_15.49.06/tests.xmerl_test.logs/run.2012-11-19_15.49.40/xmerl_suite.init_per_group.336586.900.html"></testcase><testcase group="appup_test" name="end_per_suite" time="0.003741" timestamp="2012-11-19T15:49:46" log="/home/karl/tmp/otp_tests/logs/xmerl_test_logs/ct_run.ct@devbox.2012-11-19_15.49.06/tests.xmerl_test.logs/run.2012-11-19_15.49.40/xmerl_suite.end_per_suite.336586.925.html"></testcase></testsuite><testsuite name="xmerl_app_test" time="0.311805" timestamp="2012-11-19T15:49:46" errors="0" tests="6"><testcase group="app_test" name="init_per_suite" time="0.002881" timestamp="2012-11-19T15:49:46" log="/home/karl/tmp/otp_tests/logs/xmerl_test_logs/ct_run.ct@devbox.2012-11-19_15.49.06/tests.xmerl_test.logs/run.2012-11-19_15.49.40/xmerl_app_test.init_per_suite.html"></testcase><testcase group="app_test" name="fields" time="0.000783" timestamp="2012-11-19T15:49:46" log="/home/karl/tmp/otp_tests/logs/xmerl_test_logs/ct_run.ct@devbox.2012-11-19_15.49.06/tests.xmerl_test.logs/run.2012-11-19_15.49.40/xmerl_app_test.fields.html"></testcase><testcase group="app_test" name="modules" time="0.000549" timestamp="2012-11-19T15:49:46" log="/home/karl/tmp/otp_tests/logs/xmerl_test_logs/ct_run.ct@devbox.2012-11-19_15.49.06/tests.xmerl_test.logs/run.2012-11-19_15.49.40/xmerl_app_test.modules.html"></testcase><testcase group="app_test" name="exportall" time="0.134842" timestamp="2012-11-19T15:49:46" log="/home/karl/tmp/otp_tests/logs/xmerl_test_logs/ct_run.ct@devbox.2012-11-19_15.49.06/tests.xmerl_test.logs/run.2012-11-19_15.49.40/xmerl_app_test.exportall.html"></testcase><testcase group="app_test" name="app_depend" time="0.006331" timestamp="2012-11-19T15:49:46" log="/home/karl/tmp/otp_tests/logs/xmerl_test_logs/ct_run.ct@devbox.2012-11-19_15.49.06/tests.xmerl_test.logs/run.2012-11-19_15.49.40/xmerl_app_test.app_depend.html"></testcase><testcase group="app_test" name="end_per_suite" time="0.001065" timestamp="2012-11-19T15:49:46" log="/home/karl/tmp/otp_tests/logs/xmerl_test_logs/ct_run.ct@devbox.2012-11-19_15.49.06/tests.xmerl_test.logs/run.2012-11-19_15.49.40/xmerl_app_test.end_per_suite.html"></testcase></testsuite><testsuite name="xmerl_SUITE" time="3.752263" timestamp="2012-11-19T15:49:42" errors="0" tests="43"><testcase  name="init_per_suite" time="0.259215" timestamp="2012-11-19T15:49:42" log="/home/karl/tmp/otp_tests/logs/xmerl_test_logs/ct_run.ct@devbox.2012-11-19_15.49.06/tests.xmerl_test.logs/run.2012-11-19_15.49.40/xmerl_suite.init_per_suite.html"></testcase><testcase group="cpd_tests" name="init_per_group" time="0.000219" timestamp="2012-11-19T15:49:42" log="/home/karl/tmp/otp_tests/logs/xmerl_test_logs/ct_run.ct@devbox.2012-11-19_15.49.06/tests.xmerl_test.logs/run.2012-11-19_15.49.40/xmerl_suite.init_per_group.html"></testcase><testcase group="cpd_tests" name="cpd_invalid1" time="0.078126" timestamp="2012-11-19T15:49:42" log="/home/karl/tmp/otp_tests/logs/xmerl_test_logs/ct_run.ct@devbox.2012-11-19_15.49.06/tests.xmerl_test.logs/run.2012-11-19_15.49.40/xmerl_suite.cpd_invalid1.html"></testcase><testcase group="cpd_tests" name="cpd_invalid1_index" time="0.000927" timestamp="2012-11-19T15:49:42" log="/home/karl/tmp/otp_tests/logs/xmerl_test_logs/ct_run.ct@devbox.2012-11-19_15.49.06/tests.xmerl_test.logs/run.2012-11-19_15.49.40/xmerl_suite.cpd_invalid1_index.html"></testcase><testcase group="cpd_tests" name="cpd_invalid2_index" time="0.000883" timestamp="2012-11-19T15:49:43" log="/home/karl/tmp/otp_tests/logs/xmerl_test_logs/ct_run.ct@devbox.2012-11-19_15.49.06/tests.xmerl_test.logs/run.2012-11-19_15.49.40/xmerl_suite.cpd_invalid2_index.html"></testcase><testcase group="cpd_tests" name="cpd_invalid_index3" time="0.001318" timestamp="2012-11-19T15:49:43" log="/home/karl/tmp/otp_tests/logs/xmerl_test_logs/ct_run.ct@devbox.2012-11-19_15.49.06/tests.xmerl_test.logs/run.2012-11-19_15.49.40/xmerl_suite.cpd_invalid_index3.html"></testcase><testcase group="cpd_tests" name="cpd_invalid_is_layer" time="0.001386" timestamp="2012-11-19T15:49:43" log="/home/karl/tmp/otp_tests/logs/xmerl_test_logs/ct_run.ct@devbox.2012-11-19_15.49.06/tests.xmerl_test.logs/run.2012-11-19_15.49.40/xmerl_suite.cpd_invalid_is_layer.html"></testcase><testcase group="cpd_tests" name="cpd_expl_provided_DTD" time="0.006318" timestamp="2012-11-19T15:49:43" log="/home/karl/tmp/otp_tests/logs/xmerl_test_logs/ct_run.ct@devbox.2012-11-19_15.49.06/tests.xmerl_test.logs/run.2012-11-19_15.49.40/xmerl_suite.cpd_expl_provided_dtd.html"></testcase><testcase group="cpd_tests" name="end_per_group" time="0.000341" timestamp="2012-11-19T15:49:43" log="/home/karl/tmp/otp_tests/logs/xmerl_test_logs/ct_run.ct@devbox.2012-11-19_15.49.06/tests.xmerl_test.logs/run.2012-11-19_15.49.40/xmerl_suite.end_per_group.html"></testcase><testcase  name="xpath_text1" time="0.042621" timestamp="2012-11-19T15:49:43" log="/home/karl/tmp/otp_tests/logs/xmerl_test_logs/ct_run.ct@devbox.2012-11-19_15.49.06/tests.xmerl_test.logs/run.2012-11-19_15.49.40/xmerl_suite.xpath_text1.html"></testcase><testcase  name="xpath_main" time="0.018852" timestamp="2012-11-19T15:49:43" log="/home/karl/tmp/otp_tests/logs/xmerl_test_logs/ct_run.ct@devbox.2012-11-19_15.49.06/tests.xmerl_test.logs/run.2012-11-19_15.49.40/xmerl_suite.xpath_main.html"></testcase><testcase  name="xpath_abbreviated_syntax" time="0.004465" timestamp="2012-11-19T15:49:43" log="/home/karl/tmp/otp_tests/logs/xmerl_test_logs/ct_run.ct@devbox.2012-11-19_15.49.06/tests.xmerl_test.logs/run.2012-11-19_15.49.40/xmerl_suite.xpath_abbreviated_syntax.html"></testcase><testcase  name="xpath_functions" time="0.003621" timestamp="2012-11-19T15:49:43" log="/home/karl/tmp/otp_tests/logs/xmerl_test_logs/ct_run.ct@devbox.2012-11-19_15.49.06/tests.xmerl_test.logs/run.2012-11-19_15.49.40/xmerl_suite.xpath_functions.html"></testcase><testcase group="misc" name="init_per_group" time="0.000276" timestamp="2012-11-19T15:49:43" log="/home/karl/tmp/otp_tests/logs/xmerl_test_logs/ct_run.ct@devbox.2012-11-19_15.49.06/tests.xmerl_test.logs/run.2012-11-19_15.49.40/xmerl_suite.init_per_group.336583.348.html"></testcase><testcase group="misc" name="latin1_alias" time="0.005417" timestamp="2012-11-19T15:49:43" log="/home/karl/tmp/otp_tests/logs/xmerl_test_logs/ct_run.ct@devbox.2012-11-19_15.49.06/tests.xmerl_test.logs/run.2012-11-19_15.49.40/xmerl_suite.latin1_alias.html"></testcase><testcase group="misc" name="syntax_bug1" time="0.001801" timestamp="2012-11-19T15:49:43" log="/home/karl/tmp/otp_tests/logs/xmerl_test_logs/ct_run.ct@devbox.2012-11-19_15.49.06/tests.xmerl_test.logs/run.2012-11-19_15.49.40/xmerl_suite.syntax_bug1.html"></testcase><testcase group="misc" name="syntax_bug2" time="0.000910" timestamp="2012-11-19T15:49:43" log="/home/karl/tmp/otp_tests/logs/xmerl_test_logs/ct_run.ct@devbox.2012-11-19_15.49.06/tests.xmerl_test.logs/run.2012-11-19_15.49.40/xmerl_suite.syntax_bug2.html"></testcase><testcase group="misc" name="syntax_bug3" time="0.000970" timestamp="2012-11-19T15:49:43" log="/home/karl/tmp/otp_tests/logs/xmerl_test_logs/ct_run.ct@devbox.2012-11-19_15.49.06/tests.xmerl_test.logs/run.2012-11-19_15.49.40/xmerl_suite.syntax_bug3.html"></testcase><testcase group="misc" name="pe_ref1" time="0.001386" timestamp="2012-11-19T15:49:43" log="/home/karl/tmp/otp_tests/logs/xmerl_test_logs/ct_run.ct@devbox.2012-11-19_15.49.06/tests.xmerl_test.logs/run.2012-11-19_15.49.40/xmerl_suite.pe_ref1.html"></testcase><testcase group="misc" name="copyright" time="0.001119" timestamp="2012-11-19T15:49:43" log="/home/karl/tmp/otp_tests/logs/xmerl_test_logs/ct_run.ct@devbox.2012-11-19_15.49.06/tests.xmerl_test.logs/run.2012-11-19_15.49.40/xmerl_suite.copyright.html"></testcase><testcase group="misc" name="testXSEIF" time="0.093608" timestamp="2012-11-19T15:49:43" log="/home/karl/tmp/otp_tests/logs/xmerl_test_logs/ct_run.ct@devbox.2012-11-19_15.49.06/tests.xmerl_test.logs/run.2012-11-19_15.49.40/xmerl_suite.testxseif.html"></testcase><testcase group="misc" name="export_simple1" time="0.015142" timestamp="2012-11-19T15:49:43" log="/home/karl/tmp/otp_tests/logs/xmerl_test_logs/ct_run.ct@devbox.2012-11-19_15.49.06/tests.xmerl_test.logs/run.2012-11-19_15.49.40/xmerl_suite.export_simple1.html"></testcase><testcase group="misc" name="export" time="0.002040" timestamp="2012-11-19T15:49:43" log="/home/karl/tmp/otp_tests/logs/xmerl_test_logs/ct_run.ct@devbox.2012-11-19_15.49.06/tests.xmerl_test.logs/run.2012-11-19_15.49.40/xmerl_suite.export.html"></testcase><testcase group="misc" name="end_per_group" time="0.000291" timestamp="2012-11-19T15:49:43" log="/home/karl/tmp/otp_tests/logs/xmerl_test_logs/ct_run.ct@devbox.2012-11-19_15.49.06/tests.xmerl_test.logs/run.2012-11-19_15.49.40/xmerl_suite.end_per_group.336583.744.html"></testcase><testcase group="eventp_tests" name="init_per_group" time="0.000347" timestamp="2012-11-19T15:49:43" log="/home/karl/tmp/otp_tests/logs/xmerl_test_logs/ct_run.ct@devbox.2012-11-19_15.49.06/tests.xmerl_test.logs/run.2012-11-19_15.49.40/xmerl_suite.init_per_group.336583.768.html"></testcase><testcase group="eventp_tests" name="sax_parse_and_export" time="1.896439" timestamp="2012-11-19T15:49:43" log="/home/karl/tmp/otp_tests/logs/xmerl_test_logs/ct_run.ct@devbox.2012-11-19_15.49.06/tests.xmerl_test.logs/run.2012-11-19_15.49.40/xmerl_suite.sax_parse_and_export.html"></testcase><testcase group="eventp_tests" name="end_per_group" time="0.000452" timestamp="2012-11-19T15:49:45" log="/home/karl/tmp/otp_tests/logs/xmerl_test_logs/ct_run.ct@devbox.2012-11-19_15.49.06/tests.xmerl_test.logs/run.2012-11-19_15.49.40/xmerl_suite.end_per_group.336585.728.html"></testcase><testcase group="ticket_tests" name="init_per_group" time="0.000354" timestamp="2012-11-19T15:49:45" log="/home/karl/tmp/otp_tests/logs/xmerl_test_logs/ct_run.ct@devbox.2012-11-19_15.49.06/tests.xmerl_test.logs/run.2012-11-19_15.49.40/xmerl_suite.init_per_group.336585.753.html"></testcase><testcase group="ticket_tests" name="ticket_5998" time="0.001808" timestamp="2012-11-19T15:49:45" log="/home/karl/tmp/otp_tests/logs/xmerl_test_logs/ct_run.ct@devbox.2012-11-19_15.49.06/tests.xmerl_test.logs/run.2012-11-19_15.49.40/xmerl_suite.ticket_5998.html"></testcase><testcase group="ticket_tests" name="ticket_7211" time="0.016585" timestamp="2012-11-19T15:49:45" log="/home/karl/tmp/otp_tests/logs/xmerl_test_logs/ct_run.ct@devbox.2012-11-19_15.49.06/tests.xmerl_test.logs/run.2012-11-19_15.49.40/xmerl_suite.ticket_7211.html"></testcase><testcase group="ticket_tests" name="ticket_7214" time="0.084454" timestamp="2012-11-19T15:49:45" log="/home/karl/tmp/otp_tests/logs/xmerl_test_logs/ct_run.ct@devbox.2012-11-19_15.49.06/tests.xmerl_test.logs/run.2012-11-19_15.49.40/xmerl_suite.ticket_7214.html"></testcase><testcase group="ticket_tests" name="ticket_7430" time="0.000929" timestamp="2012-11-19T15:49:45" log="/home/karl/tmp/otp_tests/logs/xmerl_test_logs/ct_run.ct@devbox.2012-11-19_15.49.06/tests.xmerl_test.logs/run.2012-11-19_15.49.40/xmerl_suite.ticket_7430.html"></testcase><testcase group="ticket_tests" name="ticket_6873" time="0.012197" timestamp="2012-11-19T15:49:45" log="/home/karl/tmp/otp_tests/logs/xmerl_test_logs/ct_run.ct@devbox.2012-11-19_15.49.06/tests.xmerl_test.logs/run.2012-11-19_15.49.40/xmerl_suite.ticket_6873.html"></testcase><testcase group="ticket_tests" name="ticket_7496" time="0.004473" timestamp="2012-11-19T15:49:46" log="/home/karl/tmp/otp_tests/logs/xmerl_test_logs/ct_run.ct@devbox.2012-11-19_15.49.06/tests.xmerl_test.logs/run.2012-11-19_15.49.40/xmerl_suite.ticket_7496.html"></testcase><testcase group="ticket_tests" name="ticket_8156" time="0.003498" timestamp="2012-11-19T15:49:46" log="/home/karl/tmp/otp_tests/logs/xmerl_test_logs/ct_run.ct@devbox.2012-11-19_15.49.06/tests.xmerl_test.logs/run.2012-11-19_15.49.40/xmerl_suite.ticket_8156.html"></testcase><testcase group="ticket_tests" name="ticket_8697" time="0.001270" timestamp="2012-11-19T15:49:46" log="/home/karl/tmp/otp_tests/logs/xmerl_test_logs/ct_run.ct@devbox.2012-11-19_15.49.06/tests.xmerl_test.logs/run.2012-11-19_15.49.40/xmerl_suite.ticket_8697.html"></testcase><testcase group="ticket_tests" name="ticket_9411" time="0.035371" timestamp="2012-11-19T15:49:46" log="/home/karl/tmp/otp_tests/logs/xmerl_test_logs/ct_run.ct@devbox.2012-11-19_15.49.06/tests.xmerl_test.logs/run.2012-11-19_15.49.40/xmerl_suite.ticket_9411.html"></testcase><testcase group="ticket_tests" name="ticket_9457" time="0.001004" timestamp="2012-11-19T15:49:46" log="/home/karl/tmp/otp_tests/logs/xmerl_test_logs/ct_run.ct@devbox.2012-11-19_15.49.06/tests.xmerl_test.logs/run.2012-11-19_15.49.40/xmerl_suite.ticket_9457.html"></testcase><testcase group="ticket_tests" name="ticket_9664_schema" time="0.008885" timestamp="2012-11-19T15:49:46" log="/home/karl/tmp/otp_tests/logs/xmerl_test_logs/ct_run.ct@devbox.2012-11-19_15.49.06/tests.xmerl_test.logs/run.2012-11-19_15.49.40/xmerl_suite.ticket_9664_schema.html"></testcase><testcase group="ticket_tests" name="ticket_9664_dtd" time="0.002830" timestamp="2012-11-19T15:49:46" log="/home/karl/tmp/otp_tests/logs/xmerl_test_logs/ct_run.ct@devbox.2012-11-19_15.49.06/tests.xmerl_test.logs/run.2012-11-19_15.49.40/xmerl_suite.ticket_9664_dtd.html"></testcase><testcase group="ticket_tests" name="end_per_group" time="0.001150" timestamp="2012-11-19T15:49:46" log="/home/karl/tmp/otp_tests/logs/xmerl_test_logs/ct_run.ct@devbox.2012-11-19_15.49.06/tests.xmerl_test.logs/run.2012-11-19_15.49.40/xmerl_suite.end_per_group.336586.251.html"></testcase><testcase group="app_test" name="init_per_group" time="0.000704" timestamp="2012-11-19T15:49:46" log="/home/karl/tmp/otp_tests/logs/xmerl_test_logs/ct_run.ct@devbox.2012-11-19_15.49.06/tests.xmerl_test.logs/run.2012-11-19_15.49.40/xmerl_suite.init_per_group.336586.277.html"></testcase><testcase group="app_test" name="end_per_suite" time="0.005882" timestamp="2012-11-19T15:49:46" log="/home/karl/tmp/otp_tests/logs/xmerl_test_logs/ct_run.ct@devbox.2012-11-19_15.49.06/tests.xmerl_test.logs/run.2012-11-19_15.49.40/xmerl_suite.end_per_suite.html"></testcase></testsuite></testsuites>