<?xml version="1.0" encoding= "UTF-8" ?><testsuites><properties></properties><testsuite name="megaco_SUITE" time="0.260503" timestamp="2012-11-19T18:54:04" errors="0" tests="3"><testcase group="codec.codec.text.flex_pretty.tickets.flex_compact_tickets.text.flex_pretty.tickets.flex_compact_tickets.text.flex_pretty.tickets.flex_compact_tickets.text.flex_pretty.tickets.flex_compact_tickets.text.flex_pretty.tickets.flex_compact_tickets.text.flex_pretty.timer" name="init_per_suite" time="0.034397" timestamp="2012-11-19T18:54:04" log="/home/karl/tmp/otp_tests/logs/megaco_test_logs/ct_run.ct@devbox.2012-11-19_18.26.56/tests.megaco_test.logs/run.2012-11-19_18.27.20/megaco_suite.init_per_suite.347644.15.html"></testcase><testcase group="codec.codec.text.flex_pretty.tickets.flex_compact_tickets.text.flex_pretty.tickets.flex_compact_tickets.text.flex_pretty.tickets.flex_compact_tickets.text.flex_pretty.tickets.flex_compact_tickets.text.flex_pretty.tickets.flex_compact_tickets.text.flex_pretty.timer" name="end_per_group" time="0.024394" timestamp="2012-11-19T18:54:04" log="/home/karl/tmp/otp_tests/logs/megaco_test_logs/ct_run.ct@devbox.2012-11-19_18.26.56/tests.megaco_test.logs/run.2012-11-19_18.27.20/megaco_suite.end_per_group.347644.218.html"></testcase><testcase group="codec.codec.text.flex_pretty.tickets.flex_compact_tickets.text.flex_pretty.tickets.flex_compact_tickets.text.flex_pretty.tickets.flex_compact_tickets.text.flex_pretty.tickets.flex_compact_tickets.text.flex_pretty.tickets.flex_compact_tickets.text.flex_pretty" name="end_per_suite" time="0.037799" timestamp="2012-11-19T18:54:04" log="/home/karl/tmp/otp_tests/logs/megaco_test_logs/ct_run.ct@devbox.2012-11-19_18.26.56/tests.megaco_test.logs/run.2012-11-19_18.27.20/megaco_suite.end_per_suite.347644.298.html"></testcase></testsuite><testsuite name="megaco_timer_test" time="15.900421" timestamp="2012-11-19T18:53:48" errors="0" tests="10"><testcase group="codec.codec.text.flex_pretty.tickets.flex_compact_tickets.text.flex_pretty.tickets.flex_compact_tickets.text.flex_pretty.tickets.flex_compact_tickets.text.flex_pretty.tickets.flex_compact_tickets.text.flex_pretty.tickets.flex_compact_tickets.text.flex_pretty.timer" name="init_per_suite" time="0.036683" timestamp="2012-11-19T18:53:48" log="/home/karl/tmp/otp_tests/logs/megaco_test_logs/ct_run.ct@devbox.2012-11-19_18.26.56/tests.megaco_test.logs/run.2012-11-19_18.27.20/ct_framework.init_per_suite.347628.220.html"></testcase><testcase group="codec.codec.text.flex_pretty.tickets.flex_compact_tickets.text.flex_pretty.tickets.flex_compact_tickets.text.flex_pretty.tickets.flex_compact_tickets.text.flex_pretty.tickets.flex_compact_tickets.text.flex_pretty.tickets.flex_compact_tickets.text.flex_pretty.timer.simple" name="init_per_group" time="0.028215" timestamp="2012-11-19T18:53:48" log="/home/karl/tmp/otp_tests/logs/megaco_test_logs/ct_run.ct@devbox.2012-11-19_18.26.56/tests.megaco_test.logs/run.2012-11-19_18.27.20/megaco_timer_test.init_per_group.html"></testcase><testcase group="codec.codec.text.flex_pretty.tickets.flex_compact_tickets.text.flex_pretty.tickets.flex_compact_tickets.text.flex_pretty.tickets.flex_compact_tickets.text.flex_pretty.tickets.flex_compact_tickets.text.flex_pretty.tickets.flex_compact_tickets.text.flex_pretty.timer.simple" name="simple_init" time="0.027766" timestamp="2012-11-19T18:53:48" log="/home/karl/tmp/otp_tests/logs/megaco_test_logs/ct_run.ct@devbox.2012-11-19_18.26.56/tests.megaco_test.logs/run.2012-11-19_18.27.20/megaco_timer_test.simple_init.html"></testcase><testcase group="codec.codec.text.flex_pretty.tickets.flex_compact_tickets.text.flex_pretty.tickets.flex_compact_tickets.text.flex_pretty.tickets.flex_compact_tickets.text.flex_pretty.tickets.flex_compact_tickets.text.flex_pretty.tickets.flex_compact_tickets.text.flex_pretty.timer.simple" name="simple_usage" time="0.039956" timestamp="2012-11-19T18:53:48" log="/home/karl/tmp/otp_tests/logs/megaco_test_logs/ct_run.ct@devbox.2012-11-19_18.26.56/tests.megaco_test.logs/run.2012-11-19_18.27.20/megaco_timer_test.simple_usage.html"></testcase><testcase group="codec.codec.text.flex_pretty.tickets.flex_compact_tickets.text.flex_pretty.tickets.flex_compact_tickets.text.flex_pretty.tickets.flex_compact_tickets.text.flex_pretty.tickets.flex_compact_tickets.text.flex_pretty.tickets.flex_compact_tickets.text.flex_pretty.timer.simple" name="end_per_group" time="0.025699" timestamp="2012-11-19T18:53:48" log="/home/karl/tmp/otp_tests/logs/megaco_test_logs/ct_run.ct@devbox.2012-11-19_18.26.56/tests.megaco_test.logs/run.2012-11-19_18.27.20/megaco_timer_test.end_per_group.html"></testcase><testcase group="codec.codec.text.flex_pretty.tickets.flex_compact_tickets.text.flex_pretty.tickets.flex_compact_tickets.text.flex_pretty.tickets.flex_compact_tickets.text.flex_pretty.tickets.flex_compact_tickets.text.flex_pretty.tickets.flex_compact_tickets.text.flex_pretty.timer.integer_timer" name="init_per_group" time="0.027126" timestamp="2012-11-19T18:53:48" log="/home/karl/tmp/otp_tests/logs/megaco_test_logs/ct_run.ct@devbox.2012-11-19_18.26.56/tests.megaco_test.logs/run.2012-11-19_18.27.20/megaco_timer_test.init_per_group.347628.652.html"></testcase><testcase group="codec.codec.text.flex_pretty.tickets.flex_compact_tickets.text.flex_pretty.tickets.flex_compact_tickets.text.flex_pretty.tickets.flex_compact_tickets.text.flex_pretty.tickets.flex_compact_tickets.text.flex_pretty.tickets.flex_compact_tickets.text.flex_pretty.timer.integer_timer" name="integer_timer_start_and_expire" time="5.053608" timestamp="2012-11-19T18:53:48" log="/home/karl/tmp/otp_tests/logs/megaco_test_logs/ct_run.ct@devbox.2012-11-19_18.26.56/tests.megaco_test.logs/run.2012-11-19_18.27.20/megaco_timer_test.integer_timer_start_and_expire.html"></testcase><testcase group="codec.codec.text.flex_pretty.tickets.flex_compact_tickets.text.flex_pretty.tickets.flex_compact_tickets.text.flex_pretty.tickets.flex_compact_tickets.text.flex_pretty.tickets.flex_compact_tickets.text.flex_pretty.tickets.flex_compact_tickets.text.flex_pretty.timer.integer_timer" name="integer_timer_start_and_stop" time="9.954070" timestamp="2012-11-19T18:53:53" log="/home/karl/tmp/otp_tests/logs/megaco_test_logs/ct_run.ct@devbox.2012-11-19_18.26.56/tests.megaco_test.logs/run.2012-11-19_18.27.20/megaco_timer_test.integer_timer_start_and_stop.html"></testcase><testcase group="codec.codec.text.flex_pretty.tickets.flex_compact_tickets.text.flex_pretty.tickets.flex_compact_tickets.text.flex_pretty.tickets.flex_compact_tickets.text.flex_pretty.tickets.flex_compact_tickets.text.flex_pretty.tickets.flex_compact_tickets.text.flex_pretty.timer.integer_timer" name="end_per_group" time="0.030365" timestamp="2012-11-19T18:54:03" log="/home/karl/tmp/otp_tests/logs/megaco_test_logs/ct_run.ct@devbox.2012-11-19_18.26.56/tests.megaco_test.logs/run.2012-11-19_18.27.20/megaco_timer_test.end_per_group.347643.846.html"></testcase><testcase group="codec.codec.text.flex_pretty.tickets.flex_compact_tickets.text.flex_pretty.tickets.flex_compact_tickets.text.flex_pretty.tickets.flex_compact_tickets.text.flex_pretty.tickets.flex_compact_tickets.text.flex_pretty.tickets.flex_compact_tickets.text.flex_pretty.timer" name="end_per_suite" time="0.032493" timestamp="2012-11-19T18:54:03" log="/home/karl/tmp/otp_tests/logs/megaco_test_logs/ct_run.ct@devbox.2012-11-19_18.26.56/tests.megaco_test.logs/run.2012-11-19_18.27.20/ct_framework.end_per_suite.347643.936.html"></testcase></testsuite><testsuite name="megaco_SUITE" time="0.342645" timestamp="2012-11-19T18:53:47" errors="0" tests="4"><testcase group="codec.codec.text.flex_pretty.tickets.flex_compact_tickets.text.flex_pretty.tickets.flex_compact_tickets.text.flex_pretty.tickets.flex_compact_tickets.text.flex_pretty.tickets.flex_compact_tickets.text.flex_pretty.tickets.flex_compact_tickets.text.flex_pretty.segmented" name="init_per_suite" time="0.044314" timestamp="2012-11-19T18:53:47" log="/home/karl/tmp/otp_tests/logs/megaco_test_logs/ct_run.ct@devbox.2012-11-19_18.26.56/tests.megaco_test.logs/run.2012-11-19_18.27.20/megaco_suite.init_per_suite.347627.759.html"></testcase><testcase group="codec.codec.text.flex_pretty.tickets.flex_compact_tickets.text.flex_pretty.tickets.flex_compact_tickets.text.flex_pretty.tickets.flex_compact_tickets.text.flex_pretty.tickets.flex_compact_tickets.text.flex_pretty.tickets.flex_compact_tickets.text.flex_pretty.segmented" name="end_per_group" time="0.030175" timestamp="2012-11-19T18:53:47" log="/home/karl/tmp/otp_tests/logs/megaco_test_logs/ct_run.ct@devbox.2012-11-19_18.26.56/tests.megaco_test.logs/run.2012-11-19_18.27.20/megaco_suite.end_per_group.347627.984.html"></testcase><testcase group="codec.codec.text.flex_pretty.tickets.flex_compact_tickets.text.flex_pretty.tickets.flex_compact_tickets.text.flex_pretty.tickets.flex_compact_tickets.text.flex_pretty.tickets.flex_compact_tickets.text.flex_pretty.tickets.flex_compact_tickets.text.flex_pretty.timer" name="init_per_group" time="0.021864" timestamp="2012-11-19T18:53:48" log="/home/karl/tmp/otp_tests/logs/megaco_test_logs/ct_run.ct@devbox.2012-11-19_18.26.56/tests.megaco_test.logs/run.2012-11-19_18.27.20/megaco_suite.init_per_group.347628.63.html"></testcase><testcase group="codec.codec.text.flex_pretty.tickets.flex_compact_tickets.text.flex_pretty.tickets.flex_compact_tickets.text.flex_pretty.tickets.flex_compact_tickets.text.flex_pretty.tickets.flex_compact_tickets.text.flex_pretty.tickets.flex_compact_tickets.text.flex_pretty.timer" name="end_per_suite" time="0.026216" timestamp="2012-11-19T18:53:48" log="/home/karl/tmp/otp_tests/logs/megaco_test_logs/ct_run.ct@devbox.2012-11-19_18.26.56/tests.megaco_test.logs/run.2012-11-19_18.27.20/megaco_suite.end_per_suite.347628.135.html"></testcase></testsuite><testsuite name="megaco_segment_test" time="142.954250" timestamp="2012-11-19T18:51:24" errors="1" tests="17"><testcase group="codec.codec.text.flex_pretty.tickets.flex_compact_tickets.text.flex_pretty.tickets.flex_compact_tickets.text.flex_pretty.tickets.flex_compact_tickets.text.flex_pretty.tickets.flex_compact_tickets.text.flex_pretty.tickets.flex_compact_tickets.text.flex_pretty.segmented" name="init_per_suite" time="0.028575" timestamp="2012-11-19T18:51:24" log="/home/karl/tmp/otp_tests/logs/megaco_test_logs/ct_run.ct@devbox.2012-11-19_18.26.56/tests.megaco_test.logs/run.2012-11-19_18.27.20/ct_framework.init_per_suite.347484.919.html"></testcase><testcase group="codec.codec.text.flex_pretty.tickets.flex_compact_tickets.text.flex_pretty.tickets.flex_compact_tickets.text.flex_pretty.tickets.flex_compact_tickets.text.flex_pretty.tickets.flex_compact_tickets.text.flex_pretty.tickets.flex_compact_tickets.text.flex_pretty.segmented.send" name="init_per_group" time="0.027625" timestamp="2012-11-19T18:51:25" log="/home/karl/tmp/otp_tests/logs/megaco_test_logs/ct_run.ct@devbox.2012-11-19_18.26.56/tests.megaco_test.logs/run.2012-11-19_18.27.20/megaco_segment_test.init_per_group.html"></testcase><testcase group="codec.codec.text.flex_pretty.tickets.flex_compact_tickets.text.flex_pretty.tickets.flex_compact_tickets.text.flex_pretty.tickets.flex_compact_tickets.text.flex_pretty.tickets.flex_compact_tickets.text.flex_pretty.tickets.flex_compact_tickets.text.flex_pretty.segmented.send" name="send_segmented_msg_plain1" time="6.200902" timestamp="2012-11-19T18:51:25" log="/home/karl/tmp/otp_tests/logs/megaco_test_logs/ct_run.ct@devbox.2012-11-19_18.26.56/tests.megaco_test.logs/run.2012-11-19_18.27.20/megaco_segment_test.send_segmented_msg_plain1.html"></testcase><testcase group="codec.codec.text.flex_pretty.tickets.flex_compact_tickets.text.flex_pretty.tickets.flex_compact_tickets.text.flex_pretty.tickets.flex_compact_tickets.text.flex_pretty.tickets.flex_compact_tickets.text.flex_pretty.tickets.flex_compact_tickets.text.flex_pretty.segmented.send" name="send_segmented_msg_plain2" time="0.029413" timestamp="2012-11-19T18:51:31" log="/home/karl/tmp/otp_tests/logs/megaco_test_logs/ct_run.ct@devbox.2012-11-19_18.26.56/tests.megaco_test.logs/run.2012-11-19_18.27.20/megaco_segment_test.send_segmented_msg_plain2.html"><skipped type="skip" message="Test send_segmented_msg_plain2 in megaco_segment_test skipped!">{tc_user_skip,{skipped,&quot;Skipping test case megaco_segment_test(714): non_pc_testcase\n&quot;}}</skipped></testcase><testcase group="codec.codec.text.flex_pretty.tickets.flex_compact_tickets.text.flex_pretty.tickets.flex_compact_tickets.text.flex_pretty.tickets.flex_compact_tickets.text.flex_pretty.tickets.flex_compact_tickets.text.flex_pretty.tickets.flex_compact_tickets.text.flex_pretty.segmented.send" name="send_segmented_msg_plain3" time="7.829154" timestamp="2012-11-19T18:51:31" log="/home/karl/tmp/otp_tests/logs/megaco_test_logs/ct_run.ct@devbox.2012-11-19_18.26.56/tests.megaco_test.logs/run.2012-11-19_18.27.20/megaco_segment_test.send_segmented_msg_plain3.html"></testcase><testcase group="codec.codec.text.flex_pretty.tickets.flex_compact_tickets.text.flex_pretty.tickets.flex_compact_tickets.text.flex_pretty.tickets.flex_compact_tickets.text.flex_pretty.tickets.flex_compact_tickets.text.flex_pretty.tickets.flex_compact_tickets.text.flex_pretty.segmented.send" name="send_segmented_msg_plain4" time="15.037364" timestamp="2012-11-19T18:51:39" log="/home/karl/tmp/otp_tests/logs/megaco_test_logs/ct_run.ct@devbox.2012-11-19_18.26.56/tests.megaco_test.logs/run.2012-11-19_18.27.20/megaco_segment_test.send_segmented_msg_plain4.html"></testcase><testcase group="codec.codec.text.flex_pretty.tickets.flex_compact_tickets.text.flex_pretty.tickets.flex_compact_tickets.text.flex_pretty.tickets.flex_compact_tickets.text.flex_pretty.tickets.flex_compact_tickets.text.flex_pretty.tickets.flex_compact_tickets.text.flex_pretty.segmented.send" name="send_segmented_msg_ooo1" time="15.115767" timestamp="2012-11-19T18:51:54" log="/home/karl/tmp/otp_tests/logs/megaco_test_logs/ct_run.ct@devbox.2012-11-19_18.26.56/tests.megaco_test.logs/run.2012-11-19_18.27.20/megaco_segment_test.send_segmented_msg_ooo1.html"></testcase><testcase group="codec.codec.text.flex_pretty.tickets.flex_compact_tickets.text.flex_pretty.tickets.flex_compact_tickets.text.flex_pretty.tickets.flex_compact_tickets.text.flex_pretty.tickets.flex_compact_tickets.text.flex_pretty.tickets.flex_compact_tickets.text.flex_pretty.segmented.send" name="send_segmented_msg_missing_seg_reply1" time="13.603034" timestamp="2012-11-19T18:52:09" log="/home/karl/tmp/otp_tests/logs/megaco_test_logs/ct_run.ct@devbox.2012-11-19_18.26.56/tests.megaco_test.logs/run.2012-11-19_18.27.20/megaco_segment_test.send_segmented_msg_missing_seg_reply1.html"></testcase><testcase group="codec.codec.text.flex_pretty.tickets.flex_compact_tickets.text.flex_pretty.tickets.flex_compact_tickets.text.flex_pretty.tickets.flex_compact_tickets.text.flex_pretty.tickets.flex_compact_tickets.text.flex_pretty.tickets.flex_compact_tickets.text.flex_pretty.segmented.send" name="send_segmented_msg_missing_seg_reply2" time="17.533014" timestamp="2012-11-19T18:52:23" log="/home/karl/tmp/otp_tests/logs/megaco_test_logs/ct_run.ct@devbox.2012-11-19_18.26.56/tests.megaco_test.logs/run.2012-11-19_18.27.20/megaco_segment_test.send_segmented_msg_missing_seg_reply2.html"></testcase><testcase group="codec.codec.text.flex_pretty.tickets.flex_compact_tickets.text.flex_pretty.tickets.flex_compact_tickets.text.flex_pretty.tickets.flex_compact_tickets.text.flex_pretty.tickets.flex_compact_tickets.text.flex_pretty.tickets.flex_compact_tickets.text.flex_pretty.segmented.send" name="end_per_group" time="0.035846" timestamp="2012-11-19T18:52:40" log="/home/karl/tmp/otp_tests/logs/megaco_test_logs/ct_run.ct@devbox.2012-11-19_18.26.56/tests.megaco_test.logs/run.2012-11-19_18.27.20/megaco_segment_test.end_per_group.html"></testcase><testcase group="codec.codec.text.flex_pretty.tickets.flex_compact_tickets.text.flex_pretty.tickets.flex_compact_tickets.text.flex_pretty.tickets.flex_compact_tickets.text.flex_pretty.tickets.flex_compact_tickets.text.flex_pretty.tickets.flex_compact_tickets.text.flex_pretty.segmented.recv" name="init_per_group" time="0.022514" timestamp="2012-11-19T18:52:40" log="/home/karl/tmp/otp_tests/logs/megaco_test_logs/ct_run.ct@devbox.2012-11-19_18.26.56/tests.megaco_test.logs/run.2012-11-19_18.27.20/megaco_segment_test.init_per_group.347560.979.html"></testcase><testcase group="codec.codec.text.flex_pretty.tickets.flex_compact_tickets.text.flex_pretty.tickets.flex_compact_tickets.text.flex_pretty.tickets.flex_compact_tickets.text.flex_pretty.tickets.flex_compact_tickets.text.flex_pretty.tickets.flex_compact_tickets.text.flex_pretty.segmented.recv" name="recv_segmented_msg_plain" time="9.064798" timestamp="2012-11-19T18:52:41" log="/home/karl/tmp/otp_tests/logs/megaco_test_logs/ct_run.ct@devbox.2012-11-19_18.26.56/tests.megaco_test.logs/run.2012-11-19_18.27.20/megaco_segment_test.recv_segmented_msg_plain.html"></testcase><testcase group="codec.codec.text.flex_pretty.tickets.flex_compact_tickets.text.flex_pretty.tickets.flex_compact_tickets.text.flex_pretty.tickets.flex_compact_tickets.text.flex_pretty.tickets.flex_compact_tickets.text.flex_pretty.tickets.flex_compact_tickets.text.flex_pretty.segmented.recv" name="recv_segmented_msg_ooo_seg" time="17.104792" timestamp="2012-11-19T18:52:50" log="/home/karl/tmp/otp_tests/logs/megaco_test_logs/ct_run.ct@devbox.2012-11-19_18.26.56/tests.megaco_test.logs/run.2012-11-19_18.27.20/megaco_segment_test.recv_segmented_msg_ooo_seg.html"></testcase><testcase group="codec.codec.text.flex_pretty.tickets.flex_compact_tickets.text.flex_pretty.tickets.flex_compact_tickets.text.flex_pretty.tickets.flex_compact_tickets.text.flex_pretty.tickets.flex_compact_tickets.text.flex_pretty.tickets.flex_compact_tickets.text.flex_pretty.segmented.recv" name="recv_segmented_msg_missing_seg1" time="20.067324" timestamp="2012-11-19T18:53:07" log="/home/karl/tmp/otp_tests/logs/megaco_test_logs/ct_run.ct@devbox.2012-11-19_18.26.56/tests.megaco_test.logs/run.2012-11-19_18.27.20/megaco_segment_test.recv_segmented_msg_missing_seg1.html"></testcase><testcase group="codec.codec.text.flex_pretty.tickets.flex_compact_tickets.text.flex_pretty.tickets.flex_compact_tickets.text.flex_pretty.tickets.flex_compact_tickets.text.flex_pretty.tickets.flex_compact_tickets.text.flex_pretty.tickets.flex_compact_tickets.text.flex_pretty.segmented.recv" name="recv_segmented_msg_missing_seg2" time="20.038531" timestamp="2012-11-19T18:53:27" log="/home/karl/tmp/otp_tests/logs/megaco_test_logs/ct_run.ct@devbox.2012-11-19_18.26.56/tests.megaco_test.logs/run.2012-11-19_18.27.20/megaco_segment_test.recv_segmented_msg_missing_seg2.html"></testcase><testcase group="codec.codec.text.flex_pretty.tickets.flex_compact_tickets.text.flex_pretty.tickets.flex_compact_tickets.text.flex_pretty.tickets.flex_compact_tickets.text.flex_pretty.tickets.flex_compact_tickets.text.flex_pretty.tickets.flex_compact_tickets.text.flex_pretty.segmented.recv" name="end_per_group" time="0.040874" timestamp="2012-11-19T18:53:47" log="/home/karl/tmp/otp_tests/logs/megaco_test_logs/ct_run.ct@devbox.2012-11-19_18.26.56/tests.megaco_test.logs/run.2012-11-19_18.27.20/megaco_segment_test.end_per_group.347627.586.html"></testcase><testcase group="codec.codec.text.flex_pretty.tickets.flex_compact_tickets.text.flex_pretty.tickets.flex_compact_tickets.text.flex_pretty.tickets.flex_compact_tickets.text.flex_pretty.tickets.flex_compact_tickets.text.flex_pretty.tickets.flex_compact_tickets.text.flex_pretty.segmented" name="end_per_suite" time="0.027500" timestamp="2012-11-19T18:53:47" log="/home/karl/tmp/otp_tests/logs/megaco_test_logs/ct_run.ct@devbox.2012-11-19_18.26.56/tests.megaco_test.logs/run.2012-11-19_18.27.20/ct_framework.end_per_suite.347627.680.html"></testcase></testsuite><testsuite name="megaco_SUITE" time="0.342852" timestamp="2012-11-19T18:51:24" errors="0" tests="4"><testcase group="codec.codec.text.flex_pretty.tickets.flex_compact_tickets.text.flex_pretty.tickets.flex_compact_tickets.text.flex_pretty.tickets.flex_compact_tickets.text.flex_pretty.tickets.flex_compact_tickets.text.flex_pretty.tickets.flex_compact_tickets.text.flex_pretty.pending_limit" name="init_per_suite" time="0.048697" timestamp="2012-11-19T18:51:24" log="/home/karl/tmp/otp_tests/logs/megaco_test_logs/ct_run.ct@devbox.2012-11-19_18.26.56/tests.megaco_test.logs/run.2012-11-19_18.27.20/megaco_suite.init_per_suite.347484.474.html"></testcase><testcase group="codec.codec.text.flex_pretty.tickets.flex_compact_tickets.text.flex_pretty.tickets.flex_compact_tickets.text.flex_pretty.tickets.flex_compact_tickets.text.flex_pretty.tickets.flex_compact_tickets.text.flex_pretty.tickets.flex_compact_tickets.text.flex_pretty.pending_limit" name="end_per_group" time="0.020060" timestamp="2012-11-19T18:51:24" log="/home/karl/tmp/otp_tests/logs/megaco_test_logs/ct_run.ct@devbox.2012-11-19_18.26.56/tests.megaco_test.logs/run.2012-11-19_18.27.20/megaco_suite.end_per_group.347484.693.html"></testcase><testcase group="codec.codec.text.flex_pretty.tickets.flex_compact_tickets.text.flex_pretty.tickets.flex_compact_tickets.text.flex_pretty.tickets.flex_compact_tickets.text.flex_pretty.tickets.flex_compact_tickets.text.flex_pretty.tickets.flex_compact_tickets.text.flex_pretty.segmented" name="init_per_group" time="0.024800" timestamp="2012-11-19T18:51:24" log="/home/karl/tmp/otp_tests/logs/megaco_test_logs/ct_run.ct@devbox.2012-11-19_18.26.56/tests.megaco_test.logs/run.2012-11-19_18.27.20/megaco_suite.init_per_group.347484.761.html"></testcase><testcase group="codec.codec.text.flex_pretty.tickets.flex_compact_tickets.text.flex_pretty.tickets.flex_compact_tickets.text.flex_pretty.tickets.flex_compact_tickets.text.flex_pretty.tickets.flex_compact_tickets.text.flex_pretty.tickets.flex_compact_tickets.text.flex_pretty.segmented" name="end_per_suite" time="0.028672" timestamp="2012-11-19T18:51:24" log="/home/karl/tmp/otp_tests/logs/megaco_test_logs/ct_run.ct@devbox.2012-11-19_18.26.56/tests.megaco_test.logs/run.2012-11-19_18.27.20/megaco_suite.end_per_suite.347484.840.html"></testcase></testsuite><testsuite name="megaco_pending_limit_test" time="109.083336" timestamp="2012-11-19T18:49:35" errors="4" tests="19"><testcase group="codec.codec.text.flex_pretty.tickets.flex_compact_tickets.text.flex_pretty.tickets.flex_compact_tickets.text.flex_pretty.tickets.flex_compact_tickets.text.flex_pretty.tickets.flex_compact_tickets.text.flex_pretty.tickets.flex_compact_tickets.text.flex_pretty.pending_limit" name="init_per_suite" time="0.035213" timestamp="2012-11-19T18:49:35" log="/home/karl/tmp/otp_tests/logs/megaco_test_logs/ct_run.ct@devbox.2012-11-19_18.26.56/tests.megaco_test.logs/run.2012-11-19_18.27.20/ct_framework.init_per_suite.347375.494.html"></testcase><testcase group="codec.codec.text.flex_pretty.tickets.flex_compact_tickets.text.flex_pretty.tickets.flex_compact_tickets.text.flex_pretty.tickets.flex_compact_tickets.text.flex_pretty.tickets.flex_compact_tickets.text.flex_pretty.tickets.flex_compact_tickets.text.flex_pretty.pending_limit.sent" name="init_per_group" time="0.025462" timestamp="2012-11-19T18:49:35" log="/home/karl/tmp/otp_tests/logs/megaco_test_logs/ct_run.ct@devbox.2012-11-19_18.26.56/tests.megaco_test.logs/run.2012-11-19_18.27.20/megaco_pending_limit_test.init_per_group.html"></testcase><testcase group="codec.codec.text.flex_pretty.tickets.flex_compact_tickets.text.flex_pretty.tickets.flex_compact_tickets.text.flex_pretty.tickets.flex_compact_tickets.text.flex_pretty.tickets.flex_compact_tickets.text.flex_pretty.tickets.flex_compact_tickets.text.flex_pretty.pending_limit.sent" name="sent_timer_late_reply" time="11.964344" timestamp="2012-11-19T18:49:35" log="/home/karl/tmp/otp_tests/logs/megaco_test_logs/ct_run.ct@devbox.2012-11-19_18.26.56/tests.megaco_test.logs/run.2012-11-19_18.27.20/megaco_pending_limit_test.sent_timer_late_reply.html"></testcase><testcase group="codec.codec.text.flex_pretty.tickets.flex_compact_tickets.text.flex_pretty.tickets.flex_compact_tickets.text.flex_pretty.tickets.flex_compact_tickets.text.flex_pretty.tickets.flex_compact_tickets.text.flex_pretty.tickets.flex_compact_tickets.text.flex_pretty.pending_limit.sent" name="sent_timer_exceeded" time="36.016203" timestamp="2012-11-19T18:49:47" log="/home/karl/tmp/otp_tests/logs/megaco_test_logs/ct_run.ct@devbox.2012-11-19_18.26.56/tests.megaco_test.logs/run.2012-11-19_18.27.20/megaco_pending_limit_test.sent_timer_exceeded.html"></testcase><testcase group="codec.codec.text.flex_pretty.tickets.flex_compact_tickets.text.flex_pretty.tickets.flex_compact_tickets.text.flex_pretty.tickets.flex_compact_tickets.text.flex_pretty.tickets.flex_compact_tickets.text.flex_pretty.tickets.flex_compact_tickets.text.flex_pretty.pending_limit.sent" name="sent_timer_exceeded_long" time="25.985459" timestamp="2012-11-19T18:50:23" log="/home/karl/tmp/otp_tests/logs/megaco_test_logs/ct_run.ct@devbox.2012-11-19_18.26.56/tests.megaco_test.logs/run.2012-11-19_18.27.20/megaco_pending_limit_test.sent_timer_exceeded_long.html"></testcase><testcase group="codec.codec.text.flex_pretty.tickets.flex_compact_tickets.text.flex_pretty.tickets.flex_compact_tickets.text.flex_pretty.tickets.flex_compact_tickets.text.flex_pretty.tickets.flex_compact_tickets.text.flex_pretty.tickets.flex_compact_tickets.text.flex_pretty.pending_limit.sent" name="sent_resend_late_reply" time="0.029520" timestamp="2012-11-19T18:50:49" log="/home/karl/tmp/otp_tests/logs/megaco_test_logs/ct_run.ct@devbox.2012-11-19_18.26.56/tests.megaco_test.logs/run.2012-11-19_18.27.20/megaco_pending_limit_test.sent_resend_late_reply.html"><skipped type="skip" message="Test sent_resend_late_reply in megaco_pending_limit_test skipped!">{tc_user_skip,{skipped,&quot;Skipping test case megaco_pending_limit_test(478): \&quot;included only if compiled with USE_MEGACO_TEST_CODE=true\&quot;\n&quot;}}</skipped></testcase><testcase group="codec.codec.text.flex_pretty.tickets.flex_compact_tickets.text.flex_pretty.tickets.flex_compact_tickets.text.flex_pretty.tickets.flex_compact_tickets.text.flex_pretty.tickets.flex_compact_tickets.text.flex_pretty.tickets.flex_compact_tickets.text.flex_pretty.pending_limit.sent" name="sent_resend_exceeded" time="0.030038" timestamp="2012-11-19T18:50:49" log="/home/karl/tmp/otp_tests/logs/megaco_test_logs/ct_run.ct@devbox.2012-11-19_18.26.56/tests.megaco_test.logs/run.2012-11-19_18.27.20/megaco_pending_limit_test.sent_resend_exceeded.html"><skipped type="skip" message="Test sent_resend_exceeded in megaco_pending_limit_test skipped!">{tc_user_skip,{skipped,&quot;Skipping test case megaco_pending_limit_test(574): \&quot;included only if compiled with USE_MEGACO_TEST_CODE=true\&quot;\n&quot;}}</skipped></testcase><testcase group="codec.codec.text.flex_pretty.tickets.flex_compact_tickets.text.flex_pretty.tickets.flex_compact_tickets.text.flex_pretty.tickets.flex_compact_tickets.text.flex_pretty.tickets.flex_compact_tickets.text.flex_pretty.tickets.flex_compact_tickets.text.flex_pretty.pending_limit.sent" name="sent_resend_exceeded_long" time="0.031682" timestamp="2012-11-19T18:50:50" log="/home/karl/tmp/otp_tests/logs/megaco_test_logs/ct_run.ct@devbox.2012-11-19_18.26.56/tests.megaco_test.logs/run.2012-11-19_18.27.20/megaco_pending_limit_test.sent_resend_exceeded_long.html"><skipped type="skip" message="Test sent_resend_exceeded_long in megaco_pending_limit_test skipped!">{tc_user_skip,{skipped,&quot;Skipping test case megaco_pending_limit_test(670): \&quot;included only if compiled with USE_MEGACO_TEST_CODE=true\&quot;\n&quot;}}</skipped></testcase><testcase group="codec.codec.text.flex_pretty.tickets.flex_compact_tickets.text.flex_pretty.tickets.flex_compact_tickets.text.flex_pretty.tickets.flex_compact_tickets.text.flex_pretty.tickets.flex_compact_tickets.text.flex_pretty.tickets.flex_compact_tickets.text.flex_pretty.pending_limit.sent" name="end_per_group" time="0.026760" timestamp="2012-11-19T18:50:50" log="/home/karl/tmp/otp_tests/logs/megaco_test_logs/ct_run.ct@devbox.2012-11-19_18.26.56/tests.megaco_test.logs/run.2012-11-19_18.27.20/megaco_pending_limit_test.end_per_group.html"></testcase><testcase group="codec.codec.text.flex_pretty.tickets.flex_compact_tickets.text.flex_pretty.tickets.flex_compact_tickets.text.flex_pretty.tickets.flex_compact_tickets.text.flex_pretty.tickets.flex_compact_tickets.text.flex_pretty.tickets.flex_compact_tickets.text.flex_pretty.pending_limit.recv" name="init_per_group" time="0.030509" timestamp="2012-11-19T18:50:50" log="/home/karl/tmp/otp_tests/logs/megaco_test_logs/ct_run.ct@devbox.2012-11-19_18.26.56/tests.megaco_test.logs/run.2012-11-19_18.27.20/megaco_pending_limit_test.init_per_group.347450.322.html"></testcase><testcase group="codec.codec.text.flex_pretty.tickets.flex_compact_tickets.text.flex_pretty.tickets.flex_compact_tickets.text.flex_pretty.tickets.flex_compact_tickets.text.flex_pretty.tickets.flex_compact_tickets.text.flex_pretty.tickets.flex_compact_tickets.text.flex_pretty.pending_limit.recv" name="recv_limit_exceeded1" time="7.431615" timestamp="2012-11-19T18:50:50" log="/home/karl/tmp/otp_tests/logs/megaco_test_logs/ct_run.ct@devbox.2012-11-19_18.26.56/tests.megaco_test.logs/run.2012-11-19_18.27.20/megaco_pending_limit_test.recv_limit_exceeded1.html"></testcase><testcase group="codec.codec.text.flex_pretty.tickets.flex_compact_tickets.text.flex_pretty.tickets.flex_compact_tickets.text.flex_pretty.tickets.flex_compact_tickets.text.flex_pretty.tickets.flex_compact_tickets.text.flex_pretty.tickets.flex_compact_tickets.text.flex_pretty.pending_limit.recv" name="recv_limit_exceeded2" time="0.026991" timestamp="2012-11-19T18:50:57" log="/home/karl/tmp/otp_tests/logs/megaco_test_logs/ct_run.ct@devbox.2012-11-19_18.26.56/tests.megaco_test.logs/run.2012-11-19_18.27.20/megaco_pending_limit_test.recv_limit_exceeded2.html"><skipped type="skip" message="Test recv_limit_exceeded2 in megaco_pending_limit_test skipped!">{tc_user_skip,{skipped,&quot;Skipping test case megaco_pending_limit_test(1074): not_yet_implemented\n&quot;}}</skipped></testcase><testcase group="codec.codec.text.flex_pretty.tickets.flex_compact_tickets.text.flex_pretty.tickets.flex_compact_tickets.text.flex_pretty.tickets.flex_compact_tickets.text.flex_pretty.tickets.flex_compact_tickets.text.flex_pretty.tickets.flex_compact_tickets.text.flex_pretty.pending_limit.recv" name="end_per_group" time="0.026523" timestamp="2012-11-19T18:50:58" log="/home/karl/tmp/otp_tests/logs/megaco_test_logs/ct_run.ct@devbox.2012-11-19_18.26.56/tests.megaco_test.logs/run.2012-11-19_18.27.20/megaco_pending_limit_test.end_per_group.347458.19.html"></testcase><testcase group="codec.codec.text.flex_pretty.tickets.flex_compact_tickets.text.flex_pretty.tickets.flex_compact_tickets.text.flex_pretty.tickets.flex_compact_tickets.text.flex_pretty.tickets.flex_compact_tickets.text.flex_pretty.tickets.flex_compact_tickets.text.flex_pretty.pending_limit.tickets" name="init_per_group" time="0.026524" timestamp="2012-11-19T18:50:58" log="/home/karl/tmp/otp_tests/logs/megaco_test_logs/ct_run.ct@devbox.2012-11-19_18.26.56/tests.megaco_test.logs/run.2012-11-19_18.27.20/megaco_pending_limit_test.init_per_group.347458.102.html"></testcase><testcase group="codec.codec.text.flex_pretty.tickets.flex_compact_tickets.text.flex_pretty.tickets.flex_compact_tickets.text.flex_pretty.tickets.flex_compact_tickets.text.flex_pretty.tickets.flex_compact_tickets.text.flex_pretty.tickets.flex_compact_tickets.text.flex_pretty.pending_limit.tickets" name="otp_4956" time="16.025343" timestamp="2012-11-19T18:50:58" log="/home/karl/tmp/otp_tests/logs/megaco_test_logs/ct_run.ct@devbox.2012-11-19_18.26.56/tests.megaco_test.logs/run.2012-11-19_18.27.20/megaco_pending_limit_test.otp_4956.html"></testcase><testcase group="codec.codec.text.flex_pretty.tickets.flex_compact_tickets.text.flex_pretty.tickets.flex_compact_tickets.text.flex_pretty.tickets.flex_compact_tickets.text.flex_pretty.tickets.flex_compact_tickets.text.flex_pretty.tickets.flex_compact_tickets.text.flex_pretty.pending_limit.tickets" name="otp_5310" time="4.928848" timestamp="2012-11-19T18:51:14" log="/home/karl/tmp/otp_tests/logs/megaco_test_logs/ct_run.ct@devbox.2012-11-19_18.26.56/tests.megaco_test.logs/run.2012-11-19_18.27.20/megaco_pending_limit_test.otp_5310.html"></testcase><testcase group="codec.codec.text.flex_pretty.tickets.flex_compact_tickets.text.flex_pretty.tickets.flex_compact_tickets.text.flex_pretty.tickets.flex_compact_tickets.text.flex_pretty.tickets.flex_compact_tickets.text.flex_pretty.tickets.flex_compact_tickets.text.flex_pretty.pending_limit.tickets" name="otp_5619" time="4.991881" timestamp="2012-11-19T18:51:19" log="/home/karl/tmp/otp_tests/logs/megaco_test_logs/ct_run.ct@devbox.2012-11-19_18.26.56/tests.megaco_test.logs/run.2012-11-19_18.27.20/megaco_pending_limit_test.otp_5619.html"></testcase><testcase group="codec.codec.text.flex_pretty.tickets.flex_compact_tickets.text.flex_pretty.tickets.flex_compact_tickets.text.flex_pretty.tickets.flex_compact_tickets.text.flex_pretty.tickets.flex_compact_tickets.text.flex_pretty.tickets.flex_compact_tickets.text.flex_pretty.pending_limit.tickets" name="end_per_group" time="0.031119" timestamp="2012-11-19T18:51:24" log="/home/karl/tmp/otp_tests/logs/megaco_test_logs/ct_run.ct@devbox.2012-11-19_18.26.56/tests.megaco_test.logs/run.2012-11-19_18.27.20/megaco_pending_limit_test.end_per_group.347484.309.html"></testcase><testcase group="codec.codec.text.flex_pretty.tickets.flex_compact_tickets.text.flex_pretty.tickets.flex_compact_tickets.text.flex_pretty.tickets.flex_compact_tickets.text.flex_pretty.tickets.flex_compact_tickets.text.flex_pretty.tickets.flex_compact_tickets.text.flex_pretty.pending_limit" name="end_per_suite" time="0.024902" timestamp="2012-11-19T18:51:24" log="/home/karl/tmp/otp_tests/logs/megaco_test_logs/ct_run.ct@devbox.2012-11-19_18.26.56/tests.megaco_test.logs/run.2012-11-19_18.27.20/ct_framework.end_per_suite.347484.392.html"></testcase></testsuite><testsuite name="megaco_SUITE" time="0.351376" timestamp="2012-11-19T18:49:35" errors="0" tests="4"><testcase group="codec.codec.text.flex_pretty.tickets.flex_compact_tickets.text.flex_pretty.tickets.flex_compact_tickets.text.flex_pretty.tickets.flex_compact_tickets.text.flex_pretty.tickets.flex_compact_tickets.text.flex_pretty.tickets.flex_compact_tickets.text.flex_pretty.load" name="init_per_suite" time="0.048113" timestamp="2012-11-19T18:49:35" log="/home/karl/tmp/otp_tests/logs/megaco_test_logs/ct_run.ct@devbox.2012-11-19_18.26.56/tests.megaco_test.logs/run.2012-11-19_18.27.20/megaco_suite.init_per_suite.347375.29.html"></testcase><testcase group="codec.codec.text.flex_pretty.tickets.flex_compact_tickets.text.flex_pretty.tickets.flex_compact_tickets.text.flex_pretty.tickets.flex_compact_tickets.text.flex_pretty.tickets.flex_compact_tickets.text.flex_pretty.tickets.flex_compact_tickets.text.flex_pretty.load" name="end_per_group" time="0.033136" timestamp="2012-11-19T18:49:35" log="/home/karl/tmp/otp_tests/logs/megaco_test_logs/ct_run.ct@devbox.2012-11-19_18.26.56/tests.megaco_test.logs/run.2012-11-19_18.27.20/megaco_suite.end_per_group.347375.258.html"></testcase><testcase group="codec.codec.text.flex_pretty.tickets.flex_compact_tickets.text.flex_pretty.tickets.flex_compact_tickets.text.flex_pretty.tickets.flex_compact_tickets.text.flex_pretty.tickets.flex_compact_tickets.text.flex_pretty.tickets.flex_compact_tickets.text.flex_pretty.pending_limit" name="init_per_group" time="0.020597" timestamp="2012-11-19T18:49:35" log="/home/karl/tmp/otp_tests/logs/megaco_test_logs/ct_run.ct@devbox.2012-11-19_18.26.56/tests.megaco_test.logs/run.2012-11-19_18.27.20/megaco_suite.init_per_group.347375.342.html"></testcase><testcase group="codec.codec.text.flex_pretty.tickets.flex_compact_tickets.text.flex_pretty.tickets.flex_compact_tickets.text.flex_pretty.tickets.flex_compact_tickets.text.flex_pretty.tickets.flex_compact_tickets.text.flex_pretty.tickets.flex_compact_tickets.text.flex_pretty.pending_limit" name="end_per_suite" time="0.024994" timestamp="2012-11-19T18:49:35" log="/home/karl/tmp/otp_tests/logs/megaco_test_logs/ct_run.ct@devbox.2012-11-19_18.26.56/tests.megaco_test.logs/run.2012-11-19_18.27.20/megaco_suite.end_per_suite.347375.412.html"></testcase></testsuite><testsuite name="megaco_load_test" time="134.417181" timestamp="2012-11-19T18:47:20" errors="0" tests="10"><testcase group="codec.codec.text.flex_pretty.tickets.flex_compact_tickets.text.flex_pretty.tickets.flex_compact_tickets.text.flex_pretty.tickets.flex_compact_tickets.text.flex_pretty.tickets.flex_compact_tickets.text.flex_pretty.tickets.flex_compact_tickets.text.flex_pretty.load" name="init_per_suite" time="0.026502" timestamp="2012-11-19T18:47:20" log="/home/karl/tmp/otp_tests/logs/megaco_test_logs/ct_run.ct@devbox.2012-11-19_18.26.56/tests.megaco_test.logs/run.2012-11-19_18.27.20/ct_framework.init_per_suite.347240.729.html"></testcase><testcase group="codec.codec.text.flex_pretty.tickets.flex_compact_tickets.text.flex_pretty.tickets.flex_compact_tickets.text.flex_pretty.tickets.flex_compact_tickets.text.flex_pretty.tickets.flex_compact_tickets.text.flex_pretty.tickets.flex_compact_tickets.text.flex_pretty.load" name="single_user_light_load" time="5.974806" timestamp="2012-11-19T18:47:20" log="/home/karl/tmp/otp_tests/logs/megaco_test_logs/ct_run.ct@devbox.2012-11-19_18.26.56/tests.megaco_test.logs/run.2012-11-19_18.27.20/megaco_load_test.single_user_light_load.html"></testcase><testcase group="codec.codec.text.flex_pretty.tickets.flex_compact_tickets.text.flex_pretty.tickets.flex_compact_tickets.text.flex_pretty.tickets.flex_compact_tickets.text.flex_pretty.tickets.flex_compact_tickets.text.flex_pretty.tickets.flex_compact_tickets.text.flex_pretty.load" name="single_user_medium_load" time="10.352429" timestamp="2012-11-19T18:47:26" log="/home/karl/tmp/otp_tests/logs/megaco_test_logs/ct_run.ct@devbox.2012-11-19_18.26.56/tests.megaco_test.logs/run.2012-11-19_18.27.20/megaco_load_test.single_user_medium_load.html"></testcase><testcase group="codec.codec.text.flex_pretty.tickets.flex_compact_tickets.text.flex_pretty.tickets.flex_compact_tickets.text.flex_pretty.tickets.flex_compact_tickets.text.flex_pretty.tickets.flex_compact_tickets.text.flex_pretty.tickets.flex_compact_tickets.text.flex_pretty.load" name="single_user_heavy_load" time="13.654114" timestamp="2012-11-19T18:47:37" log="/home/karl/tmp/otp_tests/logs/megaco_test_logs/ct_run.ct@devbox.2012-11-19_18.26.56/tests.megaco_test.logs/run.2012-11-19_18.27.20/megaco_load_test.single_user_heavy_load.html"></testcase><testcase group="codec.codec.text.flex_pretty.tickets.flex_compact_tickets.text.flex_pretty.tickets.flex_compact_tickets.text.flex_pretty.tickets.flex_compact_tickets.text.flex_pretty.tickets.flex_compact_tickets.text.flex_pretty.tickets.flex_compact_tickets.text.flex_pretty.load" name="single_user_extreme_load" time="39.733615" timestamp="2012-11-19T18:47:50" log="/home/karl/tmp/otp_tests/logs/megaco_test_logs/ct_run.ct@devbox.2012-11-19_18.26.56/tests.megaco_test.logs/run.2012-11-19_18.27.20/megaco_load_test.single_user_extreme_load.html"></testcase><testcase group="codec.codec.text.flex_pretty.tickets.flex_compact_tickets.text.flex_pretty.tickets.flex_compact_tickets.text.flex_pretty.tickets.flex_compact_tickets.text.flex_pretty.tickets.flex_compact_tickets.text.flex_pretty.tickets.flex_compact_tickets.text.flex_pretty.load" name="multi_user_light_load" time="5.032095" timestamp="2012-11-19T18:48:30" log="/home/karl/tmp/otp_tests/logs/megaco_test_logs/ct_run.ct@devbox.2012-11-19_18.26.56/tests.megaco_test.logs/run.2012-11-19_18.27.20/megaco_load_test.multi_user_light_load.html"></testcase><testcase group="codec.codec.text.flex_pretty.tickets.flex_compact_tickets.text.flex_pretty.tickets.flex_compact_tickets.text.flex_pretty.tickets.flex_compact_tickets.text.flex_pretty.tickets.flex_compact_tickets.text.flex_pretty.tickets.flex_compact_tickets.text.flex_pretty.load" name="multi_user_medium_load" time="11.155154" timestamp="2012-11-19T18:48:35" log="/home/karl/tmp/otp_tests/logs/megaco_test_logs/ct_run.ct@devbox.2012-11-19_18.26.56/tests.megaco_test.logs/run.2012-11-19_18.27.20/megaco_load_test.multi_user_medium_load.html"></testcase><testcase group="codec.codec.text.flex_pretty.tickets.flex_compact_tickets.text.flex_pretty.tickets.flex_compact_tickets.text.flex_pretty.tickets.flex_compact_tickets.text.flex_pretty.tickets.flex_compact_tickets.text.flex_pretty.tickets.flex_compact_tickets.text.flex_pretty.load" name="multi_user_heavy_load" time="19.645267" timestamp="2012-11-19T18:48:47" log="/home/karl/tmp/otp_tests/logs/megaco_test_logs/ct_run.ct@devbox.2012-11-19_18.26.56/tests.megaco_test.logs/run.2012-11-19_18.27.20/megaco_load_test.multi_user_heavy_load.html"></testcase><testcase group="codec.codec.text.flex_pretty.tickets.flex_compact_tickets.text.flex_pretty.tickets.flex_compact_tickets.text.flex_pretty.tickets.flex_compact_tickets.text.flex_pretty.tickets.flex_compact_tickets.text.flex_pretty.tickets.flex_compact_tickets.text.flex_pretty.load" name="multi_user_extreme_load" time="28.159375" timestamp="2012-11-19T18:49:06" log="/home/karl/tmp/otp_tests/logs/megaco_test_logs/ct_run.ct@devbox.2012-11-19_18.26.56/tests.megaco_test.logs/run.2012-11-19_18.27.20/megaco_load_test.multi_user_extreme_load.html"></testcase><testcase group="codec.codec.text.flex_pretty.tickets.flex_compact_tickets.text.flex_pretty.tickets.flex_compact_tickets.text.flex_pretty.tickets.flex_compact_tickets.text.flex_pretty.tickets.flex_compact_tickets.text.flex_pretty.tickets.flex_compact_tickets.text.flex_pretty.load" name="end_per_suite" time="0.027598" timestamp="2012-11-19T18:49:34" log="/home/karl/tmp/otp_tests/logs/megaco_test_logs/ct_run.ct@devbox.2012-11-19_18.26.56/tests.megaco_test.logs/run.2012-11-19_18.27.20/ct_framework.end_per_suite.347374.951.html"></testcase></testsuite><testsuite name="megaco_SUITE" time="0.360809" timestamp="2012-11-19T18:47:20" errors="0" tests="4"><testcase group="codec.codec.text.flex_pretty.tickets.flex_compact_tickets.text.flex_pretty.tickets.flex_compact_tickets.text.flex_pretty.tickets.flex_compact_tickets.text.flex_pretty.tickets.flex_compact_tickets.text.flex_pretty.tickets.flex_compact_tickets.text.flex_pretty.actions" name="init_per_suite" time="0.058848" timestamp="2012-11-19T18:47:20" log="/home/karl/tmp/otp_tests/logs/megaco_test_logs/ct_run.ct@devbox.2012-11-19_18.26.56/tests.megaco_test.logs/run.2012-11-19_18.27.20/megaco_suite.init_per_suite.347240.258.html"></testcase><testcase group="codec.codec.text.flex_pretty.tickets.flex_compact_tickets.text.flex_pretty.tickets.flex_compact_tickets.text.flex_pretty.tickets.flex_compact_tickets.text.flex_pretty.tickets.flex_compact_tickets.text.flex_pretty.tickets.flex_compact_tickets.text.flex_pretty.actions" name="end_per_group" time="0.034515" timestamp="2012-11-19T18:47:20" log="/home/karl/tmp/otp_tests/logs/megaco_test_logs/ct_run.ct@devbox.2012-11-19_18.26.56/tests.megaco_test.logs/run.2012-11-19_18.27.20/megaco_suite.end_per_group.347240.490.html"></testcase><testcase group="codec.codec.text.flex_pretty.tickets.flex_compact_tickets.text.flex_pretty.tickets.flex_compact_tickets.text.flex_pretty.tickets.flex_compact_tickets.text.flex_pretty.tickets.flex_compact_tickets.text.flex_pretty.tickets.flex_compact_tickets.text.flex_pretty.load" name="init_per_group" time="0.024214" timestamp="2012-11-19T18:47:20" log="/home/karl/tmp/otp_tests/logs/megaco_test_logs/ct_run.ct@devbox.2012-11-19_18.26.56/tests.megaco_test.logs/run.2012-11-19_18.27.20/megaco_suite.init_per_group.347240.574.html"></testcase><testcase group="codec.codec.text.flex_pretty.tickets.flex_compact_tickets.text.flex_pretty.tickets.flex_compact_tickets.text.flex_pretty.tickets.flex_compact_tickets.text.flex_pretty.tickets.flex_compact_tickets.text.flex_pretty.tickets.flex_compact_tickets.text.flex_pretty.load" name="end_per_suite" time="0.028893" timestamp="2012-11-19T18:47:20" log="/home/karl/tmp/otp_tests/logs/megaco_test_logs/ct_run.ct@devbox.2012-11-19_18.26.56/tests.megaco_test.logs/run.2012-11-19_18.27.20/megaco_suite.end_per_suite.347240.653.html"></testcase></testsuite><testsuite name="megaco_actions_test" time="28.317898" timestamp="2012-11-19T18:46:52" errors="6" tests="12"><testcase group="codec.codec.text.flex_pretty.tickets.flex_compact_tickets.text.flex_pretty.tickets.flex_compact_tickets.text.flex_pretty.tickets.flex_compact_tickets.text.flex_pretty.tickets.flex_compact_tickets.text.flex_pretty.tickets.flex_compact_tickets.text.flex_pretty.actions" name="init_per_suite" time="0.033817" timestamp="2012-11-19T18:46:52" log="/home/karl/tmp/otp_tests/logs/megaco_test_logs/ct_run.ct@devbox.2012-11-19_18.26.56/tests.megaco_test.logs/run.2012-11-19_18.27.20/ct_framework.init_per_suite.347212.47.html"></testcase><testcase group="codec.codec.text.flex_pretty.tickets.flex_compact_tickets.text.flex_pretty.tickets.flex_compact_tickets.text.flex_pretty.tickets.flex_compact_tickets.text.flex_pretty.tickets.flex_compact_tickets.text.flex_pretty.tickets.flex_compact_tickets.text.flex_pretty.actions" name="pretty_text" time="6.761817" timestamp="2012-11-19T18:46:52" log="/home/karl/tmp/otp_tests/logs/megaco_test_logs/ct_run.ct@devbox.2012-11-19_18.26.56/tests.megaco_test.logs/run.2012-11-19_18.27.20/megaco_actions_test.pretty_text.html"></testcase><testcase group="codec.codec.text.flex_pretty.tickets.flex_compact_tickets.text.flex_pretty.tickets.flex_compact_tickets.text.flex_pretty.tickets.flex_compact_tickets.text.flex_pretty.tickets.flex_compact_tickets.text.flex_pretty.tickets.flex_compact_tickets.text.flex_pretty.actions" name="flex_pretty_text" time="0.026365" timestamp="2012-11-19T18:46:58" log="/home/karl/tmp/otp_tests/logs/megaco_test_logs/ct_run.ct@devbox.2012-11-19_18.26.56/tests.megaco_test.logs/run.2012-11-19_18.27.20/megaco_actions_test.flex_pretty_text.html"><skipped type="skip" message="Test flex_pretty_text in megaco_actions_test skipped!">{tc_user_skip,{skipped,&quot;Skipping test case megaco_actions_test(117): not_implemented_yet\n&quot;}}</skipped></testcase><testcase group="codec.codec.text.flex_pretty.tickets.flex_compact_tickets.text.flex_pretty.tickets.flex_compact_tickets.text.flex_pretty.tickets.flex_compact_tickets.text.flex_pretty.tickets.flex_compact_tickets.text.flex_pretty.tickets.flex_compact_tickets.text.flex_pretty.actions" name="compact_text" time="6.772582" timestamp="2012-11-19T18:46:59" log="/home/karl/tmp/otp_tests/logs/megaco_test_logs/ct_run.ct@devbox.2012-11-19_18.26.56/tests.megaco_test.logs/run.2012-11-19_18.27.20/megaco_actions_test.compact_text.html"></testcase><testcase group="codec.codec.text.flex_pretty.tickets.flex_compact_tickets.text.flex_pretty.tickets.flex_compact_tickets.text.flex_pretty.tickets.flex_compact_tickets.text.flex_pretty.tickets.flex_compact_tickets.text.flex_pretty.tickets.flex_compact_tickets.text.flex_pretty.actions" name="flex_compact_text" time="0.036560" timestamp="2012-11-19T18:47:05" log="/home/karl/tmp/otp_tests/logs/megaco_test_logs/ct_run.ct@devbox.2012-11-19_18.26.56/tests.megaco_test.logs/run.2012-11-19_18.27.20/megaco_actions_test.flex_compact_text.html"><skipped type="skip" message="Test flex_compact_text in megaco_actions_test skipped!">{tc_user_skip,{skipped,&quot;Skipping test case megaco_actions_test(140): not_implemented_yet\n&quot;}}</skipped></testcase><testcase group="codec.codec.text.flex_pretty.tickets.flex_compact_tickets.text.flex_pretty.tickets.flex_compact_tickets.text.flex_pretty.tickets.flex_compact_tickets.text.flex_pretty.tickets.flex_compact_tickets.text.flex_pretty.tickets.flex_compact_tickets.text.flex_pretty.actions" name="erl_dist" time="6.676949" timestamp="2012-11-19T18:47:06" log="/home/karl/tmp/otp_tests/logs/megaco_test_logs/ct_run.ct@devbox.2012-11-19_18.26.56/tests.megaco_test.logs/run.2012-11-19_18.27.20/megaco_actions_test.erl_dist.html"></testcase><testcase group="codec.codec.text.flex_pretty.tickets.flex_compact_tickets.text.flex_pretty.tickets.flex_compact_tickets.text.flex_pretty.tickets.flex_compact_tickets.text.flex_pretty.tickets.flex_compact_tickets.text.flex_pretty.tickets.flex_compact_tickets.text.flex_pretty.actions" name="erl_dist_mc" time="6.727402" timestamp="2012-11-19T18:47:12" log="/home/karl/tmp/otp_tests/logs/megaco_test_logs/ct_run.ct@devbox.2012-11-19_18.26.56/tests.megaco_test.logs/run.2012-11-19_18.27.20/megaco_actions_test.erl_dist_mc.html"></testcase><testcase group="codec.codec.text.flex_pretty.tickets.flex_compact_tickets.text.flex_pretty.tickets.flex_compact_tickets.text.flex_pretty.tickets.flex_compact_tickets.text.flex_pretty.tickets.flex_compact_tickets.text.flex_pretty.tickets.flex_compact_tickets.text.flex_pretty.actions" name="ber_bin" time="0.026952" timestamp="2012-11-19T18:47:19" log="/home/karl/tmp/otp_tests/logs/megaco_test_logs/ct_run.ct@devbox.2012-11-19_18.26.56/tests.megaco_test.logs/run.2012-11-19_18.27.20/megaco_actions_test.ber_bin.html"><skipped type="skip" message="Test ber_bin in megaco_actions_test skipped!">{tc_user_skip,{skipped,&quot;Skipping test case megaco_actions_test(178): currently_not_supported_by_asn1\n&quot;}}</skipped></testcase><testcase group="codec.codec.text.flex_pretty.tickets.flex_compact_tickets.text.flex_pretty.tickets.flex_compact_tickets.text.flex_pretty.tickets.flex_compact_tickets.text.flex_pretty.tickets.flex_compact_tickets.text.flex_pretty.tickets.flex_compact_tickets.text.flex_pretty.actions" name="ber_bin_drv" time="0.030017" timestamp="2012-11-19T18:47:19" log="/home/karl/tmp/otp_tests/logs/megaco_test_logs/ct_run.ct@devbox.2012-11-19_18.26.56/tests.megaco_test.logs/run.2012-11-19_18.27.20/megaco_actions_test.ber_bin_drv.html"><skipped type="skip" message="Test ber_bin_drv in megaco_actions_test skipped!">{tc_user_skip,{skipped,&quot;Skipping test case megaco_actions_test(186): currently_not_supported_by_asn1\n&quot;}}</skipped></testcase><testcase group="codec.codec.text.flex_pretty.tickets.flex_compact_tickets.text.flex_pretty.tickets.flex_compact_tickets.text.flex_pretty.tickets.flex_compact_tickets.text.flex_pretty.tickets.flex_compact_tickets.text.flex_pretty.tickets.flex_compact_tickets.text.flex_pretty.actions" name="ber_bin_native" time="0.030237" timestamp="2012-11-19T18:47:19" log="/home/karl/tmp/otp_tests/logs/megaco_test_logs/ct_run.ct@devbox.2012-11-19_18.26.56/tests.megaco_test.logs/run.2012-11-19_18.27.20/megaco_actions_test.ber_bin_native.html"><skipped type="skip" message="Test ber_bin_native in megaco_actions_test skipped!">{tc_user_skip,{skipped,&quot;Skipping test case megaco_actions_test(194): currently_not_supported_by_asn1\n&quot;}}</skipped></testcase><testcase group="codec.codec.text.flex_pretty.tickets.flex_compact_tickets.text.flex_pretty.tickets.flex_compact_tickets.text.flex_pretty.tickets.flex_compact_tickets.text.flex_pretty.tickets.flex_compact_tickets.text.flex_pretty.tickets.flex_compact_tickets.text.flex_pretty.actions" name="ber_bin_drv_native" time="0.030606" timestamp="2012-11-19T18:47:20" log="/home/karl/tmp/otp_tests/logs/megaco_test_logs/ct_run.ct@devbox.2012-11-19_18.26.56/tests.megaco_test.logs/run.2012-11-19_18.27.20/megaco_actions_test.ber_bin_drv_native.html"><skipped type="skip" message="Test ber_bin_drv_native in megaco_actions_test skipped!">{tc_user_skip,{skipped,&quot;Skipping test case megaco_actions_test(202): currently_not_supported_by_asn1\n&quot;}}</skipped></testcase><testcase group="codec.codec.text.flex_pretty.tickets.flex_compact_tickets.text.flex_pretty.tickets.flex_compact_tickets.text.flex_pretty.tickets.flex_compact_tickets.text.flex_pretty.tickets.flex_compact_tickets.text.flex_pretty.tickets.flex_compact_tickets.text.flex_pretty.actions" name="end_per_suite" time="0.029135" timestamp="2012-11-19T18:47:20" log="/home/karl/tmp/otp_tests/logs/megaco_test_logs/ct_run.ct@devbox.2012-11-19_18.26.56/tests.megaco_test.logs/run.2012-11-19_18.27.20/ct_framework.end_per_suite.347240.172.html"></testcase></testsuite><testsuite name="megaco_SUITE" time="0.325372" timestamp="2012-11-19T18:46:51" errors="0" tests="4"><testcase group="codec.codec.text.flex_pretty.tickets.flex_compact_tickets.text.flex_pretty.tickets.flex_compact_tickets.text.flex_pretty.tickets.flex_compact_tickets.text.flex_pretty.tickets.flex_compact_tickets.text.flex_pretty.tickets.flex_compact_tickets.text.flex_pretty.trans" name="init_per_suite" time="0.045804" timestamp="2012-11-19T18:46:51" log="/home/karl/tmp/otp_tests/logs/megaco_test_logs/ct_run.ct@devbox.2012-11-19_18.26.56/tests.megaco_test.logs/run.2012-11-19_18.27.20/megaco_suite.init_per_suite.347211.609.html"></testcase><testcase group="codec.codec.text.flex_pretty.tickets.flex_compact_tickets.text.flex_pretty.tickets.flex_compact_tickets.text.flex_pretty.tickets.flex_compact_tickets.text.flex_pretty.tickets.flex_compact_tickets.text.flex_pretty.tickets.flex_compact_tickets.text.flex_pretty.trans" name="end_per_group" time="0.028869" timestamp="2012-11-19T18:46:51" log="/home/karl/tmp/otp_tests/logs/megaco_test_logs/ct_run.ct@devbox.2012-11-19_18.26.56/tests.megaco_test.logs/run.2012-11-19_18.27.20/megaco_suite.end_per_group.347211.831.html"></testcase><testcase group="codec.codec.text.flex_pretty.tickets.flex_compact_tickets.text.flex_pretty.tickets.flex_compact_tickets.text.flex_pretty.tickets.flex_compact_tickets.text.flex_pretty.tickets.flex_compact_tickets.text.flex_pretty.tickets.flex_compact_tickets.text.flex_pretty.actions" name="init_per_group" time="0.019232" timestamp="2012-11-19T18:46:51" log="/home/karl/tmp/otp_tests/logs/megaco_test_logs/ct_run.ct@devbox.2012-11-19_18.26.56/tests.megaco_test.logs/run.2012-11-19_18.27.20/megaco_suite.init_per_group.347211.905.html"></testcase><testcase group="codec.codec.text.flex_pretty.tickets.flex_compact_tickets.text.flex_pretty.tickets.flex_compact_tickets.text.flex_pretty.tickets.flex_compact_tickets.text.flex_pretty.tickets.flex_compact_tickets.text.flex_pretty.tickets.flex_compact_tickets.text.flex_pretty.actions" name="end_per_suite" time="0.023613" timestamp="2012-11-19T18:46:51" log="/home/karl/tmp/otp_tests/logs/megaco_test_logs/ct_run.ct@devbox.2012-11-19_18.26.56/tests.megaco_test.logs/run.2012-11-19_18.27.20/megaco_suite.end_per_suite.347211.970.html"></testcase></testsuite><testsuite name="megaco_trans_test" time="208.560362" timestamp="2012-11-19T18:43:23" errors="6" tests="41"><testcase group="codec.codec.text.flex_pretty.tickets.flex_compact_tickets.text.flex_pretty.tickets.flex_compact_tickets.text.flex_pretty.tickets.flex_compact_tickets.text.flex_pretty.tickets.flex_compact_tickets.text.flex_pretty.tickets.flex_compact_tickets.text.flex_pretty.trans" name="init_per_suite" time="0.028354" timestamp="2012-11-19T18:43:23" log="/home/karl/tmp/otp_tests/logs/megaco_test_logs/ct_run.ct@devbox.2012-11-19_18.26.56/tests.megaco_test.logs/run.2012-11-19_18.27.20/ct_framework.init_per_suite.347003.165.html"></testcase><testcase group="codec.codec.text.flex_pretty.tickets.flex_compact_tickets.text.flex_pretty.tickets.flex_compact_tickets.text.flex_pretty.tickets.flex_compact_tickets.text.flex_pretty.tickets.flex_compact_tickets.text.flex_pretty.tickets.flex_compact_tickets.text.flex_pretty.trans.ack" name="init_per_group" time="0.029467" timestamp="2012-11-19T18:43:23" log="/home/karl/tmp/otp_tests/logs/megaco_test_logs/ct_run.ct@devbox.2012-11-19_18.26.56/tests.megaco_test.logs/run.2012-11-19_18.27.20/megaco_trans_test.init_per_group.html"></testcase><testcase group="codec.codec.text.flex_pretty.tickets.flex_compact_tickets.text.flex_pretty.tickets.flex_compact_tickets.text.flex_pretty.tickets.flex_compact_tickets.text.flex_pretty.tickets.flex_compact_tickets.text.flex_pretty.tickets.flex_compact_tickets.text.flex_pretty.trans.ack" name="single_ack" time="0.956523" timestamp="2012-11-19T18:43:23" log="/home/karl/tmp/otp_tests/logs/megaco_test_logs/ct_run.ct@devbox.2012-11-19_18.26.56/tests.megaco_test.logs/run.2012-11-19_18.27.20/megaco_trans_test.single_ack.html"></testcase><testcase group="codec.codec.text.flex_pretty.tickets.flex_compact_tickets.text.flex_pretty.tickets.flex_compact_tickets.text.flex_pretty.tickets.flex_compact_tickets.text.flex_pretty.tickets.flex_compact_tickets.text.flex_pretty.tickets.flex_compact_tickets.text.flex_pretty.trans.ack" name="multi_ack_timeout" time="0.031080" timestamp="2012-11-19T18:43:24" log="/home/karl/tmp/otp_tests/logs/megaco_test_logs/ct_run.ct@devbox.2012-11-19_18.26.56/tests.megaco_test.logs/run.2012-11-19_18.27.20/megaco_trans_test.multi_ack_timeout.html"><skipped type="skip" message="Test multi_ack_timeout in megaco_trans_test skipped!">{tc_user_skip,{skipped,&quot;Skipping test case megaco_trans_test(220): non_pc_testcase\n&quot;}}</skipped></testcase><testcase group="codec.codec.text.flex_pretty.tickets.flex_compact_tickets.text.flex_pretty.tickets.flex_compact_tickets.text.flex_pretty.tickets.flex_compact_tickets.text.flex_pretty.tickets.flex_compact_tickets.text.flex_pretty.tickets.flex_compact_tickets.text.flex_pretty.trans.ack" name="multi_ack_maxcount" time="7.036682" timestamp="2012-11-19T18:43:24" log="/home/karl/tmp/otp_tests/logs/megaco_test_logs/ct_run.ct@devbox.2012-11-19_18.26.56/tests.megaco_test.logs/run.2012-11-19_18.27.20/megaco_trans_test.multi_ack_maxcount.html"></testcase><testcase group="codec.codec.text.flex_pretty.tickets.flex_compact_tickets.text.flex_pretty.tickets.flex_compact_tickets.text.flex_pretty.tickets.flex_compact_tickets.text.flex_pretty.tickets.flex_compact_tickets.text.flex_pretty.tickets.flex_compact_tickets.text.flex_pretty.trans.ack" name="end_per_group" time="0.030827" timestamp="2012-11-19T18:43:31" log="/home/karl/tmp/otp_tests/logs/megaco_test_logs/ct_run.ct@devbox.2012-11-19_18.26.56/tests.megaco_test.logs/run.2012-11-19_18.27.20/megaco_trans_test.end_per_group.html"></testcase><testcase group="codec.codec.text.flex_pretty.tickets.flex_compact_tickets.text.flex_pretty.tickets.flex_compact_tickets.text.flex_pretty.tickets.flex_compact_tickets.text.flex_pretty.tickets.flex_compact_tickets.text.flex_pretty.tickets.flex_compact_tickets.text.flex_pretty.trans.trans_req" name="init_per_group" time="0.025143" timestamp="2012-11-19T18:43:31" log="/home/karl/tmp/otp_tests/logs/megaco_test_logs/ct_run.ct@devbox.2012-11-19_18.26.56/tests.megaco_test.logs/run.2012-11-19_18.27.20/megaco_trans_test.init_per_group.347011.713.html"></testcase><testcase group="codec.codec.text.flex_pretty.tickets.flex_compact_tickets.text.flex_pretty.tickets.flex_compact_tickets.text.flex_pretty.tickets.flex_compact_tickets.text.flex_pretty.tickets.flex_compact_tickets.text.flex_pretty.tickets.flex_compact_tickets.text.flex_pretty.trans.trans_req" name="single_trans_req" time="6.959666" timestamp="2012-11-19T18:43:31" log="/home/karl/tmp/otp_tests/logs/megaco_test_logs/ct_run.ct@devbox.2012-11-19_18.26.56/tests.megaco_test.logs/run.2012-11-19_18.27.20/megaco_trans_test.single_trans_req.html"></testcase><testcase group="codec.codec.text.flex_pretty.tickets.flex_compact_tickets.text.flex_pretty.tickets.flex_compact_tickets.text.flex_pretty.tickets.flex_compact_tickets.text.flex_pretty.tickets.flex_compact_tickets.text.flex_pretty.tickets.flex_compact_tickets.text.flex_pretty.trans.trans_req" name="multi_trans_req_timeout" time="13.077048" timestamp="2012-11-19T18:43:38" log="/home/karl/tmp/otp_tests/logs/megaco_test_logs/ct_run.ct@devbox.2012-11-19_18.26.56/tests.megaco_test.logs/run.2012-11-19_18.27.20/megaco_trans_test.multi_trans_req_timeout.html"></testcase><testcase group="codec.codec.text.flex_pretty.tickets.flex_compact_tickets.text.flex_pretty.tickets.flex_compact_tickets.text.flex_pretty.tickets.flex_compact_tickets.text.flex_pretty.tickets.flex_compact_tickets.text.flex_pretty.tickets.flex_compact_tickets.text.flex_pretty.trans.trans_req" name="multi_trans_req_maxcount1" time="8.074580" timestamp="2012-11-19T18:43:51" log="/home/karl/tmp/otp_tests/logs/megaco_test_logs/ct_run.ct@devbox.2012-11-19_18.26.56/tests.megaco_test.logs/run.2012-11-19_18.27.20/megaco_trans_test.multi_trans_req_maxcount1.html"></testcase><testcase group="codec.codec.text.flex_pretty.tickets.flex_compact_tickets.text.flex_pretty.tickets.flex_compact_tickets.text.flex_pretty.tickets.flex_compact_tickets.text.flex_pretty.tickets.flex_compact_tickets.text.flex_pretty.tickets.flex_compact_tickets.text.flex_pretty.trans.trans_req" name="multi_trans_req_maxcount2" time="8.091597" timestamp="2012-11-19T18:44:00" log="/home/karl/tmp/otp_tests/logs/megaco_test_logs/ct_run.ct@devbox.2012-11-19_18.26.56/tests.megaco_test.logs/run.2012-11-19_18.27.20/megaco_trans_test.multi_trans_req_maxcount2.html"></testcase><testcase group="codec.codec.text.flex_pretty.tickets.flex_compact_tickets.text.flex_pretty.tickets.flex_compact_tickets.text.flex_pretty.tickets.flex_compact_tickets.text.flex_pretty.tickets.flex_compact_tickets.text.flex_pretty.tickets.flex_compact_tickets.text.flex_pretty.trans.trans_req" name="multi_trans_req_maxsize1" time="8.062563" timestamp="2012-11-19T18:44:08" log="/home/karl/tmp/otp_tests/logs/megaco_test_logs/ct_run.ct@devbox.2012-11-19_18.26.56/tests.megaco_test.logs/run.2012-11-19_18.27.20/megaco_trans_test.multi_trans_req_maxsize1.html"></testcase><testcase group="codec.codec.text.flex_pretty.tickets.flex_compact_tickets.text.flex_pretty.tickets.flex_compact_tickets.text.flex_pretty.tickets.flex_compact_tickets.text.flex_pretty.tickets.flex_compact_tickets.text.flex_pretty.tickets.flex_compact_tickets.text.flex_pretty.trans.trans_req" name="multi_trans_req_maxsize2" time="8.071656" timestamp="2012-11-19T18:44:16" log="/home/karl/tmp/otp_tests/logs/megaco_test_logs/ct_run.ct@devbox.2012-11-19_18.26.56/tests.megaco_test.logs/run.2012-11-19_18.27.20/megaco_trans_test.multi_trans_req_maxsize2.html"></testcase><testcase group="codec.codec.text.flex_pretty.tickets.flex_compact_tickets.text.flex_pretty.tickets.flex_compact_tickets.text.flex_pretty.tickets.flex_compact_tickets.text.flex_pretty.tickets.flex_compact_tickets.text.flex_pretty.tickets.flex_compact_tickets.text.flex_pretty.trans.trans_req" name="end_per_group" time="0.042461" timestamp="2012-11-19T18:44:24" log="/home/karl/tmp/otp_tests/logs/megaco_test_logs/ct_run.ct@devbox.2012-11-19_18.26.56/tests.megaco_test.logs/run.2012-11-19_18.27.20/megaco_trans_test.end_per_group.347064.492.html"></testcase><testcase group="codec.codec.text.flex_pretty.tickets.flex_compact_tickets.text.flex_pretty.tickets.flex_compact_tickets.text.flex_pretty.tickets.flex_compact_tickets.text.flex_pretty.tickets.flex_compact_tickets.text.flex_pretty.tickets.flex_compact_tickets.text.flex_pretty.trans.trans_req_and_ack" name="init_per_group" time="0.028697" timestamp="2012-11-19T18:44:24" log="/home/karl/tmp/otp_tests/logs/megaco_test_logs/ct_run.ct@devbox.2012-11-19_18.26.56/tests.megaco_test.logs/run.2012-11-19_18.27.20/megaco_trans_test.init_per_group.347064.586.html"></testcase><testcase group="codec.codec.text.flex_pretty.tickets.flex_compact_tickets.text.flex_pretty.tickets.flex_compact_tickets.text.flex_pretty.tickets.flex_compact_tickets.text.flex_pretty.tickets.flex_compact_tickets.text.flex_pretty.tickets.flex_compact_tickets.text.flex_pretty.trans.trans_req_and_ack" name="single_trans_req_and_ack" time="12.020829" timestamp="2012-11-19T18:44:24" log="/home/karl/tmp/otp_tests/logs/megaco_test_logs/ct_run.ct@devbox.2012-11-19_18.26.56/tests.megaco_test.logs/run.2012-11-19_18.27.20/megaco_trans_test.single_trans_req_and_ack.html"></testcase><testcase group="codec.codec.text.flex_pretty.tickets.flex_compact_tickets.text.flex_pretty.tickets.flex_compact_tickets.text.flex_pretty.tickets.flex_compact_tickets.text.flex_pretty.tickets.flex_compact_tickets.text.flex_pretty.tickets.flex_compact_tickets.text.flex_pretty.trans.trans_req_and_ack" name="multi_trans_req_and_ack_timeout" time="12.049785" timestamp="2012-11-19T18:44:36" log="/home/karl/tmp/otp_tests/logs/megaco_test_logs/ct_run.ct@devbox.2012-11-19_18.26.56/tests.megaco_test.logs/run.2012-11-19_18.27.20/megaco_trans_test.multi_trans_req_and_ack_timeout.html"></testcase><testcase group="codec.codec.text.flex_pretty.tickets.flex_compact_tickets.text.flex_pretty.tickets.flex_compact_tickets.text.flex_pretty.tickets.flex_compact_tickets.text.flex_pretty.tickets.flex_compact_tickets.text.flex_pretty.tickets.flex_compact_tickets.text.flex_pretty.trans.trans_req_and_ack" name="multi_trans_req_and_ack_ackmaxcount" time="15.063831" timestamp="2012-11-19T18:44:48" log="/home/karl/tmp/otp_tests/logs/megaco_test_logs/ct_run.ct@devbox.2012-11-19_18.26.56/tests.megaco_test.logs/run.2012-11-19_18.27.20/megaco_trans_test.multi_trans_req_and_ack_ackmaxcount.html"></testcase><testcase group="codec.codec.text.flex_pretty.tickets.flex_compact_tickets.text.flex_pretty.tickets.flex_compact_tickets.text.flex_pretty.tickets.flex_compact_tickets.text.flex_pretty.tickets.flex_compact_tickets.text.flex_pretty.tickets.flex_compact_tickets.text.flex_pretty.trans.trans_req_and_ack" name="multi_trans_req_and_ack_reqmaxcount" time="15.126125" timestamp="2012-11-19T18:45:04" log="/home/karl/tmp/otp_tests/logs/megaco_test_logs/ct_run.ct@devbox.2012-11-19_18.26.56/tests.megaco_test.logs/run.2012-11-19_18.27.20/megaco_trans_test.multi_trans_req_and_ack_reqmaxcount.html"></testcase><testcase group="codec.codec.text.flex_pretty.tickets.flex_compact_tickets.text.flex_pretty.tickets.flex_compact_tickets.text.flex_pretty.tickets.flex_compact_tickets.text.flex_pretty.tickets.flex_compact_tickets.text.flex_pretty.tickets.flex_compact_tickets.text.flex_pretty.trans.trans_req_and_ack" name="multi_trans_req_and_ack_maxsize1" time="20.151988" timestamp="2012-11-19T18:45:19" log="/home/karl/tmp/otp_tests/logs/megaco_test_logs/ct_run.ct@devbox.2012-11-19_18.26.56/tests.megaco_test.logs/run.2012-11-19_18.27.20/megaco_trans_test.multi_trans_req_and_ack_maxsize1.html"></testcase><testcase group="codec.codec.text.flex_pretty.tickets.flex_compact_tickets.text.flex_pretty.tickets.flex_compact_tickets.text.flex_pretty.tickets.flex_compact_tickets.text.flex_pretty.tickets.flex_compact_tickets.text.flex_pretty.tickets.flex_compact_tickets.text.flex_pretty.trans.trans_req_and_ack" name="multi_trans_req_and_ack_maxsize2" time="15.066332" timestamp="2012-11-19T18:45:39" log="/home/karl/tmp/otp_tests/logs/megaco_test_logs/ct_run.ct@devbox.2012-11-19_18.26.56/tests.megaco_test.logs/run.2012-11-19_18.27.20/megaco_trans_test.multi_trans_req_and_ack_maxsize2.html"></testcase><testcase group="codec.codec.text.flex_pretty.tickets.flex_compact_tickets.text.flex_pretty.tickets.flex_compact_tickets.text.flex_pretty.tickets.flex_compact_tickets.text.flex_pretty.tickets.flex_compact_tickets.text.flex_pretty.tickets.flex_compact_tickets.text.flex_pretty.trans.trans_req_and_ack" name="end_per_group" time="0.028697" timestamp="2012-11-19T18:45:54" log="/home/karl/tmp/otp_tests/logs/megaco_test_logs/ct_run.ct@devbox.2012-11-19_18.26.56/tests.megaco_test.logs/run.2012-11-19_18.27.20/megaco_trans_test.end_per_group.347154.528.html"></testcase><testcase group="codec.codec.text.flex_pretty.tickets.flex_compact_tickets.text.flex_pretty.tickets.flex_compact_tickets.text.flex_pretty.tickets.flex_compact_tickets.text.flex_pretty.tickets.flex_compact_tickets.text.flex_pretty.tickets.flex_compact_tickets.text.flex_pretty.trans.pending" name="init_per_group" time="0.036501" timestamp="2012-11-19T18:45:54" log="/home/karl/tmp/otp_tests/logs/megaco_test_logs/ct_run.ct@devbox.2012-11-19_18.26.56/tests.megaco_test.logs/run.2012-11-19_18.27.20/megaco_trans_test.init_per_group.347154.621.html"></testcase><testcase group="codec.codec.text.flex_pretty.tickets.flex_compact_tickets.text.flex_pretty.tickets.flex_compact_tickets.text.flex_pretty.tickets.flex_compact_tickets.text.flex_pretty.tickets.flex_compact_tickets.text.flex_pretty.tickets.flex_compact_tickets.text.flex_pretty.trans.pending" name="single_trans_req_and_pending" time="0.030495" timestamp="2012-11-19T18:45:54" log="/home/karl/tmp/otp_tests/logs/megaco_test_logs/ct_run.ct@devbox.2012-11-19_18.26.56/tests.megaco_test.logs/run.2012-11-19_18.27.20/megaco_trans_test.single_trans_req_and_pending.html"><skipped type="skip" message="Test single_trans_req_and_pending in megaco_trans_test skipped!">{tc_user_skip,{skipped,&quot;Skipping test case megaco_trans_test(6151): not_yet_implemented\n&quot;}}</skipped></testcase><testcase group="codec.codec.text.flex_pretty.tickets.flex_compact_tickets.text.flex_pretty.tickets.flex_compact_tickets.text.flex_pretty.tickets.flex_compact_tickets.text.flex_pretty.tickets.flex_compact_tickets.text.flex_pretty.tickets.flex_compact_tickets.text.flex_pretty.trans.pending" name="multi_trans_req_and_pending" time="0.031167" timestamp="2012-11-19T18:45:54" log="/home/karl/tmp/otp_tests/logs/megaco_test_logs/ct_run.ct@devbox.2012-11-19_18.26.56/tests.megaco_test.logs/run.2012-11-19_18.27.20/megaco_trans_test.multi_trans_req_and_pending.html"><skipped type="skip" message="Test multi_trans_req_and_pending in megaco_trans_test skipped!">{tc_user_skip,{skipped,&quot;Skipping test case megaco_trans_test(6161): not_yet_implemented\n&quot;}}</skipped></testcase><testcase group="codec.codec.text.flex_pretty.tickets.flex_compact_tickets.text.flex_pretty.tickets.flex_compact_tickets.text.flex_pretty.tickets.flex_compact_tickets.text.flex_pretty.tickets.flex_compact_tickets.text.flex_pretty.tickets.flex_compact_tickets.text.flex_pretty.trans.pending" name="multi_trans_req_and_ack_and_pending" time="11.087480" timestamp="2012-11-19T18:45:55" log="/home/karl/tmp/otp_tests/logs/megaco_test_logs/ct_run.ct@devbox.2012-11-19_18.26.56/tests.megaco_test.logs/run.2012-11-19_18.27.20/megaco_trans_test.multi_trans_req_and_ack_and_pending.html"></testcase><testcase group="codec.codec.text.flex_pretty.tickets.flex_compact_tickets.text.flex_pretty.tickets.flex_compact_tickets.text.flex_pretty.tickets.flex_compact_tickets.text.flex_pretty.tickets.flex_compact_tickets.text.flex_pretty.tickets.flex_compact_tickets.text.flex_pretty.trans.pending" name="multi_ack_and_pending" time="0.030936" timestamp="2012-11-19T18:46:06" log="/home/karl/tmp/otp_tests/logs/megaco_test_logs/ct_run.ct@devbox.2012-11-19_18.26.56/tests.megaco_test.logs/run.2012-11-19_18.27.20/megaco_trans_test.multi_ack_and_pending.html"><skipped type="skip" message="Test multi_ack_and_pending in megaco_trans_test skipped!">{tc_user_skip,{skipped,&quot;Skipping test case megaco_trans_test(6739): not_yet_implemented\n&quot;}}</skipped></testcase><testcase group="codec.codec.text.flex_pretty.tickets.flex_compact_tickets.text.flex_pretty.tickets.flex_compact_tickets.text.flex_pretty.tickets.flex_compact_tickets.text.flex_pretty.tickets.flex_compact_tickets.text.flex_pretty.tickets.flex_compact_tickets.text.flex_pretty.trans.pending" name="end_per_group" time="0.027428" timestamp="2012-11-19T18:46:06" log="/home/karl/tmp/otp_tests/logs/megaco_test_logs/ct_run.ct@devbox.2012-11-19_18.26.56/tests.megaco_test.logs/run.2012-11-19_18.27.20/megaco_trans_test.end_per_group.347166.277.html"></testcase><testcase group="codec.codec.text.flex_pretty.tickets.flex_compact_tickets.text.flex_pretty.tickets.flex_compact_tickets.text.flex_pretty.tickets.flex_compact_tickets.text.flex_pretty.tickets.flex_compact_tickets.text.flex_pretty.tickets.flex_compact_tickets.text.flex_pretty.trans.reply" name="init_per_group" time="0.027195" timestamp="2012-11-19T18:46:06" log="/home/karl/tmp/otp_tests/logs/megaco_test_logs/ct_run.ct@devbox.2012-11-19_18.26.56/tests.megaco_test.logs/run.2012-11-19_18.27.20/megaco_trans_test.init_per_group.347166.379.html"></testcase><testcase group="codec.codec.text.flex_pretty.tickets.flex_compact_tickets.text.flex_pretty.tickets.flex_compact_tickets.text.flex_pretty.tickets.flex_compact_tickets.text.flex_pretty.tickets.flex_compact_tickets.text.flex_pretty.tickets.flex_compact_tickets.text.flex_pretty.trans.reply" name="multi_trans_req_and_reply" time="0.021465" timestamp="2012-11-19T18:46:06" log="/home/karl/tmp/otp_tests/logs/megaco_test_logs/ct_run.ct@devbox.2012-11-19_18.26.56/tests.megaco_test.logs/run.2012-11-19_18.27.20/megaco_trans_test.multi_trans_req_and_reply.html"><skipped type="skip" message="Test multi_trans_req_and_reply in megaco_trans_test skipped!">{tc_user_skip,{skipped,&quot;Skipping test case megaco_trans_test(6749): not_yet_implemented\n&quot;}}</skipped></testcase><testcase group="codec.codec.text.flex_pretty.tickets.flex_compact_tickets.text.flex_pretty.tickets.flex_compact_tickets.text.flex_pretty.tickets.flex_compact_tickets.text.flex_pretty.tickets.flex_compact_tickets.text.flex_pretty.tickets.flex_compact_tickets.text.flex_pretty.trans.reply" name="multi_trans_req_and_ack_and_reply" time="11.123890" timestamp="2012-11-19T18:46:06" log="/home/karl/tmp/otp_tests/logs/megaco_test_logs/ct_run.ct@devbox.2012-11-19_18.26.56/tests.megaco_test.logs/run.2012-11-19_18.27.20/megaco_trans_test.multi_trans_req_and_ack_and_reply.html"></testcase><testcase group="codec.codec.text.flex_pretty.tickets.flex_compact_tickets.text.flex_pretty.tickets.flex_compact_tickets.text.flex_pretty.tickets.flex_compact_tickets.text.flex_pretty.tickets.flex_compact_tickets.text.flex_pretty.tickets.flex_compact_tickets.text.flex_pretty.trans.reply" name="multi_ack_and_reply" time="0.030671" timestamp="2012-11-19T18:46:17" log="/home/karl/tmp/otp_tests/logs/megaco_test_logs/ct_run.ct@devbox.2012-11-19_18.26.56/tests.megaco_test.logs/run.2012-11-19_18.27.20/megaco_trans_test.multi_ack_and_reply.html"><skipped type="skip" message="Test multi_ack_and_reply in megaco_trans_test skipped!">{tc_user_skip,{skipped,&quot;Skipping test case megaco_trans_test(7332): not_yet_implemented\n&quot;}}</skipped></testcase><testcase group="codec.codec.text.flex_pretty.tickets.flex_compact_tickets.text.flex_pretty.tickets.flex_compact_tickets.text.flex_pretty.tickets.flex_compact_tickets.text.flex_pretty.tickets.flex_compact_tickets.text.flex_pretty.tickets.flex_compact_tickets.text.flex_pretty.trans.reply" name="end_per_group" time="0.025099" timestamp="2012-11-19T18:46:17" log="/home/karl/tmp/otp_tests/logs/megaco_test_logs/ct_run.ct@devbox.2012-11-19_18.26.56/tests.megaco_test.logs/run.2012-11-19_18.27.20/megaco_trans_test.end_per_group.347177.917.html"></testcase><testcase group="codec.codec.text.flex_pretty.tickets.flex_compact_tickets.text.flex_pretty.tickets.flex_compact_tickets.text.flex_pretty.tickets.flex_compact_tickets.text.flex_pretty.tickets.flex_compact_tickets.text.flex_pretty.tickets.flex_compact_tickets.text.flex_pretty.trans.tickets" name="init_per_group" time="0.026540" timestamp="2012-11-19T18:46:18" log="/home/karl/tmp/otp_tests/logs/megaco_test_logs/ct_run.ct@devbox.2012-11-19_18.26.56/tests.megaco_test.logs/run.2012-11-19_18.27.20/megaco_trans_test.init_per_group.347177.996.html"></testcase><testcase group="codec.codec.text.flex_pretty.tickets.flex_compact_tickets.text.flex_pretty.tickets.flex_compact_tickets.text.flex_pretty.tickets.flex_compact_tickets.text.flex_pretty.tickets.flex_compact_tickets.text.flex_pretty.tickets.flex_compact_tickets.text.flex_pretty.trans.tickets.otp_7192" name="init_per_group" time="0.019177" timestamp="2012-11-19T18:46:18" log="/home/karl/tmp/otp_tests/logs/megaco_test_logs/ct_run.ct@devbox.2012-11-19_18.26.56/tests.megaco_test.logs/run.2012-11-19_18.27.20/megaco_trans_test.init_per_group.347178.68.html"></testcase><testcase group="codec.codec.text.flex_pretty.tickets.flex_compact_tickets.text.flex_pretty.tickets.flex_compact_tickets.text.flex_pretty.tickets.flex_compact_tickets.text.flex_pretty.tickets.flex_compact_tickets.text.flex_pretty.tickets.flex_compact_tickets.text.flex_pretty.trans.tickets.otp_7192" name="otp_7192_1" time="10.979736" timestamp="2012-11-19T18:46:18" log="/home/karl/tmp/otp_tests/logs/megaco_test_logs/ct_run.ct@devbox.2012-11-19_18.26.56/tests.megaco_test.logs/run.2012-11-19_18.27.20/megaco_trans_test.otp_7192_1.html"></testcase><testcase group="codec.codec.text.flex_pretty.tickets.flex_compact_tickets.text.flex_pretty.tickets.flex_compact_tickets.text.flex_pretty.tickets.flex_compact_tickets.text.flex_pretty.tickets.flex_compact_tickets.text.flex_pretty.tickets.flex_compact_tickets.text.flex_pretty.trans.tickets.otp_7192" name="otp_7192_2" time="11.047983" timestamp="2012-11-19T18:46:29" log="/home/karl/tmp/otp_tests/logs/megaco_test_logs/ct_run.ct@devbox.2012-11-19_18.26.56/tests.megaco_test.logs/run.2012-11-19_18.27.20/megaco_trans_test.otp_7192_2.html"></testcase><testcase group="codec.codec.text.flex_pretty.tickets.flex_compact_tickets.text.flex_pretty.tickets.flex_compact_tickets.text.flex_pretty.tickets.flex_compact_tickets.text.flex_pretty.tickets.flex_compact_tickets.text.flex_pretty.tickets.flex_compact_tickets.text.flex_pretty.trans.tickets.otp_7192" name="otp_7192_3" time="11.036328" timestamp="2012-11-19T18:46:40" log="/home/karl/tmp/otp_tests/logs/megaco_test_logs/ct_run.ct@devbox.2012-11-19_18.26.56/tests.megaco_test.logs/run.2012-11-19_18.27.20/megaco_trans_test.otp_7192_3.html"></testcase><testcase group="codec.codec.text.flex_pretty.tickets.flex_compact_tickets.text.flex_pretty.tickets.flex_compact_tickets.text.flex_pretty.tickets.flex_compact_tickets.text.flex_pretty.tickets.flex_compact_tickets.text.flex_pretty.tickets.flex_compact_tickets.text.flex_pretty.trans.tickets.otp_7192" name="end_per_group" time="0.029602" timestamp="2012-11-19T18:46:51" log="/home/karl/tmp/otp_tests/logs/megaco_test_logs/ct_run.ct@devbox.2012-11-19_18.26.56/tests.megaco_test.logs/run.2012-11-19_18.27.20/megaco_trans_test.end_per_group.347211.363.html"></testcase><testcase group="codec.codec.text.flex_pretty.tickets.flex_compact_tickets.text.flex_pretty.tickets.flex_compact_tickets.text.flex_pretty.tickets.flex_compact_tickets.text.flex_pretty.tickets.flex_compact_tickets.text.flex_pretty.tickets.flex_compact_tickets.text.flex_pretty.trans.tickets" name="end_per_group" time="0.035510" timestamp="2012-11-19T18:46:51" log="/home/karl/tmp/otp_tests/logs/megaco_test_logs/ct_run.ct@devbox.2012-11-19_18.26.56/tests.megaco_test.logs/run.2012-11-19_18.27.20/megaco_trans_test.end_per_group.347211.450.html"></testcase><testcase group="codec.codec.text.flex_pretty.tickets.flex_compact_tickets.text.flex_pretty.tickets.flex_compact_tickets.text.flex_pretty.tickets.flex_compact_tickets.text.flex_pretty.tickets.flex_compact_tickets.text.flex_pretty.tickets.flex_compact_tickets.text.flex_pretty.trans" name="end_per_suite" time="0.025607" timestamp="2012-11-19T18:46:51" log="/home/karl/tmp/otp_tests/logs/megaco_test_logs/ct_run.ct@devbox.2012-11-19_18.26.56/tests.megaco_test.logs/run.2012-11-19_18.27.20/ct_framework.end_per_suite.347211.536.html"></testcase></testsuite><testsuite name="megaco_SUITE" time="0.343801" timestamp="2012-11-19T18:43:22" errors="0" tests="4"><testcase group="codec.codec.text.flex_pretty.tickets.flex_compact_tickets.text.flex_pretty.tickets.flex_compact_tickets.text.flex_pretty.tickets.flex_compact_tickets.text.flex_pretty.tickets.flex_compact_tickets.text.flex_pretty.tickets.flex_compact_tickets.text.flex_pretty.mib" name="init_per_suite" time="0.047671" timestamp="2012-11-19T18:43:22" log="/home/karl/tmp/otp_tests/logs/megaco_test_logs/ct_run.ct@devbox.2012-11-19_18.26.56/tests.megaco_test.logs/run.2012-11-19_18.27.20/megaco_suite.init_per_suite.347002.717.html"></testcase><testcase group="codec.codec.text.flex_pretty.tickets.flex_compact_tickets.text.flex_pretty.tickets.flex_compact_tickets.text.flex_pretty.tickets.flex_compact_tickets.text.flex_pretty.tickets.flex_compact_tickets.text.flex_pretty.tickets.flex_compact_tickets.text.flex_pretty.mib" name="end_per_group" time="0.019764" timestamp="2012-11-19T18:43:22" log="/home/karl/tmp/otp_tests/logs/megaco_test_logs/ct_run.ct@devbox.2012-11-19_18.26.56/tests.megaco_test.logs/run.2012-11-19_18.27.20/megaco_suite.end_per_group.347002.930.html"></testcase><testcase group="codec.codec.text.flex_pretty.tickets.flex_compact_tickets.text.flex_pretty.tickets.flex_compact_tickets.text.flex_pretty.tickets.flex_compact_tickets.text.flex_pretty.tickets.flex_compact_tickets.text.flex_pretty.tickets.flex_compact_tickets.text.flex_pretty.trans" name="init_per_group" time="0.024075" timestamp="2012-11-19T18:43:23" log="/home/karl/tmp/otp_tests/logs/megaco_test_logs/ct_run.ct@devbox.2012-11-19_18.26.56/tests.megaco_test.logs/run.2012-11-19_18.27.20/megaco_suite.init_per_group.347002.997.html"></testcase><testcase group="codec.codec.text.flex_pretty.tickets.flex_compact_tickets.text.flex_pretty.tickets.flex_compact_tickets.text.flex_pretty.tickets.flex_compact_tickets.text.flex_pretty.tickets.flex_compact_tickets.text.flex_pretty.tickets.flex_compact_tickets.text.flex_pretty.trans" name="end_per_suite" time="0.036353" timestamp="2012-11-19T18:43:23" log="/home/karl/tmp/otp_tests/logs/megaco_test_logs/ct_run.ct@devbox.2012-11-19_18.26.56/tests.megaco_test.logs/run.2012-11-19_18.27.20/megaco_suite.end_per_suite.347003.79.html"></testcase></testsuite><testsuite name="megaco_mib_test" time="4.035903" timestamp="2012-11-19T18:43:18" errors="1" tests="5"><testcase group="codec.codec.text.flex_pretty.tickets.flex_compact_tickets.text.flex_pretty.tickets.flex_compact_tickets.text.flex_pretty.tickets.flex_compact_tickets.text.flex_pretty.tickets.flex_compact_tickets.text.flex_pretty.tickets.flex_compact_tickets.text.flex_pretty.mib" name="init_per_suite" time="0.027815" timestamp="2012-11-19T18:43:18" log="/home/karl/tmp/otp_tests/logs/megaco_test_logs/ct_run.ct@devbox.2012-11-19_18.26.56/tests.megaco_test.logs/run.2012-11-19_18.27.20/ct_framework.init_per_suite.346998.777.html"></testcase><testcase group="codec.codec.text.flex_pretty.tickets.flex_compact_tickets.text.flex_pretty.tickets.flex_compact_tickets.text.flex_pretty.tickets.flex_compact_tickets.text.flex_pretty.tickets.flex_compact_tickets.text.flex_pretty.tickets.flex_compact_tickets.text.flex_pretty.mib" name="plain" time="0.036814" timestamp="2012-11-19T18:43:18" log="/home/karl/tmp/otp_tests/logs/megaco_test_logs/ct_run.ct@devbox.2012-11-19_18.26.56/tests.megaco_test.logs/run.2012-11-19_18.27.20/megaco_mib_test.plain.html"></testcase><testcase group="codec.codec.text.flex_pretty.tickets.flex_compact_tickets.text.flex_pretty.tickets.flex_compact_tickets.text.flex_pretty.tickets.flex_compact_tickets.text.flex_pretty.tickets.flex_compact_tickets.text.flex_pretty.tickets.flex_compact_tickets.text.flex_pretty.mib" name="connect" time="1.382737" timestamp="2012-11-19T18:43:18" log="/home/karl/tmp/otp_tests/logs/megaco_test_logs/ct_run.ct@devbox.2012-11-19_18.26.56/tests.megaco_test.logs/run.2012-11-19_18.27.20/megaco_mib_test.connect.html"></testcase><testcase group="codec.codec.text.flex_pretty.tickets.flex_compact_tickets.text.flex_pretty.tickets.flex_compact_tickets.text.flex_pretty.tickets.flex_compact_tickets.text.flex_pretty.tickets.flex_compact_tickets.text.flex_pretty.tickets.flex_compact_tickets.text.flex_pretty.mib" name="traffic" time="2.063379" timestamp="2012-11-19T18:43:20" log="/home/karl/tmp/otp_tests/logs/megaco_test_logs/ct_run.ct@devbox.2012-11-19_18.26.56/tests.megaco_test.logs/run.2012-11-19_18.27.20/megaco_mib_test.traffic.html"><failure message="Test traffic in megaco_mib_test failed!" type="crash">{failed,{illegal_counter_value,medGwyGatewayNumInMessages,0,1,&quot;mg2&quot;}}</failure></testcase><testcase group="codec.codec.text.flex_pretty.tickets.flex_compact_tickets.text.flex_pretty.tickets.flex_compact_tickets.text.flex_pretty.tickets.flex_compact_tickets.text.flex_pretty.tickets.flex_compact_tickets.text.flex_pretty.tickets.flex_compact_tickets.text.flex_pretty.mib" name="end_per_suite" time="0.026723" timestamp="2012-11-19T18:43:22" log="/home/karl/tmp/otp_tests/logs/megaco_test_logs/ct_run.ct@devbox.2012-11-19_18.26.56/tests.megaco_test.logs/run.2012-11-19_18.27.20/ct_framework.end_per_suite.347002.613.html"></testcase></testsuite><testsuite name="megaco_SUITE" time="0.346749" timestamp="2012-11-19T18:43:18" errors="0" tests="4"><testcase group="codec.codec.text.flex_pretty.tickets.flex_compact_tickets.text.flex_pretty.tickets.flex_compact_tickets.text.flex_pretty.tickets.flex_compact_tickets.text.flex_pretty.tickets.flex_compact_tickets.text.flex_pretty.tickets.flex_compact_tickets.text.flex_pretty.sdp" name="init_per_suite" time="0.036331" timestamp="2012-11-19T18:43:18" log="/home/karl/tmp/otp_tests/logs/megaco_test_logs/ct_run.ct@devbox.2012-11-19_18.26.56/tests.megaco_test.logs/run.2012-11-19_18.27.20/megaco_suite.init_per_suite.346998.335.html"></testcase><testcase group="codec.codec.text.flex_pretty.tickets.flex_compact_tickets.text.flex_pretty.tickets.flex_compact_tickets.text.flex_pretty.tickets.flex_compact_tickets.text.flex_pretty.tickets.flex_compact_tickets.text.flex_pretty.tickets.flex_compact_tickets.text.flex_pretty.sdp" name="end_per_group" time="0.025377" timestamp="2012-11-19T18:43:18" log="/home/karl/tmp/otp_tests/logs/megaco_test_logs/ct_run.ct@devbox.2012-11-19_18.26.56/tests.megaco_test.logs/run.2012-11-19_18.27.20/megaco_suite.end_per_group.346998.535.html"></testcase><testcase group="codec.codec.text.flex_pretty.tickets.flex_compact_tickets.text.flex_pretty.tickets.flex_compact_tickets.text.flex_pretty.tickets.flex_compact_tickets.text.flex_pretty.tickets.flex_compact_tickets.text.flex_pretty.tickets.flex_compact_tickets.text.flex_pretty.mib" name="init_per_group" time="0.034458" timestamp="2012-11-19T18:43:18" log="/home/karl/tmp/otp_tests/logs/megaco_test_logs/ct_run.ct@devbox.2012-11-19_18.26.56/tests.megaco_test.logs/run.2012-11-19_18.27.20/megaco_suite.init_per_group.346998.618.html"></testcase><testcase group="codec.codec.text.flex_pretty.tickets.flex_compact_tickets.text.flex_pretty.tickets.flex_compact_tickets.text.flex_pretty.tickets.flex_compact_tickets.text.flex_pretty.tickets.flex_compact_tickets.text.flex_pretty.tickets.flex_compact_tickets.text.flex_pretty.mib" name="end_per_suite" time="0.027116" timestamp="2012-11-19T18:43:18" log="/home/karl/tmp/otp_tests/logs/megaco_test_logs/ct_run.ct@devbox.2012-11-19_18.26.56/tests.megaco_test.logs/run.2012-11-19_18.27.20/megaco_suite.end_per_suite.346998.701.html"></testcase></testsuite><testsuite name="megaco_sdp_test" time="0.615311" timestamp="2012-11-19T18:43:17" errors="0" tests="6"><testcase group="codec.codec.text.flex_pretty.tickets.flex_compact_tickets.text.flex_pretty.tickets.flex_compact_tickets.text.flex_pretty.tickets.flex_compact_tickets.text.flex_pretty.tickets.flex_compact_tickets.text.flex_pretty.tickets.flex_compact_tickets.text.flex_pretty.sdp" name="init_per_suite" time="0.025235" timestamp="2012-11-19T18:43:17" log="/home/karl/tmp/otp_tests/logs/megaco_test_logs/ct_run.ct@devbox.2012-11-19_18.26.56/tests.megaco_test.logs/run.2012-11-19_18.27.20/ct_framework.init_per_suite.346997.822.html"></testcase><testcase group="codec.codec.text.flex_pretty.tickets.flex_compact_tickets.text.flex_pretty.tickets.flex_compact_tickets.text.flex_pretty.tickets.flex_compact_tickets.text.flex_pretty.tickets.flex_compact_tickets.text.flex_pretty.tickets.flex_compact_tickets.text.flex_pretty.sdp" name="decode_encode" time="0.032820" timestamp="2012-11-19T18:43:17" log="/home/karl/tmp/otp_tests/logs/megaco_test_logs/ct_run.ct@devbox.2012-11-19_18.26.56/tests.megaco_test.logs/run.2012-11-19_18.27.20/megaco_sdp_test.decode_encode.html"></testcase><testcase group="codec.codec.text.flex_pretty.tickets.flex_compact_tickets.text.flex_pretty.tickets.flex_compact_tickets.text.flex_pretty.tickets.flex_compact_tickets.text.flex_pretty.tickets.flex_compact_tickets.text.flex_pretty.tickets.flex_compact_tickets.text.flex_pretty.sdp.tickets" name="init_per_group" time="0.035282" timestamp="2012-11-19T18:43:18" log="/home/karl/tmp/otp_tests/logs/megaco_test_logs/ct_run.ct@devbox.2012-11-19_18.26.56/tests.megaco_test.logs/run.2012-11-19_18.27.20/megaco_sdp_test.init_per_group.html"></testcase><testcase group="codec.codec.text.flex_pretty.tickets.flex_compact_tickets.text.flex_pretty.tickets.flex_compact_tickets.text.flex_pretty.tickets.flex_compact_tickets.text.flex_pretty.tickets.flex_compact_tickets.text.flex_pretty.tickets.flex_compact_tickets.text.flex_pretty.sdp.tickets" name="otp8123" time="0.025913" timestamp="2012-11-19T18:43:18" log="/home/karl/tmp/otp_tests/logs/megaco_test_logs/ct_run.ct@devbox.2012-11-19_18.26.56/tests.megaco_test.logs/run.2012-11-19_18.27.20/megaco_sdp_test.otp8123.html"></testcase><testcase group="codec.codec.text.flex_pretty.tickets.flex_compact_tickets.text.flex_pretty.tickets.flex_compact_tickets.text.flex_pretty.tickets.flex_compact_tickets.text.flex_pretty.tickets.flex_compact_tickets.text.flex_pretty.tickets.flex_compact_tickets.text.flex_pretty.sdp.tickets" name="end_per_group" time="0.028395" timestamp="2012-11-19T18:43:18" log="/home/karl/tmp/otp_tests/logs/megaco_test_logs/ct_run.ct@devbox.2012-11-19_18.26.56/tests.megaco_test.logs/run.2012-11-19_18.27.20/megaco_sdp_test.end_per_group.html"></testcase><testcase group="codec.codec.text.flex_pretty.tickets.flex_compact_tickets.text.flex_pretty.tickets.flex_compact_tickets.text.flex_pretty.tickets.flex_compact_tickets.text.flex_pretty.tickets.flex_compact_tickets.text.flex_pretty.tickets.flex_compact_tickets.text.flex_pretty.sdp" name="end_per_suite" time="0.034771" timestamp="2012-11-19T18:43:18" log="/home/karl/tmp/otp_tests/logs/megaco_test_logs/ct_run.ct@devbox.2012-11-19_18.26.56/tests.megaco_test.logs/run.2012-11-19_18.27.20/ct_framework.end_per_suite.346998.252.html"></testcase></testsuite><testsuite name="megaco_SUITE" time="0.355796" timestamp="2012-11-19T18:43:17" errors="0" tests="4"><testcase group="codec.codec.text.flex_pretty.tickets.flex_compact_tickets.text.flex_pretty.tickets.flex_compact_tickets.text.flex_pretty.tickets.flex_compact_tickets.text.flex_pretty.tickets.flex_compact_tickets.text.flex_pretty.tickets.flex_compact_tickets.text.flex_pretty.tickets" name="init_per_suite" time="0.052146" timestamp="2012-11-19T18:43:17" log="/home/karl/tmp/otp_tests/logs/megaco_test_logs/ct_run.ct@devbox.2012-11-19_18.26.56/tests.megaco_test.logs/run.2012-11-19_18.27.20/megaco_suite.init_per_suite.346997.360.html"></testcase><testcase group="codec.codec.text.flex_pretty.tickets.flex_compact_tickets.text.flex_pretty.tickets.flex_compact_tickets.text.flex_pretty.tickets.flex_compact_tickets.text.flex_pretty.tickets.flex_compact_tickets.text.flex_pretty.tickets.flex_compact_tickets.text.flex_pretty.tickets" name="end_per_group" time="0.024136" timestamp="2012-11-19T18:43:17" log="/home/karl/tmp/otp_tests/logs/megaco_test_logs/ct_run.ct@devbox.2012-11-19_18.26.56/tests.megaco_test.logs/run.2012-11-19_18.27.20/megaco_suite.end_per_group.346997.580.html"></testcase><testcase group="codec.codec.text.flex_pretty.tickets.flex_compact_tickets.text.flex_pretty.tickets.flex_compact_tickets.text.flex_pretty.tickets.flex_compact_tickets.text.flex_pretty.tickets.flex_compact_tickets.text.flex_pretty.tickets.flex_compact_tickets.text.flex_pretty.sdp" name="init_per_group" time="0.027391" timestamp="2012-11-19T18:43:17" log="/home/karl/tmp/otp_tests/logs/megaco_test_logs/ct_run.ct@devbox.2012-11-19_18.26.56/tests.megaco_test.logs/run.2012-11-19_18.27.20/megaco_suite.init_per_group.346997.653.html"></testcase><testcase group="codec.codec.text.flex_pretty.tickets.flex_compact_tickets.text.flex_pretty.tickets.flex_compact_tickets.text.flex_pretty.tickets.flex_compact_tickets.text.flex_pretty.tickets.flex_compact_tickets.text.flex_pretty.tickets.flex_compact_tickets.text.flex_pretty.sdp" name="end_per_suite" time="0.034498" timestamp="2012-11-19T18:43:17" log="/home/karl/tmp/otp_tests/logs/megaco_test_logs/ct_run.ct@devbox.2012-11-19_18.26.56/tests.megaco_test.logs/run.2012-11-19_18.27.20/megaco_suite.end_per_suite.346997.737.html"></testcase></testsuite><testsuite name="megaco_codec_test" time="0.367966" timestamp="2012-11-19T18:43:17" errors="0" tests="3"><testcase group="codec.codec.text.flex_pretty.tickets.flex_compact_tickets.text.flex_pretty.tickets.flex_compact_tickets.text.flex_pretty.tickets.flex_compact_tickets.text.flex_pretty.tickets.flex_compact_tickets.text.flex_pretty.tickets.flex_compact_tickets.text.flex_pretty.tickets.flex_compact_tickets" name="init_per_suite" time="0.043273" timestamp="2012-11-19T18:43:17" log="/home/karl/tmp/otp_tests/logs/megaco_test_logs/ct_run.ct@devbox.2012-11-19_18.26.56/tests.megaco_test.logs/run.2012-11-19_18.27.20/ct_framework.init_per_suite.346997.97.html"></testcase><testcase group="codec.codec.text.flex_pretty.tickets.flex_compact_tickets.text.flex_pretty.tickets.flex_compact_tickets.text.flex_pretty.tickets.flex_compact_tickets.text.flex_pretty.tickets.flex_compact_tickets.text.flex_pretty.tickets.flex_compact_tickets.text.flex_pretty.tickets.flex_compact_tickets" name="end_per_group" time="0.021402" timestamp="2012-11-19T18:43:17" log="/home/karl/tmp/otp_tests/logs/megaco_test_logs/ct_run.ct@devbox.2012-11-19_18.26.56/tests.megaco_test.logs/run.2012-11-19_18.27.20/megaco_codec_test.end_per_group.html"></testcase><testcase group="codec.codec.text.flex_pretty.tickets.flex_compact_tickets.text.flex_pretty.tickets.flex_compact_tickets.text.flex_pretty.tickets.flex_compact_tickets.text.flex_pretty.tickets.flex_compact_tickets.text.flex_pretty.tickets.flex_compact_tickets.text.flex_pretty.tickets" name="end_per_suite" time="0.028863" timestamp="2012-11-19T18:43:17" log="/home/karl/tmp/otp_tests/logs/megaco_test_logs/ct_run.ct@devbox.2012-11-19_18.26.56/tests.megaco_test.logs/run.2012-11-19_18.27.20/ct_framework.end_per_suite.346997.272.html"></testcase></testsuite><testsuite name="megaco_codec_v3_test" time="96.525037" timestamp="2012-11-19T18:41:40" errors="50" tests="176"><testcase group="codec.codec.text.flex_pretty.tickets.flex_compact_tickets.text.flex_pretty.tickets.flex_compact_tickets.text.flex_pretty.tickets.flex_compact_tickets.text.flex_pretty.tickets.flex_compact_tickets.text.flex_pretty.tickets.flex_compact_tickets" name="init_per_suite" time="0.024049" timestamp="2012-11-19T18:41:40" log="/home/karl/tmp/otp_tests/logs/megaco_test_logs/ct_run.ct@devbox.2012-11-19_18.26.56/tests.megaco_test.logs/run.2012-11-19_18.27.20/ct_framework.init_per_suite.346900.573.html"></testcase><testcase group="codec.codec.text.flex_pretty.tickets.flex_compact_tickets.text.flex_pretty.tickets.flex_compact_tickets.text.flex_pretty.tickets.flex_compact_tickets.text.flex_pretty.tickets.flex_compact_tickets.text.flex_pretty.tickets.flex_compact_tickets.text" name="init_per_group" time="0.014558" timestamp="2012-11-19T18:41:40" log="/home/karl/tmp/otp_tests/logs/megaco_test_logs/ct_run.ct@devbox.2012-11-19_18.26.56/tests.megaco_test.logs/run.2012-11-19_18.27.20/megaco_codec_v3_test.init_per_group.html"></testcase><testcase group="codec.codec.text.flex_pretty.tickets.flex_compact_tickets.text.flex_pretty.tickets.flex_compact_tickets.text.flex_pretty.tickets.flex_compact_tickets.text.flex_pretty.tickets.flex_compact_tickets.text.flex_pretty.tickets.flex_compact_tickets.text.pretty" name="init_per_group" time="0.014990" timestamp="2012-11-19T18:41:40" log="/home/karl/tmp/otp_tests/logs/megaco_test_logs/ct_run.ct@devbox.2012-11-19_18.26.56/tests.megaco_test.logs/run.2012-11-19_18.27.20/megaco_codec_v3_test.init_per_group.346900.712.html"></testcase><testcase group="codec.codec.text.flex_pretty.tickets.flex_compact_tickets.text.flex_pretty.tickets.flex_compact_tickets.text.flex_pretty.tickets.flex_compact_tickets.text.flex_pretty.tickets.flex_compact_tickets.text.flex_pretty.tickets.flex_compact_tickets.text.pretty" name="pretty_test_msgs" time="1.153603" timestamp="2012-11-19T18:41:40" log="/home/karl/tmp/otp_tests/logs/megaco_test_logs/ct_run.ct@devbox.2012-11-19_18.26.56/tests.megaco_test.logs/run.2012-11-19_18.27.20/megaco_codec_v3_test.pretty_test_msgs.html"></testcase><testcase group="codec.codec.text.flex_pretty.tickets.flex_compact_tickets.text.flex_pretty.tickets.flex_compact_tickets.text.flex_pretty.tickets.flex_compact_tickets.text.flex_pretty.tickets.flex_compact_tickets.text.flex_pretty.tickets.flex_compact_tickets.text.pretty" name="end_per_group" time="0.018330" timestamp="2012-11-19T18:41:41" log="/home/karl/tmp/otp_tests/logs/megaco_test_logs/ct_run.ct@devbox.2012-11-19_18.26.56/tests.megaco_test.logs/run.2012-11-19_18.27.20/megaco_codec_v3_test.end_per_group.html"></testcase><testcase group="codec.codec.text.flex_pretty.tickets.flex_compact_tickets.text.flex_pretty.tickets.flex_compact_tickets.text.flex_pretty.tickets.flex_compact_tickets.text.flex_pretty.tickets.flex_compact_tickets.text.flex_pretty.tickets.flex_compact_tickets.text.flex_pretty" name="init_per_group" time="0.018030" timestamp="2012-11-19T18:41:42" log="/home/karl/tmp/otp_tests/logs/megaco_test_logs/ct_run.ct@devbox.2012-11-19_18.26.56/tests.megaco_test.logs/run.2012-11-19_18.27.20/megaco_codec_v3_test.init_per_group.346902.26.html"><skipped type="skip" message="Test init_per_group in megaco_codec_v3_test skipped!">{tc_user_skip,{skipped,&quot;failed_loading_flex_scanner_driver: cannot open shared object file: No such file or directory&quot;}}</skipped></testcase><testcase group="codec.codec.text.flex_pretty.tickets.flex_compact_tickets.text.flex_pretty.tickets.flex_compact_tickets.text.flex_pretty.tickets.flex_compact_tickets.text.flex_pretty.tickets.flex_compact_tickets.text.flex_pretty.tickets.flex_compact_tickets.text.flex_pretty" name="flex_pretty_test_msgs" time="0.000026" timestamp="2012-11-19T18:41:42" log=""><skipped type="skip" message="Test flex_pretty_test_msgs in megaco_codec_v3_test skipped!">{tc_auto_skip,
    {failed,
        {megaco_codec_v3_test,init_per_group,
            {&apos;EXIT&apos;,
                {skipped,
                    &quot;failed_loading_flex_scanner_driver: cannot open shared object file: No such file or directory&quot;}}}}}</skipped></testcase><testcase group="codec.codec.text.flex_pretty.tickets.flex_compact_tickets.text.flex_pretty.tickets.flex_compact_tickets.text.flex_pretty.tickets.flex_compact_tickets.text.flex_pretty.tickets.flex_compact_tickets.text.flex_pretty.tickets.flex_compact_tickets.text.flex_pretty" name="end_per_group" time="0.000018" timestamp="2012-11-19T18:41:42" log=""><skipped type="skip" message="Test end_per_group in megaco_codec_v3_test skipped!">{tc_auto_skip,
    {failed,
        {megaco_codec_v3_test,init_per_group,
            {&apos;EXIT&apos;,
                {skipped,
                    &quot;failed_loading_flex_scanner_driver: cannot open shared object file: No such file or directory&quot;}}}}}</skipped></testcase><testcase group="codec.codec.text.flex_pretty.tickets.flex_compact_tickets.text.flex_pretty.tickets.flex_compact_tickets.text.flex_pretty.tickets.flex_compact_tickets.text.flex_pretty.tickets.flex_compact_tickets.text.flex_pretty.tickets.flex_compact_tickets.text.flex_pretty.compact" name="init_per_group" time="0.016955" timestamp="2012-11-19T18:41:42" log="/home/karl/tmp/otp_tests/logs/megaco_test_logs/ct_run.ct@devbox.2012-11-19_18.26.56/tests.megaco_test.logs/run.2012-11-19_18.27.20/megaco_codec_v3_test.init_per_group.346902.183.html"></testcase><testcase group="codec.codec.text.flex_pretty.tickets.flex_compact_tickets.text.flex_pretty.tickets.flex_compact_tickets.text.flex_pretty.tickets.flex_compact_tickets.text.flex_pretty.tickets.flex_compact_tickets.text.flex_pretty.tickets.flex_compact_tickets.text.flex_pretty.compact" name="compact_test_msgs" time="1.114300" timestamp="2012-11-19T18:41:42" log="/home/karl/tmp/otp_tests/logs/megaco_test_logs/ct_run.ct@devbox.2012-11-19_18.26.56/tests.megaco_test.logs/run.2012-11-19_18.27.20/megaco_codec_v3_test.compact_test_msgs.html"></testcase><testcase group="codec.codec.text.flex_pretty.tickets.flex_compact_tickets.text.flex_pretty.tickets.flex_compact_tickets.text.flex_pretty.tickets.flex_compact_tickets.text.flex_pretty.tickets.flex_compact_tickets.text.flex_pretty.tickets.flex_compact_tickets.text.flex_pretty.compact" name="end_per_group" time="0.017715" timestamp="2012-11-19T18:41:43" log="/home/karl/tmp/otp_tests/logs/megaco_test_logs/ct_run.ct@devbox.2012-11-19_18.26.56/tests.megaco_test.logs/run.2012-11-19_18.27.20/megaco_codec_v3_test.end_per_group.346903.395.html"></testcase><testcase group="codec.codec.text.flex_pretty.tickets.flex_compact_tickets.text.flex_pretty.tickets.flex_compact_tickets.text.flex_pretty.tickets.flex_compact_tickets.text.flex_pretty.tickets.flex_compact_tickets.text.flex_pretty.tickets.flex_compact_tickets.text.flex_pretty.flex_compact" name="init_per_group" time="0.018714" timestamp="2012-11-19T18:41:43" log="/home/karl/tmp/otp_tests/logs/megaco_test_logs/ct_run.ct@devbox.2012-11-19_18.26.56/tests.megaco_test.logs/run.2012-11-19_18.27.20/megaco_codec_v3_test.init_per_group.346903.454.html"><skipped type="skip" message="Test init_per_group in megaco_codec_v3_test skipped!">{tc_user_skip,{skipped,&quot;failed_loading_flex_scanner_driver: cannot open shared object file: No such file or directory&quot;}}</skipped></testcase><testcase group="codec.codec.text.flex_pretty.tickets.flex_compact_tickets.text.flex_pretty.tickets.flex_compact_tickets.text.flex_pretty.tickets.flex_compact_tickets.text.flex_pretty.tickets.flex_compact_tickets.text.flex_pretty.tickets.flex_compact_tickets.text.flex_pretty.flex_compact" name="flex_compact_test_msgs" time="0.000020" timestamp="2012-11-19T18:41:43" log=""><skipped type="skip" message="Test flex_compact_test_msgs in megaco_codec_v3_test skipped!">{tc_auto_skip,
    {failed,
        {megaco_codec_v3_test,init_per_group,
            {&apos;EXIT&apos;,
                {skipped,
                    &quot;failed_loading_flex_scanner_driver: cannot open shared object file: No such file or directory&quot;}}}}}</skipped></testcase><testcase group="codec.codec.text.flex_pretty.tickets.flex_compact_tickets.text.flex_pretty.tickets.flex_compact_tickets.text.flex_pretty.tickets.flex_compact_tickets.text.flex_pretty.tickets.flex_compact_tickets.text.flex_pretty.tickets.flex_compact_tickets.text.flex_pretty.flex_compact" name="flex_compact_dm_timers1" time="0.000021" timestamp="2012-11-19T18:41:43" log=""><skipped type="skip" message="Test flex_compact_dm_timers1 in megaco_codec_v3_test skipped!">{tc_auto_skip,
    {failed,
        {megaco_codec_v3_test,init_per_group,
            {&apos;EXIT&apos;,
                {skipped,
                    &quot;failed_loading_flex_scanner_driver: cannot open shared object file: No such file or directory&quot;}}}}}</skipped></testcase><testcase group="codec.codec.text.flex_pretty.tickets.flex_compact_tickets.text.flex_pretty.tickets.flex_compact_tickets.text.flex_pretty.tickets.flex_compact_tickets.text.flex_pretty.tickets.flex_compact_tickets.text.flex_pretty.tickets.flex_compact_tickets.text.flex_pretty.flex_compact" name="flex_compact_dm_timers2" time="0.000028" timestamp="2012-11-19T18:41:43" log=""><skipped type="skip" message="Test flex_compact_dm_timers2 in megaco_codec_v3_test skipped!">{tc_auto_skip,
    {failed,
        {megaco_codec_v3_test,init_per_group,
            {&apos;EXIT&apos;,
                {skipped,
                    &quot;failed_loading_flex_scanner_driver: cannot open shared object file: No such file or directory&quot;}}}}}</skipped></testcase><testcase group="codec.codec.text.flex_pretty.tickets.flex_compact_tickets.text.flex_pretty.tickets.flex_compact_tickets.text.flex_pretty.tickets.flex_compact_tickets.text.flex_pretty.tickets.flex_compact_tickets.text.flex_pretty.tickets.flex_compact_tickets.text.flex_pretty.flex_compact" name="flex_compact_dm_timers3" time="0.000032" timestamp="2012-11-19T18:41:43" log=""><skipped type="skip" message="Test flex_compact_dm_timers3 in megaco_codec_v3_test skipped!">{tc_auto_skip,
    {failed,
        {megaco_codec_v3_test,init_per_group,
            {&apos;EXIT&apos;,
                {skipped,
                    &quot;failed_loading_flex_scanner_driver: cannot open shared object file: No such file or directory&quot;}}}}}</skipped></testcase><testcase group="codec.codec.text.flex_pretty.tickets.flex_compact_tickets.text.flex_pretty.tickets.flex_compact_tickets.text.flex_pretty.tickets.flex_compact_tickets.text.flex_pretty.tickets.flex_compact_tickets.text.flex_pretty.tickets.flex_compact_tickets.text.flex_pretty.flex_compact" name="flex_compact_dm_timers4" time="0.000018" timestamp="2012-11-19T18:41:43" log=""><skipped type="skip" message="Test flex_compact_dm_timers4 in megaco_codec_v3_test skipped!">{tc_auto_skip,
    {failed,
        {megaco_codec_v3_test,init_per_group,
            {&apos;EXIT&apos;,
                {skipped,
                    &quot;failed_loading_flex_scanner_driver: cannot open shared object file: No such file or directory&quot;}}}}}</skipped></testcase><testcase group="codec.codec.text.flex_pretty.tickets.flex_compact_tickets.text.flex_pretty.tickets.flex_compact_tickets.text.flex_pretty.tickets.flex_compact_tickets.text.flex_pretty.tickets.flex_compact_tickets.text.flex_pretty.tickets.flex_compact_tickets.text.flex_pretty.flex_compact" name="flex_compact_dm_timers5" time="0.000048" timestamp="2012-11-19T18:41:43" log=""><skipped type="skip" message="Test flex_compact_dm_timers5 in megaco_codec_v3_test skipped!">{tc_auto_skip,
    {failed,
        {megaco_codec_v3_test,init_per_group,
            {&apos;EXIT&apos;,
                {skipped,
                    &quot;failed_loading_flex_scanner_driver: cannot open shared object file: No such file or directory&quot;}}}}}</skipped></testcase><testcase group="codec.codec.text.flex_pretty.tickets.flex_compact_tickets.text.flex_pretty.tickets.flex_compact_tickets.text.flex_pretty.tickets.flex_compact_tickets.text.flex_pretty.tickets.flex_compact_tickets.text.flex_pretty.tickets.flex_compact_tickets.text.flex_pretty.flex_compact" name="flex_compact_dm_timers6" time="0.000019" timestamp="2012-11-19T18:41:43" log=""><skipped type="skip" message="Test flex_compact_dm_timers6 in megaco_codec_v3_test skipped!">{tc_auto_skip,
    {failed,
        {megaco_codec_v3_test,init_per_group,
            {&apos;EXIT&apos;,
                {skipped,
                    &quot;failed_loading_flex_scanner_driver: cannot open shared object file: No such file or directory&quot;}}}}}</skipped></testcase><testcase group="codec.codec.text.flex_pretty.tickets.flex_compact_tickets.text.flex_pretty.tickets.flex_compact_tickets.text.flex_pretty.tickets.flex_compact_tickets.text.flex_pretty.tickets.flex_compact_tickets.text.flex_pretty.tickets.flex_compact_tickets.text.flex_pretty.flex_compact" name="flex_compact_dm_timers7" time="0.000021" timestamp="2012-11-19T18:41:43" log=""><skipped type="skip" message="Test flex_compact_dm_timers7 in megaco_codec_v3_test skipped!">{tc_auto_skip,
    {failed,
        {megaco_codec_v3_test,init_per_group,
            {&apos;EXIT&apos;,
                {skipped,
                    &quot;failed_loading_flex_scanner_driver: cannot open shared object file: No such file or directory&quot;}}}}}</skipped></testcase><testcase group="codec.codec.text.flex_pretty.tickets.flex_compact_tickets.text.flex_pretty.tickets.flex_compact_tickets.text.flex_pretty.tickets.flex_compact_tickets.text.flex_pretty.tickets.flex_compact_tickets.text.flex_pretty.tickets.flex_compact_tickets.text.flex_pretty.flex_compact" name="flex_compact_dm_timers8" time="0.000019" timestamp="2012-11-19T18:41:43" log=""><skipped type="skip" message="Test flex_compact_dm_timers8 in megaco_codec_v3_test skipped!">{tc_auto_skip,
    {failed,
        {megaco_codec_v3_test,init_per_group,
            {&apos;EXIT&apos;,
                {skipped,
                    &quot;failed_loading_flex_scanner_driver: cannot open shared object file: No such file or directory&quot;}}}}}</skipped></testcase><testcase group="codec.codec.text.flex_pretty.tickets.flex_compact_tickets.text.flex_pretty.tickets.flex_compact_tickets.text.flex_pretty.tickets.flex_compact_tickets.text.flex_pretty.tickets.flex_compact_tickets.text.flex_pretty.tickets.flex_compact_tickets.text.flex_pretty.flex_compact" name="end_per_group" time="0.000019" timestamp="2012-11-19T18:41:43" log=""><skipped type="skip" message="Test end_per_group in megaco_codec_v3_test skipped!">{tc_auto_skip,
    {failed,
        {megaco_codec_v3_test,init_per_group,
            {&apos;EXIT&apos;,
                {skipped,
                    &quot;failed_loading_flex_scanner_driver: cannot open shared object file: No such file or directory&quot;}}}}}</skipped></testcase><testcase group="codec.codec.text.flex_pretty.tickets.flex_compact_tickets.text.flex_pretty.tickets.flex_compact_tickets.text.flex_pretty.tickets.flex_compact_tickets.text.flex_pretty.tickets.flex_compact_tickets.text.flex_pretty.tickets.flex_compact_tickets.text.flex_pretty.flex_compact" name="end_per_group" time="0.015509" timestamp="2012-11-19T18:41:43" log="/home/karl/tmp/otp_tests/logs/megaco_test_logs/ct_run.ct@devbox.2012-11-19_18.26.56/tests.megaco_test.logs/run.2012-11-19_18.27.20/megaco_codec_v3_test.end_per_group.346903.729.html"></testcase><testcase group="codec.codec.text.flex_pretty.tickets.flex_compact_tickets.text.flex_pretty.tickets.flex_compact_tickets.text.flex_pretty.tickets.flex_compact_tickets.text.flex_pretty.tickets.flex_compact_tickets.text.flex_pretty.tickets.flex_compact_tickets.text.flex_pretty.binary" name="init_per_group" time="0.015705" timestamp="2012-11-19T18:41:43" log="/home/karl/tmp/otp_tests/logs/megaco_test_logs/ct_run.ct@devbox.2012-11-19_18.26.56/tests.megaco_test.logs/run.2012-11-19_18.27.20/megaco_codec_v3_test.init_per_group.346903.785.html"></testcase><testcase group="codec.codec.text.flex_pretty.tickets.flex_compact_tickets.text.flex_pretty.tickets.flex_compact_tickets.text.flex_pretty.tickets.flex_compact_tickets.text.flex_pretty.tickets.flex_compact_tickets.text.flex_pretty.tickets.flex_compact_tickets.text.flex_pretty.binary.bin" name="init_per_group" time="0.024626" timestamp="2012-11-19T18:41:43" log="/home/karl/tmp/otp_tests/logs/megaco_test_logs/ct_run.ct@devbox.2012-11-19_18.26.56/tests.megaco_test.logs/run.2012-11-19_18.27.20/megaco_codec_v3_test.init_per_group.346903.840.html"></testcase><testcase group="codec.codec.text.flex_pretty.tickets.flex_compact_tickets.text.flex_pretty.tickets.flex_compact_tickets.text.flex_pretty.tickets.flex_compact_tickets.text.flex_pretty.tickets.flex_compact_tickets.text.flex_pretty.tickets.flex_compact_tickets.text.flex_pretty.binary.bin" name="bin_test_msgs" time="1.123251" timestamp="2012-11-19T18:41:43" log="/home/karl/tmp/otp_tests/logs/megaco_test_logs/ct_run.ct@devbox.2012-11-19_18.26.56/tests.megaco_test.logs/run.2012-11-19_18.27.20/megaco_codec_v3_test.bin_test_msgs.html"></testcase><testcase group="codec.codec.text.flex_pretty.tickets.flex_compact_tickets.text.flex_pretty.tickets.flex_compact_tickets.text.flex_pretty.tickets.flex_compact_tickets.text.flex_pretty.tickets.flex_compact_tickets.text.flex_pretty.tickets.flex_compact_tickets.text.flex_pretty.binary.bin" name="end_per_group" time="0.018807" timestamp="2012-11-19T18:41:45" log="/home/karl/tmp/otp_tests/logs/megaco_test_logs/ct_run.ct@devbox.2012-11-19_18.26.56/tests.megaco_test.logs/run.2012-11-19_18.27.20/megaco_codec_v3_test.end_per_group.346905.70.html"></testcase><testcase group="codec.codec.text.flex_pretty.tickets.flex_compact_tickets.text.flex_pretty.tickets.flex_compact_tickets.text.flex_pretty.tickets.flex_compact_tickets.text.flex_pretty.tickets.flex_compact_tickets.text.flex_pretty.tickets.flex_compact_tickets.text.flex_pretty.binary.ber" name="init_per_group" time="0.015225" timestamp="2012-11-19T18:41:45" log="/home/karl/tmp/otp_tests/logs/megaco_test_logs/ct_run.ct@devbox.2012-11-19_18.26.56/tests.megaco_test.logs/run.2012-11-19_18.27.20/megaco_codec_v3_test.init_per_group.346905.131.html"></testcase><testcase group="codec.codec.text.flex_pretty.tickets.flex_compact_tickets.text.flex_pretty.tickets.flex_compact_tickets.text.flex_pretty.tickets.flex_compact_tickets.text.flex_pretty.tickets.flex_compact_tickets.text.flex_pretty.tickets.flex_compact_tickets.text.flex_pretty.binary.ber" name="ber_test_msgs" time="1.173239" timestamp="2012-11-19T18:41:45" log="/home/karl/tmp/otp_tests/logs/megaco_test_logs/ct_run.ct@devbox.2012-11-19_18.26.56/tests.megaco_test.logs/run.2012-11-19_18.27.20/megaco_codec_v3_test.ber_test_msgs.html"></testcase><testcase group="codec.codec.text.flex_pretty.tickets.flex_compact_tickets.text.flex_pretty.tickets.flex_compact_tickets.text.flex_pretty.tickets.flex_compact_tickets.text.flex_pretty.tickets.flex_compact_tickets.text.flex_pretty.tickets.flex_compact_tickets.text.flex_pretty.binary.ber" name="end_per_group" time="0.023217" timestamp="2012-11-19T18:41:46" log="/home/karl/tmp/otp_tests/logs/megaco_test_logs/ct_run.ct@devbox.2012-11-19_18.26.56/tests.megaco_test.logs/run.2012-11-19_18.27.20/megaco_codec_v3_test.end_per_group.346906.404.html"></testcase><testcase group="codec.codec.text.flex_pretty.tickets.flex_compact_tickets.text.flex_pretty.tickets.flex_compact_tickets.text.flex_pretty.tickets.flex_compact_tickets.text.flex_pretty.tickets.flex_compact_tickets.text.flex_pretty.tickets.flex_compact_tickets.text.flex_pretty.binary.ber_bin" name="init_per_group" time="0.018190" timestamp="2012-11-19T18:41:46" log="/home/karl/tmp/otp_tests/logs/megaco_test_logs/ct_run.ct@devbox.2012-11-19_18.26.56/tests.megaco_test.logs/run.2012-11-19_18.27.20/megaco_codec_v3_test.init_per_group.346906.471.html"></testcase><testcase group="codec.codec.text.flex_pretty.tickets.flex_compact_tickets.text.flex_pretty.tickets.flex_compact_tickets.text.flex_pretty.tickets.flex_compact_tickets.text.flex_pretty.tickets.flex_compact_tickets.text.flex_pretty.tickets.flex_compact_tickets.text.flex_pretty.binary.ber_bin" name="ber_bin_test_msgs" time="1.110189" timestamp="2012-11-19T18:41:46" log="/home/karl/tmp/otp_tests/logs/megaco_test_logs/ct_run.ct@devbox.2012-11-19_18.26.56/tests.megaco_test.logs/run.2012-11-19_18.27.20/megaco_codec_v3_test.ber_bin_test_msgs.html"></testcase><testcase group="codec.codec.text.flex_pretty.tickets.flex_compact_tickets.text.flex_pretty.tickets.flex_compact_tickets.text.flex_pretty.tickets.flex_compact_tickets.text.flex_pretty.tickets.flex_compact_tickets.text.flex_pretty.tickets.flex_compact_tickets.text.flex_pretty.binary.ber_bin" name="end_per_group" time="0.018639" timestamp="2012-11-19T18:41:47" log="/home/karl/tmp/otp_tests/logs/megaco_test_logs/ct_run.ct@devbox.2012-11-19_18.26.56/tests.megaco_test.logs/run.2012-11-19_18.27.20/megaco_codec_v3_test.end_per_group.346907.686.html"></testcase><testcase group="codec.codec.text.flex_pretty.tickets.flex_compact_tickets.text.flex_pretty.tickets.flex_compact_tickets.text.flex_pretty.tickets.flex_compact_tickets.text.flex_pretty.tickets.flex_compact_tickets.text.flex_pretty.tickets.flex_compact_tickets.text.flex_pretty.binary.per" name="init_per_group" time="0.018229" timestamp="2012-11-19T18:41:47" log="/home/karl/tmp/otp_tests/logs/megaco_test_logs/ct_run.ct@devbox.2012-11-19_18.26.56/tests.megaco_test.logs/run.2012-11-19_18.27.20/megaco_codec_v3_test.init_per_group.346907.748.html"></testcase><testcase group="codec.codec.text.flex_pretty.tickets.flex_compact_tickets.text.flex_pretty.tickets.flex_compact_tickets.text.flex_pretty.tickets.flex_compact_tickets.text.flex_pretty.tickets.flex_compact_tickets.text.flex_pretty.tickets.flex_compact_tickets.text.flex_pretty.binary.per" name="per_test_msgs" time="1.160080" timestamp="2012-11-19T18:41:47" log="/home/karl/tmp/otp_tests/logs/megaco_test_logs/ct_run.ct@devbox.2012-11-19_18.26.56/tests.megaco_test.logs/run.2012-11-19_18.27.20/megaco_codec_v3_test.per_test_msgs.html"></testcase><testcase group="codec.codec.text.flex_pretty.tickets.flex_compact_tickets.text.flex_pretty.tickets.flex_compact_tickets.text.flex_pretty.tickets.flex_compact_tickets.text.flex_pretty.tickets.flex_compact_tickets.text.flex_pretty.tickets.flex_compact_tickets.text.flex_pretty.binary.per" name="end_per_group" time="0.019797" timestamp="2012-11-19T18:41:49" log="/home/karl/tmp/otp_tests/logs/megaco_test_logs/ct_run.ct@devbox.2012-11-19_18.26.56/tests.megaco_test.logs/run.2012-11-19_18.27.20/megaco_codec_v3_test.end_per_group.346909.9.html"></testcase><testcase group="codec.codec.text.flex_pretty.tickets.flex_compact_tickets.text.flex_pretty.tickets.flex_compact_tickets.text.flex_pretty.tickets.flex_compact_tickets.text.flex_pretty.tickets.flex_compact_tickets.text.flex_pretty.tickets.flex_compact_tickets.text.flex_pretty.binary.per_bin" name="init_per_group" time="0.015680" timestamp="2012-11-19T18:41:49" log="/home/karl/tmp/otp_tests/logs/megaco_test_logs/ct_run.ct@devbox.2012-11-19_18.26.56/tests.megaco_test.logs/run.2012-11-19_18.27.20/megaco_codec_v3_test.init_per_group.346909.74.html"></testcase><testcase group="codec.codec.text.flex_pretty.tickets.flex_compact_tickets.text.flex_pretty.tickets.flex_compact_tickets.text.flex_pretty.tickets.flex_compact_tickets.text.flex_pretty.tickets.flex_compact_tickets.text.flex_pretty.tickets.flex_compact_tickets.text.flex_pretty.binary.per_bin" name="per_bin_test_msgs" time="1.149724" timestamp="2012-11-19T18:41:49" log="/home/karl/tmp/otp_tests/logs/megaco_test_logs/ct_run.ct@devbox.2012-11-19_18.26.56/tests.megaco_test.logs/run.2012-11-19_18.27.20/megaco_codec_v3_test.per_bin_test_msgs.html"></testcase><testcase group="codec.codec.text.flex_pretty.tickets.flex_compact_tickets.text.flex_pretty.tickets.flex_compact_tickets.text.flex_pretty.tickets.flex_compact_tickets.text.flex_pretty.tickets.flex_compact_tickets.text.flex_pretty.tickets.flex_compact_tickets.text.flex_pretty.binary.per_bin" name="end_per_group" time="0.019087" timestamp="2012-11-19T18:41:50" log="/home/karl/tmp/otp_tests/logs/megaco_test_logs/ct_run.ct@devbox.2012-11-19_18.26.56/tests.megaco_test.logs/run.2012-11-19_18.27.20/megaco_codec_v3_test.end_per_group.346910.328.html"></testcase><testcase group="codec.codec.text.flex_pretty.tickets.flex_compact_tickets.text.flex_pretty.tickets.flex_compact_tickets.text.flex_pretty.tickets.flex_compact_tickets.text.flex_pretty.tickets.flex_compact_tickets.text.flex_pretty.tickets.flex_compact_tickets.text.flex_pretty.binary" name="end_per_group" time="0.017597" timestamp="2012-11-19T18:41:50" log="/home/karl/tmp/otp_tests/logs/megaco_test_logs/ct_run.ct@devbox.2012-11-19_18.26.56/tests.megaco_test.logs/run.2012-11-19_18.27.20/megaco_codec_v3_test.end_per_group.346910.390.html"></testcase><testcase group="codec.codec.text.flex_pretty.tickets.flex_compact_tickets.text.flex_pretty.tickets.flex_compact_tickets.text.flex_pretty.tickets.flex_compact_tickets.text.flex_pretty.tickets.flex_compact_tickets.text.flex_pretty.tickets.flex_compact_tickets.text.flex_pretty.erl_dist" name="init_per_group" time="0.015837" timestamp="2012-11-19T18:41:50" log="/home/karl/tmp/otp_tests/logs/megaco_test_logs/ct_run.ct@devbox.2012-11-19_18.26.56/tests.megaco_test.logs/run.2012-11-19_18.27.20/megaco_codec_v3_test.init_per_group.346910.446.html"></testcase><testcase group="codec.codec.text.flex_pretty.tickets.flex_compact_tickets.text.flex_pretty.tickets.flex_compact_tickets.text.flex_pretty.tickets.flex_compact_tickets.text.flex_pretty.tickets.flex_compact_tickets.text.flex_pretty.tickets.flex_compact_tickets.text.flex_pretty.erl_dist.erl_dist_m" name="init_per_group" time="0.015651" timestamp="2012-11-19T18:41:50" log="/home/karl/tmp/otp_tests/logs/megaco_test_logs/ct_run.ct@devbox.2012-11-19_18.26.56/tests.megaco_test.logs/run.2012-11-19_18.27.20/megaco_codec_v3_test.init_per_group.346910.502.html"></testcase><testcase group="codec.codec.text.flex_pretty.tickets.flex_compact_tickets.text.flex_pretty.tickets.flex_compact_tickets.text.flex_pretty.tickets.flex_compact_tickets.text.flex_pretty.tickets.flex_compact_tickets.text.flex_pretty.tickets.flex_compact_tickets.text.flex_pretty.erl_dist.erl_dist_m" name="erl_dist_m_test_msgs" time="1.112594" timestamp="2012-11-19T18:41:50" log="/home/karl/tmp/otp_tests/logs/megaco_test_logs/ct_run.ct@devbox.2012-11-19_18.26.56/tests.megaco_test.logs/run.2012-11-19_18.27.20/megaco_codec_v3_test.erl_dist_m_test_msgs.html"></testcase><testcase group="codec.codec.text.flex_pretty.tickets.flex_compact_tickets.text.flex_pretty.tickets.flex_compact_tickets.text.flex_pretty.tickets.flex_compact_tickets.text.flex_pretty.tickets.flex_compact_tickets.text.flex_pretty.tickets.flex_compact_tickets.text.flex_pretty.erl_dist.erl_dist_m" name="end_per_group" time="0.022677" timestamp="2012-11-19T18:41:51" log="/home/karl/tmp/otp_tests/logs/megaco_test_logs/ct_run.ct@devbox.2012-11-19_18.26.56/tests.megaco_test.logs/run.2012-11-19_18.27.20/megaco_codec_v3_test.end_per_group.346911.716.html"></testcase><testcase group="codec.codec.text.flex_pretty.tickets.flex_compact_tickets.text.flex_pretty.tickets.flex_compact_tickets.text.flex_pretty.tickets.flex_compact_tickets.text.flex_pretty.tickets.flex_compact_tickets.text.flex_pretty.tickets.flex_compact_tickets.text.flex_pretty.erl_dist" name="end_per_group" time="0.015368" timestamp="2012-11-19T18:41:51" log="/home/karl/tmp/otp_tests/logs/megaco_test_logs/ct_run.ct@devbox.2012-11-19_18.26.56/tests.megaco_test.logs/run.2012-11-19_18.27.20/megaco_codec_v3_test.end_per_group.346911.786.html"></testcase><testcase group="codec.codec.text.flex_pretty.tickets.flex_compact_tickets.text.flex_pretty.tickets.flex_compact_tickets.text.flex_pretty.tickets.flex_compact_tickets.text.flex_pretty.tickets.flex_compact_tickets.text.flex_pretty.tickets.flex_compact_tickets.text.flex_pretty.tickets" name="init_per_group" time="0.015773" timestamp="2012-11-19T18:41:51" log="/home/karl/tmp/otp_tests/logs/megaco_test_logs/ct_run.ct@devbox.2012-11-19_18.26.56/tests.megaco_test.logs/run.2012-11-19_18.27.20/megaco_codec_v3_test.init_per_group.346911.844.html"></testcase><testcase group="codec.codec.text.flex_pretty.tickets.flex_compact_tickets.text.flex_pretty.tickets.flex_compact_tickets.text.flex_pretty.tickets.flex_compact_tickets.text.flex_pretty.tickets.flex_compact_tickets.text.flex_pretty.tickets.flex_compact_tickets.text.flex_pretty.tickets.compact_tickets" name="init_per_group" time="0.018311" timestamp="2012-11-19T18:41:51" log="/home/karl/tmp/otp_tests/logs/megaco_test_logs/ct_run.ct@devbox.2012-11-19_18.26.56/tests.megaco_test.logs/run.2012-11-19_18.27.20/megaco_codec_v3_test.init_per_group.346911.902.html"></testcase><testcase group="codec.codec.text.flex_pretty.tickets.flex_compact_tickets.text.flex_pretty.tickets.flex_compact_tickets.text.flex_pretty.tickets.flex_compact_tickets.text.flex_pretty.tickets.flex_compact_tickets.text.flex_pretty.tickets.flex_compact_tickets.text.flex_pretty.tickets.compact_tickets" name="compact_otp4011_msg1" time="1.067255" timestamp="2012-11-19T18:41:51" log="/home/karl/tmp/otp_tests/logs/megaco_test_logs/ct_run.ct@devbox.2012-11-19_18.26.56/tests.megaco_test.logs/run.2012-11-19_18.27.20/megaco_codec_v3_test.compact_otp4011_msg1.html"></testcase><testcase group="codec.codec.text.flex_pretty.tickets.flex_compact_tickets.text.flex_pretty.tickets.flex_compact_tickets.text.flex_pretty.tickets.flex_compact_tickets.text.flex_pretty.tickets.flex_compact_tickets.text.flex_pretty.tickets.flex_compact_tickets.text.flex_pretty.tickets.compact_tickets" name="compact_otp4011_msg2" time="1.037802" timestamp="2012-11-19T18:41:53" log="/home/karl/tmp/otp_tests/logs/megaco_test_logs/ct_run.ct@devbox.2012-11-19_18.26.56/tests.megaco_test.logs/run.2012-11-19_18.27.20/megaco_codec_v3_test.compact_otp4011_msg2.html"></testcase><testcase group="codec.codec.text.flex_pretty.tickets.flex_compact_tickets.text.flex_pretty.tickets.flex_compact_tickets.text.flex_pretty.tickets.flex_compact_tickets.text.flex_pretty.tickets.flex_compact_tickets.text.flex_pretty.tickets.flex_compact_tickets.text.flex_pretty.tickets.compact_tickets" name="compact_otp4011_msg3" time="1.030881" timestamp="2012-11-19T18:41:54" log="/home/karl/tmp/otp_tests/logs/megaco_test_logs/ct_run.ct@devbox.2012-11-19_18.26.56/tests.megaco_test.logs/run.2012-11-19_18.27.20/megaco_codec_v3_test.compact_otp4011_msg3.html"></testcase><testcase group="codec.codec.text.flex_pretty.tickets.flex_compact_tickets.text.flex_pretty.tickets.flex_compact_tickets.text.flex_pretty.tickets.flex_compact_tickets.text.flex_pretty.tickets.flex_compact_tickets.text.flex_pretty.tickets.flex_compact_tickets.text.flex_pretty.tickets.compact_tickets" name="compact_otp4013_msg1" time="1.030762" timestamp="2012-11-19T18:41:55" log="/home/karl/tmp/otp_tests/logs/megaco_test_logs/ct_run.ct@devbox.2012-11-19_18.26.56/tests.megaco_test.logs/run.2012-11-19_18.27.20/megaco_codec_v3_test.compact_otp4013_msg1.html"></testcase><testcase group="codec.codec.text.flex_pretty.tickets.flex_compact_tickets.text.flex_pretty.tickets.flex_compact_tickets.text.flex_pretty.tickets.flex_compact_tickets.text.flex_pretty.tickets.flex_compact_tickets.text.flex_pretty.tickets.flex_compact_tickets.text.flex_pretty.tickets.compact_tickets" name="compact_otp4085_msg1" time="1.031369" timestamp="2012-11-19T18:41:56" log="/home/karl/tmp/otp_tests/logs/megaco_test_logs/ct_run.ct@devbox.2012-11-19_18.26.56/tests.megaco_test.logs/run.2012-11-19_18.27.20/megaco_codec_v3_test.compact_otp4085_msg1.html"></testcase><testcase group="codec.codec.text.flex_pretty.tickets.flex_compact_tickets.text.flex_pretty.tickets.flex_compact_tickets.text.flex_pretty.tickets.flex_compact_tickets.text.flex_pretty.tickets.flex_compact_tickets.text.flex_pretty.tickets.flex_compact_tickets.text.flex_pretty.tickets.compact_tickets" name="compact_otp4085_msg2" time="1.037379" timestamp="2012-11-19T18:41:57" log="/home/karl/tmp/otp_tests/logs/megaco_test_logs/ct_run.ct@devbox.2012-11-19_18.26.56/tests.megaco_test.logs/run.2012-11-19_18.27.20/megaco_codec_v3_test.compact_otp4085_msg2.html"></testcase><testcase group="codec.codec.text.flex_pretty.tickets.flex_compact_tickets.text.flex_pretty.tickets.flex_compact_tickets.text.flex_pretty.tickets.flex_compact_tickets.text.flex_pretty.tickets.flex_compact_tickets.text.flex_pretty.tickets.flex_compact_tickets.text.flex_pretty.tickets.compact_tickets" name="compact_otp4280_msg1" time="1.030192" timestamp="2012-11-19T18:41:58" log="/home/karl/tmp/otp_tests/logs/megaco_test_logs/ct_run.ct@devbox.2012-11-19_18.26.56/tests.megaco_test.logs/run.2012-11-19_18.27.20/megaco_codec_v3_test.compact_otp4280_msg1.html"></testcase><testcase group="codec.codec.text.flex_pretty.tickets.flex_compact_tickets.text.flex_pretty.tickets.flex_compact_tickets.text.flex_pretty.tickets.flex_compact_tickets.text.flex_pretty.tickets.flex_compact_tickets.text.flex_pretty.tickets.flex_compact_tickets.text.flex_pretty.tickets.compact_tickets" name="compact_otp4299_msg1" time="1.031624" timestamp="2012-11-19T18:41:59" log="/home/karl/tmp/otp_tests/logs/megaco_test_logs/ct_run.ct@devbox.2012-11-19_18.26.56/tests.megaco_test.logs/run.2012-11-19_18.27.20/megaco_codec_v3_test.compact_otp4299_msg1.html"></testcase><testcase group="codec.codec.text.flex_pretty.tickets.flex_compact_tickets.text.flex_pretty.tickets.flex_compact_tickets.text.flex_pretty.tickets.flex_compact_tickets.text.flex_pretty.tickets.flex_compact_tickets.text.flex_pretty.tickets.flex_compact_tickets.text.flex_pretty.tickets.compact_tickets" name="compact_otp4359_msg1" time="1.050533" timestamp="2012-11-19T18:42:00" log="/home/karl/tmp/otp_tests/logs/megaco_test_logs/ct_run.ct@devbox.2012-11-19_18.26.56/tests.megaco_test.logs/run.2012-11-19_18.27.20/megaco_codec_v3_test.compact_otp4359_msg1.html"></testcase><testcase group="codec.codec.text.flex_pretty.tickets.flex_compact_tickets.text.flex_pretty.tickets.flex_compact_tickets.text.flex_pretty.tickets.flex_compact_tickets.text.flex_pretty.tickets.flex_compact_tickets.text.flex_pretty.tickets.flex_compact_tickets.text.flex_pretty.tickets.compact_tickets" name="compact_otp4920_msg0" time="1.037910" timestamp="2012-11-19T18:42:01" log="/home/karl/tmp/otp_tests/logs/megaco_test_logs/ct_run.ct@devbox.2012-11-19_18.26.56/tests.megaco_test.logs/run.2012-11-19_18.27.20/megaco_codec_v3_test.compact_otp4920_msg0.html"></testcase><testcase group="codec.codec.text.flex_pretty.tickets.flex_compact_tickets.text.flex_pretty.tickets.flex_compact_tickets.text.flex_pretty.tickets.flex_compact_tickets.text.flex_pretty.tickets.flex_compact_tickets.text.flex_pretty.tickets.flex_compact_tickets.text.flex_pretty.tickets.compact_tickets" name="compact_otp4920_msg1" time="1.037449" timestamp="2012-11-19T18:42:02" log="/home/karl/tmp/otp_tests/logs/megaco_test_logs/ct_run.ct@devbox.2012-11-19_18.26.56/tests.megaco_test.logs/run.2012-11-19_18.27.20/megaco_codec_v3_test.compact_otp4920_msg1.html"></testcase><testcase group="codec.codec.text.flex_pretty.tickets.flex_compact_tickets.text.flex_pretty.tickets.flex_compact_tickets.text.flex_pretty.tickets.flex_compact_tickets.text.flex_pretty.tickets.flex_compact_tickets.text.flex_pretty.tickets.flex_compact_tickets.text.flex_pretty.tickets.compact_tickets" name="compact_otp4920_msg2" time="1.035302" timestamp="2012-11-19T18:42:03" log="/home/karl/tmp/otp_tests/logs/megaco_test_logs/ct_run.ct@devbox.2012-11-19_18.26.56/tests.megaco_test.logs/run.2012-11-19_18.27.20/megaco_codec_v3_test.compact_otp4920_msg2.html"></testcase><testcase group="codec.codec.text.flex_pretty.tickets.flex_compact_tickets.text.flex_pretty.tickets.flex_compact_tickets.text.flex_pretty.tickets.flex_compact_tickets.text.flex_pretty.tickets.flex_compact_tickets.text.flex_pretty.tickets.flex_compact_tickets.text.flex_pretty.tickets.compact_tickets" name="compact_otp4920_msg3" time="1.050427" timestamp="2012-11-19T18:42:05" log="/home/karl/tmp/otp_tests/logs/megaco_test_logs/ct_run.ct@devbox.2012-11-19_18.26.56/tests.megaco_test.logs/run.2012-11-19_18.27.20/megaco_codec_v3_test.compact_otp4920_msg3.html"></testcase><testcase group="codec.codec.text.flex_pretty.tickets.flex_compact_tickets.text.flex_pretty.tickets.flex_compact_tickets.text.flex_pretty.tickets.flex_compact_tickets.text.flex_pretty.tickets.flex_compact_tickets.text.flex_pretty.tickets.flex_compact_tickets.text.flex_pretty.tickets.compact_tickets" name="compact_otp4920_msg4" time="1.037868" timestamp="2012-11-19T18:42:06" log="/home/karl/tmp/otp_tests/logs/megaco_test_logs/ct_run.ct@devbox.2012-11-19_18.26.56/tests.megaco_test.logs/run.2012-11-19_18.27.20/megaco_codec_v3_test.compact_otp4920_msg4.html"></testcase><testcase group="codec.codec.text.flex_pretty.tickets.flex_compact_tickets.text.flex_pretty.tickets.flex_compact_tickets.text.flex_pretty.tickets.flex_compact_tickets.text.flex_pretty.tickets.flex_compact_tickets.text.flex_pretty.tickets.flex_compact_tickets.text.flex_pretty.tickets.compact_tickets" name="compact_otp4920_msg5" time="1.032834" timestamp="2012-11-19T18:42:07" log="/home/karl/tmp/otp_tests/logs/megaco_test_logs/ct_run.ct@devbox.2012-11-19_18.26.56/tests.megaco_test.logs/run.2012-11-19_18.27.20/megaco_codec_v3_test.compact_otp4920_msg5.html"></testcase><testcase group="codec.codec.text.flex_pretty.tickets.flex_compact_tickets.text.flex_pretty.tickets.flex_compact_tickets.text.flex_pretty.tickets.flex_compact_tickets.text.flex_pretty.tickets.flex_compact_tickets.text.flex_pretty.tickets.flex_compact_tickets.text.flex_pretty.tickets.compact_tickets" name="compact_otp4920_msg6" time="1.033576" timestamp="2012-11-19T18:42:08" log="/home/karl/tmp/otp_tests/logs/megaco_test_logs/ct_run.ct@devbox.2012-11-19_18.26.56/tests.megaco_test.logs/run.2012-11-19_18.27.20/megaco_codec_v3_test.compact_otp4920_msg6.html"></testcase><testcase group="codec.codec.text.flex_pretty.tickets.flex_compact_tickets.text.flex_pretty.tickets.flex_compact_tickets.text.flex_pretty.tickets.flex_compact_tickets.text.flex_pretty.tickets.flex_compact_tickets.text.flex_pretty.tickets.flex_compact_tickets.text.flex_pretty.tickets.compact_tickets" name="compact_otp4920_msg7" time="1.034058" timestamp="2012-11-19T18:42:09" log="/home/karl/tmp/otp_tests/logs/megaco_test_logs/ct_run.ct@devbox.2012-11-19_18.26.56/tests.megaco_test.logs/run.2012-11-19_18.27.20/megaco_codec_v3_test.compact_otp4920_msg7.html"></testcase><testcase group="codec.codec.text.flex_pretty.tickets.flex_compact_tickets.text.flex_pretty.tickets.flex_compact_tickets.text.flex_pretty.tickets.flex_compact_tickets.text.flex_pretty.tickets.flex_compact_tickets.text.flex_pretty.tickets.flex_compact_tickets.text.flex_pretty.tickets.compact_tickets" name="compact_otp4920_msg8" time="1.054953" timestamp="2012-11-19T18:42:10" log="/home/karl/tmp/otp_tests/logs/megaco_test_logs/ct_run.ct@devbox.2012-11-19_18.26.56/tests.megaco_test.logs/run.2012-11-19_18.27.20/megaco_codec_v3_test.compact_otp4920_msg8.html"></testcase><testcase group="codec.codec.text.flex_pretty.tickets.flex_compact_tickets.text.flex_pretty.tickets.flex_compact_tickets.text.flex_pretty.tickets.flex_compact_tickets.text.flex_pretty.tickets.flex_compact_tickets.text.flex_pretty.tickets.flex_compact_tickets.text.flex_pretty.tickets.compact_tickets" name="compact_otp4920_msg9" time="1.038186" timestamp="2012-11-19T18:42:11" log="/home/karl/tmp/otp_tests/logs/megaco_test_logs/ct_run.ct@devbox.2012-11-19_18.26.56/tests.megaco_test.logs/run.2012-11-19_18.27.20/megaco_codec_v3_test.compact_otp4920_msg9.html"></testcase><testcase group="codec.codec.text.flex_pretty.tickets.flex_compact_tickets.text.flex_pretty.tickets.flex_compact_tickets.text.flex_pretty.tickets.flex_compact_tickets.text.flex_pretty.tickets.flex_compact_tickets.text.flex_pretty.tickets.flex_compact_tickets.text.flex_pretty.tickets.compact_tickets" name="compact_otp4920_msg10" time="1.040297" timestamp="2012-11-19T18:42:12" log="/home/karl/tmp/otp_tests/logs/megaco_test_logs/ct_run.ct@devbox.2012-11-19_18.26.56/tests.megaco_test.logs/run.2012-11-19_18.27.20/megaco_codec_v3_test.compact_otp4920_msg10.html"></testcase><testcase group="codec.codec.text.flex_pretty.tickets.flex_compact_tickets.text.flex_pretty.tickets.flex_compact_tickets.text.flex_pretty.tickets.flex_compact_tickets.text.flex_pretty.tickets.flex_compact_tickets.text.flex_pretty.tickets.flex_compact_tickets.text.flex_pretty.tickets.compact_tickets" name="compact_otp4920_msg11" time="1.032443" timestamp="2012-11-19T18:42:13" log="/home/karl/tmp/otp_tests/logs/megaco_test_logs/ct_run.ct@devbox.2012-11-19_18.26.56/tests.megaco_test.logs/run.2012-11-19_18.27.20/megaco_codec_v3_test.compact_otp4920_msg11.html"></testcase><testcase group="codec.codec.text.flex_pretty.tickets.flex_compact_tickets.text.flex_pretty.tickets.flex_compact_tickets.text.flex_pretty.tickets.flex_compact_tickets.text.flex_pretty.tickets.flex_compact_tickets.text.flex_pretty.tickets.flex_compact_tickets.text.flex_pretty.tickets.compact_tickets" name="compact_otp4920_msg12" time="1.050069" timestamp="2012-11-19T18:42:14" log="/home/karl/tmp/otp_tests/logs/megaco_test_logs/ct_run.ct@devbox.2012-11-19_18.26.56/tests.megaco_test.logs/run.2012-11-19_18.27.20/megaco_codec_v3_test.compact_otp4920_msg12.html"></testcase><testcase group="codec.codec.text.flex_pretty.tickets.flex_compact_tickets.text.flex_pretty.tickets.flex_compact_tickets.text.flex_pretty.tickets.flex_compact_tickets.text.flex_pretty.tickets.flex_compact_tickets.text.flex_pretty.tickets.flex_compact_tickets.text.flex_pretty.tickets.compact_tickets" name="compact_otp4920_msg20" time="1.038610" timestamp="2012-11-19T18:42:16" log="/home/karl/tmp/otp_tests/logs/megaco_test_logs/ct_run.ct@devbox.2012-11-19_18.26.56/tests.megaco_test.logs/run.2012-11-19_18.27.20/megaco_codec_v3_test.compact_otp4920_msg20.html"></testcase><testcase group="codec.codec.text.flex_pretty.tickets.flex_compact_tickets.text.flex_pretty.tickets.flex_compact_tickets.text.flex_pretty.tickets.flex_compact_tickets.text.flex_pretty.tickets.flex_compact_tickets.text.flex_pretty.tickets.flex_compact_tickets.text.flex_pretty.tickets.compact_tickets" name="compact_otp4920_msg21" time="1.039329" timestamp="2012-11-19T18:42:17" log="/home/karl/tmp/otp_tests/logs/megaco_test_logs/ct_run.ct@devbox.2012-11-19_18.26.56/tests.megaco_test.logs/run.2012-11-19_18.27.20/megaco_codec_v3_test.compact_otp4920_msg21.html"></testcase><testcase group="codec.codec.text.flex_pretty.tickets.flex_compact_tickets.text.flex_pretty.tickets.flex_compact_tickets.text.flex_pretty.tickets.flex_compact_tickets.text.flex_pretty.tickets.flex_compact_tickets.text.flex_pretty.tickets.flex_compact_tickets.text.flex_pretty.tickets.compact_tickets" name="compact_otp4920_msg22" time="1.033149" timestamp="2012-11-19T18:42:18" log="/home/karl/tmp/otp_tests/logs/megaco_test_logs/ct_run.ct@devbox.2012-11-19_18.26.56/tests.megaco_test.logs/run.2012-11-19_18.27.20/megaco_codec_v3_test.compact_otp4920_msg22.html"></testcase><testcase group="codec.codec.text.flex_pretty.tickets.flex_compact_tickets.text.flex_pretty.tickets.flex_compact_tickets.text.flex_pretty.tickets.flex_compact_tickets.text.flex_pretty.tickets.flex_compact_tickets.text.flex_pretty.tickets.flex_compact_tickets.text.flex_pretty.tickets.compact_tickets" name="compact_otp4920_msg23" time="1.032061" timestamp="2012-11-19T18:42:19" log="/home/karl/tmp/otp_tests/logs/megaco_test_logs/ct_run.ct@devbox.2012-11-19_18.26.56/tests.megaco_test.logs/run.2012-11-19_18.27.20/megaco_codec_v3_test.compact_otp4920_msg23.html"></testcase><testcase group="codec.codec.text.flex_pretty.tickets.flex_compact_tickets.text.flex_pretty.tickets.flex_compact_tickets.text.flex_pretty.tickets.flex_compact_tickets.text.flex_pretty.tickets.flex_compact_tickets.text.flex_pretty.tickets.flex_compact_tickets.text.flex_pretty.tickets.compact_tickets" name="compact_otp4920_msg24" time="1.046895" timestamp="2012-11-19T18:42:20" log="/home/karl/tmp/otp_tests/logs/megaco_test_logs/ct_run.ct@devbox.2012-11-19_18.26.56/tests.megaco_test.logs/run.2012-11-19_18.27.20/megaco_codec_v3_test.compact_otp4920_msg24.html"></testcase><testcase group="codec.codec.text.flex_pretty.tickets.flex_compact_tickets.text.flex_pretty.tickets.flex_compact_tickets.text.flex_pretty.tickets.flex_compact_tickets.text.flex_pretty.tickets.flex_compact_tickets.text.flex_pretty.tickets.flex_compact_tickets.text.flex_pretty.tickets.compact_tickets" name="compact_otp4920_msg25" time="1.034261" timestamp="2012-11-19T18:42:21" log="/home/karl/tmp/otp_tests/logs/megaco_test_logs/ct_run.ct@devbox.2012-11-19_18.26.56/tests.megaco_test.logs/run.2012-11-19_18.27.20/megaco_codec_v3_test.compact_otp4920_msg25.html"></testcase><testcase group="codec.codec.text.flex_pretty.tickets.flex_compact_tickets.text.flex_pretty.tickets.flex_compact_tickets.text.flex_pretty.tickets.flex_compact_tickets.text.flex_pretty.tickets.flex_compact_tickets.text.flex_pretty.tickets.flex_compact_tickets.text.flex_pretty.tickets.compact_tickets" name="compact_otp5186_msg01" time="1.034377" timestamp="2012-11-19T18:42:22" log="/home/karl/tmp/otp_tests/logs/megaco_test_logs/ct_run.ct@devbox.2012-11-19_18.26.56/tests.megaco_test.logs/run.2012-11-19_18.27.20/megaco_codec_v3_test.compact_otp5186_msg01.html"></testcase><testcase group="codec.codec.text.flex_pretty.tickets.flex_compact_tickets.text.flex_pretty.tickets.flex_compact_tickets.text.flex_pretty.tickets.flex_compact_tickets.text.flex_pretty.tickets.flex_compact_tickets.text.flex_pretty.tickets.flex_compact_tickets.text.flex_pretty.tickets.compact_tickets" name="compact_otp5186_msg02" time="1.036392" timestamp="2012-11-19T18:42:23" log="/home/karl/tmp/otp_tests/logs/megaco_test_logs/ct_run.ct@devbox.2012-11-19_18.26.56/tests.megaco_test.logs/run.2012-11-19_18.27.20/megaco_codec_v3_test.compact_otp5186_msg02.html"></testcase><testcase group="codec.codec.text.flex_pretty.tickets.flex_compact_tickets.text.flex_pretty.tickets.flex_compact_tickets.text.flex_pretty.tickets.flex_compact_tickets.text.flex_pretty.tickets.flex_compact_tickets.text.flex_pretty.tickets.flex_compact_tickets.text.flex_pretty.tickets.compact_tickets" name="compact_otp5186_msg03" time="1.031682" timestamp="2012-11-19T18:42:24" log="/home/karl/tmp/otp_tests/logs/megaco_test_logs/ct_run.ct@devbox.2012-11-19_18.26.56/tests.megaco_test.logs/run.2012-11-19_18.27.20/megaco_codec_v3_test.compact_otp5186_msg03.html"></testcase><testcase group="codec.codec.text.flex_pretty.tickets.flex_compact_tickets.text.flex_pretty.tickets.flex_compact_tickets.text.flex_pretty.tickets.flex_compact_tickets.text.flex_pretty.tickets.flex_compact_tickets.text.flex_pretty.tickets.flex_compact_tickets.text.flex_pretty.tickets.compact_tickets" name="compact_otp5186_msg04" time="1.050105" timestamp="2012-11-19T18:42:25" log="/home/karl/tmp/otp_tests/logs/megaco_test_logs/ct_run.ct@devbox.2012-11-19_18.26.56/tests.megaco_test.logs/run.2012-11-19_18.27.20/megaco_codec_v3_test.compact_otp5186_msg04.html"></testcase><testcase group="codec.codec.text.flex_pretty.tickets.flex_compact_tickets.text.flex_pretty.tickets.flex_compact_tickets.text.flex_pretty.tickets.flex_compact_tickets.text.flex_pretty.tickets.flex_compact_tickets.text.flex_pretty.tickets.flex_compact_tickets.text.flex_pretty.tickets.compact_tickets" name="compact_otp5186_msg05" time="1.040700" timestamp="2012-11-19T18:42:26" log="/home/karl/tmp/otp_tests/logs/megaco_test_logs/ct_run.ct@devbox.2012-11-19_18.26.56/tests.megaco_test.logs/run.2012-11-19_18.27.20/megaco_codec_v3_test.compact_otp5186_msg05.html"></testcase><testcase group="codec.codec.text.flex_pretty.tickets.flex_compact_tickets.text.flex_pretty.tickets.flex_compact_tickets.text.flex_pretty.tickets.flex_compact_tickets.text.flex_pretty.tickets.flex_compact_tickets.text.flex_pretty.tickets.flex_compact_tickets.text.flex_pretty.tickets.compact_tickets" name="compact_otp5186_msg06" time="1.033848" timestamp="2012-11-19T18:42:28" log="/home/karl/tmp/otp_tests/logs/megaco_test_logs/ct_run.ct@devbox.2012-11-19_18.26.56/tests.megaco_test.logs/run.2012-11-19_18.27.20/megaco_codec_v3_test.compact_otp5186_msg06.html"></testcase><testcase group="codec.codec.text.flex_pretty.tickets.flex_compact_tickets.text.flex_pretty.tickets.flex_compact_tickets.text.flex_pretty.tickets.flex_compact_tickets.text.flex_pretty.tickets.flex_compact_tickets.text.flex_pretty.tickets.flex_compact_tickets.text.flex_pretty.tickets.compact_tickets" name="compact_otp5793_msg01" time="1.041814" timestamp="2012-11-19T18:42:29" log="/home/karl/tmp/otp_tests/logs/megaco_test_logs/ct_run.ct@devbox.2012-11-19_18.26.56/tests.megaco_test.logs/run.2012-11-19_18.27.20/megaco_codec_v3_test.compact_otp5793_msg01.html"></testcase><testcase group="codec.codec.text.flex_pretty.tickets.flex_compact_tickets.text.flex_pretty.tickets.flex_compact_tickets.text.flex_pretty.tickets.flex_compact_tickets.text.flex_pretty.tickets.flex_compact_tickets.text.flex_pretty.tickets.flex_compact_tickets.text.flex_pretty.tickets.compact_tickets" name="compact_otp5836_msg01" time="1.031436" timestamp="2012-11-19T18:42:30" log="/home/karl/tmp/otp_tests/logs/megaco_test_logs/ct_run.ct@devbox.2012-11-19_18.26.56/tests.megaco_test.logs/run.2012-11-19_18.27.20/megaco_codec_v3_test.compact_otp5836_msg01.html"></testcase><testcase group="codec.codec.text.flex_pretty.tickets.flex_compact_tickets.text.flex_pretty.tickets.flex_compact_tickets.text.flex_pretty.tickets.flex_compact_tickets.text.flex_pretty.tickets.flex_compact_tickets.text.flex_pretty.tickets.flex_compact_tickets.text.flex_pretty.tickets.compact_tickets" name="compact_otp5993_msg01" time="1.031872" timestamp="2012-11-19T18:42:31" log="/home/karl/tmp/otp_tests/logs/megaco_test_logs/ct_run.ct@devbox.2012-11-19_18.26.56/tests.megaco_test.logs/run.2012-11-19_18.27.20/megaco_codec_v3_test.compact_otp5993_msg01.html"></testcase><testcase group="codec.codec.text.flex_pretty.tickets.flex_compact_tickets.text.flex_pretty.tickets.flex_compact_tickets.text.flex_pretty.tickets.flex_compact_tickets.text.flex_pretty.tickets.flex_compact_tickets.text.flex_pretty.tickets.flex_compact_tickets.text.flex_pretty.tickets.compact_tickets" name="compact_otp5993_msg02" time="1.035455" timestamp="2012-11-19T18:42:32" log="/home/karl/tmp/otp_tests/logs/megaco_test_logs/ct_run.ct@devbox.2012-11-19_18.26.56/tests.megaco_test.logs/run.2012-11-19_18.27.20/megaco_codec_v3_test.compact_otp5993_msg02.html"></testcase><testcase group="codec.codec.text.flex_pretty.tickets.flex_compact_tickets.text.flex_pretty.tickets.flex_compact_tickets.text.flex_pretty.tickets.flex_compact_tickets.text.flex_pretty.tickets.flex_compact_tickets.text.flex_pretty.tickets.flex_compact_tickets.text.flex_pretty.tickets.compact_tickets" name="compact_otp5993_msg03" time="1.034954" timestamp="2012-11-19T18:42:33" log="/home/karl/tmp/otp_tests/logs/megaco_test_logs/ct_run.ct@devbox.2012-11-19_18.26.56/tests.megaco_test.logs/run.2012-11-19_18.27.20/megaco_codec_v3_test.compact_otp5993_msg03.html"></testcase><testcase group="codec.codec.text.flex_pretty.tickets.flex_compact_tickets.text.flex_pretty.tickets.flex_compact_tickets.text.flex_pretty.tickets.flex_compact_tickets.text.flex_pretty.tickets.flex_compact_tickets.text.flex_pretty.tickets.flex_compact_tickets.text.flex_pretty.tickets.compact_tickets" name="compact_otp6017_msg01" time="1.032069" timestamp="2012-11-19T18:42:34" log="/home/karl/tmp/otp_tests/logs/megaco_test_logs/ct_run.ct@devbox.2012-11-19_18.26.56/tests.megaco_test.logs/run.2012-11-19_18.27.20/megaco_codec_v3_test.compact_otp6017_msg01.html"></testcase><testcase group="codec.codec.text.flex_pretty.tickets.flex_compact_tickets.text.flex_pretty.tickets.flex_compact_tickets.text.flex_pretty.tickets.flex_compact_tickets.text.flex_pretty.tickets.flex_compact_tickets.text.flex_pretty.tickets.flex_compact_tickets.text.flex_pretty.tickets.compact_tickets" name="compact_otp6017_msg02" time="1.039608" timestamp="2012-11-19T18:42:35" log="/home/karl/tmp/otp_tests/logs/megaco_test_logs/ct_run.ct@devbox.2012-11-19_18.26.56/tests.megaco_test.logs/run.2012-11-19_18.27.20/megaco_codec_v3_test.compact_otp6017_msg02.html"></testcase><testcase group="codec.codec.text.flex_pretty.tickets.flex_compact_tickets.text.flex_pretty.tickets.flex_compact_tickets.text.flex_pretty.tickets.flex_compact_tickets.text.flex_pretty.tickets.flex_compact_tickets.text.flex_pretty.tickets.flex_compact_tickets.text.flex_pretty.tickets.compact_tickets" name="compact_otp6017_msg03" time="1.032575" timestamp="2012-11-19T18:42:36" log="/home/karl/tmp/otp_tests/logs/megaco_test_logs/ct_run.ct@devbox.2012-11-19_18.26.56/tests.megaco_test.logs/run.2012-11-19_18.27.20/megaco_codec_v3_test.compact_otp6017_msg03.html"></testcase><testcase group="codec.codec.text.flex_pretty.tickets.flex_compact_tickets.text.flex_pretty.tickets.flex_compact_tickets.text.flex_pretty.tickets.flex_compact_tickets.text.flex_pretty.tickets.flex_compact_tickets.text.flex_pretty.tickets.flex_compact_tickets.text.flex_pretty.tickets.compact_tickets" name="end_per_group" time="0.016503" timestamp="2012-11-19T18:42:37" log="/home/karl/tmp/otp_tests/logs/megaco_test_logs/ct_run.ct@devbox.2012-11-19_18.26.56/tests.megaco_test.logs/run.2012-11-19_18.27.20/megaco_codec_v3_test.end_per_group.346957.834.html"></testcase><testcase group="codec.codec.text.flex_pretty.tickets.flex_compact_tickets.text.flex_pretty.tickets.flex_compact_tickets.text.flex_pretty.tickets.flex_compact_tickets.text.flex_pretty.tickets.flex_compact_tickets.text.flex_pretty.tickets.flex_compact_tickets.text.flex_pretty.tickets.flex_compact_tickets" name="init_per_group" time="0.020161" timestamp="2012-11-19T18:42:37" log="/home/karl/tmp/otp_tests/logs/megaco_test_logs/ct_run.ct@devbox.2012-11-19_18.26.56/tests.megaco_test.logs/run.2012-11-19_18.27.20/megaco_codec_v3_test.init_per_group.346957.898.html"><skipped type="skip" message="Test init_per_group in megaco_codec_v3_test skipped!">{tc_user_skip,{skipped,&quot;failed_loading_flex_scanner_driver: cannot open shared object file: No such file or directory&quot;}}</skipped></testcase><testcase group="codec.codec.text.flex_pretty.tickets.flex_compact_tickets.text.flex_pretty.tickets.flex_compact_tickets.text.flex_pretty.tickets.flex_compact_tickets.text.flex_pretty.tickets.flex_compact_tickets.text.flex_pretty.tickets.flex_compact_tickets.text.flex_pretty.tickets.flex_compact_tickets" name="flex_compact_otp4299_msg1" time="0.000022" timestamp="2012-11-19T18:42:38" log=""><skipped type="skip" message="Test flex_compact_otp4299_msg1 in megaco_codec_v3_test skipped!">{tc_auto_skip,
    {failed,
        {megaco_codec_v3_test,init_per_group,
            {&apos;EXIT&apos;,
                {skipped,
                    &quot;failed_loading_flex_scanner_driver: cannot open shared object file: No such file or directory&quot;}}}}}</skipped></testcase><testcase group="codec.codec.text.flex_pretty.tickets.flex_compact_tickets.text.flex_pretty.tickets.flex_compact_tickets.text.flex_pretty.tickets.flex_compact_tickets.text.flex_pretty.tickets.flex_compact_tickets.text.flex_pretty.tickets.flex_compact_tickets.text.flex_pretty.tickets.flex_compact_tickets" name="flex_compact_otp7431_msg01" time="0.000036" timestamp="2012-11-19T18:42:38" log=""><skipped type="skip" message="Test flex_compact_otp7431_msg01 in megaco_codec_v3_test skipped!">{tc_auto_skip,
    {failed,
        {megaco_codec_v3_test,init_per_group,
            {&apos;EXIT&apos;,
                {skipped,
                    &quot;failed_loading_flex_scanner_driver: cannot open shared object file: No such file or directory&quot;}}}}}</skipped></testcase><testcase group="codec.codec.text.flex_pretty.tickets.flex_compact_tickets.text.flex_pretty.tickets.flex_compact_tickets.text.flex_pretty.tickets.flex_compact_tickets.text.flex_pretty.tickets.flex_compact_tickets.text.flex_pretty.tickets.flex_compact_tickets.text.flex_pretty.tickets.flex_compact_tickets" name="flex_compact_otp7431_msg02" time="0.000020" timestamp="2012-11-19T18:42:38" log=""><skipped type="skip" message="Test flex_compact_otp7431_msg02 in megaco_codec_v3_test skipped!">{tc_auto_skip,
    {failed,
        {megaco_codec_v3_test,init_per_group,
            {&apos;EXIT&apos;,
                {skipped,
                    &quot;failed_loading_flex_scanner_driver: cannot open shared object file: No such file or directory&quot;}}}}}</skipped></testcase><testcase group="codec.codec.text.flex_pretty.tickets.flex_compact_tickets.text.flex_pretty.tickets.flex_compact_tickets.text.flex_pretty.tickets.flex_compact_tickets.text.flex_pretty.tickets.flex_compact_tickets.text.flex_pretty.tickets.flex_compact_tickets.text.flex_pretty.tickets.flex_compact_tickets" name="flex_compact_otp7431_msg03" time="0.000018" timestamp="2012-11-19T18:42:38" log=""><skipped type="skip" message="Test flex_compact_otp7431_msg03 in megaco_codec_v3_test skipped!">{tc_auto_skip,
    {failed,
        {megaco_codec_v3_test,init_per_group,
            {&apos;EXIT&apos;,
                {skipped,
                    &quot;failed_loading_flex_scanner_driver: cannot open shared object file: No such file or directory&quot;}}}}}</skipped></testcase><testcase group="codec.codec.text.flex_pretty.tickets.flex_compact_tickets.text.flex_pretty.tickets.flex_compact_tickets.text.flex_pretty.tickets.flex_compact_tickets.text.flex_pretty.tickets.flex_compact_tickets.text.flex_pretty.tickets.flex_compact_tickets.text.flex_pretty.tickets.flex_compact_tickets" name="flex_compact_otp7431_msg04" time="0.000022" timestamp="2012-11-19T18:42:38" log=""><skipped type="skip" message="Test flex_compact_otp7431_msg04 in megaco_codec_v3_test skipped!">{tc_auto_skip,
    {failed,
        {megaco_codec_v3_test,init_per_group,
            {&apos;EXIT&apos;,
                {skipped,
                    &quot;failed_loading_flex_scanner_driver: cannot open shared object file: No such file or directory&quot;}}}}}</skipped></testcase><testcase group="codec.codec.text.flex_pretty.tickets.flex_compact_tickets.text.flex_pretty.tickets.flex_compact_tickets.text.flex_pretty.tickets.flex_compact_tickets.text.flex_pretty.tickets.flex_compact_tickets.text.flex_pretty.tickets.flex_compact_tickets.text.flex_pretty.tickets.flex_compact_tickets" name="flex_compact_otp7431_msg05" time="0.000019" timestamp="2012-11-19T18:42:38" log=""><skipped type="skip" message="Test flex_compact_otp7431_msg05 in megaco_codec_v3_test skipped!">{tc_auto_skip,
    {failed,
        {megaco_codec_v3_test,init_per_group,
            {&apos;EXIT&apos;,
                {skipped,
                    &quot;failed_loading_flex_scanner_driver: cannot open shared object file: No such file or directory&quot;}}}}}</skipped></testcase><testcase group="codec.codec.text.flex_pretty.tickets.flex_compact_tickets.text.flex_pretty.tickets.flex_compact_tickets.text.flex_pretty.tickets.flex_compact_tickets.text.flex_pretty.tickets.flex_compact_tickets.text.flex_pretty.tickets.flex_compact_tickets.text.flex_pretty.tickets.flex_compact_tickets" name="flex_compact_otp7431_msg06" time="0.000019" timestamp="2012-11-19T18:42:38" log=""><skipped type="skip" message="Test flex_compact_otp7431_msg06 in megaco_codec_v3_test skipped!">{tc_auto_skip,
    {failed,
        {megaco_codec_v3_test,init_per_group,
            {&apos;EXIT&apos;,
                {skipped,
                    &quot;failed_loading_flex_scanner_driver: cannot open shared object file: No such file or directory&quot;}}}}}</skipped></testcase><testcase group="codec.codec.text.flex_pretty.tickets.flex_compact_tickets.text.flex_pretty.tickets.flex_compact_tickets.text.flex_pretty.tickets.flex_compact_tickets.text.flex_pretty.tickets.flex_compact_tickets.text.flex_pretty.tickets.flex_compact_tickets.text.flex_pretty.tickets.flex_compact_tickets" name="flex_compact_otp7431_msg07" time="0.000019" timestamp="2012-11-19T18:42:38" log=""><skipped type="skip" message="Test flex_compact_otp7431_msg07 in megaco_codec_v3_test skipped!">{tc_auto_skip,
    {failed,
        {megaco_codec_v3_test,init_per_group,
            {&apos;EXIT&apos;,
                {skipped,
                    &quot;failed_loading_flex_scanner_driver: cannot open shared object file: No such file or directory&quot;}}}}}</skipped></testcase><testcase group="codec.codec.text.flex_pretty.tickets.flex_compact_tickets.text.flex_pretty.tickets.flex_compact_tickets.text.flex_pretty.tickets.flex_compact_tickets.text.flex_pretty.tickets.flex_compact_tickets.text.flex_pretty.tickets.flex_compact_tickets.text.flex_pretty.tickets.flex_compact_tickets" name="end_per_group" time="0.000019" timestamp="2012-11-19T18:42:38" log=""><skipped type="skip" message="Test end_per_group in megaco_codec_v3_test skipped!">{tc_auto_skip,
    {failed,
        {megaco_codec_v3_test,init_per_group,
            {&apos;EXIT&apos;,
                {skipped,
                    &quot;failed_loading_flex_scanner_driver: cannot open shared object file: No such file or directory&quot;}}}}}</skipped></testcase><testcase group="codec.codec.text.flex_pretty.tickets.flex_compact_tickets.text.flex_pretty.tickets.flex_compact_tickets.text.flex_pretty.tickets.flex_compact_tickets.text.flex_pretty.tickets.flex_compact_tickets.text.flex_pretty.tickets.flex_compact_tickets.text.flex_pretty.tickets.flex_compact_tickets.pretty_tickets" name="init_per_group" time="0.019151" timestamp="2012-11-19T18:42:38" log="/home/karl/tmp/otp_tests/logs/megaco_test_logs/ct_run.ct@devbox.2012-11-19_18.26.56/tests.megaco_test.logs/run.2012-11-19_18.27.20/megaco_codec_v3_test.init_per_group.346958.195.html"></testcase><testcase group="codec.codec.text.flex_pretty.tickets.flex_compact_tickets.text.flex_pretty.tickets.flex_compact_tickets.text.flex_pretty.tickets.flex_compact_tickets.text.flex_pretty.tickets.flex_compact_tickets.text.flex_pretty.tickets.flex_compact_tickets.text.flex_pretty.tickets.flex_compact_tickets.pretty_tickets" name="pretty_otp4632_msg1" time="1.036263" timestamp="2012-11-19T18:42:38" log="/home/karl/tmp/otp_tests/logs/megaco_test_logs/ct_run.ct@devbox.2012-11-19_18.26.56/tests.megaco_test.logs/run.2012-11-19_18.27.20/megaco_codec_v3_test.pretty_otp4632_msg1.html"></testcase><testcase group="codec.codec.text.flex_pretty.tickets.flex_compact_tickets.text.flex_pretty.tickets.flex_compact_tickets.text.flex_pretty.tickets.flex_compact_tickets.text.flex_pretty.tickets.flex_compact_tickets.text.flex_pretty.tickets.flex_compact_tickets.text.flex_pretty.tickets.flex_compact_tickets.pretty_tickets" name="pretty_otp4632_msg2" time="1.040364" timestamp="2012-11-19T18:42:39" log="/home/karl/tmp/otp_tests/logs/megaco_test_logs/ct_run.ct@devbox.2012-11-19_18.26.56/tests.megaco_test.logs/run.2012-11-19_18.27.20/megaco_codec_v3_test.pretty_otp4632_msg2.html"></testcase><testcase group="codec.codec.text.flex_pretty.tickets.flex_compact_tickets.text.flex_pretty.tickets.flex_compact_tickets.text.flex_pretty.tickets.flex_compact_tickets.text.flex_pretty.tickets.flex_compact_tickets.text.flex_pretty.tickets.flex_compact_tickets.text.flex_pretty.tickets.flex_compact_tickets.pretty_tickets" name="pretty_otp4632_msg3" time="1.049994" timestamp="2012-11-19T18:42:40" log="/home/karl/tmp/otp_tests/logs/megaco_test_logs/ct_run.ct@devbox.2012-11-19_18.26.56/tests.megaco_test.logs/run.2012-11-19_18.27.20/megaco_codec_v3_test.pretty_otp4632_msg3.html"></testcase><testcase group="codec.codec.text.flex_pretty.tickets.flex_compact_tickets.text.flex_pretty.tickets.flex_compact_tickets.text.flex_pretty.tickets.flex_compact_tickets.text.flex_pretty.tickets.flex_compact_tickets.text.flex_pretty.tickets.flex_compact_tickets.text.flex_pretty.tickets.flex_compact_tickets.pretty_tickets" name="pretty_otp4632_msg4" time="1.036994" timestamp="2012-11-19T18:42:41" log="/home/karl/tmp/otp_tests/logs/megaco_test_logs/ct_run.ct@devbox.2012-11-19_18.26.56/tests.megaco_test.logs/run.2012-11-19_18.27.20/megaco_codec_v3_test.pretty_otp4632_msg4.html"></testcase><testcase group="codec.codec.text.flex_pretty.tickets.flex_compact_tickets.text.flex_pretty.tickets.flex_compact_tickets.text.flex_pretty.tickets.flex_compact_tickets.text.flex_pretty.tickets.flex_compact_tickets.text.flex_pretty.tickets.flex_compact_tickets.text.flex_pretty.tickets.flex_compact_tickets.pretty_tickets" name="pretty_otp4710_msg1" time="1.054105" timestamp="2012-11-19T18:42:42" log="/home/karl/tmp/otp_tests/logs/megaco_test_logs/ct_run.ct@devbox.2012-11-19_18.26.56/tests.megaco_test.logs/run.2012-11-19_18.27.20/megaco_codec_v3_test.pretty_otp4710_msg1.html"></testcase><testcase group="codec.codec.text.flex_pretty.tickets.flex_compact_tickets.text.flex_pretty.tickets.flex_compact_tickets.text.flex_pretty.tickets.flex_compact_tickets.text.flex_pretty.tickets.flex_compact_tickets.text.flex_pretty.tickets.flex_compact_tickets.text.flex_pretty.tickets.flex_compact_tickets.pretty_tickets" name="pretty_otp4710_msg2" time="1.025696" timestamp="2012-11-19T18:42:43" log="/home/karl/tmp/otp_tests/logs/megaco_test_logs/ct_run.ct@devbox.2012-11-19_18.26.56/tests.megaco_test.logs/run.2012-11-19_18.27.20/megaco_codec_v3_test.pretty_otp4710_msg2.html"></testcase><testcase group="codec.codec.text.flex_pretty.tickets.flex_compact_tickets.text.flex_pretty.tickets.flex_compact_tickets.text.flex_pretty.tickets.flex_compact_tickets.text.flex_pretty.tickets.flex_compact_tickets.text.flex_pretty.tickets.flex_compact_tickets.text.flex_pretty.tickets.flex_compact_tickets.pretty_tickets" name="pretty_otp4945_msg1" time="1.038569" timestamp="2012-11-19T18:42:44" log="/home/karl/tmp/otp_tests/logs/megaco_test_logs/ct_run.ct@devbox.2012-11-19_18.26.56/tests.megaco_test.logs/run.2012-11-19_18.27.20/megaco_codec_v3_test.pretty_otp4945_msg1.html"></testcase><testcase group="codec.codec.text.flex_pretty.tickets.flex_compact_tickets.text.flex_pretty.tickets.flex_compact_tickets.text.flex_pretty.tickets.flex_compact_tickets.text.flex_pretty.tickets.flex_compact_tickets.text.flex_pretty.tickets.flex_compact_tickets.text.flex_pretty.tickets.flex_compact_tickets.pretty_tickets" name="pretty_otp4945_msg2" time="1.037051" timestamp="2012-11-19T18:42:45" log="/home/karl/tmp/otp_tests/logs/megaco_test_logs/ct_run.ct@devbox.2012-11-19_18.26.56/tests.megaco_test.logs/run.2012-11-19_18.27.20/megaco_codec_v3_test.pretty_otp4945_msg2.html"></testcase><testcase group="codec.codec.text.flex_pretty.tickets.flex_compact_tickets.text.flex_pretty.tickets.flex_compact_tickets.text.flex_pretty.tickets.flex_compact_tickets.text.flex_pretty.tickets.flex_compact_tickets.text.flex_pretty.tickets.flex_compact_tickets.text.flex_pretty.tickets.flex_compact_tickets.pretty_tickets" name="pretty_otp4945_msg3" time="1.035981" timestamp="2012-11-19T18:42:47" log="/home/karl/tmp/otp_tests/logs/megaco_test_logs/ct_run.ct@devbox.2012-11-19_18.26.56/tests.megaco_test.logs/run.2012-11-19_18.27.20/megaco_codec_v3_test.pretty_otp4945_msg3.html"></testcase><testcase group="codec.codec.text.flex_pretty.tickets.flex_compact_tickets.text.flex_pretty.tickets.flex_compact_tickets.text.flex_pretty.tickets.flex_compact_tickets.text.flex_pretty.tickets.flex_compact_tickets.text.flex_pretty.tickets.flex_compact_tickets.text.flex_pretty.tickets.flex_compact_tickets.pretty_tickets" name="pretty_otp4945_msg4" time="1.036206" timestamp="2012-11-19T18:42:48" log="/home/karl/tmp/otp_tests/logs/megaco_test_logs/ct_run.ct@devbox.2012-11-19_18.26.56/tests.megaco_test.logs/run.2012-11-19_18.27.20/megaco_codec_v3_test.pretty_otp4945_msg4.html"></testcase><testcase group="codec.codec.text.flex_pretty.tickets.flex_compact_tickets.text.flex_pretty.tickets.flex_compact_tickets.text.flex_pretty.tickets.flex_compact_tickets.text.flex_pretty.tickets.flex_compact_tickets.text.flex_pretty.tickets.flex_compact_tickets.text.flex_pretty.tickets.flex_compact_tickets.pretty_tickets" name="pretty_otp4945_msg5" time="1.035636" timestamp="2012-11-19T18:42:49" log="/home/karl/tmp/otp_tests/logs/megaco_test_logs/ct_run.ct@devbox.2012-11-19_18.26.56/tests.megaco_test.logs/run.2012-11-19_18.27.20/megaco_codec_v3_test.pretty_otp4945_msg5.html"></testcase><testcase group="codec.codec.text.flex_pretty.tickets.flex_compact_tickets.text.flex_pretty.tickets.flex_compact_tickets.text.flex_pretty.tickets.flex_compact_tickets.text.flex_pretty.tickets.flex_compact_tickets.text.flex_pretty.tickets.flex_compact_tickets.text.flex_pretty.tickets.flex_compact_tickets.pretty_tickets" name="pretty_otp4945_msg6" time="1.054255" timestamp="2012-11-19T18:42:50" log="/home/karl/tmp/otp_tests/logs/megaco_test_logs/ct_run.ct@devbox.2012-11-19_18.26.56/tests.megaco_test.logs/run.2012-11-19_18.27.20/megaco_codec_v3_test.pretty_otp4945_msg6.html"></testcase><testcase group="codec.codec.text.flex_pretty.tickets.flex_compact_tickets.text.flex_pretty.tickets.flex_compact_tickets.text.flex_pretty.tickets.flex_compact_tickets.text.flex_pretty.tickets.flex_compact_tickets.text.flex_pretty.tickets.flex_compact_tickets.text.flex_pretty.tickets.flex_compact_tickets.pretty_tickets" name="pretty_otp4949_msg1" time="1.040651" timestamp="2012-11-19T18:42:51" log="/home/karl/tmp/otp_tests/logs/megaco_test_logs/ct_run.ct@devbox.2012-11-19_18.26.56/tests.megaco_test.logs/run.2012-11-19_18.27.20/megaco_codec_v3_test.pretty_otp4949_msg1.html"></testcase><testcase group="codec.codec.text.flex_pretty.tickets.flex_compact_tickets.text.flex_pretty.tickets.flex_compact_tickets.text.flex_pretty.tickets.flex_compact_tickets.text.flex_pretty.tickets.flex_compact_tickets.text.flex_pretty.tickets.flex_compact_tickets.text.flex_pretty.tickets.flex_compact_tickets.pretty_tickets" name="pretty_otp4949_msg2" time="1.035482" timestamp="2012-11-19T18:42:52" log="/home/karl/tmp/otp_tests/logs/megaco_test_logs/ct_run.ct@devbox.2012-11-19_18.26.56/tests.megaco_test.logs/run.2012-11-19_18.27.20/megaco_codec_v3_test.pretty_otp4949_msg2.html"></testcase><testcase group="codec.codec.text.flex_pretty.tickets.flex_compact_tickets.text.flex_pretty.tickets.flex_compact_tickets.text.flex_pretty.tickets.flex_compact_tickets.text.flex_pretty.tickets.flex_compact_tickets.text.flex_pretty.tickets.flex_compact_tickets.text.flex_pretty.tickets.flex_compact_tickets.pretty_tickets" name="pretty_otp4949_msg3" time="1.036492" timestamp="2012-11-19T18:42:53" log="/home/karl/tmp/otp_tests/logs/megaco_test_logs/ct_run.ct@devbox.2012-11-19_18.26.56/tests.megaco_test.logs/run.2012-11-19_18.27.20/megaco_codec_v3_test.pretty_otp4949_msg3.html"></testcase><testcase group="codec.codec.text.flex_pretty.tickets.flex_compact_tickets.text.flex_pretty.tickets.flex_compact_tickets.text.flex_pretty.tickets.flex_compact_tickets.text.flex_pretty.tickets.flex_compact_tickets.text.flex_pretty.tickets.flex_compact_tickets.text.flex_pretty.tickets.flex_compact_tickets.pretty_tickets" name="pretty_otp5042_msg1" time="1.035917" timestamp="2012-11-19T18:42:54" log="/home/karl/tmp/otp_tests/logs/megaco_test_logs/ct_run.ct@devbox.2012-11-19_18.26.56/tests.megaco_test.logs/run.2012-11-19_18.27.20/megaco_codec_v3_test.pretty_otp5042_msg1.html"></testcase><testcase group="codec.codec.text.flex_pretty.tickets.flex_compact_tickets.text.flex_pretty.tickets.flex_compact_tickets.text.flex_pretty.tickets.flex_compact_tickets.text.flex_pretty.tickets.flex_compact_tickets.text.flex_pretty.tickets.flex_compact_tickets.text.flex_pretty.tickets.flex_compact_tickets.pretty_tickets" name="pretty_otp5068_msg1" time="1.037101" timestamp="2012-11-19T18:42:55" log="/home/karl/tmp/otp_tests/logs/megaco_test_logs/ct_run.ct@devbox.2012-11-19_18.26.56/tests.megaco_test.logs/run.2012-11-19_18.27.20/megaco_codec_v3_test.pretty_otp5068_msg1.html"></testcase><testcase group="codec.codec.text.flex_pretty.tickets.flex_compact_tickets.text.flex_pretty.tickets.flex_compact_tickets.text.flex_pretty.tickets.flex_compact_tickets.text.flex_pretty.tickets.flex_compact_tickets.text.flex_pretty.tickets.flex_compact_tickets.text.flex_pretty.tickets.flex_compact_tickets.pretty_tickets" name="pretty_otp5085_msg1" time="1.047878" timestamp="2012-11-19T18:42:56" log="/home/karl/tmp/otp_tests/logs/megaco_test_logs/ct_run.ct@devbox.2012-11-19_18.26.56/tests.megaco_test.logs/run.2012-11-19_18.27.20/megaco_codec_v3_test.pretty_otp5085_msg1.html"></testcase><testcase group="codec.codec.text.flex_pretty.tickets.flex_compact_tickets.text.flex_pretty.tickets.flex_compact_tickets.text.flex_pretty.tickets.flex_compact_tickets.text.flex_pretty.tickets.flex_compact_tickets.text.flex_pretty.tickets.flex_compact_tickets.text.flex_pretty.tickets.flex_compact_tickets.pretty_tickets" name="pretty_otp5085_msg2" time="1.024449" timestamp="2012-11-19T18:42:57" log="/home/karl/tmp/otp_tests/logs/megaco_test_logs/ct_run.ct@devbox.2012-11-19_18.26.56/tests.megaco_test.logs/run.2012-11-19_18.27.20/megaco_codec_v3_test.pretty_otp5085_msg2.html"></testcase><testcase group="codec.codec.text.flex_pretty.tickets.flex_compact_tickets.text.flex_pretty.tickets.flex_compact_tickets.text.flex_pretty.tickets.flex_compact_tickets.text.flex_pretty.tickets.flex_compact_tickets.text.flex_pretty.tickets.flex_compact_tickets.text.flex_pretty.tickets.flex_compact_tickets.pretty_tickets" name="pretty_otp5085_msg3" time="1.035402" timestamp="2012-11-19T18:42:59" log="/home/karl/tmp/otp_tests/logs/megaco_test_logs/ct_run.ct@devbox.2012-11-19_18.26.56/tests.megaco_test.logs/run.2012-11-19_18.27.20/megaco_codec_v3_test.pretty_otp5085_msg3.html"></testcase><testcase group="codec.codec.text.flex_pretty.tickets.flex_compact_tickets.text.flex_pretty.tickets.flex_compact_tickets.text.flex_pretty.tickets.flex_compact_tickets.text.flex_pretty.tickets.flex_compact_tickets.text.flex_pretty.tickets.flex_compact_tickets.text.flex_pretty.tickets.flex_compact_tickets.pretty_tickets" name="pretty_otp5085_msg4" time="1.063034" timestamp="2012-11-19T18:43:00" log="/home/karl/tmp/otp_tests/logs/megaco_test_logs/ct_run.ct@devbox.2012-11-19_18.26.56/tests.megaco_test.logs/run.2012-11-19_18.27.20/megaco_codec_v3_test.pretty_otp5085_msg4.html"></testcase><testcase group="codec.codec.text.flex_pretty.tickets.flex_compact_tickets.text.flex_pretty.tickets.flex_compact_tickets.text.flex_pretty.tickets.flex_compact_tickets.text.flex_pretty.tickets.flex_compact_tickets.text.flex_pretty.tickets.flex_compact_tickets.text.flex_pretty.tickets.flex_compact_tickets.pretty_tickets" name="pretty_otp5085_msg5" time="1.038136" timestamp="2012-11-19T18:43:01" log="/home/karl/tmp/otp_tests/logs/megaco_test_logs/ct_run.ct@devbox.2012-11-19_18.26.56/tests.megaco_test.logs/run.2012-11-19_18.27.20/megaco_codec_v3_test.pretty_otp5085_msg5.html"></testcase><testcase group="codec.codec.text.flex_pretty.tickets.flex_compact_tickets.text.flex_pretty.tickets.flex_compact_tickets.text.flex_pretty.tickets.flex_compact_tickets.text.flex_pretty.tickets.flex_compact_tickets.text.flex_pretty.tickets.flex_compact_tickets.text.flex_pretty.tickets.flex_compact_tickets.pretty_tickets" name="pretty_otp5085_msg6" time="1.034146" timestamp="2012-11-19T18:43:02" log="/home/karl/tmp/otp_tests/logs/megaco_test_logs/ct_run.ct@devbox.2012-11-19_18.26.56/tests.megaco_test.logs/run.2012-11-19_18.27.20/megaco_codec_v3_test.pretty_otp5085_msg6.html"></testcase><testcase group="codec.codec.text.flex_pretty.tickets.flex_compact_tickets.text.flex_pretty.tickets.flex_compact_tickets.text.flex_pretty.tickets.flex_compact_tickets.text.flex_pretty.tickets.flex_compact_tickets.text.flex_pretty.tickets.flex_compact_tickets.text.flex_pretty.tickets.flex_compact_tickets.pretty_tickets" name="pretty_otp5085_msg7" time="1.035649" timestamp="2012-11-19T18:43:03" log="/home/karl/tmp/otp_tests/logs/megaco_test_logs/ct_run.ct@devbox.2012-11-19_18.26.56/tests.megaco_test.logs/run.2012-11-19_18.27.20/megaco_codec_v3_test.pretty_otp5085_msg7.html"></testcase><testcase group="codec.codec.text.flex_pretty.tickets.flex_compact_tickets.text.flex_pretty.tickets.flex_compact_tickets.text.flex_pretty.tickets.flex_compact_tickets.text.flex_pretty.tickets.flex_compact_tickets.text.flex_pretty.tickets.flex_compact_tickets.text.flex_pretty.tickets.flex_compact_tickets.pretty_tickets" name="pretty_otp5085_msg8" time="1.036993" timestamp="2012-11-19T18:43:04" log="/home/karl/tmp/otp_tests/logs/megaco_test_logs/ct_run.ct@devbox.2012-11-19_18.26.56/tests.megaco_test.logs/run.2012-11-19_18.27.20/megaco_codec_v3_test.pretty_otp5085_msg8.html"></testcase><testcase group="codec.codec.text.flex_pretty.tickets.flex_compact_tickets.text.flex_pretty.tickets.flex_compact_tickets.text.flex_pretty.tickets.flex_compact_tickets.text.flex_pretty.tickets.flex_compact_tickets.text.flex_pretty.tickets.flex_compact_tickets.text.flex_pretty.tickets.flex_compact_tickets.pretty_tickets" name="pretty_otp5600_msg1" time="1.034458" timestamp="2012-11-19T18:43:05" log="/home/karl/tmp/otp_tests/logs/megaco_test_logs/ct_run.ct@devbox.2012-11-19_18.26.56/tests.megaco_test.logs/run.2012-11-19_18.27.20/megaco_codec_v3_test.pretty_otp5600_msg1.html"></testcase><testcase group="codec.codec.text.flex_pretty.tickets.flex_compact_tickets.text.flex_pretty.tickets.flex_compact_tickets.text.flex_pretty.tickets.flex_compact_tickets.text.flex_pretty.tickets.flex_compact_tickets.text.flex_pretty.tickets.flex_compact_tickets.text.flex_pretty.tickets.flex_compact_tickets.pretty_tickets" name="pretty_otp5600_msg2" time="1.033925" timestamp="2012-11-19T18:43:06" log="/home/karl/tmp/otp_tests/logs/megaco_test_logs/ct_run.ct@devbox.2012-11-19_18.26.56/tests.megaco_test.logs/run.2012-11-19_18.27.20/megaco_codec_v3_test.pretty_otp5600_msg2.html"></testcase><testcase group="codec.codec.text.flex_pretty.tickets.flex_compact_tickets.text.flex_pretty.tickets.flex_compact_tickets.text.flex_pretty.tickets.flex_compact_tickets.text.flex_pretty.tickets.flex_compact_tickets.text.flex_pretty.tickets.flex_compact_tickets.text.flex_pretty.tickets.flex_compact_tickets.pretty_tickets" name="pretty_otp5601_msg1" time="1.037495" timestamp="2012-11-19T18:43:07" log="/home/karl/tmp/otp_tests/logs/megaco_test_logs/ct_run.ct@devbox.2012-11-19_18.26.56/tests.megaco_test.logs/run.2012-11-19_18.27.20/megaco_codec_v3_test.pretty_otp5601_msg1.html"></testcase><testcase group="codec.codec.text.flex_pretty.tickets.flex_compact_tickets.text.flex_pretty.tickets.flex_compact_tickets.text.flex_pretty.tickets.flex_compact_tickets.text.flex_pretty.tickets.flex_compact_tickets.text.flex_pretty.tickets.flex_compact_tickets.text.flex_pretty.tickets.flex_compact_tickets.pretty_tickets" name="pretty_otp5793_msg01" time="1.041988" timestamp="2012-11-19T18:43:08" log="/home/karl/tmp/otp_tests/logs/megaco_test_logs/ct_run.ct@devbox.2012-11-19_18.26.56/tests.megaco_test.logs/run.2012-11-19_18.27.20/megaco_codec_v3_test.pretty_otp5793_msg01.html"></testcase><testcase group="codec.codec.text.flex_pretty.tickets.flex_compact_tickets.text.flex_pretty.tickets.flex_compact_tickets.text.flex_pretty.tickets.flex_compact_tickets.text.flex_pretty.tickets.flex_compact_tickets.text.flex_pretty.tickets.flex_compact_tickets.text.flex_pretty.tickets.flex_compact_tickets.pretty_tickets" name="pretty_otp5803_msg01" time="1.055680" timestamp="2012-11-19T18:43:09" log="/home/karl/tmp/otp_tests/logs/megaco_test_logs/ct_run.ct@devbox.2012-11-19_18.26.56/tests.megaco_test.logs/run.2012-11-19_18.27.20/megaco_codec_v3_test.pretty_otp5803_msg01.html"></testcase><testcase group="codec.codec.text.flex_pretty.tickets.flex_compact_tickets.text.flex_pretty.tickets.flex_compact_tickets.text.flex_pretty.tickets.flex_compact_tickets.text.flex_pretty.tickets.flex_compact_tickets.text.flex_pretty.tickets.flex_compact_tickets.text.flex_pretty.tickets.flex_compact_tickets.pretty_tickets" name="pretty_otp5803_msg02" time="1.034362" timestamp="2012-11-19T18:43:11" log="/home/karl/tmp/otp_tests/logs/megaco_test_logs/ct_run.ct@devbox.2012-11-19_18.26.56/tests.megaco_test.logs/run.2012-11-19_18.27.20/megaco_codec_v3_test.pretty_otp5803_msg02.html"></testcase><testcase group="codec.codec.text.flex_pretty.tickets.flex_compact_tickets.text.flex_pretty.tickets.flex_compact_tickets.text.flex_pretty.tickets.flex_compact_tickets.text.flex_pretty.tickets.flex_compact_tickets.text.flex_pretty.tickets.flex_compact_tickets.text.flex_pretty.tickets.flex_compact_tickets.pretty_tickets" name="pretty_otp5805_msg01" time="1.035498" timestamp="2012-11-19T18:43:12" log="/home/karl/tmp/otp_tests/logs/megaco_test_logs/ct_run.ct@devbox.2012-11-19_18.26.56/tests.megaco_test.logs/run.2012-11-19_18.27.20/megaco_codec_v3_test.pretty_otp5805_msg01.html"></testcase><testcase group="codec.codec.text.flex_pretty.tickets.flex_compact_tickets.text.flex_pretty.tickets.flex_compact_tickets.text.flex_pretty.tickets.flex_compact_tickets.text.flex_pretty.tickets.flex_compact_tickets.text.flex_pretty.tickets.flex_compact_tickets.text.flex_pretty.tickets.flex_compact_tickets.pretty_tickets" name="pretty_otp5836_msg01" time="1.037629" timestamp="2012-11-19T18:43:13" log="/home/karl/tmp/otp_tests/logs/megaco_test_logs/ct_run.ct@devbox.2012-11-19_18.26.56/tests.megaco_test.logs/run.2012-11-19_18.27.20/megaco_codec_v3_test.pretty_otp5836_msg01.html"></testcase><testcase group="codec.codec.text.flex_pretty.tickets.flex_compact_tickets.text.flex_pretty.tickets.flex_compact_tickets.text.flex_pretty.tickets.flex_compact_tickets.text.flex_pretty.tickets.flex_compact_tickets.text.flex_pretty.tickets.flex_compact_tickets.text.flex_pretty.tickets.flex_compact_tickets.pretty_tickets" name="pretty_otp5882_msg01" time="1.036457" timestamp="2012-11-19T18:43:14" log="/home/karl/tmp/otp_tests/logs/megaco_test_logs/ct_run.ct@devbox.2012-11-19_18.26.56/tests.megaco_test.logs/run.2012-11-19_18.27.20/megaco_codec_v3_test.pretty_otp5882_msg01.html"></testcase><testcase group="codec.codec.text.flex_pretty.tickets.flex_compact_tickets.text.flex_pretty.tickets.flex_compact_tickets.text.flex_pretty.tickets.flex_compact_tickets.text.flex_pretty.tickets.flex_compact_tickets.text.flex_pretty.tickets.flex_compact_tickets.text.flex_pretty.tickets.flex_compact_tickets.pretty_tickets" name="pretty_otp6490_msg01" time="0.018485" timestamp="2012-11-19T18:43:15" log="/home/karl/tmp/otp_tests/logs/megaco_test_logs/ct_run.ct@devbox.2012-11-19_18.26.56/tests.megaco_test.logs/run.2012-11-19_18.27.20/megaco_codec_v3_test.pretty_otp6490_msg01.html"></testcase><testcase group="codec.codec.text.flex_pretty.tickets.flex_compact_tickets.text.flex_pretty.tickets.flex_compact_tickets.text.flex_pretty.tickets.flex_compact_tickets.text.flex_pretty.tickets.flex_compact_tickets.text.flex_pretty.tickets.flex_compact_tickets.text.flex_pretty.tickets.flex_compact_tickets.pretty_tickets" name="pretty_otp6490_msg02" time="0.021879" timestamp="2012-11-19T18:43:15" log="/home/karl/tmp/otp_tests/logs/megaco_test_logs/ct_run.ct@devbox.2012-11-19_18.26.56/tests.megaco_test.logs/run.2012-11-19_18.27.20/megaco_codec_v3_test.pretty_otp6490_msg02.html"></testcase><testcase group="codec.codec.text.flex_pretty.tickets.flex_compact_tickets.text.flex_pretty.tickets.flex_compact_tickets.text.flex_pretty.tickets.flex_compact_tickets.text.flex_pretty.tickets.flex_compact_tickets.text.flex_pretty.tickets.flex_compact_tickets.text.flex_pretty.tickets.flex_compact_tickets.pretty_tickets" name="pretty_otp6490_msg03" time="0.017781" timestamp="2012-11-19T18:43:15" log="/home/karl/tmp/otp_tests/logs/megaco_test_logs/ct_run.ct@devbox.2012-11-19_18.26.56/tests.megaco_test.logs/run.2012-11-19_18.27.20/megaco_codec_v3_test.pretty_otp6490_msg03.html"></testcase><testcase group="codec.codec.text.flex_pretty.tickets.flex_compact_tickets.text.flex_pretty.tickets.flex_compact_tickets.text.flex_pretty.tickets.flex_compact_tickets.text.flex_pretty.tickets.flex_compact_tickets.text.flex_pretty.tickets.flex_compact_tickets.text.flex_pretty.tickets.flex_compact_tickets.pretty_tickets" name="pretty_otp6490_msg04" time="0.018020" timestamp="2012-11-19T18:43:15" log="/home/karl/tmp/otp_tests/logs/megaco_test_logs/ct_run.ct@devbox.2012-11-19_18.26.56/tests.megaco_test.logs/run.2012-11-19_18.27.20/megaco_codec_v3_test.pretty_otp6490_msg04.html"></testcase><testcase group="codec.codec.text.flex_pretty.tickets.flex_compact_tickets.text.flex_pretty.tickets.flex_compact_tickets.text.flex_pretty.tickets.flex_compact_tickets.text.flex_pretty.tickets.flex_compact_tickets.text.flex_pretty.tickets.flex_compact_tickets.text.flex_pretty.tickets.flex_compact_tickets.pretty_tickets" name="pretty_otp6490_msg05" time="0.020305" timestamp="2012-11-19T18:43:15" log="/home/karl/tmp/otp_tests/logs/megaco_test_logs/ct_run.ct@devbox.2012-11-19_18.26.56/tests.megaco_test.logs/run.2012-11-19_18.27.20/megaco_codec_v3_test.pretty_otp6490_msg05.html"></testcase><testcase group="codec.codec.text.flex_pretty.tickets.flex_compact_tickets.text.flex_pretty.tickets.flex_compact_tickets.text.flex_pretty.tickets.flex_compact_tickets.text.flex_pretty.tickets.flex_compact_tickets.text.flex_pretty.tickets.flex_compact_tickets.text.flex_pretty.tickets.flex_compact_tickets.pretty_tickets" name="pretty_otp6490_msg06" time="0.018434" timestamp="2012-11-19T18:43:15" log="/home/karl/tmp/otp_tests/logs/megaco_test_logs/ct_run.ct@devbox.2012-11-19_18.26.56/tests.megaco_test.logs/run.2012-11-19_18.27.20/megaco_codec_v3_test.pretty_otp6490_msg06.html"></testcase><testcase group="codec.codec.text.flex_pretty.tickets.flex_compact_tickets.text.flex_pretty.tickets.flex_compact_tickets.text.flex_pretty.tickets.flex_compact_tickets.text.flex_pretty.tickets.flex_compact_tickets.text.flex_pretty.tickets.flex_compact_tickets.text.flex_pretty.tickets.flex_compact_tickets.pretty_tickets" name="pretty_otp7671_msg01" time="0.017908" timestamp="2012-11-19T18:43:15" log="/home/karl/tmp/otp_tests/logs/megaco_test_logs/ct_run.ct@devbox.2012-11-19_18.26.56/tests.megaco_test.logs/run.2012-11-19_18.27.20/megaco_codec_v3_test.pretty_otp7671_msg01.html"></testcase><testcase group="codec.codec.text.flex_pretty.tickets.flex_compact_tickets.text.flex_pretty.tickets.flex_compact_tickets.text.flex_pretty.tickets.flex_compact_tickets.text.flex_pretty.tickets.flex_compact_tickets.text.flex_pretty.tickets.flex_compact_tickets.text.flex_pretty.tickets.flex_compact_tickets.pretty_tickets" name="pretty_otp7671_msg02" time="0.020938" timestamp="2012-11-19T18:43:15" log="/home/karl/tmp/otp_tests/logs/megaco_test_logs/ct_run.ct@devbox.2012-11-19_18.26.56/tests.megaco_test.logs/run.2012-11-19_18.27.20/megaco_codec_v3_test.pretty_otp7671_msg02.html"></testcase><testcase group="codec.codec.text.flex_pretty.tickets.flex_compact_tickets.text.flex_pretty.tickets.flex_compact_tickets.text.flex_pretty.tickets.flex_compact_tickets.text.flex_pretty.tickets.flex_compact_tickets.text.flex_pretty.tickets.flex_compact_tickets.text.flex_pretty.tickets.flex_compact_tickets.pretty_tickets" name="pretty_otp7671_msg03" time="0.021730" timestamp="2012-11-19T18:43:15" log="/home/karl/tmp/otp_tests/logs/megaco_test_logs/ct_run.ct@devbox.2012-11-19_18.26.56/tests.megaco_test.logs/run.2012-11-19_18.27.20/megaco_codec_v3_test.pretty_otp7671_msg03.html"></testcase><testcase group="codec.codec.text.flex_pretty.tickets.flex_compact_tickets.text.flex_pretty.tickets.flex_compact_tickets.text.flex_pretty.tickets.flex_compact_tickets.text.flex_pretty.tickets.flex_compact_tickets.text.flex_pretty.tickets.flex_compact_tickets.text.flex_pretty.tickets.flex_compact_tickets.pretty_tickets" name="pretty_otp7671_msg04" time="0.017646" timestamp="2012-11-19T18:43:16" log="/home/karl/tmp/otp_tests/logs/megaco_test_logs/ct_run.ct@devbox.2012-11-19_18.26.56/tests.megaco_test.logs/run.2012-11-19_18.27.20/megaco_codec_v3_test.pretty_otp7671_msg04.html"></testcase><testcase group="codec.codec.text.flex_pretty.tickets.flex_compact_tickets.text.flex_pretty.tickets.flex_compact_tickets.text.flex_pretty.tickets.flex_compact_tickets.text.flex_pretty.tickets.flex_compact_tickets.text.flex_pretty.tickets.flex_compact_tickets.text.flex_pretty.tickets.flex_compact_tickets.pretty_tickets" name="pretty_otp7671_msg05" time="0.018133" timestamp="2012-11-19T18:43:16" log="/home/karl/tmp/otp_tests/logs/megaco_test_logs/ct_run.ct@devbox.2012-11-19_18.26.56/tests.megaco_test.logs/run.2012-11-19_18.27.20/megaco_codec_v3_test.pretty_otp7671_msg05.html"></testcase><testcase group="codec.codec.text.flex_pretty.tickets.flex_compact_tickets.text.flex_pretty.tickets.flex_compact_tickets.text.flex_pretty.tickets.flex_compact_tickets.text.flex_pretty.tickets.flex_compact_tickets.text.flex_pretty.tickets.flex_compact_tickets.text.flex_pretty.tickets.flex_compact_tickets.pretty_tickets" name="pretty_otp8114_msg01" time="0.031655" timestamp="2012-11-19T18:43:16" log="/home/karl/tmp/otp_tests/logs/megaco_test_logs/ct_run.ct@devbox.2012-11-19_18.26.56/tests.megaco_test.logs/run.2012-11-19_18.27.20/megaco_codec_v3_test.pretty_otp8114_msg01.html"></testcase><testcase group="codec.codec.text.flex_pretty.tickets.flex_compact_tickets.text.flex_pretty.tickets.flex_compact_tickets.text.flex_pretty.tickets.flex_compact_tickets.text.flex_pretty.tickets.flex_compact_tickets.text.flex_pretty.tickets.flex_compact_tickets.text.flex_pretty.tickets.flex_compact_tickets.pretty_tickets" name="end_per_group" time="0.021978" timestamp="2012-11-19T18:43:16" log="/home/karl/tmp/otp_tests/logs/megaco_test_logs/ct_run.ct@devbox.2012-11-19_18.26.56/tests.megaco_test.logs/run.2012-11-19_18.27.20/megaco_codec_v3_test.end_per_group.346996.205.html"></testcase><testcase group="codec.codec.text.flex_pretty.tickets.flex_compact_tickets.text.flex_pretty.tickets.flex_compact_tickets.text.flex_pretty.tickets.flex_compact_tickets.text.flex_pretty.tickets.flex_compact_tickets.text.flex_pretty.tickets.flex_compact_tickets.text.flex_pretty.tickets.flex_compact_tickets.flex_pretty_tickets" name="init_per_group" time="0.029862" timestamp="2012-11-19T18:43:16" log="/home/karl/tmp/otp_tests/logs/megaco_test_logs/ct_run.ct@devbox.2012-11-19_18.26.56/tests.megaco_test.logs/run.2012-11-19_18.27.20/megaco_codec_v3_test.init_per_group.346996.273.html"><skipped type="skip" message="Test init_per_group in megaco_codec_v3_test skipped!">{tc_user_skip,{skipped,&quot;failed_loading_flex_scanner_driver: cannot open shared object file: No such file or directory&quot;}}</skipped></testcase><testcase group="codec.codec.text.flex_pretty.tickets.flex_compact_tickets.text.flex_pretty.tickets.flex_compact_tickets.text.flex_pretty.tickets.flex_compact_tickets.text.flex_pretty.tickets.flex_compact_tickets.text.flex_pretty.tickets.flex_compact_tickets.text.flex_pretty.tickets.flex_compact_tickets.flex_pretty_tickets" name="flex_pretty_otp5042_msg1" time="0.000045" timestamp="2012-11-19T18:43:16" log=""><skipped type="skip" message="Test flex_pretty_otp5042_msg1 in megaco_codec_v3_test skipped!">{tc_auto_skip,
    {failed,
        {megaco_codec_v3_test,init_per_group,
            {&apos;EXIT&apos;,
                {skipped,
                    &quot;failed_loading_flex_scanner_driver: cannot open shared object file: No such file or directory&quot;}}}}}</skipped></testcase><testcase group="codec.codec.text.flex_pretty.tickets.flex_compact_tickets.text.flex_pretty.tickets.flex_compact_tickets.text.flex_pretty.tickets.flex_compact_tickets.text.flex_pretty.tickets.flex_compact_tickets.text.flex_pretty.tickets.flex_compact_tickets.text.flex_pretty.tickets.flex_compact_tickets.flex_pretty_tickets" name="flex_pretty_otp5085_msg1" time="0.000019" timestamp="2012-11-19T18:43:16" log=""><skipped type="skip" message="Test flex_pretty_otp5085_msg1 in megaco_codec_v3_test skipped!">{tc_auto_skip,
    {failed,
        {megaco_codec_v3_test,init_per_group,
            {&apos;EXIT&apos;,
                {skipped,
                    &quot;failed_loading_flex_scanner_driver: cannot open shared object file: No such file or directory&quot;}}}}}</skipped></testcase><testcase group="codec.codec.text.flex_pretty.tickets.flex_compact_tickets.text.flex_pretty.tickets.flex_compact_tickets.text.flex_pretty.tickets.flex_compact_tickets.text.flex_pretty.tickets.flex_compact_tickets.text.flex_pretty.tickets.flex_compact_tickets.text.flex_pretty.tickets.flex_compact_tickets.flex_pretty_tickets" name="flex_pretty_otp5085_msg2" time="0.000020" timestamp="2012-11-19T18:43:16" log=""><skipped type="skip" message="Test flex_pretty_otp5085_msg2 in megaco_codec_v3_test skipped!">{tc_auto_skip,
    {failed,
        {megaco_codec_v3_test,init_per_group,
            {&apos;EXIT&apos;,
                {skipped,
                    &quot;failed_loading_flex_scanner_driver: cannot open shared object file: No such file or directory&quot;}}}}}</skipped></testcase><testcase group="codec.codec.text.flex_pretty.tickets.flex_compact_tickets.text.flex_pretty.tickets.flex_compact_tickets.text.flex_pretty.tickets.flex_compact_tickets.text.flex_pretty.tickets.flex_compact_tickets.text.flex_pretty.tickets.flex_compact_tickets.text.flex_pretty.tickets.flex_compact_tickets.flex_pretty_tickets" name="flex_pretty_otp5085_msg3" time="0.000020" timestamp="2012-11-19T18:43:16" log=""><skipped type="skip" message="Test flex_pretty_otp5085_msg3 in megaco_codec_v3_test skipped!">{tc_auto_skip,
    {failed,
        {megaco_codec_v3_test,init_per_group,
            {&apos;EXIT&apos;,
                {skipped,
                    &quot;failed_loading_flex_scanner_driver: cannot open shared object file: No such file or directory&quot;}}}}}</skipped></testcase><testcase group="codec.codec.text.flex_pretty.tickets.flex_compact_tickets.text.flex_pretty.tickets.flex_compact_tickets.text.flex_pretty.tickets.flex_compact_tickets.text.flex_pretty.tickets.flex_compact_tickets.text.flex_pretty.tickets.flex_compact_tickets.text.flex_pretty.tickets.flex_compact_tickets.flex_pretty_tickets" name="flex_pretty_otp5085_msg4" time="0.000019" timestamp="2012-11-19T18:43:16" log=""><skipped type="skip" message="Test flex_pretty_otp5085_msg4 in megaco_codec_v3_test skipped!">{tc_auto_skip,
    {failed,
        {megaco_codec_v3_test,init_per_group,
            {&apos;EXIT&apos;,
                {skipped,
                    &quot;failed_loading_flex_scanner_driver: cannot open shared object file: No such file or directory&quot;}}}}}</skipped></testcase><testcase group="codec.codec.text.flex_pretty.tickets.flex_compact_tickets.text.flex_pretty.tickets.flex_compact_tickets.text.flex_pretty.tickets.flex_compact_tickets.text.flex_pretty.tickets.flex_compact_tickets.text.flex_pretty.tickets.flex_compact_tickets.text.flex_pretty.tickets.flex_compact_tickets.flex_pretty_tickets" name="flex_pretty_otp5085_msg5" time="0.000019" timestamp="2012-11-19T18:43:16" log=""><skipped type="skip" message="Test flex_pretty_otp5085_msg5 in megaco_codec_v3_test skipped!">{tc_auto_skip,
    {failed,
        {megaco_codec_v3_test,init_per_group,
            {&apos;EXIT&apos;,
                {skipped,
                    &quot;failed_loading_flex_scanner_driver: cannot open shared object file: No such file or directory&quot;}}}}}</skipped></testcase><testcase group="codec.codec.text.flex_pretty.tickets.flex_compact_tickets.text.flex_pretty.tickets.flex_compact_tickets.text.flex_pretty.tickets.flex_compact_tickets.text.flex_pretty.tickets.flex_compact_tickets.text.flex_pretty.tickets.flex_compact_tickets.text.flex_pretty.tickets.flex_compact_tickets.flex_pretty_tickets" name="flex_pretty_otp5085_msg6" time="0.000023" timestamp="2012-11-19T18:43:16" log=""><skipped type="skip" message="Test flex_pretty_otp5085_msg6 in megaco_codec_v3_test skipped!">{tc_auto_skip,
    {failed,
        {megaco_codec_v3_test,init_per_group,
            {&apos;EXIT&apos;,
                {skipped,
                    &quot;failed_loading_flex_scanner_driver: cannot open shared object file: No such file or directory&quot;}}}}}</skipped></testcase><testcase group="codec.codec.text.flex_pretty.tickets.flex_compact_tickets.text.flex_pretty.tickets.flex_compact_tickets.text.flex_pretty.tickets.flex_compact_tickets.text.flex_pretty.tickets.flex_compact_tickets.text.flex_pretty.tickets.flex_compact_tickets.text.flex_pretty.tickets.flex_compact_tickets.flex_pretty_tickets" name="flex_pretty_otp5085_msg7" time="0.000023" timestamp="2012-11-19T18:43:16" log=""><skipped type="skip" message="Test flex_pretty_otp5085_msg7 in megaco_codec_v3_test skipped!">{tc_auto_skip,
    {failed,
        {megaco_codec_v3_test,init_per_group,
            {&apos;EXIT&apos;,
                {skipped,
                    &quot;failed_loading_flex_scanner_driver: cannot open shared object file: No such file or directory&quot;}}}}}</skipped></testcase><testcase group="codec.codec.text.flex_pretty.tickets.flex_compact_tickets.text.flex_pretty.tickets.flex_compact_tickets.text.flex_pretty.tickets.flex_compact_tickets.text.flex_pretty.tickets.flex_compact_tickets.text.flex_pretty.tickets.flex_compact_tickets.text.flex_pretty.tickets.flex_compact_tickets.flex_pretty_tickets" name="flex_pretty_otp5085_msg8" time="0.000020" timestamp="2012-11-19T18:43:16" log=""><skipped type="skip" message="Test flex_pretty_otp5085_msg8 in megaco_codec_v3_test skipped!">{tc_auto_skip,
    {failed,
        {megaco_codec_v3_test,init_per_group,
            {&apos;EXIT&apos;,
                {skipped,
                    &quot;failed_loading_flex_scanner_driver: cannot open shared object file: No such file or directory&quot;}}}}}</skipped></testcase><testcase group="codec.codec.text.flex_pretty.tickets.flex_compact_tickets.text.flex_pretty.tickets.flex_compact_tickets.text.flex_pretty.tickets.flex_compact_tickets.text.flex_pretty.tickets.flex_compact_tickets.text.flex_pretty.tickets.flex_compact_tickets.text.flex_pretty.tickets.flex_compact_tickets.flex_pretty_tickets" name="flex_pretty_otp5600_msg1" time="0.000018" timestamp="2012-11-19T18:43:16" log=""><skipped type="skip" message="Test flex_pretty_otp5600_msg1 in megaco_codec_v3_test skipped!">{tc_auto_skip,
    {failed,
        {megaco_codec_v3_test,init_per_group,
            {&apos;EXIT&apos;,
                {skipped,
                    &quot;failed_loading_flex_scanner_driver: cannot open shared object file: No such file or directory&quot;}}}}}</skipped></testcase><testcase group="codec.codec.text.flex_pretty.tickets.flex_compact_tickets.text.flex_pretty.tickets.flex_compact_tickets.text.flex_pretty.tickets.flex_compact_tickets.text.flex_pretty.tickets.flex_compact_tickets.text.flex_pretty.tickets.flex_compact_tickets.text.flex_pretty.tickets.flex_compact_tickets.flex_pretty_tickets" name="flex_pretty_otp5600_msg2" time="0.000035" timestamp="2012-11-19T18:43:16" log=""><skipped type="skip" message="Test flex_pretty_otp5600_msg2 in megaco_codec_v3_test skipped!">{tc_auto_skip,
    {failed,
        {megaco_codec_v3_test,init_per_group,
            {&apos;EXIT&apos;,
                {skipped,
                    &quot;failed_loading_flex_scanner_driver: cannot open shared object file: No such file or directory&quot;}}}}}</skipped></testcase><testcase group="codec.codec.text.flex_pretty.tickets.flex_compact_tickets.text.flex_pretty.tickets.flex_compact_tickets.text.flex_pretty.tickets.flex_compact_tickets.text.flex_pretty.tickets.flex_compact_tickets.text.flex_pretty.tickets.flex_compact_tickets.text.flex_pretty.tickets.flex_compact_tickets.flex_pretty_tickets" name="flex_pretty_otp5601_msg1" time="0.000023" timestamp="2012-11-19T18:43:16" log=""><skipped type="skip" message="Test flex_pretty_otp5601_msg1 in megaco_codec_v3_test skipped!">{tc_auto_skip,
    {failed,
        {megaco_codec_v3_test,init_per_group,
            {&apos;EXIT&apos;,
                {skipped,
                    &quot;failed_loading_flex_scanner_driver: cannot open shared object file: No such file or directory&quot;}}}}}</skipped></testcase><testcase group="codec.codec.text.flex_pretty.tickets.flex_compact_tickets.text.flex_pretty.tickets.flex_compact_tickets.text.flex_pretty.tickets.flex_compact_tickets.text.flex_pretty.tickets.flex_compact_tickets.text.flex_pretty.tickets.flex_compact_tickets.text.flex_pretty.tickets.flex_compact_tickets.flex_pretty_tickets" name="flex_pretty_otp5793_msg01" time="0.000027" timestamp="2012-11-19T18:43:16" log=""><skipped type="skip" message="Test flex_pretty_otp5793_msg01 in megaco_codec_v3_test skipped!">{tc_auto_skip,
    {failed,
        {megaco_codec_v3_test,init_per_group,
            {&apos;EXIT&apos;,
                {skipped,
                    &quot;failed_loading_flex_scanner_driver: cannot open shared object file: No such file or directory&quot;}}}}}</skipped></testcase><testcase group="codec.codec.text.flex_pretty.tickets.flex_compact_tickets.text.flex_pretty.tickets.flex_compact_tickets.text.flex_pretty.tickets.flex_compact_tickets.text.flex_pretty.tickets.flex_compact_tickets.text.flex_pretty.tickets.flex_compact_tickets.text.flex_pretty.tickets.flex_compact_tickets.flex_pretty_tickets" name="flex_pretty_otp5803_msg01" time="0.000024" timestamp="2012-11-19T18:43:16" log=""><skipped type="skip" message="Test flex_pretty_otp5803_msg01 in megaco_codec_v3_test skipped!">{tc_auto_skip,
    {failed,
        {megaco_codec_v3_test,init_per_group,
            {&apos;EXIT&apos;,
                {skipped,
                    &quot;failed_loading_flex_scanner_driver: cannot open shared object file: No such file or directory&quot;}}}}}</skipped></testcase><testcase group="codec.codec.text.flex_pretty.tickets.flex_compact_tickets.text.flex_pretty.tickets.flex_compact_tickets.text.flex_pretty.tickets.flex_compact_tickets.text.flex_pretty.tickets.flex_compact_tickets.text.flex_pretty.tickets.flex_compact_tickets.text.flex_pretty.tickets.flex_compact_tickets.flex_pretty_tickets" name="flex_pretty_otp5803_msg02" time="0.000021" timestamp="2012-11-19T18:43:16" log=""><skipped type="skip" message="Test flex_pretty_otp5803_msg02 in megaco_codec_v3_test skipped!">{tc_auto_skip,
    {failed,
        {megaco_codec_v3_test,init_per_group,
            {&apos;EXIT&apos;,
                {skipped,
                    &quot;failed_loading_flex_scanner_driver: cannot open shared object file: No such file or directory&quot;}}}}}</skipped></testcase><testcase group="codec.codec.text.flex_pretty.tickets.flex_compact_tickets.text.flex_pretty.tickets.flex_compact_tickets.text.flex_pretty.tickets.flex_compact_tickets.text.flex_pretty.tickets.flex_compact_tickets.text.flex_pretty.tickets.flex_compact_tickets.text.flex_pretty.tickets.flex_compact_tickets.flex_pretty_tickets" name="flex_pretty_otp5805_msg01" time="0.000033" timestamp="2012-11-19T18:43:16" log=""><skipped type="skip" message="Test flex_pretty_otp5805_msg01 in megaco_codec_v3_test skipped!">{tc_auto_skip,
    {failed,
        {megaco_codec_v3_test,init_per_group,
            {&apos;EXIT&apos;,
                {skipped,
                    &quot;failed_loading_flex_scanner_driver: cannot open shared object file: No such file or directory&quot;}}}}}</skipped></testcase><testcase group="codec.codec.text.flex_pretty.tickets.flex_compact_tickets.text.flex_pretty.tickets.flex_compact_tickets.text.flex_pretty.tickets.flex_compact_tickets.text.flex_pretty.tickets.flex_compact_tickets.text.flex_pretty.tickets.flex_compact_tickets.text.flex_pretty.tickets.flex_compact_tickets.flex_pretty_tickets" name="flex_pretty_otp5836_msg01" time="0.000020" timestamp="2012-11-19T18:43:16" log=""><skipped type="skip" message="Test flex_pretty_otp5836_msg01 in megaco_codec_v3_test skipped!">{tc_auto_skip,
    {failed,
        {megaco_codec_v3_test,init_per_group,
            {&apos;EXIT&apos;,
                {skipped,
                    &quot;failed_loading_flex_scanner_driver: cannot open shared object file: No such file or directory&quot;}}}}}</skipped></testcase><testcase group="codec.codec.text.flex_pretty.tickets.flex_compact_tickets.text.flex_pretty.tickets.flex_compact_tickets.text.flex_pretty.tickets.flex_compact_tickets.text.flex_pretty.tickets.flex_compact_tickets.text.flex_pretty.tickets.flex_compact_tickets.text.flex_pretty.tickets.flex_compact_tickets.flex_pretty_tickets" name="flex_pretty_otp7431_msg01" time="0.000019" timestamp="2012-11-19T18:43:16" log=""><skipped type="skip" message="Test flex_pretty_otp7431_msg01 in megaco_codec_v3_test skipped!">{tc_auto_skip,
    {failed,
        {megaco_codec_v3_test,init_per_group,
            {&apos;EXIT&apos;,
                {skipped,
                    &quot;failed_loading_flex_scanner_driver: cannot open shared object file: No such file or directory&quot;}}}}}</skipped></testcase><testcase group="codec.codec.text.flex_pretty.tickets.flex_compact_tickets.text.flex_pretty.tickets.flex_compact_tickets.text.flex_pretty.tickets.flex_compact_tickets.text.flex_pretty.tickets.flex_compact_tickets.text.flex_pretty.tickets.flex_compact_tickets.text.flex_pretty.tickets.flex_compact_tickets.flex_pretty_tickets" name="flex_pretty_otp7431_msg02" time="0.000040" timestamp="2012-11-19T18:43:16" log=""><skipped type="skip" message="Test flex_pretty_otp7431_msg02 in megaco_codec_v3_test skipped!">{tc_auto_skip,
    {failed,
        {megaco_codec_v3_test,init_per_group,
            {&apos;EXIT&apos;,
                {skipped,
                    &quot;failed_loading_flex_scanner_driver: cannot open shared object file: No such file or directory&quot;}}}}}</skipped></testcase><testcase group="codec.codec.text.flex_pretty.tickets.flex_compact_tickets.text.flex_pretty.tickets.flex_compact_tickets.text.flex_pretty.tickets.flex_compact_tickets.text.flex_pretty.tickets.flex_compact_tickets.text.flex_pretty.tickets.flex_compact_tickets.text.flex_pretty.tickets.flex_compact_tickets.flex_pretty_tickets" name="flex_pretty_otp7431_msg03" time="0.000030" timestamp="2012-11-19T18:43:16" log=""><skipped type="skip" message="Test flex_pretty_otp7431_msg03 in megaco_codec_v3_test skipped!">{tc_auto_skip,
    {failed,
        {megaco_codec_v3_test,init_per_group,
            {&apos;EXIT&apos;,
                {skipped,
                    &quot;failed_loading_flex_scanner_driver: cannot open shared object file: No such file or directory&quot;}}}}}</skipped></testcase><testcase group="codec.codec.text.flex_pretty.tickets.flex_compact_tickets.text.flex_pretty.tickets.flex_compact_tickets.text.flex_pretty.tickets.flex_compact_tickets.text.flex_pretty.tickets.flex_compact_tickets.text.flex_pretty.tickets.flex_compact_tickets.text.flex_pretty.tickets.flex_compact_tickets.flex_pretty_tickets" name="flex_pretty_otp7431_msg04" time="0.000020" timestamp="2012-11-19T18:43:16" log=""><skipped type="skip" message="Test flex_pretty_otp7431_msg04 in megaco_codec_v3_test skipped!">{tc_auto_skip,
    {failed,
        {megaco_codec_v3_test,init_per_group,
            {&apos;EXIT&apos;,
                {skipped,
                    &quot;failed_loading_flex_scanner_driver: cannot open shared object file: No such file or directory&quot;}}}}}</skipped></testcase><testcase group="codec.codec.text.flex_pretty.tickets.flex_compact_tickets.text.flex_pretty.tickets.flex_compact_tickets.text.flex_pretty.tickets.flex_compact_tickets.text.flex_pretty.tickets.flex_compact_tickets.text.flex_pretty.tickets.flex_compact_tickets.text.flex_pretty.tickets.flex_compact_tickets.flex_pretty_tickets" name="flex_pretty_otp7431_msg05" time="0.000022" timestamp="2012-11-19T18:43:16" log=""><skipped type="skip" message="Test flex_pretty_otp7431_msg05 in megaco_codec_v3_test skipped!">{tc_auto_skip,
    {failed,
        {megaco_codec_v3_test,init_per_group,
            {&apos;EXIT&apos;,
                {skipped,
                    &quot;failed_loading_flex_scanner_driver: cannot open shared object file: No such file or directory&quot;}}}}}</skipped></testcase><testcase group="codec.codec.text.flex_pretty.tickets.flex_compact_tickets.text.flex_pretty.tickets.flex_compact_tickets.text.flex_pretty.tickets.flex_compact_tickets.text.flex_pretty.tickets.flex_compact_tickets.text.flex_pretty.tickets.flex_compact_tickets.text.flex_pretty.tickets.flex_compact_tickets.flex_pretty_tickets" name="flex_pretty_otp7431_msg06" time="0.000019" timestamp="2012-11-19T18:43:16" log=""><skipped type="skip" message="Test flex_pretty_otp7431_msg06 in megaco_codec_v3_test skipped!">{tc_auto_skip,
    {failed,
        {megaco_codec_v3_test,init_per_group,
            {&apos;EXIT&apos;,
                {skipped,
                    &quot;failed_loading_flex_scanner_driver: cannot open shared object file: No such file or directory&quot;}}}}}</skipped></testcase><testcase group="codec.codec.text.flex_pretty.tickets.flex_compact_tickets.text.flex_pretty.tickets.flex_compact_tickets.text.flex_pretty.tickets.flex_compact_tickets.text.flex_pretty.tickets.flex_compact_tickets.text.flex_pretty.tickets.flex_compact_tickets.text.flex_pretty.tickets.flex_compact_tickets.flex_pretty_tickets" name="flex_pretty_otp7431_msg07" time="0.000022" timestamp="2012-11-19T18:43:16" log=""><skipped type="skip" message="Test flex_pretty_otp7431_msg07 in megaco_codec_v3_test skipped!">{tc_auto_skip,
    {failed,
        {megaco_codec_v3_test,init_per_group,
            {&apos;EXIT&apos;,
                {skipped,
                    &quot;failed_loading_flex_scanner_driver: cannot open shared object file: No such file or directory&quot;}}}}}</skipped></testcase><testcase group="codec.codec.text.flex_pretty.tickets.flex_compact_tickets.text.flex_pretty.tickets.flex_compact_tickets.text.flex_pretty.tickets.flex_compact_tickets.text.flex_pretty.tickets.flex_compact_tickets.text.flex_pretty.tickets.flex_compact_tickets.text.flex_pretty.tickets.flex_compact_tickets.flex_pretty_tickets" name="end_per_group" time="0.000019" timestamp="2012-11-19T18:43:16" log=""><skipped type="skip" message="Test end_per_group in megaco_codec_v3_test skipped!">{tc_auto_skip,
    {failed,
        {megaco_codec_v3_test,init_per_group,
            {&apos;EXIT&apos;,
                {skipped,
                    &quot;failed_loading_flex_scanner_driver: cannot open shared object file: No such file or directory&quot;}}}}}</skipped></testcase><testcase group="codec.codec.text.flex_pretty.tickets.flex_compact_tickets.text.flex_pretty.tickets.flex_compact_tickets.text.flex_pretty.tickets.flex_compact_tickets.text.flex_pretty.tickets.flex_compact_tickets.text.flex_pretty.tickets.flex_compact_tickets.text.flex_pretty.tickets.flex_compact_tickets.flex_pretty_tickets" name="end_per_group" time="0.022828" timestamp="2012-11-19T18:43:16" log="/home/karl/tmp/otp_tests/logs/megaco_test_logs/ct_run.ct@devbox.2012-11-19_18.26.56/tests.megaco_test.logs/run.2012-11-19_18.27.20/megaco_codec_v3_test.end_per_group.346996.943.html"></testcase><testcase group="codec.codec.text.flex_pretty.tickets.flex_compact_tickets.text.flex_pretty.tickets.flex_compact_tickets.text.flex_pretty.tickets.flex_compact_tickets.text.flex_pretty.tickets.flex_compact_tickets.text.flex_pretty.tickets.flex_compact_tickets.text.flex_pretty.tickets.flex_compact_tickets" name="end_per_suite" time="0.026452" timestamp="2012-11-19T18:43:17" log="/home/karl/tmp/otp_tests/logs/megaco_test_logs/ct_run.ct@devbox.2012-11-19_18.26.56/tests.megaco_test.logs/run.2012-11-19_18.27.20/ct_framework.end_per_suite.346997.12.html"></testcase></testsuite><testsuite name="megaco_codec_prev3c_test" time="95.513672" timestamp="2012-11-19T18:40:05" errors="50" tests="176"><testcase group="codec.codec.text.flex_pretty.tickets.flex_compact_tickets.text.flex_pretty.tickets.flex_compact_tickets.text.flex_pretty.tickets.flex_compact_tickets.text.flex_pretty.tickets.flex_compact_tickets" name="init_per_suite" time="0.023525" timestamp="2012-11-19T18:40:05" log="/home/karl/tmp/otp_tests/logs/megaco_test_logs/ct_run.ct@devbox.2012-11-19_18.26.56/tests.megaco_test.logs/run.2012-11-19_18.27.20/ct_framework.init_per_suite.346805.67.html"></testcase><testcase group="codec.codec.text.flex_pretty.tickets.flex_compact_tickets.text.flex_pretty.tickets.flex_compact_tickets.text.flex_pretty.tickets.flex_compact_tickets.text.flex_pretty.tickets.flex_compact_tickets.text" name="init_per_group" time="0.017119" timestamp="2012-11-19T18:40:05" log="/home/karl/tmp/otp_tests/logs/megaco_test_logs/ct_run.ct@devbox.2012-11-19_18.26.56/tests.megaco_test.logs/run.2012-11-19_18.27.20/megaco_codec_prev3c_test.init_per_group.html"></testcase><testcase group="codec.codec.text.flex_pretty.tickets.flex_compact_tickets.text.flex_pretty.tickets.flex_compact_tickets.text.flex_pretty.tickets.flex_compact_tickets.text.flex_pretty.tickets.flex_compact_tickets.text.pretty" name="init_per_group" time="0.019147" timestamp="2012-11-19T18:40:05" log="/home/karl/tmp/otp_tests/logs/megaco_test_logs/ct_run.ct@devbox.2012-11-19_18.26.56/tests.megaco_test.logs/run.2012-11-19_18.27.20/megaco_codec_prev3c_test.init_per_group.346805.196.html"></testcase><testcase group="codec.codec.text.flex_pretty.tickets.flex_compact_tickets.text.flex_pretty.tickets.flex_compact_tickets.text.flex_pretty.tickets.flex_compact_tickets.text.flex_pretty.tickets.flex_compact_tickets.text.pretty" name="pretty_test_msgs" time="1.157909" timestamp="2012-11-19T18:40:05" log="/home/karl/tmp/otp_tests/logs/megaco_test_logs/ct_run.ct@devbox.2012-11-19_18.26.56/tests.megaco_test.logs/run.2012-11-19_18.27.20/megaco_codec_prev3c_test.pretty_test_msgs.html"></testcase><testcase group="codec.codec.text.flex_pretty.tickets.flex_compact_tickets.text.flex_pretty.tickets.flex_compact_tickets.text.flex_pretty.tickets.flex_compact_tickets.text.flex_pretty.tickets.flex_compact_tickets.text.pretty" name="end_per_group" time="0.016258" timestamp="2012-11-19T18:40:06" log="/home/karl/tmp/otp_tests/logs/megaco_test_logs/ct_run.ct@devbox.2012-11-19_18.26.56/tests.megaco_test.logs/run.2012-11-19_18.27.20/megaco_codec_prev3c_test.end_per_group.html"></testcase><testcase group="codec.codec.text.flex_pretty.tickets.flex_compact_tickets.text.flex_pretty.tickets.flex_compact_tickets.text.flex_pretty.tickets.flex_compact_tickets.text.flex_pretty.tickets.flex_compact_tickets.text.flex_pretty" name="init_per_group" time="0.017702" timestamp="2012-11-19T18:40:06" log="/home/karl/tmp/otp_tests/logs/megaco_test_logs/ct_run.ct@devbox.2012-11-19_18.26.56/tests.megaco_test.logs/run.2012-11-19_18.27.20/megaco_codec_prev3c_test.init_per_group.346806.526.html"><skipped type="skip" message="Test init_per_group in megaco_codec_prev3c_test skipped!">{tc_user_skip,{skipped,&quot;failed_loading_flex_scanner_driver: cannot open shared object file: No such file or directory&quot;}}</skipped></testcase><testcase group="codec.codec.text.flex_pretty.tickets.flex_compact_tickets.text.flex_pretty.tickets.flex_compact_tickets.text.flex_pretty.tickets.flex_compact_tickets.text.flex_pretty.tickets.flex_compact_tickets.text.flex_pretty" name="flex_pretty_test_msgs" time="0.000025" timestamp="2012-11-19T18:40:06" log=""><skipped type="skip" message="Test flex_pretty_test_msgs in megaco_codec_prev3c_test skipped!">{tc_auto_skip,
    {failed,
        {megaco_codec_prev3c_test,init_per_group,
            {&apos;EXIT&apos;,
                {skipped,
                    &quot;failed_loading_flex_scanner_driver: cannot open shared object file: No such file or directory&quot;}}}}}</skipped></testcase><testcase group="codec.codec.text.flex_pretty.tickets.flex_compact_tickets.text.flex_pretty.tickets.flex_compact_tickets.text.flex_pretty.tickets.flex_compact_tickets.text.flex_pretty.tickets.flex_compact_tickets.text.flex_pretty" name="end_per_group" time="0.000018" timestamp="2012-11-19T18:40:06" log=""><skipped type="skip" message="Test end_per_group in megaco_codec_prev3c_test skipped!">{tc_auto_skip,
    {failed,
        {megaco_codec_prev3c_test,init_per_group,
            {&apos;EXIT&apos;,
                {skipped,
                    &quot;failed_loading_flex_scanner_driver: cannot open shared object file: No such file or directory&quot;}}}}}</skipped></testcase><testcase group="codec.codec.text.flex_pretty.tickets.flex_compact_tickets.text.flex_pretty.tickets.flex_compact_tickets.text.flex_pretty.tickets.flex_compact_tickets.text.flex_pretty.tickets.flex_compact_tickets.text.flex_pretty.compact" name="init_per_group" time="0.023708" timestamp="2012-11-19T18:40:06" log="/home/karl/tmp/otp_tests/logs/megaco_test_logs/ct_run.ct@devbox.2012-11-19_18.26.56/tests.megaco_test.logs/run.2012-11-19_18.27.20/megaco_codec_prev3c_test.init_per_group.346806.693.html"></testcase><testcase group="codec.codec.text.flex_pretty.tickets.flex_compact_tickets.text.flex_pretty.tickets.flex_compact_tickets.text.flex_pretty.tickets.flex_compact_tickets.text.flex_pretty.tickets.flex_compact_tickets.text.flex_pretty.compact" name="compact_test_msgs" time="1.128273" timestamp="2012-11-19T18:40:06" log="/home/karl/tmp/otp_tests/logs/megaco_test_logs/ct_run.ct@devbox.2012-11-19_18.26.56/tests.megaco_test.logs/run.2012-11-19_18.27.20/megaco_codec_prev3c_test.compact_test_msgs.html"></testcase><testcase group="codec.codec.text.flex_pretty.tickets.flex_compact_tickets.text.flex_pretty.tickets.flex_compact_tickets.text.flex_pretty.tickets.flex_compact_tickets.text.flex_pretty.tickets.flex_compact_tickets.text.flex_pretty.compact" name="end_per_group" time="0.017701" timestamp="2012-11-19T18:40:07" log="/home/karl/tmp/otp_tests/logs/megaco_test_logs/ct_run.ct@devbox.2012-11-19_18.26.56/tests.megaco_test.logs/run.2012-11-19_18.27.20/megaco_codec_prev3c_test.end_per_group.346807.928.html"></testcase><testcase group="codec.codec.text.flex_pretty.tickets.flex_compact_tickets.text.flex_pretty.tickets.flex_compact_tickets.text.flex_pretty.tickets.flex_compact_tickets.text.flex_pretty.tickets.flex_compact_tickets.text.flex_pretty.flex_compact" name="init_per_group" time="0.030929" timestamp="2012-11-19T18:40:08" log="/home/karl/tmp/otp_tests/logs/megaco_test_logs/ct_run.ct@devbox.2012-11-19_18.26.56/tests.megaco_test.logs/run.2012-11-19_18.27.20/megaco_codec_prev3c_test.init_per_group.346807.992.html"><skipped type="skip" message="Test init_per_group in megaco_codec_prev3c_test skipped!">{tc_user_skip,{skipped,&quot;failed_loading_flex_scanner_driver: cannot open shared object file: No such file or directory&quot;}}</skipped></testcase><testcase group="codec.codec.text.flex_pretty.tickets.flex_compact_tickets.text.flex_pretty.tickets.flex_compact_tickets.text.flex_pretty.tickets.flex_compact_tickets.text.flex_pretty.tickets.flex_compact_tickets.text.flex_pretty.flex_compact" name="flex_compact_test_msgs" time="0.000001" timestamp="2012-11-19T18:40:08" log=""><skipped type="skip" message="Test flex_compact_test_msgs in megaco_codec_prev3c_test skipped!">{tc_auto_skip,
    {failed,
        {megaco_codec_prev3c_test,init_per_group,
            {&apos;EXIT&apos;,
                {skipped,
                    &quot;failed_loading_flex_scanner_driver: cannot open shared object file: No such file or directory&quot;}}}}}</skipped></testcase><testcase group="codec.codec.text.flex_pretty.tickets.flex_compact_tickets.text.flex_pretty.tickets.flex_compact_tickets.text.flex_pretty.tickets.flex_compact_tickets.text.flex_pretty.tickets.flex_compact_tickets.text.flex_pretty.flex_compact" name="flex_compact_dm_timers1" time="0.000019" timestamp="2012-11-19T18:40:08" log=""><skipped type="skip" message="Test flex_compact_dm_timers1 in megaco_codec_prev3c_test skipped!">{tc_auto_skip,
    {failed,
        {megaco_codec_prev3c_test,init_per_group,
            {&apos;EXIT&apos;,
                {skipped,
                    &quot;failed_loading_flex_scanner_driver: cannot open shared object file: No such file or directory&quot;}}}}}</skipped></testcase><testcase group="codec.codec.text.flex_pretty.tickets.flex_compact_tickets.text.flex_pretty.tickets.flex_compact_tickets.text.flex_pretty.tickets.flex_compact_tickets.text.flex_pretty.tickets.flex_compact_tickets.text.flex_pretty.flex_compact" name="flex_compact_dm_timers2" time="0.000026" timestamp="2012-11-19T18:40:08" log=""><skipped type="skip" message="Test flex_compact_dm_timers2 in megaco_codec_prev3c_test skipped!">{tc_auto_skip,
    {failed,
        {megaco_codec_prev3c_test,init_per_group,
            {&apos;EXIT&apos;,
                {skipped,
                    &quot;failed_loading_flex_scanner_driver: cannot open shared object file: No such file or directory&quot;}}}}}</skipped></testcase><testcase group="codec.codec.text.flex_pretty.tickets.flex_compact_tickets.text.flex_pretty.tickets.flex_compact_tickets.text.flex_pretty.tickets.flex_compact_tickets.text.flex_pretty.tickets.flex_compact_tickets.text.flex_pretty.flex_compact" name="flex_compact_dm_timers3" time="0.000031" timestamp="2012-11-19T18:40:08" log=""><skipped type="skip" message="Test flex_compact_dm_timers3 in megaco_codec_prev3c_test skipped!">{tc_auto_skip,
    {failed,
        {megaco_codec_prev3c_test,init_per_group,
            {&apos;EXIT&apos;,
                {skipped,
                    &quot;failed_loading_flex_scanner_driver: cannot open shared object file: No such file or directory&quot;}}}}}</skipped></testcase><testcase group="codec.codec.text.flex_pretty.tickets.flex_compact_tickets.text.flex_pretty.tickets.flex_compact_tickets.text.flex_pretty.tickets.flex_compact_tickets.text.flex_pretty.tickets.flex_compact_tickets.text.flex_pretty.flex_compact" name="flex_compact_dm_timers4" time="0.000018" timestamp="2012-11-19T18:40:08" log=""><skipped type="skip" message="Test flex_compact_dm_timers4 in megaco_codec_prev3c_test skipped!">{tc_auto_skip,
    {failed,
        {megaco_codec_prev3c_test,init_per_group,
            {&apos;EXIT&apos;,
                {skipped,
                    &quot;failed_loading_flex_scanner_driver: cannot open shared object file: No such file or directory&quot;}}}}}</skipped></testcase><testcase group="codec.codec.text.flex_pretty.tickets.flex_compact_tickets.text.flex_pretty.tickets.flex_compact_tickets.text.flex_pretty.tickets.flex_compact_tickets.text.flex_pretty.tickets.flex_compact_tickets.text.flex_pretty.flex_compact" name="flex_compact_dm_timers5" time="0.000018" timestamp="2012-11-19T18:40:08" log=""><skipped type="skip" message="Test flex_compact_dm_timers5 in megaco_codec_prev3c_test skipped!">{tc_auto_skip,
    {failed,
        {megaco_codec_prev3c_test,init_per_group,
            {&apos;EXIT&apos;,
                {skipped,
                    &quot;failed_loading_flex_scanner_driver: cannot open shared object file: No such file or directory&quot;}}}}}</skipped></testcase><testcase group="codec.codec.text.flex_pretty.tickets.flex_compact_tickets.text.flex_pretty.tickets.flex_compact_tickets.text.flex_pretty.tickets.flex_compact_tickets.text.flex_pretty.tickets.flex_compact_tickets.text.flex_pretty.flex_compact" name="flex_compact_dm_timers6" time="0.000017" timestamp="2012-11-19T18:40:08" log=""><skipped type="skip" message="Test flex_compact_dm_timers6 in megaco_codec_prev3c_test skipped!">{tc_auto_skip,
    {failed,
        {megaco_codec_prev3c_test,init_per_group,
            {&apos;EXIT&apos;,
                {skipped,
                    &quot;failed_loading_flex_scanner_driver: cannot open shared object file: No such file or directory&quot;}}}}}</skipped></testcase><testcase group="codec.codec.text.flex_pretty.tickets.flex_compact_tickets.text.flex_pretty.tickets.flex_compact_tickets.text.flex_pretty.tickets.flex_compact_tickets.text.flex_pretty.tickets.flex_compact_tickets.text.flex_pretty.flex_compact" name="flex_compact_dm_timers7" time="0.000027" timestamp="2012-11-19T18:40:08" log=""><skipped type="skip" message="Test flex_compact_dm_timers7 in megaco_codec_prev3c_test skipped!">{tc_auto_skip,
    {failed,
        {megaco_codec_prev3c_test,init_per_group,
            {&apos;EXIT&apos;,
                {skipped,
                    &quot;failed_loading_flex_scanner_driver: cannot open shared object file: No such file or directory&quot;}}}}}</skipped></testcase><testcase group="codec.codec.text.flex_pretty.tickets.flex_compact_tickets.text.flex_pretty.tickets.flex_compact_tickets.text.flex_pretty.tickets.flex_compact_tickets.text.flex_pretty.tickets.flex_compact_tickets.text.flex_pretty.flex_compact" name="flex_compact_dm_timers8" time="0.000022" timestamp="2012-11-19T18:40:08" log=""><skipped type="skip" message="Test flex_compact_dm_timers8 in megaco_codec_prev3c_test skipped!">{tc_auto_skip,
    {failed,
        {megaco_codec_prev3c_test,init_per_group,
            {&apos;EXIT&apos;,
                {skipped,
                    &quot;failed_loading_flex_scanner_driver: cannot open shared object file: No such file or directory&quot;}}}}}</skipped></testcase><testcase group="codec.codec.text.flex_pretty.tickets.flex_compact_tickets.text.flex_pretty.tickets.flex_compact_tickets.text.flex_pretty.tickets.flex_compact_tickets.text.flex_pretty.tickets.flex_compact_tickets.text.flex_pretty.flex_compact" name="end_per_group" time="0.000017" timestamp="2012-11-19T18:40:08" log=""><skipped type="skip" message="Test end_per_group in megaco_codec_prev3c_test skipped!">{tc_auto_skip,
    {failed,
        {megaco_codec_prev3c_test,init_per_group,
            {&apos;EXIT&apos;,
                {skipped,
                    &quot;failed_loading_flex_scanner_driver: cannot open shared object file: No such file or directory&quot;}}}}}</skipped></testcase><testcase group="codec.codec.text.flex_pretty.tickets.flex_compact_tickets.text.flex_pretty.tickets.flex_compact_tickets.text.flex_pretty.tickets.flex_compact_tickets.text.flex_pretty.tickets.flex_compact_tickets.text.flex_pretty.flex_compact" name="end_per_group" time="0.015803" timestamp="2012-11-19T18:40:08" log="/home/karl/tmp/otp_tests/logs/megaco_test_logs/ct_run.ct@devbox.2012-11-19_18.26.56/tests.megaco_test.logs/run.2012-11-19_18.27.20/megaco_codec_prev3c_test.end_per_group.346808.286.html"></testcase><testcase group="codec.codec.text.flex_pretty.tickets.flex_compact_tickets.text.flex_pretty.tickets.flex_compact_tickets.text.flex_pretty.tickets.flex_compact_tickets.text.flex_pretty.tickets.flex_compact_tickets.text.flex_pretty.binary" name="init_per_group" time="0.012026" timestamp="2012-11-19T18:40:08" log="/home/karl/tmp/otp_tests/logs/megaco_test_logs/ct_run.ct@devbox.2012-11-19_18.26.56/tests.megaco_test.logs/run.2012-11-19_18.27.20/megaco_codec_prev3c_test.init_per_group.346808.340.html"></testcase><testcase group="codec.codec.text.flex_pretty.tickets.flex_compact_tickets.text.flex_pretty.tickets.flex_compact_tickets.text.flex_pretty.tickets.flex_compact_tickets.text.flex_pretty.tickets.flex_compact_tickets.text.flex_pretty.binary.bin" name="init_per_group" time="0.012635" timestamp="2012-11-19T18:40:08" log="/home/karl/tmp/otp_tests/logs/megaco_test_logs/ct_run.ct@devbox.2012-11-19_18.26.56/tests.megaco_test.logs/run.2012-11-19_18.27.20/megaco_codec_prev3c_test.init_per_group.346808.388.html"></testcase><testcase group="codec.codec.text.flex_pretty.tickets.flex_compact_tickets.text.flex_pretty.tickets.flex_compact_tickets.text.flex_pretty.tickets.flex_compact_tickets.text.flex_pretty.tickets.flex_compact_tickets.text.flex_pretty.binary.bin" name="bin_test_msgs" time="1.142427" timestamp="2012-11-19T18:40:08" log="/home/karl/tmp/otp_tests/logs/megaco_test_logs/ct_run.ct@devbox.2012-11-19_18.26.56/tests.megaco_test.logs/run.2012-11-19_18.27.20/megaco_codec_prev3c_test.bin_test_msgs.html"></testcase><testcase group="codec.codec.text.flex_pretty.tickets.flex_compact_tickets.text.flex_pretty.tickets.flex_compact_tickets.text.flex_pretty.tickets.flex_compact_tickets.text.flex_pretty.tickets.flex_compact_tickets.text.flex_pretty.binary.bin" name="end_per_group" time="0.013397" timestamp="2012-11-19T18:40:09" log="/home/karl/tmp/otp_tests/logs/megaco_test_logs/ct_run.ct@devbox.2012-11-19_18.26.56/tests.megaco_test.logs/run.2012-11-19_18.27.20/megaco_codec_prev3c_test.end_per_group.346809.620.html"></testcase><testcase group="codec.codec.text.flex_pretty.tickets.flex_compact_tickets.text.flex_pretty.tickets.flex_compact_tickets.text.flex_pretty.tickets.flex_compact_tickets.text.flex_pretty.tickets.flex_compact_tickets.text.flex_pretty.binary.ber" name="init_per_group" time="0.014502" timestamp="2012-11-19T18:40:09" log="/home/karl/tmp/otp_tests/logs/megaco_test_logs/ct_run.ct@devbox.2012-11-19_18.26.56/tests.megaco_test.logs/run.2012-11-19_18.27.20/megaco_codec_prev3c_test.init_per_group.346809.673.html"></testcase><testcase group="codec.codec.text.flex_pretty.tickets.flex_compact_tickets.text.flex_pretty.tickets.flex_compact_tickets.text.flex_pretty.tickets.flex_compact_tickets.text.flex_pretty.tickets.flex_compact_tickets.text.flex_pretty.binary.ber" name="ber_test_msgs" time="1.175025" timestamp="2012-11-19T18:40:09" log="/home/karl/tmp/otp_tests/logs/megaco_test_logs/ct_run.ct@devbox.2012-11-19_18.26.56/tests.megaco_test.logs/run.2012-11-19_18.27.20/megaco_codec_prev3c_test.ber_test_msgs.html"></testcase><testcase group="codec.codec.text.flex_pretty.tickets.flex_compact_tickets.text.flex_pretty.tickets.flex_compact_tickets.text.flex_pretty.tickets.flex_compact_tickets.text.flex_pretty.tickets.flex_compact_tickets.text.flex_pretty.binary.ber" name="end_per_group" time="0.015457" timestamp="2012-11-19T18:40:10" log="/home/karl/tmp/otp_tests/logs/megaco_test_logs/ct_run.ct@devbox.2012-11-19_18.26.56/tests.megaco_test.logs/run.2012-11-19_18.27.20/megaco_codec_prev3c_test.end_per_group.346810.942.html"></testcase><testcase group="codec.codec.text.flex_pretty.tickets.flex_compact_tickets.text.flex_pretty.tickets.flex_compact_tickets.text.flex_pretty.tickets.flex_compact_tickets.text.flex_pretty.tickets.flex_compact_tickets.text.flex_pretty.binary.ber_bin" name="init_per_group" time="0.012905" timestamp="2012-11-19T18:40:11" log="/home/karl/tmp/otp_tests/logs/megaco_test_logs/ct_run.ct@devbox.2012-11-19_18.26.56/tests.megaco_test.logs/run.2012-11-19_18.27.20/megaco_codec_prev3c_test.init_per_group.346810.996.html"></testcase><testcase group="codec.codec.text.flex_pretty.tickets.flex_compact_tickets.text.flex_pretty.tickets.flex_compact_tickets.text.flex_pretty.tickets.flex_compact_tickets.text.flex_pretty.tickets.flex_compact_tickets.text.flex_pretty.binary.ber_bin" name="ber_bin_test_msgs" time="1.127026" timestamp="2012-11-19T18:40:11" log="/home/karl/tmp/otp_tests/logs/megaco_test_logs/ct_run.ct@devbox.2012-11-19_18.26.56/tests.megaco_test.logs/run.2012-11-19_18.27.20/megaco_codec_prev3c_test.ber_bin_test_msgs.html"></testcase><testcase group="codec.codec.text.flex_pretty.tickets.flex_compact_tickets.text.flex_pretty.tickets.flex_compact_tickets.text.flex_pretty.tickets.flex_compact_tickets.text.flex_pretty.tickets.flex_compact_tickets.text.flex_pretty.binary.ber_bin" name="end_per_group" time="0.014595" timestamp="2012-11-19T18:40:12" log="/home/karl/tmp/otp_tests/logs/megaco_test_logs/ct_run.ct@devbox.2012-11-19_18.26.56/tests.megaco_test.logs/run.2012-11-19_18.27.20/megaco_codec_prev3c_test.end_per_group.346812.215.html"></testcase><testcase group="codec.codec.text.flex_pretty.tickets.flex_compact_tickets.text.flex_pretty.tickets.flex_compact_tickets.text.flex_pretty.tickets.flex_compact_tickets.text.flex_pretty.tickets.flex_compact_tickets.text.flex_pretty.binary.per" name="init_per_group" time="0.011859" timestamp="2012-11-19T18:40:12" log="/home/karl/tmp/otp_tests/logs/megaco_test_logs/ct_run.ct@devbox.2012-11-19_18.26.56/tests.megaco_test.logs/run.2012-11-19_18.27.20/megaco_codec_prev3c_test.init_per_group.346812.268.html"></testcase><testcase group="codec.codec.text.flex_pretty.tickets.flex_compact_tickets.text.flex_pretty.tickets.flex_compact_tickets.text.flex_pretty.tickets.flex_compact_tickets.text.flex_pretty.tickets.flex_compact_tickets.text.flex_pretty.binary.per" name="per_test_msgs" time="1.150696" timestamp="2012-11-19T18:40:12" log="/home/karl/tmp/otp_tests/logs/megaco_test_logs/ct_run.ct@devbox.2012-11-19_18.26.56/tests.megaco_test.logs/run.2012-11-19_18.27.20/megaco_codec_prev3c_test.per_test_msgs.html"></testcase><testcase group="codec.codec.text.flex_pretty.tickets.flex_compact_tickets.text.flex_pretty.tickets.flex_compact_tickets.text.flex_pretty.tickets.flex_compact_tickets.text.flex_pretty.tickets.flex_compact_tickets.text.flex_pretty.binary.per" name="end_per_group" time="0.015166" timestamp="2012-11-19T18:40:13" log="/home/karl/tmp/otp_tests/logs/megaco_test_logs/ct_run.ct@devbox.2012-11-19_18.26.56/tests.megaco_test.logs/run.2012-11-19_18.27.20/megaco_codec_prev3c_test.end_per_group.346813.509.html"></testcase><testcase group="codec.codec.text.flex_pretty.tickets.flex_compact_tickets.text.flex_pretty.tickets.flex_compact_tickets.text.flex_pretty.tickets.flex_compact_tickets.text.flex_pretty.tickets.flex_compact_tickets.text.flex_pretty.binary.per_bin" name="init_per_group" time="0.012855" timestamp="2012-11-19T18:40:13" log="/home/karl/tmp/otp_tests/logs/megaco_test_logs/ct_run.ct@devbox.2012-11-19_18.26.56/tests.megaco_test.logs/run.2012-11-19_18.27.20/megaco_codec_prev3c_test.init_per_group.346813.563.html"></testcase><testcase group="codec.codec.text.flex_pretty.tickets.flex_compact_tickets.text.flex_pretty.tickets.flex_compact_tickets.text.flex_pretty.tickets.flex_compact_tickets.text.flex_pretty.tickets.flex_compact_tickets.text.flex_pretty.binary.per_bin" name="per_bin_test_msgs" time="1.151129" timestamp="2012-11-19T18:40:13" log="/home/karl/tmp/otp_tests/logs/megaco_test_logs/ct_run.ct@devbox.2012-11-19_18.26.56/tests.megaco_test.logs/run.2012-11-19_18.27.20/megaco_codec_prev3c_test.per_bin_test_msgs.html"></testcase><testcase group="codec.codec.text.flex_pretty.tickets.flex_compact_tickets.text.flex_pretty.tickets.flex_compact_tickets.text.flex_pretty.tickets.flex_compact_tickets.text.flex_pretty.tickets.flex_compact_tickets.text.flex_pretty.binary.per_bin" name="end_per_group" time="0.014325" timestamp="2012-11-19T18:40:14" log="/home/karl/tmp/otp_tests/logs/megaco_test_logs/ct_run.ct@devbox.2012-11-19_18.26.56/tests.megaco_test.logs/run.2012-11-19_18.27.20/megaco_codec_prev3c_test.end_per_group.346814.812.html"></testcase><testcase group="codec.codec.text.flex_pretty.tickets.flex_compact_tickets.text.flex_pretty.tickets.flex_compact_tickets.text.flex_pretty.tickets.flex_compact_tickets.text.flex_pretty.tickets.flex_compact_tickets.text.flex_pretty.binary" name="end_per_group" time="0.012102" timestamp="2012-11-19T18:40:14" log="/home/karl/tmp/otp_tests/logs/megaco_test_logs/ct_run.ct@devbox.2012-11-19_18.26.56/tests.megaco_test.logs/run.2012-11-19_18.27.20/megaco_codec_prev3c_test.end_per_group.346814.864.html"></testcase><testcase group="codec.codec.text.flex_pretty.tickets.flex_compact_tickets.text.flex_pretty.tickets.flex_compact_tickets.text.flex_pretty.tickets.flex_compact_tickets.text.flex_pretty.tickets.flex_compact_tickets.text.flex_pretty.erl_dist" name="init_per_group" time="0.015448" timestamp="2012-11-19T18:40:14" log="/home/karl/tmp/otp_tests/logs/megaco_test_logs/ct_run.ct@devbox.2012-11-19_18.26.56/tests.megaco_test.logs/run.2012-11-19_18.27.20/megaco_codec_prev3c_test.init_per_group.346814.913.html"></testcase><testcase group="codec.codec.text.flex_pretty.tickets.flex_compact_tickets.text.flex_pretty.tickets.flex_compact_tickets.text.flex_pretty.tickets.flex_compact_tickets.text.flex_pretty.tickets.flex_compact_tickets.text.flex_pretty.erl_dist.erl_dist_m" name="init_per_group" time="0.012325" timestamp="2012-11-19T18:40:14" log="/home/karl/tmp/otp_tests/logs/megaco_test_logs/ct_run.ct@devbox.2012-11-19_18.26.56/tests.megaco_test.logs/run.2012-11-19_18.27.20/megaco_codec_prev3c_test.init_per_group.346814.967.html"></testcase><testcase group="codec.codec.text.flex_pretty.tickets.flex_compact_tickets.text.flex_pretty.tickets.flex_compact_tickets.text.flex_pretty.tickets.flex_compact_tickets.text.flex_pretty.tickets.flex_compact_tickets.text.flex_pretty.erl_dist.erl_dist_m" name="erl_dist_m_test_msgs" time="1.083576" timestamp="2012-11-19T18:40:15" log="/home/karl/tmp/otp_tests/logs/megaco_test_logs/ct_run.ct@devbox.2012-11-19_18.26.56/tests.megaco_test.logs/run.2012-11-19_18.27.20/megaco_codec_prev3c_test.erl_dist_m_test_msgs.html"></testcase><testcase group="codec.codec.text.flex_pretty.tickets.flex_compact_tickets.text.flex_pretty.tickets.flex_compact_tickets.text.flex_pretty.tickets.flex_compact_tickets.text.flex_pretty.tickets.flex_compact_tickets.text.flex_pretty.erl_dist.erl_dist_m" name="end_per_group" time="0.017995" timestamp="2012-11-19T18:40:16" log="/home/karl/tmp/otp_tests/logs/megaco_test_logs/ct_run.ct@devbox.2012-11-19_18.26.56/tests.megaco_test.logs/run.2012-11-19_18.27.20/megaco_codec_prev3c_test.end_per_group.346816.141.html"></testcase><testcase group="codec.codec.text.flex_pretty.tickets.flex_compact_tickets.text.flex_pretty.tickets.flex_compact_tickets.text.flex_pretty.tickets.flex_compact_tickets.text.flex_pretty.tickets.flex_compact_tickets.text.flex_pretty.erl_dist" name="end_per_group" time="0.012456" timestamp="2012-11-19T18:40:16" log="/home/karl/tmp/otp_tests/logs/megaco_test_logs/ct_run.ct@devbox.2012-11-19_18.26.56/tests.megaco_test.logs/run.2012-11-19_18.27.20/megaco_codec_prev3c_test.end_per_group.346816.200.html"></testcase><testcase group="codec.codec.text.flex_pretty.tickets.flex_compact_tickets.text.flex_pretty.tickets.flex_compact_tickets.text.flex_pretty.tickets.flex_compact_tickets.text.flex_pretty.tickets.flex_compact_tickets.text.flex_pretty.tickets" name="init_per_group" time="0.012183" timestamp="2012-11-19T18:40:16" log="/home/karl/tmp/otp_tests/logs/megaco_test_logs/ct_run.ct@devbox.2012-11-19_18.26.56/tests.megaco_test.logs/run.2012-11-19_18.27.20/megaco_codec_prev3c_test.init_per_group.346816.251.html"></testcase><testcase group="codec.codec.text.flex_pretty.tickets.flex_compact_tickets.text.flex_pretty.tickets.flex_compact_tickets.text.flex_pretty.tickets.flex_compact_tickets.text.flex_pretty.tickets.flex_compact_tickets.text.flex_pretty.tickets.compact_tickets" name="init_per_group" time="0.011425" timestamp="2012-11-19T18:40:16" log="/home/karl/tmp/otp_tests/logs/megaco_test_logs/ct_run.ct@devbox.2012-11-19_18.26.56/tests.megaco_test.logs/run.2012-11-19_18.27.20/megaco_codec_prev3c_test.init_per_group.346816.301.html"></testcase><testcase group="codec.codec.text.flex_pretty.tickets.flex_compact_tickets.text.flex_pretty.tickets.flex_compact_tickets.text.flex_pretty.tickets.flex_compact_tickets.text.flex_pretty.tickets.flex_compact_tickets.text.flex_pretty.tickets.compact_tickets" name="compact_otp4011_msg1" time="1.026648" timestamp="2012-11-19T18:40:16" log="/home/karl/tmp/otp_tests/logs/megaco_test_logs/ct_run.ct@devbox.2012-11-19_18.26.56/tests.megaco_test.logs/run.2012-11-19_18.27.20/megaco_codec_prev3c_test.compact_otp4011_msg1.html"></testcase><testcase group="codec.codec.text.flex_pretty.tickets.flex_compact_tickets.text.flex_pretty.tickets.flex_compact_tickets.text.flex_pretty.tickets.flex_compact_tickets.text.flex_pretty.tickets.flex_compact_tickets.text.flex_pretty.tickets.compact_tickets" name="compact_otp4011_msg2" time="1.025076" timestamp="2012-11-19T18:40:17" log="/home/karl/tmp/otp_tests/logs/megaco_test_logs/ct_run.ct@devbox.2012-11-19_18.26.56/tests.megaco_test.logs/run.2012-11-19_18.27.20/megaco_codec_prev3c_test.compact_otp4011_msg2.html"></testcase><testcase group="codec.codec.text.flex_pretty.tickets.flex_compact_tickets.text.flex_pretty.tickets.flex_compact_tickets.text.flex_pretty.tickets.flex_compact_tickets.text.flex_pretty.tickets.flex_compact_tickets.text.flex_pretty.tickets.compact_tickets" name="compact_otp4011_msg3" time="1.030978" timestamp="2012-11-19T18:40:18" log="/home/karl/tmp/otp_tests/logs/megaco_test_logs/ct_run.ct@devbox.2012-11-19_18.26.56/tests.megaco_test.logs/run.2012-11-19_18.27.20/megaco_codec_prev3c_test.compact_otp4011_msg3.html"></testcase><testcase group="codec.codec.text.flex_pretty.tickets.flex_compact_tickets.text.flex_pretty.tickets.flex_compact_tickets.text.flex_pretty.tickets.flex_compact_tickets.text.flex_pretty.tickets.flex_compact_tickets.text.flex_pretty.tickets.compact_tickets" name="compact_otp4013_msg1" time="1.024750" timestamp="2012-11-19T18:40:19" log="/home/karl/tmp/otp_tests/logs/megaco_test_logs/ct_run.ct@devbox.2012-11-19_18.26.56/tests.megaco_test.logs/run.2012-11-19_18.27.20/megaco_codec_prev3c_test.compact_otp4013_msg1.html"></testcase><testcase group="codec.codec.text.flex_pretty.tickets.flex_compact_tickets.text.flex_pretty.tickets.flex_compact_tickets.text.flex_pretty.tickets.flex_compact_tickets.text.flex_pretty.tickets.flex_compact_tickets.text.flex_pretty.tickets.compact_tickets" name="compact_otp4085_msg1" time="1.037977" timestamp="2012-11-19T18:40:20" log="/home/karl/tmp/otp_tests/logs/megaco_test_logs/ct_run.ct@devbox.2012-11-19_18.26.56/tests.megaco_test.logs/run.2012-11-19_18.27.20/megaco_codec_prev3c_test.compact_otp4085_msg1.html"></testcase><testcase group="codec.codec.text.flex_pretty.tickets.flex_compact_tickets.text.flex_pretty.tickets.flex_compact_tickets.text.flex_pretty.tickets.flex_compact_tickets.text.flex_pretty.tickets.flex_compact_tickets.text.flex_pretty.tickets.compact_tickets" name="compact_otp4085_msg2" time="1.023849" timestamp="2012-11-19T18:40:21" log="/home/karl/tmp/otp_tests/logs/megaco_test_logs/ct_run.ct@devbox.2012-11-19_18.26.56/tests.megaco_test.logs/run.2012-11-19_18.27.20/megaco_codec_prev3c_test.compact_otp4085_msg2.html"></testcase><testcase group="codec.codec.text.flex_pretty.tickets.flex_compact_tickets.text.flex_pretty.tickets.flex_compact_tickets.text.flex_pretty.tickets.flex_compact_tickets.text.flex_pretty.tickets.flex_compact_tickets.text.flex_pretty.tickets.compact_tickets" name="compact_otp4280_msg1" time="1.023748" timestamp="2012-11-19T18:40:22" log="/home/karl/tmp/otp_tests/logs/megaco_test_logs/ct_run.ct@devbox.2012-11-19_18.26.56/tests.megaco_test.logs/run.2012-11-19_18.27.20/megaco_codec_prev3c_test.compact_otp4280_msg1.html"></testcase><testcase group="codec.codec.text.flex_pretty.tickets.flex_compact_tickets.text.flex_pretty.tickets.flex_compact_tickets.text.flex_pretty.tickets.flex_compact_tickets.text.flex_pretty.tickets.flex_compact_tickets.text.flex_pretty.tickets.compact_tickets" name="compact_otp4299_msg1" time="1.023765" timestamp="2012-11-19T18:40:23" log="/home/karl/tmp/otp_tests/logs/megaco_test_logs/ct_run.ct@devbox.2012-11-19_18.26.56/tests.megaco_test.logs/run.2012-11-19_18.27.20/megaco_codec_prev3c_test.compact_otp4299_msg1.html"></testcase><testcase group="codec.codec.text.flex_pretty.tickets.flex_compact_tickets.text.flex_pretty.tickets.flex_compact_tickets.text.flex_pretty.tickets.flex_compact_tickets.text.flex_pretty.tickets.flex_compact_tickets.text.flex_pretty.tickets.compact_tickets" name="compact_otp4359_msg1" time="1.028790" timestamp="2012-11-19T18:40:24" log="/home/karl/tmp/otp_tests/logs/megaco_test_logs/ct_run.ct@devbox.2012-11-19_18.26.56/tests.megaco_test.logs/run.2012-11-19_18.27.20/megaco_codec_prev3c_test.compact_otp4359_msg1.html"></testcase><testcase group="codec.codec.text.flex_pretty.tickets.flex_compact_tickets.text.flex_pretty.tickets.flex_compact_tickets.text.flex_pretty.tickets.flex_compact_tickets.text.flex_pretty.tickets.flex_compact_tickets.text.flex_pretty.tickets.compact_tickets" name="compact_otp4920_msg0" time="1.028633" timestamp="2012-11-19T18:40:26" log="/home/karl/tmp/otp_tests/logs/megaco_test_logs/ct_run.ct@devbox.2012-11-19_18.26.56/tests.megaco_test.logs/run.2012-11-19_18.27.20/megaco_codec_prev3c_test.compact_otp4920_msg0.html"></testcase><testcase group="codec.codec.text.flex_pretty.tickets.flex_compact_tickets.text.flex_pretty.tickets.flex_compact_tickets.text.flex_pretty.tickets.flex_compact_tickets.text.flex_pretty.tickets.flex_compact_tickets.text.flex_pretty.tickets.compact_tickets" name="compact_otp4920_msg1" time="1.028027" timestamp="2012-11-19T18:40:27" log="/home/karl/tmp/otp_tests/logs/megaco_test_logs/ct_run.ct@devbox.2012-11-19_18.26.56/tests.megaco_test.logs/run.2012-11-19_18.27.20/megaco_codec_prev3c_test.compact_otp4920_msg1.html"></testcase><testcase group="codec.codec.text.flex_pretty.tickets.flex_compact_tickets.text.flex_pretty.tickets.flex_compact_tickets.text.flex_pretty.tickets.flex_compact_tickets.text.flex_pretty.tickets.flex_compact_tickets.text.flex_pretty.tickets.compact_tickets" name="compact_otp4920_msg2" time="1.027899" timestamp="2012-11-19T18:40:28" log="/home/karl/tmp/otp_tests/logs/megaco_test_logs/ct_run.ct@devbox.2012-11-19_18.26.56/tests.megaco_test.logs/run.2012-11-19_18.27.20/megaco_codec_prev3c_test.compact_otp4920_msg2.html"></testcase><testcase group="codec.codec.text.flex_pretty.tickets.flex_compact_tickets.text.flex_pretty.tickets.flex_compact_tickets.text.flex_pretty.tickets.flex_compact_tickets.text.flex_pretty.tickets.flex_compact_tickets.text.flex_pretty.tickets.compact_tickets" name="compact_otp4920_msg3" time="1.033746" timestamp="2012-11-19T18:40:29" log="/home/karl/tmp/otp_tests/logs/megaco_test_logs/ct_run.ct@devbox.2012-11-19_18.26.56/tests.megaco_test.logs/run.2012-11-19_18.27.20/megaco_codec_prev3c_test.compact_otp4920_msg3.html"></testcase><testcase group="codec.codec.text.flex_pretty.tickets.flex_compact_tickets.text.flex_pretty.tickets.flex_compact_tickets.text.flex_pretty.tickets.flex_compact_tickets.text.flex_pretty.tickets.flex_compact_tickets.text.flex_pretty.tickets.compact_tickets" name="compact_otp4920_msg4" time="1.045012" timestamp="2012-11-19T18:40:30" log="/home/karl/tmp/otp_tests/logs/megaco_test_logs/ct_run.ct@devbox.2012-11-19_18.26.56/tests.megaco_test.logs/run.2012-11-19_18.27.20/megaco_codec_prev3c_test.compact_otp4920_msg4.html"></testcase><testcase group="codec.codec.text.flex_pretty.tickets.flex_compact_tickets.text.flex_pretty.tickets.flex_compact_tickets.text.flex_pretty.tickets.flex_compact_tickets.text.flex_pretty.tickets.flex_compact_tickets.text.flex_pretty.tickets.compact_tickets" name="compact_otp4920_msg5" time="1.047101" timestamp="2012-11-19T18:40:31" log="/home/karl/tmp/otp_tests/logs/megaco_test_logs/ct_run.ct@devbox.2012-11-19_18.26.56/tests.megaco_test.logs/run.2012-11-19_18.27.20/megaco_codec_prev3c_test.compact_otp4920_msg5.html"></testcase><testcase group="codec.codec.text.flex_pretty.tickets.flex_compact_tickets.text.flex_pretty.tickets.flex_compact_tickets.text.flex_pretty.tickets.flex_compact_tickets.text.flex_pretty.tickets.flex_compact_tickets.text.flex_pretty.tickets.compact_tickets" name="compact_otp4920_msg6" time="1.031680" timestamp="2012-11-19T18:40:32" log="/home/karl/tmp/otp_tests/logs/megaco_test_logs/ct_run.ct@devbox.2012-11-19_18.26.56/tests.megaco_test.logs/run.2012-11-19_18.27.20/megaco_codec_prev3c_test.compact_otp4920_msg6.html"></testcase><testcase group="codec.codec.text.flex_pretty.tickets.flex_compact_tickets.text.flex_pretty.tickets.flex_compact_tickets.text.flex_pretty.tickets.flex_compact_tickets.text.flex_pretty.tickets.flex_compact_tickets.text.flex_pretty.tickets.compact_tickets" name="compact_otp4920_msg7" time="1.032192" timestamp="2012-11-19T18:40:33" log="/home/karl/tmp/otp_tests/logs/megaco_test_logs/ct_run.ct@devbox.2012-11-19_18.26.56/tests.megaco_test.logs/run.2012-11-19_18.27.20/megaco_codec_prev3c_test.compact_otp4920_msg7.html"></testcase><testcase group="codec.codec.text.flex_pretty.tickets.flex_compact_tickets.text.flex_pretty.tickets.flex_compact_tickets.text.flex_pretty.tickets.flex_compact_tickets.text.flex_pretty.tickets.flex_compact_tickets.text.flex_pretty.tickets.compact_tickets" name="compact_otp4920_msg8" time="1.045840" timestamp="2012-11-19T18:40:34" log="/home/karl/tmp/otp_tests/logs/megaco_test_logs/ct_run.ct@devbox.2012-11-19_18.26.56/tests.megaco_test.logs/run.2012-11-19_18.27.20/megaco_codec_prev3c_test.compact_otp4920_msg8.html"></testcase><testcase group="codec.codec.text.flex_pretty.tickets.flex_compact_tickets.text.flex_pretty.tickets.flex_compact_tickets.text.flex_pretty.tickets.flex_compact_tickets.text.flex_pretty.tickets.flex_compact_tickets.text.flex_pretty.tickets.compact_tickets" name="compact_otp4920_msg9" time="1.030606" timestamp="2012-11-19T18:40:35" log="/home/karl/tmp/otp_tests/logs/megaco_test_logs/ct_run.ct@devbox.2012-11-19_18.26.56/tests.megaco_test.logs/run.2012-11-19_18.27.20/megaco_codec_prev3c_test.compact_otp4920_msg9.html"></testcase><testcase group="codec.codec.text.flex_pretty.tickets.flex_compact_tickets.text.flex_pretty.tickets.flex_compact_tickets.text.flex_pretty.tickets.flex_compact_tickets.text.flex_pretty.tickets.flex_compact_tickets.text.flex_pretty.tickets.compact_tickets" name="compact_otp4920_msg10" time="1.064689" timestamp="2012-11-19T18:40:36" log="/home/karl/tmp/otp_tests/logs/megaco_test_logs/ct_run.ct@devbox.2012-11-19_18.26.56/tests.megaco_test.logs/run.2012-11-19_18.27.20/megaco_codec_prev3c_test.compact_otp4920_msg10.html"></testcase><testcase group="codec.codec.text.flex_pretty.tickets.flex_compact_tickets.text.flex_pretty.tickets.flex_compact_tickets.text.flex_pretty.tickets.flex_compact_tickets.text.flex_pretty.tickets.flex_compact_tickets.text.flex_pretty.tickets.compact_tickets" name="compact_otp4920_msg11" time="1.018473" timestamp="2012-11-19T18:40:38" log="/home/karl/tmp/otp_tests/logs/megaco_test_logs/ct_run.ct@devbox.2012-11-19_18.26.56/tests.megaco_test.logs/run.2012-11-19_18.27.20/megaco_codec_prev3c_test.compact_otp4920_msg11.html"></testcase><testcase group="codec.codec.text.flex_pretty.tickets.flex_compact_tickets.text.flex_pretty.tickets.flex_compact_tickets.text.flex_pretty.tickets.flex_compact_tickets.text.flex_pretty.tickets.flex_compact_tickets.text.flex_pretty.tickets.compact_tickets" name="compact_otp4920_msg12" time="1.025695" timestamp="2012-11-19T18:40:39" log="/home/karl/tmp/otp_tests/logs/megaco_test_logs/ct_run.ct@devbox.2012-11-19_18.26.56/tests.megaco_test.logs/run.2012-11-19_18.27.20/megaco_codec_prev3c_test.compact_otp4920_msg12.html"></testcase><testcase group="codec.codec.text.flex_pretty.tickets.flex_compact_tickets.text.flex_pretty.tickets.flex_compact_tickets.text.flex_pretty.tickets.flex_compact_tickets.text.flex_pretty.tickets.flex_compact_tickets.text.flex_pretty.tickets.compact_tickets" name="compact_otp4920_msg20" time="1.044515" timestamp="2012-11-19T18:40:40" log="/home/karl/tmp/otp_tests/logs/megaco_test_logs/ct_run.ct@devbox.2012-11-19_18.26.56/tests.megaco_test.logs/run.2012-11-19_18.27.20/megaco_codec_prev3c_test.compact_otp4920_msg20.html"></testcase><testcase group="codec.codec.text.flex_pretty.tickets.flex_compact_tickets.text.flex_pretty.tickets.flex_compact_tickets.text.flex_pretty.tickets.flex_compact_tickets.text.flex_pretty.tickets.flex_compact_tickets.text.flex_pretty.tickets.compact_tickets" name="compact_otp4920_msg21" time="1.030641" timestamp="2012-11-19T18:40:41" log="/home/karl/tmp/otp_tests/logs/megaco_test_logs/ct_run.ct@devbox.2012-11-19_18.26.56/tests.megaco_test.logs/run.2012-11-19_18.27.20/megaco_codec_prev3c_test.compact_otp4920_msg21.html"></testcase><testcase group="codec.codec.text.flex_pretty.tickets.flex_compact_tickets.text.flex_pretty.tickets.flex_compact_tickets.text.flex_pretty.tickets.flex_compact_tickets.text.flex_pretty.tickets.flex_compact_tickets.text.flex_pretty.tickets.compact_tickets" name="compact_otp4920_msg22" time="1.024714" timestamp="2012-11-19T18:40:42" log="/home/karl/tmp/otp_tests/logs/megaco_test_logs/ct_run.ct@devbox.2012-11-19_18.26.56/tests.megaco_test.logs/run.2012-11-19_18.27.20/megaco_codec_prev3c_test.compact_otp4920_msg22.html"></testcase><testcase group="codec.codec.text.flex_pretty.tickets.flex_compact_tickets.text.flex_pretty.tickets.flex_compact_tickets.text.flex_pretty.tickets.flex_compact_tickets.text.flex_pretty.tickets.flex_compact_tickets.text.flex_pretty.tickets.compact_tickets" name="compact_otp4920_msg23" time="1.018787" timestamp="2012-11-19T18:40:43" log="/home/karl/tmp/otp_tests/logs/megaco_test_logs/ct_run.ct@devbox.2012-11-19_18.26.56/tests.megaco_test.logs/run.2012-11-19_18.27.20/megaco_codec_prev3c_test.compact_otp4920_msg23.html"></testcase><testcase group="codec.codec.text.flex_pretty.tickets.flex_compact_tickets.text.flex_pretty.tickets.flex_compact_tickets.text.flex_pretty.tickets.flex_compact_tickets.text.flex_pretty.tickets.flex_compact_tickets.text.flex_pretty.tickets.compact_tickets" name="compact_otp4920_msg24" time="1.026991" timestamp="2012-11-19T18:40:44" log="/home/karl/tmp/otp_tests/logs/megaco_test_logs/ct_run.ct@devbox.2012-11-19_18.26.56/tests.megaco_test.logs/run.2012-11-19_18.27.20/megaco_codec_prev3c_test.compact_otp4920_msg24.html"></testcase><testcase group="codec.codec.text.flex_pretty.tickets.flex_compact_tickets.text.flex_pretty.tickets.flex_compact_tickets.text.flex_pretty.tickets.flex_compact_tickets.text.flex_pretty.tickets.flex_compact_tickets.text.flex_pretty.tickets.compact_tickets" name="compact_otp4920_msg25" time="1.042942" timestamp="2012-11-19T18:40:45" log="/home/karl/tmp/otp_tests/logs/megaco_test_logs/ct_run.ct@devbox.2012-11-19_18.26.56/tests.megaco_test.logs/run.2012-11-19_18.27.20/megaco_codec_prev3c_test.compact_otp4920_msg25.html"></testcase><testcase group="codec.codec.text.flex_pretty.tickets.flex_compact_tickets.text.flex_pretty.tickets.flex_compact_tickets.text.flex_pretty.tickets.flex_compact_tickets.text.flex_pretty.tickets.flex_compact_tickets.text.flex_pretty.tickets.compact_tickets" name="compact_otp5186_msg01" time="1.027985" timestamp="2012-11-19T18:40:46" log="/home/karl/tmp/otp_tests/logs/megaco_test_logs/ct_run.ct@devbox.2012-11-19_18.26.56/tests.megaco_test.logs/run.2012-11-19_18.27.20/megaco_codec_prev3c_test.compact_otp5186_msg01.html"></testcase><testcase group="codec.codec.text.flex_pretty.tickets.flex_compact_tickets.text.flex_pretty.tickets.flex_compact_tickets.text.flex_pretty.tickets.flex_compact_tickets.text.flex_pretty.tickets.flex_compact_tickets.text.flex_pretty.tickets.compact_tickets" name="compact_otp5186_msg02" time="1.032008" timestamp="2012-11-19T18:40:47" log="/home/karl/tmp/otp_tests/logs/megaco_test_logs/ct_run.ct@devbox.2012-11-19_18.26.56/tests.megaco_test.logs/run.2012-11-19_18.27.20/megaco_codec_prev3c_test.compact_otp5186_msg02.html"></testcase><testcase group="codec.codec.text.flex_pretty.tickets.flex_compact_tickets.text.flex_pretty.tickets.flex_compact_tickets.text.flex_pretty.tickets.flex_compact_tickets.text.flex_pretty.tickets.flex_compact_tickets.text.flex_pretty.tickets.compact_tickets" name="compact_otp5186_msg03" time="1.027200" timestamp="2012-11-19T18:40:48" log="/home/karl/tmp/otp_tests/logs/megaco_test_logs/ct_run.ct@devbox.2012-11-19_18.26.56/tests.megaco_test.logs/run.2012-11-19_18.27.20/megaco_codec_prev3c_test.compact_otp5186_msg03.html"></testcase><testcase group="codec.codec.text.flex_pretty.tickets.flex_compact_tickets.text.flex_pretty.tickets.flex_compact_tickets.text.flex_pretty.tickets.flex_compact_tickets.text.flex_pretty.tickets.flex_compact_tickets.text.flex_pretty.tickets.compact_tickets" name="compact_otp5186_msg04" time="1.029553" timestamp="2012-11-19T18:40:49" log="/home/karl/tmp/otp_tests/logs/megaco_test_logs/ct_run.ct@devbox.2012-11-19_18.26.56/tests.megaco_test.logs/run.2012-11-19_18.27.20/megaco_codec_prev3c_test.compact_otp5186_msg04.html"></testcase><testcase group="codec.codec.text.flex_pretty.tickets.flex_compact_tickets.text.flex_pretty.tickets.flex_compact_tickets.text.flex_pretty.tickets.flex_compact_tickets.text.flex_pretty.tickets.flex_compact_tickets.text.flex_pretty.tickets.compact_tickets" name="compact_otp5186_msg05" time="1.027940" timestamp="2012-11-19T18:40:50" log="/home/karl/tmp/otp_tests/logs/megaco_test_logs/ct_run.ct@devbox.2012-11-19_18.26.56/tests.megaco_test.logs/run.2012-11-19_18.27.20/megaco_codec_prev3c_test.compact_otp5186_msg05.html"></testcase><testcase group="codec.codec.text.flex_pretty.tickets.flex_compact_tickets.text.flex_pretty.tickets.flex_compact_tickets.text.flex_pretty.tickets.flex_compact_tickets.text.flex_pretty.tickets.flex_compact_tickets.text.flex_pretty.tickets.compact_tickets" name="compact_otp5186_msg06" time="1.028361" timestamp="2012-11-19T18:40:52" log="/home/karl/tmp/otp_tests/logs/megaco_test_logs/ct_run.ct@devbox.2012-11-19_18.26.56/tests.megaco_test.logs/run.2012-11-19_18.27.20/megaco_codec_prev3c_test.compact_otp5186_msg06.html"></testcase><testcase group="codec.codec.text.flex_pretty.tickets.flex_compact_tickets.text.flex_pretty.tickets.flex_compact_tickets.text.flex_pretty.tickets.flex_compact_tickets.text.flex_pretty.tickets.flex_compact_tickets.text.flex_pretty.tickets.compact_tickets" name="compact_otp5793_msg01" time="1.026806" timestamp="2012-11-19T18:40:53" log="/home/karl/tmp/otp_tests/logs/megaco_test_logs/ct_run.ct@devbox.2012-11-19_18.26.56/tests.megaco_test.logs/run.2012-11-19_18.27.20/megaco_codec_prev3c_test.compact_otp5793_msg01.html"></testcase><testcase group="codec.codec.text.flex_pretty.tickets.flex_compact_tickets.text.flex_pretty.tickets.flex_compact_tickets.text.flex_pretty.tickets.flex_compact_tickets.text.flex_pretty.tickets.flex_compact_tickets.text.flex_pretty.tickets.compact_tickets" name="compact_otp5836_msg01" time="1.021942" timestamp="2012-11-19T18:40:54" log="/home/karl/tmp/otp_tests/logs/megaco_test_logs/ct_run.ct@devbox.2012-11-19_18.26.56/tests.megaco_test.logs/run.2012-11-19_18.27.20/megaco_codec_prev3c_test.compact_otp5836_msg01.html"></testcase><testcase group="codec.codec.text.flex_pretty.tickets.flex_compact_tickets.text.flex_pretty.tickets.flex_compact_tickets.text.flex_pretty.tickets.flex_compact_tickets.text.flex_pretty.tickets.flex_compact_tickets.text.flex_pretty.tickets.compact_tickets" name="compact_otp5993_msg01" time="1.025948" timestamp="2012-11-19T18:40:55" log="/home/karl/tmp/otp_tests/logs/megaco_test_logs/ct_run.ct@devbox.2012-11-19_18.26.56/tests.megaco_test.logs/run.2012-11-19_18.27.20/megaco_codec_prev3c_test.compact_otp5993_msg01.html"></testcase><testcase group="codec.codec.text.flex_pretty.tickets.flex_compact_tickets.text.flex_pretty.tickets.flex_compact_tickets.text.flex_pretty.tickets.flex_compact_tickets.text.flex_pretty.tickets.flex_compact_tickets.text.flex_pretty.tickets.compact_tickets" name="compact_otp5993_msg02" time="1.042398" timestamp="2012-11-19T18:40:56" log="/home/karl/tmp/otp_tests/logs/megaco_test_logs/ct_run.ct@devbox.2012-11-19_18.26.56/tests.megaco_test.logs/run.2012-11-19_18.27.20/megaco_codec_prev3c_test.compact_otp5993_msg02.html"></testcase><testcase group="codec.codec.text.flex_pretty.tickets.flex_compact_tickets.text.flex_pretty.tickets.flex_compact_tickets.text.flex_pretty.tickets.flex_compact_tickets.text.flex_pretty.tickets.flex_compact_tickets.text.flex_pretty.tickets.compact_tickets" name="compact_otp5993_msg03" time="1.028534" timestamp="2012-11-19T18:40:57" log="/home/karl/tmp/otp_tests/logs/megaco_test_logs/ct_run.ct@devbox.2012-11-19_18.26.56/tests.megaco_test.logs/run.2012-11-19_18.27.20/megaco_codec_prev3c_test.compact_otp5993_msg03.html"></testcase><testcase group="codec.codec.text.flex_pretty.tickets.flex_compact_tickets.text.flex_pretty.tickets.flex_compact_tickets.text.flex_pretty.tickets.flex_compact_tickets.text.flex_pretty.tickets.flex_compact_tickets.text.flex_pretty.tickets.compact_tickets" name="compact_otp6017_msg01" time="1.048185" timestamp="2012-11-19T18:40:58" log="/home/karl/tmp/otp_tests/logs/megaco_test_logs/ct_run.ct@devbox.2012-11-19_18.26.56/tests.megaco_test.logs/run.2012-11-19_18.27.20/megaco_codec_prev3c_test.compact_otp6017_msg01.html"></testcase><testcase group="codec.codec.text.flex_pretty.tickets.flex_compact_tickets.text.flex_pretty.tickets.flex_compact_tickets.text.flex_pretty.tickets.flex_compact_tickets.text.flex_pretty.tickets.flex_compact_tickets.text.flex_pretty.tickets.compact_tickets" name="compact_otp6017_msg02" time="1.031613" timestamp="2012-11-19T18:40:59" log="/home/karl/tmp/otp_tests/logs/megaco_test_logs/ct_run.ct@devbox.2012-11-19_18.26.56/tests.megaco_test.logs/run.2012-11-19_18.27.20/megaco_codec_prev3c_test.compact_otp6017_msg02.html"></testcase><testcase group="codec.codec.text.flex_pretty.tickets.flex_compact_tickets.text.flex_pretty.tickets.flex_compact_tickets.text.flex_pretty.tickets.flex_compact_tickets.text.flex_pretty.tickets.flex_compact_tickets.text.flex_pretty.tickets.compact_tickets" name="compact_otp6017_msg03" time="1.041468" timestamp="2012-11-19T18:41:00" log="/home/karl/tmp/otp_tests/logs/megaco_test_logs/ct_run.ct@devbox.2012-11-19_18.26.56/tests.megaco_test.logs/run.2012-11-19_18.27.20/megaco_codec_prev3c_test.compact_otp6017_msg03.html"></testcase><testcase group="codec.codec.text.flex_pretty.tickets.flex_compact_tickets.text.flex_pretty.tickets.flex_compact_tickets.text.flex_pretty.tickets.flex_compact_tickets.text.flex_pretty.tickets.flex_compact_tickets.text.flex_pretty.tickets.compact_tickets" name="end_per_group" time="0.016318" timestamp="2012-11-19T18:41:01" log="/home/karl/tmp/otp_tests/logs/megaco_test_logs/ct_run.ct@devbox.2012-11-19_18.26.56/tests.megaco_test.logs/run.2012-11-19_18.27.20/megaco_codec_prev3c_test.end_per_group.346861.779.html"></testcase><testcase group="codec.codec.text.flex_pretty.tickets.flex_compact_tickets.text.flex_pretty.tickets.flex_compact_tickets.text.flex_pretty.tickets.flex_compact_tickets.text.flex_pretty.tickets.flex_compact_tickets.text.flex_pretty.tickets.flex_compact_tickets" name="init_per_group" time="0.018322" timestamp="2012-11-19T18:41:01" log="/home/karl/tmp/otp_tests/logs/megaco_test_logs/ct_run.ct@devbox.2012-11-19_18.26.56/tests.megaco_test.logs/run.2012-11-19_18.27.20/megaco_codec_prev3c_test.init_per_group.346861.841.html"><skipped type="skip" message="Test init_per_group in megaco_codec_prev3c_test skipped!">{tc_user_skip,{skipped,&quot;failed_loading_flex_scanner_driver: cannot open shared object file: No such file or directory&quot;}}</skipped></testcase><testcase group="codec.codec.text.flex_pretty.tickets.flex_compact_tickets.text.flex_pretty.tickets.flex_compact_tickets.text.flex_pretty.tickets.flex_compact_tickets.text.flex_pretty.tickets.flex_compact_tickets.text.flex_pretty.tickets.flex_compact_tickets" name="flex_compact_otp4299_msg1" time="0.000031" timestamp="2012-11-19T18:41:01" log=""><skipped type="skip" message="Test flex_compact_otp4299_msg1 in megaco_codec_prev3c_test skipped!">{tc_auto_skip,
    {failed,
        {megaco_codec_prev3c_test,init_per_group,
            {&apos;EXIT&apos;,
                {skipped,
                    &quot;failed_loading_flex_scanner_driver: cannot open shared object file: No such file or directory&quot;}}}}}</skipped></testcase><testcase group="codec.codec.text.flex_pretty.tickets.flex_compact_tickets.text.flex_pretty.tickets.flex_compact_tickets.text.flex_pretty.tickets.flex_compact_tickets.text.flex_pretty.tickets.flex_compact_tickets.text.flex_pretty.tickets.flex_compact_tickets" name="flex_compact_otp7431_msg01" time="0.000018" timestamp="2012-11-19T18:41:01" log=""><skipped type="skip" message="Test flex_compact_otp7431_msg01 in megaco_codec_prev3c_test skipped!">{tc_auto_skip,
    {failed,
        {megaco_codec_prev3c_test,init_per_group,
            {&apos;EXIT&apos;,
                {skipped,
                    &quot;failed_loading_flex_scanner_driver: cannot open shared object file: No such file or directory&quot;}}}}}</skipped></testcase><testcase group="codec.codec.text.flex_pretty.tickets.flex_compact_tickets.text.flex_pretty.tickets.flex_compact_tickets.text.flex_pretty.tickets.flex_compact_tickets.text.flex_pretty.tickets.flex_compact_tickets.text.flex_pretty.tickets.flex_compact_tickets" name="flex_compact_otp7431_msg02" time="0.000031" timestamp="2012-11-19T18:41:02" log=""><skipped type="skip" message="Test flex_compact_otp7431_msg02 in megaco_codec_prev3c_test skipped!">{tc_auto_skip,
    {failed,
        {megaco_codec_prev3c_test,init_per_group,
            {&apos;EXIT&apos;,
                {skipped,
                    &quot;failed_loading_flex_scanner_driver: cannot open shared object file: No such file or directory&quot;}}}}}</skipped></testcase><testcase group="codec.codec.text.flex_pretty.tickets.flex_compact_tickets.text.flex_pretty.tickets.flex_compact_tickets.text.flex_pretty.tickets.flex_compact_tickets.text.flex_pretty.tickets.flex_compact_tickets.text.flex_pretty.tickets.flex_compact_tickets" name="flex_compact_otp7431_msg03" time="0.000017" timestamp="2012-11-19T18:41:02" log=""><skipped type="skip" message="Test flex_compact_otp7431_msg03 in megaco_codec_prev3c_test skipped!">{tc_auto_skip,
    {failed,
        {megaco_codec_prev3c_test,init_per_group,
            {&apos;EXIT&apos;,
                {skipped,
                    &quot;failed_loading_flex_scanner_driver: cannot open shared object file: No such file or directory&quot;}}}}}</skipped></testcase><testcase group="codec.codec.text.flex_pretty.tickets.flex_compact_tickets.text.flex_pretty.tickets.flex_compact_tickets.text.flex_pretty.tickets.flex_compact_tickets.text.flex_pretty.tickets.flex_compact_tickets.text.flex_pretty.tickets.flex_compact_tickets" name="flex_compact_otp7431_msg04" time="0.000106" timestamp="2012-11-19T18:41:02" log=""><skipped type="skip" message="Test flex_compact_otp7431_msg04 in megaco_codec_prev3c_test skipped!">{tc_auto_skip,
    {failed,
        {megaco_codec_prev3c_test,init_per_group,
            {&apos;EXIT&apos;,
                {skipped,
                    &quot;failed_loading_flex_scanner_driver: cannot open shared object file: No such file or directory&quot;}}}}}</skipped></testcase><testcase group="codec.codec.text.flex_pretty.tickets.flex_compact_tickets.text.flex_pretty.tickets.flex_compact_tickets.text.flex_pretty.tickets.flex_compact_tickets.text.flex_pretty.tickets.flex_compact_tickets.text.flex_pretty.tickets.flex_compact_tickets" name="flex_compact_otp7431_msg05" time="0.000017" timestamp="2012-11-19T18:41:02" log=""><skipped type="skip" message="Test flex_compact_otp7431_msg05 in megaco_codec_prev3c_test skipped!">{tc_auto_skip,
    {failed,
        {megaco_codec_prev3c_test,init_per_group,
            {&apos;EXIT&apos;,
                {skipped,
                    &quot;failed_loading_flex_scanner_driver: cannot open shared object file: No such file or directory&quot;}}}}}</skipped></testcase><testcase group="codec.codec.text.flex_pretty.tickets.flex_compact_tickets.text.flex_pretty.tickets.flex_compact_tickets.text.flex_pretty.tickets.flex_compact_tickets.text.flex_pretty.tickets.flex_compact_tickets.text.flex_pretty.tickets.flex_compact_tickets" name="flex_compact_otp7431_msg06" time="0.000018" timestamp="2012-11-19T18:41:02" log=""><skipped type="skip" message="Test flex_compact_otp7431_msg06 in megaco_codec_prev3c_test skipped!">{tc_auto_skip,
    {failed,
        {megaco_codec_prev3c_test,init_per_group,
            {&apos;EXIT&apos;,
                {skipped,
                    &quot;failed_loading_flex_scanner_driver: cannot open shared object file: No such file or directory&quot;}}}}}</skipped></testcase><testcase group="codec.codec.text.flex_pretty.tickets.flex_compact_tickets.text.flex_pretty.tickets.flex_compact_tickets.text.flex_pretty.tickets.flex_compact_tickets.text.flex_pretty.tickets.flex_compact_tickets.text.flex_pretty.tickets.flex_compact_tickets" name="flex_compact_otp7431_msg07" time="0.000019" timestamp="2012-11-19T18:41:02" log=""><skipped type="skip" message="Test flex_compact_otp7431_msg07 in megaco_codec_prev3c_test skipped!">{tc_auto_skip,
    {failed,
        {megaco_codec_prev3c_test,init_per_group,
            {&apos;EXIT&apos;,
                {skipped,
                    &quot;failed_loading_flex_scanner_driver: cannot open shared object file: No such file or directory&quot;}}}}}</skipped></testcase><testcase group="codec.codec.text.flex_pretty.tickets.flex_compact_tickets.text.flex_pretty.tickets.flex_compact_tickets.text.flex_pretty.tickets.flex_compact_tickets.text.flex_pretty.tickets.flex_compact_tickets.text.flex_pretty.tickets.flex_compact_tickets" name="end_per_group" time="0.000028" timestamp="2012-11-19T18:41:02" log=""><skipped type="skip" message="Test end_per_group in megaco_codec_prev3c_test skipped!">{tc_auto_skip,
    {failed,
        {megaco_codec_prev3c_test,init_per_group,
            {&apos;EXIT&apos;,
                {skipped,
                    &quot;failed_loading_flex_scanner_driver: cannot open shared object file: No such file or directory&quot;}}}}}</skipped></testcase><testcase group="codec.codec.text.flex_pretty.tickets.flex_compact_tickets.text.flex_pretty.tickets.flex_compact_tickets.text.flex_pretty.tickets.flex_compact_tickets.text.flex_pretty.tickets.flex_compact_tickets.text.flex_pretty.tickets.flex_compact_tickets.pretty_tickets" name="init_per_group" time="0.015934" timestamp="2012-11-19T18:41:02" log="/home/karl/tmp/otp_tests/logs/megaco_test_logs/ct_run.ct@devbox.2012-11-19_18.26.56/tests.megaco_test.logs/run.2012-11-19_18.27.20/megaco_codec_prev3c_test.init_per_group.346862.94.html"></testcase><testcase group="codec.codec.text.flex_pretty.tickets.flex_compact_tickets.text.flex_pretty.tickets.flex_compact_tickets.text.flex_pretty.tickets.flex_compact_tickets.text.flex_pretty.tickets.flex_compact_tickets.text.flex_pretty.tickets.flex_compact_tickets.pretty_tickets" name="pretty_otp4632_msg1" time="1.026308" timestamp="2012-11-19T18:41:02" log="/home/karl/tmp/otp_tests/logs/megaco_test_logs/ct_run.ct@devbox.2012-11-19_18.26.56/tests.megaco_test.logs/run.2012-11-19_18.27.20/megaco_codec_prev3c_test.pretty_otp4632_msg1.html"></testcase><testcase group="codec.codec.text.flex_pretty.tickets.flex_compact_tickets.text.flex_pretty.tickets.flex_compact_tickets.text.flex_pretty.tickets.flex_compact_tickets.text.flex_pretty.tickets.flex_compact_tickets.text.flex_pretty.tickets.flex_compact_tickets.pretty_tickets" name="pretty_otp4632_msg2" time="1.031437" timestamp="2012-11-19T18:41:03" log="/home/karl/tmp/otp_tests/logs/megaco_test_logs/ct_run.ct@devbox.2012-11-19_18.26.56/tests.megaco_test.logs/run.2012-11-19_18.27.20/megaco_codec_prev3c_test.pretty_otp4632_msg2.html"></testcase><testcase group="codec.codec.text.flex_pretty.tickets.flex_compact_tickets.text.flex_pretty.tickets.flex_compact_tickets.text.flex_pretty.tickets.flex_compact_tickets.text.flex_pretty.tickets.flex_compact_tickets.text.flex_pretty.tickets.flex_compact_tickets.pretty_tickets" name="pretty_otp4632_msg3" time="1.073216" timestamp="2012-11-19T18:41:04" log="/home/karl/tmp/otp_tests/logs/megaco_test_logs/ct_run.ct@devbox.2012-11-19_18.26.56/tests.megaco_test.logs/run.2012-11-19_18.27.20/megaco_codec_prev3c_test.pretty_otp4632_msg3.html"></testcase><testcase group="codec.codec.text.flex_pretty.tickets.flex_compact_tickets.text.flex_pretty.tickets.flex_compact_tickets.text.flex_pretty.tickets.flex_compact_tickets.text.flex_pretty.tickets.flex_compact_tickets.text.flex_pretty.tickets.flex_compact_tickets.pretty_tickets" name="pretty_otp4632_msg4" time="1.051176" timestamp="2012-11-19T18:41:05" log="/home/karl/tmp/otp_tests/logs/megaco_test_logs/ct_run.ct@devbox.2012-11-19_18.26.56/tests.megaco_test.logs/run.2012-11-19_18.27.20/megaco_codec_prev3c_test.pretty_otp4632_msg4.html"></testcase><testcase group="codec.codec.text.flex_pretty.tickets.flex_compact_tickets.text.flex_pretty.tickets.flex_compact_tickets.text.flex_pretty.tickets.flex_compact_tickets.text.flex_pretty.tickets.flex_compact_tickets.text.flex_pretty.tickets.flex_compact_tickets.pretty_tickets" name="pretty_otp4710_msg1" time="1.030422" timestamp="2012-11-19T18:41:06" log="/home/karl/tmp/otp_tests/logs/megaco_test_logs/ct_run.ct@devbox.2012-11-19_18.26.56/tests.megaco_test.logs/run.2012-11-19_18.27.20/megaco_codec_prev3c_test.pretty_otp4710_msg1.html"></testcase><testcase group="codec.codec.text.flex_pretty.tickets.flex_compact_tickets.text.flex_pretty.tickets.flex_compact_tickets.text.flex_pretty.tickets.flex_compact_tickets.text.flex_pretty.tickets.flex_compact_tickets.text.flex_pretty.tickets.flex_compact_tickets.pretty_tickets" name="pretty_otp4710_msg2" time="1.028341" timestamp="2012-11-19T18:41:07" log="/home/karl/tmp/otp_tests/logs/megaco_test_logs/ct_run.ct@devbox.2012-11-19_18.26.56/tests.megaco_test.logs/run.2012-11-19_18.27.20/megaco_codec_prev3c_test.pretty_otp4710_msg2.html"></testcase><testcase group="codec.codec.text.flex_pretty.tickets.flex_compact_tickets.text.flex_pretty.tickets.flex_compact_tickets.text.flex_pretty.tickets.flex_compact_tickets.text.flex_pretty.tickets.flex_compact_tickets.text.flex_pretty.tickets.flex_compact_tickets.pretty_tickets" name="pretty_otp4945_msg1" time="1.028637" timestamp="2012-11-19T18:41:08" log="/home/karl/tmp/otp_tests/logs/megaco_test_logs/ct_run.ct@devbox.2012-11-19_18.26.56/tests.megaco_test.logs/run.2012-11-19_18.27.20/megaco_codec_prev3c_test.pretty_otp4945_msg1.html"></testcase><testcase group="codec.codec.text.flex_pretty.tickets.flex_compact_tickets.text.flex_pretty.tickets.flex_compact_tickets.text.flex_pretty.tickets.flex_compact_tickets.text.flex_pretty.tickets.flex_compact_tickets.text.flex_pretty.tickets.flex_compact_tickets.pretty_tickets" name="pretty_otp4945_msg2" time="1.028582" timestamp="2012-11-19T18:41:09" log="/home/karl/tmp/otp_tests/logs/megaco_test_logs/ct_run.ct@devbox.2012-11-19_18.26.56/tests.megaco_test.logs/run.2012-11-19_18.27.20/megaco_codec_prev3c_test.pretty_otp4945_msg2.html"></testcase><testcase group="codec.codec.text.flex_pretty.tickets.flex_compact_tickets.text.flex_pretty.tickets.flex_compact_tickets.text.flex_pretty.tickets.flex_compact_tickets.text.flex_pretty.tickets.flex_compact_tickets.text.flex_pretty.tickets.flex_compact_tickets.pretty_tickets" name="pretty_otp4945_msg3" time="1.033413" timestamp="2012-11-19T18:41:10" log="/home/karl/tmp/otp_tests/logs/megaco_test_logs/ct_run.ct@devbox.2012-11-19_18.26.56/tests.megaco_test.logs/run.2012-11-19_18.27.20/megaco_codec_prev3c_test.pretty_otp4945_msg3.html"></testcase><testcase group="codec.codec.text.flex_pretty.tickets.flex_compact_tickets.text.flex_pretty.tickets.flex_compact_tickets.text.flex_pretty.tickets.flex_compact_tickets.text.flex_pretty.tickets.flex_compact_tickets.text.flex_pretty.tickets.flex_compact_tickets.pretty_tickets" name="pretty_otp4945_msg4" time="1.026872" timestamp="2012-11-19T18:41:11" log="/home/karl/tmp/otp_tests/logs/megaco_test_logs/ct_run.ct@devbox.2012-11-19_18.26.56/tests.megaco_test.logs/run.2012-11-19_18.27.20/megaco_codec_prev3c_test.pretty_otp4945_msg4.html"></testcase><testcase group="codec.codec.text.flex_pretty.tickets.flex_compact_tickets.text.flex_pretty.tickets.flex_compact_tickets.text.flex_pretty.tickets.flex_compact_tickets.text.flex_pretty.tickets.flex_compact_tickets.text.flex_pretty.tickets.flex_compact_tickets.pretty_tickets" name="pretty_otp4945_msg5" time="1.028432" timestamp="2012-11-19T18:41:13" log="/home/karl/tmp/otp_tests/logs/megaco_test_logs/ct_run.ct@devbox.2012-11-19_18.26.56/tests.megaco_test.logs/run.2012-11-19_18.27.20/megaco_codec_prev3c_test.pretty_otp4945_msg5.html"></testcase><testcase group="codec.codec.text.flex_pretty.tickets.flex_compact_tickets.text.flex_pretty.tickets.flex_compact_tickets.text.flex_pretty.tickets.flex_compact_tickets.text.flex_pretty.tickets.flex_compact_tickets.text.flex_pretty.tickets.flex_compact_tickets.pretty_tickets" name="pretty_otp4945_msg6" time="1.027659" timestamp="2012-11-19T18:41:14" log="/home/karl/tmp/otp_tests/logs/megaco_test_logs/ct_run.ct@devbox.2012-11-19_18.26.56/tests.megaco_test.logs/run.2012-11-19_18.27.20/megaco_codec_prev3c_test.pretty_otp4945_msg6.html"></testcase><testcase group="codec.codec.text.flex_pretty.tickets.flex_compact_tickets.text.flex_pretty.tickets.flex_compact_tickets.text.flex_pretty.tickets.flex_compact_tickets.text.flex_pretty.tickets.flex_compact_tickets.text.flex_pretty.tickets.flex_compact_tickets.pretty_tickets" name="pretty_otp4949_msg1" time="1.051032" timestamp="2012-11-19T18:41:15" log="/home/karl/tmp/otp_tests/logs/megaco_test_logs/ct_run.ct@devbox.2012-11-19_18.26.56/tests.megaco_test.logs/run.2012-11-19_18.27.20/megaco_codec_prev3c_test.pretty_otp4949_msg1.html"></testcase><testcase group="codec.codec.text.flex_pretty.tickets.flex_compact_tickets.text.flex_pretty.tickets.flex_compact_tickets.text.flex_pretty.tickets.flex_compact_tickets.text.flex_pretty.tickets.flex_compact_tickets.text.flex_pretty.tickets.flex_compact_tickets.pretty_tickets" name="pretty_otp4949_msg2" time="1.028558" timestamp="2012-11-19T18:41:16" log="/home/karl/tmp/otp_tests/logs/megaco_test_logs/ct_run.ct@devbox.2012-11-19_18.26.56/tests.megaco_test.logs/run.2012-11-19_18.27.20/megaco_codec_prev3c_test.pretty_otp4949_msg2.html"></testcase><testcase group="codec.codec.text.flex_pretty.tickets.flex_compact_tickets.text.flex_pretty.tickets.flex_compact_tickets.text.flex_pretty.tickets.flex_compact_tickets.text.flex_pretty.tickets.flex_compact_tickets.text.flex_pretty.tickets.flex_compact_tickets.pretty_tickets" name="pretty_otp4949_msg3" time="1.030327" timestamp="2012-11-19T18:41:17" log="/home/karl/tmp/otp_tests/logs/megaco_test_logs/ct_run.ct@devbox.2012-11-19_18.26.56/tests.megaco_test.logs/run.2012-11-19_18.27.20/megaco_codec_prev3c_test.pretty_otp4949_msg3.html"></testcase><testcase group="codec.codec.text.flex_pretty.tickets.flex_compact_tickets.text.flex_pretty.tickets.flex_compact_tickets.text.flex_pretty.tickets.flex_compact_tickets.text.flex_pretty.tickets.flex_compact_tickets.text.flex_pretty.tickets.flex_compact_tickets.pretty_tickets" name="pretty_otp5042_msg1" time="1.033607" timestamp="2012-11-19T18:41:18" log="/home/karl/tmp/otp_tests/logs/megaco_test_logs/ct_run.ct@devbox.2012-11-19_18.26.56/tests.megaco_test.logs/run.2012-11-19_18.27.20/megaco_codec_prev3c_test.pretty_otp5042_msg1.html"></testcase><testcase group="codec.codec.text.flex_pretty.tickets.flex_compact_tickets.text.flex_pretty.tickets.flex_compact_tickets.text.flex_pretty.tickets.flex_compact_tickets.text.flex_pretty.tickets.flex_compact_tickets.text.flex_pretty.tickets.flex_compact_tickets.pretty_tickets" name="pretty_otp5068_msg1" time="1.042234" timestamp="2012-11-19T18:41:19" log="/home/karl/tmp/otp_tests/logs/megaco_test_logs/ct_run.ct@devbox.2012-11-19_18.26.56/tests.megaco_test.logs/run.2012-11-19_18.27.20/megaco_codec_prev3c_test.pretty_otp5068_msg1.html"></testcase><testcase group="codec.codec.text.flex_pretty.tickets.flex_compact_tickets.text.flex_pretty.tickets.flex_compact_tickets.text.flex_pretty.tickets.flex_compact_tickets.text.flex_pretty.tickets.flex_compact_tickets.text.flex_pretty.tickets.flex_compact_tickets.pretty_tickets" name="pretty_otp5085_msg1" time="1.047410" timestamp="2012-11-19T18:41:20" log="/home/karl/tmp/otp_tests/logs/megaco_test_logs/ct_run.ct@devbox.2012-11-19_18.26.56/tests.megaco_test.logs/run.2012-11-19_18.27.20/megaco_codec_prev3c_test.pretty_otp5085_msg1.html"></testcase><testcase group="codec.codec.text.flex_pretty.tickets.flex_compact_tickets.text.flex_pretty.tickets.flex_compact_tickets.text.flex_pretty.tickets.flex_compact_tickets.text.flex_pretty.tickets.flex_compact_tickets.text.flex_pretty.tickets.flex_compact_tickets.pretty_tickets" name="pretty_otp5085_msg2" time="1.029904" timestamp="2012-11-19T18:41:21" log="/home/karl/tmp/otp_tests/logs/megaco_test_logs/ct_run.ct@devbox.2012-11-19_18.26.56/tests.megaco_test.logs/run.2012-11-19_18.27.20/megaco_codec_prev3c_test.pretty_otp5085_msg2.html"></testcase><testcase group="codec.codec.text.flex_pretty.tickets.flex_compact_tickets.text.flex_pretty.tickets.flex_compact_tickets.text.flex_pretty.tickets.flex_compact_tickets.text.flex_pretty.tickets.flex_compact_tickets.text.flex_pretty.tickets.flex_compact_tickets.pretty_tickets" name="pretty_otp5085_msg3" time="1.031847" timestamp="2012-11-19T18:41:22" log="/home/karl/tmp/otp_tests/logs/megaco_test_logs/ct_run.ct@devbox.2012-11-19_18.26.56/tests.megaco_test.logs/run.2012-11-19_18.27.20/megaco_codec_prev3c_test.pretty_otp5085_msg3.html"></testcase><testcase group="codec.codec.text.flex_pretty.tickets.flex_compact_tickets.text.flex_pretty.tickets.flex_compact_tickets.text.flex_pretty.tickets.flex_compact_tickets.text.flex_pretty.tickets.flex_compact_tickets.text.flex_pretty.tickets.flex_compact_tickets.pretty_tickets" name="pretty_otp5085_msg4" time="1.031934" timestamp="2012-11-19T18:41:23" log="/home/karl/tmp/otp_tests/logs/megaco_test_logs/ct_run.ct@devbox.2012-11-19_18.26.56/tests.megaco_test.logs/run.2012-11-19_18.27.20/megaco_codec_prev3c_test.pretty_otp5085_msg4.html"></testcase><testcase group="codec.codec.text.flex_pretty.tickets.flex_compact_tickets.text.flex_pretty.tickets.flex_compact_tickets.text.flex_pretty.tickets.flex_compact_tickets.text.flex_pretty.tickets.flex_compact_tickets.text.flex_pretty.tickets.flex_compact_tickets.pretty_tickets" name="pretty_otp5085_msg5" time="1.044507" timestamp="2012-11-19T18:41:24" log="/home/karl/tmp/otp_tests/logs/megaco_test_logs/ct_run.ct@devbox.2012-11-19_18.26.56/tests.megaco_test.logs/run.2012-11-19_18.27.20/megaco_codec_prev3c_test.pretty_otp5085_msg5.html"></testcase><testcase group="codec.codec.text.flex_pretty.tickets.flex_compact_tickets.text.flex_pretty.tickets.flex_compact_tickets.text.flex_pretty.tickets.flex_compact_tickets.text.flex_pretty.tickets.flex_compact_tickets.text.flex_pretty.tickets.flex_compact_tickets.pretty_tickets" name="pretty_otp5085_msg6" time="1.033145" timestamp="2012-11-19T18:41:26" log="/home/karl/tmp/otp_tests/logs/megaco_test_logs/ct_run.ct@devbox.2012-11-19_18.26.56/tests.megaco_test.logs/run.2012-11-19_18.27.20/megaco_codec_prev3c_test.pretty_otp5085_msg6.html"></testcase><testcase group="codec.codec.text.flex_pretty.tickets.flex_compact_tickets.text.flex_pretty.tickets.flex_compact_tickets.text.flex_pretty.tickets.flex_compact_tickets.text.flex_pretty.tickets.flex_compact_tickets.text.flex_pretty.tickets.flex_compact_tickets.pretty_tickets" name="pretty_otp5085_msg7" time="1.035793" timestamp="2012-11-19T18:41:27" log="/home/karl/tmp/otp_tests/logs/megaco_test_logs/ct_run.ct@devbox.2012-11-19_18.26.56/tests.megaco_test.logs/run.2012-11-19_18.27.20/megaco_codec_prev3c_test.pretty_otp5085_msg7.html"></testcase><testcase group="codec.codec.text.flex_pretty.tickets.flex_compact_tickets.text.flex_pretty.tickets.flex_compact_tickets.text.flex_pretty.tickets.flex_compact_tickets.text.flex_pretty.tickets.flex_compact_tickets.text.flex_pretty.tickets.flex_compact_tickets.pretty_tickets" name="pretty_otp5085_msg8" time="1.030548" timestamp="2012-11-19T18:41:28" log="/home/karl/tmp/otp_tests/logs/megaco_test_logs/ct_run.ct@devbox.2012-11-19_18.26.56/tests.megaco_test.logs/run.2012-11-19_18.27.20/megaco_codec_prev3c_test.pretty_otp5085_msg8.html"></testcase><testcase group="codec.codec.text.flex_pretty.tickets.flex_compact_tickets.text.flex_pretty.tickets.flex_compact_tickets.text.flex_pretty.tickets.flex_compact_tickets.text.flex_pretty.tickets.flex_compact_tickets.text.flex_pretty.tickets.flex_compact_tickets.pretty_tickets" name="pretty_otp5600_msg1" time="1.034185" timestamp="2012-11-19T18:41:29" log="/home/karl/tmp/otp_tests/logs/megaco_test_logs/ct_run.ct@devbox.2012-11-19_18.26.56/tests.megaco_test.logs/run.2012-11-19_18.27.20/megaco_codec_prev3c_test.pretty_otp5600_msg1.html"></testcase><testcase group="codec.codec.text.flex_pretty.tickets.flex_compact_tickets.text.flex_pretty.tickets.flex_compact_tickets.text.flex_pretty.tickets.flex_compact_tickets.text.flex_pretty.tickets.flex_compact_tickets.text.flex_pretty.tickets.flex_compact_tickets.pretty_tickets" name="pretty_otp5600_msg2" time="1.052367" timestamp="2012-11-19T18:41:30" log="/home/karl/tmp/otp_tests/logs/megaco_test_logs/ct_run.ct@devbox.2012-11-19_18.26.56/tests.megaco_test.logs/run.2012-11-19_18.27.20/megaco_codec_prev3c_test.pretty_otp5600_msg2.html"></testcase><testcase group="codec.codec.text.flex_pretty.tickets.flex_compact_tickets.text.flex_pretty.tickets.flex_compact_tickets.text.flex_pretty.tickets.flex_compact_tickets.text.flex_pretty.tickets.flex_compact_tickets.text.flex_pretty.tickets.flex_compact_tickets.pretty_tickets" name="pretty_otp5601_msg1" time="1.032111" timestamp="2012-11-19T18:41:31" log="/home/karl/tmp/otp_tests/logs/megaco_test_logs/ct_run.ct@devbox.2012-11-19_18.26.56/tests.megaco_test.logs/run.2012-11-19_18.27.20/megaco_codec_prev3c_test.pretty_otp5601_msg1.html"></testcase><testcase group="codec.codec.text.flex_pretty.tickets.flex_compact_tickets.text.flex_pretty.tickets.flex_compact_tickets.text.flex_pretty.tickets.flex_compact_tickets.text.flex_pretty.tickets.flex_compact_tickets.text.flex_pretty.tickets.flex_compact_tickets.pretty_tickets" name="pretty_otp5793_msg01" time="1.053100" timestamp="2012-11-19T18:41:32" log="/home/karl/tmp/otp_tests/logs/megaco_test_logs/ct_run.ct@devbox.2012-11-19_18.26.56/tests.megaco_test.logs/run.2012-11-19_18.27.20/megaco_codec_prev3c_test.pretty_otp5793_msg01.html"></testcase><testcase group="codec.codec.text.flex_pretty.tickets.flex_compact_tickets.text.flex_pretty.tickets.flex_compact_tickets.text.flex_pretty.tickets.flex_compact_tickets.text.flex_pretty.tickets.flex_compact_tickets.text.flex_pretty.tickets.flex_compact_tickets.pretty_tickets" name="pretty_otp5803_msg01" time="1.028485" timestamp="2012-11-19T18:41:33" log="/home/karl/tmp/otp_tests/logs/megaco_test_logs/ct_run.ct@devbox.2012-11-19_18.26.56/tests.megaco_test.logs/run.2012-11-19_18.27.20/megaco_codec_prev3c_test.pretty_otp5803_msg01.html"></testcase><testcase group="codec.codec.text.flex_pretty.tickets.flex_compact_tickets.text.flex_pretty.tickets.flex_compact_tickets.text.flex_pretty.tickets.flex_compact_tickets.text.flex_pretty.tickets.flex_compact_tickets.text.flex_pretty.tickets.flex_compact_tickets.pretty_tickets" name="pretty_otp5803_msg02" time="1.036051" timestamp="2012-11-19T18:41:34" log="/home/karl/tmp/otp_tests/logs/megaco_test_logs/ct_run.ct@devbox.2012-11-19_18.26.56/tests.megaco_test.logs/run.2012-11-19_18.27.20/megaco_codec_prev3c_test.pretty_otp5803_msg02.html"></testcase><testcase group="codec.codec.text.flex_pretty.tickets.flex_compact_tickets.text.flex_pretty.tickets.flex_compact_tickets.text.flex_pretty.tickets.flex_compact_tickets.text.flex_pretty.tickets.flex_compact_tickets.text.flex_pretty.tickets.flex_compact_tickets.pretty_tickets" name="pretty_otp5805_msg01" time="1.032150" timestamp="2012-11-19T18:41:35" log="/home/karl/tmp/otp_tests/logs/megaco_test_logs/ct_run.ct@devbox.2012-11-19_18.26.56/tests.megaco_test.logs/run.2012-11-19_18.27.20/megaco_codec_prev3c_test.pretty_otp5805_msg01.html"></testcase><testcase group="codec.codec.text.flex_pretty.tickets.flex_compact_tickets.text.flex_pretty.tickets.flex_compact_tickets.text.flex_pretty.tickets.flex_compact_tickets.text.flex_pretty.tickets.flex_compact_tickets.text.flex_pretty.tickets.flex_compact_tickets.pretty_tickets" name="pretty_otp5836_msg01" time="1.034251" timestamp="2012-11-19T18:41:36" log="/home/karl/tmp/otp_tests/logs/megaco_test_logs/ct_run.ct@devbox.2012-11-19_18.26.56/tests.megaco_test.logs/run.2012-11-19_18.27.20/megaco_codec_prev3c_test.pretty_otp5836_msg01.html"></testcase><testcase group="codec.codec.text.flex_pretty.tickets.flex_compact_tickets.text.flex_pretty.tickets.flex_compact_tickets.text.flex_pretty.tickets.flex_compact_tickets.text.flex_pretty.tickets.flex_compact_tickets.text.flex_pretty.tickets.flex_compact_tickets.pretty_tickets" name="pretty_otp5882_msg01" time="1.027821" timestamp="2012-11-19T18:41:38" log="/home/karl/tmp/otp_tests/logs/megaco_test_logs/ct_run.ct@devbox.2012-11-19_18.26.56/tests.megaco_test.logs/run.2012-11-19_18.27.20/megaco_codec_prev3c_test.pretty_otp5882_msg01.html"></testcase><testcase group="codec.codec.text.flex_pretty.tickets.flex_compact_tickets.text.flex_pretty.tickets.flex_compact_tickets.text.flex_pretty.tickets.flex_compact_tickets.text.flex_pretty.tickets.flex_compact_tickets.text.flex_pretty.tickets.flex_compact_tickets.pretty_tickets" name="pretty_otp6490_msg01" time="0.017003" timestamp="2012-11-19T18:41:39" log="/home/karl/tmp/otp_tests/logs/megaco_test_logs/ct_run.ct@devbox.2012-11-19_18.26.56/tests.megaco_test.logs/run.2012-11-19_18.27.20/megaco_codec_prev3c_test.pretty_otp6490_msg01.html"></testcase><testcase group="codec.codec.text.flex_pretty.tickets.flex_compact_tickets.text.flex_pretty.tickets.flex_compact_tickets.text.flex_pretty.tickets.flex_compact_tickets.text.flex_pretty.tickets.flex_compact_tickets.text.flex_pretty.tickets.flex_compact_tickets.pretty_tickets" name="pretty_otp6490_msg02" time="0.015341" timestamp="2012-11-19T18:41:39" log="/home/karl/tmp/otp_tests/logs/megaco_test_logs/ct_run.ct@devbox.2012-11-19_18.26.56/tests.megaco_test.logs/run.2012-11-19_18.27.20/megaco_codec_prev3c_test.pretty_otp6490_msg02.html"></testcase><testcase group="codec.codec.text.flex_pretty.tickets.flex_compact_tickets.text.flex_pretty.tickets.flex_compact_tickets.text.flex_pretty.tickets.flex_compact_tickets.text.flex_pretty.tickets.flex_compact_tickets.text.flex_pretty.tickets.flex_compact_tickets.pretty_tickets" name="pretty_otp6490_msg03" time="0.014786" timestamp="2012-11-19T18:41:39" log="/home/karl/tmp/otp_tests/logs/megaco_test_logs/ct_run.ct@devbox.2012-11-19_18.26.56/tests.megaco_test.logs/run.2012-11-19_18.27.20/megaco_codec_prev3c_test.pretty_otp6490_msg03.html"></testcase><testcase group="codec.codec.text.flex_pretty.tickets.flex_compact_tickets.text.flex_pretty.tickets.flex_compact_tickets.text.flex_pretty.tickets.flex_compact_tickets.text.flex_pretty.tickets.flex_compact_tickets.text.flex_pretty.tickets.flex_compact_tickets.pretty_tickets" name="pretty_otp6490_msg04" time="0.015651" timestamp="2012-11-19T18:41:39" log="/home/karl/tmp/otp_tests/logs/megaco_test_logs/ct_run.ct@devbox.2012-11-19_18.26.56/tests.megaco_test.logs/run.2012-11-19_18.27.20/megaco_codec_prev3c_test.pretty_otp6490_msg04.html"></testcase><testcase group="codec.codec.text.flex_pretty.tickets.flex_compact_tickets.text.flex_pretty.tickets.flex_compact_tickets.text.flex_pretty.tickets.flex_compact_tickets.text.flex_pretty.tickets.flex_compact_tickets.text.flex_pretty.tickets.flex_compact_tickets.pretty_tickets" name="pretty_otp6490_msg05" time="0.018392" timestamp="2012-11-19T18:41:39" log="/home/karl/tmp/otp_tests/logs/megaco_test_logs/ct_run.ct@devbox.2012-11-19_18.26.56/tests.megaco_test.logs/run.2012-11-19_18.27.20/megaco_codec_prev3c_test.pretty_otp6490_msg05.html"></testcase><testcase group="codec.codec.text.flex_pretty.tickets.flex_compact_tickets.text.flex_pretty.tickets.flex_compact_tickets.text.flex_pretty.tickets.flex_compact_tickets.text.flex_pretty.tickets.flex_compact_tickets.text.flex_pretty.tickets.flex_compact_tickets.pretty_tickets" name="pretty_otp6490_msg06" time="0.014613" timestamp="2012-11-19T18:41:39" log="/home/karl/tmp/otp_tests/logs/megaco_test_logs/ct_run.ct@devbox.2012-11-19_18.26.56/tests.megaco_test.logs/run.2012-11-19_18.27.20/megaco_codec_prev3c_test.pretty_otp6490_msg06.html"></testcase><testcase group="codec.codec.text.flex_pretty.tickets.flex_compact_tickets.text.flex_pretty.tickets.flex_compact_tickets.text.flex_pretty.tickets.flex_compact_tickets.text.flex_pretty.tickets.flex_compact_tickets.text.flex_pretty.tickets.flex_compact_tickets.pretty_tickets" name="pretty_otp7671_msg01" time="0.014554" timestamp="2012-11-19T18:41:39" log="/home/karl/tmp/otp_tests/logs/megaco_test_logs/ct_run.ct@devbox.2012-11-19_18.26.56/tests.megaco_test.logs/run.2012-11-19_18.27.20/megaco_codec_prev3c_test.pretty_otp7671_msg01.html"></testcase><testcase group="codec.codec.text.flex_pretty.tickets.flex_compact_tickets.text.flex_pretty.tickets.flex_compact_tickets.text.flex_pretty.tickets.flex_compact_tickets.text.flex_pretty.tickets.flex_compact_tickets.text.flex_pretty.tickets.flex_compact_tickets.pretty_tickets" name="pretty_otp7671_msg02" time="0.017947" timestamp="2012-11-19T18:41:39" log="/home/karl/tmp/otp_tests/logs/megaco_test_logs/ct_run.ct@devbox.2012-11-19_18.26.56/tests.megaco_test.logs/run.2012-11-19_18.27.20/megaco_codec_prev3c_test.pretty_otp7671_msg02.html"></testcase><testcase group="codec.codec.text.flex_pretty.tickets.flex_compact_tickets.text.flex_pretty.tickets.flex_compact_tickets.text.flex_pretty.tickets.flex_compact_tickets.text.flex_pretty.tickets.flex_compact_tickets.text.flex_pretty.tickets.flex_compact_tickets.pretty_tickets" name="pretty_otp7671_msg03" time="0.018507" timestamp="2012-11-19T18:41:39" log="/home/karl/tmp/otp_tests/logs/megaco_test_logs/ct_run.ct@devbox.2012-11-19_18.26.56/tests.megaco_test.logs/run.2012-11-19_18.27.20/megaco_codec_prev3c_test.pretty_otp7671_msg03.html"></testcase><testcase group="codec.codec.text.flex_pretty.tickets.flex_compact_tickets.text.flex_pretty.tickets.flex_compact_tickets.text.flex_pretty.tickets.flex_compact_tickets.text.flex_pretty.tickets.flex_compact_tickets.text.flex_pretty.tickets.flex_compact_tickets.pretty_tickets" name="pretty_otp7671_msg04" time="0.016827" timestamp="2012-11-19T18:41:39" log="/home/karl/tmp/otp_tests/logs/megaco_test_logs/ct_run.ct@devbox.2012-11-19_18.26.56/tests.megaco_test.logs/run.2012-11-19_18.27.20/megaco_codec_prev3c_test.pretty_otp7671_msg04.html"></testcase><testcase group="codec.codec.text.flex_pretty.tickets.flex_compact_tickets.text.flex_pretty.tickets.flex_compact_tickets.text.flex_pretty.tickets.flex_compact_tickets.text.flex_pretty.tickets.flex_compact_tickets.text.flex_pretty.tickets.flex_compact_tickets.pretty_tickets" name="pretty_otp7671_msg05" time="0.019552" timestamp="2012-11-19T18:41:39" log="/home/karl/tmp/otp_tests/logs/megaco_test_logs/ct_run.ct@devbox.2012-11-19_18.26.56/tests.megaco_test.logs/run.2012-11-19_18.27.20/megaco_codec_prev3c_test.pretty_otp7671_msg05.html"></testcase><testcase group="codec.codec.text.flex_pretty.tickets.flex_compact_tickets.text.flex_pretty.tickets.flex_compact_tickets.text.flex_pretty.tickets.flex_compact_tickets.text.flex_pretty.tickets.flex_compact_tickets.text.flex_pretty.tickets.flex_compact_tickets.pretty_tickets" name="pretty_otp8114_msg01" time="0.039173" timestamp="2012-11-19T18:41:39" log="/home/karl/tmp/otp_tests/logs/megaco_test_logs/ct_run.ct@devbox.2012-11-19_18.26.56/tests.megaco_test.logs/run.2012-11-19_18.27.20/megaco_codec_prev3c_test.pretty_otp8114_msg01.html"></testcase><testcase group="codec.codec.text.flex_pretty.tickets.flex_compact_tickets.text.flex_pretty.tickets.flex_compact_tickets.text.flex_pretty.tickets.flex_compact_tickets.text.flex_pretty.tickets.flex_compact_tickets.text.flex_pretty.tickets.flex_compact_tickets.pretty_tickets" name="end_per_group" time="0.014466" timestamp="2012-11-19T18:41:39" log="/home/karl/tmp/otp_tests/logs/megaco_test_logs/ct_run.ct@devbox.2012-11-19_18.26.56/tests.megaco_test.logs/run.2012-11-19_18.27.20/megaco_codec_prev3c_test.end_per_group.346899.882.html"></testcase><testcase group="codec.codec.text.flex_pretty.tickets.flex_compact_tickets.text.flex_pretty.tickets.flex_compact_tickets.text.flex_pretty.tickets.flex_compact_tickets.text.flex_pretty.tickets.flex_compact_tickets.text.flex_pretty.tickets.flex_compact_tickets.flex_pretty_tickets" name="init_per_group" time="0.023685" timestamp="2012-11-19T18:41:39" log="/home/karl/tmp/otp_tests/logs/megaco_test_logs/ct_run.ct@devbox.2012-11-19_18.26.56/tests.megaco_test.logs/run.2012-11-19_18.27.20/megaco_codec_prev3c_test.init_per_group.346899.940.html"><skipped type="skip" message="Test init_per_group in megaco_codec_prev3c_test skipped!">{tc_user_skip,{skipped,&quot;failed_loading_flex_scanner_driver: cannot open shared object file: No such file or directory&quot;}}</skipped></testcase><testcase group="codec.codec.text.flex_pretty.tickets.flex_compact_tickets.text.flex_pretty.tickets.flex_compact_tickets.text.flex_pretty.tickets.flex_compact_tickets.text.flex_pretty.tickets.flex_compact_tickets.text.flex_pretty.tickets.flex_compact_tickets.flex_pretty_tickets" name="flex_pretty_otp5042_msg1" time="0.000032" timestamp="2012-11-19T18:41:40" log=""><skipped type="skip" message="Test flex_pretty_otp5042_msg1 in megaco_codec_prev3c_test skipped!">{tc_auto_skip,
    {failed,
        {megaco_codec_prev3c_test,init_per_group,
            {&apos;EXIT&apos;,
                {skipped,
                    &quot;failed_loading_flex_scanner_driver: cannot open shared object file: No such file or directory&quot;}}}}}</skipped></testcase><testcase group="codec.codec.text.flex_pretty.tickets.flex_compact_tickets.text.flex_pretty.tickets.flex_compact_tickets.text.flex_pretty.tickets.flex_compact_tickets.text.flex_pretty.tickets.flex_compact_tickets.text.flex_pretty.tickets.flex_compact_tickets.flex_pretty_tickets" name="flex_pretty_otp5085_msg1" time="0.000022" timestamp="2012-11-19T18:41:40" log=""><skipped type="skip" message="Test flex_pretty_otp5085_msg1 in megaco_codec_prev3c_test skipped!">{tc_auto_skip,
    {failed,
        {megaco_codec_prev3c_test,init_per_group,
            {&apos;EXIT&apos;,
                {skipped,
                    &quot;failed_loading_flex_scanner_driver: cannot open shared object file: No such file or directory&quot;}}}}}</skipped></testcase><testcase group="codec.codec.text.flex_pretty.tickets.flex_compact_tickets.text.flex_pretty.tickets.flex_compact_tickets.text.flex_pretty.tickets.flex_compact_tickets.text.flex_pretty.tickets.flex_compact_tickets.text.flex_pretty.tickets.flex_compact_tickets.flex_pretty_tickets" name="flex_pretty_otp5085_msg2" time="0.000018" timestamp="2012-11-19T18:41:40" log=""><skipped type="skip" message="Test flex_pretty_otp5085_msg2 in megaco_codec_prev3c_test skipped!">{tc_auto_skip,
    {failed,
        {megaco_codec_prev3c_test,init_per_group,
            {&apos;EXIT&apos;,
                {skipped,
                    &quot;failed_loading_flex_scanner_driver: cannot open shared object file: No such file or directory&quot;}}}}}</skipped></testcase><testcase group="codec.codec.text.flex_pretty.tickets.flex_compact_tickets.text.flex_pretty.tickets.flex_compact_tickets.text.flex_pretty.tickets.flex_compact_tickets.text.flex_pretty.tickets.flex_compact_tickets.text.flex_pretty.tickets.flex_compact_tickets.flex_pretty_tickets" name="flex_pretty_otp5085_msg3" time="0.000018" timestamp="2012-11-19T18:41:40" log=""><skipped type="skip" message="Test flex_pretty_otp5085_msg3 in megaco_codec_prev3c_test skipped!">{tc_auto_skip,
    {failed,
        {megaco_codec_prev3c_test,init_per_group,
            {&apos;EXIT&apos;,
                {skipped,
                    &quot;failed_loading_flex_scanner_driver: cannot open shared object file: No such file or directory&quot;}}}}}</skipped></testcase><testcase group="codec.codec.text.flex_pretty.tickets.flex_compact_tickets.text.flex_pretty.tickets.flex_compact_tickets.text.flex_pretty.tickets.flex_compact_tickets.text.flex_pretty.tickets.flex_compact_tickets.text.flex_pretty.tickets.flex_compact_tickets.flex_pretty_tickets" name="flex_pretty_otp5085_msg4" time="0.000018" timestamp="2012-11-19T18:41:40" log=""><skipped type="skip" message="Test flex_pretty_otp5085_msg4 in megaco_codec_prev3c_test skipped!">{tc_auto_skip,
    {failed,
        {megaco_codec_prev3c_test,init_per_group,
            {&apos;EXIT&apos;,
                {skipped,
                    &quot;failed_loading_flex_scanner_driver: cannot open shared object file: No such file or directory&quot;}}}}}</skipped></testcase><testcase group="codec.codec.text.flex_pretty.tickets.flex_compact_tickets.text.flex_pretty.tickets.flex_compact_tickets.text.flex_pretty.tickets.flex_compact_tickets.text.flex_pretty.tickets.flex_compact_tickets.text.flex_pretty.tickets.flex_compact_tickets.flex_pretty_tickets" name="flex_pretty_otp5085_msg5" time="0.000033" timestamp="2012-11-19T18:41:40" log=""><skipped type="skip" message="Test flex_pretty_otp5085_msg5 in megaco_codec_prev3c_test skipped!">{tc_auto_skip,
    {failed,
        {megaco_codec_prev3c_test,init_per_group,
            {&apos;EXIT&apos;,
                {skipped,
                    &quot;failed_loading_flex_scanner_driver: cannot open shared object file: No such file or directory&quot;}}}}}</skipped></testcase><testcase group="codec.codec.text.flex_pretty.tickets.flex_compact_tickets.text.flex_pretty.tickets.flex_compact_tickets.text.flex_pretty.tickets.flex_compact_tickets.text.flex_pretty.tickets.flex_compact_tickets.text.flex_pretty.tickets.flex_compact_tickets.flex_pretty_tickets" name="flex_pretty_otp5085_msg6" time="0.000018" timestamp="2012-11-19T18:41:40" log=""><skipped type="skip" message="Test flex_pretty_otp5085_msg6 in megaco_codec_prev3c_test skipped!">{tc_auto_skip,
    {failed,
        {megaco_codec_prev3c_test,init_per_group,
            {&apos;EXIT&apos;,
                {skipped,
                    &quot;failed_loading_flex_scanner_driver: cannot open shared object file: No such file or directory&quot;}}}}}</skipped></testcase><testcase group="codec.codec.text.flex_pretty.tickets.flex_compact_tickets.text.flex_pretty.tickets.flex_compact_tickets.text.flex_pretty.tickets.flex_compact_tickets.text.flex_pretty.tickets.flex_compact_tickets.text.flex_pretty.tickets.flex_compact_tickets.flex_pretty_tickets" name="flex_pretty_otp5085_msg7" time="0.000017" timestamp="2012-11-19T18:41:40" log=""><skipped type="skip" message="Test flex_pretty_otp5085_msg7 in megaco_codec_prev3c_test skipped!">{tc_auto_skip,
    {failed,
        {megaco_codec_prev3c_test,init_per_group,
            {&apos;EXIT&apos;,
                {skipped,
                    &quot;failed_loading_flex_scanner_driver: cannot open shared object file: No such file or directory&quot;}}}}}</skipped></testcase><testcase group="codec.codec.text.flex_pretty.tickets.flex_compact_tickets.text.flex_pretty.tickets.flex_compact_tickets.text.flex_pretty.tickets.flex_compact_tickets.text.flex_pretty.tickets.flex_compact_tickets.text.flex_pretty.tickets.flex_compact_tickets.flex_pretty_tickets" name="flex_pretty_otp5085_msg8" time="0.000019" timestamp="2012-11-19T18:41:40" log=""><skipped type="skip" message="Test flex_pretty_otp5085_msg8 in megaco_codec_prev3c_test skipped!">{tc_auto_skip,
    {failed,
        {megaco_codec_prev3c_test,init_per_group,
            {&apos;EXIT&apos;,
                {skipped,
                    &quot;failed_loading_flex_scanner_driver: cannot open shared object file: No such file or directory&quot;}}}}}</skipped></testcase><testcase group="codec.codec.text.flex_pretty.tickets.flex_compact_tickets.text.flex_pretty.tickets.flex_compact_tickets.text.flex_pretty.tickets.flex_compact_tickets.text.flex_pretty.tickets.flex_compact_tickets.text.flex_pretty.tickets.flex_compact_tickets.flex_pretty_tickets" name="flex_pretty_otp5600_msg1" time="0.000018" timestamp="2012-11-19T18:41:40" log=""><skipped type="skip" message="Test flex_pretty_otp5600_msg1 in megaco_codec_prev3c_test skipped!">{tc_auto_skip,
    {failed,
        {megaco_codec_prev3c_test,init_per_group,
            {&apos;EXIT&apos;,
                {skipped,
                    &quot;failed_loading_flex_scanner_driver: cannot open shared object file: No such file or directory&quot;}}}}}</skipped></testcase><testcase group="codec.codec.text.flex_pretty.tickets.flex_compact_tickets.text.flex_pretty.tickets.flex_compact_tickets.text.flex_pretty.tickets.flex_compact_tickets.text.flex_pretty.tickets.flex_compact_tickets.text.flex_pretty.tickets.flex_compact_tickets.flex_pretty_tickets" name="flex_pretty_otp5600_msg2" time="0.000020" timestamp="2012-11-19T18:41:40" log=""><skipped type="skip" message="Test flex_pretty_otp5600_msg2 in megaco_codec_prev3c_test skipped!">{tc_auto_skip,
    {failed,
        {megaco_codec_prev3c_test,init_per_group,
            {&apos;EXIT&apos;,
                {skipped,
                    &quot;failed_loading_flex_scanner_driver: cannot open shared object file: No such file or directory&quot;}}}}}</skipped></testcase><testcase group="codec.codec.text.flex_pretty.tickets.flex_compact_tickets.text.flex_pretty.tickets.flex_compact_tickets.text.flex_pretty.tickets.flex_compact_tickets.text.flex_pretty.tickets.flex_compact_tickets.text.flex_pretty.tickets.flex_compact_tickets.flex_pretty_tickets" name="flex_pretty_otp5601_msg1" time="0.000018" timestamp="2012-11-19T18:41:40" log=""><skipped type="skip" message="Test flex_pretty_otp5601_msg1 in megaco_codec_prev3c_test skipped!">{tc_auto_skip,
    {failed,
        {megaco_codec_prev3c_test,init_per_group,
            {&apos;EXIT&apos;,
                {skipped,
                    &quot;failed_loading_flex_scanner_driver: cannot open shared object file: No such file or directory&quot;}}}}}</skipped></testcase><testcase group="codec.codec.text.flex_pretty.tickets.flex_compact_tickets.text.flex_pretty.tickets.flex_compact_tickets.text.flex_pretty.tickets.flex_compact_tickets.text.flex_pretty.tickets.flex_compact_tickets.text.flex_pretty.tickets.flex_compact_tickets.flex_pretty_tickets" name="flex_pretty_otp5793_msg01" time="0.000022" timestamp="2012-11-19T18:41:40" log=""><skipped type="skip" message="Test flex_pretty_otp5793_msg01 in megaco_codec_prev3c_test skipped!">{tc_auto_skip,
    {failed,
        {megaco_codec_prev3c_test,init_per_group,
            {&apos;EXIT&apos;,
                {skipped,
                    &quot;failed_loading_flex_scanner_driver: cannot open shared object file: No such file or directory&quot;}}}}}</skipped></testcase><testcase group="codec.codec.text.flex_pretty.tickets.flex_compact_tickets.text.flex_pretty.tickets.flex_compact_tickets.text.flex_pretty.tickets.flex_compact_tickets.text.flex_pretty.tickets.flex_compact_tickets.text.flex_pretty.tickets.flex_compact_tickets.flex_pretty_tickets" name="flex_pretty_otp5803_msg01" time="0.000019" timestamp="2012-11-19T18:41:40" log=""><skipped type="skip" message="Test flex_pretty_otp5803_msg01 in megaco_codec_prev3c_test skipped!">{tc_auto_skip,
    {failed,
        {megaco_codec_prev3c_test,init_per_group,
            {&apos;EXIT&apos;,
                {skipped,
                    &quot;failed_loading_flex_scanner_driver: cannot open shared object file: No such file or directory&quot;}}}}}</skipped></testcase><testcase group="codec.codec.text.flex_pretty.tickets.flex_compact_tickets.text.flex_pretty.tickets.flex_compact_tickets.text.flex_pretty.tickets.flex_compact_tickets.text.flex_pretty.tickets.flex_compact_tickets.text.flex_pretty.tickets.flex_compact_tickets.flex_pretty_tickets" name="flex_pretty_otp5803_msg02" time="0.000037" timestamp="2012-11-19T18:41:40" log=""><skipped type="skip" message="Test flex_pretty_otp5803_msg02 in megaco_codec_prev3c_test skipped!">{tc_auto_skip,
    {failed,
        {megaco_codec_prev3c_test,init_per_group,
            {&apos;EXIT&apos;,
                {skipped,
                    &quot;failed_loading_flex_scanner_driver: cannot open shared object file: No such file or directory&quot;}}}}}</skipped></testcase><testcase group="codec.codec.text.flex_pretty.tickets.flex_compact_tickets.text.flex_pretty.tickets.flex_compact_tickets.text.flex_pretty.tickets.flex_compact_tickets.text.flex_pretty.tickets.flex_compact_tickets.text.flex_pretty.tickets.flex_compact_tickets.flex_pretty_tickets" name="flex_pretty_otp5805_msg01" time="0.000020" timestamp="2012-11-19T18:41:40" log=""><skipped type="skip" message="Test flex_pretty_otp5805_msg01 in megaco_codec_prev3c_test skipped!">{tc_auto_skip,
    {failed,
        {megaco_codec_prev3c_test,init_per_group,
            {&apos;EXIT&apos;,
                {skipped,
                    &quot;failed_loading_flex_scanner_driver: cannot open shared object file: No such file or directory&quot;}}}}}</skipped></testcase><testcase group="codec.codec.text.flex_pretty.tickets.flex_compact_tickets.text.flex_pretty.tickets.flex_compact_tickets.text.flex_pretty.tickets.flex_compact_tickets.text.flex_pretty.tickets.flex_compact_tickets.text.flex_pretty.tickets.flex_compact_tickets.flex_pretty_tickets" name="flex_pretty_otp5836_msg01" time="0.000020" timestamp="2012-11-19T18:41:40" log=""><skipped type="skip" message="Test flex_pretty_otp5836_msg01 in megaco_codec_prev3c_test skipped!">{tc_auto_skip,
    {failed,
        {megaco_codec_prev3c_test,init_per_group,
            {&apos;EXIT&apos;,
                {skipped,
                    &quot;failed_loading_flex_scanner_driver: cannot open shared object file: No such file or directory&quot;}}}}}</skipped></testcase><testcase group="codec.codec.text.flex_pretty.tickets.flex_compact_tickets.text.flex_pretty.tickets.flex_compact_tickets.text.flex_pretty.tickets.flex_compact_tickets.text.flex_pretty.tickets.flex_compact_tickets.text.flex_pretty.tickets.flex_compact_tickets.flex_pretty_tickets" name="flex_pretty_otp7431_msg01" time="0.000018" timestamp="2012-11-19T18:41:40" log=""><skipped type="skip" message="Test flex_pretty_otp7431_msg01 in megaco_codec_prev3c_test skipped!">{tc_auto_skip,
    {failed,
        {megaco_codec_prev3c_test,init_per_group,
            {&apos;EXIT&apos;,
                {skipped,
                    &quot;failed_loading_flex_scanner_driver: cannot open shared object file: No such file or directory&quot;}}}}}</skipped></testcase><testcase group="codec.codec.text.flex_pretty.tickets.flex_compact_tickets.text.flex_pretty.tickets.flex_compact_tickets.text.flex_pretty.tickets.flex_compact_tickets.text.flex_pretty.tickets.flex_compact_tickets.text.flex_pretty.tickets.flex_compact_tickets.flex_pretty_tickets" name="flex_pretty_otp7431_msg02" time="0.000036" timestamp="2012-11-19T18:41:40" log=""><skipped type="skip" message="Test flex_pretty_otp7431_msg02 in megaco_codec_prev3c_test skipped!">{tc_auto_skip,
    {failed,
        {megaco_codec_prev3c_test,init_per_group,
            {&apos;EXIT&apos;,
                {skipped,
                    &quot;failed_loading_flex_scanner_driver: cannot open shared object file: No such file or directory&quot;}}}}}</skipped></testcase><testcase group="codec.codec.text.flex_pretty.tickets.flex_compact_tickets.text.flex_pretty.tickets.flex_compact_tickets.text.flex_pretty.tickets.flex_compact_tickets.text.flex_pretty.tickets.flex_compact_tickets.text.flex_pretty.tickets.flex_compact_tickets.flex_pretty_tickets" name="flex_pretty_otp7431_msg03" time="0.000019" timestamp="2012-11-19T18:41:40" log=""><skipped type="skip" message="Test flex_pretty_otp7431_msg03 in megaco_codec_prev3c_test skipped!">{tc_auto_skip,
    {failed,
        {megaco_codec_prev3c_test,init_per_group,
            {&apos;EXIT&apos;,
                {skipped,
                    &quot;failed_loading_flex_scanner_driver: cannot open shared object file: No such file or directory&quot;}}}}}</skipped></testcase><testcase group="codec.codec.text.flex_pretty.tickets.flex_compact_tickets.text.flex_pretty.tickets.flex_compact_tickets.text.flex_pretty.tickets.flex_compact_tickets.text.flex_pretty.tickets.flex_compact_tickets.text.flex_pretty.tickets.flex_compact_tickets.flex_pretty_tickets" name="flex_pretty_otp7431_msg04" time="0.000027" timestamp="2012-11-19T18:41:40" log=""><skipped type="skip" message="Test flex_pretty_otp7431_msg04 in megaco_codec_prev3c_test skipped!">{tc_auto_skip,
    {failed,
        {megaco_codec_prev3c_test,init_per_group,
            {&apos;EXIT&apos;,
                {skipped,
                    &quot;failed_loading_flex_scanner_driver: cannot open shared object file: No such file or directory&quot;}}}}}</skipped></testcase><testcase group="codec.codec.text.flex_pretty.tickets.flex_compact_tickets.text.flex_pretty.tickets.flex_compact_tickets.text.flex_pretty.tickets.flex_compact_tickets.text.flex_pretty.tickets.flex_compact_tickets.text.flex_pretty.tickets.flex_compact_tickets.flex_pretty_tickets" name="flex_pretty_otp7431_msg05" time="0.000018" timestamp="2012-11-19T18:41:40" log=""><skipped type="skip" message="Test flex_pretty_otp7431_msg05 in megaco_codec_prev3c_test skipped!">{tc_auto_skip,
    {failed,
        {megaco_codec_prev3c_test,init_per_group,
            {&apos;EXIT&apos;,
                {skipped,
                    &quot;failed_loading_flex_scanner_driver: cannot open shared object file: No such file or directory&quot;}}}}}</skipped></testcase><testcase group="codec.codec.text.flex_pretty.tickets.flex_compact_tickets.text.flex_pretty.tickets.flex_compact_tickets.text.flex_pretty.tickets.flex_compact_tickets.text.flex_pretty.tickets.flex_compact_tickets.text.flex_pretty.tickets.flex_compact_tickets.flex_pretty_tickets" name="flex_pretty_otp7431_msg06" time="0.000020" timestamp="2012-11-19T18:41:40" log=""><skipped type="skip" message="Test flex_pretty_otp7431_msg06 in megaco_codec_prev3c_test skipped!">{tc_auto_skip,
    {failed,
        {megaco_codec_prev3c_test,init_per_group,
            {&apos;EXIT&apos;,
                {skipped,
                    &quot;failed_loading_flex_scanner_driver: cannot open shared object file: No such file or directory&quot;}}}}}</skipped></testcase><testcase group="codec.codec.text.flex_pretty.tickets.flex_compact_tickets.text.flex_pretty.tickets.flex_compact_tickets.text.flex_pretty.tickets.flex_compact_tickets.text.flex_pretty.tickets.flex_compact_tickets.text.flex_pretty.tickets.flex_compact_tickets.flex_pretty_tickets" name="flex_pretty_otp7431_msg07" time="0.000017" timestamp="2012-11-19T18:41:40" log=""><skipped type="skip" message="Test flex_pretty_otp7431_msg07 in megaco_codec_prev3c_test skipped!">{tc_auto_skip,
    {failed,
        {megaco_codec_prev3c_test,init_per_group,
            {&apos;EXIT&apos;,
                {skipped,
                    &quot;failed_loading_flex_scanner_driver: cannot open shared object file: No such file or directory&quot;}}}}}</skipped></testcase><testcase group="codec.codec.text.flex_pretty.tickets.flex_compact_tickets.text.flex_pretty.tickets.flex_compact_tickets.text.flex_pretty.tickets.flex_compact_tickets.text.flex_pretty.tickets.flex_compact_tickets.text.flex_pretty.tickets.flex_compact_tickets.flex_pretty_tickets" name="end_per_group" time="0.000018" timestamp="2012-11-19T18:41:40" log=""><skipped type="skip" message="Test end_per_group in megaco_codec_prev3c_test skipped!">{tc_auto_skip,
    {failed,
        {megaco_codec_prev3c_test,init_per_group,
            {&apos;EXIT&apos;,
                {skipped,
                    &quot;failed_loading_flex_scanner_driver: cannot open shared object file: No such file or directory&quot;}}}}}</skipped></testcase><testcase group="codec.codec.text.flex_pretty.tickets.flex_compact_tickets.text.flex_pretty.tickets.flex_compact_tickets.text.flex_pretty.tickets.flex_compact_tickets.text.flex_pretty.tickets.flex_compact_tickets.text.flex_pretty.tickets.flex_compact_tickets.flex_pretty_tickets" name="end_per_group" time="0.017349" timestamp="2012-11-19T18:41:40" log="/home/karl/tmp/otp_tests/logs/megaco_test_logs/ct_run.ct@devbox.2012-11-19_18.26.56/tests.megaco_test.logs/run.2012-11-19_18.27.20/megaco_codec_prev3c_test.end_per_group.346900.456.html"></testcase><testcase group="codec.codec.text.flex_pretty.tickets.flex_compact_tickets.text.flex_pretty.tickets.flex_compact_tickets.text.flex_pretty.tickets.flex_compact_tickets.text.flex_pretty.tickets.flex_compact_tickets.text.flex_pretty.tickets.flex_compact_tickets" name="end_per_suite" time="0.015625" timestamp="2012-11-19T18:41:40" log="/home/karl/tmp/otp_tests/logs/megaco_test_logs/ct_run.ct@devbox.2012-11-19_18.26.56/tests.megaco_test.logs/run.2012-11-19_18.27.20/ct_framework.end_per_suite.346900.515.html"></testcase></testsuite><testsuite name="megaco_codec_prev3b_test" time="96.415896" timestamp="2012-11-19T18:38:28" errors="50" tests="176"><testcase group="codec.codec.text.flex_pretty.tickets.flex_compact_tickets.text.flex_pretty.tickets.flex_compact_tickets.text.flex_pretty.tickets.flex_compact_tickets" name="init_per_suite" time="0.014435" timestamp="2012-11-19T18:38:28" log="/home/karl/tmp/otp_tests/logs/megaco_test_logs/ct_run.ct@devbox.2012-11-19_18.26.56/tests.megaco_test.logs/run.2012-11-19_18.27.20/ct_framework.init_per_suite.346708.654.html"></testcase><testcase group="codec.codec.text.flex_pretty.tickets.flex_compact_tickets.text.flex_pretty.tickets.flex_compact_tickets.text.flex_pretty.tickets.flex_compact_tickets.text" name="init_per_group" time="0.008205" timestamp="2012-11-19T18:38:28" log="/home/karl/tmp/otp_tests/logs/megaco_test_logs/ct_run.ct@devbox.2012-11-19_18.26.56/tests.megaco_test.logs/run.2012-11-19_18.27.20/megaco_codec_prev3b_test.init_per_group.html"></testcase><testcase group="codec.codec.text.flex_pretty.tickets.flex_compact_tickets.text.flex_pretty.tickets.flex_compact_tickets.text.flex_pretty.tickets.flex_compact_tickets.text.pretty" name="init_per_group" time="0.015972" timestamp="2012-11-19T18:38:28" log="/home/karl/tmp/otp_tests/logs/megaco_test_logs/ct_run.ct@devbox.2012-11-19_18.26.56/tests.megaco_test.logs/run.2012-11-19_18.27.20/megaco_codec_prev3b_test.init_per_group.346708.755.html"></testcase><testcase group="codec.codec.text.flex_pretty.tickets.flex_compact_tickets.text.flex_pretty.tickets.flex_compact_tickets.text.flex_pretty.tickets.flex_compact_tickets.text.pretty" name="pretty_test_msgs" time="1.139542" timestamp="2012-11-19T18:38:28" log="/home/karl/tmp/otp_tests/logs/megaco_test_logs/ct_run.ct@devbox.2012-11-19_18.26.56/tests.megaco_test.logs/run.2012-11-19_18.27.20/megaco_codec_prev3b_test.pretty_test_msgs.html"></testcase><testcase group="codec.codec.text.flex_pretty.tickets.flex_compact_tickets.text.flex_pretty.tickets.flex_compact_tickets.text.flex_pretty.tickets.flex_compact_tickets.text.pretty" name="end_per_group" time="0.013363" timestamp="2012-11-19T18:38:29" log="/home/karl/tmp/otp_tests/logs/megaco_test_logs/ct_run.ct@devbox.2012-11-19_18.26.56/tests.megaco_test.logs/run.2012-11-19_18.27.20/megaco_codec_prev3b_test.end_per_group.html"></testcase><testcase group="codec.codec.text.flex_pretty.tickets.flex_compact_tickets.text.flex_pretty.tickets.flex_compact_tickets.text.flex_pretty.tickets.flex_compact_tickets.text.flex_pretty" name="init_per_group" time="0.011549" timestamp="2012-11-19T18:38:30" log="/home/karl/tmp/otp_tests/logs/megaco_test_logs/ct_run.ct@devbox.2012-11-19_18.26.56/tests.megaco_test.logs/run.2012-11-19_18.27.20/megaco_codec_prev3b_test.init_per_group.346710.41.html"><skipped type="skip" message="Test init_per_group in megaco_codec_prev3b_test skipped!">{tc_user_skip,{skipped,&quot;failed_loading_flex_scanner_driver: cannot open shared object file: No such file or directory&quot;}}</skipped></testcase><testcase group="codec.codec.text.flex_pretty.tickets.flex_compact_tickets.text.flex_pretty.tickets.flex_compact_tickets.text.flex_pretty.tickets.flex_compact_tickets.text.flex_pretty" name="flex_pretty_test_msgs" time="0.000020" timestamp="2012-11-19T18:38:30" log=""><skipped type="skip" message="Test flex_pretty_test_msgs in megaco_codec_prev3b_test skipped!">{tc_auto_skip,
    {failed,
        {megaco_codec_prev3b_test,init_per_group,
            {&apos;EXIT&apos;,
                {skipped,
                    &quot;failed_loading_flex_scanner_driver: cannot open shared object file: No such file or directory&quot;}}}}}</skipped></testcase><testcase group="codec.codec.text.flex_pretty.tickets.flex_compact_tickets.text.flex_pretty.tickets.flex_compact_tickets.text.flex_pretty.tickets.flex_compact_tickets.text.flex_pretty" name="end_per_group" time="0.000020" timestamp="2012-11-19T18:38:30" log=""><skipped type="skip" message="Test end_per_group in megaco_codec_prev3b_test skipped!">{tc_auto_skip,
    {failed,
        {megaco_codec_prev3b_test,init_per_group,
            {&apos;EXIT&apos;,
                {skipped,
                    &quot;failed_loading_flex_scanner_driver: cannot open shared object file: No such file or directory&quot;}}}}}</skipped></testcase><testcase group="codec.codec.text.flex_pretty.tickets.flex_compact_tickets.text.flex_pretty.tickets.flex_compact_tickets.text.flex_pretty.tickets.flex_compact_tickets.text.flex_pretty.compact" name="init_per_group" time="0.016801" timestamp="2012-11-19T18:38:30" log="/home/karl/tmp/otp_tests/logs/megaco_test_logs/ct_run.ct@devbox.2012-11-19_18.26.56/tests.megaco_test.logs/run.2012-11-19_18.27.20/megaco_codec_prev3b_test.init_per_group.346710.176.html"></testcase><testcase group="codec.codec.text.flex_pretty.tickets.flex_compact_tickets.text.flex_pretty.tickets.flex_compact_tickets.text.flex_pretty.tickets.flex_compact_tickets.text.flex_pretty.compact" name="compact_test_msgs" time="1.101513" timestamp="2012-11-19T18:38:30" log="/home/karl/tmp/otp_tests/logs/megaco_test_logs/ct_run.ct@devbox.2012-11-19_18.26.56/tests.megaco_test.logs/run.2012-11-19_18.27.20/megaco_codec_prev3b_test.compact_test_msgs.html"></testcase><testcase group="codec.codec.text.flex_pretty.tickets.flex_compact_tickets.text.flex_pretty.tickets.flex_compact_tickets.text.flex_pretty.tickets.flex_compact_tickets.text.flex_pretty.compact" name="end_per_group" time="0.014578" timestamp="2012-11-19T18:38:31" log="/home/karl/tmp/otp_tests/logs/megaco_test_logs/ct_run.ct@devbox.2012-11-19_18.26.56/tests.megaco_test.logs/run.2012-11-19_18.27.20/megaco_codec_prev3b_test.end_per_group.346711.372.html"></testcase><testcase group="codec.codec.text.flex_pretty.tickets.flex_compact_tickets.text.flex_pretty.tickets.flex_compact_tickets.text.flex_pretty.tickets.flex_compact_tickets.text.flex_pretty.flex_compact" name="init_per_group" time="0.022832" timestamp="2012-11-19T18:38:31" log="/home/karl/tmp/otp_tests/logs/megaco_test_logs/ct_run.ct@devbox.2012-11-19_18.26.56/tests.megaco_test.logs/run.2012-11-19_18.27.20/megaco_codec_prev3b_test.init_per_group.346711.432.html"><skipped type="skip" message="Test init_per_group in megaco_codec_prev3b_test skipped!">{tc_user_skip,{skipped,&quot;failed_loading_flex_scanner_driver: cannot open shared object file: No such file or directory&quot;}}</skipped></testcase><testcase group="codec.codec.text.flex_pretty.tickets.flex_compact_tickets.text.flex_pretty.tickets.flex_compact_tickets.text.flex_pretty.tickets.flex_compact_tickets.text.flex_pretty.flex_compact" name="flex_compact_test_msgs" time="0.000015" timestamp="2012-11-19T18:38:31" log=""><skipped type="skip" message="Test flex_compact_test_msgs in megaco_codec_prev3b_test skipped!">{tc_auto_skip,
    {failed,
        {megaco_codec_prev3b_test,init_per_group,
            {&apos;EXIT&apos;,
                {skipped,
                    &quot;failed_loading_flex_scanner_driver: cannot open shared object file: No such file or directory&quot;}}}}}</skipped></testcase><testcase group="codec.codec.text.flex_pretty.tickets.flex_compact_tickets.text.flex_pretty.tickets.flex_compact_tickets.text.flex_pretty.tickets.flex_compact_tickets.text.flex_pretty.flex_compact" name="flex_compact_dm_timers1" time="0.000021" timestamp="2012-11-19T18:38:31" log=""><skipped type="skip" message="Test flex_compact_dm_timers1 in megaco_codec_prev3b_test skipped!">{tc_auto_skip,
    {failed,
        {megaco_codec_prev3b_test,init_per_group,
            {&apos;EXIT&apos;,
                {skipped,
                    &quot;failed_loading_flex_scanner_driver: cannot open shared object file: No such file or directory&quot;}}}}}</skipped></testcase><testcase group="codec.codec.text.flex_pretty.tickets.flex_compact_tickets.text.flex_pretty.tickets.flex_compact_tickets.text.flex_pretty.tickets.flex_compact_tickets.text.flex_pretty.flex_compact" name="flex_compact_dm_timers2" time="0.000017" timestamp="2012-11-19T18:38:31" log=""><skipped type="skip" message="Test flex_compact_dm_timers2 in megaco_codec_prev3b_test skipped!">{tc_auto_skip,
    {failed,
        {megaco_codec_prev3b_test,init_per_group,
            {&apos;EXIT&apos;,
                {skipped,
                    &quot;failed_loading_flex_scanner_driver: cannot open shared object file: No such file or directory&quot;}}}}}</skipped></testcase><testcase group="codec.codec.text.flex_pretty.tickets.flex_compact_tickets.text.flex_pretty.tickets.flex_compact_tickets.text.flex_pretty.tickets.flex_compact_tickets.text.flex_pretty.flex_compact" name="flex_compact_dm_timers3" time="0.000020" timestamp="2012-11-19T18:38:31" log=""><skipped type="skip" message="Test flex_compact_dm_timers3 in megaco_codec_prev3b_test skipped!">{tc_auto_skip,
    {failed,
        {megaco_codec_prev3b_test,init_per_group,
            {&apos;EXIT&apos;,
                {skipped,
                    &quot;failed_loading_flex_scanner_driver: cannot open shared object file: No such file or directory&quot;}}}}}</skipped></testcase><testcase group="codec.codec.text.flex_pretty.tickets.flex_compact_tickets.text.flex_pretty.tickets.flex_compact_tickets.text.flex_pretty.tickets.flex_compact_tickets.text.flex_pretty.flex_compact" name="flex_compact_dm_timers4" time="0.000016" timestamp="2012-11-19T18:38:31" log=""><skipped type="skip" message="Test flex_compact_dm_timers4 in megaco_codec_prev3b_test skipped!">{tc_auto_skip,
    {failed,
        {megaco_codec_prev3b_test,init_per_group,
            {&apos;EXIT&apos;,
                {skipped,
                    &quot;failed_loading_flex_scanner_driver: cannot open shared object file: No such file or directory&quot;}}}}}</skipped></testcase><testcase group="codec.codec.text.flex_pretty.tickets.flex_compact_tickets.text.flex_pretty.tickets.flex_compact_tickets.text.flex_pretty.tickets.flex_compact_tickets.text.flex_pretty.flex_compact" name="flex_compact_dm_timers5" time="0.000017" timestamp="2012-11-19T18:38:31" log=""><skipped type="skip" message="Test flex_compact_dm_timers5 in megaco_codec_prev3b_test skipped!">{tc_auto_skip,
    {failed,
        {megaco_codec_prev3b_test,init_per_group,
            {&apos;EXIT&apos;,
                {skipped,
                    &quot;failed_loading_flex_scanner_driver: cannot open shared object file: No such file or directory&quot;}}}}}</skipped></testcase><testcase group="codec.codec.text.flex_pretty.tickets.flex_compact_tickets.text.flex_pretty.tickets.flex_compact_tickets.text.flex_pretty.tickets.flex_compact_tickets.text.flex_pretty.flex_compact" name="flex_compact_dm_timers6" time="0.000022" timestamp="2012-11-19T18:38:31" log=""><skipped type="skip" message="Test flex_compact_dm_timers6 in megaco_codec_prev3b_test skipped!">{tc_auto_skip,
    {failed,
        {megaco_codec_prev3b_test,init_per_group,
            {&apos;EXIT&apos;,
                {skipped,
                    &quot;failed_loading_flex_scanner_driver: cannot open shared object file: No such file or directory&quot;}}}}}</skipped></testcase><testcase group="codec.codec.text.flex_pretty.tickets.flex_compact_tickets.text.flex_pretty.tickets.flex_compact_tickets.text.flex_pretty.tickets.flex_compact_tickets.text.flex_pretty.flex_compact" name="flex_compact_dm_timers7" time="0.000016" timestamp="2012-11-19T18:38:31" log=""><skipped type="skip" message="Test flex_compact_dm_timers7 in megaco_codec_prev3b_test skipped!">{tc_auto_skip,
    {failed,
        {megaco_codec_prev3b_test,init_per_group,
            {&apos;EXIT&apos;,
                {skipped,
                    &quot;failed_loading_flex_scanner_driver: cannot open shared object file: No such file or directory&quot;}}}}}</skipped></testcase><testcase group="codec.codec.text.flex_pretty.tickets.flex_compact_tickets.text.flex_pretty.tickets.flex_compact_tickets.text.flex_pretty.tickets.flex_compact_tickets.text.flex_pretty.flex_compact" name="flex_compact_dm_timers8" time="0.000017" timestamp="2012-11-19T18:38:31" log=""><skipped type="skip" message="Test flex_compact_dm_timers8 in megaco_codec_prev3b_test skipped!">{tc_auto_skip,
    {failed,
        {megaco_codec_prev3b_test,init_per_group,
            {&apos;EXIT&apos;,
                {skipped,
                    &quot;failed_loading_flex_scanner_driver: cannot open shared object file: No such file or directory&quot;}}}}}</skipped></testcase><testcase group="codec.codec.text.flex_pretty.tickets.flex_compact_tickets.text.flex_pretty.tickets.flex_compact_tickets.text.flex_pretty.tickets.flex_compact_tickets.text.flex_pretty.flex_compact" name="end_per_group" time="0.000020" timestamp="2012-11-19T18:38:31" log=""><skipped type="skip" message="Test end_per_group in megaco_codec_prev3b_test skipped!">{tc_auto_skip,
    {failed,
        {megaco_codec_prev3b_test,init_per_group,
            {&apos;EXIT&apos;,
                {skipped,
                    &quot;failed_loading_flex_scanner_driver: cannot open shared object file: No such file or directory&quot;}}}}}</skipped></testcase><testcase group="codec.codec.text.flex_pretty.tickets.flex_compact_tickets.text.flex_pretty.tickets.flex_compact_tickets.text.flex_pretty.tickets.flex_compact_tickets.text.flex_pretty.flex_compact" name="end_per_group" time="0.011376" timestamp="2012-11-19T18:38:31" log="/home/karl/tmp/otp_tests/logs/megaco_test_logs/ct_run.ct@devbox.2012-11-19_18.26.56/tests.megaco_test.logs/run.2012-11-19_18.27.20/megaco_codec_prev3b_test.end_per_group.346711.656.html"></testcase><testcase group="codec.codec.text.flex_pretty.tickets.flex_compact_tickets.text.flex_pretty.tickets.flex_compact_tickets.text.flex_pretty.tickets.flex_compact_tickets.text.flex_pretty.binary" name="init_per_group" time="0.017161" timestamp="2012-11-19T18:38:31" log="/home/karl/tmp/otp_tests/logs/megaco_test_logs/ct_run.ct@devbox.2012-11-19_18.26.56/tests.megaco_test.logs/run.2012-11-19_18.27.20/megaco_codec_prev3b_test.init_per_group.346711.707.html"></testcase><testcase group="codec.codec.text.flex_pretty.tickets.flex_compact_tickets.text.flex_pretty.tickets.flex_compact_tickets.text.flex_pretty.tickets.flex_compact_tickets.text.flex_pretty.binary.bin" name="init_per_group" time="0.012501" timestamp="2012-11-19T18:38:31" log="/home/karl/tmp/otp_tests/logs/megaco_test_logs/ct_run.ct@devbox.2012-11-19_18.26.56/tests.megaco_test.logs/run.2012-11-19_18.27.20/megaco_codec_prev3b_test.init_per_group.346711.758.html"></testcase><testcase group="codec.codec.text.flex_pretty.tickets.flex_compact_tickets.text.flex_pretty.tickets.flex_compact_tickets.text.flex_pretty.tickets.flex_compact_tickets.text.flex_pretty.binary.bin" name="bin_test_msgs" time="1.120286" timestamp="2012-11-19T18:38:31" log="/home/karl/tmp/otp_tests/logs/megaco_test_logs/ct_run.ct@devbox.2012-11-19_18.26.56/tests.megaco_test.logs/run.2012-11-19_18.27.20/megaco_codec_prev3b_test.bin_test_msgs.html"></testcase><testcase group="codec.codec.text.flex_pretty.tickets.flex_compact_tickets.text.flex_pretty.tickets.flex_compact_tickets.text.flex_pretty.tickets.flex_compact_tickets.text.flex_pretty.binary.bin" name="end_per_group" time="0.016951" timestamp="2012-11-19T18:38:32" log="/home/karl/tmp/otp_tests/logs/megaco_test_logs/ct_run.ct@devbox.2012-11-19_18.26.56/tests.megaco_test.logs/run.2012-11-19_18.27.20/megaco_codec_prev3b_test.end_per_group.346712.967.html"></testcase><testcase group="codec.codec.text.flex_pretty.tickets.flex_compact_tickets.text.flex_pretty.tickets.flex_compact_tickets.text.flex_pretty.tickets.flex_compact_tickets.text.flex_pretty.binary.ber" name="init_per_group" time="0.012288" timestamp="2012-11-19T18:38:33" log="/home/karl/tmp/otp_tests/logs/megaco_test_logs/ct_run.ct@devbox.2012-11-19_18.26.56/tests.megaco_test.logs/run.2012-11-19_18.27.20/megaco_codec_prev3b_test.init_per_group.346713.20.html"></testcase><testcase group="codec.codec.text.flex_pretty.tickets.flex_compact_tickets.text.flex_pretty.tickets.flex_compact_tickets.text.flex_pretty.tickets.flex_compact_tickets.text.flex_pretty.binary.ber" name="ber_test_msgs" time="1.147135" timestamp="2012-11-19T18:38:33" log="/home/karl/tmp/otp_tests/logs/megaco_test_logs/ct_run.ct@devbox.2012-11-19_18.26.56/tests.megaco_test.logs/run.2012-11-19_18.27.20/megaco_codec_prev3b_test.ber_test_msgs.html"></testcase><testcase group="codec.codec.text.flex_pretty.tickets.flex_compact_tickets.text.flex_pretty.tickets.flex_compact_tickets.text.flex_pretty.tickets.flex_compact_tickets.text.flex_pretty.binary.ber" name="end_per_group" time="0.017096" timestamp="2012-11-19T18:38:34" log="/home/karl/tmp/otp_tests/logs/megaco_test_logs/ct_run.ct@devbox.2012-11-19_18.26.56/tests.megaco_test.logs/run.2012-11-19_18.27.20/megaco_codec_prev3b_test.end_per_group.346714.256.html"></testcase><testcase group="codec.codec.text.flex_pretty.tickets.flex_compact_tickets.text.flex_pretty.tickets.flex_compact_tickets.text.flex_pretty.tickets.flex_compact_tickets.text.flex_pretty.binary.ber_bin" name="init_per_group" time="0.012336" timestamp="2012-11-19T18:38:34" log="/home/karl/tmp/otp_tests/logs/megaco_test_logs/ct_run.ct@devbox.2012-11-19_18.26.56/tests.megaco_test.logs/run.2012-11-19_18.27.20/megaco_codec_prev3b_test.init_per_group.346714.310.html"></testcase><testcase group="codec.codec.text.flex_pretty.tickets.flex_compact_tickets.text.flex_pretty.tickets.flex_compact_tickets.text.flex_pretty.tickets.flex_compact_tickets.text.flex_pretty.binary.ber_bin" name="ber_bin_test_msgs" time="1.109728" timestamp="2012-11-19T18:38:34" log="/home/karl/tmp/otp_tests/logs/megaco_test_logs/ct_run.ct@devbox.2012-11-19_18.26.56/tests.megaco_test.logs/run.2012-11-19_18.27.20/megaco_codec_prev3b_test.ber_bin_test_msgs.html"></testcase><testcase group="codec.codec.text.flex_pretty.tickets.flex_compact_tickets.text.flex_pretty.tickets.flex_compact_tickets.text.flex_pretty.tickets.flex_compact_tickets.text.flex_pretty.binary.ber_bin" name="end_per_group" time="0.017285" timestamp="2012-11-19T18:38:35" log="/home/karl/tmp/otp_tests/logs/megaco_test_logs/ct_run.ct@devbox.2012-11-19_18.26.56/tests.megaco_test.logs/run.2012-11-19_18.27.20/megaco_codec_prev3b_test.end_per_group.346715.508.html"></testcase><testcase group="codec.codec.text.flex_pretty.tickets.flex_compact_tickets.text.flex_pretty.tickets.flex_compact_tickets.text.flex_pretty.tickets.flex_compact_tickets.text.flex_pretty.binary.per" name="init_per_group" time="0.012835" timestamp="2012-11-19T18:38:35" log="/home/karl/tmp/otp_tests/logs/megaco_test_logs/ct_run.ct@devbox.2012-11-19_18.26.56/tests.megaco_test.logs/run.2012-11-19_18.27.20/megaco_codec_prev3b_test.init_per_group.346715.561.html"></testcase><testcase group="codec.codec.text.flex_pretty.tickets.flex_compact_tickets.text.flex_pretty.tickets.flex_compact_tickets.text.flex_pretty.tickets.flex_compact_tickets.text.flex_pretty.binary.per" name="per_test_msgs" time="1.148252" timestamp="2012-11-19T18:38:35" log="/home/karl/tmp/otp_tests/logs/megaco_test_logs/ct_run.ct@devbox.2012-11-19_18.26.56/tests.megaco_test.logs/run.2012-11-19_18.27.20/megaco_codec_prev3b_test.per_test_msgs.html"></testcase><testcase group="codec.codec.text.flex_pretty.tickets.flex_compact_tickets.text.flex_pretty.tickets.flex_compact_tickets.text.flex_pretty.tickets.flex_compact_tickets.text.flex_pretty.binary.per" name="end_per_group" time="0.016677" timestamp="2012-11-19T18:38:36" log="/home/karl/tmp/otp_tests/logs/megaco_test_logs/ct_run.ct@devbox.2012-11-19_18.26.56/tests.megaco_test.logs/run.2012-11-19_18.27.20/megaco_codec_prev3b_test.end_per_group.346716.800.html"></testcase><testcase group="codec.codec.text.flex_pretty.tickets.flex_compact_tickets.text.flex_pretty.tickets.flex_compact_tickets.text.flex_pretty.tickets.flex_compact_tickets.text.flex_pretty.binary.per_bin" name="init_per_group" time="0.012876" timestamp="2012-11-19T18:38:36" log="/home/karl/tmp/otp_tests/logs/megaco_test_logs/ct_run.ct@devbox.2012-11-19_18.26.56/tests.megaco_test.logs/run.2012-11-19_18.27.20/megaco_codec_prev3b_test.init_per_group.346716.852.html"></testcase><testcase group="codec.codec.text.flex_pretty.tickets.flex_compact_tickets.text.flex_pretty.tickets.flex_compact_tickets.text.flex_pretty.tickets.flex_compact_tickets.text.flex_pretty.binary.per_bin" name="per_bin_test_msgs" time="1.131201" timestamp="2012-11-19T18:38:36" log="/home/karl/tmp/otp_tests/logs/megaco_test_logs/ct_run.ct@devbox.2012-11-19_18.26.56/tests.megaco_test.logs/run.2012-11-19_18.27.20/megaco_codec_prev3b_test.per_bin_test_msgs.html"></testcase><testcase group="codec.codec.text.flex_pretty.tickets.flex_compact_tickets.text.flex_pretty.tickets.flex_compact_tickets.text.flex_pretty.tickets.flex_compact_tickets.text.flex_pretty.binary.per_bin" name="end_per_group" time="0.016786" timestamp="2012-11-19T18:38:38" log="/home/karl/tmp/otp_tests/logs/megaco_test_logs/ct_run.ct@devbox.2012-11-19_18.26.56/tests.megaco_test.logs/run.2012-11-19_18.27.20/megaco_codec_prev3b_test.end_per_group.346718.75.html"></testcase><testcase group="codec.codec.text.flex_pretty.tickets.flex_compact_tickets.text.flex_pretty.tickets.flex_compact_tickets.text.flex_pretty.tickets.flex_compact_tickets.text.flex_pretty.binary" name="end_per_group" time="0.012142" timestamp="2012-11-19T18:38:38" log="/home/karl/tmp/otp_tests/logs/megaco_test_logs/ct_run.ct@devbox.2012-11-19_18.26.56/tests.megaco_test.logs/run.2012-11-19_18.27.20/megaco_codec_prev3b_test.end_per_group.346718.127.html"></testcase><testcase group="codec.codec.text.flex_pretty.tickets.flex_compact_tickets.text.flex_pretty.tickets.flex_compact_tickets.text.flex_pretty.tickets.flex_compact_tickets.text.flex_pretty.erl_dist" name="init_per_group" time="0.014628" timestamp="2012-11-19T18:38:38" log="/home/karl/tmp/otp_tests/logs/megaco_test_logs/ct_run.ct@devbox.2012-11-19_18.26.56/tests.megaco_test.logs/run.2012-11-19_18.27.20/megaco_codec_prev3b_test.init_per_group.346718.173.html"></testcase><testcase group="codec.codec.text.flex_pretty.tickets.flex_compact_tickets.text.flex_pretty.tickets.flex_compact_tickets.text.flex_pretty.tickets.flex_compact_tickets.text.flex_pretty.erl_dist.erl_dist_m" name="init_per_group" time="0.018785" timestamp="2012-11-19T18:38:38" log="/home/karl/tmp/otp_tests/logs/megaco_test_logs/ct_run.ct@devbox.2012-11-19_18.26.56/tests.megaco_test.logs/run.2012-11-19_18.27.20/megaco_codec_prev3b_test.init_per_group.346718.231.html"></testcase><testcase group="codec.codec.text.flex_pretty.tickets.flex_compact_tickets.text.flex_pretty.tickets.flex_compact_tickets.text.flex_pretty.tickets.flex_compact_tickets.text.flex_pretty.erl_dist.erl_dist_m" name="erl_dist_m_test_msgs" time="1.088820" timestamp="2012-11-19T18:38:38" log="/home/karl/tmp/otp_tests/logs/megaco_test_logs/ct_run.ct@devbox.2012-11-19_18.26.56/tests.megaco_test.logs/run.2012-11-19_18.27.20/megaco_codec_prev3b_test.erl_dist_m_test_msgs.html"></testcase><testcase group="codec.codec.text.flex_pretty.tickets.flex_compact_tickets.text.flex_pretty.tickets.flex_compact_tickets.text.flex_pretty.tickets.flex_compact_tickets.text.flex_pretty.erl_dist.erl_dist_m" name="end_per_group" time="0.015190" timestamp="2012-11-19T18:38:39" log="/home/karl/tmp/otp_tests/logs/megaco_test_logs/ct_run.ct@devbox.2012-11-19_18.26.56/tests.megaco_test.logs/run.2012-11-19_18.27.20/megaco_codec_prev3b_test.end_per_group.346719.420.html"></testcase><testcase group="codec.codec.text.flex_pretty.tickets.flex_compact_tickets.text.flex_pretty.tickets.flex_compact_tickets.text.flex_pretty.tickets.flex_compact_tickets.text.flex_pretty.erl_dist" name="end_per_group" time="0.018205" timestamp="2012-11-19T18:38:39" log="/home/karl/tmp/otp_tests/logs/megaco_test_logs/ct_run.ct@devbox.2012-11-19_18.26.56/tests.megaco_test.logs/run.2012-11-19_18.27.20/megaco_codec_prev3b_test.end_per_group.346719.477.html"></testcase><testcase group="codec.codec.text.flex_pretty.tickets.flex_compact_tickets.text.flex_pretty.tickets.flex_compact_tickets.text.flex_pretty.tickets.flex_compact_tickets.text.flex_pretty.tickets" name="init_per_group" time="0.013891" timestamp="2012-11-19T18:38:39" log="/home/karl/tmp/otp_tests/logs/megaco_test_logs/ct_run.ct@devbox.2012-11-19_18.26.56/tests.megaco_test.logs/run.2012-11-19_18.27.20/megaco_codec_prev3b_test.init_per_group.346719.530.html"></testcase><testcase group="codec.codec.text.flex_pretty.tickets.flex_compact_tickets.text.flex_pretty.tickets.flex_compact_tickets.text.flex_pretty.tickets.flex_compact_tickets.text.flex_pretty.tickets.compact_tickets" name="init_per_group" time="0.015393" timestamp="2012-11-19T18:38:39" log="/home/karl/tmp/otp_tests/logs/megaco_test_logs/ct_run.ct@devbox.2012-11-19_18.26.56/tests.megaco_test.logs/run.2012-11-19_18.27.20/megaco_codec_prev3b_test.init_per_group.346719.580.html"></testcase><testcase group="codec.codec.text.flex_pretty.tickets.flex_compact_tickets.text.flex_pretty.tickets.flex_compact_tickets.text.flex_pretty.tickets.flex_compact_tickets.text.flex_pretty.tickets.compact_tickets" name="compact_otp4011_msg1" time="1.031889" timestamp="2012-11-19T18:38:39" log="/home/karl/tmp/otp_tests/logs/megaco_test_logs/ct_run.ct@devbox.2012-11-19_18.26.56/tests.megaco_test.logs/run.2012-11-19_18.27.20/megaco_codec_prev3b_test.compact_otp4011_msg1.html"></testcase><testcase group="codec.codec.text.flex_pretty.tickets.flex_compact_tickets.text.flex_pretty.tickets.flex_compact_tickets.text.flex_pretty.tickets.flex_compact_tickets.text.flex_pretty.tickets.compact_tickets" name="compact_otp4011_msg2" time="1.029819" timestamp="2012-11-19T18:38:40" log="/home/karl/tmp/otp_tests/logs/megaco_test_logs/ct_run.ct@devbox.2012-11-19_18.26.56/tests.megaco_test.logs/run.2012-11-19_18.27.20/megaco_codec_prev3b_test.compact_otp4011_msg2.html"></testcase><testcase group="codec.codec.text.flex_pretty.tickets.flex_compact_tickets.text.flex_pretty.tickets.flex_compact_tickets.text.flex_pretty.tickets.flex_compact_tickets.text.flex_pretty.tickets.compact_tickets" name="compact_otp4011_msg3" time="1.025699" timestamp="2012-11-19T18:38:41" log="/home/karl/tmp/otp_tests/logs/megaco_test_logs/ct_run.ct@devbox.2012-11-19_18.26.56/tests.megaco_test.logs/run.2012-11-19_18.27.20/megaco_codec_prev3b_test.compact_otp4011_msg3.html"></testcase><testcase group="codec.codec.text.flex_pretty.tickets.flex_compact_tickets.text.flex_pretty.tickets.flex_compact_tickets.text.flex_pretty.tickets.flex_compact_tickets.text.flex_pretty.tickets.compact_tickets" name="compact_otp4013_msg1" time="1.034797" timestamp="2012-11-19T18:38:42" log="/home/karl/tmp/otp_tests/logs/megaco_test_logs/ct_run.ct@devbox.2012-11-19_18.26.56/tests.megaco_test.logs/run.2012-11-19_18.27.20/megaco_codec_prev3b_test.compact_otp4013_msg1.html"></testcase><testcase group="codec.codec.text.flex_pretty.tickets.flex_compact_tickets.text.flex_pretty.tickets.flex_compact_tickets.text.flex_pretty.tickets.flex_compact_tickets.text.flex_pretty.tickets.compact_tickets" name="compact_otp4085_msg1" time="1.025643" timestamp="2012-11-19T18:38:43" log="/home/karl/tmp/otp_tests/logs/megaco_test_logs/ct_run.ct@devbox.2012-11-19_18.26.56/tests.megaco_test.logs/run.2012-11-19_18.27.20/megaco_codec_prev3b_test.compact_otp4085_msg1.html"></testcase><testcase group="codec.codec.text.flex_pretty.tickets.flex_compact_tickets.text.flex_pretty.tickets.flex_compact_tickets.text.flex_pretty.tickets.flex_compact_tickets.text.flex_pretty.tickets.compact_tickets" name="compact_otp4085_msg2" time="1.041891" timestamp="2012-11-19T18:38:45" log="/home/karl/tmp/otp_tests/logs/megaco_test_logs/ct_run.ct@devbox.2012-11-19_18.26.56/tests.megaco_test.logs/run.2012-11-19_18.27.20/megaco_codec_prev3b_test.compact_otp4085_msg2.html"></testcase><testcase group="codec.codec.text.flex_pretty.tickets.flex_compact_tickets.text.flex_pretty.tickets.flex_compact_tickets.text.flex_pretty.tickets.flex_compact_tickets.text.flex_pretty.tickets.compact_tickets" name="compact_otp4280_msg1" time="1.040960" timestamp="2012-11-19T18:38:46" log="/home/karl/tmp/otp_tests/logs/megaco_test_logs/ct_run.ct@devbox.2012-11-19_18.26.56/tests.megaco_test.logs/run.2012-11-19_18.27.20/megaco_codec_prev3b_test.compact_otp4280_msg1.html"></testcase><testcase group="codec.codec.text.flex_pretty.tickets.flex_compact_tickets.text.flex_pretty.tickets.flex_compact_tickets.text.flex_pretty.tickets.flex_compact_tickets.text.flex_pretty.tickets.compact_tickets" name="compact_otp4299_msg1" time="1.025585" timestamp="2012-11-19T18:38:47" log="/home/karl/tmp/otp_tests/logs/megaco_test_logs/ct_run.ct@devbox.2012-11-19_18.26.56/tests.megaco_test.logs/run.2012-11-19_18.27.20/megaco_codec_prev3b_test.compact_otp4299_msg1.html"></testcase><testcase group="codec.codec.text.flex_pretty.tickets.flex_compact_tickets.text.flex_pretty.tickets.flex_compact_tickets.text.flex_pretty.tickets.flex_compact_tickets.text.flex_pretty.tickets.compact_tickets" name="compact_otp4299_msg2" time="1.057753" timestamp="2012-11-19T18:38:48" log="/home/karl/tmp/otp_tests/logs/megaco_test_logs/ct_run.ct@devbox.2012-11-19_18.26.56/tests.megaco_test.logs/run.2012-11-19_18.27.20/megaco_codec_prev3b_test.compact_otp4299_msg2.html"><skipped type="skip" message="Test compact_otp4299_msg2 in megaco_codec_prev3b_test skipped!">{tc_user_skip,{skipped,&quot;failed_loading_flex_scanner_driver: cannot open shared object file: No such file or directory&quot;}}</skipped></testcase><testcase group="codec.codec.text.flex_pretty.tickets.flex_compact_tickets.text.flex_pretty.tickets.flex_compact_tickets.text.flex_pretty.tickets.flex_compact_tickets.text.flex_pretty.tickets.compact_tickets" name="compact_otp4359_msg1" time="1.031686" timestamp="2012-11-19T18:38:49" log="/home/karl/tmp/otp_tests/logs/megaco_test_logs/ct_run.ct@devbox.2012-11-19_18.26.56/tests.megaco_test.logs/run.2012-11-19_18.27.20/megaco_codec_prev3b_test.compact_otp4359_msg1.html"></testcase><testcase group="codec.codec.text.flex_pretty.tickets.flex_compact_tickets.text.flex_pretty.tickets.flex_compact_tickets.text.flex_pretty.tickets.flex_compact_tickets.text.flex_pretty.tickets.compact_tickets" name="compact_otp4920_msg0" time="1.032191" timestamp="2012-11-19T18:38:50" log="/home/karl/tmp/otp_tests/logs/megaco_test_logs/ct_run.ct@devbox.2012-11-19_18.26.56/tests.megaco_test.logs/run.2012-11-19_18.27.20/megaco_codec_prev3b_test.compact_otp4920_msg0.html"></testcase><testcase group="codec.codec.text.flex_pretty.tickets.flex_compact_tickets.text.flex_pretty.tickets.flex_compact_tickets.text.flex_pretty.tickets.flex_compact_tickets.text.flex_pretty.tickets.compact_tickets" name="compact_otp4920_msg1" time="1.025030" timestamp="2012-11-19T18:38:51" log="/home/karl/tmp/otp_tests/logs/megaco_test_logs/ct_run.ct@devbox.2012-11-19_18.26.56/tests.megaco_test.logs/run.2012-11-19_18.27.20/megaco_codec_prev3b_test.compact_otp4920_msg1.html"></testcase><testcase group="codec.codec.text.flex_pretty.tickets.flex_compact_tickets.text.flex_pretty.tickets.flex_compact_tickets.text.flex_pretty.tickets.flex_compact_tickets.text.flex_pretty.tickets.compact_tickets" name="compact_otp4920_msg2" time="1.049321" timestamp="2012-11-19T18:38:52" log="/home/karl/tmp/otp_tests/logs/megaco_test_logs/ct_run.ct@devbox.2012-11-19_18.26.56/tests.megaco_test.logs/run.2012-11-19_18.27.20/megaco_codec_prev3b_test.compact_otp4920_msg2.html"></testcase><testcase group="codec.codec.text.flex_pretty.tickets.flex_compact_tickets.text.flex_pretty.tickets.flex_compact_tickets.text.flex_pretty.tickets.flex_compact_tickets.text.flex_pretty.tickets.compact_tickets" name="compact_otp4920_msg3" time="1.089648" timestamp="2012-11-19T18:38:53" log="/home/karl/tmp/otp_tests/logs/megaco_test_logs/ct_run.ct@devbox.2012-11-19_18.26.56/tests.megaco_test.logs/run.2012-11-19_18.27.20/megaco_codec_prev3b_test.compact_otp4920_msg3.html"></testcase><testcase group="codec.codec.text.flex_pretty.tickets.flex_compact_tickets.text.flex_pretty.tickets.flex_compact_tickets.text.flex_pretty.tickets.flex_compact_tickets.text.flex_pretty.tickets.compact_tickets" name="compact_otp4920_msg4" time="1.038876" timestamp="2012-11-19T18:38:54" log="/home/karl/tmp/otp_tests/logs/megaco_test_logs/ct_run.ct@devbox.2012-11-19_18.26.56/tests.megaco_test.logs/run.2012-11-19_18.27.20/megaco_codec_prev3b_test.compact_otp4920_msg4.html"></testcase><testcase group="codec.codec.text.flex_pretty.tickets.flex_compact_tickets.text.flex_pretty.tickets.flex_compact_tickets.text.flex_pretty.tickets.flex_compact_tickets.text.flex_pretty.tickets.compact_tickets" name="compact_otp4920_msg5" time="1.049940" timestamp="2012-11-19T18:38:56" log="/home/karl/tmp/otp_tests/logs/megaco_test_logs/ct_run.ct@devbox.2012-11-19_18.26.56/tests.megaco_test.logs/run.2012-11-19_18.27.20/megaco_codec_prev3b_test.compact_otp4920_msg5.html"></testcase><testcase group="codec.codec.text.flex_pretty.tickets.flex_compact_tickets.text.flex_pretty.tickets.flex_compact_tickets.text.flex_pretty.tickets.flex_compact_tickets.text.flex_pretty.tickets.compact_tickets" name="compact_otp4920_msg6" time="1.036987" timestamp="2012-11-19T18:38:57" log="/home/karl/tmp/otp_tests/logs/megaco_test_logs/ct_run.ct@devbox.2012-11-19_18.26.56/tests.megaco_test.logs/run.2012-11-19_18.27.20/megaco_codec_prev3b_test.compact_otp4920_msg6.html"></testcase><testcase group="codec.codec.text.flex_pretty.tickets.flex_compact_tickets.text.flex_pretty.tickets.flex_compact_tickets.text.flex_pretty.tickets.flex_compact_tickets.text.flex_pretty.tickets.compact_tickets" name="compact_otp4920_msg7" time="1.041929" timestamp="2012-11-19T18:38:58" log="/home/karl/tmp/otp_tests/logs/megaco_test_logs/ct_run.ct@devbox.2012-11-19_18.26.56/tests.megaco_test.logs/run.2012-11-19_18.27.20/megaco_codec_prev3b_test.compact_otp4920_msg7.html"></testcase><testcase group="codec.codec.text.flex_pretty.tickets.flex_compact_tickets.text.flex_pretty.tickets.flex_compact_tickets.text.flex_pretty.tickets.flex_compact_tickets.text.flex_pretty.tickets.compact_tickets" name="compact_otp4920_msg8" time="1.041113" timestamp="2012-11-19T18:38:59" log="/home/karl/tmp/otp_tests/logs/megaco_test_logs/ct_run.ct@devbox.2012-11-19_18.26.56/tests.megaco_test.logs/run.2012-11-19_18.27.20/megaco_codec_prev3b_test.compact_otp4920_msg8.html"></testcase><testcase group="codec.codec.text.flex_pretty.tickets.flex_compact_tickets.text.flex_pretty.tickets.flex_compact_tickets.text.flex_pretty.tickets.flex_compact_tickets.text.flex_pretty.tickets.compact_tickets" name="compact_otp4920_msg9" time="1.057294" timestamp="2012-11-19T18:39:00" log="/home/karl/tmp/otp_tests/logs/megaco_test_logs/ct_run.ct@devbox.2012-11-19_18.26.56/tests.megaco_test.logs/run.2012-11-19_18.27.20/megaco_codec_prev3b_test.compact_otp4920_msg9.html"></testcase><testcase group="codec.codec.text.flex_pretty.tickets.flex_compact_tickets.text.flex_pretty.tickets.flex_compact_tickets.text.flex_pretty.tickets.flex_compact_tickets.text.flex_pretty.tickets.compact_tickets" name="compact_otp4920_msg10" time="1.030079" timestamp="2012-11-19T18:39:01" log="/home/karl/tmp/otp_tests/logs/megaco_test_logs/ct_run.ct@devbox.2012-11-19_18.26.56/tests.megaco_test.logs/run.2012-11-19_18.27.20/megaco_codec_prev3b_test.compact_otp4920_msg10.html"></testcase><testcase group="codec.codec.text.flex_pretty.tickets.flex_compact_tickets.text.flex_pretty.tickets.flex_compact_tickets.text.flex_pretty.tickets.flex_compact_tickets.text.flex_pretty.tickets.compact_tickets" name="compact_otp4920_msg11" time="1.021057" timestamp="2012-11-19T18:39:02" log="/home/karl/tmp/otp_tests/logs/megaco_test_logs/ct_run.ct@devbox.2012-11-19_18.26.56/tests.megaco_test.logs/run.2012-11-19_18.27.20/megaco_codec_prev3b_test.compact_otp4920_msg11.html"></testcase><testcase group="codec.codec.text.flex_pretty.tickets.flex_compact_tickets.text.flex_pretty.tickets.flex_compact_tickets.text.flex_pretty.tickets.flex_compact_tickets.text.flex_pretty.tickets.compact_tickets" name="compact_otp4920_msg12" time="1.021809" timestamp="2012-11-19T18:39:03" log="/home/karl/tmp/otp_tests/logs/megaco_test_logs/ct_run.ct@devbox.2012-11-19_18.26.56/tests.megaco_test.logs/run.2012-11-19_18.27.20/megaco_codec_prev3b_test.compact_otp4920_msg12.html"></testcase><testcase group="codec.codec.text.flex_pretty.tickets.flex_compact_tickets.text.flex_pretty.tickets.flex_compact_tickets.text.flex_pretty.tickets.flex_compact_tickets.text.flex_pretty.tickets.compact_tickets" name="compact_otp4920_msg20" time="1.044375" timestamp="2012-11-19T18:39:04" log="/home/karl/tmp/otp_tests/logs/megaco_test_logs/ct_run.ct@devbox.2012-11-19_18.26.56/tests.megaco_test.logs/run.2012-11-19_18.27.20/megaco_codec_prev3b_test.compact_otp4920_msg20.html"></testcase><testcase group="codec.codec.text.flex_pretty.tickets.flex_compact_tickets.text.flex_pretty.tickets.flex_compact_tickets.text.flex_pretty.tickets.flex_compact_tickets.text.flex_pretty.tickets.compact_tickets" name="compact_otp4920_msg21" time="1.031199" timestamp="2012-11-19T18:39:05" log="/home/karl/tmp/otp_tests/logs/megaco_test_logs/ct_run.ct@devbox.2012-11-19_18.26.56/tests.megaco_test.logs/run.2012-11-19_18.27.20/megaco_codec_prev3b_test.compact_otp4920_msg21.html"></testcase><testcase group="codec.codec.text.flex_pretty.tickets.flex_compact_tickets.text.flex_pretty.tickets.flex_compact_tickets.text.flex_pretty.tickets.flex_compact_tickets.text.flex_pretty.tickets.compact_tickets" name="compact_otp4920_msg22" time="1.043308" timestamp="2012-11-19T18:39:06" log="/home/karl/tmp/otp_tests/logs/megaco_test_logs/ct_run.ct@devbox.2012-11-19_18.26.56/tests.megaco_test.logs/run.2012-11-19_18.27.20/megaco_codec_prev3b_test.compact_otp4920_msg22.html"></testcase><testcase group="codec.codec.text.flex_pretty.tickets.flex_compact_tickets.text.flex_pretty.tickets.flex_compact_tickets.text.flex_pretty.tickets.flex_compact_tickets.text.flex_pretty.tickets.compact_tickets" name="compact_otp4920_msg23" time="1.025408" timestamp="2012-11-19T18:39:08" log="/home/karl/tmp/otp_tests/logs/megaco_test_logs/ct_run.ct@devbox.2012-11-19_18.26.56/tests.megaco_test.logs/run.2012-11-19_18.27.20/megaco_codec_prev3b_test.compact_otp4920_msg23.html"></testcase><testcase group="codec.codec.text.flex_pretty.tickets.flex_compact_tickets.text.flex_pretty.tickets.flex_compact_tickets.text.flex_pretty.tickets.flex_compact_tickets.text.flex_pretty.tickets.compact_tickets" name="compact_otp4920_msg24" time="1.026221" timestamp="2012-11-19T18:39:09" log="/home/karl/tmp/otp_tests/logs/megaco_test_logs/ct_run.ct@devbox.2012-11-19_18.26.56/tests.megaco_test.logs/run.2012-11-19_18.27.20/megaco_codec_prev3b_test.compact_otp4920_msg24.html"></testcase><testcase group="codec.codec.text.flex_pretty.tickets.flex_compact_tickets.text.flex_pretty.tickets.flex_compact_tickets.text.flex_pretty.tickets.flex_compact_tickets.text.flex_pretty.tickets.compact_tickets" name="compact_otp4920_msg25" time="1.047056" timestamp="2012-11-19T18:39:10" log="/home/karl/tmp/otp_tests/logs/megaco_test_logs/ct_run.ct@devbox.2012-11-19_18.26.56/tests.megaco_test.logs/run.2012-11-19_18.27.20/megaco_codec_prev3b_test.compact_otp4920_msg25.html"></testcase><testcase group="codec.codec.text.flex_pretty.tickets.flex_compact_tickets.text.flex_pretty.tickets.flex_compact_tickets.text.flex_pretty.tickets.flex_compact_tickets.text.flex_pretty.tickets.compact_tickets" name="compact_otp5186_msg01" time="1.029783" timestamp="2012-11-19T18:39:11" log="/home/karl/tmp/otp_tests/logs/megaco_test_logs/ct_run.ct@devbox.2012-11-19_18.26.56/tests.megaco_test.logs/run.2012-11-19_18.27.20/megaco_codec_prev3b_test.compact_otp5186_msg01.html"></testcase><testcase group="codec.codec.text.flex_pretty.tickets.flex_compact_tickets.text.flex_pretty.tickets.flex_compact_tickets.text.flex_pretty.tickets.flex_compact_tickets.text.flex_pretty.tickets.compact_tickets" name="compact_otp5186_msg02" time="1.042486" timestamp="2012-11-19T18:39:12" log="/home/karl/tmp/otp_tests/logs/megaco_test_logs/ct_run.ct@devbox.2012-11-19_18.26.56/tests.megaco_test.logs/run.2012-11-19_18.27.20/megaco_codec_prev3b_test.compact_otp5186_msg02.html"></testcase><testcase group="codec.codec.text.flex_pretty.tickets.flex_compact_tickets.text.flex_pretty.tickets.flex_compact_tickets.text.flex_pretty.tickets.flex_compact_tickets.text.flex_pretty.tickets.compact_tickets" name="compact_otp5186_msg03" time="1.038614" timestamp="2012-11-19T18:39:13" log="/home/karl/tmp/otp_tests/logs/megaco_test_logs/ct_run.ct@devbox.2012-11-19_18.26.56/tests.megaco_test.logs/run.2012-11-19_18.27.20/megaco_codec_prev3b_test.compact_otp5186_msg03.html"></testcase><testcase group="codec.codec.text.flex_pretty.tickets.flex_compact_tickets.text.flex_pretty.tickets.flex_compact_tickets.text.flex_pretty.tickets.flex_compact_tickets.text.flex_pretty.tickets.compact_tickets" name="compact_otp5186_msg04" time="1.046610" timestamp="2012-11-19T18:39:14" log="/home/karl/tmp/otp_tests/logs/megaco_test_logs/ct_run.ct@devbox.2012-11-19_18.26.56/tests.megaco_test.logs/run.2012-11-19_18.27.20/megaco_codec_prev3b_test.compact_otp5186_msg04.html"></testcase><testcase group="codec.codec.text.flex_pretty.tickets.flex_compact_tickets.text.flex_pretty.tickets.flex_compact_tickets.text.flex_pretty.tickets.flex_compact_tickets.text.flex_pretty.tickets.compact_tickets" name="compact_otp5186_msg05" time="1.029729" timestamp="2012-11-19T18:39:15" log="/home/karl/tmp/otp_tests/logs/megaco_test_logs/ct_run.ct@devbox.2012-11-19_18.26.56/tests.megaco_test.logs/run.2012-11-19_18.27.20/megaco_codec_prev3b_test.compact_otp5186_msg05.html"></testcase><testcase group="codec.codec.text.flex_pretty.tickets.flex_compact_tickets.text.flex_pretty.tickets.flex_compact_tickets.text.flex_pretty.tickets.flex_compact_tickets.text.flex_pretty.tickets.compact_tickets" name="compact_otp5186_msg06" time="1.050152" timestamp="2012-11-19T18:39:16" log="/home/karl/tmp/otp_tests/logs/megaco_test_logs/ct_run.ct@devbox.2012-11-19_18.26.56/tests.megaco_test.logs/run.2012-11-19_18.27.20/megaco_codec_prev3b_test.compact_otp5186_msg06.html"></testcase><testcase group="codec.codec.text.flex_pretty.tickets.flex_compact_tickets.text.flex_pretty.tickets.flex_compact_tickets.text.flex_pretty.tickets.flex_compact_tickets.text.flex_pretty.tickets.compact_tickets" name="compact_otp5793_msg01" time="1.031101" timestamp="2012-11-19T18:39:17" log="/home/karl/tmp/otp_tests/logs/megaco_test_logs/ct_run.ct@devbox.2012-11-19_18.26.56/tests.megaco_test.logs/run.2012-11-19_18.27.20/megaco_codec_prev3b_test.compact_otp5793_msg01.html"></testcase><testcase group="codec.codec.text.flex_pretty.tickets.flex_compact_tickets.text.flex_pretty.tickets.flex_compact_tickets.text.flex_pretty.tickets.flex_compact_tickets.text.flex_pretty.tickets.compact_tickets" name="compact_otp5836_msg01" time="1.018849" timestamp="2012-11-19T18:39:18" log="/home/karl/tmp/otp_tests/logs/megaco_test_logs/ct_run.ct@devbox.2012-11-19_18.26.56/tests.megaco_test.logs/run.2012-11-19_18.27.20/megaco_codec_prev3b_test.compact_otp5836_msg01.html"></testcase><testcase group="codec.codec.text.flex_pretty.tickets.flex_compact_tickets.text.flex_pretty.tickets.flex_compact_tickets.text.flex_pretty.tickets.flex_compact_tickets.text.flex_pretty.tickets.compact_tickets" name="compact_otp5993_msg01" time="1.034841" timestamp="2012-11-19T18:39:19" log="/home/karl/tmp/otp_tests/logs/megaco_test_logs/ct_run.ct@devbox.2012-11-19_18.26.56/tests.megaco_test.logs/run.2012-11-19_18.27.20/megaco_codec_prev3b_test.compact_otp5993_msg01.html"></testcase><testcase group="codec.codec.text.flex_pretty.tickets.flex_compact_tickets.text.flex_pretty.tickets.flex_compact_tickets.text.flex_pretty.tickets.flex_compact_tickets.text.flex_pretty.tickets.compact_tickets" name="compact_otp5993_msg02" time="1.031686" timestamp="2012-11-19T18:39:21" log="/home/karl/tmp/otp_tests/logs/megaco_test_logs/ct_run.ct@devbox.2012-11-19_18.26.56/tests.megaco_test.logs/run.2012-11-19_18.27.20/megaco_codec_prev3b_test.compact_otp5993_msg02.html"></testcase><testcase group="codec.codec.text.flex_pretty.tickets.flex_compact_tickets.text.flex_pretty.tickets.flex_compact_tickets.text.flex_pretty.tickets.flex_compact_tickets.text.flex_pretty.tickets.compact_tickets" name="compact_otp5993_msg03" time="1.029516" timestamp="2012-11-19T18:39:22" log="/home/karl/tmp/otp_tests/logs/megaco_test_logs/ct_run.ct@devbox.2012-11-19_18.26.56/tests.megaco_test.logs/run.2012-11-19_18.27.20/megaco_codec_prev3b_test.compact_otp5993_msg03.html"></testcase><testcase group="codec.codec.text.flex_pretty.tickets.flex_compact_tickets.text.flex_pretty.tickets.flex_compact_tickets.text.flex_pretty.tickets.flex_compact_tickets.text.flex_pretty.tickets.compact_tickets" name="compact_otp6017_msg01" time="1.039654" timestamp="2012-11-19T18:39:23" log="/home/karl/tmp/otp_tests/logs/megaco_test_logs/ct_run.ct@devbox.2012-11-19_18.26.56/tests.megaco_test.logs/run.2012-11-19_18.27.20/megaco_codec_prev3b_test.compact_otp6017_msg01.html"></testcase><testcase group="codec.codec.text.flex_pretty.tickets.flex_compact_tickets.text.flex_pretty.tickets.flex_compact_tickets.text.flex_pretty.tickets.flex_compact_tickets.text.flex_pretty.tickets.compact_tickets" name="compact_otp6017_msg02" time="1.027261" timestamp="2012-11-19T18:39:24" log="/home/karl/tmp/otp_tests/logs/megaco_test_logs/ct_run.ct@devbox.2012-11-19_18.26.56/tests.megaco_test.logs/run.2012-11-19_18.27.20/megaco_codec_prev3b_test.compact_otp6017_msg02.html"></testcase><testcase group="codec.codec.text.flex_pretty.tickets.flex_compact_tickets.text.flex_pretty.tickets.flex_compact_tickets.text.flex_pretty.tickets.flex_compact_tickets.text.flex_pretty.tickets.compact_tickets" name="compact_otp6017_msg03" time="1.038381" timestamp="2012-11-19T18:39:25" log="/home/karl/tmp/otp_tests/logs/megaco_test_logs/ct_run.ct@devbox.2012-11-19_18.26.56/tests.megaco_test.logs/run.2012-11-19_18.27.20/megaco_codec_prev3b_test.compact_otp6017_msg03.html"></testcase><testcase group="codec.codec.text.flex_pretty.tickets.flex_compact_tickets.text.flex_pretty.tickets.flex_compact_tickets.text.flex_pretty.tickets.flex_compact_tickets.text.flex_pretty.tickets.compact_tickets" name="end_per_group" time="0.024674" timestamp="2012-11-19T18:39:26" log="/home/karl/tmp/otp_tests/logs/megaco_test_logs/ct_run.ct@devbox.2012-11-19_18.26.56/tests.megaco_test.logs/run.2012-11-19_18.27.20/megaco_codec_prev3b_test.end_per_group.346766.452.html"></testcase><testcase group="codec.codec.text.flex_pretty.tickets.flex_compact_tickets.text.flex_pretty.tickets.flex_compact_tickets.text.flex_pretty.tickets.flex_compact_tickets.text.flex_pretty.tickets.flex_compact_tickets" name="init_per_group" time="0.023020" timestamp="2012-11-19T18:39:26" log="/home/karl/tmp/otp_tests/logs/megaco_test_logs/ct_run.ct@devbox.2012-11-19_18.26.56/tests.megaco_test.logs/run.2012-11-19_18.27.20/megaco_codec_prev3b_test.init_per_group.346766.518.html"><skipped type="skip" message="Test init_per_group in megaco_codec_prev3b_test skipped!">{tc_user_skip,{skipped,&quot;failed_loading_flex_scanner_driver: cannot open shared object file: No such file or directory&quot;}}</skipped></testcase><testcase group="codec.codec.text.flex_pretty.tickets.flex_compact_tickets.text.flex_pretty.tickets.flex_compact_tickets.text.flex_pretty.tickets.flex_compact_tickets.text.flex_pretty.tickets.flex_compact_tickets" name="flex_compact_otp7431_msg01" time="0.000038" timestamp="2012-11-19T18:39:26" log=""><skipped type="skip" message="Test flex_compact_otp7431_msg01 in megaco_codec_prev3b_test skipped!">{tc_auto_skip,
    {failed,
        {megaco_codec_prev3b_test,init_per_group,
            {&apos;EXIT&apos;,
                {skipped,
                    &quot;failed_loading_flex_scanner_driver: cannot open shared object file: No such file or directory&quot;}}}}}</skipped></testcase><testcase group="codec.codec.text.flex_pretty.tickets.flex_compact_tickets.text.flex_pretty.tickets.flex_compact_tickets.text.flex_pretty.tickets.flex_compact_tickets.text.flex_pretty.tickets.flex_compact_tickets" name="flex_compact_otp7431_msg02" time="0.000020" timestamp="2012-11-19T18:39:26" log=""><skipped type="skip" message="Test flex_compact_otp7431_msg02 in megaco_codec_prev3b_test skipped!">{tc_auto_skip,
    {failed,
        {megaco_codec_prev3b_test,init_per_group,
            {&apos;EXIT&apos;,
                {skipped,
                    &quot;failed_loading_flex_scanner_driver: cannot open shared object file: No such file or directory&quot;}}}}}</skipped></testcase><testcase group="codec.codec.text.flex_pretty.tickets.flex_compact_tickets.text.flex_pretty.tickets.flex_compact_tickets.text.flex_pretty.tickets.flex_compact_tickets.text.flex_pretty.tickets.flex_compact_tickets" name="flex_compact_otp7431_msg03" time="0.000016" timestamp="2012-11-19T18:39:26" log=""><skipped type="skip" message="Test flex_compact_otp7431_msg03 in megaco_codec_prev3b_test skipped!">{tc_auto_skip,
    {failed,
        {megaco_codec_prev3b_test,init_per_group,
            {&apos;EXIT&apos;,
                {skipped,
                    &quot;failed_loading_flex_scanner_driver: cannot open shared object file: No such file or directory&quot;}}}}}</skipped></testcase><testcase group="codec.codec.text.flex_pretty.tickets.flex_compact_tickets.text.flex_pretty.tickets.flex_compact_tickets.text.flex_pretty.tickets.flex_compact_tickets.text.flex_pretty.tickets.flex_compact_tickets" name="flex_compact_otp7431_msg04" time="0.000018" timestamp="2012-11-19T18:39:26" log=""><skipped type="skip" message="Test flex_compact_otp7431_msg04 in megaco_codec_prev3b_test skipped!">{tc_auto_skip,
    {failed,
        {megaco_codec_prev3b_test,init_per_group,
            {&apos;EXIT&apos;,
                {skipped,
                    &quot;failed_loading_flex_scanner_driver: cannot open shared object file: No such file or directory&quot;}}}}}</skipped></testcase><testcase group="codec.codec.text.flex_pretty.tickets.flex_compact_tickets.text.flex_pretty.tickets.flex_compact_tickets.text.flex_pretty.tickets.flex_compact_tickets.text.flex_pretty.tickets.flex_compact_tickets" name="flex_compact_otp7431_msg05" time="0.000075" timestamp="2012-11-19T18:39:26" log=""><skipped type="skip" message="Test flex_compact_otp7431_msg05 in megaco_codec_prev3b_test skipped!">{tc_auto_skip,
    {failed,
        {megaco_codec_prev3b_test,init_per_group,
            {&apos;EXIT&apos;,
                {skipped,
                    &quot;failed_loading_flex_scanner_driver: cannot open shared object file: No such file or directory&quot;}}}}}</skipped></testcase><testcase group="codec.codec.text.flex_pretty.tickets.flex_compact_tickets.text.flex_pretty.tickets.flex_compact_tickets.text.flex_pretty.tickets.flex_compact_tickets.text.flex_pretty.tickets.flex_compact_tickets" name="flex_compact_otp7431_msg06" time="0.000016" timestamp="2012-11-19T18:39:26" log=""><skipped type="skip" message="Test flex_compact_otp7431_msg06 in megaco_codec_prev3b_test skipped!">{tc_auto_skip,
    {failed,
        {megaco_codec_prev3b_test,init_per_group,
            {&apos;EXIT&apos;,
                {skipped,
                    &quot;failed_loading_flex_scanner_driver: cannot open shared object file: No such file or directory&quot;}}}}}</skipped></testcase><testcase group="codec.codec.text.flex_pretty.tickets.flex_compact_tickets.text.flex_pretty.tickets.flex_compact_tickets.text.flex_pretty.tickets.flex_compact_tickets.text.flex_pretty.tickets.flex_compact_tickets" name="flex_compact_otp7431_msg07" time="0.000017" timestamp="2012-11-19T18:39:26" log=""><skipped type="skip" message="Test flex_compact_otp7431_msg07 in megaco_codec_prev3b_test skipped!">{tc_auto_skip,
    {failed,
        {megaco_codec_prev3b_test,init_per_group,
            {&apos;EXIT&apos;,
                {skipped,
                    &quot;failed_loading_flex_scanner_driver: cannot open shared object file: No such file or directory&quot;}}}}}</skipped></testcase><testcase group="codec.codec.text.flex_pretty.tickets.flex_compact_tickets.text.flex_pretty.tickets.flex_compact_tickets.text.flex_pretty.tickets.flex_compact_tickets.text.flex_pretty.tickets.flex_compact_tickets" name="end_per_group" time="0.000017" timestamp="2012-11-19T18:39:26" log=""><skipped type="skip" message="Test end_per_group in megaco_codec_prev3b_test skipped!">{tc_auto_skip,
    {failed,
        {megaco_codec_prev3b_test,init_per_group,
            {&apos;EXIT&apos;,
                {skipped,
                    &quot;failed_loading_flex_scanner_driver: cannot open shared object file: No such file or directory&quot;}}}}}</skipped></testcase><testcase group="codec.codec.text.flex_pretty.tickets.flex_compact_tickets.text.flex_pretty.tickets.flex_compact_tickets.text.flex_pretty.tickets.flex_compact_tickets.text.flex_pretty.tickets.flex_compact_tickets.pretty_tickets" name="init_per_group" time="0.015180" timestamp="2012-11-19T18:39:26" log="/home/karl/tmp/otp_tests/logs/megaco_test_logs/ct_run.ct@devbox.2012-11-19_18.26.56/tests.megaco_test.logs/run.2012-11-19_18.27.20/megaco_codec_prev3b_test.init_per_group.346766.760.html"></testcase><testcase group="codec.codec.text.flex_pretty.tickets.flex_compact_tickets.text.flex_pretty.tickets.flex_compact_tickets.text.flex_pretty.tickets.flex_compact_tickets.text.flex_pretty.tickets.flex_compact_tickets.pretty_tickets" name="pretty_otp4632_msg1" time="1.052632" timestamp="2012-11-19T18:39:26" log="/home/karl/tmp/otp_tests/logs/megaco_test_logs/ct_run.ct@devbox.2012-11-19_18.26.56/tests.megaco_test.logs/run.2012-11-19_18.27.20/megaco_codec_prev3b_test.pretty_otp4632_msg1.html"></testcase><testcase group="codec.codec.text.flex_pretty.tickets.flex_compact_tickets.text.flex_pretty.tickets.flex_compact_tickets.text.flex_pretty.tickets.flex_compact_tickets.text.flex_pretty.tickets.flex_compact_tickets.pretty_tickets" name="pretty_otp4632_msg2" time="1.036267" timestamp="2012-11-19T18:39:27" log="/home/karl/tmp/otp_tests/logs/megaco_test_logs/ct_run.ct@devbox.2012-11-19_18.26.56/tests.megaco_test.logs/run.2012-11-19_18.27.20/megaco_codec_prev3b_test.pretty_otp4632_msg2.html"></testcase><testcase group="codec.codec.text.flex_pretty.tickets.flex_compact_tickets.text.flex_pretty.tickets.flex_compact_tickets.text.flex_pretty.tickets.flex_compact_tickets.text.flex_pretty.tickets.flex_compact_tickets.pretty_tickets" name="pretty_otp4632_msg3" time="1.028344" timestamp="2012-11-19T18:39:29" log="/home/karl/tmp/otp_tests/logs/megaco_test_logs/ct_run.ct@devbox.2012-11-19_18.26.56/tests.megaco_test.logs/run.2012-11-19_18.27.20/megaco_codec_prev3b_test.pretty_otp4632_msg3.html"></testcase><testcase group="codec.codec.text.flex_pretty.tickets.flex_compact_tickets.text.flex_pretty.tickets.flex_compact_tickets.text.flex_pretty.tickets.flex_compact_tickets.text.flex_pretty.tickets.flex_compact_tickets.pretty_tickets" name="pretty_otp4632_msg4" time="1.052793" timestamp="2012-11-19T18:39:30" log="/home/karl/tmp/otp_tests/logs/megaco_test_logs/ct_run.ct@devbox.2012-11-19_18.26.56/tests.megaco_test.logs/run.2012-11-19_18.27.20/megaco_codec_prev3b_test.pretty_otp4632_msg4.html"></testcase><testcase group="codec.codec.text.flex_pretty.tickets.flex_compact_tickets.text.flex_pretty.tickets.flex_compact_tickets.text.flex_pretty.tickets.flex_compact_tickets.text.flex_pretty.tickets.flex_compact_tickets.pretty_tickets" name="pretty_otp4710_msg1" time="1.026957" timestamp="2012-11-19T18:39:31" log="/home/karl/tmp/otp_tests/logs/megaco_test_logs/ct_run.ct@devbox.2012-11-19_18.26.56/tests.megaco_test.logs/run.2012-11-19_18.27.20/megaco_codec_prev3b_test.pretty_otp4710_msg1.html"></testcase><testcase group="codec.codec.text.flex_pretty.tickets.flex_compact_tickets.text.flex_pretty.tickets.flex_compact_tickets.text.flex_pretty.tickets.flex_compact_tickets.text.flex_pretty.tickets.flex_compact_tickets.pretty_tickets" name="pretty_otp4710_msg2" time="1.042288" timestamp="2012-11-19T18:39:32" log="/home/karl/tmp/otp_tests/logs/megaco_test_logs/ct_run.ct@devbox.2012-11-19_18.26.56/tests.megaco_test.logs/run.2012-11-19_18.27.20/megaco_codec_prev3b_test.pretty_otp4710_msg2.html"></testcase><testcase group="codec.codec.text.flex_pretty.tickets.flex_compact_tickets.text.flex_pretty.tickets.flex_compact_tickets.text.flex_pretty.tickets.flex_compact_tickets.text.flex_pretty.tickets.flex_compact_tickets.pretty_tickets" name="pretty_otp4945_msg1" time="1.042560" timestamp="2012-11-19T18:39:33" log="/home/karl/tmp/otp_tests/logs/megaco_test_logs/ct_run.ct@devbox.2012-11-19_18.26.56/tests.megaco_test.logs/run.2012-11-19_18.27.20/megaco_codec_prev3b_test.pretty_otp4945_msg1.html"></testcase><testcase group="codec.codec.text.flex_pretty.tickets.flex_compact_tickets.text.flex_pretty.tickets.flex_compact_tickets.text.flex_pretty.tickets.flex_compact_tickets.text.flex_pretty.tickets.flex_compact_tickets.pretty_tickets" name="pretty_otp4945_msg2" time="1.027968" timestamp="2012-11-19T18:39:34" log="/home/karl/tmp/otp_tests/logs/megaco_test_logs/ct_run.ct@devbox.2012-11-19_18.26.56/tests.megaco_test.logs/run.2012-11-19_18.27.20/megaco_codec_prev3b_test.pretty_otp4945_msg2.html"></testcase><testcase group="codec.codec.text.flex_pretty.tickets.flex_compact_tickets.text.flex_pretty.tickets.flex_compact_tickets.text.flex_pretty.tickets.flex_compact_tickets.text.flex_pretty.tickets.flex_compact_tickets.pretty_tickets" name="pretty_otp4945_msg3" time="1.026781" timestamp="2012-11-19T18:39:35" log="/home/karl/tmp/otp_tests/logs/megaco_test_logs/ct_run.ct@devbox.2012-11-19_18.26.56/tests.megaco_test.logs/run.2012-11-19_18.27.20/megaco_codec_prev3b_test.pretty_otp4945_msg3.html"></testcase><testcase group="codec.codec.text.flex_pretty.tickets.flex_compact_tickets.text.flex_pretty.tickets.flex_compact_tickets.text.flex_pretty.tickets.flex_compact_tickets.text.flex_pretty.tickets.flex_compact_tickets.pretty_tickets" name="pretty_otp4945_msg4" time="1.038767" timestamp="2012-11-19T18:39:36" log="/home/karl/tmp/otp_tests/logs/megaco_test_logs/ct_run.ct@devbox.2012-11-19_18.26.56/tests.megaco_test.logs/run.2012-11-19_18.27.20/megaco_codec_prev3b_test.pretty_otp4945_msg4.html"></testcase><testcase group="codec.codec.text.flex_pretty.tickets.flex_compact_tickets.text.flex_pretty.tickets.flex_compact_tickets.text.flex_pretty.tickets.flex_compact_tickets.text.flex_pretty.tickets.flex_compact_tickets.pretty_tickets" name="pretty_otp4945_msg5" time="1.027404" timestamp="2012-11-19T18:39:37" log="/home/karl/tmp/otp_tests/logs/megaco_test_logs/ct_run.ct@devbox.2012-11-19_18.26.56/tests.megaco_test.logs/run.2012-11-19_18.27.20/megaco_codec_prev3b_test.pretty_otp4945_msg5.html"></testcase><testcase group="codec.codec.text.flex_pretty.tickets.flex_compact_tickets.text.flex_pretty.tickets.flex_compact_tickets.text.flex_pretty.tickets.flex_compact_tickets.text.flex_pretty.tickets.flex_compact_tickets.pretty_tickets" name="pretty_otp4945_msg6" time="1.025414" timestamp="2012-11-19T18:39:38" log="/home/karl/tmp/otp_tests/logs/megaco_test_logs/ct_run.ct@devbox.2012-11-19_18.26.56/tests.megaco_test.logs/run.2012-11-19_18.27.20/megaco_codec_prev3b_test.pretty_otp4945_msg6.html"></testcase><testcase group="codec.codec.text.flex_pretty.tickets.flex_compact_tickets.text.flex_pretty.tickets.flex_compact_tickets.text.flex_pretty.tickets.flex_compact_tickets.text.flex_pretty.tickets.flex_compact_tickets.pretty_tickets" name="pretty_otp4949_msg1" time="1.053756" timestamp="2012-11-19T18:39:39" log="/home/karl/tmp/otp_tests/logs/megaco_test_logs/ct_run.ct@devbox.2012-11-19_18.26.56/tests.megaco_test.logs/run.2012-11-19_18.27.20/megaco_codec_prev3b_test.pretty_otp4949_msg1.html"></testcase><testcase group="codec.codec.text.flex_pretty.tickets.flex_compact_tickets.text.flex_pretty.tickets.flex_compact_tickets.text.flex_pretty.tickets.flex_compact_tickets.text.flex_pretty.tickets.flex_compact_tickets.pretty_tickets" name="pretty_otp4949_msg2" time="1.034492" timestamp="2012-11-19T18:39:40" log="/home/karl/tmp/otp_tests/logs/megaco_test_logs/ct_run.ct@devbox.2012-11-19_18.26.56/tests.megaco_test.logs/run.2012-11-19_18.27.20/megaco_codec_prev3b_test.pretty_otp4949_msg2.html"></testcase><testcase group="codec.codec.text.flex_pretty.tickets.flex_compact_tickets.text.flex_pretty.tickets.flex_compact_tickets.text.flex_pretty.tickets.flex_compact_tickets.text.flex_pretty.tickets.flex_compact_tickets.pretty_tickets" name="pretty_otp4949_msg3" time="1.030784" timestamp="2012-11-19T18:39:42" log="/home/karl/tmp/otp_tests/logs/megaco_test_logs/ct_run.ct@devbox.2012-11-19_18.26.56/tests.megaco_test.logs/run.2012-11-19_18.27.20/megaco_codec_prev3b_test.pretty_otp4949_msg3.html"></testcase><testcase group="codec.codec.text.flex_pretty.tickets.flex_compact_tickets.text.flex_pretty.tickets.flex_compact_tickets.text.flex_pretty.tickets.flex_compact_tickets.text.flex_pretty.tickets.flex_compact_tickets.pretty_tickets" name="pretty_otp5042_msg1" time="1.037123" timestamp="2012-11-19T18:39:43" log="/home/karl/tmp/otp_tests/logs/megaco_test_logs/ct_run.ct@devbox.2012-11-19_18.26.56/tests.megaco_test.logs/run.2012-11-19_18.27.20/megaco_codec_prev3b_test.pretty_otp5042_msg1.html"></testcase><testcase group="codec.codec.text.flex_pretty.tickets.flex_compact_tickets.text.flex_pretty.tickets.flex_compact_tickets.text.flex_pretty.tickets.flex_compact_tickets.text.flex_pretty.tickets.flex_compact_tickets.pretty_tickets" name="pretty_otp5068_msg1" time="1.029403" timestamp="2012-11-19T18:39:44" log="/home/karl/tmp/otp_tests/logs/megaco_test_logs/ct_run.ct@devbox.2012-11-19_18.26.56/tests.megaco_test.logs/run.2012-11-19_18.27.20/megaco_codec_prev3b_test.pretty_otp5068_msg1.html"></testcase><testcase group="codec.codec.text.flex_pretty.tickets.flex_compact_tickets.text.flex_pretty.tickets.flex_compact_tickets.text.flex_pretty.tickets.flex_compact_tickets.text.flex_pretty.tickets.flex_compact_tickets.pretty_tickets" name="pretty_otp5085_msg1" time="1.041732" timestamp="2012-11-19T18:39:45" log="/home/karl/tmp/otp_tests/logs/megaco_test_logs/ct_run.ct@devbox.2012-11-19_18.26.56/tests.megaco_test.logs/run.2012-11-19_18.27.20/megaco_codec_prev3b_test.pretty_otp5085_msg1.html"></testcase><testcase group="codec.codec.text.flex_pretty.tickets.flex_compact_tickets.text.flex_pretty.tickets.flex_compact_tickets.text.flex_pretty.tickets.flex_compact_tickets.text.flex_pretty.tickets.flex_compact_tickets.pretty_tickets" name="pretty_otp5085_msg2" time="1.037925" timestamp="2012-11-19T18:39:46" log="/home/karl/tmp/otp_tests/logs/megaco_test_logs/ct_run.ct@devbox.2012-11-19_18.26.56/tests.megaco_test.logs/run.2012-11-19_18.27.20/megaco_codec_prev3b_test.pretty_otp5085_msg2.html"></testcase><testcase group="codec.codec.text.flex_pretty.tickets.flex_compact_tickets.text.flex_pretty.tickets.flex_compact_tickets.text.flex_pretty.tickets.flex_compact_tickets.text.flex_pretty.tickets.flex_compact_tickets.pretty_tickets" name="pretty_otp5085_msg3" time="1.030131" timestamp="2012-11-19T18:39:47" log="/home/karl/tmp/otp_tests/logs/megaco_test_logs/ct_run.ct@devbox.2012-11-19_18.26.56/tests.megaco_test.logs/run.2012-11-19_18.27.20/megaco_codec_prev3b_test.pretty_otp5085_msg3.html"></testcase><testcase group="codec.codec.text.flex_pretty.tickets.flex_compact_tickets.text.flex_pretty.tickets.flex_compact_tickets.text.flex_pretty.tickets.flex_compact_tickets.text.flex_pretty.tickets.flex_compact_tickets.pretty_tickets" name="pretty_otp5085_msg4" time="1.028277" timestamp="2012-11-19T18:39:48" log="/home/karl/tmp/otp_tests/logs/megaco_test_logs/ct_run.ct@devbox.2012-11-19_18.26.56/tests.megaco_test.logs/run.2012-11-19_18.27.20/megaco_codec_prev3b_test.pretty_otp5085_msg4.html"></testcase><testcase group="codec.codec.text.flex_pretty.tickets.flex_compact_tickets.text.flex_pretty.tickets.flex_compact_tickets.text.flex_pretty.tickets.flex_compact_tickets.text.flex_pretty.tickets.flex_compact_tickets.pretty_tickets" name="pretty_otp5085_msg5" time="1.039032" timestamp="2012-11-19T18:39:49" log="/home/karl/tmp/otp_tests/logs/megaco_test_logs/ct_run.ct@devbox.2012-11-19_18.26.56/tests.megaco_test.logs/run.2012-11-19_18.27.20/megaco_codec_prev3b_test.pretty_otp5085_msg5.html"></testcase><testcase group="codec.codec.text.flex_pretty.tickets.flex_compact_tickets.text.flex_pretty.tickets.flex_compact_tickets.text.flex_pretty.tickets.flex_compact_tickets.text.flex_pretty.tickets.flex_compact_tickets.pretty_tickets" name="pretty_otp5085_msg6" time="1.026314" timestamp="2012-11-19T18:39:50" log="/home/karl/tmp/otp_tests/logs/megaco_test_logs/ct_run.ct@devbox.2012-11-19_18.26.56/tests.megaco_test.logs/run.2012-11-19_18.27.20/megaco_codec_prev3b_test.pretty_otp5085_msg6.html"></testcase><testcase group="codec.codec.text.flex_pretty.tickets.flex_compact_tickets.text.flex_pretty.tickets.flex_compact_tickets.text.flex_pretty.tickets.flex_compact_tickets.text.flex_pretty.tickets.flex_compact_tickets.pretty_tickets" name="pretty_otp5085_msg7" time="1.024368" timestamp="2012-11-19T18:39:51" log="/home/karl/tmp/otp_tests/logs/megaco_test_logs/ct_run.ct@devbox.2012-11-19_18.26.56/tests.megaco_test.logs/run.2012-11-19_18.27.20/megaco_codec_prev3b_test.pretty_otp5085_msg7.html"></testcase><testcase group="codec.codec.text.flex_pretty.tickets.flex_compact_tickets.text.flex_pretty.tickets.flex_compact_tickets.text.flex_pretty.tickets.flex_compact_tickets.text.flex_pretty.tickets.flex_compact_tickets.pretty_tickets" name="pretty_otp5085_msg8" time="1.036309" timestamp="2012-11-19T18:39:52" log="/home/karl/tmp/otp_tests/logs/megaco_test_logs/ct_run.ct@devbox.2012-11-19_18.26.56/tests.megaco_test.logs/run.2012-11-19_18.27.20/megaco_codec_prev3b_test.pretty_otp5085_msg8.html"></testcase><testcase group="codec.codec.text.flex_pretty.tickets.flex_compact_tickets.text.flex_pretty.tickets.flex_compact_tickets.text.flex_pretty.tickets.flex_compact_tickets.text.flex_pretty.tickets.flex_compact_tickets.pretty_tickets" name="pretty_otp5600_msg1" time="1.028698" timestamp="2012-11-19T18:39:53" log="/home/karl/tmp/otp_tests/logs/megaco_test_logs/ct_run.ct@devbox.2012-11-19_18.26.56/tests.megaco_test.logs/run.2012-11-19_18.27.20/megaco_codec_prev3b_test.pretty_otp5600_msg1.html"></testcase><testcase group="codec.codec.text.flex_pretty.tickets.flex_compact_tickets.text.flex_pretty.tickets.flex_compact_tickets.text.flex_pretty.tickets.flex_compact_tickets.text.flex_pretty.tickets.flex_compact_tickets.pretty_tickets" name="pretty_otp5600_msg2" time="1.030627" timestamp="2012-11-19T18:39:54" log="/home/karl/tmp/otp_tests/logs/megaco_test_logs/ct_run.ct@devbox.2012-11-19_18.26.56/tests.megaco_test.logs/run.2012-11-19_18.27.20/megaco_codec_prev3b_test.pretty_otp5600_msg2.html"></testcase><testcase group="codec.codec.text.flex_pretty.tickets.flex_compact_tickets.text.flex_pretty.tickets.flex_compact_tickets.text.flex_pretty.tickets.flex_compact_tickets.text.flex_pretty.tickets.flex_compact_tickets.pretty_tickets" name="pretty_otp5601_msg1" time="1.036886" timestamp="2012-11-19T18:39:56" log="/home/karl/tmp/otp_tests/logs/megaco_test_logs/ct_run.ct@devbox.2012-11-19_18.26.56/tests.megaco_test.logs/run.2012-11-19_18.27.20/megaco_codec_prev3b_test.pretty_otp5601_msg1.html"></testcase><testcase group="codec.codec.text.flex_pretty.tickets.flex_compact_tickets.text.flex_pretty.tickets.flex_compact_tickets.text.flex_pretty.tickets.flex_compact_tickets.text.flex_pretty.tickets.flex_compact_tickets.pretty_tickets" name="pretty_otp5793_msg01" time="1.030061" timestamp="2012-11-19T18:39:57" log="/home/karl/tmp/otp_tests/logs/megaco_test_logs/ct_run.ct@devbox.2012-11-19_18.26.56/tests.megaco_test.logs/run.2012-11-19_18.27.20/megaco_codec_prev3b_test.pretty_otp5793_msg01.html"></testcase><testcase group="codec.codec.text.flex_pretty.tickets.flex_compact_tickets.text.flex_pretty.tickets.flex_compact_tickets.text.flex_pretty.tickets.flex_compact_tickets.text.flex_pretty.tickets.flex_compact_tickets.pretty_tickets" name="pretty_otp5803_msg01" time="1.027480" timestamp="2012-11-19T18:39:58" log="/home/karl/tmp/otp_tests/logs/megaco_test_logs/ct_run.ct@devbox.2012-11-19_18.26.56/tests.megaco_test.logs/run.2012-11-19_18.27.20/megaco_codec_prev3b_test.pretty_otp5803_msg01.html"></testcase><testcase group="codec.codec.text.flex_pretty.tickets.flex_compact_tickets.text.flex_pretty.tickets.flex_compact_tickets.text.flex_pretty.tickets.flex_compact_tickets.text.flex_pretty.tickets.flex_compact_tickets.pretty_tickets" name="pretty_otp5803_msg02" time="1.039938" timestamp="2012-11-19T18:39:59" log="/home/karl/tmp/otp_tests/logs/megaco_test_logs/ct_run.ct@devbox.2012-11-19_18.26.56/tests.megaco_test.logs/run.2012-11-19_18.27.20/megaco_codec_prev3b_test.pretty_otp5803_msg02.html"></testcase><testcase group="codec.codec.text.flex_pretty.tickets.flex_compact_tickets.text.flex_pretty.tickets.flex_compact_tickets.text.flex_pretty.tickets.flex_compact_tickets.text.flex_pretty.tickets.flex_compact_tickets.pretty_tickets" name="pretty_otp5805_msg01" time="1.049659" timestamp="2012-11-19T18:40:00" log="/home/karl/tmp/otp_tests/logs/megaco_test_logs/ct_run.ct@devbox.2012-11-19_18.26.56/tests.megaco_test.logs/run.2012-11-19_18.27.20/megaco_codec_prev3b_test.pretty_otp5805_msg01.html"></testcase><testcase group="codec.codec.text.flex_pretty.tickets.flex_compact_tickets.text.flex_pretty.tickets.flex_compact_tickets.text.flex_pretty.tickets.flex_compact_tickets.text.flex_pretty.tickets.flex_compact_tickets.pretty_tickets" name="pretty_otp5836_msg01" time="1.029324" timestamp="2012-11-19T18:40:01" log="/home/karl/tmp/otp_tests/logs/megaco_test_logs/ct_run.ct@devbox.2012-11-19_18.26.56/tests.megaco_test.logs/run.2012-11-19_18.27.20/megaco_codec_prev3b_test.pretty_otp5836_msg01.html"></testcase><testcase group="codec.codec.text.flex_pretty.tickets.flex_compact_tickets.text.flex_pretty.tickets.flex_compact_tickets.text.flex_pretty.tickets.flex_compact_tickets.text.flex_pretty.tickets.flex_compact_tickets.pretty_tickets" name="pretty_otp5882_msg01" time="1.039182" timestamp="2012-11-19T18:40:02" log="/home/karl/tmp/otp_tests/logs/megaco_test_logs/ct_run.ct@devbox.2012-11-19_18.26.56/tests.megaco_test.logs/run.2012-11-19_18.27.20/megaco_codec_prev3b_test.pretty_otp5882_msg01.html"></testcase><testcase group="codec.codec.text.flex_pretty.tickets.flex_compact_tickets.text.flex_pretty.tickets.flex_compact_tickets.text.flex_pretty.tickets.flex_compact_tickets.text.flex_pretty.tickets.flex_compact_tickets.pretty_tickets" name="pretty_otp6490_msg01" time="0.015489" timestamp="2012-11-19T18:40:03" log="/home/karl/tmp/otp_tests/logs/megaco_test_logs/ct_run.ct@devbox.2012-11-19_18.26.56/tests.megaco_test.logs/run.2012-11-19_18.27.20/megaco_codec_prev3b_test.pretty_otp6490_msg01.html"></testcase><testcase group="codec.codec.text.flex_pretty.tickets.flex_compact_tickets.text.flex_pretty.tickets.flex_compact_tickets.text.flex_pretty.tickets.flex_compact_tickets.text.flex_pretty.tickets.flex_compact_tickets.pretty_tickets" name="pretty_otp6490_msg02" time="0.017328" timestamp="2012-11-19T18:40:03" log="/home/karl/tmp/otp_tests/logs/megaco_test_logs/ct_run.ct@devbox.2012-11-19_18.26.56/tests.megaco_test.logs/run.2012-11-19_18.27.20/megaco_codec_prev3b_test.pretty_otp6490_msg02.html"></testcase><testcase group="codec.codec.text.flex_pretty.tickets.flex_compact_tickets.text.flex_pretty.tickets.flex_compact_tickets.text.flex_pretty.tickets.flex_compact_tickets.text.flex_pretty.tickets.flex_compact_tickets.pretty_tickets" name="pretty_otp6490_msg03" time="0.022240" timestamp="2012-11-19T18:40:03" log="/home/karl/tmp/otp_tests/logs/megaco_test_logs/ct_run.ct@devbox.2012-11-19_18.26.56/tests.megaco_test.logs/run.2012-11-19_18.27.20/megaco_codec_prev3b_test.pretty_otp6490_msg03.html"></testcase><testcase group="codec.codec.text.flex_pretty.tickets.flex_compact_tickets.text.flex_pretty.tickets.flex_compact_tickets.text.flex_pretty.tickets.flex_compact_tickets.text.flex_pretty.tickets.flex_compact_tickets.pretty_tickets" name="pretty_otp6490_msg04" time="0.014448" timestamp="2012-11-19T18:40:03" log="/home/karl/tmp/otp_tests/logs/megaco_test_logs/ct_run.ct@devbox.2012-11-19_18.26.56/tests.megaco_test.logs/run.2012-11-19_18.27.20/megaco_codec_prev3b_test.pretty_otp6490_msg04.html"></testcase><testcase group="codec.codec.text.flex_pretty.tickets.flex_compact_tickets.text.flex_pretty.tickets.flex_compact_tickets.text.flex_pretty.tickets.flex_compact_tickets.text.flex_pretty.tickets.flex_compact_tickets.pretty_tickets" name="pretty_otp6490_msg05" time="0.016415" timestamp="2012-11-19T18:40:03" log="/home/karl/tmp/otp_tests/logs/megaco_test_logs/ct_run.ct@devbox.2012-11-19_18.26.56/tests.megaco_test.logs/run.2012-11-19_18.27.20/megaco_codec_prev3b_test.pretty_otp6490_msg05.html"></testcase><testcase group="codec.codec.text.flex_pretty.tickets.flex_compact_tickets.text.flex_pretty.tickets.flex_compact_tickets.text.flex_pretty.tickets.flex_compact_tickets.text.flex_pretty.tickets.flex_compact_tickets.pretty_tickets" name="pretty_otp6490_msg06" time="0.022986" timestamp="2012-11-19T18:40:03" log="/home/karl/tmp/otp_tests/logs/megaco_test_logs/ct_run.ct@devbox.2012-11-19_18.26.56/tests.megaco_test.logs/run.2012-11-19_18.27.20/megaco_codec_prev3b_test.pretty_otp6490_msg06.html"></testcase><testcase group="codec.codec.text.flex_pretty.tickets.flex_compact_tickets.text.flex_pretty.tickets.flex_compact_tickets.text.flex_pretty.tickets.flex_compact_tickets.text.flex_pretty.tickets.flex_compact_tickets.pretty_tickets" name="pretty_otp7671_msg01" time="0.016533" timestamp="2012-11-19T18:40:03" log="/home/karl/tmp/otp_tests/logs/megaco_test_logs/ct_run.ct@devbox.2012-11-19_18.26.56/tests.megaco_test.logs/run.2012-11-19_18.27.20/megaco_codec_prev3b_test.pretty_otp7671_msg01.html"></testcase><testcase group="codec.codec.text.flex_pretty.tickets.flex_compact_tickets.text.flex_pretty.tickets.flex_compact_tickets.text.flex_pretty.tickets.flex_compact_tickets.text.flex_pretty.tickets.flex_compact_tickets.pretty_tickets" name="pretty_otp7671_msg02" time="0.017262" timestamp="2012-11-19T18:40:04" log="/home/karl/tmp/otp_tests/logs/megaco_test_logs/ct_run.ct@devbox.2012-11-19_18.26.56/tests.megaco_test.logs/run.2012-11-19_18.27.20/megaco_codec_prev3b_test.pretty_otp7671_msg02.html"></testcase><testcase group="codec.codec.text.flex_pretty.tickets.flex_compact_tickets.text.flex_pretty.tickets.flex_compact_tickets.text.flex_pretty.tickets.flex_compact_tickets.text.flex_pretty.tickets.flex_compact_tickets.pretty_tickets" name="pretty_otp7671_msg03" time="0.022315" timestamp="2012-11-19T18:40:04" log="/home/karl/tmp/otp_tests/logs/megaco_test_logs/ct_run.ct@devbox.2012-11-19_18.26.56/tests.megaco_test.logs/run.2012-11-19_18.27.20/megaco_codec_prev3b_test.pretty_otp7671_msg03.html"></testcase><testcase group="codec.codec.text.flex_pretty.tickets.flex_compact_tickets.text.flex_pretty.tickets.flex_compact_tickets.text.flex_pretty.tickets.flex_compact_tickets.text.flex_pretty.tickets.flex_compact_tickets.pretty_tickets" name="pretty_otp7671_msg04" time="0.013717" timestamp="2012-11-19T18:40:04" log="/home/karl/tmp/otp_tests/logs/megaco_test_logs/ct_run.ct@devbox.2012-11-19_18.26.56/tests.megaco_test.logs/run.2012-11-19_18.27.20/megaco_codec_prev3b_test.pretty_otp7671_msg04.html"></testcase><testcase group="codec.codec.text.flex_pretty.tickets.flex_compact_tickets.text.flex_pretty.tickets.flex_compact_tickets.text.flex_pretty.tickets.flex_compact_tickets.text.flex_pretty.tickets.flex_compact_tickets.pretty_tickets" name="pretty_otp7671_msg05" time="0.016223" timestamp="2012-11-19T18:40:04" log="/home/karl/tmp/otp_tests/logs/megaco_test_logs/ct_run.ct@devbox.2012-11-19_18.26.56/tests.megaco_test.logs/run.2012-11-19_18.27.20/megaco_codec_prev3b_test.pretty_otp7671_msg05.html"></testcase><testcase group="codec.codec.text.flex_pretty.tickets.flex_compact_tickets.text.flex_pretty.tickets.flex_compact_tickets.text.flex_pretty.tickets.flex_compact_tickets.text.flex_pretty.tickets.flex_compact_tickets.pretty_tickets" name="pretty_otp8114_msg01" time="0.022967" timestamp="2012-11-19T18:40:04" log="/home/karl/tmp/otp_tests/logs/megaco_test_logs/ct_run.ct@devbox.2012-11-19_18.26.56/tests.megaco_test.logs/run.2012-11-19_18.27.20/megaco_codec_prev3b_test.pretty_otp8114_msg01.html"></testcase><testcase group="codec.codec.text.flex_pretty.tickets.flex_compact_tickets.text.flex_pretty.tickets.flex_compact_tickets.text.flex_pretty.tickets.flex_compact_tickets.text.flex_pretty.tickets.flex_compact_tickets.pretty_tickets" name="end_per_group" time="0.014489" timestamp="2012-11-19T18:40:04" log="/home/karl/tmp/otp_tests/logs/megaco_test_logs/ct_run.ct@devbox.2012-11-19_18.26.56/tests.megaco_test.logs/run.2012-11-19_18.27.20/megaco_codec_prev3b_test.end_per_group.346804.340.html"></testcase><testcase group="codec.codec.text.flex_pretty.tickets.flex_compact_tickets.text.flex_pretty.tickets.flex_compact_tickets.text.flex_pretty.tickets.flex_compact_tickets.text.flex_pretty.tickets.flex_compact_tickets.flex_pretty_tickets" name="init_per_group" time="0.022351" timestamp="2012-11-19T18:40:04" log="/home/karl/tmp/otp_tests/logs/megaco_test_logs/ct_run.ct@devbox.2012-11-19_18.26.56/tests.megaco_test.logs/run.2012-11-19_18.27.20/megaco_codec_prev3b_test.init_per_group.346804.393.html"><skipped type="skip" message="Test init_per_group in megaco_codec_prev3b_test skipped!">{tc_user_skip,{skipped,&quot;failed_loading_flex_scanner_driver: cannot open shared object file: No such file or directory&quot;}}</skipped></testcase><testcase group="codec.codec.text.flex_pretty.tickets.flex_compact_tickets.text.flex_pretty.tickets.flex_compact_tickets.text.flex_pretty.tickets.flex_compact_tickets.text.flex_pretty.tickets.flex_compact_tickets.flex_pretty_tickets" name="flex_pretty_otp5042_msg1" time="0.000019" timestamp="2012-11-19T18:40:04" log=""><skipped type="skip" message="Test flex_pretty_otp5042_msg1 in megaco_codec_prev3b_test skipped!">{tc_auto_skip,
    {failed,
        {megaco_codec_prev3b_test,init_per_group,
            {&apos;EXIT&apos;,
                {skipped,
                    &quot;failed_loading_flex_scanner_driver: cannot open shared object file: No such file or directory&quot;}}}}}</skipped></testcase><testcase group="codec.codec.text.flex_pretty.tickets.flex_compact_tickets.text.flex_pretty.tickets.flex_compact_tickets.text.flex_pretty.tickets.flex_compact_tickets.text.flex_pretty.tickets.flex_compact_tickets.flex_pretty_tickets" name="flex_pretty_otp5085_msg1" time="0.000018" timestamp="2012-11-19T18:40:04" log=""><skipped type="skip" message="Test flex_pretty_otp5085_msg1 in megaco_codec_prev3b_test skipped!">{tc_auto_skip,
    {failed,
        {megaco_codec_prev3b_test,init_per_group,
            {&apos;EXIT&apos;,
                {skipped,
                    &quot;failed_loading_flex_scanner_driver: cannot open shared object file: No such file or directory&quot;}}}}}</skipped></testcase><testcase group="codec.codec.text.flex_pretty.tickets.flex_compact_tickets.text.flex_pretty.tickets.flex_compact_tickets.text.flex_pretty.tickets.flex_compact_tickets.text.flex_pretty.tickets.flex_compact_tickets.flex_pretty_tickets" name="flex_pretty_otp5085_msg2" time="0.000017" timestamp="2012-11-19T18:40:04" log=""><skipped type="skip" message="Test flex_pretty_otp5085_msg2 in megaco_codec_prev3b_test skipped!">{tc_auto_skip,
    {failed,
        {megaco_codec_prev3b_test,init_per_group,
            {&apos;EXIT&apos;,
                {skipped,
                    &quot;failed_loading_flex_scanner_driver: cannot open shared object file: No such file or directory&quot;}}}}}</skipped></testcase><testcase group="codec.codec.text.flex_pretty.tickets.flex_compact_tickets.text.flex_pretty.tickets.flex_compact_tickets.text.flex_pretty.tickets.flex_compact_tickets.text.flex_pretty.tickets.flex_compact_tickets.flex_pretty_tickets" name="flex_pretty_otp5085_msg3" time="0.000017" timestamp="2012-11-19T18:40:04" log=""><skipped type="skip" message="Test flex_pretty_otp5085_msg3 in megaco_codec_prev3b_test skipped!">{tc_auto_skip,
    {failed,
        {megaco_codec_prev3b_test,init_per_group,
            {&apos;EXIT&apos;,
                {skipped,
                    &quot;failed_loading_flex_scanner_driver: cannot open shared object file: No such file or directory&quot;}}}}}</skipped></testcase><testcase group="codec.codec.text.flex_pretty.tickets.flex_compact_tickets.text.flex_pretty.tickets.flex_compact_tickets.text.flex_pretty.tickets.flex_compact_tickets.text.flex_pretty.tickets.flex_compact_tickets.flex_pretty_tickets" name="flex_pretty_otp5085_msg4" time="0.000041" timestamp="2012-11-19T18:40:04" log=""><skipped type="skip" message="Test flex_pretty_otp5085_msg4 in megaco_codec_prev3b_test skipped!">{tc_auto_skip,
    {failed,
        {megaco_codec_prev3b_test,init_per_group,
            {&apos;EXIT&apos;,
                {skipped,
                    &quot;failed_loading_flex_scanner_driver: cannot open shared object file: No such file or directory&quot;}}}}}</skipped></testcase><testcase group="codec.codec.text.flex_pretty.tickets.flex_compact_tickets.text.flex_pretty.tickets.flex_compact_tickets.text.flex_pretty.tickets.flex_compact_tickets.text.flex_pretty.tickets.flex_compact_tickets.flex_pretty_tickets" name="flex_pretty_otp5085_msg5" time="0.000017" timestamp="2012-11-19T18:40:04" log=""><skipped type="skip" message="Test flex_pretty_otp5085_msg5 in megaco_codec_prev3b_test skipped!">{tc_auto_skip,
    {failed,
        {megaco_codec_prev3b_test,init_per_group,
            {&apos;EXIT&apos;,
                {skipped,
                    &quot;failed_loading_flex_scanner_driver: cannot open shared object file: No such file or directory&quot;}}}}}</skipped></testcase><testcase group="codec.codec.text.flex_pretty.tickets.flex_compact_tickets.text.flex_pretty.tickets.flex_compact_tickets.text.flex_pretty.tickets.flex_compact_tickets.text.flex_pretty.tickets.flex_compact_tickets.flex_pretty_tickets" name="flex_pretty_otp5085_msg6" time="0.000023" timestamp="2012-11-19T18:40:04" log=""><skipped type="skip" message="Test flex_pretty_otp5085_msg6 in megaco_codec_prev3b_test skipped!">{tc_auto_skip,
    {failed,
        {megaco_codec_prev3b_test,init_per_group,
            {&apos;EXIT&apos;,
                {skipped,
                    &quot;failed_loading_flex_scanner_driver: cannot open shared object file: No such file or directory&quot;}}}}}</skipped></testcase><testcase group="codec.codec.text.flex_pretty.tickets.flex_compact_tickets.text.flex_pretty.tickets.flex_compact_tickets.text.flex_pretty.tickets.flex_compact_tickets.text.flex_pretty.tickets.flex_compact_tickets.flex_pretty_tickets" name="flex_pretty_otp5085_msg7" time="0.000017" timestamp="2012-11-19T18:40:04" log=""><skipped type="skip" message="Test flex_pretty_otp5085_msg7 in megaco_codec_prev3b_test skipped!">{tc_auto_skip,
    {failed,
        {megaco_codec_prev3b_test,init_per_group,
            {&apos;EXIT&apos;,
                {skipped,
                    &quot;failed_loading_flex_scanner_driver: cannot open shared object file: No such file or directory&quot;}}}}}</skipped></testcase><testcase group="codec.codec.text.flex_pretty.tickets.flex_compact_tickets.text.flex_pretty.tickets.flex_compact_tickets.text.flex_pretty.tickets.flex_compact_tickets.text.flex_pretty.tickets.flex_compact_tickets.flex_pretty_tickets" name="flex_pretty_otp5085_msg8" time="0.000018" timestamp="2012-11-19T18:40:04" log=""><skipped type="skip" message="Test flex_pretty_otp5085_msg8 in megaco_codec_prev3b_test skipped!">{tc_auto_skip,
    {failed,
        {megaco_codec_prev3b_test,init_per_group,
            {&apos;EXIT&apos;,
                {skipped,
                    &quot;failed_loading_flex_scanner_driver: cannot open shared object file: No such file or directory&quot;}}}}}</skipped></testcase><testcase group="codec.codec.text.flex_pretty.tickets.flex_compact_tickets.text.flex_pretty.tickets.flex_compact_tickets.text.flex_pretty.tickets.flex_compact_tickets.text.flex_pretty.tickets.flex_compact_tickets.flex_pretty_tickets" name="flex_pretty_otp5600_msg1" time="0.000019" timestamp="2012-11-19T18:40:04" log=""><skipped type="skip" message="Test flex_pretty_otp5600_msg1 in megaco_codec_prev3b_test skipped!">{tc_auto_skip,
    {failed,
        {megaco_codec_prev3b_test,init_per_group,
            {&apos;EXIT&apos;,
                {skipped,
                    &quot;failed_loading_flex_scanner_driver: cannot open shared object file: No such file or directory&quot;}}}}}</skipped></testcase><testcase group="codec.codec.text.flex_pretty.tickets.flex_compact_tickets.text.flex_pretty.tickets.flex_compact_tickets.text.flex_pretty.tickets.flex_compact_tickets.text.flex_pretty.tickets.flex_compact_tickets.flex_pretty_tickets" name="flex_pretty_otp5600_msg2" time="0.000017" timestamp="2012-11-19T18:40:04" log=""><skipped type="skip" message="Test flex_pretty_otp5600_msg2 in megaco_codec_prev3b_test skipped!">{tc_auto_skip,
    {failed,
        {megaco_codec_prev3b_test,init_per_group,
            {&apos;EXIT&apos;,
                {skipped,
                    &quot;failed_loading_flex_scanner_driver: cannot open shared object file: No such file or directory&quot;}}}}}</skipped></testcase><testcase group="codec.codec.text.flex_pretty.tickets.flex_compact_tickets.text.flex_pretty.tickets.flex_compact_tickets.text.flex_pretty.tickets.flex_compact_tickets.text.flex_pretty.tickets.flex_compact_tickets.flex_pretty_tickets" name="flex_pretty_otp5601_msg1" time="0.000016" timestamp="2012-11-19T18:40:04" log=""><skipped type="skip" message="Test flex_pretty_otp5601_msg1 in megaco_codec_prev3b_test skipped!">{tc_auto_skip,
    {failed,
        {megaco_codec_prev3b_test,init_per_group,
            {&apos;EXIT&apos;,
                {skipped,
                    &quot;failed_loading_flex_scanner_driver: cannot open shared object file: No such file or directory&quot;}}}}}</skipped></testcase><testcase group="codec.codec.text.flex_pretty.tickets.flex_compact_tickets.text.flex_pretty.tickets.flex_compact_tickets.text.flex_pretty.tickets.flex_compact_tickets.text.flex_pretty.tickets.flex_compact_tickets.flex_pretty_tickets" name="flex_pretty_otp5793_msg01" time="0.000017" timestamp="2012-11-19T18:40:04" log=""><skipped type="skip" message="Test flex_pretty_otp5793_msg01 in megaco_codec_prev3b_test skipped!">{tc_auto_skip,
    {failed,
        {megaco_codec_prev3b_test,init_per_group,
            {&apos;EXIT&apos;,
                {skipped,
                    &quot;failed_loading_flex_scanner_driver: cannot open shared object file: No such file or directory&quot;}}}}}</skipped></testcase><testcase group="codec.codec.text.flex_pretty.tickets.flex_compact_tickets.text.flex_pretty.tickets.flex_compact_tickets.text.flex_pretty.tickets.flex_compact_tickets.text.flex_pretty.tickets.flex_compact_tickets.flex_pretty_tickets" name="flex_pretty_otp5803_msg01" time="0.000061" timestamp="2012-11-19T18:40:04" log=""><skipped type="skip" message="Test flex_pretty_otp5803_msg01 in megaco_codec_prev3b_test skipped!">{tc_auto_skip,
    {failed,
        {megaco_codec_prev3b_test,init_per_group,
            {&apos;EXIT&apos;,
                {skipped,
                    &quot;failed_loading_flex_scanner_driver: cannot open shared object file: No such file or directory&quot;}}}}}</skipped></testcase><testcase group="codec.codec.text.flex_pretty.tickets.flex_compact_tickets.text.flex_pretty.tickets.flex_compact_tickets.text.flex_pretty.tickets.flex_compact_tickets.text.flex_pretty.tickets.flex_compact_tickets.flex_pretty_tickets" name="flex_pretty_otp5803_msg02" time="0.000018" timestamp="2012-11-19T18:40:04" log=""><skipped type="skip" message="Test flex_pretty_otp5803_msg02 in megaco_codec_prev3b_test skipped!">{tc_auto_skip,
    {failed,
        {megaco_codec_prev3b_test,init_per_group,
            {&apos;EXIT&apos;,
                {skipped,
                    &quot;failed_loading_flex_scanner_driver: cannot open shared object file: No such file or directory&quot;}}}}}</skipped></testcase><testcase group="codec.codec.text.flex_pretty.tickets.flex_compact_tickets.text.flex_pretty.tickets.flex_compact_tickets.text.flex_pretty.tickets.flex_compact_tickets.text.flex_pretty.tickets.flex_compact_tickets.flex_pretty_tickets" name="flex_pretty_otp5805_msg01" time="0.000049" timestamp="2012-11-19T18:40:04" log=""><skipped type="skip" message="Test flex_pretty_otp5805_msg01 in megaco_codec_prev3b_test skipped!">{tc_auto_skip,
    {failed,
        {megaco_codec_prev3b_test,init_per_group,
            {&apos;EXIT&apos;,
                {skipped,
                    &quot;failed_loading_flex_scanner_driver: cannot open shared object file: No such file or directory&quot;}}}}}</skipped></testcase><testcase group="codec.codec.text.flex_pretty.tickets.flex_compact_tickets.text.flex_pretty.tickets.flex_compact_tickets.text.flex_pretty.tickets.flex_compact_tickets.text.flex_pretty.tickets.flex_compact_tickets.flex_pretty_tickets" name="flex_pretty_otp5836_msg01" time="0.000018" timestamp="2012-11-19T18:40:04" log=""><skipped type="skip" message="Test flex_pretty_otp5836_msg01 in megaco_codec_prev3b_test skipped!">{tc_auto_skip,
    {failed,
        {megaco_codec_prev3b_test,init_per_group,
            {&apos;EXIT&apos;,
                {skipped,
                    &quot;failed_loading_flex_scanner_driver: cannot open shared object file: No such file or directory&quot;}}}}}</skipped></testcase><testcase group="codec.codec.text.flex_pretty.tickets.flex_compact_tickets.text.flex_pretty.tickets.flex_compact_tickets.text.flex_pretty.tickets.flex_compact_tickets.text.flex_pretty.tickets.flex_compact_tickets.flex_pretty_tickets" name="flex_pretty_otp7431_msg01" time="0.000017" timestamp="2012-11-19T18:40:04" log=""><skipped type="skip" message="Test flex_pretty_otp7431_msg01 in megaco_codec_prev3b_test skipped!">{tc_auto_skip,
    {failed,
        {megaco_codec_prev3b_test,init_per_group,
            {&apos;EXIT&apos;,
                {skipped,
                    &quot;failed_loading_flex_scanner_driver: cannot open shared object file: No such file or directory&quot;}}}}}</skipped></testcase><testcase group="codec.codec.text.flex_pretty.tickets.flex_compact_tickets.text.flex_pretty.tickets.flex_compact_tickets.text.flex_pretty.tickets.flex_compact_tickets.text.flex_pretty.tickets.flex_compact_tickets.flex_pretty_tickets" name="flex_pretty_otp7431_msg02" time="0.000017" timestamp="2012-11-19T18:40:04" log=""><skipped type="skip" message="Test flex_pretty_otp7431_msg02 in megaco_codec_prev3b_test skipped!">{tc_auto_skip,
    {failed,
        {megaco_codec_prev3b_test,init_per_group,
            {&apos;EXIT&apos;,
                {skipped,
                    &quot;failed_loading_flex_scanner_driver: cannot open shared object file: No such file or directory&quot;}}}}}</skipped></testcase><testcase group="codec.codec.text.flex_pretty.tickets.flex_compact_tickets.text.flex_pretty.tickets.flex_compact_tickets.text.flex_pretty.tickets.flex_compact_tickets.text.flex_pretty.tickets.flex_compact_tickets.flex_pretty_tickets" name="flex_pretty_otp7431_msg03" time="0.000017" timestamp="2012-11-19T18:40:04" log=""><skipped type="skip" message="Test flex_pretty_otp7431_msg03 in megaco_codec_prev3b_test skipped!">{tc_auto_skip,
    {failed,
        {megaco_codec_prev3b_test,init_per_group,
            {&apos;EXIT&apos;,
                {skipped,
                    &quot;failed_loading_flex_scanner_driver: cannot open shared object file: No such file or directory&quot;}}}}}</skipped></testcase><testcase group="codec.codec.text.flex_pretty.tickets.flex_compact_tickets.text.flex_pretty.tickets.flex_compact_tickets.text.flex_pretty.tickets.flex_compact_tickets.text.flex_pretty.tickets.flex_compact_tickets.flex_pretty_tickets" name="flex_pretty_otp7431_msg04" time="0.000018" timestamp="2012-11-19T18:40:04" log=""><skipped type="skip" message="Test flex_pretty_otp7431_msg04 in megaco_codec_prev3b_test skipped!">{tc_auto_skip,
    {failed,
        {megaco_codec_prev3b_test,init_per_group,
            {&apos;EXIT&apos;,
                {skipped,
                    &quot;failed_loading_flex_scanner_driver: cannot open shared object file: No such file or directory&quot;}}}}}</skipped></testcase><testcase group="codec.codec.text.flex_pretty.tickets.flex_compact_tickets.text.flex_pretty.tickets.flex_compact_tickets.text.flex_pretty.tickets.flex_compact_tickets.text.flex_pretty.tickets.flex_compact_tickets.flex_pretty_tickets" name="flex_pretty_otp7431_msg05" time="0.000024" timestamp="2012-11-19T18:40:04" log=""><skipped type="skip" message="Test flex_pretty_otp7431_msg05 in megaco_codec_prev3b_test skipped!">{tc_auto_skip,
    {failed,
        {megaco_codec_prev3b_test,init_per_group,
            {&apos;EXIT&apos;,
                {skipped,
                    &quot;failed_loading_flex_scanner_driver: cannot open shared object file: No such file or directory&quot;}}}}}</skipped></testcase><testcase group="codec.codec.text.flex_pretty.tickets.flex_compact_tickets.text.flex_pretty.tickets.flex_compact_tickets.text.flex_pretty.tickets.flex_compact_tickets.text.flex_pretty.tickets.flex_compact_tickets.flex_pretty_tickets" name="flex_pretty_otp7431_msg06" time="0.000021" timestamp="2012-11-19T18:40:04" log=""><skipped type="skip" message="Test flex_pretty_otp7431_msg06 in megaco_codec_prev3b_test skipped!">{tc_auto_skip,
    {failed,
        {megaco_codec_prev3b_test,init_per_group,
            {&apos;EXIT&apos;,
                {skipped,
                    &quot;failed_loading_flex_scanner_driver: cannot open shared object file: No such file or directory&quot;}}}}}</skipped></testcase><testcase group="codec.codec.text.flex_pretty.tickets.flex_compact_tickets.text.flex_pretty.tickets.flex_compact_tickets.text.flex_pretty.tickets.flex_compact_tickets.text.flex_pretty.tickets.flex_compact_tickets.flex_pretty_tickets" name="flex_pretty_otp7431_msg07" time="0.000024" timestamp="2012-11-19T18:40:04" log=""><skipped type="skip" message="Test flex_pretty_otp7431_msg07 in megaco_codec_prev3b_test skipped!">{tc_auto_skip,
    {failed,
        {megaco_codec_prev3b_test,init_per_group,
            {&apos;EXIT&apos;,
                {skipped,
                    &quot;failed_loading_flex_scanner_driver: cannot open shared object file: No such file or directory&quot;}}}}}</skipped></testcase><testcase group="codec.codec.text.flex_pretty.tickets.flex_compact_tickets.text.flex_pretty.tickets.flex_compact_tickets.text.flex_pretty.tickets.flex_compact_tickets.text.flex_pretty.tickets.flex_compact_tickets.flex_pretty_tickets" name="end_per_group" time="0.000017" timestamp="2012-11-19T18:40:04" log=""><skipped type="skip" message="Test end_per_group in megaco_codec_prev3b_test skipped!">{tc_auto_skip,
    {failed,
        {megaco_codec_prev3b_test,init_per_group,
            {&apos;EXIT&apos;,
                {skipped,
                    &quot;failed_loading_flex_scanner_driver: cannot open shared object file: No such file or directory&quot;}}}}}</skipped></testcase><testcase group="codec.codec.text.flex_pretty.tickets.flex_compact_tickets.text.flex_pretty.tickets.flex_compact_tickets.text.flex_pretty.tickets.flex_compact_tickets.text.flex_pretty.tickets.flex_compact_tickets.flex_pretty_tickets" name="end_per_group" time="0.015178" timestamp="2012-11-19T18:40:04" log="/home/karl/tmp/otp_tests/logs/megaco_test_logs/ct_run.ct@devbox.2012-11-19_18.26.56/tests.megaco_test.logs/run.2012-11-19_18.27.20/megaco_codec_prev3b_test.end_per_group.346804.946.html"></testcase><testcase group="codec.codec.text.flex_pretty.tickets.flex_compact_tickets.text.flex_pretty.tickets.flex_compact_tickets.text.flex_pretty.tickets.flex_compact_tickets.text.flex_pretty.tickets.flex_compact_tickets" name="end_per_suite" time="0.018926" timestamp="2012-11-19T18:40:05" log="/home/karl/tmp/otp_tests/logs/megaco_test_logs/ct_run.ct@devbox.2012-11-19_18.26.56/tests.megaco_test.logs/run.2012-11-19_18.27.20/ct_framework.end_per_suite.346805.2.html"></testcase></testsuite><testsuite name="megaco_codec_prev3a_test" time="88.705126" timestamp="2012-11-19T18:36:59" errors="46" tests="167"><testcase group="codec.codec.text.flex_pretty.tickets.flex_compact_tickets.text.flex_pretty.tickets.flex_compact_tickets" name="init_per_suite" time="0.009676" timestamp="2012-11-19T18:36:59" log="/home/karl/tmp/otp_tests/logs/megaco_test_logs/ct_run.ct@devbox.2012-11-19_18.26.56/tests.megaco_test.logs/run.2012-11-19_18.27.20/ct_framework.init_per_suite.346619.952.html"></testcase><testcase group="codec.codec.text.flex_pretty.tickets.flex_compact_tickets.text.flex_pretty.tickets.flex_compact_tickets.text" name="init_per_group" time="0.005780" timestamp="2012-11-19T18:37:00" log="/home/karl/tmp/otp_tests/logs/megaco_test_logs/ct_run.ct@devbox.2012-11-19_18.26.56/tests.megaco_test.logs/run.2012-11-19_18.27.20/megaco_codec_prev3a_test.init_per_group.html"></testcase><testcase group="codec.codec.text.flex_pretty.tickets.flex_compact_tickets.text.flex_pretty.tickets.flex_compact_tickets.text.pretty" name="init_per_group" time="0.005539" timestamp="2012-11-19T18:37:00" log="/home/karl/tmp/otp_tests/logs/megaco_test_logs/ct_run.ct@devbox.2012-11-19_18.26.56/tests.megaco_test.logs/run.2012-11-19_18.27.20/megaco_codec_prev3a_test.init_per_group.346620.39.html"></testcase><testcase group="codec.codec.text.flex_pretty.tickets.flex_compact_tickets.text.flex_pretty.tickets.flex_compact_tickets.text.pretty" name="pretty_test_msgs" time="1.118398" timestamp="2012-11-19T18:37:00" log="/home/karl/tmp/otp_tests/logs/megaco_test_logs/ct_run.ct@devbox.2012-11-19_18.26.56/tests.megaco_test.logs/run.2012-11-19_18.27.20/megaco_codec_prev3a_test.pretty_test_msgs.html"></testcase><testcase group="codec.codec.text.flex_pretty.tickets.flex_compact_tickets.text.flex_pretty.tickets.flex_compact_tickets.text.pretty" name="end_per_group" time="0.006822" timestamp="2012-11-19T18:37:01" log="/home/karl/tmp/otp_tests/logs/megaco_test_logs/ct_run.ct@devbox.2012-11-19_18.26.56/tests.megaco_test.logs/run.2012-11-19_18.27.20/megaco_codec_prev3a_test.end_per_group.html"></testcase><testcase group="codec.codec.text.flex_pretty.tickets.flex_compact_tickets.text.flex_pretty.tickets.flex_compact_tickets.text.flex_pretty" name="init_per_group" time="0.010011" timestamp="2012-11-19T18:37:01" log="/home/karl/tmp/otp_tests/logs/megaco_test_logs/ct_run.ct@devbox.2012-11-19_18.26.56/tests.megaco_test.logs/run.2012-11-19_18.27.20/megaco_codec_prev3a_test.init_per_group.346621.262.html"><skipped type="skip" message="Test init_per_group in megaco_codec_prev3a_test skipped!">{tc_user_skip,{skipped,&quot;failed_loading_flex_scanner_driver: cannot open shared object file: No such file or directory&quot;}}</skipped></testcase><testcase group="codec.codec.text.flex_pretty.tickets.flex_compact_tickets.text.flex_pretty.tickets.flex_compact_tickets.text.flex_pretty" name="flex_pretty_test_msgs" time="0.000020" timestamp="2012-11-19T18:37:01" log=""><skipped type="skip" message="Test flex_pretty_test_msgs in megaco_codec_prev3a_test skipped!">{tc_auto_skip,
    {failed,
        {megaco_codec_prev3a_test,init_per_group,
            {&apos;EXIT&apos;,
                {skipped,
                    &quot;failed_loading_flex_scanner_driver: cannot open shared object file: No such file or directory&quot;}}}}}</skipped></testcase><testcase group="codec.codec.text.flex_pretty.tickets.flex_compact_tickets.text.flex_pretty.tickets.flex_compact_tickets.text.flex_pretty" name="end_per_group" time="0.000026" timestamp="2012-11-19T18:37:01" log=""><skipped type="skip" message="Test end_per_group in megaco_codec_prev3a_test skipped!">{tc_auto_skip,
    {failed,
        {megaco_codec_prev3a_test,init_per_group,
            {&apos;EXIT&apos;,
                {skipped,
                    &quot;failed_loading_flex_scanner_driver: cannot open shared object file: No such file or directory&quot;}}}}}</skipped></testcase><testcase group="codec.codec.text.flex_pretty.tickets.flex_compact_tickets.text.flex_pretty.tickets.flex_compact_tickets.text.flex_pretty.compact" name="init_per_group" time="0.021966" timestamp="2012-11-19T18:37:01" log="/home/karl/tmp/otp_tests/logs/megaco_test_logs/ct_run.ct@devbox.2012-11-19_18.26.56/tests.megaco_test.logs/run.2012-11-19_18.27.20/megaco_codec_prev3a_test.init_per_group.346621.361.html"></testcase><testcase group="codec.codec.text.flex_pretty.tickets.flex_compact_tickets.text.flex_pretty.tickets.flex_compact_tickets.text.flex_pretty.compact" name="compact_test_msgs" time="1.119233" timestamp="2012-11-19T18:37:01" log="/home/karl/tmp/otp_tests/logs/megaco_test_logs/ct_run.ct@devbox.2012-11-19_18.26.56/tests.megaco_test.logs/run.2012-11-19_18.27.20/megaco_codec_prev3a_test.compact_test_msgs.html"></testcase><testcase group="codec.codec.text.flex_pretty.tickets.flex_compact_tickets.text.flex_pretty.tickets.flex_compact_tickets.text.flex_pretty.compact" name="end_per_group" time="0.005984" timestamp="2012-11-19T18:37:02" log="/home/karl/tmp/otp_tests/logs/megaco_test_logs/ct_run.ct@devbox.2012-11-19_18.26.56/tests.megaco_test.logs/run.2012-11-19_18.27.20/megaco_codec_prev3a_test.end_per_group.346622.569.html"></testcase><testcase group="codec.codec.text.flex_pretty.tickets.flex_compact_tickets.text.flex_pretty.tickets.flex_compact_tickets.text.flex_pretty.flex_compact" name="init_per_group" time="0.009030" timestamp="2012-11-19T18:37:02" log="/home/karl/tmp/otp_tests/logs/megaco_test_logs/ct_run.ct@devbox.2012-11-19_18.26.56/tests.megaco_test.logs/run.2012-11-19_18.27.20/megaco_codec_prev3a_test.init_per_group.346622.608.html"><skipped type="skip" message="Test init_per_group in megaco_codec_prev3a_test skipped!">{tc_user_skip,{skipped,&quot;failed_loading_flex_scanner_driver: cannot open shared object file: No such file or directory&quot;}}</skipped></testcase><testcase group="codec.codec.text.flex_pretty.tickets.flex_compact_tickets.text.flex_pretty.tickets.flex_compact_tickets.text.flex_pretty.flex_compact" name="flex_compact_test_msgs" time="0.000031" timestamp="2012-11-19T18:37:02" log=""><skipped type="skip" message="Test flex_compact_test_msgs in megaco_codec_prev3a_test skipped!">{tc_auto_skip,
    {failed,
        {megaco_codec_prev3a_test,init_per_group,
            {&apos;EXIT&apos;,
                {skipped,
                    &quot;failed_loading_flex_scanner_driver: cannot open shared object file: No such file or directory&quot;}}}}}</skipped></testcase><testcase group="codec.codec.text.flex_pretty.tickets.flex_compact_tickets.text.flex_pretty.tickets.flex_compact_tickets.text.flex_pretty.flex_compact" name="flex_compact_dm_timers1" time="0.000015" timestamp="2012-11-19T18:37:02" log=""><skipped type="skip" message="Test flex_compact_dm_timers1 in megaco_codec_prev3a_test skipped!">{tc_auto_skip,
    {failed,
        {megaco_codec_prev3a_test,init_per_group,
            {&apos;EXIT&apos;,
                {skipped,
                    &quot;failed_loading_flex_scanner_driver: cannot open shared object file: No such file or directory&quot;}}}}}</skipped></testcase><testcase group="codec.codec.text.flex_pretty.tickets.flex_compact_tickets.text.flex_pretty.tickets.flex_compact_tickets.text.flex_pretty.flex_compact" name="flex_compact_dm_timers2" time="0.000016" timestamp="2012-11-19T18:37:02" log=""><skipped type="skip" message="Test flex_compact_dm_timers2 in megaco_codec_prev3a_test skipped!">{tc_auto_skip,
    {failed,
        {megaco_codec_prev3a_test,init_per_group,
            {&apos;EXIT&apos;,
                {skipped,
                    &quot;failed_loading_flex_scanner_driver: cannot open shared object file: No such file or directory&quot;}}}}}</skipped></testcase><testcase group="codec.codec.text.flex_pretty.tickets.flex_compact_tickets.text.flex_pretty.tickets.flex_compact_tickets.text.flex_pretty.flex_compact" name="flex_compact_dm_timers3" time="0.000051" timestamp="2012-11-19T18:37:02" log=""><skipped type="skip" message="Test flex_compact_dm_timers3 in megaco_codec_prev3a_test skipped!">{tc_auto_skip,
    {failed,
        {megaco_codec_prev3a_test,init_per_group,
            {&apos;EXIT&apos;,
                {skipped,
                    &quot;failed_loading_flex_scanner_driver: cannot open shared object file: No such file or directory&quot;}}}}}</skipped></testcase><testcase group="codec.codec.text.flex_pretty.tickets.flex_compact_tickets.text.flex_pretty.tickets.flex_compact_tickets.text.flex_pretty.flex_compact" name="flex_compact_dm_timers4" time="0.000015" timestamp="2012-11-19T18:37:02" log=""><skipped type="skip" message="Test flex_compact_dm_timers4 in megaco_codec_prev3a_test skipped!">{tc_auto_skip,
    {failed,
        {megaco_codec_prev3a_test,init_per_group,
            {&apos;EXIT&apos;,
                {skipped,
                    &quot;failed_loading_flex_scanner_driver: cannot open shared object file: No such file or directory&quot;}}}}}</skipped></testcase><testcase group="codec.codec.text.flex_pretty.tickets.flex_compact_tickets.text.flex_pretty.tickets.flex_compact_tickets.text.flex_pretty.flex_compact" name="flex_compact_dm_timers5" time="0.000016" timestamp="2012-11-19T18:37:02" log=""><skipped type="skip" message="Test flex_compact_dm_timers5 in megaco_codec_prev3a_test skipped!">{tc_auto_skip,
    {failed,
        {megaco_codec_prev3a_test,init_per_group,
            {&apos;EXIT&apos;,
                {skipped,
                    &quot;failed_loading_flex_scanner_driver: cannot open shared object file: No such file or directory&quot;}}}}}</skipped></testcase><testcase group="codec.codec.text.flex_pretty.tickets.flex_compact_tickets.text.flex_pretty.tickets.flex_compact_tickets.text.flex_pretty.flex_compact" name="flex_compact_dm_timers6" time="0.000018" timestamp="2012-11-19T18:37:02" log=""><skipped type="skip" message="Test flex_compact_dm_timers6 in megaco_codec_prev3a_test skipped!">{tc_auto_skip,
    {failed,
        {megaco_codec_prev3a_test,init_per_group,
            {&apos;EXIT&apos;,
                {skipped,
                    &quot;failed_loading_flex_scanner_driver: cannot open shared object file: No such file or directory&quot;}}}}}</skipped></testcase><testcase group="codec.codec.text.flex_pretty.tickets.flex_compact_tickets.text.flex_pretty.tickets.flex_compact_tickets.text.flex_pretty.flex_compact" name="flex_compact_dm_timers7" time="0.000016" timestamp="2012-11-19T18:37:02" log=""><skipped type="skip" message="Test flex_compact_dm_timers7 in megaco_codec_prev3a_test skipped!">{tc_auto_skip,
    {failed,
        {megaco_codec_prev3a_test,init_per_group,
            {&apos;EXIT&apos;,
                {skipped,
                    &quot;failed_loading_flex_scanner_driver: cannot open shared object file: No such file or directory&quot;}}}}}</skipped></testcase><testcase group="codec.codec.text.flex_pretty.tickets.flex_compact_tickets.text.flex_pretty.tickets.flex_compact_tickets.text.flex_pretty.flex_compact" name="flex_compact_dm_timers8" time="0.000017" timestamp="2012-11-19T18:37:02" log=""><skipped type="skip" message="Test flex_compact_dm_timers8 in megaco_codec_prev3a_test skipped!">{tc_auto_skip,
    {failed,
        {megaco_codec_prev3a_test,init_per_group,
            {&apos;EXIT&apos;,
                {skipped,
                    &quot;failed_loading_flex_scanner_driver: cannot open shared object file: No such file or directory&quot;}}}}}</skipped></testcase><testcase group="codec.codec.text.flex_pretty.tickets.flex_compact_tickets.text.flex_pretty.tickets.flex_compact_tickets.text.flex_pretty.flex_compact" name="end_per_group" time="0.000022" timestamp="2012-11-19T18:37:02" log=""><skipped type="skip" message="Test end_per_group in megaco_codec_prev3a_test skipped!">{tc_auto_skip,
    {failed,
        {megaco_codec_prev3a_test,init_per_group,
            {&apos;EXIT&apos;,
                {skipped,
                    &quot;failed_loading_flex_scanner_driver: cannot open shared object file: No such file or directory&quot;}}}}}</skipped></testcase><testcase group="codec.codec.text.flex_pretty.tickets.flex_compact_tickets.text.flex_pretty.tickets.flex_compact_tickets.text.flex_pretty.flex_compact" name="end_per_group" time="0.006631" timestamp="2012-11-19T18:37:02" log="/home/karl/tmp/otp_tests/logs/megaco_test_logs/ct_run.ct@devbox.2012-11-19_18.26.56/tests.megaco_test.logs/run.2012-11-19_18.27.20/megaco_codec_prev3a_test.end_per_group.346622.779.html"></testcase><testcase group="codec.codec.text.flex_pretty.tickets.flex_compact_tickets.text.flex_pretty.tickets.flex_compact_tickets.text.flex_pretty.binary" name="init_per_group" time="0.006279" timestamp="2012-11-19T18:37:02" log="/home/karl/tmp/otp_tests/logs/megaco_test_logs/ct_run.ct@devbox.2012-11-19_18.26.56/tests.megaco_test.logs/run.2012-11-19_18.27.20/megaco_codec_prev3a_test.init_per_group.346622.816.html"></testcase><testcase group="codec.codec.text.flex_pretty.tickets.flex_compact_tickets.text.flex_pretty.tickets.flex_compact_tickets.text.flex_pretty.binary.bin" name="init_per_group" time="0.005887" timestamp="2012-11-19T18:37:02" log="/home/karl/tmp/otp_tests/logs/megaco_test_logs/ct_run.ct@devbox.2012-11-19_18.26.56/tests.megaco_test.logs/run.2012-11-19_18.27.20/megaco_codec_prev3a_test.init_per_group.346622.852.html"></testcase><testcase group="codec.codec.text.flex_pretty.tickets.flex_compact_tickets.text.flex_pretty.tickets.flex_compact_tickets.text.flex_pretty.binary.bin" name="bin_test_msgs" time="1.147102" timestamp="2012-11-19T18:37:02" log="/home/karl/tmp/otp_tests/logs/megaco_test_logs/ct_run.ct@devbox.2012-11-19_18.26.56/tests.megaco_test.logs/run.2012-11-19_18.27.20/megaco_codec_prev3a_test.bin_test_msgs.html"></testcase><testcase group="codec.codec.text.flex_pretty.tickets.flex_compact_tickets.text.flex_pretty.tickets.flex_compact_tickets.text.flex_pretty.binary.bin" name="end_per_group" time="0.007136" timestamp="2012-11-19T18:37:04" log="/home/karl/tmp/otp_tests/logs/megaco_test_logs/ct_run.ct@devbox.2012-11-19_18.26.56/tests.megaco_test.logs/run.2012-11-19_18.27.20/megaco_codec_prev3a_test.end_per_group.346624.69.html"></testcase><testcase group="codec.codec.text.flex_pretty.tickets.flex_compact_tickets.text.flex_pretty.tickets.flex_compact_tickets.text.flex_pretty.binary.ber" name="init_per_group" time="0.006165" timestamp="2012-11-19T18:37:04" log="/home/karl/tmp/otp_tests/logs/megaco_test_logs/ct_run.ct@devbox.2012-11-19_18.26.56/tests.megaco_test.logs/run.2012-11-19_18.27.20/megaco_codec_prev3a_test.init_per_group.346624.108.html"></testcase><testcase group="codec.codec.text.flex_pretty.tickets.flex_compact_tickets.text.flex_pretty.tickets.flex_compact_tickets.text.flex_pretty.binary.ber" name="ber_test_msgs" time="1.147852" timestamp="2012-11-19T18:37:04" log="/home/karl/tmp/otp_tests/logs/megaco_test_logs/ct_run.ct@devbox.2012-11-19_18.26.56/tests.megaco_test.logs/run.2012-11-19_18.27.20/megaco_codec_prev3a_test.ber_test_msgs.html"></testcase><testcase group="codec.codec.text.flex_pretty.tickets.flex_compact_tickets.text.flex_pretty.tickets.flex_compact_tickets.text.flex_pretty.binary.ber" name="end_per_group" time="0.008515" timestamp="2012-11-19T18:37:05" log="/home/karl/tmp/otp_tests/logs/megaco_test_logs/ct_run.ct@devbox.2012-11-19_18.26.56/tests.megaco_test.logs/run.2012-11-19_18.27.20/megaco_codec_prev3a_test.end_per_group.346625.327.html"></testcase><testcase group="codec.codec.text.flex_pretty.tickets.flex_compact_tickets.text.flex_pretty.tickets.flex_compact_tickets.text.flex_pretty.binary.ber_bin" name="init_per_group" time="0.005396" timestamp="2012-11-19T18:37:05" log="/home/karl/tmp/otp_tests/logs/megaco_test_logs/ct_run.ct@devbox.2012-11-19_18.26.56/tests.megaco_test.logs/run.2012-11-19_18.27.20/megaco_codec_prev3a_test.init_per_group.346625.371.html"></testcase><testcase group="codec.codec.text.flex_pretty.tickets.flex_compact_tickets.text.flex_pretty.tickets.flex_compact_tickets.text.flex_pretty.binary.ber_bin" name="ber_bin_test_msgs" time="1.107125" timestamp="2012-11-19T18:37:05" log="/home/karl/tmp/otp_tests/logs/megaco_test_logs/ct_run.ct@devbox.2012-11-19_18.26.56/tests.megaco_test.logs/run.2012-11-19_18.27.20/megaco_codec_prev3a_test.ber_bin_test_msgs.html"></testcase><testcase group="codec.codec.text.flex_pretty.tickets.flex_compact_tickets.text.flex_pretty.tickets.flex_compact_tickets.text.flex_pretty.binary.ber_bin" name="end_per_group" time="0.007650" timestamp="2012-11-19T18:37:06" log="/home/karl/tmp/otp_tests/logs/megaco_test_logs/ct_run.ct@devbox.2012-11-19_18.26.56/tests.megaco_test.logs/run.2012-11-19_18.27.20/megaco_codec_prev3a_test.end_per_group.346626.546.html"></testcase><testcase group="codec.codec.text.flex_pretty.tickets.flex_compact_tickets.text.flex_pretty.tickets.flex_compact_tickets.text.flex_pretty.binary.per" name="init_per_group" time="0.007672" timestamp="2012-11-19T18:37:06" log="/home/karl/tmp/otp_tests/logs/megaco_test_logs/ct_run.ct@devbox.2012-11-19_18.26.56/tests.megaco_test.logs/run.2012-11-19_18.27.20/megaco_codec_prev3a_test.init_per_group.346626.585.html"></testcase><testcase group="codec.codec.text.flex_pretty.tickets.flex_compact_tickets.text.flex_pretty.tickets.flex_compact_tickets.text.flex_pretty.binary.per" name="per_test_msgs" time="1.120730" timestamp="2012-11-19T18:37:06" log="/home/karl/tmp/otp_tests/logs/megaco_test_logs/ct_run.ct@devbox.2012-11-19_18.26.56/tests.megaco_test.logs/run.2012-11-19_18.27.20/megaco_codec_prev3a_test.per_test_msgs.html"></testcase><testcase group="codec.codec.text.flex_pretty.tickets.flex_compact_tickets.text.flex_pretty.tickets.flex_compact_tickets.text.flex_pretty.binary.per" name="end_per_group" time="0.007991" timestamp="2012-11-19T18:37:07" log="/home/karl/tmp/otp_tests/logs/megaco_test_logs/ct_run.ct@devbox.2012-11-19_18.26.56/tests.megaco_test.logs/run.2012-11-19_18.27.20/megaco_codec_prev3a_test.end_per_group.346627.779.html"></testcase><testcase group="codec.codec.text.flex_pretty.tickets.flex_compact_tickets.text.flex_pretty.tickets.flex_compact_tickets.text.flex_pretty.binary.per_bin" name="init_per_group" time="0.006445" timestamp="2012-11-19T18:37:07" log="/home/karl/tmp/otp_tests/logs/megaco_test_logs/ct_run.ct@devbox.2012-11-19_18.26.56/tests.megaco_test.logs/run.2012-11-19_18.27.20/megaco_codec_prev3a_test.init_per_group.346627.819.html"></testcase><testcase group="codec.codec.text.flex_pretty.tickets.flex_compact_tickets.text.flex_pretty.tickets.flex_compact_tickets.text.flex_pretty.binary.per_bin" name="per_bin_test_msgs" time="1.121379" timestamp="2012-11-19T18:37:07" log="/home/karl/tmp/otp_tests/logs/megaco_test_logs/ct_run.ct@devbox.2012-11-19_18.26.56/tests.megaco_test.logs/run.2012-11-19_18.27.20/megaco_codec_prev3a_test.per_bin_test_msgs.html"></testcase><testcase group="codec.codec.text.flex_pretty.tickets.flex_compact_tickets.text.flex_pretty.tickets.flex_compact_tickets.text.flex_pretty.binary.per_bin" name="end_per_group" time="0.007951" timestamp="2012-11-19T18:37:09" log="/home/karl/tmp/otp_tests/logs/megaco_test_logs/ct_run.ct@devbox.2012-11-19_18.26.56/tests.megaco_test.logs/run.2012-11-19_18.27.20/megaco_codec_prev3a_test.end_per_group.346629.11.html"></testcase><testcase group="codec.codec.text.flex_pretty.tickets.flex_compact_tickets.text.flex_pretty.tickets.flex_compact_tickets.text.flex_pretty.binary" name="end_per_group" time="0.016515" timestamp="2012-11-19T18:37:09" log="/home/karl/tmp/otp_tests/logs/megaco_test_logs/ct_run.ct@devbox.2012-11-19_18.26.56/tests.megaco_test.logs/run.2012-11-19_18.27.20/megaco_codec_prev3a_test.end_per_group.346629.50.html"></testcase><testcase group="codec.codec.text.flex_pretty.tickets.flex_compact_tickets.text.flex_pretty.tickets.flex_compact_tickets.text.flex_pretty.erl_dist" name="init_per_group" time="0.007949" timestamp="2012-11-19T18:37:09" log="/home/karl/tmp/otp_tests/logs/megaco_test_logs/ct_run.ct@devbox.2012-11-19_18.26.56/tests.megaco_test.logs/run.2012-11-19_18.27.20/megaco_codec_prev3a_test.init_per_group.346629.100.html"></testcase><testcase group="codec.codec.text.flex_pretty.tickets.flex_compact_tickets.text.flex_pretty.tickets.flex_compact_tickets.text.flex_pretty.erl_dist.erl_dist_m" name="init_per_group" time="0.005963" timestamp="2012-11-19T18:37:09" log="/home/karl/tmp/otp_tests/logs/megaco_test_logs/ct_run.ct@devbox.2012-11-19_18.26.56/tests.megaco_test.logs/run.2012-11-19_18.27.20/megaco_codec_prev3a_test.init_per_group.346629.140.html"></testcase><testcase group="codec.codec.text.flex_pretty.tickets.flex_compact_tickets.text.flex_pretty.tickets.flex_compact_tickets.text.flex_pretty.erl_dist.erl_dist_m" name="erl_dist_m_test_msgs" time="1.065421" timestamp="2012-11-19T18:37:09" log="/home/karl/tmp/otp_tests/logs/megaco_test_logs/ct_run.ct@devbox.2012-11-19_18.26.56/tests.megaco_test.logs/run.2012-11-19_18.27.20/megaco_codec_prev3a_test.erl_dist_m_test_msgs.html"></testcase><testcase group="codec.codec.text.flex_pretty.tickets.flex_compact_tickets.text.flex_pretty.tickets.flex_compact_tickets.text.flex_pretty.erl_dist.erl_dist_m" name="end_per_group" time="0.006776" timestamp="2012-11-19T18:37:10" log="/home/karl/tmp/otp_tests/logs/megaco_test_logs/ct_run.ct@devbox.2012-11-19_18.26.56/tests.megaco_test.logs/run.2012-11-19_18.27.20/megaco_codec_prev3a_test.end_per_group.346630.276.html"></testcase><testcase group="codec.codec.text.flex_pretty.tickets.flex_compact_tickets.text.flex_pretty.tickets.flex_compact_tickets.text.flex_pretty.erl_dist" name="end_per_group" time="0.006775" timestamp="2012-11-19T18:37:10" log="/home/karl/tmp/otp_tests/logs/megaco_test_logs/ct_run.ct@devbox.2012-11-19_18.26.56/tests.megaco_test.logs/run.2012-11-19_18.27.20/megaco_codec_prev3a_test.end_per_group.346630.316.html"></testcase><testcase group="codec.codec.text.flex_pretty.tickets.flex_compact_tickets.text.flex_pretty.tickets.flex_compact_tickets.text.flex_pretty.tickets" name="init_per_group" time="0.006300" timestamp="2012-11-19T18:37:10" log="/home/karl/tmp/otp_tests/logs/megaco_test_logs/ct_run.ct@devbox.2012-11-19_18.26.56/tests.megaco_test.logs/run.2012-11-19_18.27.20/megaco_codec_prev3a_test.init_per_group.346630.355.html"></testcase><testcase group="codec.codec.text.flex_pretty.tickets.flex_compact_tickets.text.flex_pretty.tickets.flex_compact_tickets.text.flex_pretty.tickets.compact_tickets" name="init_per_group" time="0.006495" timestamp="2012-11-19T18:37:10" log="/home/karl/tmp/otp_tests/logs/megaco_test_logs/ct_run.ct@devbox.2012-11-19_18.26.56/tests.megaco_test.logs/run.2012-11-19_18.27.20/megaco_codec_prev3a_test.init_per_group.346630.392.html"></testcase><testcase group="codec.codec.text.flex_pretty.tickets.flex_compact_tickets.text.flex_pretty.tickets.flex_compact_tickets.text.flex_pretty.tickets.compact_tickets" name="compact_otp4011_msg1" time="1.013761" timestamp="2012-11-19T18:37:10" log="/home/karl/tmp/otp_tests/logs/megaco_test_logs/ct_run.ct@devbox.2012-11-19_18.26.56/tests.megaco_test.logs/run.2012-11-19_18.27.20/megaco_codec_prev3a_test.compact_otp4011_msg1.html"></testcase><testcase group="codec.codec.text.flex_pretty.tickets.flex_compact_tickets.text.flex_pretty.tickets.flex_compact_tickets.text.flex_pretty.tickets.compact_tickets" name="compact_otp4011_msg2" time="1.017136" timestamp="2012-11-19T18:37:11" log="/home/karl/tmp/otp_tests/logs/megaco_test_logs/ct_run.ct@devbox.2012-11-19_18.26.56/tests.megaco_test.logs/run.2012-11-19_18.27.20/megaco_codec_prev3a_test.compact_otp4011_msg2.html"></testcase><testcase group="codec.codec.text.flex_pretty.tickets.flex_compact_tickets.text.flex_pretty.tickets.flex_compact_tickets.text.flex_pretty.tickets.compact_tickets" name="compact_otp4011_msg3" time="1.017079" timestamp="2012-11-19T18:37:12" log="/home/karl/tmp/otp_tests/logs/megaco_test_logs/ct_run.ct@devbox.2012-11-19_18.26.56/tests.megaco_test.logs/run.2012-11-19_18.27.20/megaco_codec_prev3a_test.compact_otp4011_msg3.html"></testcase><testcase group="codec.codec.text.flex_pretty.tickets.flex_compact_tickets.text.flex_pretty.tickets.flex_compact_tickets.text.flex_pretty.tickets.compact_tickets" name="compact_otp4013_msg1" time="1.017995" timestamp="2012-11-19T18:37:13" log="/home/karl/tmp/otp_tests/logs/megaco_test_logs/ct_run.ct@devbox.2012-11-19_18.26.56/tests.megaco_test.logs/run.2012-11-19_18.27.20/megaco_codec_prev3a_test.compact_otp4013_msg1.html"></testcase><testcase group="codec.codec.text.flex_pretty.tickets.flex_compact_tickets.text.flex_pretty.tickets.flex_compact_tickets.text.flex_pretty.tickets.compact_tickets" name="compact_otp4085_msg1" time="1.016108" timestamp="2012-11-19T18:37:14" log="/home/karl/tmp/otp_tests/logs/megaco_test_logs/ct_run.ct@devbox.2012-11-19_18.26.56/tests.megaco_test.logs/run.2012-11-19_18.27.20/megaco_codec_prev3a_test.compact_otp4085_msg1.html"></testcase><testcase group="codec.codec.text.flex_pretty.tickets.flex_compact_tickets.text.flex_pretty.tickets.flex_compact_tickets.text.flex_pretty.tickets.compact_tickets" name="compact_otp4085_msg2" time="1.017024" timestamp="2012-11-19T18:37:15" log="/home/karl/tmp/otp_tests/logs/megaco_test_logs/ct_run.ct@devbox.2012-11-19_18.26.56/tests.megaco_test.logs/run.2012-11-19_18.27.20/megaco_codec_prev3a_test.compact_otp4085_msg2.html"></testcase><testcase group="codec.codec.text.flex_pretty.tickets.flex_compact_tickets.text.flex_pretty.tickets.flex_compact_tickets.text.flex_pretty.tickets.compact_tickets" name="compact_otp4280_msg1" time="1.016813" timestamp="2012-11-19T18:37:16" log="/home/karl/tmp/otp_tests/logs/megaco_test_logs/ct_run.ct@devbox.2012-11-19_18.26.56/tests.megaco_test.logs/run.2012-11-19_18.27.20/megaco_codec_prev3a_test.compact_otp4280_msg1.html"></testcase><testcase group="codec.codec.text.flex_pretty.tickets.flex_compact_tickets.text.flex_pretty.tickets.flex_compact_tickets.text.flex_pretty.tickets.compact_tickets" name="compact_otp4299_msg1" time="1.017964" timestamp="2012-11-19T18:37:17" log="/home/karl/tmp/otp_tests/logs/megaco_test_logs/ct_run.ct@devbox.2012-11-19_18.26.56/tests.megaco_test.logs/run.2012-11-19_18.27.20/megaco_codec_prev3a_test.compact_otp4299_msg1.html"></testcase><testcase group="codec.codec.text.flex_pretty.tickets.flex_compact_tickets.text.flex_pretty.tickets.flex_compact_tickets.text.flex_pretty.tickets.compact_tickets" name="compact_otp4299_msg2" time="1.025809" timestamp="2012-11-19T18:37:18" log="/home/karl/tmp/otp_tests/logs/megaco_test_logs/ct_run.ct@devbox.2012-11-19_18.26.56/tests.megaco_test.logs/run.2012-11-19_18.27.20/megaco_codec_prev3a_test.compact_otp4299_msg2.html"><skipped type="skip" message="Test compact_otp4299_msg2 in megaco_codec_prev3a_test skipped!">{tc_user_skip,{skipped,&quot;failed_loading_flex_scanner_driver: cannot open shared object file: No such file or directory&quot;}}</skipped></testcase><testcase group="codec.codec.text.flex_pretty.tickets.flex_compact_tickets.text.flex_pretty.tickets.flex_compact_tickets.text.flex_pretty.tickets.compact_tickets" name="compact_otp4359_msg1" time="1.035275" timestamp="2012-11-19T18:37:20" log="/home/karl/tmp/otp_tests/logs/megaco_test_logs/ct_run.ct@devbox.2012-11-19_18.26.56/tests.megaco_test.logs/run.2012-11-19_18.27.20/megaco_codec_prev3a_test.compact_otp4359_msg1.html"></testcase><testcase group="codec.codec.text.flex_pretty.tickets.flex_compact_tickets.text.flex_pretty.tickets.flex_compact_tickets.text.flex_pretty.tickets.compact_tickets" name="compact_otp4920_msg0" time="1.014730" timestamp="2012-11-19T18:37:21" log="/home/karl/tmp/otp_tests/logs/megaco_test_logs/ct_run.ct@devbox.2012-11-19_18.26.56/tests.megaco_test.logs/run.2012-11-19_18.27.20/megaco_codec_prev3a_test.compact_otp4920_msg0.html"></testcase><testcase group="codec.codec.text.flex_pretty.tickets.flex_compact_tickets.text.flex_pretty.tickets.flex_compact_tickets.text.flex_pretty.tickets.compact_tickets" name="compact_otp4920_msg1" time="1.024210" timestamp="2012-11-19T18:37:22" log="/home/karl/tmp/otp_tests/logs/megaco_test_logs/ct_run.ct@devbox.2012-11-19_18.26.56/tests.megaco_test.logs/run.2012-11-19_18.27.20/megaco_codec_prev3a_test.compact_otp4920_msg1.html"></testcase><testcase group="codec.codec.text.flex_pretty.tickets.flex_compact_tickets.text.flex_pretty.tickets.flex_compact_tickets.text.flex_pretty.tickets.compact_tickets" name="compact_otp4920_msg2" time="1.018291" timestamp="2012-11-19T18:37:23" log="/home/karl/tmp/otp_tests/logs/megaco_test_logs/ct_run.ct@devbox.2012-11-19_18.26.56/tests.megaco_test.logs/run.2012-11-19_18.27.20/megaco_codec_prev3a_test.compact_otp4920_msg2.html"></testcase><testcase group="codec.codec.text.flex_pretty.tickets.flex_compact_tickets.text.flex_pretty.tickets.flex_compact_tickets.text.flex_pretty.tickets.compact_tickets" name="compact_otp4920_msg3" time="1.016468" timestamp="2012-11-19T18:37:24" log="/home/karl/tmp/otp_tests/logs/megaco_test_logs/ct_run.ct@devbox.2012-11-19_18.26.56/tests.megaco_test.logs/run.2012-11-19_18.27.20/megaco_codec_prev3a_test.compact_otp4920_msg3.html"></testcase><testcase group="codec.codec.text.flex_pretty.tickets.flex_compact_tickets.text.flex_pretty.tickets.flex_compact_tickets.text.flex_pretty.tickets.compact_tickets" name="compact_otp4920_msg4" time="1.013914" timestamp="2012-11-19T18:37:25" log="/home/karl/tmp/otp_tests/logs/megaco_test_logs/ct_run.ct@devbox.2012-11-19_18.26.56/tests.megaco_test.logs/run.2012-11-19_18.27.20/megaco_codec_prev3a_test.compact_otp4920_msg4.html"></testcase><testcase group="codec.codec.text.flex_pretty.tickets.flex_compact_tickets.text.flex_pretty.tickets.flex_compact_tickets.text.flex_pretty.tickets.compact_tickets" name="compact_otp4920_msg5" time="1.025794" timestamp="2012-11-19T18:37:26" log="/home/karl/tmp/otp_tests/logs/megaco_test_logs/ct_run.ct@devbox.2012-11-19_18.26.56/tests.megaco_test.logs/run.2012-11-19_18.27.20/megaco_codec_prev3a_test.compact_otp4920_msg5.html"></testcase><testcase group="codec.codec.text.flex_pretty.tickets.flex_compact_tickets.text.flex_pretty.tickets.flex_compact_tickets.text.flex_pretty.tickets.compact_tickets" name="compact_otp4920_msg6" time="1.023919" timestamp="2012-11-19T18:37:27" log="/home/karl/tmp/otp_tests/logs/megaco_test_logs/ct_run.ct@devbox.2012-11-19_18.26.56/tests.megaco_test.logs/run.2012-11-19_18.27.20/megaco_codec_prev3a_test.compact_otp4920_msg6.html"></testcase><testcase group="codec.codec.text.flex_pretty.tickets.flex_compact_tickets.text.flex_pretty.tickets.flex_compact_tickets.text.flex_pretty.tickets.compact_tickets" name="compact_otp4920_msg7" time="1.023103" timestamp="2012-11-19T18:37:28" log="/home/karl/tmp/otp_tests/logs/megaco_test_logs/ct_run.ct@devbox.2012-11-19_18.26.56/tests.megaco_test.logs/run.2012-11-19_18.27.20/megaco_codec_prev3a_test.compact_otp4920_msg7.html"></testcase><testcase group="codec.codec.text.flex_pretty.tickets.flex_compact_tickets.text.flex_pretty.tickets.flex_compact_tickets.text.flex_pretty.tickets.compact_tickets" name="compact_otp4920_msg8" time="1.040848" timestamp="2012-11-19T18:37:29" log="/home/karl/tmp/otp_tests/logs/megaco_test_logs/ct_run.ct@devbox.2012-11-19_18.26.56/tests.megaco_test.logs/run.2012-11-19_18.27.20/megaco_codec_prev3a_test.compact_otp4920_msg8.html"></testcase><testcase group="codec.codec.text.flex_pretty.tickets.flex_compact_tickets.text.flex_pretty.tickets.flex_compact_tickets.text.flex_pretty.tickets.compact_tickets" name="compact_otp4920_msg9" time="1.021242" timestamp="2012-11-19T18:37:30" log="/home/karl/tmp/otp_tests/logs/megaco_test_logs/ct_run.ct@devbox.2012-11-19_18.26.56/tests.megaco_test.logs/run.2012-11-19_18.27.20/megaco_codec_prev3a_test.compact_otp4920_msg9.html"></testcase><testcase group="codec.codec.text.flex_pretty.tickets.flex_compact_tickets.text.flex_pretty.tickets.flex_compact_tickets.text.flex_pretty.tickets.compact_tickets" name="compact_otp4920_msg10" time="1.021601" timestamp="2012-11-19T18:37:31" log="/home/karl/tmp/otp_tests/logs/megaco_test_logs/ct_run.ct@devbox.2012-11-19_18.26.56/tests.megaco_test.logs/run.2012-11-19_18.27.20/megaco_codec_prev3a_test.compact_otp4920_msg10.html"></testcase><testcase group="codec.codec.text.flex_pretty.tickets.flex_compact_tickets.text.flex_pretty.tickets.flex_compact_tickets.text.flex_pretty.tickets.compact_tickets" name="compact_otp4920_msg11" time="1.031697" timestamp="2012-11-19T18:37:32" log="/home/karl/tmp/otp_tests/logs/megaco_test_logs/ct_run.ct@devbox.2012-11-19_18.26.56/tests.megaco_test.logs/run.2012-11-19_18.27.20/megaco_codec_prev3a_test.compact_otp4920_msg11.html"></testcase><testcase group="codec.codec.text.flex_pretty.tickets.flex_compact_tickets.text.flex_pretty.tickets.flex_compact_tickets.text.flex_pretty.tickets.compact_tickets" name="compact_otp4920_msg12" time="1.020249" timestamp="2012-11-19T18:37:33" log="/home/karl/tmp/otp_tests/logs/megaco_test_logs/ct_run.ct@devbox.2012-11-19_18.26.56/tests.megaco_test.logs/run.2012-11-19_18.27.20/megaco_codec_prev3a_test.compact_otp4920_msg12.html"></testcase><testcase group="codec.codec.text.flex_pretty.tickets.flex_compact_tickets.text.flex_pretty.tickets.flex_compact_tickets.text.flex_pretty.tickets.compact_tickets" name="compact_otp4920_msg20" time="1.033992" timestamp="2012-11-19T18:37:34" log="/home/karl/tmp/otp_tests/logs/megaco_test_logs/ct_run.ct@devbox.2012-11-19_18.26.56/tests.megaco_test.logs/run.2012-11-19_18.27.20/megaco_codec_prev3a_test.compact_otp4920_msg20.html"></testcase><testcase group="codec.codec.text.flex_pretty.tickets.flex_compact_tickets.text.flex_pretty.tickets.flex_compact_tickets.text.flex_pretty.tickets.compact_tickets" name="compact_otp4920_msg21" time="1.031863" timestamp="2012-11-19T18:37:36" log="/home/karl/tmp/otp_tests/logs/megaco_test_logs/ct_run.ct@devbox.2012-11-19_18.26.56/tests.megaco_test.logs/run.2012-11-19_18.27.20/megaco_codec_prev3a_test.compact_otp4920_msg21.html"></testcase><testcase group="codec.codec.text.flex_pretty.tickets.flex_compact_tickets.text.flex_pretty.tickets.flex_compact_tickets.text.flex_pretty.tickets.compact_tickets" name="compact_otp4920_msg22" time="1.020068" timestamp="2012-11-19T18:37:37" log="/home/karl/tmp/otp_tests/logs/megaco_test_logs/ct_run.ct@devbox.2012-11-19_18.26.56/tests.megaco_test.logs/run.2012-11-19_18.27.20/megaco_codec_prev3a_test.compact_otp4920_msg22.html"></testcase><testcase group="codec.codec.text.flex_pretty.tickets.flex_compact_tickets.text.flex_pretty.tickets.flex_compact_tickets.text.flex_pretty.tickets.compact_tickets" name="compact_otp4920_msg23" time="1.024071" timestamp="2012-11-19T18:37:38" log="/home/karl/tmp/otp_tests/logs/megaco_test_logs/ct_run.ct@devbox.2012-11-19_18.26.56/tests.megaco_test.logs/run.2012-11-19_18.27.20/megaco_codec_prev3a_test.compact_otp4920_msg23.html"></testcase><testcase group="codec.codec.text.flex_pretty.tickets.flex_compact_tickets.text.flex_pretty.tickets.flex_compact_tickets.text.flex_pretty.tickets.compact_tickets" name="compact_otp4920_msg24" time="1.030722" timestamp="2012-11-19T18:37:39" log="/home/karl/tmp/otp_tests/logs/megaco_test_logs/ct_run.ct@devbox.2012-11-19_18.26.56/tests.megaco_test.logs/run.2012-11-19_18.27.20/megaco_codec_prev3a_test.compact_otp4920_msg24.html"></testcase><testcase group="codec.codec.text.flex_pretty.tickets.flex_compact_tickets.text.flex_pretty.tickets.flex_compact_tickets.text.flex_pretty.tickets.compact_tickets" name="compact_otp4920_msg25" time="1.019372" timestamp="2012-11-19T18:37:40" log="/home/karl/tmp/otp_tests/logs/megaco_test_logs/ct_run.ct@devbox.2012-11-19_18.26.56/tests.megaco_test.logs/run.2012-11-19_18.27.20/megaco_codec_prev3a_test.compact_otp4920_msg25.html"></testcase><testcase group="codec.codec.text.flex_pretty.tickets.flex_compact_tickets.text.flex_pretty.tickets.flex_compact_tickets.text.flex_pretty.tickets.compact_tickets" name="compact_otp5186_msg01" time="1.023129" timestamp="2012-11-19T18:37:41" log="/home/karl/tmp/otp_tests/logs/megaco_test_logs/ct_run.ct@devbox.2012-11-19_18.26.56/tests.megaco_test.logs/run.2012-11-19_18.27.20/megaco_codec_prev3a_test.compact_otp5186_msg01.html"></testcase><testcase group="codec.codec.text.flex_pretty.tickets.flex_compact_tickets.text.flex_pretty.tickets.flex_compact_tickets.text.flex_pretty.tickets.compact_tickets" name="compact_otp5186_msg02" time="1.027095" timestamp="2012-11-19T18:37:42" log="/home/karl/tmp/otp_tests/logs/megaco_test_logs/ct_run.ct@devbox.2012-11-19_18.26.56/tests.megaco_test.logs/run.2012-11-19_18.27.20/megaco_codec_prev3a_test.compact_otp5186_msg02.html"></testcase><testcase group="codec.codec.text.flex_pretty.tickets.flex_compact_tickets.text.flex_pretty.tickets.flex_compact_tickets.text.flex_pretty.tickets.compact_tickets" name="compact_otp5186_msg03" time="1.023180" timestamp="2012-11-19T18:37:43" log="/home/karl/tmp/otp_tests/logs/megaco_test_logs/ct_run.ct@devbox.2012-11-19_18.26.56/tests.megaco_test.logs/run.2012-11-19_18.27.20/megaco_codec_prev3a_test.compact_otp5186_msg03.html"></testcase><testcase group="codec.codec.text.flex_pretty.tickets.flex_compact_tickets.text.flex_pretty.tickets.flex_compact_tickets.text.flex_pretty.tickets.compact_tickets" name="compact_otp5186_msg04" time="1.014337" timestamp="2012-11-19T18:37:44" log="/home/karl/tmp/otp_tests/logs/megaco_test_logs/ct_run.ct@devbox.2012-11-19_18.26.56/tests.megaco_test.logs/run.2012-11-19_18.27.20/megaco_codec_prev3a_test.compact_otp5186_msg04.html"></testcase><testcase group="codec.codec.text.flex_pretty.tickets.flex_compact_tickets.text.flex_pretty.tickets.flex_compact_tickets.text.flex_pretty.tickets.compact_tickets" name="compact_otp5186_msg05" time="1.023092" timestamp="2012-11-19T18:37:45" log="/home/karl/tmp/otp_tests/logs/megaco_test_logs/ct_run.ct@devbox.2012-11-19_18.26.56/tests.megaco_test.logs/run.2012-11-19_18.27.20/megaco_codec_prev3a_test.compact_otp5186_msg05.html"></testcase><testcase group="codec.codec.text.flex_pretty.tickets.flex_compact_tickets.text.flex_pretty.tickets.flex_compact_tickets.text.flex_pretty.tickets.compact_tickets" name="compact_otp5186_msg06" time="1.021486" timestamp="2012-11-19T18:37:46" log="/home/karl/tmp/otp_tests/logs/megaco_test_logs/ct_run.ct@devbox.2012-11-19_18.26.56/tests.megaco_test.logs/run.2012-11-19_18.27.20/megaco_codec_prev3a_test.compact_otp5186_msg06.html"></testcase><testcase group="codec.codec.text.flex_pretty.tickets.flex_compact_tickets.text.flex_pretty.tickets.flex_compact_tickets.text.flex_pretty.tickets.compact_tickets" name="compact_otp5793_msg01" time="1.022399" timestamp="2012-11-19T18:37:47" log="/home/karl/tmp/otp_tests/logs/megaco_test_logs/ct_run.ct@devbox.2012-11-19_18.26.56/tests.megaco_test.logs/run.2012-11-19_18.27.20/megaco_codec_prev3a_test.compact_otp5793_msg01.html"></testcase><testcase group="codec.codec.text.flex_pretty.tickets.flex_compact_tickets.text.flex_pretty.tickets.flex_compact_tickets.text.flex_pretty.tickets.compact_tickets" name="compact_otp5993_msg01" time="1.028941" timestamp="2012-11-19T18:37:48" log="/home/karl/tmp/otp_tests/logs/megaco_test_logs/ct_run.ct@devbox.2012-11-19_18.26.56/tests.megaco_test.logs/run.2012-11-19_18.27.20/megaco_codec_prev3a_test.compact_otp5993_msg01.html"></testcase><testcase group="codec.codec.text.flex_pretty.tickets.flex_compact_tickets.text.flex_pretty.tickets.flex_compact_tickets.text.flex_pretty.tickets.compact_tickets" name="compact_otp5993_msg02" time="1.023415" timestamp="2012-11-19T18:37:49" log="/home/karl/tmp/otp_tests/logs/megaco_test_logs/ct_run.ct@devbox.2012-11-19_18.26.56/tests.megaco_test.logs/run.2012-11-19_18.27.20/megaco_codec_prev3a_test.compact_otp5993_msg02.html"></testcase><testcase group="codec.codec.text.flex_pretty.tickets.flex_compact_tickets.text.flex_pretty.tickets.flex_compact_tickets.text.flex_pretty.tickets.compact_tickets" name="compact_otp5993_msg03" time="1.024450" timestamp="2012-11-19T18:37:51" log="/home/karl/tmp/otp_tests/logs/megaco_test_logs/ct_run.ct@devbox.2012-11-19_18.26.56/tests.megaco_test.logs/run.2012-11-19_18.27.20/megaco_codec_prev3a_test.compact_otp5993_msg03.html"></testcase><testcase group="codec.codec.text.flex_pretty.tickets.flex_compact_tickets.text.flex_pretty.tickets.flex_compact_tickets.text.flex_pretty.tickets.compact_tickets" name="compact_otp6017_msg01" time="1.027363" timestamp="2012-11-19T18:37:52" log="/home/karl/tmp/otp_tests/logs/megaco_test_logs/ct_run.ct@devbox.2012-11-19_18.26.56/tests.megaco_test.logs/run.2012-11-19_18.27.20/megaco_codec_prev3a_test.compact_otp6017_msg01.html"></testcase><testcase group="codec.codec.text.flex_pretty.tickets.flex_compact_tickets.text.flex_pretty.tickets.flex_compact_tickets.text.flex_pretty.tickets.compact_tickets" name="compact_otp6017_msg02" time="1.021750" timestamp="2012-11-19T18:37:53" log="/home/karl/tmp/otp_tests/logs/megaco_test_logs/ct_run.ct@devbox.2012-11-19_18.26.56/tests.megaco_test.logs/run.2012-11-19_18.27.20/megaco_codec_prev3a_test.compact_otp6017_msg02.html"></testcase><testcase group="codec.codec.text.flex_pretty.tickets.flex_compact_tickets.text.flex_pretty.tickets.flex_compact_tickets.text.flex_pretty.tickets.compact_tickets" name="compact_otp6017_msg03" time="1.024254" timestamp="2012-11-19T18:37:54" log="/home/karl/tmp/otp_tests/logs/megaco_test_logs/ct_run.ct@devbox.2012-11-19_18.26.56/tests.megaco_test.logs/run.2012-11-19_18.27.20/megaco_codec_prev3a_test.compact_otp6017_msg03.html"></testcase><testcase group="codec.codec.text.flex_pretty.tickets.flex_compact_tickets.text.flex_pretty.tickets.flex_compact_tickets.text.flex_pretty.tickets.compact_tickets" name="end_per_group" time="0.012522" timestamp="2012-11-19T18:37:55" log="/home/karl/tmp/otp_tests/logs/megaco_test_logs/ct_run.ct@devbox.2012-11-19_18.26.56/tests.megaco_test.logs/run.2012-11-19_18.27.20/megaco_codec_prev3a_test.end_per_group.346675.275.html"></testcase><testcase group="codec.codec.text.flex_pretty.tickets.flex_compact_tickets.text.flex_pretty.tickets.flex_compact_tickets.text.flex_pretty.tickets.flex_compact_tickets" name="init_per_group" time="0.017135" timestamp="2012-11-19T18:37:55" log="/home/karl/tmp/otp_tests/logs/megaco_test_logs/ct_run.ct@devbox.2012-11-19_18.26.56/tests.megaco_test.logs/run.2012-11-19_18.27.20/megaco_codec_prev3a_test.init_per_group.346675.324.html"><skipped type="skip" message="Test init_per_group in megaco_codec_prev3a_test skipped!">{tc_user_skip,{skipped,&quot;failed_loading_flex_scanner_driver: cannot open shared object file: No such file or directory&quot;}}</skipped></testcase><testcase group="codec.codec.text.flex_pretty.tickets.flex_compact_tickets.text.flex_pretty.tickets.flex_compact_tickets.text.flex_pretty.tickets.flex_compact_tickets" name="flex_compact_otp7431_msg01" time="0.000068" timestamp="2012-11-19T18:37:55" log=""><skipped type="skip" message="Test flex_compact_otp7431_msg01 in megaco_codec_prev3a_test skipped!">{tc_auto_skip,
    {failed,
        {megaco_codec_prev3a_test,init_per_group,
            {&apos;EXIT&apos;,
                {skipped,
                    &quot;failed_loading_flex_scanner_driver: cannot open shared object file: No such file or directory&quot;}}}}}</skipped></testcase><testcase group="codec.codec.text.flex_pretty.tickets.flex_compact_tickets.text.flex_pretty.tickets.flex_compact_tickets.text.flex_pretty.tickets.flex_compact_tickets" name="flex_compact_otp7431_msg02" time="0.000026" timestamp="2012-11-19T18:37:55" log=""><skipped type="skip" message="Test flex_compact_otp7431_msg02 in megaco_codec_prev3a_test skipped!">{tc_auto_skip,
    {failed,
        {megaco_codec_prev3a_test,init_per_group,
            {&apos;EXIT&apos;,
                {skipped,
                    &quot;failed_loading_flex_scanner_driver: cannot open shared object file: No such file or directory&quot;}}}}}</skipped></testcase><testcase group="codec.codec.text.flex_pretty.tickets.flex_compact_tickets.text.flex_pretty.tickets.flex_compact_tickets.text.flex_pretty.tickets.flex_compact_tickets" name="flex_compact_otp7431_msg03" time="0.000016" timestamp="2012-11-19T18:37:55" log=""><skipped type="skip" message="Test flex_compact_otp7431_msg03 in megaco_codec_prev3a_test skipped!">{tc_auto_skip,
    {failed,
        {megaco_codec_prev3a_test,init_per_group,
            {&apos;EXIT&apos;,
                {skipped,
                    &quot;failed_loading_flex_scanner_driver: cannot open shared object file: No such file or directory&quot;}}}}}</skipped></testcase><testcase group="codec.codec.text.flex_pretty.tickets.flex_compact_tickets.text.flex_pretty.tickets.flex_compact_tickets.text.flex_pretty.tickets.flex_compact_tickets" name="flex_compact_otp7431_msg04" time="0.000016" timestamp="2012-11-19T18:37:55" log=""><skipped type="skip" message="Test flex_compact_otp7431_msg04 in megaco_codec_prev3a_test skipped!">{tc_auto_skip,
    {failed,
        {megaco_codec_prev3a_test,init_per_group,
            {&apos;EXIT&apos;,
                {skipped,
                    &quot;failed_loading_flex_scanner_driver: cannot open shared object file: No such file or directory&quot;}}}}}</skipped></testcase><testcase group="codec.codec.text.flex_pretty.tickets.flex_compact_tickets.text.flex_pretty.tickets.flex_compact_tickets.text.flex_pretty.tickets.flex_compact_tickets" name="flex_compact_otp7431_msg05" time="0.000024" timestamp="2012-11-19T18:37:55" log=""><skipped type="skip" message="Test flex_compact_otp7431_msg05 in megaco_codec_prev3a_test skipped!">{tc_auto_skip,
    {failed,
        {megaco_codec_prev3a_test,init_per_group,
            {&apos;EXIT&apos;,
                {skipped,
                    &quot;failed_loading_flex_scanner_driver: cannot open shared object file: No such file or directory&quot;}}}}}</skipped></testcase><testcase group="codec.codec.text.flex_pretty.tickets.flex_compact_tickets.text.flex_pretty.tickets.flex_compact_tickets.text.flex_pretty.tickets.flex_compact_tickets" name="flex_compact_otp7431_msg06" time="0.000019" timestamp="2012-11-19T18:37:55" log=""><skipped type="skip" message="Test flex_compact_otp7431_msg06 in megaco_codec_prev3a_test skipped!">{tc_auto_skip,
    {failed,
        {megaco_codec_prev3a_test,init_per_group,
            {&apos;EXIT&apos;,
                {skipped,
                    &quot;failed_loading_flex_scanner_driver: cannot open shared object file: No such file or directory&quot;}}}}}</skipped></testcase><testcase group="codec.codec.text.flex_pretty.tickets.flex_compact_tickets.text.flex_pretty.tickets.flex_compact_tickets.text.flex_pretty.tickets.flex_compact_tickets" name="flex_compact_otp7431_msg07" time="0.000031" timestamp="2012-11-19T18:37:55" log=""><skipped type="skip" message="Test flex_compact_otp7431_msg07 in megaco_codec_prev3a_test skipped!">{tc_auto_skip,
    {failed,
        {megaco_codec_prev3a_test,init_per_group,
            {&apos;EXIT&apos;,
                {skipped,
                    &quot;failed_loading_flex_scanner_driver: cannot open shared object file: No such file or directory&quot;}}}}}</skipped></testcase><testcase group="codec.codec.text.flex_pretty.tickets.flex_compact_tickets.text.flex_pretty.tickets.flex_compact_tickets.text.flex_pretty.tickets.flex_compact_tickets" name="end_per_group" time="0.000015" timestamp="2012-11-19T18:37:55" log=""><skipped type="skip" message="Test end_per_group in megaco_codec_prev3a_test skipped!">{tc_auto_skip,
    {failed,
        {megaco_codec_prev3a_test,init_per_group,
            {&apos;EXIT&apos;,
                {skipped,
                    &quot;failed_loading_flex_scanner_driver: cannot open shared object file: No such file or directory&quot;}}}}}</skipped></testcase><testcase group="codec.codec.text.flex_pretty.tickets.flex_compact_tickets.text.flex_pretty.tickets.flex_compact_tickets.text.flex_pretty.tickets.flex_compact_tickets.pretty_tickets" name="init_per_group" time="0.007705" timestamp="2012-11-19T18:37:55" log="/home/karl/tmp/otp_tests/logs/megaco_test_logs/ct_run.ct@devbox.2012-11-19_18.26.56/tests.megaco_test.logs/run.2012-11-19_18.27.20/megaco_codec_prev3a_test.init_per_group.346675.513.html"></testcase><testcase group="codec.codec.text.flex_pretty.tickets.flex_compact_tickets.text.flex_pretty.tickets.flex_compact_tickets.text.flex_pretty.tickets.flex_compact_tickets.pretty_tickets" name="pretty_otp4632_msg1" time="1.020256" timestamp="2012-11-19T18:37:55" log="/home/karl/tmp/otp_tests/logs/megaco_test_logs/ct_run.ct@devbox.2012-11-19_18.26.56/tests.megaco_test.logs/run.2012-11-19_18.27.20/megaco_codec_prev3a_test.pretty_otp4632_msg1.html"></testcase><testcase group="codec.codec.text.flex_pretty.tickets.flex_compact_tickets.text.flex_pretty.tickets.flex_compact_tickets.text.flex_pretty.tickets.flex_compact_tickets.pretty_tickets" name="pretty_otp4632_msg2" time="1.020270" timestamp="2012-11-19T18:37:56" log="/home/karl/tmp/otp_tests/logs/megaco_test_logs/ct_run.ct@devbox.2012-11-19_18.26.56/tests.megaco_test.logs/run.2012-11-19_18.27.20/megaco_codec_prev3a_test.pretty_otp4632_msg2.html"></testcase><testcase group="codec.codec.text.flex_pretty.tickets.flex_compact_tickets.text.flex_pretty.tickets.flex_compact_tickets.text.flex_pretty.tickets.flex_compact_tickets.pretty_tickets" name="pretty_otp4632_msg3" time="1.021892" timestamp="2012-11-19T18:37:57" log="/home/karl/tmp/otp_tests/logs/megaco_test_logs/ct_run.ct@devbox.2012-11-19_18.26.56/tests.megaco_test.logs/run.2012-11-19_18.27.20/megaco_codec_prev3a_test.pretty_otp4632_msg3.html"></testcase><testcase group="codec.codec.text.flex_pretty.tickets.flex_compact_tickets.text.flex_pretty.tickets.flex_compact_tickets.text.flex_pretty.tickets.flex_compact_tickets.pretty_tickets" name="pretty_otp4632_msg4" time="1.024460" timestamp="2012-11-19T18:37:58" log="/home/karl/tmp/otp_tests/logs/megaco_test_logs/ct_run.ct@devbox.2012-11-19_18.26.56/tests.megaco_test.logs/run.2012-11-19_18.27.20/megaco_codec_prev3a_test.pretty_otp4632_msg4.html"></testcase><testcase group="codec.codec.text.flex_pretty.tickets.flex_compact_tickets.text.flex_pretty.tickets.flex_compact_tickets.text.flex_pretty.tickets.flex_compact_tickets.pretty_tickets" name="pretty_otp4710_msg1" time="1.014808" timestamp="2012-11-19T18:37:59" log="/home/karl/tmp/otp_tests/logs/megaco_test_logs/ct_run.ct@devbox.2012-11-19_18.26.56/tests.megaco_test.logs/run.2012-11-19_18.27.20/megaco_codec_prev3a_test.pretty_otp4710_msg1.html"></testcase><testcase group="codec.codec.text.flex_pretty.tickets.flex_compact_tickets.text.flex_pretty.tickets.flex_compact_tickets.text.flex_pretty.tickets.flex_compact_tickets.pretty_tickets" name="pretty_otp4710_msg2" time="1.020524" timestamp="2012-11-19T18:38:00" log="/home/karl/tmp/otp_tests/logs/megaco_test_logs/ct_run.ct@devbox.2012-11-19_18.26.56/tests.megaco_test.logs/run.2012-11-19_18.27.20/megaco_codec_prev3a_test.pretty_otp4710_msg2.html"></testcase><testcase group="codec.codec.text.flex_pretty.tickets.flex_compact_tickets.text.flex_pretty.tickets.flex_compact_tickets.text.flex_pretty.tickets.flex_compact_tickets.pretty_tickets" name="pretty_otp4945_msg1" time="1.027466" timestamp="2012-11-19T18:38:01" log="/home/karl/tmp/otp_tests/logs/megaco_test_logs/ct_run.ct@devbox.2012-11-19_18.26.56/tests.megaco_test.logs/run.2012-11-19_18.27.20/megaco_codec_prev3a_test.pretty_otp4945_msg1.html"></testcase><testcase group="codec.codec.text.flex_pretty.tickets.flex_compact_tickets.text.flex_pretty.tickets.flex_compact_tickets.text.flex_pretty.tickets.flex_compact_tickets.pretty_tickets" name="pretty_otp4945_msg2" time="1.026781" timestamp="2012-11-19T18:38:03" log="/home/karl/tmp/otp_tests/logs/megaco_test_logs/ct_run.ct@devbox.2012-11-19_18.26.56/tests.megaco_test.logs/run.2012-11-19_18.27.20/megaco_codec_prev3a_test.pretty_otp4945_msg2.html"></testcase><testcase group="codec.codec.text.flex_pretty.tickets.flex_compact_tickets.text.flex_pretty.tickets.flex_compact_tickets.text.flex_pretty.tickets.flex_compact_tickets.pretty_tickets" name="pretty_otp4945_msg3" time="1.026477" timestamp="2012-11-19T18:38:04" log="/home/karl/tmp/otp_tests/logs/megaco_test_logs/ct_run.ct@devbox.2012-11-19_18.26.56/tests.megaco_test.logs/run.2012-11-19_18.27.20/megaco_codec_prev3a_test.pretty_otp4945_msg3.html"></testcase><testcase group="codec.codec.text.flex_pretty.tickets.flex_compact_tickets.text.flex_pretty.tickets.flex_compact_tickets.text.flex_pretty.tickets.flex_compact_tickets.pretty_tickets" name="pretty_otp4945_msg4" time="1.033141" timestamp="2012-11-19T18:38:05" log="/home/karl/tmp/otp_tests/logs/megaco_test_logs/ct_run.ct@devbox.2012-11-19_18.26.56/tests.megaco_test.logs/run.2012-11-19_18.27.20/megaco_codec_prev3a_test.pretty_otp4945_msg4.html"></testcase><testcase group="codec.codec.text.flex_pretty.tickets.flex_compact_tickets.text.flex_pretty.tickets.flex_compact_tickets.text.flex_pretty.tickets.flex_compact_tickets.pretty_tickets" name="pretty_otp4945_msg5" time="1.021828" timestamp="2012-11-19T18:38:06" log="/home/karl/tmp/otp_tests/logs/megaco_test_logs/ct_run.ct@devbox.2012-11-19_18.26.56/tests.megaco_test.logs/run.2012-11-19_18.27.20/megaco_codec_prev3a_test.pretty_otp4945_msg5.html"></testcase><testcase group="codec.codec.text.flex_pretty.tickets.flex_compact_tickets.text.flex_pretty.tickets.flex_compact_tickets.text.flex_pretty.tickets.flex_compact_tickets.pretty_tickets" name="pretty_otp4945_msg6" time="1.025987" timestamp="2012-11-19T18:38:07" log="/home/karl/tmp/otp_tests/logs/megaco_test_logs/ct_run.ct@devbox.2012-11-19_18.26.56/tests.megaco_test.logs/run.2012-11-19_18.27.20/megaco_codec_prev3a_test.pretty_otp4945_msg6.html"></testcase><testcase group="codec.codec.text.flex_pretty.tickets.flex_compact_tickets.text.flex_pretty.tickets.flex_compact_tickets.text.flex_pretty.tickets.flex_compact_tickets.pretty_tickets" name="pretty_otp4949_msg1" time="1.031533" timestamp="2012-11-19T18:38:08" log="/home/karl/tmp/otp_tests/logs/megaco_test_logs/ct_run.ct@devbox.2012-11-19_18.26.56/tests.megaco_test.logs/run.2012-11-19_18.27.20/megaco_codec_prev3a_test.pretty_otp4949_msg1.html"></testcase><testcase group="codec.codec.text.flex_pretty.tickets.flex_compact_tickets.text.flex_pretty.tickets.flex_compact_tickets.text.flex_pretty.tickets.flex_compact_tickets.pretty_tickets" name="pretty_otp4949_msg2" time="1.037498" timestamp="2012-11-19T18:38:09" log="/home/karl/tmp/otp_tests/logs/megaco_test_logs/ct_run.ct@devbox.2012-11-19_18.26.56/tests.megaco_test.logs/run.2012-11-19_18.27.20/megaco_codec_prev3a_test.pretty_otp4949_msg2.html"></testcase><testcase group="codec.codec.text.flex_pretty.tickets.flex_compact_tickets.text.flex_pretty.tickets.flex_compact_tickets.text.flex_pretty.tickets.flex_compact_tickets.pretty_tickets" name="pretty_otp4949_msg3" time="1.023145" timestamp="2012-11-19T18:38:10" log="/home/karl/tmp/otp_tests/logs/megaco_test_logs/ct_run.ct@devbox.2012-11-19_18.26.56/tests.megaco_test.logs/run.2012-11-19_18.27.20/megaco_codec_prev3a_test.pretty_otp4949_msg3.html"></testcase><testcase group="codec.codec.text.flex_pretty.tickets.flex_compact_tickets.text.flex_pretty.tickets.flex_compact_tickets.text.flex_pretty.tickets.flex_compact_tickets.pretty_tickets" name="pretty_otp5042_msg1" time="1.026986" timestamp="2012-11-19T18:38:11" log="/home/karl/tmp/otp_tests/logs/megaco_test_logs/ct_run.ct@devbox.2012-11-19_18.26.56/tests.megaco_test.logs/run.2012-11-19_18.27.20/megaco_codec_prev3a_test.pretty_otp5042_msg1.html"></testcase><testcase group="codec.codec.text.flex_pretty.tickets.flex_compact_tickets.text.flex_pretty.tickets.flex_compact_tickets.text.flex_pretty.tickets.flex_compact_tickets.pretty_tickets" name="pretty_otp5068_msg1" time="1.024663" timestamp="2012-11-19T18:38:12" log="/home/karl/tmp/otp_tests/logs/megaco_test_logs/ct_run.ct@devbox.2012-11-19_18.26.56/tests.megaco_test.logs/run.2012-11-19_18.27.20/megaco_codec_prev3a_test.pretty_otp5068_msg1.html"></testcase><testcase group="codec.codec.text.flex_pretty.tickets.flex_compact_tickets.text.flex_pretty.tickets.flex_compact_tickets.text.flex_pretty.tickets.flex_compact_tickets.pretty_tickets" name="pretty_otp5085_msg1" time="1.022707" timestamp="2012-11-19T18:38:13" log="/home/karl/tmp/otp_tests/logs/megaco_test_logs/ct_run.ct@devbox.2012-11-19_18.26.56/tests.megaco_test.logs/run.2012-11-19_18.27.20/megaco_codec_prev3a_test.pretty_otp5085_msg1.html"></testcase><testcase group="codec.codec.text.flex_pretty.tickets.flex_compact_tickets.text.flex_pretty.tickets.flex_compact_tickets.text.flex_pretty.tickets.flex_compact_tickets.pretty_tickets" name="pretty_otp5085_msg2" time="1.031553" timestamp="2012-11-19T18:38:14" log="/home/karl/tmp/otp_tests/logs/megaco_test_logs/ct_run.ct@devbox.2012-11-19_18.26.56/tests.megaco_test.logs/run.2012-11-19_18.27.20/megaco_codec_prev3a_test.pretty_otp5085_msg2.html"></testcase><testcase group="codec.codec.text.flex_pretty.tickets.flex_compact_tickets.text.flex_pretty.tickets.flex_compact_tickets.text.flex_pretty.tickets.flex_compact_tickets.pretty_tickets" name="pretty_otp5085_msg3" time="1.022174" timestamp="2012-11-19T18:38:15" log="/home/karl/tmp/otp_tests/logs/megaco_test_logs/ct_run.ct@devbox.2012-11-19_18.26.56/tests.megaco_test.logs/run.2012-11-19_18.27.20/megaco_codec_prev3a_test.pretty_otp5085_msg3.html"></testcase><testcase group="codec.codec.text.flex_pretty.tickets.flex_compact_tickets.text.flex_pretty.tickets.flex_compact_tickets.text.flex_pretty.tickets.flex_compact_tickets.pretty_tickets" name="pretty_otp5085_msg4" time="1.025715" timestamp="2012-11-19T18:38:16" log="/home/karl/tmp/otp_tests/logs/megaco_test_logs/ct_run.ct@devbox.2012-11-19_18.26.56/tests.megaco_test.logs/run.2012-11-19_18.27.20/megaco_codec_prev3a_test.pretty_otp5085_msg4.html"></testcase><testcase group="codec.codec.text.flex_pretty.tickets.flex_compact_tickets.text.flex_pretty.tickets.flex_compact_tickets.text.flex_pretty.tickets.flex_compact_tickets.pretty_tickets" name="pretty_otp5085_msg5" time="1.027215" timestamp="2012-11-19T18:38:18" log="/home/karl/tmp/otp_tests/logs/megaco_test_logs/ct_run.ct@devbox.2012-11-19_18.26.56/tests.megaco_test.logs/run.2012-11-19_18.27.20/megaco_codec_prev3a_test.pretty_otp5085_msg5.html"></testcase><testcase group="codec.codec.text.flex_pretty.tickets.flex_compact_tickets.text.flex_pretty.tickets.flex_compact_tickets.text.flex_pretty.tickets.flex_compact_tickets.pretty_tickets" name="pretty_otp5085_msg6" time="1.016386" timestamp="2012-11-19T18:38:19" log="/home/karl/tmp/otp_tests/logs/megaco_test_logs/ct_run.ct@devbox.2012-11-19_18.26.56/tests.megaco_test.logs/run.2012-11-19_18.27.20/megaco_codec_prev3a_test.pretty_otp5085_msg6.html"></testcase><testcase group="codec.codec.text.flex_pretty.tickets.flex_compact_tickets.text.flex_pretty.tickets.flex_compact_tickets.text.flex_pretty.tickets.flex_compact_tickets.pretty_tickets" name="pretty_otp5085_msg7" time="1.029449" timestamp="2012-11-19T18:38:20" log="/home/karl/tmp/otp_tests/logs/megaco_test_logs/ct_run.ct@devbox.2012-11-19_18.26.56/tests.megaco_test.logs/run.2012-11-19_18.27.20/megaco_codec_prev3a_test.pretty_otp5085_msg7.html"></testcase><testcase group="codec.codec.text.flex_pretty.tickets.flex_compact_tickets.text.flex_pretty.tickets.flex_compact_tickets.text.flex_pretty.tickets.flex_compact_tickets.pretty_tickets" name="pretty_otp5085_msg8" time="1.033052" timestamp="2012-11-19T18:38:21" log="/home/karl/tmp/otp_tests/logs/megaco_test_logs/ct_run.ct@devbox.2012-11-19_18.26.56/tests.megaco_test.logs/run.2012-11-19_18.27.20/megaco_codec_prev3a_test.pretty_otp5085_msg8.html"></testcase><testcase group="codec.codec.text.flex_pretty.tickets.flex_compact_tickets.text.flex_pretty.tickets.flex_compact_tickets.text.flex_pretty.tickets.flex_compact_tickets.pretty_tickets" name="pretty_otp5600_msg1" time="1.026502" timestamp="2012-11-19T18:38:22" log="/home/karl/tmp/otp_tests/logs/megaco_test_logs/ct_run.ct@devbox.2012-11-19_18.26.56/tests.megaco_test.logs/run.2012-11-19_18.27.20/megaco_codec_prev3a_test.pretty_otp5600_msg1.html"></testcase><testcase group="codec.codec.text.flex_pretty.tickets.flex_compact_tickets.text.flex_pretty.tickets.flex_compact_tickets.text.flex_pretty.tickets.flex_compact_tickets.pretty_tickets" name="pretty_otp5600_msg2" time="1.021558" timestamp="2012-11-19T18:38:23" log="/home/karl/tmp/otp_tests/logs/megaco_test_logs/ct_run.ct@devbox.2012-11-19_18.26.56/tests.megaco_test.logs/run.2012-11-19_18.27.20/megaco_codec_prev3a_test.pretty_otp5600_msg2.html"></testcase><testcase group="codec.codec.text.flex_pretty.tickets.flex_compact_tickets.text.flex_pretty.tickets.flex_compact_tickets.text.flex_pretty.tickets.flex_compact_tickets.pretty_tickets" name="pretty_otp5601_msg1" time="1.030761" timestamp="2012-11-19T18:38:24" log="/home/karl/tmp/otp_tests/logs/megaco_test_logs/ct_run.ct@devbox.2012-11-19_18.26.56/tests.megaco_test.logs/run.2012-11-19_18.27.20/megaco_codec_prev3a_test.pretty_otp5601_msg1.html"></testcase><testcase group="codec.codec.text.flex_pretty.tickets.flex_compact_tickets.text.flex_pretty.tickets.flex_compact_tickets.text.flex_pretty.tickets.flex_compact_tickets.pretty_tickets" name="pretty_otp5793_msg01" time="1.024195" timestamp="2012-11-19T18:38:25" log="/home/karl/tmp/otp_tests/logs/megaco_test_logs/ct_run.ct@devbox.2012-11-19_18.26.56/tests.megaco_test.logs/run.2012-11-19_18.27.20/megaco_codec_prev3a_test.pretty_otp5793_msg01.html"></testcase><testcase group="codec.codec.text.flex_pretty.tickets.flex_compact_tickets.text.flex_pretty.tickets.flex_compact_tickets.text.flex_pretty.tickets.flex_compact_tickets.pretty_tickets" name="pretty_otp5882_msg01" time="1.023188" timestamp="2012-11-19T18:38:26" log="/home/karl/tmp/otp_tests/logs/megaco_test_logs/ct_run.ct@devbox.2012-11-19_18.26.56/tests.megaco_test.logs/run.2012-11-19_18.27.20/megaco_codec_prev3a_test.pretty_otp5882_msg01.html"></testcase><testcase group="codec.codec.text.flex_pretty.tickets.flex_compact_tickets.text.flex_pretty.tickets.flex_compact_tickets.text.flex_pretty.tickets.flex_compact_tickets.pretty_tickets" name="pretty_otp6490_msg01" time="0.017031" timestamp="2012-11-19T18:38:27" log="/home/karl/tmp/otp_tests/logs/megaco_test_logs/ct_run.ct@devbox.2012-11-19_18.26.56/tests.megaco_test.logs/run.2012-11-19_18.27.20/megaco_codec_prev3a_test.pretty_otp6490_msg01.html"></testcase><testcase group="codec.codec.text.flex_pretty.tickets.flex_compact_tickets.text.flex_pretty.tickets.flex_compact_tickets.text.flex_pretty.tickets.flex_compact_tickets.pretty_tickets" name="pretty_otp6490_msg02" time="0.008096" timestamp="2012-11-19T18:38:27" log="/home/karl/tmp/otp_tests/logs/megaco_test_logs/ct_run.ct@devbox.2012-11-19_18.26.56/tests.megaco_test.logs/run.2012-11-19_18.27.20/megaco_codec_prev3a_test.pretty_otp6490_msg02.html"></testcase><testcase group="codec.codec.text.flex_pretty.tickets.flex_compact_tickets.text.flex_pretty.tickets.flex_compact_tickets.text.flex_pretty.tickets.flex_compact_tickets.pretty_tickets" name="pretty_otp6490_msg03" time="0.008395" timestamp="2012-11-19T18:38:27" log="/home/karl/tmp/otp_tests/logs/megaco_test_logs/ct_run.ct@devbox.2012-11-19_18.26.56/tests.megaco_test.logs/run.2012-11-19_18.27.20/megaco_codec_prev3a_test.pretty_otp6490_msg03.html"></testcase><testcase group="codec.codec.text.flex_pretty.tickets.flex_compact_tickets.text.flex_pretty.tickets.flex_compact_tickets.text.flex_pretty.tickets.flex_compact_tickets.pretty_tickets" name="pretty_otp6490_msg04" time="0.011555" timestamp="2012-11-19T18:38:27" log="/home/karl/tmp/otp_tests/logs/megaco_test_logs/ct_run.ct@devbox.2012-11-19_18.26.56/tests.megaco_test.logs/run.2012-11-19_18.27.20/megaco_codec_prev3a_test.pretty_otp6490_msg04.html"></testcase><testcase group="codec.codec.text.flex_pretty.tickets.flex_compact_tickets.text.flex_pretty.tickets.flex_compact_tickets.text.flex_pretty.tickets.flex_compact_tickets.pretty_tickets" name="pretty_otp6490_msg05" time="0.008204" timestamp="2012-11-19T18:38:27" log="/home/karl/tmp/otp_tests/logs/megaco_test_logs/ct_run.ct@devbox.2012-11-19_18.26.56/tests.megaco_test.logs/run.2012-11-19_18.27.20/megaco_codec_prev3a_test.pretty_otp6490_msg05.html"></testcase><testcase group="codec.codec.text.flex_pretty.tickets.flex_compact_tickets.text.flex_pretty.tickets.flex_compact_tickets.text.flex_pretty.tickets.flex_compact_tickets.pretty_tickets" name="pretty_otp6490_msg06" time="0.009040" timestamp="2012-11-19T18:38:27" log="/home/karl/tmp/otp_tests/logs/megaco_test_logs/ct_run.ct@devbox.2012-11-19_18.26.56/tests.megaco_test.logs/run.2012-11-19_18.27.20/megaco_codec_prev3a_test.pretty_otp6490_msg06.html"></testcase><testcase group="codec.codec.text.flex_pretty.tickets.flex_compact_tickets.text.flex_pretty.tickets.flex_compact_tickets.text.flex_pretty.tickets.flex_compact_tickets.pretty_tickets" name="pretty_otp7671_msg01" time="0.010681" timestamp="2012-11-19T18:38:27" log="/home/karl/tmp/otp_tests/logs/megaco_test_logs/ct_run.ct@devbox.2012-11-19_18.26.56/tests.megaco_test.logs/run.2012-11-19_18.27.20/megaco_codec_prev3a_test.pretty_otp7671_msg01.html"></testcase><testcase group="codec.codec.text.flex_pretty.tickets.flex_compact_tickets.text.flex_pretty.tickets.flex_compact_tickets.text.flex_pretty.tickets.flex_compact_tickets.pretty_tickets" name="pretty_otp7671_msg02" time="0.008922" timestamp="2012-11-19T18:38:27" log="/home/karl/tmp/otp_tests/logs/megaco_test_logs/ct_run.ct@devbox.2012-11-19_18.26.56/tests.megaco_test.logs/run.2012-11-19_18.27.20/megaco_codec_prev3a_test.pretty_otp7671_msg02.html"></testcase><testcase group="codec.codec.text.flex_pretty.tickets.flex_compact_tickets.text.flex_pretty.tickets.flex_compact_tickets.text.flex_pretty.tickets.flex_compact_tickets.pretty_tickets" name="pretty_otp7671_msg03" time="0.008096" timestamp="2012-11-19T18:38:28" log="/home/karl/tmp/otp_tests/logs/megaco_test_logs/ct_run.ct@devbox.2012-11-19_18.26.56/tests.megaco_test.logs/run.2012-11-19_18.27.20/megaco_codec_prev3a_test.pretty_otp7671_msg03.html"></testcase><testcase group="codec.codec.text.flex_pretty.tickets.flex_compact_tickets.text.flex_pretty.tickets.flex_compact_tickets.text.flex_pretty.tickets.flex_compact_tickets.pretty_tickets" name="pretty_otp7671_msg04" time="0.014887" timestamp="2012-11-19T18:38:28" log="/home/karl/tmp/otp_tests/logs/megaco_test_logs/ct_run.ct@devbox.2012-11-19_18.26.56/tests.megaco_test.logs/run.2012-11-19_18.27.20/megaco_codec_prev3a_test.pretty_otp7671_msg04.html"></testcase><testcase group="codec.codec.text.flex_pretty.tickets.flex_compact_tickets.text.flex_pretty.tickets.flex_compact_tickets.text.flex_pretty.tickets.flex_compact_tickets.pretty_tickets" name="pretty_otp7671_msg05" time="0.011790" timestamp="2012-11-19T18:38:28" log="/home/karl/tmp/otp_tests/logs/megaco_test_logs/ct_run.ct@devbox.2012-11-19_18.26.56/tests.megaco_test.logs/run.2012-11-19_18.27.20/megaco_codec_prev3a_test.pretty_otp7671_msg05.html"></testcase><testcase group="codec.codec.text.flex_pretty.tickets.flex_compact_tickets.text.flex_pretty.tickets.flex_compact_tickets.text.flex_pretty.tickets.flex_compact_tickets.pretty_tickets" name="pretty_otp8114_msg01" time="0.010232" timestamp="2012-11-19T18:38:28" log="/home/karl/tmp/otp_tests/logs/megaco_test_logs/ct_run.ct@devbox.2012-11-19_18.26.56/tests.megaco_test.logs/run.2012-11-19_18.27.20/megaco_codec_prev3a_test.pretty_otp8114_msg01.html"></testcase><testcase group="codec.codec.text.flex_pretty.tickets.flex_compact_tickets.text.flex_pretty.tickets.flex_compact_tickets.text.flex_pretty.tickets.flex_compact_tickets.pretty_tickets" name="end_per_group" time="0.009153" timestamp="2012-11-19T18:38:28" log="/home/karl/tmp/otp_tests/logs/megaco_test_logs/ct_run.ct@devbox.2012-11-19_18.26.56/tests.megaco_test.logs/run.2012-11-19_18.27.20/megaco_codec_prev3a_test.end_per_group.346708.204.html"></testcase><testcase group="codec.codec.text.flex_pretty.tickets.flex_compact_tickets.text.flex_pretty.tickets.flex_compact_tickets.text.flex_pretty.tickets.flex_compact_tickets.flex_pretty_tickets" name="init_per_group" time="0.011027" timestamp="2012-11-19T18:38:28" log="/home/karl/tmp/otp_tests/logs/megaco_test_logs/ct_run.ct@devbox.2012-11-19_18.26.56/tests.megaco_test.logs/run.2012-11-19_18.27.20/megaco_codec_prev3a_test.init_per_group.346708.247.html"><skipped type="skip" message="Test init_per_group in megaco_codec_prev3a_test skipped!">{tc_user_skip,{skipped,&quot;failed_loading_flex_scanner_driver: cannot open shared object file: No such file or directory&quot;}}</skipped></testcase><testcase group="codec.codec.text.flex_pretty.tickets.flex_compact_tickets.text.flex_pretty.tickets.flex_compact_tickets.text.flex_pretty.tickets.flex_compact_tickets.flex_pretty_tickets" name="flex_pretty_otp5042_msg1" time="0.000026" timestamp="2012-11-19T18:38:28" log=""><skipped type="skip" message="Test flex_pretty_otp5042_msg1 in megaco_codec_prev3a_test skipped!">{tc_auto_skip,
    {failed,
        {megaco_codec_prev3a_test,init_per_group,
            {&apos;EXIT&apos;,
                {skipped,
                    &quot;failed_loading_flex_scanner_driver: cannot open shared object file: No such file or directory&quot;}}}}}</skipped></testcase><testcase group="codec.codec.text.flex_pretty.tickets.flex_compact_tickets.text.flex_pretty.tickets.flex_compact_tickets.text.flex_pretty.tickets.flex_compact_tickets.flex_pretty_tickets" name="flex_pretty_otp5085_msg1" time="0.000020" timestamp="2012-11-19T18:38:28" log=""><skipped type="skip" message="Test flex_pretty_otp5085_msg1 in megaco_codec_prev3a_test skipped!">{tc_auto_skip,
    {failed,
        {megaco_codec_prev3a_test,init_per_group,
            {&apos;EXIT&apos;,
                {skipped,
                    &quot;failed_loading_flex_scanner_driver: cannot open shared object file: No such file or directory&quot;}}}}}</skipped></testcase><testcase group="codec.codec.text.flex_pretty.tickets.flex_compact_tickets.text.flex_pretty.tickets.flex_compact_tickets.text.flex_pretty.tickets.flex_compact_tickets.flex_pretty_tickets" name="flex_pretty_otp5085_msg2" time="0.000042" timestamp="2012-11-19T18:38:28" log=""><skipped type="skip" message="Test flex_pretty_otp5085_msg2 in megaco_codec_prev3a_test skipped!">{tc_auto_skip,
    {failed,
        {megaco_codec_prev3a_test,init_per_group,
            {&apos;EXIT&apos;,
                {skipped,
                    &quot;failed_loading_flex_scanner_driver: cannot open shared object file: No such file or directory&quot;}}}}}</skipped></testcase><testcase group="codec.codec.text.flex_pretty.tickets.flex_compact_tickets.text.flex_pretty.tickets.flex_compact_tickets.text.flex_pretty.tickets.flex_compact_tickets.flex_pretty_tickets" name="flex_pretty_otp5085_msg3" time="0.000019" timestamp="2012-11-19T18:38:28" log=""><skipped type="skip" message="Test flex_pretty_otp5085_msg3 in megaco_codec_prev3a_test skipped!">{tc_auto_skip,
    {failed,
        {megaco_codec_prev3a_test,init_per_group,
            {&apos;EXIT&apos;,
                {skipped,
                    &quot;failed_loading_flex_scanner_driver: cannot open shared object file: No such file or directory&quot;}}}}}</skipped></testcase><testcase group="codec.codec.text.flex_pretty.tickets.flex_compact_tickets.text.flex_pretty.tickets.flex_compact_tickets.text.flex_pretty.tickets.flex_compact_tickets.flex_pretty_tickets" name="flex_pretty_otp5085_msg4" time="0.000021" timestamp="2012-11-19T18:38:28" log=""><skipped type="skip" message="Test flex_pretty_otp5085_msg4 in megaco_codec_prev3a_test skipped!">{tc_auto_skip,
    {failed,
        {megaco_codec_prev3a_test,init_per_group,
            {&apos;EXIT&apos;,
                {skipped,
                    &quot;failed_loading_flex_scanner_driver: cannot open shared object file: No such file or directory&quot;}}}}}</skipped></testcase><testcase group="codec.codec.text.flex_pretty.tickets.flex_compact_tickets.text.flex_pretty.tickets.flex_compact_tickets.text.flex_pretty.tickets.flex_compact_tickets.flex_pretty_tickets" name="flex_pretty_otp5085_msg5" time="0.000025" timestamp="2012-11-19T18:38:28" log=""><skipped type="skip" message="Test flex_pretty_otp5085_msg5 in megaco_codec_prev3a_test skipped!">{tc_auto_skip,
    {failed,
        {megaco_codec_prev3a_test,init_per_group,
            {&apos;EXIT&apos;,
                {skipped,
                    &quot;failed_loading_flex_scanner_driver: cannot open shared object file: No such file or directory&quot;}}}}}</skipped></testcase><testcase group="codec.codec.text.flex_pretty.tickets.flex_compact_tickets.text.flex_pretty.tickets.flex_compact_tickets.text.flex_pretty.tickets.flex_compact_tickets.flex_pretty_tickets" name="flex_pretty_otp5085_msg6" time="0.000017" timestamp="2012-11-19T18:38:28" log=""><skipped type="skip" message="Test flex_pretty_otp5085_msg6 in megaco_codec_prev3a_test skipped!">{tc_auto_skip,
    {failed,
        {megaco_codec_prev3a_test,init_per_group,
            {&apos;EXIT&apos;,
                {skipped,
                    &quot;failed_loading_flex_scanner_driver: cannot open shared object file: No such file or directory&quot;}}}}}</skipped></testcase><testcase group="codec.codec.text.flex_pretty.tickets.flex_compact_tickets.text.flex_pretty.tickets.flex_compact_tickets.text.flex_pretty.tickets.flex_compact_tickets.flex_pretty_tickets" name="flex_pretty_otp5085_msg7" time="0.000021" timestamp="2012-11-19T18:38:28" log=""><skipped type="skip" message="Test flex_pretty_otp5085_msg7 in megaco_codec_prev3a_test skipped!">{tc_auto_skip,
    {failed,
        {megaco_codec_prev3a_test,init_per_group,
            {&apos;EXIT&apos;,
                {skipped,
                    &quot;failed_loading_flex_scanner_driver: cannot open shared object file: No such file or directory&quot;}}}}}</skipped></testcase><testcase group="codec.codec.text.flex_pretty.tickets.flex_compact_tickets.text.flex_pretty.tickets.flex_compact_tickets.text.flex_pretty.tickets.flex_compact_tickets.flex_pretty_tickets" name="flex_pretty_otp5085_msg8" time="0.000017" timestamp="2012-11-19T18:38:28" log=""><skipped type="skip" message="Test flex_pretty_otp5085_msg8 in megaco_codec_prev3a_test skipped!">{tc_auto_skip,
    {failed,
        {megaco_codec_prev3a_test,init_per_group,
            {&apos;EXIT&apos;,
                {skipped,
                    &quot;failed_loading_flex_scanner_driver: cannot open shared object file: No such file or directory&quot;}}}}}</skipped></testcase><testcase group="codec.codec.text.flex_pretty.tickets.flex_compact_tickets.text.flex_pretty.tickets.flex_compact_tickets.text.flex_pretty.tickets.flex_compact_tickets.flex_pretty_tickets" name="flex_pretty_otp5600_msg1" time="0.000001" timestamp="2012-11-19T18:38:28" log=""><skipped type="skip" message="Test flex_pretty_otp5600_msg1 in megaco_codec_prev3a_test skipped!">{tc_auto_skip,
    {failed,
        {megaco_codec_prev3a_test,init_per_group,
            {&apos;EXIT&apos;,
                {skipped,
                    &quot;failed_loading_flex_scanner_driver: cannot open shared object file: No such file or directory&quot;}}}}}</skipped></testcase><testcase group="codec.codec.text.flex_pretty.tickets.flex_compact_tickets.text.flex_pretty.tickets.flex_compact_tickets.text.flex_pretty.tickets.flex_compact_tickets.flex_pretty_tickets" name="flex_pretty_otp5600_msg2" time="0.000016" timestamp="2012-11-19T18:38:28" log=""><skipped type="skip" message="Test flex_pretty_otp5600_msg2 in megaco_codec_prev3a_test skipped!">{tc_auto_skip,
    {failed,
        {megaco_codec_prev3a_test,init_per_group,
            {&apos;EXIT&apos;,
                {skipped,
                    &quot;failed_loading_flex_scanner_driver: cannot open shared object file: No such file or directory&quot;}}}}}</skipped></testcase><testcase group="codec.codec.text.flex_pretty.tickets.flex_compact_tickets.text.flex_pretty.tickets.flex_compact_tickets.text.flex_pretty.tickets.flex_compact_tickets.flex_pretty_tickets" name="flex_pretty_otp5601_msg1" time="0.000017" timestamp="2012-11-19T18:38:28" log=""><skipped type="skip" message="Test flex_pretty_otp5601_msg1 in megaco_codec_prev3a_test skipped!">{tc_auto_skip,
    {failed,
        {megaco_codec_prev3a_test,init_per_group,
            {&apos;EXIT&apos;,
                {skipped,
                    &quot;failed_loading_flex_scanner_driver: cannot open shared object file: No such file or directory&quot;}}}}}</skipped></testcase><testcase group="codec.codec.text.flex_pretty.tickets.flex_compact_tickets.text.flex_pretty.tickets.flex_compact_tickets.text.flex_pretty.tickets.flex_compact_tickets.flex_pretty_tickets" name="flex_pretty_otp5793_msg01" time="0.000030" timestamp="2012-11-19T18:38:28" log=""><skipped type="skip" message="Test flex_pretty_otp5793_msg01 in megaco_codec_prev3a_test skipped!">{tc_auto_skip,
    {failed,
        {megaco_codec_prev3a_test,init_per_group,
            {&apos;EXIT&apos;,
                {skipped,
                    &quot;failed_loading_flex_scanner_driver: cannot open shared object file: No such file or directory&quot;}}}}}</skipped></testcase><testcase group="codec.codec.text.flex_pretty.tickets.flex_compact_tickets.text.flex_pretty.tickets.flex_compact_tickets.text.flex_pretty.tickets.flex_compact_tickets.flex_pretty_tickets" name="flex_pretty_otp7431_msg01" time="0.000029" timestamp="2012-11-19T18:38:28" log=""><skipped type="skip" message="Test flex_pretty_otp7431_msg01 in megaco_codec_prev3a_test skipped!">{tc_auto_skip,
    {failed,
        {megaco_codec_prev3a_test,init_per_group,
            {&apos;EXIT&apos;,
                {skipped,
                    &quot;failed_loading_flex_scanner_driver: cannot open shared object file: No such file or directory&quot;}}}}}</skipped></testcase><testcase group="codec.codec.text.flex_pretty.tickets.flex_compact_tickets.text.flex_pretty.tickets.flex_compact_tickets.text.flex_pretty.tickets.flex_compact_tickets.flex_pretty_tickets" name="flex_pretty_otp7431_msg02" time="0.000016" timestamp="2012-11-19T18:38:28" log=""><skipped type="skip" message="Test flex_pretty_otp7431_msg02 in megaco_codec_prev3a_test skipped!">{tc_auto_skip,
    {failed,
        {megaco_codec_prev3a_test,init_per_group,
            {&apos;EXIT&apos;,
                {skipped,
                    &quot;failed_loading_flex_scanner_driver: cannot open shared object file: No such file or directory&quot;}}}}}</skipped></testcase><testcase group="codec.codec.text.flex_pretty.tickets.flex_compact_tickets.text.flex_pretty.tickets.flex_compact_tickets.text.flex_pretty.tickets.flex_compact_tickets.flex_pretty_tickets" name="flex_pretty_otp7431_msg03" time="0.000022" timestamp="2012-11-19T18:38:28" log=""><skipped type="skip" message="Test flex_pretty_otp7431_msg03 in megaco_codec_prev3a_test skipped!">{tc_auto_skip,
    {failed,
        {megaco_codec_prev3a_test,init_per_group,
            {&apos;EXIT&apos;,
                {skipped,
                    &quot;failed_loading_flex_scanner_driver: cannot open shared object file: No such file or directory&quot;}}}}}</skipped></testcase><testcase group="codec.codec.text.flex_pretty.tickets.flex_compact_tickets.text.flex_pretty.tickets.flex_compact_tickets.text.flex_pretty.tickets.flex_compact_tickets.flex_pretty_tickets" name="flex_pretty_otp7431_msg04" time="0.000016" timestamp="2012-11-19T18:38:28" log=""><skipped type="skip" message="Test flex_pretty_otp7431_msg04 in megaco_codec_prev3a_test skipped!">{tc_auto_skip,
    {failed,
        {megaco_codec_prev3a_test,init_per_group,
            {&apos;EXIT&apos;,
                {skipped,
                    &quot;failed_loading_flex_scanner_driver: cannot open shared object file: No such file or directory&quot;}}}}}</skipped></testcase><testcase group="codec.codec.text.flex_pretty.tickets.flex_compact_tickets.text.flex_pretty.tickets.flex_compact_tickets.text.flex_pretty.tickets.flex_compact_tickets.flex_pretty_tickets" name="flex_pretty_otp7431_msg05" time="0.000016" timestamp="2012-11-19T18:38:28" log=""><skipped type="skip" message="Test flex_pretty_otp7431_msg05 in megaco_codec_prev3a_test skipped!">{tc_auto_skip,
    {failed,
        {megaco_codec_prev3a_test,init_per_group,
            {&apos;EXIT&apos;,
                {skipped,
                    &quot;failed_loading_flex_scanner_driver: cannot open shared object file: No such file or directory&quot;}}}}}</skipped></testcase><testcase group="codec.codec.text.flex_pretty.tickets.flex_compact_tickets.text.flex_pretty.tickets.flex_compact_tickets.text.flex_pretty.tickets.flex_compact_tickets.flex_pretty_tickets" name="flex_pretty_otp7431_msg06" time="0.000015" timestamp="2012-11-19T18:38:28" log=""><skipped type="skip" message="Test flex_pretty_otp7431_msg06 in megaco_codec_prev3a_test skipped!">{tc_auto_skip,
    {failed,
        {megaco_codec_prev3a_test,init_per_group,
            {&apos;EXIT&apos;,
                {skipped,
                    &quot;failed_loading_flex_scanner_driver: cannot open shared object file: No such file or directory&quot;}}}}}</skipped></testcase><testcase group="codec.codec.text.flex_pretty.tickets.flex_compact_tickets.text.flex_pretty.tickets.flex_compact_tickets.text.flex_pretty.tickets.flex_compact_tickets.flex_pretty_tickets" name="flex_pretty_otp7431_msg07" time="0.000016" timestamp="2012-11-19T18:38:28" log=""><skipped type="skip" message="Test flex_pretty_otp7431_msg07 in megaco_codec_prev3a_test skipped!">{tc_auto_skip,
    {failed,
        {megaco_codec_prev3a_test,init_per_group,
            {&apos;EXIT&apos;,
                {skipped,
                    &quot;failed_loading_flex_scanner_driver: cannot open shared object file: No such file or directory&quot;}}}}}</skipped></testcase><testcase group="codec.codec.text.flex_pretty.tickets.flex_compact_tickets.text.flex_pretty.tickets.flex_compact_tickets.text.flex_pretty.tickets.flex_compact_tickets.flex_pretty_tickets" name="end_per_group" time="0.000015" timestamp="2012-11-19T18:38:28" log=""><skipped type="skip" message="Test end_per_group in megaco_codec_prev3a_test skipped!">{tc_auto_skip,
    {failed,
        {megaco_codec_prev3a_test,init_per_group,
            {&apos;EXIT&apos;,
                {skipped,
                    &quot;failed_loading_flex_scanner_driver: cannot open shared object file: No such file or directory&quot;}}}}}</skipped></testcase><testcase group="codec.codec.text.flex_pretty.tickets.flex_compact_tickets.text.flex_pretty.tickets.flex_compact_tickets.text.flex_pretty.tickets.flex_compact_tickets.flex_pretty_tickets" name="end_per_group" time="0.009901" timestamp="2012-11-19T18:38:28" log="/home/karl/tmp/otp_tests/logs/megaco_test_logs/ct_run.ct@devbox.2012-11-19_18.26.56/tests.megaco_test.logs/run.2012-11-19_18.27.20/megaco_codec_prev3a_test.end_per_group.346708.562.html"></testcase><testcase group="codec.codec.text.flex_pretty.tickets.flex_compact_tickets.text.flex_pretty.tickets.flex_compact_tickets.text.flex_pretty.tickets.flex_compact_tickets" name="end_per_suite" time="0.012052" timestamp="2012-11-19T18:38:28" log="/home/karl/tmp/otp_tests/logs/megaco_test_logs/ct_run.ct@devbox.2012-11-19_18.26.56/tests.megaco_test.logs/run.2012-11-19_18.27.20/ct_framework.end_per_suite.346708.606.html"></testcase></testsuite><testsuite name="megaco_codec_v2_test" time="94.881505" timestamp="2012-11-19T18:35:25" errors="54" tests="184"><testcase group="codec.codec.text.flex_pretty.tickets.flex_compact_tickets" name="init_per_suite" time="0.006980" timestamp="2012-11-19T18:35:25" log="/home/karl/tmp/otp_tests/logs/megaco_test_logs/ct_run.ct@devbox.2012-11-19_18.26.56/tests.megaco_test.logs/run.2012-11-19_18.27.20/ct_framework.init_per_suite.346525.75.html"></testcase><testcase group="codec.codec.text.flex_pretty.tickets.flex_compact_tickets.text" name="init_per_group" time="0.005802" timestamp="2012-11-19T18:35:25" log="/home/karl/tmp/otp_tests/logs/megaco_test_logs/ct_run.ct@devbox.2012-11-19_18.26.56/tests.megaco_test.logs/run.2012-11-19_18.27.20/megaco_codec_v2_test.init_per_group.html"></testcase><testcase group="codec.codec.text.flex_pretty.tickets.flex_compact_tickets.text.pretty" name="init_per_group" time="0.006275" timestamp="2012-11-19T18:35:25" log="/home/karl/tmp/otp_tests/logs/megaco_test_logs/ct_run.ct@devbox.2012-11-19_18.26.56/tests.megaco_test.logs/run.2012-11-19_18.27.20/megaco_codec_v2_test.init_per_group.346525.148.html"></testcase><testcase group="codec.codec.text.flex_pretty.tickets.flex_compact_tickets.text.pretty" name="pretty_test_msgs" time="1.112395" timestamp="2012-11-19T18:35:25" log="/home/karl/tmp/otp_tests/logs/megaco_test_logs/ct_run.ct@devbox.2012-11-19_18.26.56/tests.megaco_test.logs/run.2012-11-19_18.27.20/megaco_codec_v2_test.pretty_test_msgs.html"></testcase><testcase group="codec.codec.text.flex_pretty.tickets.flex_compact_tickets.text.pretty" name="end_per_group" time="0.004024" timestamp="2012-11-19T18:35:26" log="/home/karl/tmp/otp_tests/logs/megaco_test_logs/ct_run.ct@devbox.2012-11-19_18.26.56/tests.megaco_test.logs/run.2012-11-19_18.27.20/megaco_codec_v2_test.end_per_group.html"></testcase><testcase group="codec.codec.text.flex_pretty.tickets.flex_compact_tickets.text.flex_pretty" name="init_per_group" time="0.008600" timestamp="2012-11-19T18:35:26" log="/home/karl/tmp/otp_tests/logs/megaco_test_logs/ct_run.ct@devbox.2012-11-19_18.26.56/tests.megaco_test.logs/run.2012-11-19_18.27.20/megaco_codec_v2_test.init_per_group.346526.360.html"><skipped type="skip" message="Test init_per_group in megaco_codec_v2_test skipped!">{tc_user_skip,{skipped,&quot;failed_loading_flex_scanner_driver: cannot open shared object file: No such file or directory&quot;}}</skipped></testcase><testcase group="codec.codec.text.flex_pretty.tickets.flex_compact_tickets.text.flex_pretty" name="flex_pretty_test_msgs" time="0.000012" timestamp="2012-11-19T18:35:26" log=""><skipped type="skip" message="Test flex_pretty_test_msgs in megaco_codec_v2_test skipped!">{tc_auto_skip,
    {failed,
        {megaco_codec_v2_test,init_per_group,
            {&apos;EXIT&apos;,
                {skipped,
                    &quot;failed_loading_flex_scanner_driver: cannot open shared object file: No such file or directory&quot;}}}}}</skipped></testcase><testcase group="codec.codec.text.flex_pretty.tickets.flex_compact_tickets.text.flex_pretty" name="end_per_group" time="0.000012" timestamp="2012-11-19T18:35:26" log=""><skipped type="skip" message="Test end_per_group in megaco_codec_v2_test skipped!">{tc_auto_skip,
    {failed,
        {megaco_codec_v2_test,init_per_group,
            {&apos;EXIT&apos;,
                {skipped,
                    &quot;failed_loading_flex_scanner_driver: cannot open shared object file: No such file or directory&quot;}}}}}</skipped></testcase><testcase group="codec.codec.text.flex_pretty.tickets.flex_compact_tickets.text.flex_pretty.compact" name="init_per_group" time="0.018272" timestamp="2012-11-19T18:35:26" log="/home/karl/tmp/otp_tests/logs/megaco_test_logs/ct_run.ct@devbox.2012-11-19_18.26.56/tests.megaco_test.logs/run.2012-11-19_18.27.20/megaco_codec_v2_test.init_per_group.346526.440.html"></testcase><testcase group="codec.codec.text.flex_pretty.tickets.flex_compact_tickets.text.flex_pretty.compact" name="compact_test_msgs" time="1.087761" timestamp="2012-11-19T18:35:26" log="/home/karl/tmp/otp_tests/logs/megaco_test_logs/ct_run.ct@devbox.2012-11-19_18.26.56/tests.megaco_test.logs/run.2012-11-19_18.27.20/megaco_codec_v2_test.compact_test_msgs.html"></testcase><testcase group="codec.codec.text.flex_pretty.tickets.flex_compact_tickets.text.flex_pretty.compact" name="end_per_group" time="0.006562" timestamp="2012-11-19T18:35:27" log="/home/karl/tmp/otp_tests/logs/megaco_test_logs/ct_run.ct@devbox.2012-11-19_18.26.56/tests.megaco_test.logs/run.2012-11-19_18.27.20/megaco_codec_v2_test.end_per_group.346527.609.html"></testcase><testcase group="codec.codec.text.flex_pretty.tickets.flex_compact_tickets.text.flex_pretty.flex_compact" name="init_per_group" time="0.019014" timestamp="2012-11-19T18:35:27" log="/home/karl/tmp/otp_tests/logs/megaco_test_logs/ct_run.ct@devbox.2012-11-19_18.26.56/tests.megaco_test.logs/run.2012-11-19_18.27.20/megaco_codec_v2_test.init_per_group.346527.645.html"><skipped type="skip" message="Test init_per_group in megaco_codec_v2_test skipped!">{tc_user_skip,{skipped,&quot;failed_loading_flex_scanner_driver: cannot open shared object file: No such file or directory&quot;}}</skipped></testcase><testcase group="codec.codec.text.flex_pretty.tickets.flex_compact_tickets.text.flex_pretty.flex_compact" name="flex_compact_test_msgs" time="0.000014" timestamp="2012-11-19T18:35:27" log=""><skipped type="skip" message="Test flex_compact_test_msgs in megaco_codec_v2_test skipped!">{tc_auto_skip,
    {failed,
        {megaco_codec_v2_test,init_per_group,
            {&apos;EXIT&apos;,
                {skipped,
                    &quot;failed_loading_flex_scanner_driver: cannot open shared object file: No such file or directory&quot;}}}}}</skipped></testcase><testcase group="codec.codec.text.flex_pretty.tickets.flex_compact_tickets.text.flex_pretty.flex_compact" name="flex_compact_dm_timers1" time="0.000014" timestamp="2012-11-19T18:35:27" log=""><skipped type="skip" message="Test flex_compact_dm_timers1 in megaco_codec_v2_test skipped!">{tc_auto_skip,
    {failed,
        {megaco_codec_v2_test,init_per_group,
            {&apos;EXIT&apos;,
                {skipped,
                    &quot;failed_loading_flex_scanner_driver: cannot open shared object file: No such file or directory&quot;}}}}}</skipped></testcase><testcase group="codec.codec.text.flex_pretty.tickets.flex_compact_tickets.text.flex_pretty.flex_compact" name="flex_compact_dm_timers2" time="0.000014" timestamp="2012-11-19T18:35:27" log=""><skipped type="skip" message="Test flex_compact_dm_timers2 in megaco_codec_v2_test skipped!">{tc_auto_skip,
    {failed,
        {megaco_codec_v2_test,init_per_group,
            {&apos;EXIT&apos;,
                {skipped,
                    &quot;failed_loading_flex_scanner_driver: cannot open shared object file: No such file or directory&quot;}}}}}</skipped></testcase><testcase group="codec.codec.text.flex_pretty.tickets.flex_compact_tickets.text.flex_pretty.flex_compact" name="flex_compact_dm_timers3" time="0.000013" timestamp="2012-11-19T18:35:27" log=""><skipped type="skip" message="Test flex_compact_dm_timers3 in megaco_codec_v2_test skipped!">{tc_auto_skip,
    {failed,
        {megaco_codec_v2_test,init_per_group,
            {&apos;EXIT&apos;,
                {skipped,
                    &quot;failed_loading_flex_scanner_driver: cannot open shared object file: No such file or directory&quot;}}}}}</skipped></testcase><testcase group="codec.codec.text.flex_pretty.tickets.flex_compact_tickets.text.flex_pretty.flex_compact" name="flex_compact_dm_timers4" time="0.000066" timestamp="2012-11-19T18:35:27" log=""><skipped type="skip" message="Test flex_compact_dm_timers4 in megaco_codec_v2_test skipped!">{tc_auto_skip,
    {failed,
        {megaco_codec_v2_test,init_per_group,
            {&apos;EXIT&apos;,
                {skipped,
                    &quot;failed_loading_flex_scanner_driver: cannot open shared object file: No such file or directory&quot;}}}}}</skipped></testcase><testcase group="codec.codec.text.flex_pretty.tickets.flex_compact_tickets.text.flex_pretty.flex_compact" name="flex_compact_dm_timers5" time="0.000014" timestamp="2012-11-19T18:35:27" log=""><skipped type="skip" message="Test flex_compact_dm_timers5 in megaco_codec_v2_test skipped!">{tc_auto_skip,
    {failed,
        {megaco_codec_v2_test,init_per_group,
            {&apos;EXIT&apos;,
                {skipped,
                    &quot;failed_loading_flex_scanner_driver: cannot open shared object file: No such file or directory&quot;}}}}}</skipped></testcase><testcase group="codec.codec.text.flex_pretty.tickets.flex_compact_tickets.text.flex_pretty.flex_compact" name="flex_compact_dm_timers6" time="0.000015" timestamp="2012-11-19T18:35:27" log=""><skipped type="skip" message="Test flex_compact_dm_timers6 in megaco_codec_v2_test skipped!">{tc_auto_skip,
    {failed,
        {megaco_codec_v2_test,init_per_group,
            {&apos;EXIT&apos;,
                {skipped,
                    &quot;failed_loading_flex_scanner_driver: cannot open shared object file: No such file or directory&quot;}}}}}</skipped></testcase><testcase group="codec.codec.text.flex_pretty.tickets.flex_compact_tickets.text.flex_pretty.flex_compact" name="flex_compact_dm_timers7" time="0.000016" timestamp="2012-11-19T18:35:27" log=""><skipped type="skip" message="Test flex_compact_dm_timers7 in megaco_codec_v2_test skipped!">{tc_auto_skip,
    {failed,
        {megaco_codec_v2_test,init_per_group,
            {&apos;EXIT&apos;,
                {skipped,
                    &quot;failed_loading_flex_scanner_driver: cannot open shared object file: No such file or directory&quot;}}}}}</skipped></testcase><testcase group="codec.codec.text.flex_pretty.tickets.flex_compact_tickets.text.flex_pretty.flex_compact" name="flex_compact_dm_timers8" time="0.000019" timestamp="2012-11-19T18:35:27" log=""><skipped type="skip" message="Test flex_compact_dm_timers8 in megaco_codec_v2_test skipped!">{tc_auto_skip,
    {failed,
        {megaco_codec_v2_test,init_per_group,
            {&apos;EXIT&apos;,
                {skipped,
                    &quot;failed_loading_flex_scanner_driver: cannot open shared object file: No such file or directory&quot;}}}}}</skipped></testcase><testcase group="codec.codec.text.flex_pretty.tickets.flex_compact_tickets.text.flex_pretty.flex_compact" name="end_per_group" time="0.000012" timestamp="2012-11-19T18:35:27" log=""><skipped type="skip" message="Test end_per_group in megaco_codec_v2_test skipped!">{tc_auto_skip,
    {failed,
        {megaco_codec_v2_test,init_per_group,
            {&apos;EXIT&apos;,
                {skipped,
                    &quot;failed_loading_flex_scanner_driver: cannot open shared object file: No such file or directory&quot;}}}}}</skipped></testcase><testcase group="codec.codec.text.flex_pretty.tickets.flex_compact_tickets.text.flex_pretty.flex_compact" name="end_per_group" time="0.004758" timestamp="2012-11-19T18:35:27" log="/home/karl/tmp/otp_tests/logs/megaco_test_logs/ct_run.ct@devbox.2012-11-19_18.26.56/tests.megaco_test.logs/run.2012-11-19_18.27.20/megaco_codec_v2_test.end_per_group.346527.797.html"></testcase><testcase group="codec.codec.text.flex_pretty.tickets.flex_compact_tickets.text.flex_pretty.binary" name="init_per_group" time="0.006491" timestamp="2012-11-19T18:35:27" log="/home/karl/tmp/otp_tests/logs/megaco_test_logs/ct_run.ct@devbox.2012-11-19_18.26.56/tests.megaco_test.logs/run.2012-11-19_18.27.20/megaco_codec_v2_test.init_per_group.346527.834.html"></testcase><testcase group="codec.codec.text.flex_pretty.tickets.flex_compact_tickets.text.flex_pretty.binary.bin" name="init_per_group" time="0.005542" timestamp="2012-11-19T18:35:27" log="/home/karl/tmp/otp_tests/logs/megaco_test_logs/ct_run.ct@devbox.2012-11-19_18.26.56/tests.megaco_test.logs/run.2012-11-19_18.27.20/megaco_codec_v2_test.init_per_group.346527.870.html"></testcase><testcase group="codec.codec.text.flex_pretty.tickets.flex_compact_tickets.text.flex_pretty.binary.bin" name="bin_test_msgs" time="1.091968" timestamp="2012-11-19T18:35:27" log="/home/karl/tmp/otp_tests/logs/megaco_test_logs/ct_run.ct@devbox.2012-11-19_18.26.56/tests.megaco_test.logs/run.2012-11-19_18.27.20/megaco_codec_v2_test.bin_test_msgs.html"></testcase><testcase group="codec.codec.text.flex_pretty.tickets.flex_compact_tickets.text.flex_pretty.binary.bin" name="end_per_group" time="0.007033" timestamp="2012-11-19T18:35:29" log="/home/karl/tmp/otp_tests/logs/megaco_test_logs/ct_run.ct@devbox.2012-11-19_18.26.56/tests.megaco_test.logs/run.2012-11-19_18.27.20/megaco_codec_v2_test.end_per_group.346529.28.html"></testcase><testcase group="codec.codec.text.flex_pretty.tickets.flex_compact_tickets.text.flex_pretty.binary.ber" name="init_per_group" time="0.005582" timestamp="2012-11-19T18:35:29" log="/home/karl/tmp/otp_tests/logs/megaco_test_logs/ct_run.ct@devbox.2012-11-19_18.26.56/tests.megaco_test.logs/run.2012-11-19_18.27.20/megaco_codec_v2_test.init_per_group.346529.65.html"></testcase><testcase group="codec.codec.text.flex_pretty.tickets.flex_compact_tickets.text.flex_pretty.binary.ber" name="ber_test_msgs" time="1.145276" timestamp="2012-11-19T18:35:29" log="/home/karl/tmp/otp_tests/logs/megaco_test_logs/ct_run.ct@devbox.2012-11-19_18.26.56/tests.megaco_test.logs/run.2012-11-19_18.27.20/megaco_codec_v2_test.ber_test_msgs.html"></testcase><testcase group="codec.codec.text.flex_pretty.tickets.flex_compact_tickets.text.flex_pretty.binary.ber" name="end_per_group" time="0.007783" timestamp="2012-11-19T18:35:30" log="/home/karl/tmp/otp_tests/logs/megaco_test_logs/ct_run.ct@devbox.2012-11-19_18.26.56/tests.megaco_test.logs/run.2012-11-19_18.27.20/megaco_codec_v2_test.end_per_group.346530.276.html"></testcase><testcase group="codec.codec.text.flex_pretty.tickets.flex_compact_tickets.text.flex_pretty.binary.ber_bin" name="init_per_group" time="0.005528" timestamp="2012-11-19T18:35:30" log="/home/karl/tmp/otp_tests/logs/megaco_test_logs/ct_run.ct@devbox.2012-11-19_18.26.56/tests.megaco_test.logs/run.2012-11-19_18.27.20/megaco_codec_v2_test.init_per_group.346530.313.html"></testcase><testcase group="codec.codec.text.flex_pretty.tickets.flex_compact_tickets.text.flex_pretty.binary.ber_bin" name="ber_bin_test_msgs" time="1.082662" timestamp="2012-11-19T18:35:30" log="/home/karl/tmp/otp_tests/logs/megaco_test_logs/ct_run.ct@devbox.2012-11-19_18.26.56/tests.megaco_test.logs/run.2012-11-19_18.27.20/megaco_codec_v2_test.ber_bin_test_msgs.html"></testcase><testcase group="codec.codec.text.flex_pretty.tickets.flex_compact_tickets.text.flex_pretty.binary.ber_bin" name="end_per_group" time="0.006908" timestamp="2012-11-19T18:35:31" log="/home/karl/tmp/otp_tests/logs/megaco_test_logs/ct_run.ct@devbox.2012-11-19_18.26.56/tests.megaco_test.logs/run.2012-11-19_18.27.20/megaco_codec_v2_test.end_per_group.346531.464.html"></testcase><testcase group="codec.codec.text.flex_pretty.tickets.flex_compact_tickets.text.flex_pretty.binary.per" name="init_per_group" time="0.004625" timestamp="2012-11-19T18:35:31" log="/home/karl/tmp/otp_tests/logs/megaco_test_logs/ct_run.ct@devbox.2012-11-19_18.26.56/tests.megaco_test.logs/run.2012-11-19_18.27.20/megaco_codec_v2_test.init_per_group.346531.500.html"></testcase><testcase group="codec.codec.text.flex_pretty.tickets.flex_compact_tickets.text.flex_pretty.binary.per" name="per_test_msgs" time="1.097309" timestamp="2012-11-19T18:35:31" log="/home/karl/tmp/otp_tests/logs/megaco_test_logs/ct_run.ct@devbox.2012-11-19_18.26.56/tests.megaco_test.logs/run.2012-11-19_18.27.20/megaco_codec_v2_test.per_test_msgs.html"></testcase><testcase group="codec.codec.text.flex_pretty.tickets.flex_compact_tickets.text.flex_pretty.binary.per" name="end_per_group" time="0.007368" timestamp="2012-11-19T18:35:32" log="/home/karl/tmp/otp_tests/logs/megaco_test_logs/ct_run.ct@devbox.2012-11-19_18.26.56/tests.megaco_test.logs/run.2012-11-19_18.27.20/megaco_codec_v2_test.end_per_group.346532.664.html"></testcase><testcase group="codec.codec.text.flex_pretty.tickets.flex_compact_tickets.text.flex_pretty.binary.per_bin" name="init_per_group" time="0.004744" timestamp="2012-11-19T18:35:32" log="/home/karl/tmp/otp_tests/logs/megaco_test_logs/ct_run.ct@devbox.2012-11-19_18.26.56/tests.megaco_test.logs/run.2012-11-19_18.27.20/megaco_codec_v2_test.init_per_group.346532.700.html"></testcase><testcase group="codec.codec.text.flex_pretty.tickets.flex_compact_tickets.text.flex_pretty.binary.per_bin" name="per_bin_test_msgs" time="1.100281" timestamp="2012-11-19T18:35:32" log="/home/karl/tmp/otp_tests/logs/megaco_test_logs/ct_run.ct@devbox.2012-11-19_18.26.56/tests.megaco_test.logs/run.2012-11-19_18.27.20/megaco_codec_v2_test.per_bin_test_msgs.html"></testcase><testcase group="codec.codec.text.flex_pretty.tickets.flex_compact_tickets.text.flex_pretty.binary.per_bin" name="end_per_group" time="0.007815" timestamp="2012-11-19T18:35:33" log="/home/karl/tmp/otp_tests/logs/megaco_test_logs/ct_run.ct@devbox.2012-11-19_18.26.56/tests.megaco_test.logs/run.2012-11-19_18.27.20/megaco_codec_v2_test.end_per_group.346533.868.html"></testcase><testcase group="codec.codec.text.flex_pretty.tickets.flex_compact_tickets.text.flex_pretty.binary" name="end_per_group" time="0.006067" timestamp="2012-11-19T18:35:33" log="/home/karl/tmp/otp_tests/logs/megaco_test_logs/ct_run.ct@devbox.2012-11-19_18.26.56/tests.megaco_test.logs/run.2012-11-19_18.27.20/megaco_codec_v2_test.end_per_group.346533.905.html"></testcase><testcase group="codec.codec.text.flex_pretty.tickets.flex_compact_tickets.text.flex_pretty.erl_dist" name="init_per_group" time="0.006149" timestamp="2012-11-19T18:35:33" log="/home/karl/tmp/otp_tests/logs/megaco_test_logs/ct_run.ct@devbox.2012-11-19_18.26.56/tests.megaco_test.logs/run.2012-11-19_18.27.20/megaco_codec_v2_test.init_per_group.346533.941.html"></testcase><testcase group="codec.codec.text.flex_pretty.tickets.flex_compact_tickets.text.flex_pretty.erl_dist.erl_dist_m" name="init_per_group" time="0.007554" timestamp="2012-11-19T18:35:33" log="/home/karl/tmp/otp_tests/logs/megaco_test_logs/ct_run.ct@devbox.2012-11-19_18.26.56/tests.megaco_test.logs/run.2012-11-19_18.27.20/megaco_codec_v2_test.init_per_group.346533.980.html"></testcase><testcase group="codec.codec.text.flex_pretty.tickets.flex_compact_tickets.text.flex_pretty.erl_dist.erl_dist_m" name="erl_dist_m_test_msgs" time="1.051816" timestamp="2012-11-19T18:35:34" log="/home/karl/tmp/otp_tests/logs/megaco_test_logs/ct_run.ct@devbox.2012-11-19_18.26.56/tests.megaco_test.logs/run.2012-11-19_18.27.20/megaco_codec_v2_test.erl_dist_m_test_msgs.html"></testcase><testcase group="codec.codec.text.flex_pretty.tickets.flex_compact_tickets.text.flex_pretty.erl_dist.erl_dist_m" name="end_per_group" time="0.006486" timestamp="2012-11-19T18:35:35" log="/home/karl/tmp/otp_tests/logs/megaco_test_logs/ct_run.ct@devbox.2012-11-19_18.26.56/tests.megaco_test.logs/run.2012-11-19_18.27.20/megaco_codec_v2_test.end_per_group.346535.98.html"></testcase><testcase group="codec.codec.text.flex_pretty.tickets.flex_compact_tickets.text.flex_pretty.erl_dist" name="end_per_group" time="0.008708" timestamp="2012-11-19T18:35:35" log="/home/karl/tmp/otp_tests/logs/megaco_test_logs/ct_run.ct@devbox.2012-11-19_18.26.56/tests.megaco_test.logs/run.2012-11-19_18.27.20/megaco_codec_v2_test.end_per_group.346535.136.html"></testcase><testcase group="codec.codec.text.flex_pretty.tickets.flex_compact_tickets.text.flex_pretty.tickets" name="init_per_group" time="0.005578" timestamp="2012-11-19T18:35:35" log="/home/karl/tmp/otp_tests/logs/megaco_test_logs/ct_run.ct@devbox.2012-11-19_18.26.56/tests.megaco_test.logs/run.2012-11-19_18.27.20/megaco_codec_v2_test.init_per_group.346535.176.html"></testcase><testcase group="codec.codec.text.flex_pretty.tickets.flex_compact_tickets.text.flex_pretty.tickets.compact_tickets" name="init_per_group" time="0.006095" timestamp="2012-11-19T18:35:35" log="/home/karl/tmp/otp_tests/logs/megaco_test_logs/ct_run.ct@devbox.2012-11-19_18.26.56/tests.megaco_test.logs/run.2012-11-19_18.27.20/megaco_codec_v2_test.init_per_group.346535.212.html"></testcase><testcase group="codec.codec.text.flex_pretty.tickets.flex_compact_tickets.text.flex_pretty.tickets.compact_tickets" name="compact_otp4011_msg1" time="1.015185" timestamp="2012-11-19T18:35:35" log="/home/karl/tmp/otp_tests/logs/megaco_test_logs/ct_run.ct@devbox.2012-11-19_18.26.56/tests.megaco_test.logs/run.2012-11-19_18.27.20/megaco_codec_v2_test.compact_otp4011_msg1.html"></testcase><testcase group="codec.codec.text.flex_pretty.tickets.flex_compact_tickets.text.flex_pretty.tickets.compact_tickets" name="compact_otp4011_msg2" time="1.015657" timestamp="2012-11-19T18:35:36" log="/home/karl/tmp/otp_tests/logs/megaco_test_logs/ct_run.ct@devbox.2012-11-19_18.26.56/tests.megaco_test.logs/run.2012-11-19_18.27.20/megaco_codec_v2_test.compact_otp4011_msg2.html"></testcase><testcase group="codec.codec.text.flex_pretty.tickets.flex_compact_tickets.text.flex_pretty.tickets.compact_tickets" name="compact_otp4011_msg3" time="1.015635" timestamp="2012-11-19T18:35:37" log="/home/karl/tmp/otp_tests/logs/megaco_test_logs/ct_run.ct@devbox.2012-11-19_18.26.56/tests.megaco_test.logs/run.2012-11-19_18.27.20/megaco_codec_v2_test.compact_otp4011_msg3.html"></testcase><testcase group="codec.codec.text.flex_pretty.tickets.flex_compact_tickets.text.flex_pretty.tickets.compact_tickets" name="compact_otp4013_msg1" time="1.019126" timestamp="2012-11-19T18:35:38" log="/home/karl/tmp/otp_tests/logs/megaco_test_logs/ct_run.ct@devbox.2012-11-19_18.26.56/tests.megaco_test.logs/run.2012-11-19_18.27.20/megaco_codec_v2_test.compact_otp4013_msg1.html"></testcase><testcase group="codec.codec.text.flex_pretty.tickets.flex_compact_tickets.text.flex_pretty.tickets.compact_tickets" name="compact_otp4085_msg1" time="1.015809" timestamp="2012-11-19T18:35:39" log="/home/karl/tmp/otp_tests/logs/megaco_test_logs/ct_run.ct@devbox.2012-11-19_18.26.56/tests.megaco_test.logs/run.2012-11-19_18.27.20/megaco_codec_v2_test.compact_otp4085_msg1.html"></testcase><testcase group="codec.codec.text.flex_pretty.tickets.flex_compact_tickets.text.flex_pretty.tickets.compact_tickets" name="compact_otp4085_msg2" time="1.015515" timestamp="2012-11-19T18:35:40" log="/home/karl/tmp/otp_tests/logs/megaco_test_logs/ct_run.ct@devbox.2012-11-19_18.26.56/tests.megaco_test.logs/run.2012-11-19_18.27.20/megaco_codec_v2_test.compact_otp4085_msg2.html"></testcase><testcase group="codec.codec.text.flex_pretty.tickets.flex_compact_tickets.text.flex_pretty.tickets.compact_tickets" name="compact_otp4280_msg1" time="1.019111" timestamp="2012-11-19T18:35:41" log="/home/karl/tmp/otp_tests/logs/megaco_test_logs/ct_run.ct@devbox.2012-11-19_18.26.56/tests.megaco_test.logs/run.2012-11-19_18.27.20/megaco_codec_v2_test.compact_otp4280_msg1.html"></testcase><testcase group="codec.codec.text.flex_pretty.tickets.flex_compact_tickets.text.flex_pretty.tickets.compact_tickets" name="compact_otp4299_msg1" time="1.017012" timestamp="2012-11-19T18:35:42" log="/home/karl/tmp/otp_tests/logs/megaco_test_logs/ct_run.ct@devbox.2012-11-19_18.26.56/tests.megaco_test.logs/run.2012-11-19_18.27.20/megaco_codec_v2_test.compact_otp4299_msg1.html"></testcase><testcase group="codec.codec.text.flex_pretty.tickets.flex_compact_tickets.text.flex_pretty.tickets.compact_tickets" name="compact_otp4299_msg2" time="1.024054" timestamp="2012-11-19T18:35:43" log="/home/karl/tmp/otp_tests/logs/megaco_test_logs/ct_run.ct@devbox.2012-11-19_18.26.56/tests.megaco_test.logs/run.2012-11-19_18.27.20/megaco_codec_v2_test.compact_otp4299_msg2.html"><skipped type="skip" message="Test compact_otp4299_msg2 in megaco_codec_v2_test skipped!">{tc_user_skip,{skipped,&quot;failed_loading_flex_scanner_driver: cannot open shared object file: No such file or directory&quot;}}</skipped></testcase><testcase group="codec.codec.text.flex_pretty.tickets.flex_compact_tickets.text.flex_pretty.tickets.compact_tickets" name="compact_otp4359_msg1" time="1.009919" timestamp="2012-11-19T18:35:44" log="/home/karl/tmp/otp_tests/logs/megaco_test_logs/ct_run.ct@devbox.2012-11-19_18.26.56/tests.megaco_test.logs/run.2012-11-19_18.27.20/megaco_codec_v2_test.compact_otp4359_msg1.html"></testcase><testcase group="codec.codec.text.flex_pretty.tickets.flex_compact_tickets.text.flex_pretty.tickets.compact_tickets" name="compact_otp4920_msg0" time="1.023412" timestamp="2012-11-19T18:35:45" log="/home/karl/tmp/otp_tests/logs/megaco_test_logs/ct_run.ct@devbox.2012-11-19_18.26.56/tests.megaco_test.logs/run.2012-11-19_18.27.20/megaco_codec_v2_test.compact_otp4920_msg0.html"></testcase><testcase group="codec.codec.text.flex_pretty.tickets.flex_compact_tickets.text.flex_pretty.tickets.compact_tickets" name="compact_otp4920_msg1" time="1.014683" timestamp="2012-11-19T18:35:46" log="/home/karl/tmp/otp_tests/logs/megaco_test_logs/ct_run.ct@devbox.2012-11-19_18.26.56/tests.megaco_test.logs/run.2012-11-19_18.27.20/megaco_codec_v2_test.compact_otp4920_msg1.html"></testcase><testcase group="codec.codec.text.flex_pretty.tickets.flex_compact_tickets.text.flex_pretty.tickets.compact_tickets" name="compact_otp4920_msg2" time="1.011697" timestamp="2012-11-19T18:35:47" log="/home/karl/tmp/otp_tests/logs/megaco_test_logs/ct_run.ct@devbox.2012-11-19_18.26.56/tests.megaco_test.logs/run.2012-11-19_18.27.20/megaco_codec_v2_test.compact_otp4920_msg2.html"></testcase><testcase group="codec.codec.text.flex_pretty.tickets.flex_compact_tickets.text.flex_pretty.tickets.compact_tickets" name="compact_otp4920_msg3" time="1.012294" timestamp="2012-11-19T18:35:49" log="/home/karl/tmp/otp_tests/logs/megaco_test_logs/ct_run.ct@devbox.2012-11-19_18.26.56/tests.megaco_test.logs/run.2012-11-19_18.27.20/megaco_codec_v2_test.compact_otp4920_msg3.html"></testcase><testcase group="codec.codec.text.flex_pretty.tickets.flex_compact_tickets.text.flex_pretty.tickets.compact_tickets" name="compact_otp4920_msg4" time="1.028155" timestamp="2012-11-19T18:35:50" log="/home/karl/tmp/otp_tests/logs/megaco_test_logs/ct_run.ct@devbox.2012-11-19_18.26.56/tests.megaco_test.logs/run.2012-11-19_18.27.20/megaco_codec_v2_test.compact_otp4920_msg4.html"></testcase><testcase group="codec.codec.text.flex_pretty.tickets.flex_compact_tickets.text.flex_pretty.tickets.compact_tickets" name="compact_otp4920_msg5" time="1.013749" timestamp="2012-11-19T18:35:51" log="/home/karl/tmp/otp_tests/logs/megaco_test_logs/ct_run.ct@devbox.2012-11-19_18.26.56/tests.megaco_test.logs/run.2012-11-19_18.27.20/megaco_codec_v2_test.compact_otp4920_msg5.html"></testcase><testcase group="codec.codec.text.flex_pretty.tickets.flex_compact_tickets.text.flex_pretty.tickets.compact_tickets" name="compact_otp4920_msg6" time="1.020625" timestamp="2012-11-19T18:35:52" log="/home/karl/tmp/otp_tests/logs/megaco_test_logs/ct_run.ct@devbox.2012-11-19_18.26.56/tests.megaco_test.logs/run.2012-11-19_18.27.20/megaco_codec_v2_test.compact_otp4920_msg6.html"></testcase><testcase group="codec.codec.text.flex_pretty.tickets.flex_compact_tickets.text.flex_pretty.tickets.compact_tickets" name="compact_otp4920_msg7" time="1.015842" timestamp="2012-11-19T18:35:53" log="/home/karl/tmp/otp_tests/logs/megaco_test_logs/ct_run.ct@devbox.2012-11-19_18.26.56/tests.megaco_test.logs/run.2012-11-19_18.27.20/megaco_codec_v2_test.compact_otp4920_msg7.html"></testcase><testcase group="codec.codec.text.flex_pretty.tickets.flex_compact_tickets.text.flex_pretty.tickets.compact_tickets" name="compact_otp4920_msg8" time="1.017141" timestamp="2012-11-19T18:35:54" log="/home/karl/tmp/otp_tests/logs/megaco_test_logs/ct_run.ct@devbox.2012-11-19_18.26.56/tests.megaco_test.logs/run.2012-11-19_18.27.20/megaco_codec_v2_test.compact_otp4920_msg8.html"></testcase><testcase group="codec.codec.text.flex_pretty.tickets.flex_compact_tickets.text.flex_pretty.tickets.compact_tickets" name="compact_otp4920_msg9" time="1.028571" timestamp="2012-11-19T18:35:55" log="/home/karl/tmp/otp_tests/logs/megaco_test_logs/ct_run.ct@devbox.2012-11-19_18.26.56/tests.megaco_test.logs/run.2012-11-19_18.27.20/megaco_codec_v2_test.compact_otp4920_msg9.html"></testcase><testcase group="codec.codec.text.flex_pretty.tickets.flex_compact_tickets.text.flex_pretty.tickets.compact_tickets" name="compact_otp4920_msg10" time="1.014646" timestamp="2012-11-19T18:35:56" log="/home/karl/tmp/otp_tests/logs/megaco_test_logs/ct_run.ct@devbox.2012-11-19_18.26.56/tests.megaco_test.logs/run.2012-11-19_18.27.20/megaco_codec_v2_test.compact_otp4920_msg10.html"></testcase><testcase group="codec.codec.text.flex_pretty.tickets.flex_compact_tickets.text.flex_pretty.tickets.compact_tickets" name="compact_otp4920_msg11" time="1.016023" timestamp="2012-11-19T18:35:57" log="/home/karl/tmp/otp_tests/logs/megaco_test_logs/ct_run.ct@devbox.2012-11-19_18.26.56/tests.megaco_test.logs/run.2012-11-19_18.27.20/megaco_codec_v2_test.compact_otp4920_msg11.html"></testcase><testcase group="codec.codec.text.flex_pretty.tickets.flex_compact_tickets.text.flex_pretty.tickets.compact_tickets" name="compact_otp4920_msg12" time="1.015465" timestamp="2012-11-19T18:35:58" log="/home/karl/tmp/otp_tests/logs/megaco_test_logs/ct_run.ct@devbox.2012-11-19_18.26.56/tests.megaco_test.logs/run.2012-11-19_18.27.20/megaco_codec_v2_test.compact_otp4920_msg12.html"></testcase><testcase group="codec.codec.text.flex_pretty.tickets.flex_compact_tickets.text.flex_pretty.tickets.compact_tickets" name="compact_otp4920_msg20" time="1.016120" timestamp="2012-11-19T18:35:59" log="/home/karl/tmp/otp_tests/logs/megaco_test_logs/ct_run.ct@devbox.2012-11-19_18.26.56/tests.megaco_test.logs/run.2012-11-19_18.27.20/megaco_codec_v2_test.compact_otp4920_msg20.html"></testcase><testcase group="codec.codec.text.flex_pretty.tickets.flex_compact_tickets.text.flex_pretty.tickets.compact_tickets" name="compact_otp4920_msg21" time="1.012346" timestamp="2012-11-19T18:36:00" log="/home/karl/tmp/otp_tests/logs/megaco_test_logs/ct_run.ct@devbox.2012-11-19_18.26.56/tests.megaco_test.logs/run.2012-11-19_18.27.20/megaco_codec_v2_test.compact_otp4920_msg21.html"></testcase><testcase group="codec.codec.text.flex_pretty.tickets.flex_compact_tickets.text.flex_pretty.tickets.compact_tickets" name="compact_otp4920_msg22" time="1.013560" timestamp="2012-11-19T18:36:01" log="/home/karl/tmp/otp_tests/logs/megaco_test_logs/ct_run.ct@devbox.2012-11-19_18.26.56/tests.megaco_test.logs/run.2012-11-19_18.27.20/megaco_codec_v2_test.compact_otp4920_msg22.html"></testcase><testcase group="codec.codec.text.flex_pretty.tickets.flex_compact_tickets.text.flex_pretty.tickets.compact_tickets" name="compact_otp4920_msg23" time="1.013334" timestamp="2012-11-19T18:36:02" log="/home/karl/tmp/otp_tests/logs/megaco_test_logs/ct_run.ct@devbox.2012-11-19_18.26.56/tests.megaco_test.logs/run.2012-11-19_18.27.20/megaco_codec_v2_test.compact_otp4920_msg23.html"></testcase><testcase group="codec.codec.text.flex_pretty.tickets.flex_compact_tickets.text.flex_pretty.tickets.compact_tickets" name="compact_otp4920_msg24" time="1.014062" timestamp="2012-11-19T18:36:03" log="/home/karl/tmp/otp_tests/logs/megaco_test_logs/ct_run.ct@devbox.2012-11-19_18.26.56/tests.megaco_test.logs/run.2012-11-19_18.27.20/megaco_codec_v2_test.compact_otp4920_msg24.html"></testcase><testcase group="codec.codec.text.flex_pretty.tickets.flex_compact_tickets.text.flex_pretty.tickets.compact_tickets" name="compact_otp4920_msg25" time="1.012877" timestamp="2012-11-19T18:36:04" log="/home/karl/tmp/otp_tests/logs/megaco_test_logs/ct_run.ct@devbox.2012-11-19_18.26.56/tests.megaco_test.logs/run.2012-11-19_18.27.20/megaco_codec_v2_test.compact_otp4920_msg25.html"></testcase><testcase group="codec.codec.text.flex_pretty.tickets.flex_compact_tickets.text.flex_pretty.tickets.compact_tickets" name="compact_otp5186_msg01" time="1.027543" timestamp="2012-11-19T18:36:05" log="/home/karl/tmp/otp_tests/logs/megaco_test_logs/ct_run.ct@devbox.2012-11-19_18.26.56/tests.megaco_test.logs/run.2012-11-19_18.27.20/megaco_codec_v2_test.compact_otp5186_msg01.html"></testcase><testcase group="codec.codec.text.flex_pretty.tickets.flex_compact_tickets.text.flex_pretty.tickets.compact_tickets" name="compact_otp5186_msg02" time="1.016026" timestamp="2012-11-19T18:36:07" log="/home/karl/tmp/otp_tests/logs/megaco_test_logs/ct_run.ct@devbox.2012-11-19_18.26.56/tests.megaco_test.logs/run.2012-11-19_18.27.20/megaco_codec_v2_test.compact_otp5186_msg02.html"></testcase><testcase group="codec.codec.text.flex_pretty.tickets.flex_compact_tickets.text.flex_pretty.tickets.compact_tickets" name="compact_otp5186_msg03" time="1.013691" timestamp="2012-11-19T18:36:08" log="/home/karl/tmp/otp_tests/logs/megaco_test_logs/ct_run.ct@devbox.2012-11-19_18.26.56/tests.megaco_test.logs/run.2012-11-19_18.27.20/megaco_codec_v2_test.compact_otp5186_msg03.html"></testcase><testcase group="codec.codec.text.flex_pretty.tickets.flex_compact_tickets.text.flex_pretty.tickets.compact_tickets" name="compact_otp5186_msg04" time="1.014412" timestamp="2012-11-19T18:36:09" log="/home/karl/tmp/otp_tests/logs/megaco_test_logs/ct_run.ct@devbox.2012-11-19_18.26.56/tests.megaco_test.logs/run.2012-11-19_18.27.20/megaco_codec_v2_test.compact_otp5186_msg04.html"></testcase><testcase group="codec.codec.text.flex_pretty.tickets.flex_compact_tickets.text.flex_pretty.tickets.compact_tickets" name="compact_otp5186_msg05" time="1.015193" timestamp="2012-11-19T18:36:10" log="/home/karl/tmp/otp_tests/logs/megaco_test_logs/ct_run.ct@devbox.2012-11-19_18.26.56/tests.megaco_test.logs/run.2012-11-19_18.27.20/megaco_codec_v2_test.compact_otp5186_msg05.html"></testcase><testcase group="codec.codec.text.flex_pretty.tickets.flex_compact_tickets.text.flex_pretty.tickets.compact_tickets" name="compact_otp5186_msg06" time="1.013282" timestamp="2012-11-19T18:36:11" log="/home/karl/tmp/otp_tests/logs/megaco_test_logs/ct_run.ct@devbox.2012-11-19_18.26.56/tests.megaco_test.logs/run.2012-11-19_18.27.20/megaco_codec_v2_test.compact_otp5186_msg06.html"></testcase><testcase group="codec.codec.text.flex_pretty.tickets.flex_compact_tickets.text.flex_pretty.tickets.compact_tickets" name="compact_otp5290_msg01" time="1.012850" timestamp="2012-11-19T18:36:12" log="/home/karl/tmp/otp_tests/logs/megaco_test_logs/ct_run.ct@devbox.2012-11-19_18.26.56/tests.megaco_test.logs/run.2012-11-19_18.27.20/megaco_codec_v2_test.compact_otp5290_msg01.html"></testcase><testcase group="codec.codec.text.flex_pretty.tickets.flex_compact_tickets.text.flex_pretty.tickets.compact_tickets" name="compact_otp5290_msg02" time="1.008223" timestamp="2012-11-19T18:36:13" log="/home/karl/tmp/otp_tests/logs/megaco_test_logs/ct_run.ct@devbox.2012-11-19_18.26.56/tests.megaco_test.logs/run.2012-11-19_18.27.20/megaco_codec_v2_test.compact_otp5290_msg02.html"></testcase><testcase group="codec.codec.text.flex_pretty.tickets.flex_compact_tickets.text.flex_pretty.tickets.compact_tickets" name="compact_otp5793_msg01" time="1.010723" timestamp="2012-11-19T18:36:14" log="/home/karl/tmp/otp_tests/logs/megaco_test_logs/ct_run.ct@devbox.2012-11-19_18.26.56/tests.megaco_test.logs/run.2012-11-19_18.27.20/megaco_codec_v2_test.compact_otp5793_msg01.html"></testcase><testcase group="codec.codec.text.flex_pretty.tickets.flex_compact_tickets.text.flex_pretty.tickets.compact_tickets" name="compact_otp5993_msg01" time="1.014797" timestamp="2012-11-19T18:36:15" log="/home/karl/tmp/otp_tests/logs/megaco_test_logs/ct_run.ct@devbox.2012-11-19_18.26.56/tests.megaco_test.logs/run.2012-11-19_18.27.20/megaco_codec_v2_test.compact_otp5993_msg01.html"></testcase><testcase group="codec.codec.text.flex_pretty.tickets.flex_compact_tickets.text.flex_pretty.tickets.compact_tickets" name="compact_otp5993_msg02" time="1.011112" timestamp="2012-11-19T18:36:16" log="/home/karl/tmp/otp_tests/logs/megaco_test_logs/ct_run.ct@devbox.2012-11-19_18.26.56/tests.megaco_test.logs/run.2012-11-19_18.27.20/megaco_codec_v2_test.compact_otp5993_msg02.html"></testcase><testcase group="codec.codec.text.flex_pretty.tickets.flex_compact_tickets.text.flex_pretty.tickets.compact_tickets" name="compact_otp5993_msg03" time="1.012950" timestamp="2012-11-19T18:36:17" log="/home/karl/tmp/otp_tests/logs/megaco_test_logs/ct_run.ct@devbox.2012-11-19_18.26.56/tests.megaco_test.logs/run.2012-11-19_18.27.20/megaco_codec_v2_test.compact_otp5993_msg03.html"></testcase><testcase group="codec.codec.text.flex_pretty.tickets.flex_compact_tickets.text.flex_pretty.tickets.compact_tickets" name="compact_otp6017_msg01" time="1.012514" timestamp="2012-11-19T18:36:18" log="/home/karl/tmp/otp_tests/logs/megaco_test_logs/ct_run.ct@devbox.2012-11-19_18.26.56/tests.megaco_test.logs/run.2012-11-19_18.27.20/megaco_codec_v2_test.compact_otp6017_msg01.html"></testcase><testcase group="codec.codec.text.flex_pretty.tickets.flex_compact_tickets.text.flex_pretty.tickets.compact_tickets" name="compact_otp6017_msg02" time="1.017229" timestamp="2012-11-19T18:36:19" log="/home/karl/tmp/otp_tests/logs/megaco_test_logs/ct_run.ct@devbox.2012-11-19_18.26.56/tests.megaco_test.logs/run.2012-11-19_18.27.20/megaco_codec_v2_test.compact_otp6017_msg02.html"></testcase><testcase group="codec.codec.text.flex_pretty.tickets.flex_compact_tickets.text.flex_pretty.tickets.compact_tickets" name="compact_otp6017_msg03" time="1.012330" timestamp="2012-11-19T18:36:20" log="/home/karl/tmp/otp_tests/logs/megaco_test_logs/ct_run.ct@devbox.2012-11-19_18.26.56/tests.megaco_test.logs/run.2012-11-19_18.27.20/megaco_codec_v2_test.compact_otp6017_msg03.html"></testcase><testcase group="codec.codec.text.flex_pretty.tickets.flex_compact_tickets.text.flex_pretty.tickets.compact_tickets" name="compact_otp7138_msg01" time="1.015033" timestamp="2012-11-19T18:36:21" log="/home/karl/tmp/otp_tests/logs/megaco_test_logs/ct_run.ct@devbox.2012-11-19_18.26.56/tests.megaco_test.logs/run.2012-11-19_18.27.20/megaco_codec_v2_test.compact_otp7138_msg01.html"></testcase><testcase group="codec.codec.text.flex_pretty.tickets.flex_compact_tickets.text.flex_pretty.tickets.compact_tickets" name="compact_otp7138_msg02" time="1.014095" timestamp="2012-11-19T18:36:22" log="/home/karl/tmp/otp_tests/logs/megaco_test_logs/ct_run.ct@devbox.2012-11-19_18.26.56/tests.megaco_test.logs/run.2012-11-19_18.27.20/megaco_codec_v2_test.compact_otp7138_msg02.html"></testcase><testcase group="codec.codec.text.flex_pretty.tickets.flex_compact_tickets.text.flex_pretty.tickets.compact_tickets" name="compact_otp7457_msg01" time="1.013637" timestamp="2012-11-19T18:36:23" log="/home/karl/tmp/otp_tests/logs/megaco_test_logs/ct_run.ct@devbox.2012-11-19_18.26.56/tests.megaco_test.logs/run.2012-11-19_18.27.20/megaco_codec_v2_test.compact_otp7457_msg01.html"></testcase><testcase group="codec.codec.text.flex_pretty.tickets.flex_compact_tickets.text.flex_pretty.tickets.compact_tickets" name="compact_otp7457_msg02" time="1.014437" timestamp="2012-11-19T18:36:24" log="/home/karl/tmp/otp_tests/logs/megaco_test_logs/ct_run.ct@devbox.2012-11-19_18.26.56/tests.megaco_test.logs/run.2012-11-19_18.27.20/megaco_codec_v2_test.compact_otp7457_msg02.html"></testcase><testcase group="codec.codec.text.flex_pretty.tickets.flex_compact_tickets.text.flex_pretty.tickets.compact_tickets" name="compact_otp7457_msg03" time="1.014353" timestamp="2012-11-19T18:36:25" log="/home/karl/tmp/otp_tests/logs/megaco_test_logs/ct_run.ct@devbox.2012-11-19_18.26.56/tests.megaco_test.logs/run.2012-11-19_18.27.20/megaco_codec_v2_test.compact_otp7457_msg03.html"></testcase><testcase group="codec.codec.text.flex_pretty.tickets.flex_compact_tickets.text.flex_pretty.tickets.compact_tickets" name="compact_otp7534_msg01" time="0.009685" timestamp="2012-11-19T18:36:27" log="/home/karl/tmp/otp_tests/logs/megaco_test_logs/ct_run.ct@devbox.2012-11-19_18.26.56/tests.megaco_test.logs/run.2012-11-19_18.27.20/megaco_codec_v2_test.compact_otp7534_msg01.html"></testcase><testcase group="codec.codec.text.flex_pretty.tickets.flex_compact_tickets.text.flex_pretty.tickets.compact_tickets" name="compact_otp7576_msg01" time="1.012814" timestamp="2012-11-19T18:36:27" log="/home/karl/tmp/otp_tests/logs/megaco_test_logs/ct_run.ct@devbox.2012-11-19_18.26.56/tests.megaco_test.logs/run.2012-11-19_18.27.20/megaco_codec_v2_test.compact_otp7576_msg01.html"></testcase><testcase group="codec.codec.text.flex_pretty.tickets.flex_compact_tickets.text.flex_pretty.tickets.compact_tickets" name="compact_otp7671_msg01" time="0.010648" timestamp="2012-11-19T18:36:28" log="/home/karl/tmp/otp_tests/logs/megaco_test_logs/ct_run.ct@devbox.2012-11-19_18.26.56/tests.megaco_test.logs/run.2012-11-19_18.27.20/megaco_codec_v2_test.compact_otp7671_msg01.html"></testcase><testcase group="codec.codec.text.flex_pretty.tickets.flex_compact_tickets.text.flex_pretty.tickets.compact_tickets" name="end_per_group" time="0.009196" timestamp="2012-11-19T18:36:28" log="/home/karl/tmp/otp_tests/logs/megaco_test_logs/ct_run.ct@devbox.2012-11-19_18.26.56/tests.megaco_test.logs/run.2012-11-19_18.27.20/megaco_codec_v2_test.end_per_group.346588.167.html"></testcase><testcase group="codec.codec.text.flex_pretty.tickets.flex_compact_tickets.text.flex_pretty.tickets.pretty_tickets" name="init_per_group" time="0.009652" timestamp="2012-11-19T18:36:28" log="/home/karl/tmp/otp_tests/logs/megaco_test_logs/ct_run.ct@devbox.2012-11-19_18.26.56/tests.megaco_test.logs/run.2012-11-19_18.27.20/megaco_codec_v2_test.init_per_group.346588.212.html"></testcase><testcase group="codec.codec.text.flex_pretty.tickets.flex_compact_tickets.text.flex_pretty.tickets.pretty_tickets" name="pretty_otp4632_msg1" time="1.012347" timestamp="2012-11-19T18:36:28" log="/home/karl/tmp/otp_tests/logs/megaco_test_logs/ct_run.ct@devbox.2012-11-19_18.26.56/tests.megaco_test.logs/run.2012-11-19_18.27.20/megaco_codec_v2_test.pretty_otp4632_msg1.html"></testcase><testcase group="codec.codec.text.flex_pretty.tickets.flex_compact_tickets.text.flex_pretty.tickets.pretty_tickets" name="pretty_otp4632_msg2" time="1.013502" timestamp="2012-11-19T18:36:29" log="/home/karl/tmp/otp_tests/logs/megaco_test_logs/ct_run.ct@devbox.2012-11-19_18.26.56/tests.megaco_test.logs/run.2012-11-19_18.27.20/megaco_codec_v2_test.pretty_otp4632_msg2.html"></testcase><testcase group="codec.codec.text.flex_pretty.tickets.flex_compact_tickets.text.flex_pretty.tickets.pretty_tickets" name="pretty_otp4632_msg3" time="1.012811" timestamp="2012-11-19T18:36:30" log="/home/karl/tmp/otp_tests/logs/megaco_test_logs/ct_run.ct@devbox.2012-11-19_18.26.56/tests.megaco_test.logs/run.2012-11-19_18.27.20/megaco_codec_v2_test.pretty_otp4632_msg3.html"></testcase><testcase group="codec.codec.text.flex_pretty.tickets.flex_compact_tickets.text.flex_pretty.tickets.pretty_tickets" name="pretty_otp4632_msg4" time="1.014508" timestamp="2012-11-19T18:36:31" log="/home/karl/tmp/otp_tests/logs/megaco_test_logs/ct_run.ct@devbox.2012-11-19_18.26.56/tests.megaco_test.logs/run.2012-11-19_18.27.20/megaco_codec_v2_test.pretty_otp4632_msg4.html"></testcase><testcase group="codec.codec.text.flex_pretty.tickets.flex_compact_tickets.text.flex_pretty.tickets.pretty_tickets" name="pretty_otp4710_msg1" time="1.015038" timestamp="2012-11-19T18:36:32" log="/home/karl/tmp/otp_tests/logs/megaco_test_logs/ct_run.ct@devbox.2012-11-19_18.26.56/tests.megaco_test.logs/run.2012-11-19_18.27.20/megaco_codec_v2_test.pretty_otp4710_msg1.html"></testcase><testcase group="codec.codec.text.flex_pretty.tickets.flex_compact_tickets.text.flex_pretty.tickets.pretty_tickets" name="pretty_otp4710_msg2" time="1.012687" timestamp="2012-11-19T18:36:33" log="/home/karl/tmp/otp_tests/logs/megaco_test_logs/ct_run.ct@devbox.2012-11-19_18.26.56/tests.megaco_test.logs/run.2012-11-19_18.27.20/megaco_codec_v2_test.pretty_otp4710_msg2.html"></testcase><testcase group="codec.codec.text.flex_pretty.tickets.flex_compact_tickets.text.flex_pretty.tickets.pretty_tickets" name="pretty_otp4945_msg1" time="1.030998" timestamp="2012-11-19T18:36:34" log="/home/karl/tmp/otp_tests/logs/megaco_test_logs/ct_run.ct@devbox.2012-11-19_18.26.56/tests.megaco_test.logs/run.2012-11-19_18.27.20/megaco_codec_v2_test.pretty_otp4945_msg1.html"></testcase><testcase group="codec.codec.text.flex_pretty.tickets.flex_compact_tickets.text.flex_pretty.tickets.pretty_tickets" name="pretty_otp4945_msg2" time="1.008006" timestamp="2012-11-19T18:36:35" log="/home/karl/tmp/otp_tests/logs/megaco_test_logs/ct_run.ct@devbox.2012-11-19_18.26.56/tests.megaco_test.logs/run.2012-11-19_18.27.20/megaco_codec_v2_test.pretty_otp4945_msg2.html"></testcase><testcase group="codec.codec.text.flex_pretty.tickets.flex_compact_tickets.text.flex_pretty.tickets.pretty_tickets" name="pretty_otp4945_msg3" time="1.022867" timestamp="2012-11-19T18:36:36" log="/home/karl/tmp/otp_tests/logs/megaco_test_logs/ct_run.ct@devbox.2012-11-19_18.26.56/tests.megaco_test.logs/run.2012-11-19_18.27.20/megaco_codec_v2_test.pretty_otp4945_msg3.html"></testcase><testcase group="codec.codec.text.flex_pretty.tickets.flex_compact_tickets.text.flex_pretty.tickets.pretty_tickets" name="pretty_otp4945_msg4" time="1.015603" timestamp="2012-11-19T18:36:37" log="/home/karl/tmp/otp_tests/logs/megaco_test_logs/ct_run.ct@devbox.2012-11-19_18.26.56/tests.megaco_test.logs/run.2012-11-19_18.27.20/megaco_codec_v2_test.pretty_otp4945_msg4.html"></testcase><testcase group="codec.codec.text.flex_pretty.tickets.flex_compact_tickets.text.flex_pretty.tickets.pretty_tickets" name="pretty_otp4945_msg5" time="1.014048" timestamp="2012-11-19T18:36:38" log="/home/karl/tmp/otp_tests/logs/megaco_test_logs/ct_run.ct@devbox.2012-11-19_18.26.56/tests.megaco_test.logs/run.2012-11-19_18.27.20/megaco_codec_v2_test.pretty_otp4945_msg5.html"></testcase><testcase group="codec.codec.text.flex_pretty.tickets.flex_compact_tickets.text.flex_pretty.tickets.pretty_tickets" name="pretty_otp4945_msg6" time="1.013687" timestamp="2012-11-19T18:36:39" log="/home/karl/tmp/otp_tests/logs/megaco_test_logs/ct_run.ct@devbox.2012-11-19_18.26.56/tests.megaco_test.logs/run.2012-11-19_18.27.20/megaco_codec_v2_test.pretty_otp4945_msg6.html"></testcase><testcase group="codec.codec.text.flex_pretty.tickets.flex_compact_tickets.text.flex_pretty.tickets.pretty_tickets" name="pretty_otp4949_msg1" time="1.014366" timestamp="2012-11-19T18:36:40" log="/home/karl/tmp/otp_tests/logs/megaco_test_logs/ct_run.ct@devbox.2012-11-19_18.26.56/tests.megaco_test.logs/run.2012-11-19_18.27.20/megaco_codec_v2_test.pretty_otp4949_msg1.html"></testcase><testcase group="codec.codec.text.flex_pretty.tickets.flex_compact_tickets.text.flex_pretty.tickets.pretty_tickets" name="pretty_otp4949_msg2" time="1.014959" timestamp="2012-11-19T18:36:42" log="/home/karl/tmp/otp_tests/logs/megaco_test_logs/ct_run.ct@devbox.2012-11-19_18.26.56/tests.megaco_test.logs/run.2012-11-19_18.27.20/megaco_codec_v2_test.pretty_otp4949_msg2.html"></testcase><testcase group="codec.codec.text.flex_pretty.tickets.flex_compact_tickets.text.flex_pretty.tickets.pretty_tickets" name="pretty_otp4949_msg3" time="1.014078" timestamp="2012-11-19T18:36:43" log="/home/karl/tmp/otp_tests/logs/megaco_test_logs/ct_run.ct@devbox.2012-11-19_18.26.56/tests.megaco_test.logs/run.2012-11-19_18.27.20/megaco_codec_v2_test.pretty_otp4949_msg3.html"></testcase><testcase group="codec.codec.text.flex_pretty.tickets.flex_compact_tickets.text.flex_pretty.tickets.pretty_tickets" name="pretty_otp5042_msg1" time="1.015731" timestamp="2012-11-19T18:36:44" log="/home/karl/tmp/otp_tests/logs/megaco_test_logs/ct_run.ct@devbox.2012-11-19_18.26.56/tests.megaco_test.logs/run.2012-11-19_18.27.20/megaco_codec_v2_test.pretty_otp5042_msg1.html"></testcase><testcase group="codec.codec.text.flex_pretty.tickets.flex_compact_tickets.text.flex_pretty.tickets.pretty_tickets" name="pretty_otp5068_msg1" time="1.013741" timestamp="2012-11-19T18:36:45" log="/home/karl/tmp/otp_tests/logs/megaco_test_logs/ct_run.ct@devbox.2012-11-19_18.26.56/tests.megaco_test.logs/run.2012-11-19_18.27.20/megaco_codec_v2_test.pretty_otp5068_msg1.html"></testcase><testcase group="codec.codec.text.flex_pretty.tickets.flex_compact_tickets.text.flex_pretty.tickets.pretty_tickets" name="pretty_otp5085_msg1" time="1.013426" timestamp="2012-11-19T18:36:46" log="/home/karl/tmp/otp_tests/logs/megaco_test_logs/ct_run.ct@devbox.2012-11-19_18.26.56/tests.megaco_test.logs/run.2012-11-19_18.27.20/megaco_codec_v2_test.pretty_otp5085_msg1.html"></testcase><testcase group="codec.codec.text.flex_pretty.tickets.flex_compact_tickets.text.flex_pretty.tickets.pretty_tickets" name="pretty_otp5085_msg2" time="1.013234" timestamp="2012-11-19T18:36:47" log="/home/karl/tmp/otp_tests/logs/megaco_test_logs/ct_run.ct@devbox.2012-11-19_18.26.56/tests.megaco_test.logs/run.2012-11-19_18.27.20/megaco_codec_v2_test.pretty_otp5085_msg2.html"></testcase><testcase group="codec.codec.text.flex_pretty.tickets.flex_compact_tickets.text.flex_pretty.tickets.pretty_tickets" name="pretty_otp5085_msg3" time="1.012081" timestamp="2012-11-19T18:36:48" log="/home/karl/tmp/otp_tests/logs/megaco_test_logs/ct_run.ct@devbox.2012-11-19_18.26.56/tests.megaco_test.logs/run.2012-11-19_18.27.20/megaco_codec_v2_test.pretty_otp5085_msg3.html"></testcase><testcase group="codec.codec.text.flex_pretty.tickets.flex_compact_tickets.text.flex_pretty.tickets.pretty_tickets" name="pretty_otp5085_msg4" time="1.012021" timestamp="2012-11-19T18:36:49" log="/home/karl/tmp/otp_tests/logs/megaco_test_logs/ct_run.ct@devbox.2012-11-19_18.26.56/tests.megaco_test.logs/run.2012-11-19_18.27.20/megaco_codec_v2_test.pretty_otp5085_msg4.html"></testcase><testcase group="codec.codec.text.flex_pretty.tickets.flex_compact_tickets.text.flex_pretty.tickets.pretty_tickets" name="pretty_otp5085_msg5" time="1.010994" timestamp="2012-11-19T18:36:50" log="/home/karl/tmp/otp_tests/logs/megaco_test_logs/ct_run.ct@devbox.2012-11-19_18.26.56/tests.megaco_test.logs/run.2012-11-19_18.27.20/megaco_codec_v2_test.pretty_otp5085_msg5.html"></testcase><testcase group="codec.codec.text.flex_pretty.tickets.flex_compact_tickets.text.flex_pretty.tickets.pretty_tickets" name="pretty_otp5085_msg6" time="1.013924" timestamp="2012-11-19T18:36:51" log="/home/karl/tmp/otp_tests/logs/megaco_test_logs/ct_run.ct@devbox.2012-11-19_18.26.56/tests.megaco_test.logs/run.2012-11-19_18.27.20/megaco_codec_v2_test.pretty_otp5085_msg6.html"></testcase><testcase group="codec.codec.text.flex_pretty.tickets.flex_compact_tickets.text.flex_pretty.tickets.pretty_tickets" name="pretty_otp5085_msg7" time="1.015017" timestamp="2012-11-19T18:36:52" log="/home/karl/tmp/otp_tests/logs/megaco_test_logs/ct_run.ct@devbox.2012-11-19_18.26.56/tests.megaco_test.logs/run.2012-11-19_18.27.20/megaco_codec_v2_test.pretty_otp5085_msg7.html"></testcase><testcase group="codec.codec.text.flex_pretty.tickets.flex_compact_tickets.text.flex_pretty.tickets.pretty_tickets" name="pretty_otp5600_msg1" time="1.025279" timestamp="2012-11-19T18:36:53" log="/home/karl/tmp/otp_tests/logs/megaco_test_logs/ct_run.ct@devbox.2012-11-19_18.26.56/tests.megaco_test.logs/run.2012-11-19_18.27.20/megaco_codec_v2_test.pretty_otp5600_msg1.html"></testcase><testcase group="codec.codec.text.flex_pretty.tickets.flex_compact_tickets.text.flex_pretty.tickets.pretty_tickets" name="pretty_otp5600_msg2" time="1.017291" timestamp="2012-11-19T18:36:54" log="/home/karl/tmp/otp_tests/logs/megaco_test_logs/ct_run.ct@devbox.2012-11-19_18.26.56/tests.megaco_test.logs/run.2012-11-19_18.27.20/megaco_codec_v2_test.pretty_otp5600_msg2.html"></testcase><testcase group="codec.codec.text.flex_pretty.tickets.flex_compact_tickets.text.flex_pretty.tickets.pretty_tickets" name="pretty_otp5601_msg1" time="1.013235" timestamp="2012-11-19T18:36:55" log="/home/karl/tmp/otp_tests/logs/megaco_test_logs/ct_run.ct@devbox.2012-11-19_18.26.56/tests.megaco_test.logs/run.2012-11-19_18.27.20/megaco_codec_v2_test.pretty_otp5601_msg1.html"></testcase><testcase group="codec.codec.text.flex_pretty.tickets.flex_compact_tickets.text.flex_pretty.tickets.pretty_tickets" name="pretty_otp5793_msg01" time="1.014272" timestamp="2012-11-19T18:36:56" log="/home/karl/tmp/otp_tests/logs/megaco_test_logs/ct_run.ct@devbox.2012-11-19_18.26.56/tests.megaco_test.logs/run.2012-11-19_18.27.20/megaco_codec_v2_test.pretty_otp5793_msg01.html"></testcase><testcase group="codec.codec.text.flex_pretty.tickets.flex_compact_tickets.text.flex_pretty.tickets.pretty_tickets" name="pretty_otp5882_msg01" time="1.017007" timestamp="2012-11-19T18:36:57" log="/home/karl/tmp/otp_tests/logs/megaco_test_logs/ct_run.ct@devbox.2012-11-19_18.26.56/tests.megaco_test.logs/run.2012-11-19_18.27.20/megaco_codec_v2_test.pretty_otp5882_msg01.html"></testcase><testcase group="codec.codec.text.flex_pretty.tickets.flex_compact_tickets.text.flex_pretty.tickets.pretty_tickets" name="pretty_otp6490_msg01" time="0.005905" timestamp="2012-11-19T18:36:58" log="/home/karl/tmp/otp_tests/logs/megaco_test_logs/ct_run.ct@devbox.2012-11-19_18.26.56/tests.megaco_test.logs/run.2012-11-19_18.27.20/megaco_codec_v2_test.pretty_otp6490_msg01.html"></testcase><testcase group="codec.codec.text.flex_pretty.tickets.flex_compact_tickets.text.flex_pretty.tickets.pretty_tickets" name="pretty_otp6490_msg02" time="0.006155" timestamp="2012-11-19T18:36:59" log="/home/karl/tmp/otp_tests/logs/megaco_test_logs/ct_run.ct@devbox.2012-11-19_18.26.56/tests.megaco_test.logs/run.2012-11-19_18.27.20/megaco_codec_v2_test.pretty_otp6490_msg02.html"></testcase><testcase group="codec.codec.text.flex_pretty.tickets.flex_compact_tickets.text.flex_pretty.tickets.pretty_tickets" name="pretty_otp6490_msg03" time="0.005513" timestamp="2012-11-19T18:36:59" log="/home/karl/tmp/otp_tests/logs/megaco_test_logs/ct_run.ct@devbox.2012-11-19_18.26.56/tests.megaco_test.logs/run.2012-11-19_18.27.20/megaco_codec_v2_test.pretty_otp6490_msg03.html"></testcase><testcase group="codec.codec.text.flex_pretty.tickets.flex_compact_tickets.text.flex_pretty.tickets.pretty_tickets" name="pretty_otp6490_msg04" time="0.004875" timestamp="2012-11-19T18:36:59" log="/home/karl/tmp/otp_tests/logs/megaco_test_logs/ct_run.ct@devbox.2012-11-19_18.26.56/tests.megaco_test.logs/run.2012-11-19_18.27.20/megaco_codec_v2_test.pretty_otp6490_msg04.html"></testcase><testcase group="codec.codec.text.flex_pretty.tickets.flex_compact_tickets.text.flex_pretty.tickets.pretty_tickets" name="pretty_otp6490_msg05" time="0.005168" timestamp="2012-11-19T18:36:59" log="/home/karl/tmp/otp_tests/logs/megaco_test_logs/ct_run.ct@devbox.2012-11-19_18.26.56/tests.megaco_test.logs/run.2012-11-19_18.27.20/megaco_codec_v2_test.pretty_otp6490_msg05.html"></testcase><testcase group="codec.codec.text.flex_pretty.tickets.flex_compact_tickets.text.flex_pretty.tickets.pretty_tickets" name="pretty_otp6490_msg06" time="0.006275" timestamp="2012-11-19T18:36:59" log="/home/karl/tmp/otp_tests/logs/megaco_test_logs/ct_run.ct@devbox.2012-11-19_18.26.56/tests.megaco_test.logs/run.2012-11-19_18.27.20/megaco_codec_v2_test.pretty_otp6490_msg06.html"></testcase><testcase group="codec.codec.text.flex_pretty.tickets.flex_compact_tickets.text.flex_pretty.tickets.pretty_tickets" name="pretty_otp7249_msg01" time="0.006311" timestamp="2012-11-19T18:36:59" log="/home/karl/tmp/otp_tests/logs/megaco_test_logs/ct_run.ct@devbox.2012-11-19_18.26.56/tests.megaco_test.logs/run.2012-11-19_18.27.20/megaco_codec_v2_test.pretty_otp7249_msg01.html"></testcase><testcase group="codec.codec.text.flex_pretty.tickets.flex_compact_tickets.text.flex_pretty.tickets.pretty_tickets" name="pretty_otp7671_msg01" time="0.005341" timestamp="2012-11-19T18:36:59" log="/home/karl/tmp/otp_tests/logs/megaco_test_logs/ct_run.ct@devbox.2012-11-19_18.26.56/tests.megaco_test.logs/run.2012-11-19_18.27.20/megaco_codec_v2_test.pretty_otp7671_msg01.html"></testcase><testcase group="codec.codec.text.flex_pretty.tickets.flex_compact_tickets.text.flex_pretty.tickets.pretty_tickets" name="pretty_otp7671_msg02" time="0.006455" timestamp="2012-11-19T18:36:59" log="/home/karl/tmp/otp_tests/logs/megaco_test_logs/ct_run.ct@devbox.2012-11-19_18.26.56/tests.megaco_test.logs/run.2012-11-19_18.27.20/megaco_codec_v2_test.pretty_otp7671_msg02.html"></testcase><testcase group="codec.codec.text.flex_pretty.tickets.flex_compact_tickets.text.flex_pretty.tickets.pretty_tickets" name="pretty_otp7671_msg03" time="0.005710" timestamp="2012-11-19T18:36:59" log="/home/karl/tmp/otp_tests/logs/megaco_test_logs/ct_run.ct@devbox.2012-11-19_18.26.56/tests.megaco_test.logs/run.2012-11-19_18.27.20/megaco_codec_v2_test.pretty_otp7671_msg03.html"></testcase><testcase group="codec.codec.text.flex_pretty.tickets.flex_compact_tickets.text.flex_pretty.tickets.pretty_tickets" name="pretty_otp7671_msg04" time="0.005780" timestamp="2012-11-19T18:36:59" log="/home/karl/tmp/otp_tests/logs/megaco_test_logs/ct_run.ct@devbox.2012-11-19_18.26.56/tests.megaco_test.logs/run.2012-11-19_18.27.20/megaco_codec_v2_test.pretty_otp7671_msg04.html"></testcase><testcase group="codec.codec.text.flex_pretty.tickets.flex_compact_tickets.text.flex_pretty.tickets.pretty_tickets" name="pretty_otp7671_msg05" time="0.006265" timestamp="2012-11-19T18:36:59" log="/home/karl/tmp/otp_tests/logs/megaco_test_logs/ct_run.ct@devbox.2012-11-19_18.26.56/tests.megaco_test.logs/run.2012-11-19_18.27.20/megaco_codec_v2_test.pretty_otp7671_msg05.html"></testcase><testcase group="codec.codec.text.flex_pretty.tickets.flex_compact_tickets.text.flex_pretty.tickets.pretty_tickets" name="end_per_group" time="0.006097" timestamp="2012-11-19T18:36:59" log="/home/karl/tmp/otp_tests/logs/megaco_test_logs/ct_run.ct@devbox.2012-11-19_18.26.56/tests.megaco_test.logs/run.2012-11-19_18.27.20/megaco_codec_v2_test.end_per_group.346619.397.html"></testcase><testcase group="codec.codec.text.flex_pretty.tickets.flex_compact_tickets.text.flex_pretty.tickets.flex_compact_tickets" name="init_per_group" time="0.009404" timestamp="2012-11-19T18:36:59" log="/home/karl/tmp/otp_tests/logs/megaco_test_logs/ct_run.ct@devbox.2012-11-19_18.26.56/tests.megaco_test.logs/run.2012-11-19_18.27.20/megaco_codec_v2_test.init_per_group.346619.435.html"><skipped type="skip" message="Test init_per_group in megaco_codec_v2_test skipped!">{tc_user_skip,{skipped,&quot;failed_loading_flex_scanner_driver: cannot open shared object file: No such file or directory&quot;}}</skipped></testcase><testcase group="codec.codec.text.flex_pretty.tickets.flex_compact_tickets.text.flex_pretty.tickets.flex_compact_tickets" name="flex_compact_otp7138_msg01" time="0.002048" timestamp="2012-11-19T18:36:59" log=""><skipped type="skip" message="Test flex_compact_otp7138_msg01 in megaco_codec_v2_test skipped!">{tc_auto_skip,
    {failed,
        {megaco_codec_v2_test,init_per_group,
            {&apos;EXIT&apos;,
                {skipped,
                    &quot;failed_loading_flex_scanner_driver: cannot open shared object file: No such file or directory&quot;}}}}}</skipped></testcase><testcase group="codec.codec.text.flex_pretty.tickets.flex_compact_tickets.text.flex_pretty.tickets.flex_compact_tickets" name="flex_compact_otp7138_msg02" time="0.000019" timestamp="2012-11-19T18:36:59" log=""><skipped type="skip" message="Test flex_compact_otp7138_msg02 in megaco_codec_v2_test skipped!">{tc_auto_skip,
    {failed,
        {megaco_codec_v2_test,init_per_group,
            {&apos;EXIT&apos;,
                {skipped,
                    &quot;failed_loading_flex_scanner_driver: cannot open shared object file: No such file or directory&quot;}}}}}</skipped></testcase><testcase group="codec.codec.text.flex_pretty.tickets.flex_compact_tickets.text.flex_pretty.tickets.flex_compact_tickets" name="flex_compact_otp7431_msg01" time="0.000042" timestamp="2012-11-19T18:36:59" log=""><skipped type="skip" message="Test flex_compact_otp7431_msg01 in megaco_codec_v2_test skipped!">{tc_auto_skip,
    {failed,
        {megaco_codec_v2_test,init_per_group,
            {&apos;EXIT&apos;,
                {skipped,
                    &quot;failed_loading_flex_scanner_driver: cannot open shared object file: No such file or directory&quot;}}}}}</skipped></testcase><testcase group="codec.codec.text.flex_pretty.tickets.flex_compact_tickets.text.flex_pretty.tickets.flex_compact_tickets" name="flex_compact_otp7431_msg02" time="0.000021" timestamp="2012-11-19T18:36:59" log=""><skipped type="skip" message="Test flex_compact_otp7431_msg02 in megaco_codec_v2_test skipped!">{tc_auto_skip,
    {failed,
        {megaco_codec_v2_test,init_per_group,
            {&apos;EXIT&apos;,
                {skipped,
                    &quot;failed_loading_flex_scanner_driver: cannot open shared object file: No such file or directory&quot;}}}}}</skipped></testcase><testcase group="codec.codec.text.flex_pretty.tickets.flex_compact_tickets.text.flex_pretty.tickets.flex_compact_tickets" name="flex_compact_otp7431_msg03" time="0.000022" timestamp="2012-11-19T18:36:59" log=""><skipped type="skip" message="Test flex_compact_otp7431_msg03 in megaco_codec_v2_test skipped!">{tc_auto_skip,
    {failed,
        {megaco_codec_v2_test,init_per_group,
            {&apos;EXIT&apos;,
                {skipped,
                    &quot;failed_loading_flex_scanner_driver: cannot open shared object file: No such file or directory&quot;}}}}}</skipped></testcase><testcase group="codec.codec.text.flex_pretty.tickets.flex_compact_tickets.text.flex_pretty.tickets.flex_compact_tickets" name="flex_compact_otp7431_msg04" time="0.000015" timestamp="2012-11-19T18:36:59" log=""><skipped type="skip" message="Test flex_compact_otp7431_msg04 in megaco_codec_v2_test skipped!">{tc_auto_skip,
    {failed,
        {megaco_codec_v2_test,init_per_group,
            {&apos;EXIT&apos;,
                {skipped,
                    &quot;failed_loading_flex_scanner_driver: cannot open shared object file: No such file or directory&quot;}}}}}</skipped></testcase><testcase group="codec.codec.text.flex_pretty.tickets.flex_compact_tickets.text.flex_pretty.tickets.flex_compact_tickets" name="flex_compact_otp7431_msg05" time="0.000025" timestamp="2012-11-19T18:36:59" log=""><skipped type="skip" message="Test flex_compact_otp7431_msg05 in megaco_codec_v2_test skipped!">{tc_auto_skip,
    {failed,
        {megaco_codec_v2_test,init_per_group,
            {&apos;EXIT&apos;,
                {skipped,
                    &quot;failed_loading_flex_scanner_driver: cannot open shared object file: No such file or directory&quot;}}}}}</skipped></testcase><testcase group="codec.codec.text.flex_pretty.tickets.flex_compact_tickets.text.flex_pretty.tickets.flex_compact_tickets" name="flex_compact_otp7431_msg06" time="0.000015" timestamp="2012-11-19T18:36:59" log=""><skipped type="skip" message="Test flex_compact_otp7431_msg06 in megaco_codec_v2_test skipped!">{tc_auto_skip,
    {failed,
        {megaco_codec_v2_test,init_per_group,
            {&apos;EXIT&apos;,
                {skipped,
                    &quot;failed_loading_flex_scanner_driver: cannot open shared object file: No such file or directory&quot;}}}}}</skipped></testcase><testcase group="codec.codec.text.flex_pretty.tickets.flex_compact_tickets.text.flex_pretty.tickets.flex_compact_tickets" name="flex_compact_otp7431_msg07" time="0.000025" timestamp="2012-11-19T18:36:59" log=""><skipped type="skip" message="Test flex_compact_otp7431_msg07 in megaco_codec_v2_test skipped!">{tc_auto_skip,
    {failed,
        {megaco_codec_v2_test,init_per_group,
            {&apos;EXIT&apos;,
                {skipped,
                    &quot;failed_loading_flex_scanner_driver: cannot open shared object file: No such file or directory&quot;}}}}}</skipped></testcase><testcase group="codec.codec.text.flex_pretty.tickets.flex_compact_tickets.text.flex_pretty.tickets.flex_compact_tickets" name="flex_compact_otp7138_msg02" time="0.000039" timestamp="2012-11-19T18:36:59" log=""><skipped type="skip" message="Test flex_compact_otp7138_msg02 in megaco_codec_v2_test skipped!">{tc_auto_skip,
    {failed,
        {megaco_codec_v2_test,init_per_group,
            {&apos;EXIT&apos;,
                {skipped,
                    &quot;failed_loading_flex_scanner_driver: cannot open shared object file: No such file or directory&quot;}}}}}</skipped></testcase><testcase group="codec.codec.text.flex_pretty.tickets.flex_compact_tickets.text.flex_pretty.tickets.flex_compact_tickets" name="flex_compact_otp7457_msg01" time="0.000015" timestamp="2012-11-19T18:36:59" log=""><skipped type="skip" message="Test flex_compact_otp7457_msg01 in megaco_codec_v2_test skipped!">{tc_auto_skip,
    {failed,
        {megaco_codec_v2_test,init_per_group,
            {&apos;EXIT&apos;,
                {skipped,
                    &quot;failed_loading_flex_scanner_driver: cannot open shared object file: No such file or directory&quot;}}}}}</skipped></testcase><testcase group="codec.codec.text.flex_pretty.tickets.flex_compact_tickets.text.flex_pretty.tickets.flex_compact_tickets" name="flex_compact_otp7457_msg02" time="0.000019" timestamp="2012-11-19T18:36:59" log=""><skipped type="skip" message="Test flex_compact_otp7457_msg02 in megaco_codec_v2_test skipped!">{tc_auto_skip,
    {failed,
        {megaco_codec_v2_test,init_per_group,
            {&apos;EXIT&apos;,
                {skipped,
                    &quot;failed_loading_flex_scanner_driver: cannot open shared object file: No such file or directory&quot;}}}}}</skipped></testcase><testcase group="codec.codec.text.flex_pretty.tickets.flex_compact_tickets.text.flex_pretty.tickets.flex_compact_tickets" name="flex_compact_otp7457_msg03" time="0.000015" timestamp="2012-11-19T18:36:59" log=""><skipped type="skip" message="Test flex_compact_otp7457_msg03 in megaco_codec_v2_test skipped!">{tc_auto_skip,
    {failed,
        {megaco_codec_v2_test,init_per_group,
            {&apos;EXIT&apos;,
                {skipped,
                    &quot;failed_loading_flex_scanner_driver: cannot open shared object file: No such file or directory&quot;}}}}}</skipped></testcase><testcase group="codec.codec.text.flex_pretty.tickets.flex_compact_tickets.text.flex_pretty.tickets.flex_compact_tickets" name="flex_compact_otp7534_msg01" time="0.000016" timestamp="2012-11-19T18:36:59" log=""><skipped type="skip" message="Test flex_compact_otp7534_msg01 in megaco_codec_v2_test skipped!">{tc_auto_skip,
    {failed,
        {megaco_codec_v2_test,init_per_group,
            {&apos;EXIT&apos;,
                {skipped,
                    &quot;failed_loading_flex_scanner_driver: cannot open shared object file: No such file or directory&quot;}}}}}</skipped></testcase><testcase group="codec.codec.text.flex_pretty.tickets.flex_compact_tickets.text.flex_pretty.tickets.flex_compact_tickets" name="flex_compact_otp7573_msg01" time="0.000014" timestamp="2012-11-19T18:36:59" log=""><skipped type="skip" message="Test flex_compact_otp7573_msg01 in megaco_codec_v2_test skipped!">{tc_auto_skip,
    {failed,
        {megaco_codec_v2_test,init_per_group,
            {&apos;EXIT&apos;,
                {skipped,
                    &quot;failed_loading_flex_scanner_driver: cannot open shared object file: No such file or directory&quot;}}}}}</skipped></testcase><testcase group="codec.codec.text.flex_pretty.tickets.flex_compact_tickets.text.flex_pretty.tickets.flex_compact_tickets" name="flex_compact_otp7576_msg01" time="0.000015" timestamp="2012-11-19T18:36:59" log=""><skipped type="skip" message="Test flex_compact_otp7576_msg01 in megaco_codec_v2_test skipped!">{tc_auto_skip,
    {failed,
        {megaco_codec_v2_test,init_per_group,
            {&apos;EXIT&apos;,
                {skipped,
                    &quot;failed_loading_flex_scanner_driver: cannot open shared object file: No such file or directory&quot;}}}}}</skipped></testcase><testcase group="codec.codec.text.flex_pretty.tickets.flex_compact_tickets.text.flex_pretty.tickets.flex_compact_tickets" name="end_per_group" time="0.000014" timestamp="2012-11-19T18:36:59" log=""><skipped type="skip" message="Test end_per_group in megaco_codec_v2_test skipped!">{tc_auto_skip,
    {failed,
        {megaco_codec_v2_test,init_per_group,
            {&apos;EXIT&apos;,
                {skipped,
                    &quot;failed_loading_flex_scanner_driver: cannot open shared object file: No such file or directory&quot;}}}}}</skipped></testcase><testcase group="codec.codec.text.flex_pretty.tickets.flex_compact_tickets.text.flex_pretty.tickets.flex_compact_tickets.flex_pretty_tickets" name="init_per_group" time="0.009748" timestamp="2012-11-19T18:36:59" log="/home/karl/tmp/otp_tests/logs/megaco_test_logs/ct_run.ct@devbox.2012-11-19_18.26.56/tests.megaco_test.logs/run.2012-11-19_18.27.20/megaco_codec_v2_test.init_per_group.346619.647.html"><skipped type="skip" message="Test init_per_group in megaco_codec_v2_test skipped!">{tc_user_skip,{skipped,&quot;failed_loading_flex_scanner_driver: cannot open shared object file: No such file or directory&quot;}}</skipped></testcase><testcase group="codec.codec.text.flex_pretty.tickets.flex_compact_tickets.text.flex_pretty.tickets.flex_compact_tickets.flex_pretty_tickets" name="flex_pretty_otp5042_msg1" time="0.000014" timestamp="2012-11-19T18:36:59" log=""><skipped type="skip" message="Test flex_pretty_otp5042_msg1 in megaco_codec_v2_test skipped!">{tc_auto_skip,
    {failed,
        {megaco_codec_v2_test,init_per_group,
            {&apos;EXIT&apos;,
                {skipped,
                    &quot;failed_loading_flex_scanner_driver: cannot open shared object file: No such file or directory&quot;}}}}}</skipped></testcase><testcase group="codec.codec.text.flex_pretty.tickets.flex_compact_tickets.text.flex_pretty.tickets.flex_compact_tickets.flex_pretty_tickets" name="flex_pretty_otp5085_msg1" time="0.000040" timestamp="2012-11-19T18:36:59" log=""><skipped type="skip" message="Test flex_pretty_otp5085_msg1 in megaco_codec_v2_test skipped!">{tc_auto_skip,
    {failed,
        {megaco_codec_v2_test,init_per_group,
            {&apos;EXIT&apos;,
                {skipped,
                    &quot;failed_loading_flex_scanner_driver: cannot open shared object file: No such file or directory&quot;}}}}}</skipped></testcase><testcase group="codec.codec.text.flex_pretty.tickets.flex_compact_tickets.text.flex_pretty.tickets.flex_compact_tickets.flex_pretty_tickets" name="flex_pretty_otp5085_msg2" time="0.000001" timestamp="2012-11-19T18:36:59" log=""><skipped type="skip" message="Test flex_pretty_otp5085_msg2 in megaco_codec_v2_test skipped!">{tc_auto_skip,
    {failed,
        {megaco_codec_v2_test,init_per_group,
            {&apos;EXIT&apos;,
                {skipped,
                    &quot;failed_loading_flex_scanner_driver: cannot open shared object file: No such file or directory&quot;}}}}}</skipped></testcase><testcase group="codec.codec.text.flex_pretty.tickets.flex_compact_tickets.text.flex_pretty.tickets.flex_compact_tickets.flex_pretty_tickets" name="flex_pretty_otp5085_msg3" time="0.000033" timestamp="2012-11-19T18:36:59" log=""><skipped type="skip" message="Test flex_pretty_otp5085_msg3 in megaco_codec_v2_test skipped!">{tc_auto_skip,
    {failed,
        {megaco_codec_v2_test,init_per_group,
            {&apos;EXIT&apos;,
                {skipped,
                    &quot;failed_loading_flex_scanner_driver: cannot open shared object file: No such file or directory&quot;}}}}}</skipped></testcase><testcase group="codec.codec.text.flex_pretty.tickets.flex_compact_tickets.text.flex_pretty.tickets.flex_compact_tickets.flex_pretty_tickets" name="flex_pretty_otp5085_msg4" time="0.000015" timestamp="2012-11-19T18:36:59" log=""><skipped type="skip" message="Test flex_pretty_otp5085_msg4 in megaco_codec_v2_test skipped!">{tc_auto_skip,
    {failed,
        {megaco_codec_v2_test,init_per_group,
            {&apos;EXIT&apos;,
                {skipped,
                    &quot;failed_loading_flex_scanner_driver: cannot open shared object file: No such file or directory&quot;}}}}}</skipped></testcase><testcase group="codec.codec.text.flex_pretty.tickets.flex_compact_tickets.text.flex_pretty.tickets.flex_compact_tickets.flex_pretty_tickets" name="flex_pretty_otp5085_msg5" time="0.000014" timestamp="2012-11-19T18:36:59" log=""><skipped type="skip" message="Test flex_pretty_otp5085_msg5 in megaco_codec_v2_test skipped!">{tc_auto_skip,
    {failed,
        {megaco_codec_v2_test,init_per_group,
            {&apos;EXIT&apos;,
                {skipped,
                    &quot;failed_loading_flex_scanner_driver: cannot open shared object file: No such file or directory&quot;}}}}}</skipped></testcase><testcase group="codec.codec.text.flex_pretty.tickets.flex_compact_tickets.text.flex_pretty.tickets.flex_compact_tickets.flex_pretty_tickets" name="flex_pretty_otp5085_msg6" time="0.000022" timestamp="2012-11-19T18:36:59" log=""><skipped type="skip" message="Test flex_pretty_otp5085_msg6 in megaco_codec_v2_test skipped!">{tc_auto_skip,
    {failed,
        {megaco_codec_v2_test,init_per_group,
            {&apos;EXIT&apos;,
                {skipped,
                    &quot;failed_loading_flex_scanner_driver: cannot open shared object file: No such file or directory&quot;}}}}}</skipped></testcase><testcase group="codec.codec.text.flex_pretty.tickets.flex_compact_tickets.text.flex_pretty.tickets.flex_compact_tickets.flex_pretty_tickets" name="flex_pretty_otp5085_msg7" time="0.000001" timestamp="2012-11-19T18:36:59" log=""><skipped type="skip" message="Test flex_pretty_otp5085_msg7 in megaco_codec_v2_test skipped!">{tc_auto_skip,
    {failed,
        {megaco_codec_v2_test,init_per_group,
            {&apos;EXIT&apos;,
                {skipped,
                    &quot;failed_loading_flex_scanner_driver: cannot open shared object file: No such file or directory&quot;}}}}}</skipped></testcase><testcase group="codec.codec.text.flex_pretty.tickets.flex_compact_tickets.text.flex_pretty.tickets.flex_compact_tickets.flex_pretty_tickets" name="flex_pretty_otp5600_msg1" time="0.000006" timestamp="2012-11-19T18:36:59" log=""><skipped type="skip" message="Test flex_pretty_otp5600_msg1 in megaco_codec_v2_test skipped!">{tc_auto_skip,
    {failed,
        {megaco_codec_v2_test,init_per_group,
            {&apos;EXIT&apos;,
                {skipped,
                    &quot;failed_loading_flex_scanner_driver: cannot open shared object file: No such file or directory&quot;}}}}}</skipped></testcase><testcase group="codec.codec.text.flex_pretty.tickets.flex_compact_tickets.text.flex_pretty.tickets.flex_compact_tickets.flex_pretty_tickets" name="flex_pretty_otp5600_msg2" time="0.000015" timestamp="2012-11-19T18:36:59" log=""><skipped type="skip" message="Test flex_pretty_otp5600_msg2 in megaco_codec_v2_test skipped!">{tc_auto_skip,
    {failed,
        {megaco_codec_v2_test,init_per_group,
            {&apos;EXIT&apos;,
                {skipped,
                    &quot;failed_loading_flex_scanner_driver: cannot open shared object file: No such file or directory&quot;}}}}}</skipped></testcase><testcase group="codec.codec.text.flex_pretty.tickets.flex_compact_tickets.text.flex_pretty.tickets.flex_compact_tickets.flex_pretty_tickets" name="flex_pretty_otp5601_msg1" time="0.000015" timestamp="2012-11-19T18:36:59" log=""><skipped type="skip" message="Test flex_pretty_otp5601_msg1 in megaco_codec_v2_test skipped!">{tc_auto_skip,
    {failed,
        {megaco_codec_v2_test,init_per_group,
            {&apos;EXIT&apos;,
                {skipped,
                    &quot;failed_loading_flex_scanner_driver: cannot open shared object file: No such file or directory&quot;}}}}}</skipped></testcase><testcase group="codec.codec.text.flex_pretty.tickets.flex_compact_tickets.text.flex_pretty.tickets.flex_compact_tickets.flex_pretty_tickets" name="flex_pretty_otp5793_msg01" time="0.000014" timestamp="2012-11-19T18:36:59" log=""><skipped type="skip" message="Test flex_pretty_otp5793_msg01 in megaco_codec_v2_test skipped!">{tc_auto_skip,
    {failed,
        {megaco_codec_v2_test,init_per_group,
            {&apos;EXIT&apos;,
                {skipped,
                    &quot;failed_loading_flex_scanner_driver: cannot open shared object file: No such file or directory&quot;}}}}}</skipped></testcase><testcase group="codec.codec.text.flex_pretty.tickets.flex_compact_tickets.text.flex_pretty.tickets.flex_compact_tickets.flex_pretty_tickets" name="flex_pretty_otp7431_msg01" time="0.000015" timestamp="2012-11-19T18:36:59" log=""><skipped type="skip" message="Test flex_pretty_otp7431_msg01 in megaco_codec_v2_test skipped!">{tc_auto_skip,
    {failed,
        {megaco_codec_v2_test,init_per_group,
            {&apos;EXIT&apos;,
                {skipped,
                    &quot;failed_loading_flex_scanner_driver: cannot open shared object file: No such file or directory&quot;}}}}}</skipped></testcase><testcase group="codec.codec.text.flex_pretty.tickets.flex_compact_tickets.text.flex_pretty.tickets.flex_compact_tickets.flex_pretty_tickets" name="flex_pretty_otp7431_msg02" time="0.000015" timestamp="2012-11-19T18:36:59" log=""><skipped type="skip" message="Test flex_pretty_otp7431_msg02 in megaco_codec_v2_test skipped!">{tc_auto_skip,
    {failed,
        {megaco_codec_v2_test,init_per_group,
            {&apos;EXIT&apos;,
                {skipped,
                    &quot;failed_loading_flex_scanner_driver: cannot open shared object file: No such file or directory&quot;}}}}}</skipped></testcase><testcase group="codec.codec.text.flex_pretty.tickets.flex_compact_tickets.text.flex_pretty.tickets.flex_compact_tickets.flex_pretty_tickets" name="flex_pretty_otp7431_msg03" time="0.000015" timestamp="2012-11-19T18:36:59" log=""><skipped type="skip" message="Test flex_pretty_otp7431_msg03 in megaco_codec_v2_test skipped!">{tc_auto_skip,
    {failed,
        {megaco_codec_v2_test,init_per_group,
            {&apos;EXIT&apos;,
                {skipped,
                    &quot;failed_loading_flex_scanner_driver: cannot open shared object file: No such file or directory&quot;}}}}}</skipped></testcase><testcase group="codec.codec.text.flex_pretty.tickets.flex_compact_tickets.text.flex_pretty.tickets.flex_compact_tickets.flex_pretty_tickets" name="flex_pretty_otp7431_msg04" time="0.000016" timestamp="2012-11-19T18:36:59" log=""><skipped type="skip" message="Test flex_pretty_otp7431_msg04 in megaco_codec_v2_test skipped!">{tc_auto_skip,
    {failed,
        {megaco_codec_v2_test,init_per_group,
            {&apos;EXIT&apos;,
                {skipped,
                    &quot;failed_loading_flex_scanner_driver: cannot open shared object file: No such file or directory&quot;}}}}}</skipped></testcase><testcase group="codec.codec.text.flex_pretty.tickets.flex_compact_tickets.text.flex_pretty.tickets.flex_compact_tickets.flex_pretty_tickets" name="flex_pretty_otp7431_msg05" time="0.000015" timestamp="2012-11-19T18:36:59" log=""><skipped type="skip" message="Test flex_pretty_otp7431_msg05 in megaco_codec_v2_test skipped!">{tc_auto_skip,
    {failed,
        {megaco_codec_v2_test,init_per_group,
            {&apos;EXIT&apos;,
                {skipped,
                    &quot;failed_loading_flex_scanner_driver: cannot open shared object file: No such file or directory&quot;}}}}}</skipped></testcase><testcase group="codec.codec.text.flex_pretty.tickets.flex_compact_tickets.text.flex_pretty.tickets.flex_compact_tickets.flex_pretty_tickets" name="flex_pretty_otp7431_msg06" time="0.000015" timestamp="2012-11-19T18:36:59" log=""><skipped type="skip" message="Test flex_pretty_otp7431_msg06 in megaco_codec_v2_test skipped!">{tc_auto_skip,
    {failed,
        {megaco_codec_v2_test,init_per_group,
            {&apos;EXIT&apos;,
                {skipped,
                    &quot;failed_loading_flex_scanner_driver: cannot open shared object file: No such file or directory&quot;}}}}}</skipped></testcase><testcase group="codec.codec.text.flex_pretty.tickets.flex_compact_tickets.text.flex_pretty.tickets.flex_compact_tickets.flex_pretty_tickets" name="flex_pretty_otp7431_msg07" time="0.000014" timestamp="2012-11-19T18:36:59" log=""><skipped type="skip" message="Test flex_pretty_otp7431_msg07 in megaco_codec_v2_test skipped!">{tc_auto_skip,
    {failed,
        {megaco_codec_v2_test,init_per_group,
            {&apos;EXIT&apos;,
                {skipped,
                    &quot;failed_loading_flex_scanner_driver: cannot open shared object file: No such file or directory&quot;}}}}}</skipped></testcase><testcase group="codec.codec.text.flex_pretty.tickets.flex_compact_tickets.text.flex_pretty.tickets.flex_compact_tickets.flex_pretty_tickets" name="end_per_group" time="0.000026" timestamp="2012-11-19T18:36:59" log=""><skipped type="skip" message="Test end_per_group in megaco_codec_v2_test skipped!">{tc_auto_skip,
    {failed,
        {megaco_codec_v2_test,init_per_group,
            {&apos;EXIT&apos;,
                {skipped,
                    &quot;failed_loading_flex_scanner_driver: cannot open shared object file: No such file or directory&quot;}}}}}</skipped></testcase><testcase group="codec.codec.text.flex_pretty.tickets.flex_compact_tickets.text.flex_pretty.tickets.flex_compact_tickets.flex_pretty_tickets" name="end_per_group" time="0.006759" timestamp="2012-11-19T18:36:59" log="/home/karl/tmp/otp_tests/logs/megaco_test_logs/ct_run.ct@devbox.2012-11-19_18.26.56/tests.megaco_test.logs/run.2012-11-19_18.27.20/megaco_codec_v2_test.end_per_group.346619.875.html"></testcase><testcase group="codec.codec.text.flex_pretty.tickets.flex_compact_tickets.text.flex_pretty.tickets.flex_compact_tickets" name="end_per_suite" time="0.006138" timestamp="2012-11-19T18:36:59" log="/home/karl/tmp/otp_tests/logs/megaco_test_logs/ct_run.ct@devbox.2012-11-19_18.26.56/tests.megaco_test.logs/run.2012-11-19_18.27.20/ct_framework.end_per_suite.346619.915.html"></testcase></testsuite><testsuite name="megaco_codec_v1_test" time="85.501599" timestamp="2012-11-19T18:33:59" errors="44" tests="163"><testcase group="codec.codec" name="init_per_suite" time="0.002061" timestamp="2012-11-19T18:33:59" log="/home/karl/tmp/otp_tests/logs/megaco_test_logs/ct_run.ct@devbox.2012-11-19_18.26.56/tests.megaco_test.logs/run.2012-11-19_18.27.20/ct_framework.init_per_suite.346439.576.html"></testcase><testcase group="codec.codec.text" name="init_per_group" time="0.002367" timestamp="2012-11-19T18:33:59" log="/home/karl/tmp/otp_tests/logs/megaco_test_logs/ct_run.ct@devbox.2012-11-19_18.26.56/tests.megaco_test.logs/run.2012-11-19_18.27.20/megaco_codec_v1_test.init_per_group.html"></testcase><testcase group="codec.codec.text.pretty" name="init_per_group" time="0.002356" timestamp="2012-11-19T18:33:59" log="/home/karl/tmp/otp_tests/logs/megaco_test_logs/ct_run.ct@devbox.2012-11-19_18.26.56/tests.megaco_test.logs/run.2012-11-19_18.27.20/megaco_codec_v1_test.init_per_group.346439.636.html"></testcase><testcase group="codec.codec.text.pretty" name="pretty_test_msgs" time="1.108301" timestamp="2012-11-19T18:33:59" log="/home/karl/tmp/otp_tests/logs/megaco_test_logs/ct_run.ct@devbox.2012-11-19_18.26.56/tests.megaco_test.logs/run.2012-11-19_18.27.20/megaco_codec_v1_test.pretty_test_msgs.html"></testcase><testcase group="codec.codec.text.pretty" name="end_per_group" time="0.003475" timestamp="2012-11-19T18:34:00" log="/home/karl/tmp/otp_tests/logs/megaco_test_logs/ct_run.ct@devbox.2012-11-19_18.26.56/tests.megaco_test.logs/run.2012-11-19_18.27.20/megaco_codec_v1_test.end_per_group.html"></testcase><testcase group="codec.codec.text.flex_pretty" name="init_per_group" time="0.010974" timestamp="2012-11-19T18:34:00" log="/home/karl/tmp/otp_tests/logs/megaco_test_logs/ct_run.ct@devbox.2012-11-19_18.26.56/tests.megaco_test.logs/run.2012-11-19_18.27.20/megaco_codec_v1_test.init_per_group.346440.831.html"><skipped type="skip" message="Test init_per_group in megaco_codec_v1_test skipped!">{tc_user_skip,{skipped,&quot;failed_loading_flex_scanner_driver: cannot open shared object file: No such file or directory&quot;}}</skipped></testcase><testcase group="codec.codec.text.flex_pretty" name="flex_pretty_test_msgs" time="0.000012" timestamp="2012-11-19T18:34:00" log=""><skipped type="skip" message="Test flex_pretty_test_msgs in megaco_codec_v1_test skipped!">{tc_auto_skip,
    {failed,
        {megaco_codec_v1_test,init_per_group,
            {&apos;EXIT&apos;,
                {skipped,
                    &quot;failed_loading_flex_scanner_driver: cannot open shared object file: No such file or directory&quot;}}}}}</skipped></testcase><testcase group="codec.codec.text.flex_pretty" name="end_per_group" time="0.000012" timestamp="2012-11-19T18:34:00" log=""><skipped type="skip" message="Test end_per_group in megaco_codec_v1_test skipped!">{tc_auto_skip,
    {failed,
        {megaco_codec_v1_test,init_per_group,
            {&apos;EXIT&apos;,
                {skipped,
                    &quot;failed_loading_flex_scanner_driver: cannot open shared object file: No such file or directory&quot;}}}}}</skipped></testcase><testcase group="codec.codec.text.flex_pretty.compact" name="init_per_group" time="0.006782" timestamp="2012-11-19T18:34:00" log="/home/karl/tmp/otp_tests/logs/megaco_test_logs/ct_run.ct@devbox.2012-11-19_18.26.56/tests.megaco_test.logs/run.2012-11-19_18.27.20/megaco_codec_v1_test.init_per_group.346440.897.html"></testcase><testcase group="codec.codec.text.flex_pretty.compact" name="compact_test_msgs" time="1.098473" timestamp="2012-11-19T18:34:00" log="/home/karl/tmp/otp_tests/logs/megaco_test_logs/ct_run.ct@devbox.2012-11-19_18.26.56/tests.megaco_test.logs/run.2012-11-19_18.27.20/megaco_codec_v1_test.compact_test_msgs.html"></testcase><testcase group="codec.codec.text.flex_pretty.compact" name="end_per_group" time="0.003326" timestamp="2012-11-19T18:34:02" log="/home/karl/tmp/otp_tests/logs/megaco_test_logs/ct_run.ct@devbox.2012-11-19_18.26.56/tests.megaco_test.logs/run.2012-11-19_18.27.20/megaco_codec_v1_test.end_per_group.346442.75.html"></testcase><testcase group="codec.codec.text.flex_pretty.flex_compact" name="init_per_group" time="0.005219" timestamp="2012-11-19T18:34:02" log="/home/karl/tmp/otp_tests/logs/megaco_test_logs/ct_run.ct@devbox.2012-11-19_18.26.56/tests.megaco_test.logs/run.2012-11-19_18.27.20/megaco_codec_v1_test.init_per_group.346442.106.html"><skipped type="skip" message="Test init_per_group in megaco_codec_v1_test skipped!">{tc_user_skip,{skipped,&quot;failed_loading_flex_scanner_driver: cannot open shared object file: No such file or directory&quot;}}</skipped></testcase><testcase group="codec.codec.text.flex_pretty.flex_compact" name="flex_compact_test_msgs" time="0.000015" timestamp="2012-11-19T18:34:02" log=""><skipped type="skip" message="Test flex_compact_test_msgs in megaco_codec_v1_test skipped!">{tc_auto_skip,
    {failed,
        {megaco_codec_v1_test,init_per_group,
            {&apos;EXIT&apos;,
                {skipped,
                    &quot;failed_loading_flex_scanner_driver: cannot open shared object file: No such file or directory&quot;}}}}}</skipped></testcase><testcase group="codec.codec.text.flex_pretty.flex_compact" name="flex_compact_dm_timers1" time="0.000014" timestamp="2012-11-19T18:34:02" log=""><skipped type="skip" message="Test flex_compact_dm_timers1 in megaco_codec_v1_test skipped!">{tc_auto_skip,
    {failed,
        {megaco_codec_v1_test,init_per_group,
            {&apos;EXIT&apos;,
                {skipped,
                    &quot;failed_loading_flex_scanner_driver: cannot open shared object file: No such file or directory&quot;}}}}}</skipped></testcase><testcase group="codec.codec.text.flex_pretty.flex_compact" name="flex_compact_dm_timers2" time="0.000013" timestamp="2012-11-19T18:34:02" log=""><skipped type="skip" message="Test flex_compact_dm_timers2 in megaco_codec_v1_test skipped!">{tc_auto_skip,
    {failed,
        {megaco_codec_v1_test,init_per_group,
            {&apos;EXIT&apos;,
                {skipped,
                    &quot;failed_loading_flex_scanner_driver: cannot open shared object file: No such file or directory&quot;}}}}}</skipped></testcase><testcase group="codec.codec.text.flex_pretty.flex_compact" name="flex_compact_dm_timers3" time="0.000016" timestamp="2012-11-19T18:34:02" log=""><skipped type="skip" message="Test flex_compact_dm_timers3 in megaco_codec_v1_test skipped!">{tc_auto_skip,
    {failed,
        {megaco_codec_v1_test,init_per_group,
            {&apos;EXIT&apos;,
                {skipped,
                    &quot;failed_loading_flex_scanner_driver: cannot open shared object file: No such file or directory&quot;}}}}}</skipped></testcase><testcase group="codec.codec.text.flex_pretty.flex_compact" name="flex_compact_dm_timers4" time="0.000010" timestamp="2012-11-19T18:34:02" log=""><skipped type="skip" message="Test flex_compact_dm_timers4 in megaco_codec_v1_test skipped!">{tc_auto_skip,
    {failed,
        {megaco_codec_v1_test,init_per_group,
            {&apos;EXIT&apos;,
                {skipped,
                    &quot;failed_loading_flex_scanner_driver: cannot open shared object file: No such file or directory&quot;}}}}}</skipped></testcase><testcase group="codec.codec.text.flex_pretty.flex_compact" name="flex_compact_dm_timers5" time="0.000008" timestamp="2012-11-19T18:34:02" log=""><skipped type="skip" message="Test flex_compact_dm_timers5 in megaco_codec_v1_test skipped!">{tc_auto_skip,
    {failed,
        {megaco_codec_v1_test,init_per_group,
            {&apos;EXIT&apos;,
                {skipped,
                    &quot;failed_loading_flex_scanner_driver: cannot open shared object file: No such file or directory&quot;}}}}}</skipped></testcase><testcase group="codec.codec.text.flex_pretty.flex_compact" name="flex_compact_dm_timers6" time="0.000010" timestamp="2012-11-19T18:34:02" log=""><skipped type="skip" message="Test flex_compact_dm_timers6 in megaco_codec_v1_test skipped!">{tc_auto_skip,
    {failed,
        {megaco_codec_v1_test,init_per_group,
            {&apos;EXIT&apos;,
                {skipped,
                    &quot;failed_loading_flex_scanner_driver: cannot open shared object file: No such file or directory&quot;}}}}}</skipped></testcase><testcase group="codec.codec.text.flex_pretty.flex_compact" name="end_per_group" time="0.000016" timestamp="2012-11-19T18:34:02" log=""><skipped type="skip" message="Test end_per_group in megaco_codec_v1_test skipped!">{tc_auto_skip,
    {failed,
        {megaco_codec_v1_test,init_per_group,
            {&apos;EXIT&apos;,
                {skipped,
                    &quot;failed_loading_flex_scanner_driver: cannot open shared object file: No such file or directory&quot;}}}}}</skipped></testcase><testcase group="codec.codec.text.flex_pretty.flex_compact" name="end_per_group" time="0.002767" timestamp="2012-11-19T18:34:02" log="/home/karl/tmp/otp_tests/logs/megaco_test_logs/ct_run.ct@devbox.2012-11-19_18.26.56/tests.megaco_test.logs/run.2012-11-19_18.27.20/megaco_codec_v1_test.end_per_group.346442.194.html"></testcase><testcase group="codec.codec.text.flex_pretty.binary" name="init_per_group" time="0.004264" timestamp="2012-11-19T18:34:02" log="/home/karl/tmp/otp_tests/logs/megaco_test_logs/ct_run.ct@devbox.2012-11-19_18.26.56/tests.megaco_test.logs/run.2012-11-19_18.27.20/megaco_codec_v1_test.init_per_group.346442.225.html"></testcase><testcase group="codec.codec.text.flex_pretty.binary.bin" name="init_per_group" time="0.003834" timestamp="2012-11-19T18:34:02" log="/home/karl/tmp/otp_tests/logs/megaco_test_logs/ct_run.ct@devbox.2012-11-19_18.26.56/tests.megaco_test.logs/run.2012-11-19_18.27.20/megaco_codec_v1_test.init_per_group.346442.258.html"></testcase><testcase group="codec.codec.text.flex_pretty.binary.bin" name="bin_test_msgs" time="1.085341" timestamp="2012-11-19T18:34:02" log="/home/karl/tmp/otp_tests/logs/megaco_test_logs/ct_run.ct@devbox.2012-11-19_18.26.56/tests.megaco_test.logs/run.2012-11-19_18.27.20/megaco_codec_v1_test.bin_test_msgs.html"></testcase><testcase group="codec.codec.text.flex_pretty.binary.bin" name="end_per_group" time="0.003445" timestamp="2012-11-19T18:34:03" log="/home/karl/tmp/otp_tests/logs/megaco_test_logs/ct_run.ct@devbox.2012-11-19_18.26.56/tests.megaco_test.logs/run.2012-11-19_18.27.20/megaco_codec_v1_test.end_per_group.346443.403.html"></testcase><testcase group="codec.codec.text.flex_pretty.binary.ber" name="init_per_group" time="0.004544" timestamp="2012-11-19T18:34:03" log="/home/karl/tmp/otp_tests/logs/megaco_test_logs/ct_run.ct@devbox.2012-11-19_18.26.56/tests.megaco_test.logs/run.2012-11-19_18.27.20/megaco_codec_v1_test.init_per_group.346443.435.html"></testcase><testcase group="codec.codec.text.flex_pretty.binary.ber" name="ber_test_msgs" time="1.124135" timestamp="2012-11-19T18:34:03" log="/home/karl/tmp/otp_tests/logs/megaco_test_logs/ct_run.ct@devbox.2012-11-19_18.26.56/tests.megaco_test.logs/run.2012-11-19_18.27.20/megaco_codec_v1_test.ber_test_msgs.html"></testcase><testcase group="codec.codec.text.flex_pretty.binary.ber" name="end_per_group" time="0.003605" timestamp="2012-11-19T18:34:04" log="/home/karl/tmp/otp_tests/logs/megaco_test_logs/ct_run.ct@devbox.2012-11-19_18.26.56/tests.megaco_test.logs/run.2012-11-19_18.27.20/megaco_codec_v1_test.end_per_group.346444.621.html"></testcase><testcase group="codec.codec.text.flex_pretty.binary.ber_bin" name="init_per_group" time="0.004518" timestamp="2012-11-19T18:34:04" log="/home/karl/tmp/otp_tests/logs/megaco_test_logs/ct_run.ct@devbox.2012-11-19_18.26.56/tests.megaco_test.logs/run.2012-11-19_18.27.20/megaco_codec_v1_test.init_per_group.346444.652.html"></testcase><testcase group="codec.codec.text.flex_pretty.binary.ber_bin" name="ber_bin_test_msgs" time="1.096964" timestamp="2012-11-19T18:34:04" log="/home/karl/tmp/otp_tests/logs/megaco_test_logs/ct_run.ct@devbox.2012-11-19_18.26.56/tests.megaco_test.logs/run.2012-11-19_18.27.20/megaco_codec_v1_test.ber_bin_test_msgs.html"></testcase><testcase group="codec.codec.text.flex_pretty.binary.ber_bin" name="end_per_group" time="0.005097" timestamp="2012-11-19T18:34:05" log="/home/karl/tmp/otp_tests/logs/megaco_test_logs/ct_run.ct@devbox.2012-11-19_18.26.56/tests.megaco_test.logs/run.2012-11-19_18.27.20/megaco_codec_v1_test.end_per_group.346445.808.html"></testcase><testcase group="codec.codec.text.flex_pretty.binary.per" name="init_per_group" time="0.004319" timestamp="2012-11-19T18:34:05" log="/home/karl/tmp/otp_tests/logs/megaco_test_logs/ct_run.ct@devbox.2012-11-19_18.26.56/tests.megaco_test.logs/run.2012-11-19_18.27.20/megaco_codec_v1_test.init_per_group.346445.841.html"></testcase><testcase group="codec.codec.text.flex_pretty.binary.per" name="per_test_msgs" time="1.112529" timestamp="2012-11-19T18:34:05" log="/home/karl/tmp/otp_tests/logs/megaco_test_logs/ct_run.ct@devbox.2012-11-19_18.26.56/tests.megaco_test.logs/run.2012-11-19_18.27.20/megaco_codec_v1_test.per_test_msgs.html"></testcase><testcase group="codec.codec.text.flex_pretty.binary.per" name="end_per_group" time="0.003552" timestamp="2012-11-19T18:34:07" log="/home/karl/tmp/otp_tests/logs/megaco_test_logs/ct_run.ct@devbox.2012-11-19_18.26.56/tests.megaco_test.logs/run.2012-11-19_18.27.20/megaco_codec_v1_test.end_per_group.346447.14.html"></testcase><testcase group="codec.codec.text.flex_pretty.binary.per_bin" name="init_per_group" time="0.003708" timestamp="2012-11-19T18:34:07" log="/home/karl/tmp/otp_tests/logs/megaco_test_logs/ct_run.ct@devbox.2012-11-19_18.26.56/tests.megaco_test.logs/run.2012-11-19_18.27.20/megaco_codec_v1_test.init_per_group.346447.45.html"></testcase><testcase group="codec.codec.text.flex_pretty.binary.per_bin" name="per_bin_test_msgs" time="1.093042" timestamp="2012-11-19T18:34:07" log="/home/karl/tmp/otp_tests/logs/megaco_test_logs/ct_run.ct@devbox.2012-11-19_18.26.56/tests.megaco_test.logs/run.2012-11-19_18.27.20/megaco_codec_v1_test.per_bin_test_msgs.html"></testcase><testcase group="codec.codec.text.flex_pretty.binary.per_bin" name="end_per_group" time="0.004314" timestamp="2012-11-19T18:34:08" log="/home/karl/tmp/otp_tests/logs/megaco_test_logs/ct_run.ct@devbox.2012-11-19_18.26.56/tests.megaco_test.logs/run.2012-11-19_18.27.20/megaco_codec_v1_test.end_per_group.346448.197.html"></testcase><testcase group="codec.codec.text.flex_pretty.binary" name="end_per_group" time="0.003844" timestamp="2012-11-19T18:34:08" log="/home/karl/tmp/otp_tests/logs/megaco_test_logs/ct_run.ct@devbox.2012-11-19_18.26.56/tests.megaco_test.logs/run.2012-11-19_18.27.20/megaco_codec_v1_test.end_per_group.346448.229.html"></testcase><testcase group="codec.codec.text.flex_pretty.erl_dist" name="init_per_group" time="0.003153" timestamp="2012-11-19T18:34:08" log="/home/karl/tmp/otp_tests/logs/megaco_test_logs/ct_run.ct@devbox.2012-11-19_18.26.56/tests.megaco_test.logs/run.2012-11-19_18.27.20/megaco_codec_v1_test.init_per_group.346448.261.html"></testcase><testcase group="codec.codec.text.flex_pretty.erl_dist.erl_dist_m" name="init_per_group" time="0.003001" timestamp="2012-11-19T18:34:08" log="/home/karl/tmp/otp_tests/logs/megaco_test_logs/ct_run.ct@devbox.2012-11-19_18.26.56/tests.megaco_test.logs/run.2012-11-19_18.27.20/megaco_codec_v1_test.init_per_group.346448.292.html"></testcase><testcase group="codec.codec.text.flex_pretty.erl_dist.erl_dist_m" name="erl_dist_m_test_msgs" time="1.055678" timestamp="2012-11-19T18:34:08" log="/home/karl/tmp/otp_tests/logs/megaco_test_logs/ct_run.ct@devbox.2012-11-19_18.26.56/tests.megaco_test.logs/run.2012-11-19_18.27.20/megaco_codec_v1_test.erl_dist_m_test_msgs.html"></testcase><testcase group="codec.codec.text.flex_pretty.erl_dist.erl_dist_m" name="end_per_group" time="0.002371" timestamp="2012-11-19T18:34:09" log="/home/karl/tmp/otp_tests/logs/megaco_test_logs/ct_run.ct@devbox.2012-11-19_18.26.56/tests.megaco_test.logs/run.2012-11-19_18.27.20/megaco_codec_v1_test.end_per_group.346449.407.html"></testcase><testcase group="codec.codec.text.flex_pretty.erl_dist" name="end_per_group" time="0.002295" timestamp="2012-11-19T18:34:09" log="/home/karl/tmp/otp_tests/logs/megaco_test_logs/ct_run.ct@devbox.2012-11-19_18.26.56/tests.megaco_test.logs/run.2012-11-19_18.27.20/megaco_codec_v1_test.end_per_group.346449.438.html"></testcase><testcase group="codec.codec.text.flex_pretty.tickets" name="init_per_group" time="0.002954" timestamp="2012-11-19T18:34:09" log="/home/karl/tmp/otp_tests/logs/megaco_test_logs/ct_run.ct@devbox.2012-11-19_18.26.56/tests.megaco_test.logs/run.2012-11-19_18.27.20/megaco_codec_v1_test.init_per_group.346449.468.html"></testcase><testcase group="codec.codec.text.flex_pretty.tickets.compact_tickets" name="init_per_group" time="0.003058" timestamp="2012-11-19T18:34:09" log="/home/karl/tmp/otp_tests/logs/megaco_test_logs/ct_run.ct@devbox.2012-11-19_18.26.56/tests.megaco_test.logs/run.2012-11-19_18.27.20/megaco_codec_v1_test.init_per_group.346449.498.html"></testcase><testcase group="codec.codec.text.flex_pretty.tickets.compact_tickets" name="compact_otp4011_msg1" time="1.006772" timestamp="2012-11-19T18:34:09" log="/home/karl/tmp/otp_tests/logs/megaco_test_logs/ct_run.ct@devbox.2012-11-19_18.26.56/tests.megaco_test.logs/run.2012-11-19_18.27.20/megaco_codec_v1_test.compact_otp4011_msg1.html"></testcase><testcase group="codec.codec.text.flex_pretty.tickets.compact_tickets" name="compact_otp4011_msg2" time="1.013058" timestamp="2012-11-19T18:34:10" log="/home/karl/tmp/otp_tests/logs/megaco_test_logs/ct_run.ct@devbox.2012-11-19_18.26.56/tests.megaco_test.logs/run.2012-11-19_18.27.20/megaco_codec_v1_test.compact_otp4011_msg2.html"></testcase><testcase group="codec.codec.text.flex_pretty.tickets.compact_tickets" name="compact_otp4011_msg3" time="1.011144" timestamp="2012-11-19T18:34:11" log="/home/karl/tmp/otp_tests/logs/megaco_test_logs/ct_run.ct@devbox.2012-11-19_18.26.56/tests.megaco_test.logs/run.2012-11-19_18.27.20/megaco_codec_v1_test.compact_otp4011_msg3.html"></testcase><testcase group="codec.codec.text.flex_pretty.tickets.compact_tickets" name="compact_otp4013_msg1" time="1.006268" timestamp="2012-11-19T18:34:12" log="/home/karl/tmp/otp_tests/logs/megaco_test_logs/ct_run.ct@devbox.2012-11-19_18.26.56/tests.megaco_test.logs/run.2012-11-19_18.27.20/megaco_codec_v1_test.compact_otp4013_msg1.html"></testcase><testcase group="codec.codec.text.flex_pretty.tickets.compact_tickets" name="compact_otp4085_msg1" time="1.008025" timestamp="2012-11-19T18:34:13" log="/home/karl/tmp/otp_tests/logs/megaco_test_logs/ct_run.ct@devbox.2012-11-19_18.26.56/tests.megaco_test.logs/run.2012-11-19_18.27.20/megaco_codec_v1_test.compact_otp4085_msg1.html"></testcase><testcase group="codec.codec.text.flex_pretty.tickets.compact_tickets" name="compact_otp4085_msg2" time="1.007760" timestamp="2012-11-19T18:34:14" log="/home/karl/tmp/otp_tests/logs/megaco_test_logs/ct_run.ct@devbox.2012-11-19_18.26.56/tests.megaco_test.logs/run.2012-11-19_18.27.20/megaco_codec_v1_test.compact_otp4085_msg2.html"></testcase><testcase group="codec.codec.text.flex_pretty.tickets.compact_tickets" name="compact_otp4280_msg1" time="1.010610" timestamp="2012-11-19T18:34:15" log="/home/karl/tmp/otp_tests/logs/megaco_test_logs/ct_run.ct@devbox.2012-11-19_18.26.56/tests.megaco_test.logs/run.2012-11-19_18.27.20/megaco_codec_v1_test.compact_otp4280_msg1.html"></testcase><testcase group="codec.codec.text.flex_pretty.tickets.compact_tickets" name="compact_otp4299_msg1" time="1.012507" timestamp="2012-11-19T18:34:16" log="/home/karl/tmp/otp_tests/logs/megaco_test_logs/ct_run.ct@devbox.2012-11-19_18.26.56/tests.megaco_test.logs/run.2012-11-19_18.27.20/megaco_codec_v1_test.compact_otp4299_msg1.html"></testcase><testcase group="codec.codec.text.flex_pretty.tickets.compact_tickets" name="compact_otp4299_msg2" time="1.015472" timestamp="2012-11-19T18:34:17" log="/home/karl/tmp/otp_tests/logs/megaco_test_logs/ct_run.ct@devbox.2012-11-19_18.26.56/tests.megaco_test.logs/run.2012-11-19_18.27.20/megaco_codec_v1_test.compact_otp4299_msg2.html"><skipped type="skip" message="Test compact_otp4299_msg2 in megaco_codec_v1_test skipped!">{tc_user_skip,{skipped,&quot;failed_loading_flex_scanner_driver: cannot open shared object file: No such file or directory&quot;}}</skipped></testcase><testcase group="codec.codec.text.flex_pretty.tickets.compact_tickets" name="compact_otp4359_msg1" time="1.012575" timestamp="2012-11-19T18:34:18" log="/home/karl/tmp/otp_tests/logs/megaco_test_logs/ct_run.ct@devbox.2012-11-19_18.26.56/tests.megaco_test.logs/run.2012-11-19_18.27.20/megaco_codec_v1_test.compact_otp4359_msg1.html"></testcase><testcase group="codec.codec.text.flex_pretty.tickets.compact_tickets" name="compact_otp4920_msg0" time="1.011079" timestamp="2012-11-19T18:34:20" log="/home/karl/tmp/otp_tests/logs/megaco_test_logs/ct_run.ct@devbox.2012-11-19_18.26.56/tests.megaco_test.logs/run.2012-11-19_18.27.20/megaco_codec_v1_test.compact_otp4920_msg0.html"></testcase><testcase group="codec.codec.text.flex_pretty.tickets.compact_tickets" name="compact_otp4920_msg1" time="1.012234" timestamp="2012-11-19T18:34:21" log="/home/karl/tmp/otp_tests/logs/megaco_test_logs/ct_run.ct@devbox.2012-11-19_18.26.56/tests.megaco_test.logs/run.2012-11-19_18.27.20/megaco_codec_v1_test.compact_otp4920_msg1.html"></testcase><testcase group="codec.codec.text.flex_pretty.tickets.compact_tickets" name="compact_otp4920_msg2" time="1.010953" timestamp="2012-11-19T18:34:22" log="/home/karl/tmp/otp_tests/logs/megaco_test_logs/ct_run.ct@devbox.2012-11-19_18.26.56/tests.megaco_test.logs/run.2012-11-19_18.27.20/megaco_codec_v1_test.compact_otp4920_msg2.html"></testcase><testcase group="codec.codec.text.flex_pretty.tickets.compact_tickets" name="compact_otp4920_msg3" time="1.009659" timestamp="2012-11-19T18:34:23" log="/home/karl/tmp/otp_tests/logs/megaco_test_logs/ct_run.ct@devbox.2012-11-19_18.26.56/tests.megaco_test.logs/run.2012-11-19_18.27.20/megaco_codec_v1_test.compact_otp4920_msg3.html"></testcase><testcase group="codec.codec.text.flex_pretty.tickets.compact_tickets" name="compact_otp4920_msg4" time="1.012433" timestamp="2012-11-19T18:34:24" log="/home/karl/tmp/otp_tests/logs/megaco_test_logs/ct_run.ct@devbox.2012-11-19_18.26.56/tests.megaco_test.logs/run.2012-11-19_18.27.20/megaco_codec_v1_test.compact_otp4920_msg4.html"></testcase><testcase group="codec.codec.text.flex_pretty.tickets.compact_tickets" name="compact_otp4920_msg5" time="1.010037" timestamp="2012-11-19T18:34:25" log="/home/karl/tmp/otp_tests/logs/megaco_test_logs/ct_run.ct@devbox.2012-11-19_18.26.56/tests.megaco_test.logs/run.2012-11-19_18.27.20/megaco_codec_v1_test.compact_otp4920_msg5.html"></testcase><testcase group="codec.codec.text.flex_pretty.tickets.compact_tickets" name="compact_otp4920_msg6" time="1.012726" timestamp="2012-11-19T18:34:26" log="/home/karl/tmp/otp_tests/logs/megaco_test_logs/ct_run.ct@devbox.2012-11-19_18.26.56/tests.megaco_test.logs/run.2012-11-19_18.27.20/megaco_codec_v1_test.compact_otp4920_msg6.html"></testcase><testcase group="codec.codec.text.flex_pretty.tickets.compact_tickets" name="compact_otp4920_msg7" time="1.014113" timestamp="2012-11-19T18:34:27" log="/home/karl/tmp/otp_tests/logs/megaco_test_logs/ct_run.ct@devbox.2012-11-19_18.26.56/tests.megaco_test.logs/run.2012-11-19_18.27.20/megaco_codec_v1_test.compact_otp4920_msg7.html"></testcase><testcase group="codec.codec.text.flex_pretty.tickets.compact_tickets" name="compact_otp4920_msg8" time="1.012464" timestamp="2012-11-19T18:34:28" log="/home/karl/tmp/otp_tests/logs/megaco_test_logs/ct_run.ct@devbox.2012-11-19_18.26.56/tests.megaco_test.logs/run.2012-11-19_18.27.20/megaco_codec_v1_test.compact_otp4920_msg8.html"></testcase><testcase group="codec.codec.text.flex_pretty.tickets.compact_tickets" name="compact_otp4920_msg9" time="1.019891" timestamp="2012-11-19T18:34:29" log="/home/karl/tmp/otp_tests/logs/megaco_test_logs/ct_run.ct@devbox.2012-11-19_18.26.56/tests.megaco_test.logs/run.2012-11-19_18.27.20/megaco_codec_v1_test.compact_otp4920_msg9.html"></testcase><testcase group="codec.codec.text.flex_pretty.tickets.compact_tickets" name="compact_otp4920_msg10" time="1.014289" timestamp="2012-11-19T18:34:30" log="/home/karl/tmp/otp_tests/logs/megaco_test_logs/ct_run.ct@devbox.2012-11-19_18.26.56/tests.megaco_test.logs/run.2012-11-19_18.27.20/megaco_codec_v1_test.compact_otp4920_msg10.html"></testcase><testcase group="codec.codec.text.flex_pretty.tickets.compact_tickets" name="compact_otp4920_msg11" time="1.011565" timestamp="2012-11-19T18:34:31" log="/home/karl/tmp/otp_tests/logs/megaco_test_logs/ct_run.ct@devbox.2012-11-19_18.26.56/tests.megaco_test.logs/run.2012-11-19_18.27.20/megaco_codec_v1_test.compact_otp4920_msg11.html"></testcase><testcase group="codec.codec.text.flex_pretty.tickets.compact_tickets" name="compact_otp4920_msg12" time="1.010818" timestamp="2012-11-19T18:34:32" log="/home/karl/tmp/otp_tests/logs/megaco_test_logs/ct_run.ct@devbox.2012-11-19_18.26.56/tests.megaco_test.logs/run.2012-11-19_18.27.20/megaco_codec_v1_test.compact_otp4920_msg12.html"></testcase><testcase group="codec.codec.text.flex_pretty.tickets.compact_tickets" name="compact_otp4920_msg20" time="1.014470" timestamp="2012-11-19T18:34:33" log="/home/karl/tmp/otp_tests/logs/megaco_test_logs/ct_run.ct@devbox.2012-11-19_18.26.56/tests.megaco_test.logs/run.2012-11-19_18.27.20/megaco_codec_v1_test.compact_otp4920_msg20.html"></testcase><testcase group="codec.codec.text.flex_pretty.tickets.compact_tickets" name="compact_otp4920_msg21" time="1.019431" timestamp="2012-11-19T18:34:34" log="/home/karl/tmp/otp_tests/logs/megaco_test_logs/ct_run.ct@devbox.2012-11-19_18.26.56/tests.megaco_test.logs/run.2012-11-19_18.27.20/megaco_codec_v1_test.compact_otp4920_msg21.html"></testcase><testcase group="codec.codec.text.flex_pretty.tickets.compact_tickets" name="compact_otp4920_msg22" time="1.012838" timestamp="2012-11-19T18:34:35" log="/home/karl/tmp/otp_tests/logs/megaco_test_logs/ct_run.ct@devbox.2012-11-19_18.26.56/tests.megaco_test.logs/run.2012-11-19_18.27.20/megaco_codec_v1_test.compact_otp4920_msg22.html"></testcase><testcase group="codec.codec.text.flex_pretty.tickets.compact_tickets" name="compact_otp4920_msg23" time="1.013238" timestamp="2012-11-19T18:34:36" log="/home/karl/tmp/otp_tests/logs/megaco_test_logs/ct_run.ct@devbox.2012-11-19_18.26.56/tests.megaco_test.logs/run.2012-11-19_18.27.20/megaco_codec_v1_test.compact_otp4920_msg23.html"></testcase><testcase group="codec.codec.text.flex_pretty.tickets.compact_tickets" name="compact_otp4920_msg24" time="1.020266" timestamp="2012-11-19T18:34:37" log="/home/karl/tmp/otp_tests/logs/megaco_test_logs/ct_run.ct@devbox.2012-11-19_18.26.56/tests.megaco_test.logs/run.2012-11-19_18.27.20/megaco_codec_v1_test.compact_otp4920_msg24.html"></testcase><testcase group="codec.codec.text.flex_pretty.tickets.compact_tickets" name="compact_otp4920_msg25" time="1.009145" timestamp="2012-11-19T18:34:38" log="/home/karl/tmp/otp_tests/logs/megaco_test_logs/ct_run.ct@devbox.2012-11-19_18.26.56/tests.megaco_test.logs/run.2012-11-19_18.27.20/megaco_codec_v1_test.compact_otp4920_msg25.html"></testcase><testcase group="codec.codec.text.flex_pretty.tickets.compact_tickets" name="compact_otp5186_msg01" time="1.024791" timestamp="2012-11-19T18:34:39" log="/home/karl/tmp/otp_tests/logs/megaco_test_logs/ct_run.ct@devbox.2012-11-19_18.26.56/tests.megaco_test.logs/run.2012-11-19_18.27.20/megaco_codec_v1_test.compact_otp5186_msg01.html"></testcase><testcase group="codec.codec.text.flex_pretty.tickets.compact_tickets" name="compact_otp5186_msg02" time="1.009580" timestamp="2012-11-19T18:34:41" log="/home/karl/tmp/otp_tests/logs/megaco_test_logs/ct_run.ct@devbox.2012-11-19_18.26.56/tests.megaco_test.logs/run.2012-11-19_18.27.20/megaco_codec_v1_test.compact_otp5186_msg02.html"></testcase><testcase group="codec.codec.text.flex_pretty.tickets.compact_tickets" name="compact_otp5186_msg03" time="1.022786" timestamp="2012-11-19T18:34:42" log="/home/karl/tmp/otp_tests/logs/megaco_test_logs/ct_run.ct@devbox.2012-11-19_18.26.56/tests.megaco_test.logs/run.2012-11-19_18.27.20/megaco_codec_v1_test.compact_otp5186_msg03.html"></testcase><testcase group="codec.codec.text.flex_pretty.tickets.compact_tickets" name="compact_otp5186_msg04" time="1.013795" timestamp="2012-11-19T18:34:43" log="/home/karl/tmp/otp_tests/logs/megaco_test_logs/ct_run.ct@devbox.2012-11-19_18.26.56/tests.megaco_test.logs/run.2012-11-19_18.27.20/megaco_codec_v1_test.compact_otp5186_msg04.html"></testcase><testcase group="codec.codec.text.flex_pretty.tickets.compact_tickets" name="compact_otp5186_msg05" time="1.010606" timestamp="2012-11-19T18:34:44" log="/home/karl/tmp/otp_tests/logs/megaco_test_logs/ct_run.ct@devbox.2012-11-19_18.26.56/tests.megaco_test.logs/run.2012-11-19_18.27.20/megaco_codec_v1_test.compact_otp5186_msg05.html"></testcase><testcase group="codec.codec.text.flex_pretty.tickets.compact_tickets" name="compact_otp5186_msg06" time="1.009286" timestamp="2012-11-19T18:34:45" log="/home/karl/tmp/otp_tests/logs/megaco_test_logs/ct_run.ct@devbox.2012-11-19_18.26.56/tests.megaco_test.logs/run.2012-11-19_18.27.20/megaco_codec_v1_test.compact_otp5186_msg06.html"></testcase><testcase group="codec.codec.text.flex_pretty.tickets.compact_tickets" name="compact_otp5793_msg01" time="1.014466" timestamp="2012-11-19T18:34:46" log="/home/karl/tmp/otp_tests/logs/megaco_test_logs/ct_run.ct@devbox.2012-11-19_18.26.56/tests.megaco_test.logs/run.2012-11-19_18.27.20/megaco_codec_v1_test.compact_otp5793_msg01.html"></testcase><testcase group="codec.codec.text.flex_pretty.tickets.compact_tickets" name="compact_otp5993_msg01" time="1.026387" timestamp="2012-11-19T18:34:47" log="/home/karl/tmp/otp_tests/logs/megaco_test_logs/ct_run.ct@devbox.2012-11-19_18.26.56/tests.megaco_test.logs/run.2012-11-19_18.27.20/megaco_codec_v1_test.compact_otp5993_msg01.html"></testcase><testcase group="codec.codec.text.flex_pretty.tickets.compact_tickets" name="compact_otp5993_msg02" time="1.014437" timestamp="2012-11-19T18:34:48" log="/home/karl/tmp/otp_tests/logs/megaco_test_logs/ct_run.ct@devbox.2012-11-19_18.26.56/tests.megaco_test.logs/run.2012-11-19_18.27.20/megaco_codec_v1_test.compact_otp5993_msg02.html"></testcase><testcase group="codec.codec.text.flex_pretty.tickets.compact_tickets" name="compact_otp5993_msg03" time="1.011246" timestamp="2012-11-19T18:34:49" log="/home/karl/tmp/otp_tests/logs/megaco_test_logs/ct_run.ct@devbox.2012-11-19_18.26.56/tests.megaco_test.logs/run.2012-11-19_18.27.20/megaco_codec_v1_test.compact_otp5993_msg03.html"></testcase><testcase group="codec.codec.text.flex_pretty.tickets.compact_tickets" name="compact_otp6017_msg01" time="1.010630" timestamp="2012-11-19T18:34:50" log="/home/karl/tmp/otp_tests/logs/megaco_test_logs/ct_run.ct@devbox.2012-11-19_18.26.56/tests.megaco_test.logs/run.2012-11-19_18.27.20/megaco_codec_v1_test.compact_otp6017_msg01.html"></testcase><testcase group="codec.codec.text.flex_pretty.tickets.compact_tickets" name="compact_otp6017_msg02" time="1.011505" timestamp="2012-11-19T18:34:51" log="/home/karl/tmp/otp_tests/logs/megaco_test_logs/ct_run.ct@devbox.2012-11-19_18.26.56/tests.megaco_test.logs/run.2012-11-19_18.27.20/megaco_codec_v1_test.compact_otp6017_msg02.html"></testcase><testcase group="codec.codec.text.flex_pretty.tickets.compact_tickets" name="compact_otp6017_msg03" time="1.012569" timestamp="2012-11-19T18:34:52" log="/home/karl/tmp/otp_tests/logs/megaco_test_logs/ct_run.ct@devbox.2012-11-19_18.26.56/tests.megaco_test.logs/run.2012-11-19_18.27.20/megaco_codec_v1_test.compact_otp6017_msg03.html"></testcase><testcase group="codec.codec.text.flex_pretty.tickets.compact_tickets" name="end_per_group" time="0.007331" timestamp="2012-11-19T18:34:53" log="/home/karl/tmp/otp_tests/logs/megaco_test_logs/ct_run.ct@devbox.2012-11-19_18.26.56/tests.megaco_test.logs/run.2012-11-19_18.27.20/megaco_codec_v1_test.end_per_group.346493.629.html"></testcase><testcase group="codec.codec.text.flex_pretty.tickets.pretty_tickets" name="init_per_group" time="0.004922" timestamp="2012-11-19T18:34:53" log="/home/karl/tmp/otp_tests/logs/megaco_test_logs/ct_run.ct@devbox.2012-11-19_18.26.56/tests.megaco_test.logs/run.2012-11-19_18.27.20/megaco_codec_v1_test.init_per_group.346493.675.html"></testcase><testcase group="codec.codec.text.flex_pretty.tickets.pretty_tickets" name="pretty_otp4632_msg1" time="1.010205" timestamp="2012-11-19T18:34:53" log="/home/karl/tmp/otp_tests/logs/megaco_test_logs/ct_run.ct@devbox.2012-11-19_18.26.56/tests.megaco_test.logs/run.2012-11-19_18.27.20/megaco_codec_v1_test.pretty_otp4632_msg1.html"></testcase><testcase group="codec.codec.text.flex_pretty.tickets.pretty_tickets" name="pretty_otp4632_msg2" time="1.011237" timestamp="2012-11-19T18:34:54" log="/home/karl/tmp/otp_tests/logs/megaco_test_logs/ct_run.ct@devbox.2012-11-19_18.26.56/tests.megaco_test.logs/run.2012-11-19_18.27.20/megaco_codec_v1_test.pretty_otp4632_msg2.html"></testcase><testcase group="codec.codec.text.flex_pretty.tickets.pretty_tickets" name="pretty_otp4632_msg3" time="1.011671" timestamp="2012-11-19T18:34:55" log="/home/karl/tmp/otp_tests/logs/megaco_test_logs/ct_run.ct@devbox.2012-11-19_18.26.56/tests.megaco_test.logs/run.2012-11-19_18.27.20/megaco_codec_v1_test.pretty_otp4632_msg3.html"></testcase><testcase group="codec.codec.text.flex_pretty.tickets.pretty_tickets" name="pretty_otp4632_msg4" time="1.010966" timestamp="2012-11-19T18:34:56" log="/home/karl/tmp/otp_tests/logs/megaco_test_logs/ct_run.ct@devbox.2012-11-19_18.26.56/tests.megaco_test.logs/run.2012-11-19_18.27.20/megaco_codec_v1_test.pretty_otp4632_msg4.html"></testcase><testcase group="codec.codec.text.flex_pretty.tickets.pretty_tickets" name="pretty_otp4710_msg1" time="1.011920" timestamp="2012-11-19T18:34:57" log="/home/karl/tmp/otp_tests/logs/megaco_test_logs/ct_run.ct@devbox.2012-11-19_18.26.56/tests.megaco_test.logs/run.2012-11-19_18.27.20/megaco_codec_v1_test.pretty_otp4710_msg1.html"></testcase><testcase group="codec.codec.text.flex_pretty.tickets.pretty_tickets" name="pretty_otp4710_msg2" time="1.013472" timestamp="2012-11-19T18:34:58" log="/home/karl/tmp/otp_tests/logs/megaco_test_logs/ct_run.ct@devbox.2012-11-19_18.26.56/tests.megaco_test.logs/run.2012-11-19_18.27.20/megaco_codec_v1_test.pretty_otp4710_msg2.html"></testcase><testcase group="codec.codec.text.flex_pretty.tickets.pretty_tickets" name="pretty_otp4945_msg1" time="1.009542" timestamp="2012-11-19T18:35:00" log="/home/karl/tmp/otp_tests/logs/megaco_test_logs/ct_run.ct@devbox.2012-11-19_18.26.56/tests.megaco_test.logs/run.2012-11-19_18.27.20/megaco_codec_v1_test.pretty_otp4945_msg1.html"></testcase><testcase group="codec.codec.text.flex_pretty.tickets.pretty_tickets" name="pretty_otp4945_msg2" time="1.011100" timestamp="2012-11-19T18:35:01" log="/home/karl/tmp/otp_tests/logs/megaco_test_logs/ct_run.ct@devbox.2012-11-19_18.26.56/tests.megaco_test.logs/run.2012-11-19_18.27.20/megaco_codec_v1_test.pretty_otp4945_msg2.html"></testcase><testcase group="codec.codec.text.flex_pretty.tickets.pretty_tickets" name="pretty_otp4945_msg3" time="1.010324" timestamp="2012-11-19T18:35:02" log="/home/karl/tmp/otp_tests/logs/megaco_test_logs/ct_run.ct@devbox.2012-11-19_18.26.56/tests.megaco_test.logs/run.2012-11-19_18.27.20/megaco_codec_v1_test.pretty_otp4945_msg3.html"></testcase><testcase group="codec.codec.text.flex_pretty.tickets.pretty_tickets" name="pretty_otp4945_msg4" time="1.010340" timestamp="2012-11-19T18:35:03" log="/home/karl/tmp/otp_tests/logs/megaco_test_logs/ct_run.ct@devbox.2012-11-19_18.26.56/tests.megaco_test.logs/run.2012-11-19_18.27.20/megaco_codec_v1_test.pretty_otp4945_msg4.html"></testcase><testcase group="codec.codec.text.flex_pretty.tickets.pretty_tickets" name="pretty_otp4945_msg5" time="1.019256" timestamp="2012-11-19T18:35:04" log="/home/karl/tmp/otp_tests/logs/megaco_test_logs/ct_run.ct@devbox.2012-11-19_18.26.56/tests.megaco_test.logs/run.2012-11-19_18.27.20/megaco_codec_v1_test.pretty_otp4945_msg5.html"></testcase><testcase group="codec.codec.text.flex_pretty.tickets.pretty_tickets" name="pretty_otp4945_msg6" time="1.012984" timestamp="2012-11-19T18:35:05" log="/home/karl/tmp/otp_tests/logs/megaco_test_logs/ct_run.ct@devbox.2012-11-19_18.26.56/tests.megaco_test.logs/run.2012-11-19_18.27.20/megaco_codec_v1_test.pretty_otp4945_msg6.html"></testcase><testcase group="codec.codec.text.flex_pretty.tickets.pretty_tickets" name="pretty_otp4949_msg1" time="1.011146" timestamp="2012-11-19T18:35:06" log="/home/karl/tmp/otp_tests/logs/megaco_test_logs/ct_run.ct@devbox.2012-11-19_18.26.56/tests.megaco_test.logs/run.2012-11-19_18.27.20/megaco_codec_v1_test.pretty_otp4949_msg1.html"></testcase><testcase group="codec.codec.text.flex_pretty.tickets.pretty_tickets" name="pretty_otp4949_msg2" time="1.017525" timestamp="2012-11-19T18:35:07" log="/home/karl/tmp/otp_tests/logs/megaco_test_logs/ct_run.ct@devbox.2012-11-19_18.26.56/tests.megaco_test.logs/run.2012-11-19_18.27.20/megaco_codec_v1_test.pretty_otp4949_msg2.html"></testcase><testcase group="codec.codec.text.flex_pretty.tickets.pretty_tickets" name="pretty_otp4949_msg3" time="1.007681" timestamp="2012-11-19T18:35:08" log="/home/karl/tmp/otp_tests/logs/megaco_test_logs/ct_run.ct@devbox.2012-11-19_18.26.56/tests.megaco_test.logs/run.2012-11-19_18.27.20/megaco_codec_v1_test.pretty_otp4949_msg3.html"></testcase><testcase group="codec.codec.text.flex_pretty.tickets.pretty_tickets" name="pretty_otp5042_msg1" time="1.011700" timestamp="2012-11-19T18:35:09" log="/home/karl/tmp/otp_tests/logs/megaco_test_logs/ct_run.ct@devbox.2012-11-19_18.26.56/tests.megaco_test.logs/run.2012-11-19_18.27.20/megaco_codec_v1_test.pretty_otp5042_msg1.html"></testcase><testcase group="codec.codec.text.flex_pretty.tickets.pretty_tickets" name="pretty_otp5068_msg1" time="1.011505" timestamp="2012-11-19T18:35:10" log="/home/karl/tmp/otp_tests/logs/megaco_test_logs/ct_run.ct@devbox.2012-11-19_18.26.56/tests.megaco_test.logs/run.2012-11-19_18.27.20/megaco_codec_v1_test.pretty_otp5068_msg1.html"></testcase><testcase group="codec.codec.text.flex_pretty.tickets.pretty_tickets" name="pretty_otp5085_msg1" time="1.011068" timestamp="2012-11-19T18:35:11" log="/home/karl/tmp/otp_tests/logs/megaco_test_logs/ct_run.ct@devbox.2012-11-19_18.26.56/tests.megaco_test.logs/run.2012-11-19_18.27.20/megaco_codec_v1_test.pretty_otp5085_msg1.html"></testcase><testcase group="codec.codec.text.flex_pretty.tickets.pretty_tickets" name="pretty_otp5085_msg2" time="1.011848" timestamp="2012-11-19T18:35:12" log="/home/karl/tmp/otp_tests/logs/megaco_test_logs/ct_run.ct@devbox.2012-11-19_18.26.56/tests.megaco_test.logs/run.2012-11-19_18.27.20/megaco_codec_v1_test.pretty_otp5085_msg2.html"></testcase><testcase group="codec.codec.text.flex_pretty.tickets.pretty_tickets" name="pretty_otp5085_msg3" time="1.011985" timestamp="2012-11-19T18:35:13" log="/home/karl/tmp/otp_tests/logs/megaco_test_logs/ct_run.ct@devbox.2012-11-19_18.26.56/tests.megaco_test.logs/run.2012-11-19_18.27.20/megaco_codec_v1_test.pretty_otp5085_msg3.html"></testcase><testcase group="codec.codec.text.flex_pretty.tickets.pretty_tickets" name="pretty_otp5085_msg4" time="1.022316" timestamp="2012-11-19T18:35:14" log="/home/karl/tmp/otp_tests/logs/megaco_test_logs/ct_run.ct@devbox.2012-11-19_18.26.56/tests.megaco_test.logs/run.2012-11-19_18.27.20/megaco_codec_v1_test.pretty_otp5085_msg4.html"></testcase><testcase group="codec.codec.text.flex_pretty.tickets.pretty_tickets" name="pretty_otp5085_msg5" time="1.013316" timestamp="2012-11-19T18:35:15" log="/home/karl/tmp/otp_tests/logs/megaco_test_logs/ct_run.ct@devbox.2012-11-19_18.26.56/tests.megaco_test.logs/run.2012-11-19_18.27.20/megaco_codec_v1_test.pretty_otp5085_msg5.html"></testcase><testcase group="codec.codec.text.flex_pretty.tickets.pretty_tickets" name="pretty_otp5085_msg6" time="1.012728" timestamp="2012-11-19T18:35:16" log="/home/karl/tmp/otp_tests/logs/megaco_test_logs/ct_run.ct@devbox.2012-11-19_18.26.56/tests.megaco_test.logs/run.2012-11-19_18.27.20/megaco_codec_v1_test.pretty_otp5085_msg6.html"></testcase><testcase group="codec.codec.text.flex_pretty.tickets.pretty_tickets" name="pretty_otp5085_msg7" time="1.011134" timestamp="2012-11-19T18:35:17" log="/home/karl/tmp/otp_tests/logs/megaco_test_logs/ct_run.ct@devbox.2012-11-19_18.26.56/tests.megaco_test.logs/run.2012-11-19_18.27.20/megaco_codec_v1_test.pretty_otp5085_msg7.html"></testcase><testcase group="codec.codec.text.flex_pretty.tickets.pretty_tickets" name="pretty_otp5600_msg1" time="1.012755" timestamp="2012-11-19T18:35:18" log="/home/karl/tmp/otp_tests/logs/megaco_test_logs/ct_run.ct@devbox.2012-11-19_18.26.56/tests.megaco_test.logs/run.2012-11-19_18.27.20/megaco_codec_v1_test.pretty_otp5600_msg1.html"></testcase><testcase group="codec.codec.text.flex_pretty.tickets.pretty_tickets" name="pretty_otp5600_msg2" time="1.021045" timestamp="2012-11-19T18:35:19" log="/home/karl/tmp/otp_tests/logs/megaco_test_logs/ct_run.ct@devbox.2012-11-19_18.26.56/tests.megaco_test.logs/run.2012-11-19_18.27.20/megaco_codec_v1_test.pretty_otp5600_msg2.html"></testcase><testcase group="codec.codec.text.flex_pretty.tickets.pretty_tickets" name="pretty_otp5601_msg1" time="1.013604" timestamp="2012-11-19T18:35:21" log="/home/karl/tmp/otp_tests/logs/megaco_test_logs/ct_run.ct@devbox.2012-11-19_18.26.56/tests.megaco_test.logs/run.2012-11-19_18.27.20/megaco_codec_v1_test.pretty_otp5601_msg1.html"></testcase><testcase group="codec.codec.text.flex_pretty.tickets.pretty_tickets" name="pretty_otp5793_msg01" time="1.010860" timestamp="2012-11-19T18:35:22" log="/home/karl/tmp/otp_tests/logs/megaco_test_logs/ct_run.ct@devbox.2012-11-19_18.26.56/tests.megaco_test.logs/run.2012-11-19_18.27.20/megaco_codec_v1_test.pretty_otp5793_msg01.html"></testcase><testcase group="codec.codec.text.flex_pretty.tickets.pretty_tickets" name="pretty_otp5882_msg01" time="1.011180" timestamp="2012-11-19T18:35:23" log="/home/karl/tmp/otp_tests/logs/megaco_test_logs/ct_run.ct@devbox.2012-11-19_18.26.56/tests.megaco_test.logs/run.2012-11-19_18.27.20/megaco_codec_v1_test.pretty_otp5882_msg01.html"></testcase><testcase group="codec.codec.text.flex_pretty.tickets.pretty_tickets" name="pretty_otp6490_msg01" time="0.009609" timestamp="2012-11-19T18:35:24" log="/home/karl/tmp/otp_tests/logs/megaco_test_logs/ct_run.ct@devbox.2012-11-19_18.26.56/tests.megaco_test.logs/run.2012-11-19_18.27.20/megaco_codec_v1_test.pretty_otp6490_msg01.html"></testcase><testcase group="codec.codec.text.flex_pretty.tickets.pretty_tickets" name="pretty_otp6490_msg02" time="0.009139" timestamp="2012-11-19T18:35:24" log="/home/karl/tmp/otp_tests/logs/megaco_test_logs/ct_run.ct@devbox.2012-11-19_18.26.56/tests.megaco_test.logs/run.2012-11-19_18.27.20/megaco_codec_v1_test.pretty_otp6490_msg02.html"></testcase><testcase group="codec.codec.text.flex_pretty.tickets.pretty_tickets" name="pretty_otp6490_msg03" time="0.005760" timestamp="2012-11-19T18:35:24" log="/home/karl/tmp/otp_tests/logs/megaco_test_logs/ct_run.ct@devbox.2012-11-19_18.26.56/tests.megaco_test.logs/run.2012-11-19_18.27.20/megaco_codec_v1_test.pretty_otp6490_msg03.html"></testcase><testcase group="codec.codec.text.flex_pretty.tickets.pretty_tickets" name="pretty_otp6490_msg04" time="0.006955" timestamp="2012-11-19T18:35:24" log="/home/karl/tmp/otp_tests/logs/megaco_test_logs/ct_run.ct@devbox.2012-11-19_18.26.56/tests.megaco_test.logs/run.2012-11-19_18.27.20/megaco_codec_v1_test.pretty_otp6490_msg04.html"></testcase><testcase group="codec.codec.text.flex_pretty.tickets.pretty_tickets" name="pretty_otp6490_msg05" time="0.007586" timestamp="2012-11-19T18:35:24" log="/home/karl/tmp/otp_tests/logs/megaco_test_logs/ct_run.ct@devbox.2012-11-19_18.26.56/tests.megaco_test.logs/run.2012-11-19_18.27.20/megaco_codec_v1_test.pretty_otp6490_msg05.html"></testcase><testcase group="codec.codec.text.flex_pretty.tickets.pretty_tickets" name="pretty_otp6490_msg06" time="0.007463" timestamp="2012-11-19T18:35:24" log="/home/karl/tmp/otp_tests/logs/megaco_test_logs/ct_run.ct@devbox.2012-11-19_18.26.56/tests.megaco_test.logs/run.2012-11-19_18.27.20/megaco_codec_v1_test.pretty_otp6490_msg06.html"></testcase><testcase group="codec.codec.text.flex_pretty.tickets.pretty_tickets" name="pretty_otp7671_msg01" time="0.007948" timestamp="2012-11-19T18:35:24" log="/home/karl/tmp/otp_tests/logs/megaco_test_logs/ct_run.ct@devbox.2012-11-19_18.26.56/tests.megaco_test.logs/run.2012-11-19_18.27.20/megaco_codec_v1_test.pretty_otp7671_msg01.html"></testcase><testcase group="codec.codec.text.flex_pretty.tickets.pretty_tickets" name="pretty_otp7671_msg02" time="0.007983" timestamp="2012-11-19T18:35:24" log="/home/karl/tmp/otp_tests/logs/megaco_test_logs/ct_run.ct@devbox.2012-11-19_18.26.56/tests.megaco_test.logs/run.2012-11-19_18.27.20/megaco_codec_v1_test.pretty_otp7671_msg02.html"></testcase><testcase group="codec.codec.text.flex_pretty.tickets.pretty_tickets" name="pretty_otp7671_msg03" time="0.006479" timestamp="2012-11-19T18:35:24" log="/home/karl/tmp/otp_tests/logs/megaco_test_logs/ct_run.ct@devbox.2012-11-19_18.26.56/tests.megaco_test.logs/run.2012-11-19_18.27.20/megaco_codec_v1_test.pretty_otp7671_msg03.html"></testcase><testcase group="codec.codec.text.flex_pretty.tickets.pretty_tickets" name="pretty_otp7671_msg04" time="0.005362" timestamp="2012-11-19T18:35:24" log="/home/karl/tmp/otp_tests/logs/megaco_test_logs/ct_run.ct@devbox.2012-11-19_18.26.56/tests.megaco_test.logs/run.2012-11-19_18.27.20/megaco_codec_v1_test.pretty_otp7671_msg04.html"></testcase><testcase group="codec.codec.text.flex_pretty.tickets.pretty_tickets" name="pretty_otp7671_msg05" time="0.005540" timestamp="2012-11-19T18:35:24" log="/home/karl/tmp/otp_tests/logs/megaco_test_logs/ct_run.ct@devbox.2012-11-19_18.26.56/tests.megaco_test.logs/run.2012-11-19_18.27.20/megaco_codec_v1_test.pretty_otp7671_msg05.html"></testcase><testcase group="codec.codec.text.flex_pretty.tickets.pretty_tickets" name="end_per_group" time="0.006261" timestamp="2012-11-19T18:35:24" log="/home/karl/tmp/otp_tests/logs/megaco_test_logs/ct_run.ct@devbox.2012-11-19_18.26.56/tests.megaco_test.logs/run.2012-11-19_18.27.20/megaco_codec_v1_test.end_per_group.346524.622.html"></testcase><testcase group="codec.codec.text.flex_pretty.tickets.flex_compact_tickets" name="init_per_group" time="0.007834" timestamp="2012-11-19T18:35:24" log="/home/karl/tmp/otp_tests/logs/megaco_test_logs/ct_run.ct@devbox.2012-11-19_18.26.56/tests.megaco_test.logs/run.2012-11-19_18.27.20/megaco_codec_v1_test.init_per_group.346524.660.html"><skipped type="skip" message="Test init_per_group in megaco_codec_v1_test skipped!">{tc_user_skip,{skipped,&quot;failed_loading_flex_scanner_driver: cannot open shared object file: No such file or directory&quot;}}</skipped></testcase><testcase group="codec.codec.text.flex_pretty.tickets.flex_compact_tickets" name="flex_compact_otp7431_msg01a" time="0.000013" timestamp="2012-11-19T18:35:24" log=""><skipped type="skip" message="Test flex_compact_otp7431_msg01a in megaco_codec_v1_test skipped!">{tc_auto_skip,
    {failed,
        {megaco_codec_v1_test,init_per_group,
            {&apos;EXIT&apos;,
                {skipped,
                    &quot;failed_loading_flex_scanner_driver: cannot open shared object file: No such file or directory&quot;}}}}}</skipped></testcase><testcase group="codec.codec.text.flex_pretty.tickets.flex_compact_tickets" name="flex_compact_otp7431_msg01b" time="0.000022" timestamp="2012-11-19T18:35:24" log=""><skipped type="skip" message="Test flex_compact_otp7431_msg01b in megaco_codec_v1_test skipped!">{tc_auto_skip,
    {failed,
        {megaco_codec_v1_test,init_per_group,
            {&apos;EXIT&apos;,
                {skipped,
                    &quot;failed_loading_flex_scanner_driver: cannot open shared object file: No such file or directory&quot;}}}}}</skipped></testcase><testcase group="codec.codec.text.flex_pretty.tickets.flex_compact_tickets" name="flex_compact_otp7431_msg02" time="0.000012" timestamp="2012-11-19T18:35:24" log=""><skipped type="skip" message="Test flex_compact_otp7431_msg02 in megaco_codec_v1_test skipped!">{tc_auto_skip,
    {failed,
        {megaco_codec_v1_test,init_per_group,
            {&apos;EXIT&apos;,
                {skipped,
                    &quot;failed_loading_flex_scanner_driver: cannot open shared object file: No such file or directory&quot;}}}}}</skipped></testcase><testcase group="codec.codec.text.flex_pretty.tickets.flex_compact_tickets" name="flex_compact_otp7431_msg03" time="0.000011" timestamp="2012-11-19T18:35:24" log=""><skipped type="skip" message="Test flex_compact_otp7431_msg03 in megaco_codec_v1_test skipped!">{tc_auto_skip,
    {failed,
        {megaco_codec_v1_test,init_per_group,
            {&apos;EXIT&apos;,
                {skipped,
                    &quot;failed_loading_flex_scanner_driver: cannot open shared object file: No such file or directory&quot;}}}}}</skipped></testcase><testcase group="codec.codec.text.flex_pretty.tickets.flex_compact_tickets" name="flex_compact_otp7431_msg04" time="0.000010" timestamp="2012-11-19T18:35:24" log=""><skipped type="skip" message="Test flex_compact_otp7431_msg04 in megaco_codec_v1_test skipped!">{tc_auto_skip,
    {failed,
        {megaco_codec_v1_test,init_per_group,
            {&apos;EXIT&apos;,
                {skipped,
                    &quot;failed_loading_flex_scanner_driver: cannot open shared object file: No such file or directory&quot;}}}}}</skipped></testcase><testcase group="codec.codec.text.flex_pretty.tickets.flex_compact_tickets" name="flex_compact_otp7431_msg05" time="0.000011" timestamp="2012-11-19T18:35:24" log=""><skipped type="skip" message="Test flex_compact_otp7431_msg05 in megaco_codec_v1_test skipped!">{tc_auto_skip,
    {failed,
        {megaco_codec_v1_test,init_per_group,
            {&apos;EXIT&apos;,
                {skipped,
                    &quot;failed_loading_flex_scanner_driver: cannot open shared object file: No such file or directory&quot;}}}}}</skipped></testcase><testcase group="codec.codec.text.flex_pretty.tickets.flex_compact_tickets" name="flex_compact_otp7431_msg06" time="0.000017" timestamp="2012-11-19T18:35:24" log=""><skipped type="skip" message="Test flex_compact_otp7431_msg06 in megaco_codec_v1_test skipped!">{tc_auto_skip,
    {failed,
        {megaco_codec_v1_test,init_per_group,
            {&apos;EXIT&apos;,
                {skipped,
                    &quot;failed_loading_flex_scanner_driver: cannot open shared object file: No such file or directory&quot;}}}}}</skipped></testcase><testcase group="codec.codec.text.flex_pretty.tickets.flex_compact_tickets" name="flex_compact_otp7431_msg07" time="0.000011" timestamp="2012-11-19T18:35:24" log=""><skipped type="skip" message="Test flex_compact_otp7431_msg07 in megaco_codec_v1_test skipped!">{tc_auto_skip,
    {failed,
        {megaco_codec_v1_test,init_per_group,
            {&apos;EXIT&apos;,
                {skipped,
                    &quot;failed_loading_flex_scanner_driver: cannot open shared object file: No such file or directory&quot;}}}}}</skipped></testcase><testcase group="codec.codec.text.flex_pretty.tickets.flex_compact_tickets" name="end_per_group" time="0.000013" timestamp="2012-11-19T18:35:24" log=""><skipped type="skip" message="Test end_per_group in megaco_codec_v1_test skipped!">{tc_auto_skip,
    {failed,
        {megaco_codec_v1_test,init_per_group,
            {&apos;EXIT&apos;,
                {skipped,
                    &quot;failed_loading_flex_scanner_driver: cannot open shared object file: No such file or directory&quot;}}}}}</skipped></testcase><testcase group="codec.codec.text.flex_pretty.tickets.flex_compact_tickets.flex_pretty_tickets" name="init_per_group" time="0.008926" timestamp="2012-11-19T18:35:24" log="/home/karl/tmp/otp_tests/logs/megaco_test_logs/ct_run.ct@devbox.2012-11-19_18.26.56/tests.megaco_test.logs/run.2012-11-19_18.27.20/megaco_codec_v1_test.init_per_group.346524.807.html"><skipped type="skip" message="Test init_per_group in megaco_codec_v1_test skipped!">{tc_user_skip,{skipped,&quot;failed_loading_flex_scanner_driver: cannot open shared object file: No such file or directory&quot;}}</skipped></testcase><testcase group="codec.codec.text.flex_pretty.tickets.flex_compact_tickets.flex_pretty_tickets" name="flex_pretty_otp5042_msg1" time="0.000012" timestamp="2012-11-19T18:35:24" log=""><skipped type="skip" message="Test flex_pretty_otp5042_msg1 in megaco_codec_v1_test skipped!">{tc_auto_skip,
    {failed,
        {megaco_codec_v1_test,init_per_group,
            {&apos;EXIT&apos;,
                {skipped,
                    &quot;failed_loading_flex_scanner_driver: cannot open shared object file: No such file or directory&quot;}}}}}</skipped></testcase><testcase group="codec.codec.text.flex_pretty.tickets.flex_compact_tickets.flex_pretty_tickets" name="flex_pretty_otp5085_msg1" time="0.006912" timestamp="2012-11-19T18:35:24" log=""><skipped type="skip" message="Test flex_pretty_otp5085_msg1 in megaco_codec_v1_test skipped!">{tc_auto_skip,
    {failed,
        {megaco_codec_v1_test,init_per_group,
            {&apos;EXIT&apos;,
                {skipped,
                    &quot;failed_loading_flex_scanner_driver: cannot open shared object file: No such file or directory&quot;}}}}}</skipped></testcase><testcase group="codec.codec.text.flex_pretty.tickets.flex_compact_tickets.flex_pretty_tickets" name="flex_pretty_otp5085_msg2" time="0.000056" timestamp="2012-11-19T18:35:24" log=""><skipped type="skip" message="Test flex_pretty_otp5085_msg2 in megaco_codec_v1_test skipped!">{tc_auto_skip,
    {failed,
        {megaco_codec_v1_test,init_per_group,
            {&apos;EXIT&apos;,
                {skipped,
                    &quot;failed_loading_flex_scanner_driver: cannot open shared object file: No such file or directory&quot;}}}}}</skipped></testcase><testcase group="codec.codec.text.flex_pretty.tickets.flex_compact_tickets.flex_pretty_tickets" name="flex_pretty_otp5085_msg3" time="0.000012" timestamp="2012-11-19T18:35:24" log=""><skipped type="skip" message="Test flex_pretty_otp5085_msg3 in megaco_codec_v1_test skipped!">{tc_auto_skip,
    {failed,
        {megaco_codec_v1_test,init_per_group,
            {&apos;EXIT&apos;,
                {skipped,
                    &quot;failed_loading_flex_scanner_driver: cannot open shared object file: No such file or directory&quot;}}}}}</skipped></testcase><testcase group="codec.codec.text.flex_pretty.tickets.flex_compact_tickets.flex_pretty_tickets" name="flex_pretty_otp5085_msg4" time="0.000014" timestamp="2012-11-19T18:35:24" log=""><skipped type="skip" message="Test flex_pretty_otp5085_msg4 in megaco_codec_v1_test skipped!">{tc_auto_skip,
    {failed,
        {megaco_codec_v1_test,init_per_group,
            {&apos;EXIT&apos;,
                {skipped,
                    &quot;failed_loading_flex_scanner_driver: cannot open shared object file: No such file or directory&quot;}}}}}</skipped></testcase><testcase group="codec.codec.text.flex_pretty.tickets.flex_compact_tickets.flex_pretty_tickets" name="flex_pretty_otp5085_msg5" time="0.000013" timestamp="2012-11-19T18:35:24" log=""><skipped type="skip" message="Test flex_pretty_otp5085_msg5 in megaco_codec_v1_test skipped!">{tc_auto_skip,
    {failed,
        {megaco_codec_v1_test,init_per_group,
            {&apos;EXIT&apos;,
                {skipped,
                    &quot;failed_loading_flex_scanner_driver: cannot open shared object file: No such file or directory&quot;}}}}}</skipped></testcase><testcase group="codec.codec.text.flex_pretty.tickets.flex_compact_tickets.flex_pretty_tickets" name="flex_pretty_otp5085_msg6" time="0.000017" timestamp="2012-11-19T18:35:24" log=""><skipped type="skip" message="Test flex_pretty_otp5085_msg6 in megaco_codec_v1_test skipped!">{tc_auto_skip,
    {failed,
        {megaco_codec_v1_test,init_per_group,
            {&apos;EXIT&apos;,
                {skipped,
                    &quot;failed_loading_flex_scanner_driver: cannot open shared object file: No such file or directory&quot;}}}}}</skipped></testcase><testcase group="codec.codec.text.flex_pretty.tickets.flex_compact_tickets.flex_pretty_tickets" name="flex_pretty_otp5085_msg7" time="0.000012" timestamp="2012-11-19T18:35:24" log=""><skipped type="skip" message="Test flex_pretty_otp5085_msg7 in megaco_codec_v1_test skipped!">{tc_auto_skip,
    {failed,
        {megaco_codec_v1_test,init_per_group,
            {&apos;EXIT&apos;,
                {skipped,
                    &quot;failed_loading_flex_scanner_driver: cannot open shared object file: No such file or directory&quot;}}}}}</skipped></testcase><testcase group="codec.codec.text.flex_pretty.tickets.flex_compact_tickets.flex_pretty_tickets" name="flex_pretty_otp5600_msg1" time="0.000016" timestamp="2012-11-19T18:35:24" log=""><skipped type="skip" message="Test flex_pretty_otp5600_msg1 in megaco_codec_v1_test skipped!">{tc_auto_skip,
    {failed,
        {megaco_codec_v1_test,init_per_group,
            {&apos;EXIT&apos;,
                {skipped,
                    &quot;failed_loading_flex_scanner_driver: cannot open shared object file: No such file or directory&quot;}}}}}</skipped></testcase><testcase group="codec.codec.text.flex_pretty.tickets.flex_compact_tickets.flex_pretty_tickets" name="flex_pretty_otp5600_msg2" time="0.000012" timestamp="2012-11-19T18:35:24" log=""><skipped type="skip" message="Test flex_pretty_otp5600_msg2 in megaco_codec_v1_test skipped!">{tc_auto_skip,
    {failed,
        {megaco_codec_v1_test,init_per_group,
            {&apos;EXIT&apos;,
                {skipped,
                    &quot;failed_loading_flex_scanner_driver: cannot open shared object file: No such file or directory&quot;}}}}}</skipped></testcase><testcase group="codec.codec.text.flex_pretty.tickets.flex_compact_tickets.flex_pretty_tickets" name="flex_pretty_otp5601_msg1" time="0.000016" timestamp="2012-11-19T18:35:24" log=""><skipped type="skip" message="Test flex_pretty_otp5601_msg1 in megaco_codec_v1_test skipped!">{tc_auto_skip,
    {failed,
        {megaco_codec_v1_test,init_per_group,
            {&apos;EXIT&apos;,
                {skipped,
                    &quot;failed_loading_flex_scanner_driver: cannot open shared object file: No such file or directory&quot;}}}}}</skipped></testcase><testcase group="codec.codec.text.flex_pretty.tickets.flex_compact_tickets.flex_pretty_tickets" name="flex_pretty_otp5793_msg01" time="0.000013" timestamp="2012-11-19T18:35:24" log=""><skipped type="skip" message="Test flex_pretty_otp5793_msg01 in megaco_codec_v1_test skipped!">{tc_auto_skip,
    {failed,
        {megaco_codec_v1_test,init_per_group,
            {&apos;EXIT&apos;,
                {skipped,
                    &quot;failed_loading_flex_scanner_driver: cannot open shared object file: No such file or directory&quot;}}}}}</skipped></testcase><testcase group="codec.codec.text.flex_pretty.tickets.flex_compact_tickets.flex_pretty_tickets" name="flex_pretty_otp7431_msg01" time="0.000011" timestamp="2012-11-19T18:35:24" log=""><skipped type="skip" message="Test flex_pretty_otp7431_msg01 in megaco_codec_v1_test skipped!">{tc_auto_skip,
    {failed,
        {megaco_codec_v1_test,init_per_group,
            {&apos;EXIT&apos;,
                {skipped,
                    &quot;failed_loading_flex_scanner_driver: cannot open shared object file: No such file or directory&quot;}}}}}</skipped></testcase><testcase group="codec.codec.text.flex_pretty.tickets.flex_compact_tickets.flex_pretty_tickets" name="flex_pretty_otp7431_msg02" time="0.000013" timestamp="2012-11-19T18:35:24" log=""><skipped type="skip" message="Test flex_pretty_otp7431_msg02 in megaco_codec_v1_test skipped!">{tc_auto_skip,
    {failed,
        {megaco_codec_v1_test,init_per_group,
            {&apos;EXIT&apos;,
                {skipped,
                    &quot;failed_loading_flex_scanner_driver: cannot open shared object file: No such file or directory&quot;}}}}}</skipped></testcase><testcase group="codec.codec.text.flex_pretty.tickets.flex_compact_tickets.flex_pretty_tickets" name="flex_pretty_otp7431_msg03" time="0.000044" timestamp="2012-11-19T18:35:24" log=""><skipped type="skip" message="Test flex_pretty_otp7431_msg03 in megaco_codec_v1_test skipped!">{tc_auto_skip,
    {failed,
        {megaco_codec_v1_test,init_per_group,
            {&apos;EXIT&apos;,
                {skipped,
                    &quot;failed_loading_flex_scanner_driver: cannot open shared object file: No such file or directory&quot;}}}}}</skipped></testcase><testcase group="codec.codec.text.flex_pretty.tickets.flex_compact_tickets.flex_pretty_tickets" name="flex_pretty_otp7431_msg04" time="0.000013" timestamp="2012-11-19T18:35:24" log=""><skipped type="skip" message="Test flex_pretty_otp7431_msg04 in megaco_codec_v1_test skipped!">{tc_auto_skip,
    {failed,
        {megaco_codec_v1_test,init_per_group,
            {&apos;EXIT&apos;,
                {skipped,
                    &quot;failed_loading_flex_scanner_driver: cannot open shared object file: No such file or directory&quot;}}}}}</skipped></testcase><testcase group="codec.codec.text.flex_pretty.tickets.flex_compact_tickets.flex_pretty_tickets" name="flex_pretty_otp7431_msg05" time="0.000014" timestamp="2012-11-19T18:35:24" log=""><skipped type="skip" message="Test flex_pretty_otp7431_msg05 in megaco_codec_v1_test skipped!">{tc_auto_skip,
    {failed,
        {megaco_codec_v1_test,init_per_group,
            {&apos;EXIT&apos;,
                {skipped,
                    &quot;failed_loading_flex_scanner_driver: cannot open shared object file: No such file or directory&quot;}}}}}</skipped></testcase><testcase group="codec.codec.text.flex_pretty.tickets.flex_compact_tickets.flex_pretty_tickets" name="flex_pretty_otp7431_msg06" time="0.000012" timestamp="2012-11-19T18:35:24" log=""><skipped type="skip" message="Test flex_pretty_otp7431_msg06 in megaco_codec_v1_test skipped!">{tc_auto_skip,
    {failed,
        {megaco_codec_v1_test,init_per_group,
            {&apos;EXIT&apos;,
                {skipped,
                    &quot;failed_loading_flex_scanner_driver: cannot open shared object file: No such file or directory&quot;}}}}}</skipped></testcase><testcase group="codec.codec.text.flex_pretty.tickets.flex_compact_tickets.flex_pretty_tickets" name="flex_pretty_otp7431_msg07" time="0.000016" timestamp="2012-11-19T18:35:24" log=""><skipped type="skip" message="Test flex_pretty_otp7431_msg07 in megaco_codec_v1_test skipped!">{tc_auto_skip,
    {failed,
        {megaco_codec_v1_test,init_per_group,
            {&apos;EXIT&apos;,
                {skipped,
                    &quot;failed_loading_flex_scanner_driver: cannot open shared object file: No such file or directory&quot;}}}}}</skipped></testcase><testcase group="codec.codec.text.flex_pretty.tickets.flex_compact_tickets.flex_pretty_tickets" name="end_per_group" time="0.000013" timestamp="2012-11-19T18:35:25" log=""><skipped type="skip" message="Test end_per_group in megaco_codec_v1_test skipped!">{tc_auto_skip,
    {failed,
        {megaco_codec_v1_test,init_per_group,
            {&apos;EXIT&apos;,
                {skipped,
                    &quot;failed_loading_flex_scanner_driver: cannot open shared object file: No such file or directory&quot;}}}}}</skipped></testcase><testcase group="codec.codec.text.flex_pretty.tickets.flex_compact_tickets.flex_pretty_tickets" name="end_per_group" time="0.004320" timestamp="2012-11-19T18:35:25" log="/home/karl/tmp/otp_tests/logs/megaco_test_logs/ct_run.ct@devbox.2012-11-19_18.26.56/tests.megaco_test.logs/run.2012-11-19_18.27.20/megaco_codec_v1_test.end_per_group.346525.5.html"></testcase><testcase group="codec.codec.text.flex_pretty.tickets.flex_compact_tickets" name="end_per_suite" time="0.005489" timestamp="2012-11-19T18:35:25" log="/home/karl/tmp/otp_tests/logs/megaco_test_logs/ct_run.ct@devbox.2012-11-19_18.26.56/tests.megaco_test.logs/run.2012-11-19_18.27.20/ct_framework.end_per_suite.346525.39.html"></testcase></testsuite><testsuite name="megaco_codec_mini_test" time="0.198268" timestamp="2012-11-19T18:33:59" errors="0" tests="6"><testcase group="codec.codec" name="init_per_suite" time="0.004199" timestamp="2012-11-19T18:33:59" log="/home/karl/tmp/otp_tests/logs/megaco_test_logs/ct_run.ct@devbox.2012-11-19_18.26.56/tests.megaco_test.logs/run.2012-11-19_18.27.20/ct_framework.init_per_suite.346439.373.html"></testcase><testcase group="codec.codec.tickets" name="init_per_group" time="0.004777" timestamp="2012-11-19T18:33:59" log="/home/karl/tmp/otp_tests/logs/megaco_test_logs/ct_run.ct@devbox.2012-11-19_18.26.56/tests.megaco_test.logs/run.2012-11-19_18.27.20/megaco_codec_mini_test.init_per_group.html"></testcase><testcase group="codec.codec.tickets" name="otp7672_msg01" time="0.004664" timestamp="2012-11-19T18:33:59" log="/home/karl/tmp/otp_tests/logs/megaco_test_logs/ct_run.ct@devbox.2012-11-19_18.26.56/tests.megaco_test.logs/run.2012-11-19_18.27.20/megaco_codec_mini_test.otp7672_msg01.html"></testcase><testcase group="codec.codec.tickets" name="otp7672_msg02" time="0.002703" timestamp="2012-11-19T18:33:59" log="/home/karl/tmp/otp_tests/logs/megaco_test_logs/ct_run.ct@devbox.2012-11-19_18.26.56/tests.megaco_test.logs/run.2012-11-19_18.27.20/megaco_codec_mini_test.otp7672_msg02.html"></testcase><testcase group="codec.codec.tickets" name="end_per_group" time="0.003407" timestamp="2012-11-19T18:33:59" log="/home/karl/tmp/otp_tests/logs/megaco_test_logs/ct_run.ct@devbox.2012-11-19_18.26.56/tests.megaco_test.logs/run.2012-11-19_18.27.20/megaco_codec_mini_test.end_per_group.html"></testcase><testcase group="codec.codec" name="end_per_suite" time="0.002676" timestamp="2012-11-19T18:33:59" log="/home/karl/tmp/otp_tests/logs/megaco_test_logs/ct_run.ct@devbox.2012-11-19_18.26.56/tests.megaco_test.logs/run.2012-11-19_18.27.20/ct_framework.end_per_suite.346439.548.html"></testcase></testsuite><testsuite name="megaco_codec_test" time="0.108119" timestamp="2012-11-19T18:33:59" errors="0" tests="3"><testcase group="codec" name="init_per_suite" time="0.004092" timestamp="2012-11-19T18:33:59" log="/home/karl/tmp/otp_tests/logs/megaco_test_logs/ct_run.ct@devbox.2012-11-19_18.26.56/tests.megaco_test.logs/run.2012-11-19_18.27.20/ct_framework.init_per_suite.346439.265.html"></testcase><testcase group="codec.codec" name="init_per_group" time="0.003923" timestamp="2012-11-19T18:33:59" log="/home/karl/tmp/otp_tests/logs/megaco_test_logs/ct_run.ct@devbox.2012-11-19_18.26.56/tests.megaco_test.logs/run.2012-11-19_18.27.20/megaco_codec_test.init_per_group.html"></testcase><testcase group="codec.codec" name="end_per_suite" time="0.004016" timestamp="2012-11-19T18:33:59" log="/home/karl/tmp/otp_tests/logs/megaco_test_logs/ct_run.ct@devbox.2012-11-19_18.26.56/tests.megaco_test.logs/run.2012-11-19_18.27.20/ct_framework.end_per_suite.346439.339.html"></testcase></testsuite><testsuite name="megaco_SUITE" time="0.151923" timestamp="2012-11-19T18:33:59" errors="0" tests="4"><testcase group="binary_term_id" name="init_per_suite" time="0.007594" timestamp="2012-11-19T18:33:59" log="/home/karl/tmp/otp_tests/logs/megaco_test_logs/ct_run.ct@devbox.2012-11-19_18.26.56/tests.megaco_test.logs/run.2012-11-19_18.27.20/megaco_suite.init_per_suite.346439.11.html"></testcase><testcase group="binary_term_id" name="end_per_group" time="0.005958" timestamp="2012-11-19T18:33:59" log="/home/karl/tmp/otp_tests/logs/megaco_test_logs/ct_run.ct@devbox.2012-11-19_18.26.56/tests.megaco_test.logs/run.2012-11-19_18.27.20/megaco_suite.end_per_group.346439.156.html"></testcase><testcase group="codec" name="init_per_group" time="0.003518" timestamp="2012-11-19T18:33:59" log="/home/karl/tmp/otp_tests/logs/megaco_test_logs/ct_run.ct@devbox.2012-11-19_18.26.56/tests.megaco_test.logs/run.2012-11-19_18.27.20/megaco_suite.init_per_group.346439.193.html"></testcase><testcase group="codec" name="end_per_suite" time="0.004794" timestamp="2012-11-19T18:33:59" log="/home/karl/tmp/otp_tests/logs/megaco_test_logs/ct_run.ct@devbox.2012-11-19_18.26.56/tests.megaco_test.logs/run.2012-11-19_18.27.20/megaco_suite.end_per_suite.346439.228.html"></testcase></testsuite><testsuite name="megaco_binary_term_id_test" time="1.062366" timestamp="2012-11-19T18:33:58" errors="0" tests="31"><testcase group="binary_term_id" name="init_per_suite" time="0.003012" timestamp="2012-11-19T18:33:58" log="/home/karl/tmp/otp_tests/logs/megaco_test_logs/ct_run.ct@devbox.2012-11-19_18.26.56/tests.megaco_test.logs/run.2012-11-19_18.27.20/ct_framework.init_per_suite.346438.50.html"></testcase><testcase group="binary_term_id.encode_first" name="init_per_group" time="0.003389" timestamp="2012-11-19T18:33:58" log="/home/karl/tmp/otp_tests/logs/megaco_test_logs/ct_run.ct@devbox.2012-11-19_18.26.56/tests.megaco_test.logs/run.2012-11-19_18.27.20/megaco_binary_term_id_test.init_per_group.html"></testcase><testcase group="binary_term_id.encode_first" name="te01" time="0.003109" timestamp="2012-11-19T18:33:58" log="/home/karl/tmp/otp_tests/logs/megaco_test_logs/ct_run.ct@devbox.2012-11-19_18.26.56/tests.megaco_test.logs/run.2012-11-19_18.27.20/megaco_binary_term_id_test.te01.html"></testcase><testcase group="binary_term_id.encode_first" name="te02" time="0.003116" timestamp="2012-11-19T18:33:58" log="/home/karl/tmp/otp_tests/logs/megaco_test_logs/ct_run.ct@devbox.2012-11-19_18.26.56/tests.megaco_test.logs/run.2012-11-19_18.27.20/megaco_binary_term_id_test.te02.html"></testcase><testcase group="binary_term_id.encode_first" name="te03" time="0.003817" timestamp="2012-11-19T18:33:58" log="/home/karl/tmp/otp_tests/logs/megaco_test_logs/ct_run.ct@devbox.2012-11-19_18.26.56/tests.megaco_test.logs/run.2012-11-19_18.27.20/megaco_binary_term_id_test.te03.html"></testcase><testcase group="binary_term_id.encode_first" name="te04" time="0.003423" timestamp="2012-11-19T18:33:58" log="/home/karl/tmp/otp_tests/logs/megaco_test_logs/ct_run.ct@devbox.2012-11-19_18.26.56/tests.megaco_test.logs/run.2012-11-19_18.27.20/megaco_binary_term_id_test.te04.html"></testcase><testcase group="binary_term_id.encode_first" name="te05" time="0.003461" timestamp="2012-11-19T18:33:58" log="/home/karl/tmp/otp_tests/logs/megaco_test_logs/ct_run.ct@devbox.2012-11-19_18.26.56/tests.megaco_test.logs/run.2012-11-19_18.27.20/megaco_binary_term_id_test.te05.html"></testcase><testcase group="binary_term_id.encode_first" name="te06" time="0.004013" timestamp="2012-11-19T18:33:58" log="/home/karl/tmp/otp_tests/logs/megaco_test_logs/ct_run.ct@devbox.2012-11-19_18.26.56/tests.megaco_test.logs/run.2012-11-19_18.27.20/megaco_binary_term_id_test.te06.html"></testcase><testcase group="binary_term_id.encode_first" name="te07" time="0.003108" timestamp="2012-11-19T18:33:58" log="/home/karl/tmp/otp_tests/logs/megaco_test_logs/ct_run.ct@devbox.2012-11-19_18.26.56/tests.megaco_test.logs/run.2012-11-19_18.27.20/megaco_binary_term_id_test.te07.html"></testcase><testcase group="binary_term_id.encode_first" name="te08" time="0.003474" timestamp="2012-11-19T18:33:58" log="/home/karl/tmp/otp_tests/logs/megaco_test_logs/ct_run.ct@devbox.2012-11-19_18.26.56/tests.megaco_test.logs/run.2012-11-19_18.27.20/megaco_binary_term_id_test.te08.html"></testcase><testcase group="binary_term_id.encode_first" name="te09" time="0.004155" timestamp="2012-11-19T18:33:58" log="/home/karl/tmp/otp_tests/logs/megaco_test_logs/ct_run.ct@devbox.2012-11-19_18.26.56/tests.megaco_test.logs/run.2012-11-19_18.27.20/megaco_binary_term_id_test.te09.html"></testcase><testcase group="binary_term_id.encode_first" name="te10" time="0.003817" timestamp="2012-11-19T18:33:58" log="/home/karl/tmp/otp_tests/logs/megaco_test_logs/ct_run.ct@devbox.2012-11-19_18.26.56/tests.megaco_test.logs/run.2012-11-19_18.27.20/megaco_binary_term_id_test.te10.html"></testcase><testcase group="binary_term_id.encode_first" name="te11" time="0.001595" timestamp="2012-11-19T18:33:58" log="/home/karl/tmp/otp_tests/logs/megaco_test_logs/ct_run.ct@devbox.2012-11-19_18.26.56/tests.megaco_test.logs/run.2012-11-19_18.27.20/megaco_binary_term_id_test.te11.html"></testcase><testcase group="binary_term_id.encode_first" name="te12" time="0.002113" timestamp="2012-11-19T18:33:58" log="/home/karl/tmp/otp_tests/logs/megaco_test_logs/ct_run.ct@devbox.2012-11-19_18.26.56/tests.megaco_test.logs/run.2012-11-19_18.27.20/megaco_binary_term_id_test.te12.html"></testcase><testcase group="binary_term_id.encode_first" name="te13" time="0.001774" timestamp="2012-11-19T18:33:58" log="/home/karl/tmp/otp_tests/logs/megaco_test_logs/ct_run.ct@devbox.2012-11-19_18.26.56/tests.megaco_test.logs/run.2012-11-19_18.27.20/megaco_binary_term_id_test.te13.html"></testcase><testcase group="binary_term_id.encode_first" name="te14" time="0.001892" timestamp="2012-11-19T18:33:58" log="/home/karl/tmp/otp_tests/logs/megaco_test_logs/ct_run.ct@devbox.2012-11-19_18.26.56/tests.megaco_test.logs/run.2012-11-19_18.27.20/megaco_binary_term_id_test.te14.html"></testcase><testcase group="binary_term_id.encode_first" name="te15" time="0.002636" timestamp="2012-11-19T18:33:58" log="/home/karl/tmp/otp_tests/logs/megaco_test_logs/ct_run.ct@devbox.2012-11-19_18.26.56/tests.megaco_test.logs/run.2012-11-19_18.27.20/megaco_binary_term_id_test.te15.html"></testcase><testcase group="binary_term_id.encode_first" name="te16" time="0.002613" timestamp="2012-11-19T18:33:58" log="/home/karl/tmp/otp_tests/logs/megaco_test_logs/ct_run.ct@devbox.2012-11-19_18.26.56/tests.megaco_test.logs/run.2012-11-19_18.27.20/megaco_binary_term_id_test.te16.html"></testcase><testcase group="binary_term_id.encode_first" name="te17" time="0.003087" timestamp="2012-11-19T18:33:58" log="/home/karl/tmp/otp_tests/logs/megaco_test_logs/ct_run.ct@devbox.2012-11-19_18.26.56/tests.megaco_test.logs/run.2012-11-19_18.27.20/megaco_binary_term_id_test.te17.html"></testcase><testcase group="binary_term_id.encode_first" name="te18" time="0.003078" timestamp="2012-11-19T18:33:58" log="/home/karl/tmp/otp_tests/logs/megaco_test_logs/ct_run.ct@devbox.2012-11-19_18.26.56/tests.megaco_test.logs/run.2012-11-19_18.27.20/megaco_binary_term_id_test.te18.html"></testcase><testcase group="binary_term_id.encode_first" name="te19" time="0.002301" timestamp="2012-11-19T18:33:58" log="/home/karl/tmp/otp_tests/logs/megaco_test_logs/ct_run.ct@devbox.2012-11-19_18.26.56/tests.megaco_test.logs/run.2012-11-19_18.27.20/megaco_binary_term_id_test.te19.html"></testcase><testcase group="binary_term_id.encode_first" name="end_per_group" time="0.001671" timestamp="2012-11-19T18:33:58" log="/home/karl/tmp/otp_tests/logs/megaco_test_logs/ct_run.ct@devbox.2012-11-19_18.26.56/tests.megaco_test.logs/run.2012-11-19_18.27.20/megaco_binary_term_id_test.end_per_group.html"></testcase><testcase group="binary_term_id.decode_first" name="init_per_group" time="0.001804" timestamp="2012-11-19T18:33:58" log="/home/karl/tmp/otp_tests/logs/megaco_test_logs/ct_run.ct@devbox.2012-11-19_18.26.56/tests.megaco_test.logs/run.2012-11-19_18.27.20/megaco_binary_term_id_test.init_per_group.346438.752.html"></testcase><testcase group="binary_term_id.decode_first" name="td01" time="0.002914" timestamp="2012-11-19T18:33:58" log="/home/karl/tmp/otp_tests/logs/megaco_test_logs/ct_run.ct@devbox.2012-11-19_18.26.56/tests.megaco_test.logs/run.2012-11-19_18.27.20/megaco_binary_term_id_test.td01.html"></testcase><testcase group="binary_term_id.decode_first" name="td02" time="0.002422" timestamp="2012-11-19T18:33:58" log="/home/karl/tmp/otp_tests/logs/megaco_test_logs/ct_run.ct@devbox.2012-11-19_18.26.56/tests.megaco_test.logs/run.2012-11-19_18.27.20/megaco_binary_term_id_test.td02.html"></testcase><testcase group="binary_term_id.decode_first" name="td03" time="0.002178" timestamp="2012-11-19T18:33:58" log="/home/karl/tmp/otp_tests/logs/megaco_test_logs/ct_run.ct@devbox.2012-11-19_18.26.56/tests.megaco_test.logs/run.2012-11-19_18.27.20/megaco_binary_term_id_test.td03.html"></testcase><testcase group="binary_term_id.decode_first" name="td04" time="0.002404" timestamp="2012-11-19T18:33:58" log="/home/karl/tmp/otp_tests/logs/megaco_test_logs/ct_run.ct@devbox.2012-11-19_18.26.56/tests.megaco_test.logs/run.2012-11-19_18.27.20/megaco_binary_term_id_test.td04.html"></testcase><testcase group="binary_term_id.decode_first" name="td05" time="0.002201" timestamp="2012-11-19T18:33:58" log="/home/karl/tmp/otp_tests/logs/megaco_test_logs/ct_run.ct@devbox.2012-11-19_18.26.56/tests.megaco_test.logs/run.2012-11-19_18.27.20/megaco_binary_term_id_test.td05.html"></testcase><testcase group="binary_term_id.decode_first" name="td06" time="0.002365" timestamp="2012-11-19T18:33:58" log="/home/karl/tmp/otp_tests/logs/megaco_test_logs/ct_run.ct@devbox.2012-11-19_18.26.56/tests.megaco_test.logs/run.2012-11-19_18.27.20/megaco_binary_term_id_test.td06.html"></testcase><testcase group="binary_term_id.decode_first" name="end_per_group" time="0.003446" timestamp="2012-11-19T18:33:58" log="/home/karl/tmp/otp_tests/logs/megaco_test_logs/ct_run.ct@devbox.2012-11-19_18.26.56/tests.megaco_test.logs/run.2012-11-19_18.27.20/megaco_binary_term_id_test.end_per_group.346438.953.html"></testcase><testcase group="binary_term_id" name="end_per_suite" time="0.002941" timestamp="2012-11-19T18:33:58" log="/home/karl/tmp/otp_tests/logs/megaco_test_logs/ct_run.ct@devbox.2012-11-19_18.26.56/tests.megaco_test.logs/run.2012-11-19_18.27.20/ct_framework.end_per_suite.346438.983.html"></testcase></testsuite><testsuite name="megaco_SUITE" time="0.144961" timestamp="2012-11-19T18:33:57" errors="0" tests="4"><testcase group="measure" name="init_per_suite" time="0.004947" timestamp="2012-11-19T18:33:57" log="/home/karl/tmp/otp_tests/logs/megaco_test_logs/ct_run.ct@devbox.2012-11-19_18.26.56/tests.megaco_test.logs/run.2012-11-19_18.27.20/megaco_suite.init_per_suite.346437.796.html"></testcase><testcase group="measure" name="end_per_group" time="0.002956" timestamp="2012-11-19T18:33:57" log="/home/karl/tmp/otp_tests/logs/megaco_test_logs/ct_run.ct@devbox.2012-11-19_18.26.56/tests.megaco_test.logs/run.2012-11-19_18.27.20/megaco_suite.end_per_group.346437.945.html"></testcase><testcase group="binary_term_id" name="init_per_group" time="0.004005" timestamp="2012-11-19T18:33:57" log="/home/karl/tmp/otp_tests/logs/megaco_test_logs/ct_run.ct@devbox.2012-11-19_18.26.56/tests.megaco_test.logs/run.2012-11-19_18.27.20/megaco_suite.init_per_group.346437.982.html"></testcase><testcase group="binary_term_id" name="end_per_suite" time="0.002661" timestamp="2012-11-19T18:33:58" log="/home/karl/tmp/otp_tests/logs/megaco_test_logs/ct_run.ct@devbox.2012-11-19_18.26.56/tests.megaco_test.logs/run.2012-11-19_18.27.20/megaco_suite.end_per_suite.346438.17.html"></testcase></testsuite><testsuite name="megaco_SUITE" time="0.257083" timestamp="2012-11-19T18:33:57" errors="1" tests="4"><testcase group="mess" name="init_per_suite" time="0.005348" timestamp="2012-11-19T18:33:57" log="/home/karl/tmp/otp_tests/logs/megaco_test_logs/ct_run.ct@devbox.2012-11-19_18.26.56/tests.megaco_test.logs/run.2012-11-19_18.27.20/megaco_suite.init_per_suite.346437.543.html"></testcase><testcase group="mess" name="end_per_group" time="0.003444" timestamp="2012-11-19T18:33:57" log="/home/karl/tmp/otp_tests/logs/megaco_test_logs/ct_run.ct@devbox.2012-11-19_18.26.56/tests.megaco_test.logs/run.2012-11-19_18.27.20/megaco_suite.end_per_group.346437.689.html"></testcase><testcase group="measure" name="init_per_group" time="0.003508" timestamp="2012-11-19T18:33:57" log="/home/karl/tmp/otp_tests/logs/megaco_test_logs/ct_run.ct@devbox.2012-11-19_18.26.56/tests.megaco_test.logs/run.2012-11-19_18.27.20/megaco_suite.init_per_group.346437.724.html"></testcase><testcase group="measure" name="end_per_suite" time="0.002717" timestamp="2012-11-19T18:33:57" log="/home/karl/tmp/otp_tests/logs/megaco_test_logs/ct_run.ct@devbox.2012-11-19_18.26.56/tests.megaco_test.logs/run.2012-11-19_18.27.20/megaco_suite.end_per_suite.346437.759.html"><skipped type="skip" message="Test end_per_suite in megaco_SUITE skipped!">{tc_user_skip,&quot;Not yet implemented&quot;}</skipped></testcase></testsuite><testsuite name="megaco_mess_test" time="299.641871" timestamp="2012-11-19T18:28:58" errors="5" tests="47"><testcase group="mess" name="init_per_suite" time="0.003045" timestamp="2012-11-19T18:28:58" log="/home/karl/tmp/otp_tests/logs/megaco_test_logs/ct_run.ct@devbox.2012-11-19_18.26.56/tests.megaco_test.logs/run.2012-11-19_18.27.20/megaco_mess_test.init_per_suite.html"></testcase><testcase group="mess" name="connect" time="2.072622" timestamp="2012-11-19T18:28:58" log="/home/karl/tmp/otp_tests/logs/megaco_test_logs/ct_run.ct@devbox.2012-11-19_18.26.56/tests.megaco_test.logs/run.2012-11-19_18.27.20/megaco_mess_test.connect.html"></testcase><testcase group="mess.request_and_reply" name="init_per_group" time="0.002904" timestamp="2012-11-19T18:29:00" log="/home/karl/tmp/otp_tests/logs/megaco_test_logs/ct_run.ct@devbox.2012-11-19_18.26.56/tests.megaco_test.logs/run.2012-11-19_18.27.20/megaco_mess_test.init_per_group.html"></testcase><testcase group="mess.request_and_reply" name="request_and_reply_plain" time="6.079099" timestamp="2012-11-19T18:29:00" log="/home/karl/tmp/otp_tests/logs/megaco_test_logs/ct_run.ct@devbox.2012-11-19_18.26.56/tests.megaco_test.logs/run.2012-11-19_18.27.20/megaco_mess_test.request_and_reply_plain.html"></testcase><testcase group="mess.request_and_reply" name="request_and_no_reply" time="42.372290" timestamp="2012-11-19T18:29:06" log="/home/karl/tmp/otp_tests/logs/megaco_test_logs/ct_run.ct@devbox.2012-11-19_18.26.56/tests.megaco_test.logs/run.2012-11-19_18.27.20/megaco_mess_test.request_and_no_reply.html"></testcase><testcase group="mess.request_and_reply" name="request_and_reply_pending_ack_no_pending" time="14.816465" timestamp="2012-11-19T18:29:48" log="/home/karl/tmp/otp_tests/logs/megaco_test_logs/ct_run.ct@devbox.2012-11-19_18.26.56/tests.megaco_test.logs/run.2012-11-19_18.27.20/megaco_mess_test.request_and_reply_pending_ack_no_pending.html"></testcase><testcase group="mess.request_and_reply" name="request_and_reply_pending_ack_one_pending" time="19.909048" timestamp="2012-11-19T18:30:03" log="/home/karl/tmp/otp_tests/logs/megaco_test_logs/ct_run.ct@devbox.2012-11-19_18.26.56/tests.megaco_test.logs/run.2012-11-19_18.27.20/megaco_mess_test.request_and_reply_pending_ack_one_pending.html"></testcase><testcase group="mess.request_and_reply" name="single_trans_req_and_reply" time="9.988028" timestamp="2012-11-19T18:30:23" log="/home/karl/tmp/otp_tests/logs/megaco_test_logs/ct_run.ct@devbox.2012-11-19_18.26.56/tests.megaco_test.logs/run.2012-11-19_18.27.20/megaco_mess_test.single_trans_req_and_reply.html"></testcase><testcase group="mess.request_and_reply" name="single_trans_req_and_reply_sendopts" time="0.009874" timestamp="2012-11-19T18:30:33" log="/home/karl/tmp/otp_tests/logs/megaco_test_logs/ct_run.ct@devbox.2012-11-19_18.26.56/tests.megaco_test.logs/run.2012-11-19_18.27.20/megaco_mess_test.single_trans_req_and_reply_sendopts.html"><skipped type="skip" message="Test single_trans_req_and_reply_sendopts in megaco_mess_test skipped!">{tc_user_skip,{skipped,&quot;Skipping test case megaco_mess_test(2503): non_pc_testcase\n&quot;}}</skipped></testcase><testcase group="mess.request_and_reply" name="request_and_reply_and_ack" time="14.933533" timestamp="2012-11-19T18:30:33" log="/home/karl/tmp/otp_tests/logs/megaco_test_logs/ct_run.ct@devbox.2012-11-19_18.26.56/tests.megaco_test.logs/run.2012-11-19_18.27.20/megaco_mess_test.request_and_reply_and_ack.html"></testcase><testcase group="mess.request_and_reply" name="request_and_reply_and_no_ack" time="14.862277" timestamp="2012-11-19T18:30:48" log="/home/karl/tmp/otp_tests/logs/megaco_test_logs/ct_run.ct@devbox.2012-11-19_18.26.56/tests.megaco_test.logs/run.2012-11-19_18.27.20/megaco_mess_test.request_and_reply_and_no_ack.html"></testcase><testcase group="mess.request_and_reply" name="request_and_reply_and_late_ack" time="20.899349" timestamp="2012-11-19T18:31:03" log="/home/karl/tmp/otp_tests/logs/megaco_test_logs/ct_run.ct@devbox.2012-11-19_18.26.56/tests.megaco_test.logs/run.2012-11-19_18.27.20/megaco_mess_test.request_and_reply_and_late_ack.html"></testcase><testcase group="mess.request_and_reply" name="trans_req_and_reply_and_req" time="0.003068" timestamp="2012-11-19T18:31:24" log="/home/karl/tmp/otp_tests/logs/megaco_test_logs/ct_run.ct@devbox.2012-11-19_18.26.56/tests.megaco_test.logs/run.2012-11-19_18.27.20/megaco_mess_test.trans_req_and_reply_and_req.html"><skipped type="skip" message="Test trans_req_and_reply_and_req in megaco_mess_test skipped!">{tc_user_skip,{skipped,&quot;Skipping test case megaco_mess_test(4904): non_pc_testcase\n&quot;}}</skipped></testcase><testcase group="mess.request_and_reply" name="end_per_group" time="0.007042" timestamp="2012-11-19T18:31:24" log="/home/karl/tmp/otp_tests/logs/megaco_test_logs/ct_run.ct@devbox.2012-11-19_18.26.56/tests.megaco_test.logs/run.2012-11-19_18.27.20/megaco_mess_test.end_per_group.html"></testcase><testcase group="mess.pending_ack" name="init_per_group" time="0.001970" timestamp="2012-11-19T18:31:24" log="/home/karl/tmp/otp_tests/logs/megaco_test_logs/ct_run.ct@devbox.2012-11-19_18.26.56/tests.megaco_test.logs/run.2012-11-19_18.27.20/megaco_mess_test.init_per_group.346284.415.html"></testcase><testcase group="mess.pending_ack" name="pending_ack_plain" time="14.872421" timestamp="2012-11-19T18:31:24" log="/home/karl/tmp/otp_tests/logs/megaco_test_logs/ct_run.ct@devbox.2012-11-19_18.26.56/tests.megaco_test.logs/run.2012-11-19_18.27.20/megaco_mess_test.pending_ack_plain.html"></testcase><testcase group="mess.pending_ack" name="request_and_pending_and_late_reply" time="12.945106" timestamp="2012-11-19T18:31:39" log="/home/karl/tmp/otp_tests/logs/megaco_test_logs/ct_run.ct@devbox.2012-11-19_18.26.56/tests.megaco_test.logs/run.2012-11-19_18.27.20/megaco_mess_test.request_and_pending_and_late_reply.html"></testcase><testcase group="mess.pending_ack" name="end_per_group" time="0.002166" timestamp="2012-11-19T18:31:52" log="/home/karl/tmp/otp_tests/logs/megaco_test_logs/ct_run.ct@devbox.2012-11-19_18.26.56/tests.megaco_test.logs/run.2012-11-19_18.27.20/megaco_mess_test.end_per_group.346312.314.html"></testcase><testcase group="mess" name="dist" time="0.003333" timestamp="2012-11-19T18:31:52" log="/home/karl/tmp/otp_tests/logs/megaco_test_logs/ct_run.ct@devbox.2012-11-19_18.26.56/tests.megaco_test.logs/run.2012-11-19_18.27.20/megaco_mess_test.dist.html"><skipped type="skip" message="Test dist in megaco_mess_test skipped!">{tc_user_skip,{skipped,&quot;Skipping test case megaco_mess_test(6847): \&quot;Needs a re-write...\&quot;\n&quot;}}</skipped></testcase><testcase group="mess.tickets" name="init_per_group" time="0.001581" timestamp="2012-11-19T18:31:52" log="/home/karl/tmp/otp_tests/logs/megaco_test_logs/ct_run.ct@devbox.2012-11-19_18.26.56/tests.megaco_test.logs/run.2012-11-19_18.27.20/megaco_mess_test.init_per_group.346312.372.html"></testcase><testcase group="mess.tickets" name="otp_4359" time="2.044967" timestamp="2012-11-19T18:31:52" log="/home/karl/tmp/otp_tests/logs/megaco_test_logs/ct_run.ct@devbox.2012-11-19_18.26.56/tests.megaco_test.logs/run.2012-11-19_18.27.20/megaco_mess_test.otp_4359.html"></testcase><testcase group="mess.tickets" name="otp_4836" time="3.498108" timestamp="2012-11-19T18:31:54" log="/home/karl/tmp/otp_tests/logs/megaco_test_logs/ct_run.ct@devbox.2012-11-19_18.26.56/tests.megaco_test.logs/run.2012-11-19_18.27.20/megaco_mess_test.otp_4836.html"></testcase><testcase group="mess.tickets" name="otp_5805" time="8.895016" timestamp="2012-11-19T18:31:58" log="/home/karl/tmp/otp_tests/logs/megaco_test_logs/ct_run.ct@devbox.2012-11-19_18.26.56/tests.megaco_test.logs/run.2012-11-19_18.27.20/megaco_mess_test.otp_5805.html"></testcase><testcase group="mess.tickets" name="otp_5881" time="0.004216" timestamp="2012-11-19T18:32:06" log="/home/karl/tmp/otp_tests/logs/megaco_test_logs/ct_run.ct@devbox.2012-11-19_18.26.56/tests.megaco_test.logs/run.2012-11-19_18.27.20/megaco_mess_test.otp_5881.html"><skipped type="skip" message="Test otp_5881 in megaco_mess_test skipped!">{tc_user_skip,{skipped,&quot;Skipping test case megaco_mess_test(7810): \&quot;deprecated by OTP-5887\&quot;\n&quot;}}</skipped></testcase><testcase group="mess.tickets" name="otp_5887" time="2.843195" timestamp="2012-11-19T18:32:06" log="/home/karl/tmp/otp_tests/logs/megaco_test_logs/ct_run.ct@devbox.2012-11-19_18.26.56/tests.megaco_test.logs/run.2012-11-19_18.27.20/megaco_mess_test.otp_5887.html"></testcase><testcase group="mess.tickets" name="otp_6253" time="3.050770" timestamp="2012-11-19T18:32:09" log="/home/karl/tmp/otp_tests/logs/megaco_test_logs/ct_run.ct@devbox.2012-11-19_18.26.56/tests.megaco_test.logs/run.2012-11-19_18.27.20/megaco_mess_test.otp_6253.html"></testcase><testcase group="mess.tickets" name="otp_6275" time="6.829961" timestamp="2012-11-19T18:32:12" log="/home/karl/tmp/otp_tests/logs/megaco_test_logs/ct_run.ct@devbox.2012-11-19_18.26.56/tests.megaco_test.logs/run.2012-11-19_18.27.20/megaco_mess_test.otp_6275.html"></testcase><testcase group="mess.tickets" name="otp_6276" time="0.004645" timestamp="2012-11-19T18:32:19" log="/home/karl/tmp/otp_tests/logs/megaco_test_logs/ct_run.ct@devbox.2012-11-19_18.26.56/tests.megaco_test.logs/run.2012-11-19_18.27.20/megaco_mess_test.otp_6276.html"><skipped type="skip" message="Test otp_6276 in megaco_mess_test skipped!">{tc_user_skip,{skipped,&quot;Skipping test case megaco_mess_test(9530): \&quot;included only if compiled with USE_MEGACO_TEST_CODE=true\&quot;\n&quot;}}</skipped></testcase><testcase group="mess.tickets.otp_6442" name="init_per_group" time="0.007158" timestamp="2012-11-19T18:32:19" log="/home/karl/tmp/otp_tests/logs/megaco_test_logs/ct_run.ct@devbox.2012-11-19_18.26.56/tests.megaco_test.logs/run.2012-11-19_18.27.20/megaco_mess_test.init_per_group.346339.832.html"></testcase><testcase group="mess.tickets.otp_6442" name="otp_6442_resend_request1" time="12.511405" timestamp="2012-11-19T18:32:19" log="/home/karl/tmp/otp_tests/logs/megaco_test_logs/ct_run.ct@devbox.2012-11-19_18.26.56/tests.megaco_test.logs/run.2012-11-19_18.27.20/megaco_mess_test.otp_6442_resend_request1.html"></testcase><testcase group="mess.tickets.otp_6442" name="otp_6442_resend_request2" time="12.492135" timestamp="2012-11-19T18:32:32" log="/home/karl/tmp/otp_tests/logs/megaco_test_logs/ct_run.ct@devbox.2012-11-19_18.26.56/tests.megaco_test.logs/run.2012-11-19_18.27.20/megaco_mess_test.otp_6442_resend_request2.html"></testcase><testcase group="mess.tickets.otp_6442" name="otp_6442_resend_reply1" time="7.513049" timestamp="2012-11-19T18:32:44" log="/home/karl/tmp/otp_tests/logs/megaco_test_logs/ct_run.ct@devbox.2012-11-19_18.26.56/tests.megaco_test.logs/run.2012-11-19_18.27.20/megaco_mess_test.otp_6442_resend_reply1.html"></testcase><testcase group="mess.tickets.otp_6442" name="otp_6442_resend_reply2" time="7.510169" timestamp="2012-11-19T18:32:52" log="/home/karl/tmp/otp_tests/logs/megaco_test_logs/ct_run.ct@devbox.2012-11-19_18.26.56/tests.megaco_test.logs/run.2012-11-19_18.27.20/megaco_mess_test.otp_6442_resend_reply2.html"></testcase><testcase group="mess.tickets.otp_6442" name="end_per_group" time="0.005563" timestamp="2012-11-19T18:33:00" log="/home/karl/tmp/otp_tests/logs/megaco_test_logs/ct_run.ct@devbox.2012-11-19_18.26.56/tests.megaco_test.logs/run.2012-11-19_18.27.20/megaco_mess_test.end_per_group.346380.40.html"></testcase><testcase group="mess.tickets.otp_6865" name="init_per_group" time="0.003450" timestamp="2012-11-19T18:33:00" log="/home/karl/tmp/otp_tests/logs/megaco_test_logs/ct_run.ct@devbox.2012-11-19_18.26.56/tests.megaco_test.logs/run.2012-11-19_18.27.20/megaco_mess_test.init_per_group.346380.77.html"></testcase><testcase group="mess.tickets.otp_6865" name="otp_6865_request_and_reply_plain_extra1" time="6.071407" timestamp="2012-11-19T18:33:00" log="/home/karl/tmp/otp_tests/logs/megaco_test_logs/ct_run.ct@devbox.2012-11-19_18.26.56/tests.megaco_test.logs/run.2012-11-19_18.27.20/megaco_mess_test.otp_6865_request_and_reply_plain_extra1.html"></testcase><testcase group="mess.tickets.otp_6865" name="otp_6865_request_and_reply_plain_extra2" time="11.164086" timestamp="2012-11-19T18:33:06" log="/home/karl/tmp/otp_tests/logs/megaco_test_logs/ct_run.ct@devbox.2012-11-19_18.26.56/tests.megaco_test.logs/run.2012-11-19_18.27.20/megaco_mess_test.otp_6865_request_and_reply_plain_extra2.html"></testcase><testcase group="mess.tickets.otp_6865" name="end_per_group" time="0.005840" timestamp="2012-11-19T18:33:17" log="/home/karl/tmp/otp_tests/logs/megaco_test_logs/ct_run.ct@devbox.2012-11-19_18.26.56/tests.megaco_test.logs/run.2012-11-19_18.27.20/megaco_mess_test.end_per_group.346397.414.html"></testcase><testcase group="mess.tickets" name="otp_7189" time="14.470304" timestamp="2012-11-19T18:33:17" log="/home/karl/tmp/otp_tests/logs/megaco_test_logs/ct_run.ct@devbox.2012-11-19_18.26.56/tests.megaco_test.logs/run.2012-11-19_18.27.20/megaco_mess_test.otp_7189.html"></testcase><testcase group="mess.tickets" name="otp_7259" time="12.515628" timestamp="2012-11-19T18:33:31" log="/home/karl/tmp/otp_tests/logs/megaco_test_logs/ct_run.ct@devbox.2012-11-19_18.26.56/tests.megaco_test.logs/run.2012-11-19_18.27.20/megaco_mess_test.otp_7259.html"></testcase><testcase group="mess.tickets" name="otp_7713" time="6.075182" timestamp="2012-11-19T18:33:44" log="/home/karl/tmp/otp_tests/logs/megaco_test_logs/ct_run.ct@devbox.2012-11-19_18.26.56/tests.megaco_test.logs/run.2012-11-19_18.27.20/megaco_mess_test.otp_7713.html"></testcase><testcase group="mess.tickets.otp_8183" name="init_per_group" time="0.005006" timestamp="2012-11-19T18:33:50" log="/home/karl/tmp/otp_tests/logs/megaco_test_logs/ct_run.ct@devbox.2012-11-19_18.26.56/tests.megaco_test.logs/run.2012-11-19_18.27.20/megaco_mess_test.init_per_group.346430.613.html"></testcase><testcase group="mess.tickets.otp_8183" name="otp_8183_request1" time="5.491143" timestamp="2012-11-19T18:33:50" log="/home/karl/tmp/otp_tests/logs/megaco_test_logs/ct_run.ct@devbox.2012-11-19_18.26.56/tests.megaco_test.logs/run.2012-11-19_18.27.20/megaco_mess_test.otp_8183_request1.html"></testcase><testcase group="mess.tickets.otp_8183" name="end_per_group" time="0.004454" timestamp="2012-11-19T18:33:56" log="/home/karl/tmp/otp_tests/logs/megaco_test_logs/ct_run.ct@devbox.2012-11-19_18.26.56/tests.megaco_test.logs/run.2012-11-19_18.27.20/megaco_mess_test.end_per_group.346436.175.html"></testcase><testcase group="mess.tickets" name="otp_8212" time="1.241311" timestamp="2012-11-19T18:33:56" log="/home/karl/tmp/otp_tests/logs/megaco_test_logs/ct_run.ct@devbox.2012-11-19_18.26.56/tests.megaco_test.logs/run.2012-11-19_18.27.20/megaco_mess_test.otp_8212.html"></testcase><testcase group="mess.tickets" name="end_per_group" time="0.003732" timestamp="2012-11-19T18:33:57" log="/home/karl/tmp/otp_tests/logs/megaco_test_logs/ct_run.ct@devbox.2012-11-19_18.26.56/tests.megaco_test.logs/run.2012-11-19_18.27.20/megaco_mess_test.end_per_group.346437.482.html"></testcase><testcase group="mess" name="end_per_suite" time="0.003482" timestamp="2012-11-19T18:33:57" log="/home/karl/tmp/otp_tests/logs/megaco_test_logs/ct_run.ct@devbox.2012-11-19_18.26.56/tests.megaco_test.logs/run.2012-11-19_18.27.20/megaco_mess_test.end_per_suite.html"></testcase></testsuite><testsuite name="megaco_SUITE" time="0.141941" timestamp="2012-11-19T18:28:57" errors="0" tests="4"><testcase group="digit_map" name="init_per_suite" time="0.003009" timestamp="2012-11-19T18:28:57" log="/home/karl/tmp/otp_tests/logs/megaco_test_logs/ct_run.ct@devbox.2012-11-19_18.26.56/tests.megaco_test.logs/run.2012-11-19_18.27.20/megaco_suite.init_per_suite.346137.754.html"></testcase><testcase group="digit_map" name="end_per_group" time="0.003754" timestamp="2012-11-19T18:28:57" log="/home/karl/tmp/otp_tests/logs/megaco_test_logs/ct_run.ct@devbox.2012-11-19_18.26.56/tests.megaco_test.logs/run.2012-11-19_18.27.20/megaco_suite.end_per_group.346137.901.html"></testcase><testcase group="mess" name="init_per_group" time="0.003547" timestamp="2012-11-19T18:28:57" log="/home/karl/tmp/otp_tests/logs/megaco_test_logs/ct_run.ct@devbox.2012-11-19_18.26.56/tests.megaco_test.logs/run.2012-11-19_18.27.20/megaco_suite.init_per_group.346137.937.html"></testcase><testcase group="mess" name="end_per_suite" time="0.003636" timestamp="2012-11-19T18:28:57" log="/home/karl/tmp/otp_tests/logs/megaco_test_logs/ct_run.ct@devbox.2012-11-19_18.26.56/tests.megaco_test.logs/run.2012-11-19_18.27.20/megaco_suite.end_per_suite.346137.972.html"></testcase></testsuite><testsuite name="megaco_digit_map_test" time="20.776625" timestamp="2012-11-19T18:28:37" errors="0" tests="20"><testcase group="digit_map" name="init_per_suite" time="0.000996" timestamp="2012-11-19T18:28:37" log="/home/karl/tmp/otp_tests/logs/megaco_test_logs/ct_run.ct@devbox.2012-11-19_18.26.56/tests.megaco_test.logs/run.2012-11-19_18.27.20/ct_framework.init_per_suite.346117.92.html"></testcase><testcase group="digit_map.tickets" name="init_per_group" time="0.000863" timestamp="2012-11-19T18:28:37" log="/home/karl/tmp/otp_tests/logs/megaco_test_logs/ct_run.ct@devbox.2012-11-19_18.26.56/tests.megaco_test.logs/run.2012-11-19_18.27.20/megaco_digit_map_test.init_per_group.html"></testcase><testcase group="digit_map.tickets.otp_5750" name="init_per_group" time="0.000701" timestamp="2012-11-19T18:28:37" log="/home/karl/tmp/otp_tests/logs/megaco_test_logs/ct_run.ct@devbox.2012-11-19_18.26.56/tests.megaco_test.logs/run.2012-11-19_18.27.20/megaco_digit_map_test.init_per_group.346117.145.html"></testcase><testcase group="digit_map.tickets.otp_5750" name="otp_5750_01" time="3.002756" timestamp="2012-11-19T18:28:37" log="/home/karl/tmp/otp_tests/logs/megaco_test_logs/ct_run.ct@devbox.2012-11-19_18.26.56/tests.megaco_test.logs/run.2012-11-19_18.27.20/megaco_digit_map_test.otp_5750_01.html"></testcase><testcase group="digit_map.tickets.otp_5750" name="otp_5750_02" time="8.017336" timestamp="2012-11-19T18:28:40" log="/home/karl/tmp/otp_tests/logs/megaco_test_logs/ct_run.ct@devbox.2012-11-19_18.26.56/tests.megaco_test.logs/run.2012-11-19_18.27.20/megaco_digit_map_test.otp_5750_02.html"></testcase><testcase group="digit_map.tickets.otp_5750" name="end_per_group" time="0.002674" timestamp="2012-11-19T18:28:48" log="/home/karl/tmp/otp_tests/logs/megaco_test_logs/ct_run.ct@devbox.2012-11-19_18.26.56/tests.megaco_test.logs/run.2012-11-19_18.27.20/megaco_digit_map_test.end_per_group.html"></testcase><testcase group="digit_map.tickets.otp_5799" name="init_per_group" time="0.001587" timestamp="2012-11-19T18:28:48" log="/home/karl/tmp/otp_tests/logs/megaco_test_logs/ct_run.ct@devbox.2012-11-19_18.26.56/tests.megaco_test.logs/run.2012-11-19_18.27.20/megaco_digit_map_test.init_per_group.346128.289.html"></testcase><testcase group="digit_map.tickets.otp_5799" name="otp_5799_01" time="0.002497" timestamp="2012-11-19T18:28:48" log="/home/karl/tmp/otp_tests/logs/megaco_test_logs/ct_run.ct@devbox.2012-11-19_18.26.56/tests.megaco_test.logs/run.2012-11-19_18.27.20/megaco_digit_map_test.otp_5799_01.html"></testcase><testcase group="digit_map.tickets.otp_5799" name="end_per_group" time="0.002479" timestamp="2012-11-19T18:28:48" log="/home/karl/tmp/otp_tests/logs/megaco_test_logs/ct_run.ct@devbox.2012-11-19_18.26.56/tests.megaco_test.logs/run.2012-11-19_18.27.20/megaco_digit_map_test.end_per_group.346128.353.html"></testcase><testcase group="digit_map.tickets.otp_5826" name="init_per_group" time="0.001517" timestamp="2012-11-19T18:28:48" log="/home/karl/tmp/otp_tests/logs/megaco_test_logs/ct_run.ct@devbox.2012-11-19_18.26.56/tests.megaco_test.logs/run.2012-11-19_18.27.20/megaco_digit_map_test.init_per_group.346128.383.html"></testcase><testcase group="digit_map.tickets.otp_5826" name="otp_5826_01" time="0.003453" timestamp="2012-11-19T18:28:48" log="/home/karl/tmp/otp_tests/logs/megaco_test_logs/ct_run.ct@devbox.2012-11-19_18.26.56/tests.megaco_test.logs/run.2012-11-19_18.27.20/megaco_digit_map_test.otp_5826_01.html"></testcase><testcase group="digit_map.tickets.otp_5826" name="otp_5826_02" time="0.002670" timestamp="2012-11-19T18:28:48" log="/home/karl/tmp/otp_tests/logs/megaco_test_logs/ct_run.ct@devbox.2012-11-19_18.26.56/tests.megaco_test.logs/run.2012-11-19_18.27.20/megaco_digit_map_test.otp_5826_02.html"></testcase><testcase group="digit_map.tickets.otp_5826" name="otp_5826_03" time="0.002751" timestamp="2012-11-19T18:28:48" log="/home/karl/tmp/otp_tests/logs/megaco_test_logs/ct_run.ct@devbox.2012-11-19_18.26.56/tests.megaco_test.logs/run.2012-11-19_18.27.20/megaco_digit_map_test.otp_5826_03.html"></testcase><testcase group="digit_map.tickets.otp_5826" name="end_per_group" time="0.001768" timestamp="2012-11-19T18:28:48" log="/home/karl/tmp/otp_tests/logs/megaco_test_logs/ct_run.ct@devbox.2012-11-19_18.26.56/tests.megaco_test.logs/run.2012-11-19_18.27.20/megaco_digit_map_test.end_per_group.346128.511.html"></testcase><testcase group="digit_map.tickets.otp_7449" name="init_per_group" time="0.001745" timestamp="2012-11-19T18:28:48" log="/home/karl/tmp/otp_tests/logs/megaco_test_logs/ct_run.ct@devbox.2012-11-19_18.26.56/tests.megaco_test.logs/run.2012-11-19_18.27.20/megaco_digit_map_test.init_per_group.346128.543.html"></testcase><testcase group="digit_map.tickets.otp_7449" name="otp_7449_1" time="0.002549" timestamp="2012-11-19T18:28:48" log="/home/karl/tmp/otp_tests/logs/megaco_test_logs/ct_run.ct@devbox.2012-11-19_18.26.56/tests.megaco_test.logs/run.2012-11-19_18.27.20/megaco_digit_map_test.otp_7449_1.html"></testcase><testcase group="digit_map.tickets.otp_7449" name="otp_7449_2" time="9.011435" timestamp="2012-11-19T18:28:48" log="/home/karl/tmp/otp_tests/logs/megaco_test_logs/ct_run.ct@devbox.2012-11-19_18.26.56/tests.megaco_test.logs/run.2012-11-19_18.27.20/megaco_digit_map_test.otp_7449_2.html"></testcase><testcase group="digit_map.tickets.otp_7449" name="end_per_group" time="0.003918" timestamp="2012-11-19T18:28:57" log="/home/karl/tmp/otp_tests/logs/megaco_test_logs/ct_run.ct@devbox.2012-11-19_18.26.56/tests.megaco_test.logs/run.2012-11-19_18.27.20/megaco_digit_map_test.end_per_group.346137.651.html"></testcase><testcase group="digit_map.tickets" name="end_per_group" time="0.001741" timestamp="2012-11-19T18:28:57" log="/home/karl/tmp/otp_tests/logs/megaco_test_logs/ct_run.ct@devbox.2012-11-19_18.26.56/tests.megaco_test.logs/run.2012-11-19_18.27.20/megaco_digit_map_test.end_per_group.346137.689.html"></testcase><testcase group="digit_map" name="end_per_suite" time="0.001603" timestamp="2012-11-19T18:28:57" log="/home/karl/tmp/otp_tests/logs/megaco_test_logs/ct_run.ct@devbox.2012-11-19_18.26.56/tests.megaco_test.logs/run.2012-11-19_18.27.20/ct_framework.end_per_suite.346137.721.html"></testcase></testsuite><testsuite name="megaco_SUITE" time="0.107843" timestamp="2012-11-19T18:28:36" errors="0" tests="4"><testcase group="examples" name="init_per_suite" time="0.002989" timestamp="2012-11-19T18:28:36" log="/home/karl/tmp/otp_tests/logs/megaco_test_logs/ct_run.ct@devbox.2012-11-19_18.26.56/tests.megaco_test.logs/run.2012-11-19_18.27.20/megaco_suite.init_per_suite.346116.868.html"></testcase><testcase group="examples" name="end_per_group" time="0.000875" timestamp="2012-11-19T18:28:37" log="/home/karl/tmp/otp_tests/logs/megaco_test_logs/ct_run.ct@devbox.2012-11-19_18.26.56/tests.megaco_test.logs/run.2012-11-19_18.27.20/megaco_suite.end_per_group.346117.14.html"></testcase><testcase group="digit_map" name="init_per_group" time="0.000746" timestamp="2012-11-19T18:28:37" log="/home/karl/tmp/otp_tests/logs/megaco_test_logs/ct_run.ct@devbox.2012-11-19_18.26.56/tests.megaco_test.logs/run.2012-11-19_18.27.20/megaco_suite.init_per_group.346117.40.html"></testcase><testcase group="digit_map" name="end_per_suite" time="0.000929" timestamp="2012-11-19T18:28:37" log="/home/karl/tmp/otp_tests/logs/megaco_test_logs/ct_run.ct@devbox.2012-11-19_18.26.56/tests.megaco_test.logs/run.2012-11-19_18.27.20/megaco_suite.end_per_suite.346117.66.html"></testcase></testsuite><testsuite name="megaco_examples_test" time="1.549444" timestamp="2012-11-19T18:28:35" errors="0" tests="3"><testcase group="examples" name="init_per_suite" time="0.001894" timestamp="2012-11-19T18:28:35" log="/home/karl/tmp/otp_tests/logs/megaco_test_logs/ct_run.ct@devbox.2012-11-19_18.26.56/tests.megaco_test.logs/run.2012-11-19_18.27.20/ct_framework.init_per_suite.346115.430.html"></testcase><testcase group="examples" name="simple" time="1.296304" timestamp="2012-11-19T18:28:35" log="/home/karl/tmp/otp_tests/logs/megaco_test_logs/ct_run.ct@devbox.2012-11-19_18.26.56/tests.megaco_test.logs/run.2012-11-19_18.27.20/megaco_examples_test.simple.html"></testcase><testcase group="examples" name="end_per_suite" time="0.001421" timestamp="2012-11-19T18:28:36" log="/home/karl/tmp/otp_tests/logs/megaco_test_logs/ct_run.ct@devbox.2012-11-19_18.26.56/tests.megaco_test.logs/run.2012-11-19_18.27.20/ct_framework.end_per_suite.346116.840.html"></testcase></testsuite><testsuite name="megaco_SUITE" time="0.132506" timestamp="2012-11-19T18:28:35" errors="0" tests="4"><testcase group="tcp" name="init_per_suite" time="0.002890" timestamp="2012-11-19T18:28:35" log="/home/karl/tmp/otp_tests/logs/megaco_test_logs/ct_run.ct@devbox.2012-11-19_18.26.56/tests.megaco_test.logs/run.2012-11-19_18.27.20/megaco_suite.init_per_suite.346115.186.html"></testcase><testcase group="tcp" name="end_per_group" time="0.002233" timestamp="2012-11-19T18:28:35" log="/home/karl/tmp/otp_tests/logs/megaco_test_logs/ct_run.ct@devbox.2012-11-19_18.26.56/tests.megaco_test.logs/run.2012-11-19_18.27.20/megaco_suite.end_per_group.346115.335.html"></testcase><testcase group="examples" name="init_per_group" time="0.002226" timestamp="2012-11-19T18:28:35" log="/home/karl/tmp/otp_tests/logs/megaco_test_logs/ct_run.ct@devbox.2012-11-19_18.26.56/tests.megaco_test.logs/run.2012-11-19_18.27.20/megaco_suite.init_per_group.346115.368.html"></testcase><testcase group="examples" name="end_per_suite" time="0.001666" timestamp="2012-11-19T18:28:35" log="/home/karl/tmp/otp_tests/logs/megaco_test_logs/ct_run.ct@devbox.2012-11-19_18.26.56/tests.megaco_test.logs/run.2012-11-19_18.27.20/megaco_suite.end_per_suite.346115.400.html"></testcase></testsuite><testsuite name="megaco_tcp_test" time="19.914188" timestamp="2012-11-19T18:28:15" errors="5" tests="18"><testcase group="tcp" name="init_per_suite" time="0.001606" timestamp="2012-11-19T18:28:15" log="/home/karl/tmp/otp_tests/logs/megaco_test_logs/ct_run.ct@devbox.2012-11-19_18.26.56/tests.megaco_test.logs/run.2012-11-19_18.27.20/ct_framework.init_per_suite.346095.381.html"></testcase><testcase group="tcp.start" name="init_per_group" time="0.001598" timestamp="2012-11-19T18:28:15" log="/home/karl/tmp/otp_tests/logs/megaco_test_logs/ct_run.ct@devbox.2012-11-19_18.26.56/tests.megaco_test.logs/run.2012-11-19_18.27.20/megaco_tcp_test.init_per_group.html"></testcase><testcase group="tcp.start" name="start_normal" time="0.012746" timestamp="2012-11-19T18:28:15" log="/home/karl/tmp/otp_tests/logs/megaco_test_logs/ct_run.ct@devbox.2012-11-19_18.26.56/tests.megaco_test.logs/run.2012-11-19_18.27.20/megaco_tcp_test.start_normal.html"></testcase><testcase group="tcp.start" name="start_invalid_opt" time="0.016581" timestamp="2012-11-19T18:28:15" log="/home/karl/tmp/otp_tests/logs/megaco_test_logs/ct_run.ct@devbox.2012-11-19_18.26.56/tests.megaco_test.logs/run.2012-11-19_18.27.20/megaco_tcp_test.start_invalid_opt.html"></testcase><testcase group="tcp.start" name="start_and_stop" time="6.683772" timestamp="2012-11-19T18:28:15" log="/home/karl/tmp/otp_tests/logs/megaco_test_logs/ct_run.ct@devbox.2012-11-19_18.26.56/tests.megaco_test.logs/run.2012-11-19_18.27.20/megaco_tcp_test.start_and_stop.html"></testcase><testcase group="tcp.start" name="end_per_group" time="0.001726" timestamp="2012-11-19T18:28:22" log="/home/karl/tmp/otp_tests/logs/megaco_test_logs/ct_run.ct@devbox.2012-11-19_18.26.56/tests.megaco_test.logs/run.2012-11-19_18.27.20/megaco_tcp_test.end_per_group.html"></testcase><testcase group="tcp.sending" name="init_per_group" time="0.001505" timestamp="2012-11-19T18:28:22" log="/home/karl/tmp/otp_tests/logs/megaco_test_logs/ct_run.ct@devbox.2012-11-19_18.26.56/tests.megaco_test.logs/run.2012-11-19_18.27.20/megaco_tcp_test.init_per_group.346102.288.html"></testcase><testcase group="tcp.sending" name="sendreceive" time="3.725898" timestamp="2012-11-19T18:28:22" log="/home/karl/tmp/otp_tests/logs/megaco_test_logs/ct_run.ct@devbox.2012-11-19_18.26.56/tests.megaco_test.logs/run.2012-11-19_18.27.20/megaco_tcp_test.sendreceive.html"></testcase><testcase group="tcp.sending" name="block_unblock" time="8.737168" timestamp="2012-11-19T18:28:26" log="/home/karl/tmp/otp_tests/logs/megaco_test_logs/ct_run.ct@devbox.2012-11-19_18.26.56/tests.megaco_test.logs/run.2012-11-19_18.27.20/megaco_tcp_test.block_unblock.html"></testcase><testcase group="tcp.sending" name="end_per_group" time="0.002118" timestamp="2012-11-19T18:28:34" log="/home/karl/tmp/otp_tests/logs/megaco_test_logs/ct_run.ct@devbox.2012-11-19_18.26.56/tests.megaco_test.logs/run.2012-11-19_18.27.20/megaco_tcp_test.end_per_group.346114.840.html"></testcase><testcase group="tcp.errors" name="init_per_group" time="0.001485" timestamp="2012-11-19T18:28:34" log="/home/karl/tmp/otp_tests/logs/megaco_test_logs/ct_run.ct@devbox.2012-11-19_18.26.56/tests.megaco_test.logs/run.2012-11-19_18.27.20/megaco_tcp_test.init_per_group.346114.873.html"></testcase><testcase group="tcp.errors" name="socket_failure" time="0.003255" timestamp="2012-11-19T18:28:34" log="/home/karl/tmp/otp_tests/logs/megaco_test_logs/ct_run.ct@devbox.2012-11-19_18.26.56/tests.megaco_test.logs/run.2012-11-19_18.27.20/megaco_tcp_test.socket_failure.html"><skipped type="skip" message="Test socket_failure in megaco_tcp_test skipped!">{tc_user_skip,{skipped,&quot;Skipping test case megaco_tcp_test(874): not_yet_implemented\n&quot;}}</skipped></testcase><testcase group="tcp.errors" name="accept_process" time="0.009734" timestamp="2012-11-19T18:28:34" log="/home/karl/tmp/otp_tests/logs/megaco_test_logs/ct_run.ct@devbox.2012-11-19_18.26.56/tests.megaco_test.logs/run.2012-11-19_18.27.20/megaco_tcp_test.accept_process.html"><skipped type="skip" message="Test accept_process in megaco_tcp_test skipped!">{tc_user_skip,{skipped,&quot;Skipping test case megaco_tcp_test(877): not_yet_implemented\n&quot;}}</skipped></testcase><testcase group="tcp.errors" name="accept_supervisor" time="0.008910" timestamp="2012-11-19T18:28:35" log="/home/karl/tmp/otp_tests/logs/megaco_test_logs/ct_run.ct@devbox.2012-11-19_18.26.56/tests.megaco_test.logs/run.2012-11-19_18.27.20/megaco_tcp_test.accept_supervisor.html"><skipped type="skip" message="Test accept_supervisor in megaco_tcp_test skipped!">{tc_user_skip,{skipped,&quot;Skipping test case megaco_tcp_test(880): not_yet_implemented\n&quot;}}</skipped></testcase><testcase group="tcp.errors" name="connection_supervisor" time="0.007464" timestamp="2012-11-19T18:28:35" log="/home/karl/tmp/otp_tests/logs/megaco_test_logs/ct_run.ct@devbox.2012-11-19_18.26.56/tests.megaco_test.logs/run.2012-11-19_18.27.20/megaco_tcp_test.connection_supervisor.html"><skipped type="skip" message="Test connection_supervisor in megaco_tcp_test skipped!">{tc_user_skip,{skipped,&quot;Skipping test case megaco_tcp_test(883): not_yet_implemented\n&quot;}}</skipped></testcase><testcase group="tcp.errors" name="tcp_server" time="0.001435" timestamp="2012-11-19T18:28:35" log="/home/karl/tmp/otp_tests/logs/megaco_test_logs/ct_run.ct@devbox.2012-11-19_18.26.56/tests.megaco_test.logs/run.2012-11-19_18.27.20/megaco_tcp_test.tcp_server.html"><skipped type="skip" message="Test tcp_server in megaco_tcp_test skipped!">{tc_user_skip,{skipped,&quot;Skipping test case megaco_tcp_test(886): not_yet_implemented\n&quot;}}</skipped></testcase><testcase group="tcp.errors" name="end_per_group" time="0.001005" timestamp="2012-11-19T18:28:35" log="/home/karl/tmp/otp_tests/logs/megaco_test_logs/ct_run.ct@devbox.2012-11-19_18.26.56/tests.megaco_test.logs/run.2012-11-19_18.27.20/megaco_tcp_test.end_per_group.346115.124.html"></testcase><testcase group="tcp" name="end_per_suite" time="0.001284" timestamp="2012-11-19T18:28:35" log="/home/karl/tmp/otp_tests/logs/megaco_test_logs/ct_run.ct@devbox.2012-11-19_18.26.56/tests.megaco_test.logs/run.2012-11-19_18.27.20/ct_framework.end_per_suite.346115.155.html"></testcase></testsuite><testsuite name="megaco_SUITE" time="0.133285" timestamp="2012-11-19T18:28:15" errors="0" tests="4"><testcase group="udp" name="init_per_suite" time="0.001577" timestamp="2012-11-19T18:28:15" log="/home/karl/tmp/otp_tests/logs/megaco_test_logs/ct_run.ct@devbox.2012-11-19_18.26.56/tests.megaco_test.logs/run.2012-11-19_18.27.20/megaco_suite.init_per_suite.346095.147.html"></testcase><testcase group="udp" name="end_per_group" time="0.001389" timestamp="2012-11-19T18:28:15" log="/home/karl/tmp/otp_tests/logs/megaco_test_logs/ct_run.ct@devbox.2012-11-19_18.26.56/tests.megaco_test.logs/run.2012-11-19_18.27.20/megaco_suite.end_per_group.346095.284.html"></testcase><testcase group="tcp" name="init_per_group" time="0.002440" timestamp="2012-11-19T18:28:15" log="/home/karl/tmp/otp_tests/logs/megaco_test_logs/ct_run.ct@devbox.2012-11-19_18.26.56/tests.megaco_test.logs/run.2012-11-19_18.27.20/megaco_suite.init_per_group.346095.315.html"></testcase><testcase group="tcp" name="end_per_suite" time="0.002434" timestamp="2012-11-19T18:28:15" log="/home/karl/tmp/otp_tests/logs/megaco_test_logs/ct_run.ct@devbox.2012-11-19_18.26.56/tests.megaco_test.logs/run.2012-11-19_18.27.20/megaco_suite.end_per_suite.346095.350.html"></testcase></testsuite><testsuite name="megaco_udp_test" time="20.967720" timestamp="2012-11-19T18:27:54" errors="1" tests="14"><testcase group="udp" name="init_per_suite" time="0.001066" timestamp="2012-11-19T18:27:54" log="/home/karl/tmp/otp_tests/logs/megaco_test_logs/ct_run.ct@devbox.2012-11-19_18.26.56/tests.megaco_test.logs/run.2012-11-19_18.27.20/ct_framework.init_per_suite.346074.283.html"></testcase><testcase group="udp.start" name="init_per_group" time="0.000975" timestamp="2012-11-19T18:27:54" log="/home/karl/tmp/otp_tests/logs/megaco_test_logs/ct_run.ct@devbox.2012-11-19_18.26.56/tests.megaco_test.logs/run.2012-11-19_18.27.20/megaco_udp_test.init_per_group.html"></testcase><testcase group="udp.start" name="start_normal" time="1.016372" timestamp="2012-11-19T18:27:54" log="/home/karl/tmp/otp_tests/logs/megaco_test_logs/ct_run.ct@devbox.2012-11-19_18.26.56/tests.megaco_test.logs/run.2012-11-19_18.27.20/megaco_udp_test.start_normal.html"></testcase><testcase group="udp.start" name="start_invalid_opt" time="1.018840" timestamp="2012-11-19T18:27:55" log="/home/karl/tmp/otp_tests/logs/megaco_test_logs/ct_run.ct@devbox.2012-11-19_18.26.56/tests.megaco_test.logs/run.2012-11-19_18.27.20/megaco_udp_test.start_invalid_opt.html"></testcase><testcase group="udp.start" name="start_and_stop" time="5.931588" timestamp="2012-11-19T18:27:56" log="/home/karl/tmp/otp_tests/logs/megaco_test_logs/ct_run.ct@devbox.2012-11-19_18.26.56/tests.megaco_test.logs/run.2012-11-19_18.27.20/megaco_udp_test.start_and_stop.html"></testcase><testcase group="udp.start" name="end_per_group" time="0.000742" timestamp="2012-11-19T18:28:02" log="/home/karl/tmp/otp_tests/logs/megaco_test_logs/ct_run.ct@devbox.2012-11-19_18.26.56/tests.megaco_test.logs/run.2012-11-19_18.27.20/megaco_udp_test.end_per_group.html"></testcase><testcase group="udp.sending" name="init_per_group" time="0.000674" timestamp="2012-11-19T18:28:02" log="/home/karl/tmp/otp_tests/logs/megaco_test_logs/ct_run.ct@devbox.2012-11-19_18.26.56/tests.megaco_test.logs/run.2012-11-19_18.27.20/megaco_udp_test.init_per_group.346082.441.html"></testcase><testcase group="udp.sending" name="sendreceive" time="3.708958" timestamp="2012-11-19T18:28:02" log="/home/karl/tmp/otp_tests/logs/megaco_test_logs/ct_run.ct@devbox.2012-11-19_18.26.56/tests.megaco_test.logs/run.2012-11-19_18.27.20/megaco_udp_test.sendreceive.html"></testcase><testcase group="udp.sending" name="block_unblock" time="7.742064" timestamp="2012-11-19T18:28:06" log="/home/karl/tmp/otp_tests/logs/megaco_test_logs/ct_run.ct@devbox.2012-11-19_18.26.56/tests.megaco_test.logs/run.2012-11-19_18.27.20/megaco_udp_test.block_unblock.html"></testcase><testcase group="udp.sending" name="end_per_group" time="0.001674" timestamp="2012-11-19T18:28:13" log="/home/karl/tmp/otp_tests/logs/megaco_test_logs/ct_run.ct@devbox.2012-11-19_18.26.56/tests.megaco_test.logs/run.2012-11-19_18.27.20/megaco_udp_test.end_per_group.346093.978.html"></testcase><testcase group="udp.errors" name="init_per_group" time="0.000886" timestamp="2012-11-19T18:28:14" log="/home/karl/tmp/otp_tests/logs/megaco_test_logs/ct_run.ct@devbox.2012-11-19_18.26.56/tests.megaco_test.logs/run.2012-11-19_18.27.20/megaco_udp_test.init_per_group.346094.11.html"></testcase><testcase group="udp.errors" name="socket_failure" time="1.005221" timestamp="2012-11-19T18:28:14" log="/home/karl/tmp/otp_tests/logs/megaco_test_logs/ct_run.ct@devbox.2012-11-19_18.26.56/tests.megaco_test.logs/run.2012-11-19_18.27.20/megaco_udp_test.socket_failure.html"><skipped type="skip" message="Test socket_failure in megaco_udp_test skipped!">{tc_user_skip,{skipped,&quot;Skipping test case megaco_udp_test(842): not_yet_implemented\n&quot;}}</skipped></testcase><testcase group="udp.errors" name="end_per_group" time="0.000914" timestamp="2012-11-19T18:28:15" log="/home/karl/tmp/otp_tests/logs/megaco_test_logs/ct_run.ct@devbox.2012-11-19_18.26.56/tests.megaco_test.logs/run.2012-11-19_18.27.20/megaco_udp_test.end_per_group.346095.79.html"></testcase><testcase group="udp" name="end_per_suite" time="0.000922" timestamp="2012-11-19T18:28:15" log="/home/karl/tmp/otp_tests/logs/megaco_test_logs/ct_run.ct@devbox.2012-11-19_18.26.56/tests.megaco_test.logs/run.2012-11-19_18.27.20/ct_framework.end_per_suite.346095.121.html"></testcase></testsuite><testsuite name="megaco_SUITE" time="0.119573" timestamp="2012-11-19T18:27:54" errors="0" tests="4"><testcase group="flex" name="init_per_suite" time="0.001347" timestamp="2012-11-19T18:27:54" log="/home/karl/tmp/otp_tests/logs/megaco_test_logs/ct_run.ct@devbox.2012-11-19_18.26.56/tests.megaco_test.logs/run.2012-11-19_18.27.20/megaco_suite.init_per_suite.346074.39.html"></testcase><testcase group="flex" name="end_per_group" time="0.001013" timestamp="2012-11-19T18:27:54" log="/home/karl/tmp/otp_tests/logs/megaco_test_logs/ct_run.ct@devbox.2012-11-19_18.26.56/tests.megaco_test.logs/run.2012-11-19_18.27.20/megaco_suite.end_per_group.346074.197.html"></testcase><testcase group="udp" name="init_per_group" time="0.000615" timestamp="2012-11-19T18:27:54" log="/home/karl/tmp/otp_tests/logs/megaco_test_logs/ct_run.ct@devbox.2012-11-19_18.26.56/tests.megaco_test.logs/run.2012-11-19_18.27.20/megaco_suite.init_per_group.346074.225.html"></testcase><testcase group="udp" name="end_per_suite" time="0.001083" timestamp="2012-11-19T18:27:54" log="/home/karl/tmp/otp_tests/logs/megaco_test_logs/ct_run.ct@devbox.2012-11-19_18.26.56/tests.megaco_test.logs/run.2012-11-19_18.27.20/megaco_suite.end_per_suite.346074.254.html"></testcase></testsuite><testsuite name="megaco_flex_test" time="0.179923" timestamp="2012-11-19T18:27:53" errors="5" tests="5"><testcase group="flex" name="init_per_suite" time="0.002789" timestamp="2012-11-19T18:27:53" log="/home/karl/tmp/otp_tests/logs/megaco_test_logs/ct_run.ct@devbox.2012-11-19_18.26.56/tests.megaco_test.logs/run.2012-11-19_18.27.20/megaco_flex_test.init_per_suite.html"><skipped type="skip" message="Test init_per_suite in megaco_flex_test skipped!">{tc_user_skip,{skipped,&quot;Skipping test case megaco_flex_test(87): flex_scanner_not_enabled\n&quot;}}</skipped></testcase><testcase group="flex" name="plain" time="0.000008" timestamp="2012-11-19T18:27:54" log=""><skipped type="skip" message="Test plain in megaco_flex_test skipped!">{tc_auto_skip,
    {failed,
        {megaco_flex_test,init_per_suite,
            {&apos;EXIT&apos;,
                {skipped,
                    &quot;Skipping test case megaco_flex_test(87): flex_scanner_not_enabled\n&quot;}}}}}</skipped></testcase><testcase group="flex" name="port_exit" time="0.000007" timestamp="2012-11-19T18:27:54" log=""><skipped type="skip" message="Test port_exit in megaco_flex_test skipped!">{tc_auto_skip,
    {failed,
        {megaco_flex_test,init_per_suite,
            {&apos;EXIT&apos;,
                {skipped,
                    &quot;Skipping test case megaco_flex_test(87): flex_scanner_not_enabled\n&quot;}}}}}</skipped></testcase><testcase group="flex" name="garbage_in" time="0.000004" timestamp="2012-11-19T18:27:54" log=""><skipped type="skip" message="Test garbage_in in megaco_flex_test skipped!">{tc_auto_skip,
    {failed,
        {megaco_flex_test,init_per_suite,
            {&apos;EXIT&apos;,
                {skipped,
                    &quot;Skipping test case megaco_flex_test(87): flex_scanner_not_enabled\n&quot;}}}}}</skipped></testcase><testcase group="flex" name="end_per_suite" time="0.000011" timestamp="2012-11-19T18:27:54" log=""><skipped type="skip" message="Test end_per_suite in megaco_flex_test skipped!">{tc_auto_skip,
    {failed,
        {megaco_flex_test,init_per_suite,
            {&apos;EXIT&apos;,
                {skipped,
                    &quot;Skipping test case megaco_flex_test(87): flex_scanner_not_enabled\n&quot;}}}}}</skipped></testcase></testsuite><testsuite name="megaco_SUITE" time="0.119331" timestamp="2012-11-19T18:27:53" errors="0" tests="4"><testcase group="config" name="init_per_suite" time="0.000788" timestamp="2012-11-19T18:27:53" log="/home/karl/tmp/otp_tests/logs/megaco_test_logs/ct_run.ct@devbox.2012-11-19_18.26.56/tests.megaco_test.logs/run.2012-11-19_18.27.20/megaco_suite.init_per_suite.346073.762.html"></testcase><testcase group="config" name="end_per_group" time="0.001043" timestamp="2012-11-19T18:27:53" log="/home/karl/tmp/otp_tests/logs/megaco_test_logs/ct_run.ct@devbox.2012-11-19_18.26.56/tests.megaco_test.logs/run.2012-11-19_18.27.20/megaco_suite.end_per_group.346073.895.html"></testcase><testcase group="flex" name="init_per_group" time="0.000670" timestamp="2012-11-19T18:27:53" log="/home/karl/tmp/otp_tests/logs/megaco_test_logs/ct_run.ct@devbox.2012-11-19_18.26.56/tests.megaco_test.logs/run.2012-11-19_18.27.20/megaco_suite.init_per_group.346073.924.html"></testcase><testcase group="flex" name="end_per_suite" time="0.001142" timestamp="2012-11-19T18:27:53" log="/home/karl/tmp/otp_tests/logs/megaco_test_logs/ct_run.ct@devbox.2012-11-19_18.26.56/tests.megaco_test.logs/run.2012-11-19_18.27.20/megaco_suite.end_per_suite.346073.956.html"></testcase></testsuite><testsuite name="megaco_config_test" time="3.056013" timestamp="2012-11-19T18:27:50" errors="0" tests="12"><testcase group="config" name="init_per_suite" time="0.000757" timestamp="2012-11-19T18:27:50" log="/home/karl/tmp/otp_tests/logs/megaco_test_logs/ct_run.ct@devbox.2012-11-19_18.26.56/tests.megaco_test.logs/run.2012-11-19_18.27.20/ct_framework.init_per_suite.html"></testcase><testcase group="config" name="config" time="1.118807" timestamp="2012-11-19T18:27:50" log="/home/karl/tmp/otp_tests/logs/megaco_test_logs/ct_run.ct@devbox.2012-11-19_18.26.56/tests.megaco_test.logs/run.2012-11-19_18.27.20/megaco_config_test.config.html"></testcase><testcase group="config.transaction_id_counter" name="init_per_group" time="0.000507" timestamp="2012-11-19T18:27:51" log="/home/karl/tmp/otp_tests/logs/megaco_test_logs/ct_run.ct@devbox.2012-11-19_18.26.56/tests.megaco_test.logs/run.2012-11-19_18.27.20/megaco_config_test.init_per_group.html"></testcase><testcase group="config.transaction_id_counter" name="transaction_id_counter_mg" time="0.147812" timestamp="2012-11-19T18:27:52" log="/home/karl/tmp/otp_tests/logs/megaco_test_logs/ct_run.ct@devbox.2012-11-19_18.26.56/tests.megaco_test.logs/run.2012-11-19_18.27.20/megaco_config_test.transaction_id_counter_mg.html"></testcase><testcase group="config.transaction_id_counter" name="transaction_id_counter_mgc" time="1.328843" timestamp="2012-11-19T18:27:52" log="/home/karl/tmp/otp_tests/logs/megaco_test_logs/ct_run.ct@devbox.2012-11-19_18.26.56/tests.megaco_test.logs/run.2012-11-19_18.27.20/megaco_config_test.transaction_id_counter_mgc.html"></testcase><testcase group="config.transaction_id_counter" name="end_per_group" time="0.000413" timestamp="2012-11-19T18:27:53" log="/home/karl/tmp/otp_tests/logs/megaco_test_logs/ct_run.ct@devbox.2012-11-19_18.26.56/tests.megaco_test.logs/run.2012-11-19_18.27.20/megaco_config_test.end_per_group.html"></testcase><testcase group="config.tickets" name="init_per_group" time="0.000632" timestamp="2012-11-19T18:27:53" log="/home/karl/tmp/otp_tests/logs/megaco_test_logs/ct_run.ct@devbox.2012-11-19_18.26.56/tests.megaco_test.logs/run.2012-11-19_18.27.20/megaco_config_test.init_per_group.346073.564.html"></testcase><testcase group="config.tickets" name="otp_7216" time="0.007943" timestamp="2012-11-19T18:27:53" log="/home/karl/tmp/otp_tests/logs/megaco_test_logs/ct_run.ct@devbox.2012-11-19_18.26.56/tests.megaco_test.logs/run.2012-11-19_18.27.20/megaco_config_test.otp_7216.html"></testcase><testcase group="config.tickets" name="otp_8167" time="0.006199" timestamp="2012-11-19T18:27:53" log="/home/karl/tmp/otp_tests/logs/megaco_test_logs/ct_run.ct@devbox.2012-11-19_18.26.56/tests.megaco_test.logs/run.2012-11-19_18.27.20/megaco_config_test.otp_8167.html"></testcase><testcase group="config.tickets" name="otp_8183" time="0.009981" timestamp="2012-11-19T18:27:53" log="/home/karl/tmp/otp_tests/logs/megaco_test_logs/ct_run.ct@devbox.2012-11-19_18.26.56/tests.megaco_test.logs/run.2012-11-19_18.27.20/megaco_config_test.otp_8183.html"></testcase><testcase group="config.tickets" name="end_per_group" time="0.000452" timestamp="2012-11-19T18:27:53" log="/home/karl/tmp/otp_tests/logs/megaco_test_logs/ct_run.ct@devbox.2012-11-19_18.26.56/tests.megaco_test.logs/run.2012-11-19_18.27.20/megaco_config_test.end_per_group.346073.708.html"></testcase><testcase group="config" name="end_per_suite" time="0.000651" timestamp="2012-11-19T18:27:53" log="/home/karl/tmp/otp_tests/logs/megaco_test_logs/ct_run.ct@devbox.2012-11-19_18.26.56/tests.megaco_test.logs/run.2012-11-19_18.27.20/ct_framework.end_per_suite.html"></testcase></testsuite><testsuite name="megaco_SUITE" time="0.124127" timestamp="2012-11-19T18:27:50" errors="0" tests="4"><testcase group="appup_test" name="init_per_suite" time="0.000794" timestamp="2012-11-19T18:27:50" log="/home/karl/tmp/otp_tests/logs/megaco_test_logs/ct_run.ct@devbox.2012-11-19_18.26.56/tests.megaco_test.logs/run.2012-11-19_18.27.20/megaco_suite.init_per_suite.346070.578.html"></testcase><testcase group="appup_test" name="end_per_group" time="0.000627" timestamp="2012-11-19T18:27:50" log="/home/karl/tmp/otp_tests/logs/megaco_test_logs/ct_run.ct@devbox.2012-11-19_18.26.56/tests.megaco_test.logs/run.2012-11-19_18.27.20/megaco_suite.end_per_group.346070.716.html"></testcase><testcase group="config" name="init_per_group" time="0.001970" timestamp="2012-11-19T18:27:50" log="/home/karl/tmp/otp_tests/logs/megaco_test_logs/ct_run.ct@devbox.2012-11-19_18.26.56/tests.megaco_test.logs/run.2012-11-19_18.27.20/megaco_suite.init_per_group.346070.745.html"></testcase><testcase group="config" name="end_per_suite" time="0.000800" timestamp="2012-11-19T18:27:50" log="/home/karl/tmp/otp_tests/logs/megaco_test_logs/ct_run.ct@devbox.2012-11-19_18.26.56/tests.megaco_test.logs/run.2012-11-19_18.27.20/megaco_suite.end_per_suite.346070.775.html"></testcase></testsuite><testsuite name="megaco_appup_test" time="0.208840" timestamp="2012-11-19T18:27:50" errors="0" tests="3"><testcase group="appup_test" name="init_per_suite" time="0.001045" timestamp="2012-11-19T18:27:50" log="/home/karl/tmp/otp_tests/logs/megaco_test_logs/ct_run.ct@devbox.2012-11-19_18.26.56/tests.megaco_test.logs/run.2012-11-19_18.27.20/megaco_appup_test.init_per_suite.html"></testcase><testcase group="appup_test" name="appup" time="0.014351" timestamp="2012-11-19T18:27:50" log="/home/karl/tmp/otp_tests/logs/megaco_test_logs/ct_run.ct@devbox.2012-11-19_18.26.56/tests.megaco_test.logs/run.2012-11-19_18.27.20/megaco_appup_test.appup.html"></testcase><testcase group="appup_test" name="end_per_suite" time="0.000549" timestamp="2012-11-19T18:27:50" log="/home/karl/tmp/otp_tests/logs/megaco_test_logs/ct_run.ct@devbox.2012-11-19_18.26.56/tests.megaco_test.logs/run.2012-11-19_18.27.20/megaco_appup_test.end_per_suite.html"></testcase></testsuite><testsuite name="megaco_SUITE" time="0.108385" timestamp="2012-11-19T18:27:50" errors="0" tests="4"><testcase group="app_test" name="init_per_suite" time="0.000936" timestamp="2012-11-19T18:27:50" log="/home/karl/tmp/otp_tests/logs/megaco_test_logs/ct_run.ct@devbox.2012-11-19_18.26.56/tests.megaco_test.logs/run.2012-11-19_18.27.20/megaco_suite.init_per_suite.346070.255.html"></testcase><testcase group="app_test" name="end_per_group" time="0.000320" timestamp="2012-11-19T18:27:50" log="/home/karl/tmp/otp_tests/logs/megaco_test_logs/ct_run.ct@devbox.2012-11-19_18.26.56/tests.megaco_test.logs/run.2012-11-19_18.27.20/megaco_suite.end_per_group.html"></testcase><testcase group="appup_test" name="init_per_group" time="0.000620" timestamp="2012-11-19T18:27:50" log="/home/karl/tmp/otp_tests/logs/megaco_test_logs/ct_run.ct@devbox.2012-11-19_18.26.56/tests.megaco_test.logs/run.2012-11-19_18.27.20/megaco_suite.init_per_group.346070.422.html"></testcase><testcase group="appup_test" name="end_per_suite" time="0.000444" timestamp="2012-11-19T18:27:50" log="/home/karl/tmp/otp_tests/logs/megaco_test_logs/ct_run.ct@devbox.2012-11-19_18.26.56/tests.megaco_test.logs/run.2012-11-19_18.27.20/megaco_suite.end_per_suite.346070.451.html"></testcase></testsuite><testsuite name="megaco_app_test" time="28.636045" timestamp="2012-11-19T18:27:21" errors="1" tests="7"><testcase group="app_test" name="init_per_suite" time="0.798021" timestamp="2012-11-19T18:27:21" log="/home/karl/tmp/otp_tests/logs/megaco_test_logs/ct_run.ct@devbox.2012-11-19_18.26.56/tests.megaco_test.logs/run.2012-11-19_18.27.20/megaco_app_test.init_per_suite.html"></testcase><testcase group="app_test" name="fields" time="0.001619" timestamp="2012-11-19T18:27:22" log="/home/karl/tmp/otp_tests/logs/megaco_test_logs/ct_run.ct@devbox.2012-11-19_18.26.56/tests.megaco_test.logs/run.2012-11-19_18.27.20/megaco_app_test.fields.html"></testcase><testcase group="app_test" name="modules" time="0.000932" timestamp="2012-11-19T18:27:22" log="/home/karl/tmp/otp_tests/logs/megaco_test_logs/ct_run.ct@devbox.2012-11-19_18.26.56/tests.megaco_test.logs/run.2012-11-19_18.27.20/megaco_app_test.modules.html"></testcase><testcase group="app_test" name="exportall" time="0.001014" timestamp="2012-11-19T18:27:22" log="/home/karl/tmp/otp_tests/logs/megaco_test_logs/ct_run.ct@devbox.2012-11-19_18.26.56/tests.megaco_test.logs/run.2012-11-19_18.27.20/megaco_app_test.exportall.html"></testcase><testcase group="app_test" name="app_depend" time="0.001817" timestamp="2012-11-19T18:27:22" log="/home/karl/tmp/otp_tests/logs/megaco_test_logs/ct_run.ct@devbox.2012-11-19_18.26.56/tests.megaco_test.logs/run.2012-11-19_18.27.20/megaco_app_test.app_depend.html"></testcase><testcase group="app_test" name="undef_funcs" time="27.505735" timestamp="2012-11-19T18:27:22" log="/home/karl/tmp/otp_tests/logs/megaco_test_logs/ct_run.ct@devbox.2012-11-19_18.26.56/tests.megaco_test.logs/run.2012-11-19_18.27.20/megaco_app_test.undef_funcs.html"><failure message="Test undef_funcs in megaco_app_test failed!" type="crash">{failed,
    {suite_failed,
        {undefined_function_calls,
            [{{megaco_udp_server,receive_message,5},{erlang,spawn_opt,4}},
             {{megaco_udp_server,handle_info,2},{erlang,apply,3}},
             {{megaco_text_parser_v3,yeccpars1,5},{erlang,apply,2}},
             {{megaco_text_parser_v2,yeccpars1,5},{erlang,apply,2}},
             {{megaco_text_parser_v1,yeccpars1,5},{erlang,apply,2}},
             {{megaco_text_parser_prev3c,yeccpars1,5},{erlang,apply,2}},
             {{megaco_text_parser_prev3b,yeccpars1,5},{erlang,apply,2}},
             {{megaco_text_parser_prev3a,yeccpars1,5},{erlang,apply,2}},
             {{megaco_text_mini_parser,yeccpars1,5},{erlang,apply,2}},
             {{megaco_tcp_connection,terminate,2},{erlang,memory,1}},
             {{megaco_tcp_connection,receive_message,5},{erlang,spawn_opt,4}},
             {{megaco_tcp_connection,handle_info,2},{erlang,apply,3}},
             {{megaco_monitor,handle_apply,5},{erlang,apply,3}},
             {{megaco_messenger_misc,do_send_message,4},{erlang,apply,3}},
             {{megaco_messenger,return_unexpected_trans,3},{erlang,apply,3}},
             {{megaco_messenger,return_reply,4},{erlang,apply,3}},
             {{megaco_messenger,receive_message,5},{erlang,spawn_opt,4}},
             {{megaco_messenger,handle_syntax_error_callback,4},
              {erlang,apply,3}},
             {{megaco_messenger,handle_segment_reply_callback,5},
              {erlang,apply,3}},
             {{megaco_messenger,handle_request_callback,5},{erlang,apply,3}},
             {{megaco_messenger,handle_request_abort_callback,4},
              {erlang,apply,3}},
             {{megaco_messenger,handle_message_error,3},{erlang,apply,3}},
             {{megaco_messenger,handle_long_request_callback,4},
              {erlang,apply,3}},
             {{megaco_messenger,handle_disconnect_callback,2},
              {erlang,apply,3}},
             {{megaco_messenger,handle_callback,4},{erlang,apply,3}},
             {{megaco_messenger,do_connect,2},{erlang,apply,3}},
             {{megaco_messenger,connect,5},{erlang,spawn_link,1}},
             {{megaco_messenger,call,3},{erlang,spawn_monitor,1}}]}}}</failure></testcase><testcase group="app_test" name="end_per_suite" time="0.000417" timestamp="2012-11-19T18:27:50" log="/home/karl/tmp/otp_tests/logs/megaco_test_logs/ct_run.ct@devbox.2012-11-19_18.26.56/tests.megaco_test.logs/run.2012-11-19_18.27.20/megaco_app_test.end_per_suite.html"></testcase></testsuite><testsuite name="megaco_SUITE" time="0.089472" timestamp="2012-11-19T18:27:21" errors="0" tests="3"><testcase  name="init_per_suite" time="0.006068" timestamp="2012-11-19T18:27:21" log="/home/karl/tmp/otp_tests/logs/megaco_test_logs/ct_run.ct@devbox.2012-11-19_18.26.56/tests.megaco_test.logs/run.2012-11-19_18.27.20/megaco_suite.init_per_suite.html"></testcase><testcase group="app_test" name="init_per_group" time="0.000088" timestamp="2012-11-19T18:27:21" log="/home/karl/tmp/otp_tests/logs/megaco_test_logs/ct_run.ct@devbox.2012-11-19_18.26.56/tests.megaco_test.logs/run.2012-11-19_18.27.20/megaco_suite.init_per_group.html"></testcase><testcase group="app_test" name="end_per_suite" time="0.000333" timestamp="2012-11-19T18:27:21" log="/home/karl/tmp/otp_tests/logs/megaco_test_logs/ct_run.ct@devbox.2012-11-19_18.26.56/tests.megaco_test.logs/run.2012-11-19_18.27.20/megaco_suite.end_per_suite.html"></testcase></testsuite></testsuites>