<?xml version="1.0" encoding= "UTF-8" ?><testsuites><properties></properties><testsuite name="asn1_SUITE" time="54.530456" timestamp="2012-11-19T17:07:01" errors="1" tests="18"><testcase group="appup_test" name="init_per_suite" time="0.004618" timestamp="2012-11-19T17:07:01" log="/home/karl/tmp/otp_tests/logs/asn1_test_logs/ct_run.ct@devbox.2012-11-19_16.37.18/tests.asn1_test.logs/run.2012-11-19_16.37.20/asn1_suite.init_per_suite.341221.569.html"></testcase><testcase group="appup_test" name="end_per_group" time="0.002621" timestamp="2012-11-19T17:07:01" log="/home/karl/tmp/otp_tests/logs/asn1_test_logs/ct_run.ct@devbox.2012-11-19_16.37.18/tests.asn1_test.logs/run.2012-11-19_16.37.20/asn1_suite.end_per_group.341221.716.html"></testcase><testcase  name="testComment" time="0.043930" timestamp="2012-11-19T17:07:01" log="/home/karl/tmp/otp_tests/logs/asn1_test_logs/ct_run.ct@devbox.2012-11-19_16.37.18/tests.asn1_test.logs/run.2012-11-19_16.37.20/asn1_suite.testcomment.html"></testcase><testcase  name="testName2Number" time="4.271921" timestamp="2012-11-19T17:07:01" log="/home/karl/tmp/otp_tests/logs/asn1_test_logs/ct_run.ct@devbox.2012-11-19_16.37.18/tests.asn1_test.logs/run.2012-11-19_16.37.20/asn1_suite.testname2number.html"></testcase><testcase  name="ticket_7407" time="0.334466" timestamp="2012-11-19T17:07:06" log="/home/karl/tmp/otp_tests/logs/asn1_test_logs/ct_run.ct@devbox.2012-11-19_16.37.18/tests.asn1_test.logs/run.2012-11-19_16.37.20/asn1_suite.ticket_7407.html"></testcase><testcase  name="ticket7904" time="0.153523" timestamp="2012-11-19T17:07:06" log="/home/karl/tmp/otp_tests/logs/asn1_test_logs/ct_run.ct@devbox.2012-11-19_16.37.18/tests.asn1_test.logs/run.2012-11-19_16.37.20/asn1_suite.ticket7904.html"></testcase><testcase group="performance" name="init_per_group" time="0.001401" timestamp="2012-11-19T17:07:06" log="/home/karl/tmp/otp_tests/logs/asn1_test_logs/ct_run.ct@devbox.2012-11-19_16.37.18/tests.asn1_test.logs/run.2012-11-19_16.37.20/asn1_suite.init_per_group.341226.660.html"></testcase><testcase group="performance" name="testTimer_ber" time="7.373716" timestamp="2012-11-19T17:07:06" log="/home/karl/tmp/otp_tests/logs/asn1_test_logs/ct_run.ct@devbox.2012-11-19_16.37.18/tests.asn1_test.logs/run.2012-11-19_16.37.20/asn1_suite.testtimer_ber.html"></testcase><testcase group="performance" name="testTimer_ber_bin" time="7.401355" timestamp="2012-11-19T17:07:14" log="/home/karl/tmp/otp_tests/logs/asn1_test_logs/ct_run.ct@devbox.2012-11-19_16.37.18/tests.asn1_test.logs/run.2012-11-19_16.37.20/asn1_suite.testtimer_ber_bin.html"></testcase><testcase group="performance" name="testTimer_ber_bin_opt" time="5.136599" timestamp="2012-11-19T17:07:21" log="/home/karl/tmp/otp_tests/logs/asn1_test_logs/ct_run.ct@devbox.2012-11-19_16.37.18/tests.asn1_test.logs/run.2012-11-19_16.37.20/asn1_suite.testtimer_ber_bin_opt.html"></testcase><testcase group="performance" name="testTimer_ber_bin_opt_driver" time="5.145837" timestamp="2012-11-19T17:07:26" log="/home/karl/tmp/otp_tests/logs/asn1_test_logs/ct_run.ct@devbox.2012-11-19_16.37.18/tests.asn1_test.logs/run.2012-11-19_16.37.20/asn1_suite.testtimer_ber_bin_opt_driver.html"></testcase><testcase group="performance" name="testTimer_per" time="6.550779" timestamp="2012-11-19T17:07:31" log="/home/karl/tmp/otp_tests/logs/asn1_test_logs/ct_run.ct@devbox.2012-11-19_16.37.18/tests.asn1_test.logs/run.2012-11-19_16.37.20/asn1_suite.testtimer_per.html"></testcase><testcase group="performance" name="testTimer_per_bin" time="6.153652" timestamp="2012-11-19T17:07:38" log="/home/karl/tmp/otp_tests/logs/asn1_test_logs/ct_run.ct@devbox.2012-11-19_16.37.18/tests.asn1_test.logs/run.2012-11-19_16.37.20/asn1_suite.testtimer_per_bin.html"></testcase><testcase group="performance" name="testTimer_per_bin_opt" time="5.456783" timestamp="2012-11-19T17:07:44" log="/home/karl/tmp/otp_tests/logs/asn1_test_logs/ct_run.ct@devbox.2012-11-19_16.37.18/tests.asn1_test.logs/run.2012-11-19_16.37.20/asn1_suite.testtimer_per_bin_opt.html"></testcase><testcase group="performance" name="testTimer_uper_bin" time="5.973031" timestamp="2012-11-19T17:07:50" log="/home/karl/tmp/otp_tests/logs/asn1_test_logs/ct_run.ct@devbox.2012-11-19_16.37.18/tests.asn1_test.logs/run.2012-11-19_16.37.20/asn1_suite.testtimer_uper_bin.html"></testcase><testcase group="performance" name="smp" time="0.004192" timestamp="2012-11-19T17:07:56" log="/home/karl/tmp/otp_tests/logs/asn1_test_logs/ct_run.ct@devbox.2012-11-19_16.37.18/tests.asn1_test.logs/run.2012-11-19_16.37.20/asn1_suite.smp.html"><skipped type="skip" message="Test smp in asn1_SUITE skipped!">{tc_user_skip,{skipped,&quot;No smp support&quot;}}</skipped></testcase><testcase group="performance" name="end_per_group" time="0.003540" timestamp="2012-11-19T17:07:56" log="/home/karl/tmp/otp_tests/logs/asn1_test_logs/ct_run.ct@devbox.2012-11-19_16.37.18/tests.asn1_test.logs/run.2012-11-19_16.37.20/asn1_suite.end_per_group.341276.137.html"></testcase><testcase  name="end_per_suite" time="0.001691" timestamp="2012-11-19T17:07:56" log="/home/karl/tmp/otp_tests/logs/asn1_test_logs/ct_run.ct@devbox.2012-11-19_16.37.18/tests.asn1_test.logs/run.2012-11-19_16.37.20/asn1_suite.end_per_suite.341276.169.html"></testcase></testsuite><testsuite name="asn1_appup_test" time="0.213909" timestamp="2012-11-19T17:07:01" errors="0" tests="3"><testcase group="appup_test" name="init_per_suite" time="0.003073" timestamp="2012-11-19T17:07:01" log="/home/karl/tmp/otp_tests/logs/asn1_test_logs/ct_run.ct@devbox.2012-11-19_16.37.18/tests.asn1_test.logs/run.2012-11-19_16.37.20/asn1_appup_test.init_per_suite.html"></testcase><testcase group="appup_test" name="appup" time="0.005164" timestamp="2012-11-19T17:07:01" log="/home/karl/tmp/otp_tests/logs/asn1_test_logs/ct_run.ct@devbox.2012-11-19_16.37.18/tests.asn1_test.logs/run.2012-11-19_16.37.20/asn1_appup_test.appup.html"></testcase><testcase group="appup_test" name="end_per_suite" time="0.002018" timestamp="2012-11-19T17:07:01" log="/home/karl/tmp/otp_tests/logs/asn1_test_logs/ct_run.ct@devbox.2012-11-19_16.37.18/tests.asn1_test.logs/run.2012-11-19_16.37.20/asn1_appup_test.end_per_suite.html"></testcase></testsuite><testsuite name="asn1_SUITE" time="0.136313" timestamp="2012-11-19T17:07:01" errors="0" tests="4"><testcase group="app_test" name="init_per_suite" time="0.005138" timestamp="2012-11-19T17:07:01" log="/home/karl/tmp/otp_tests/logs/asn1_test_logs/ct_run.ct@devbox.2012-11-19_16.37.18/tests.asn1_test.logs/run.2012-11-19_16.37.20/asn1_suite.init_per_suite.341221.200.html"></testcase><testcase group="app_test" name="end_per_group" time="0.003480" timestamp="2012-11-19T17:07:01" log="/home/karl/tmp/otp_tests/logs/asn1_test_logs/ct_run.ct@devbox.2012-11-19_16.37.18/tests.asn1_test.logs/run.2012-11-19_16.37.20/asn1_suite.end_per_group.341221.366.html"></testcase><testcase group="appup_test" name="init_per_group" time="0.001975" timestamp="2012-11-19T17:07:01" log="/home/karl/tmp/otp_tests/logs/asn1_test_logs/ct_run.ct@devbox.2012-11-19_16.37.18/tests.asn1_test.logs/run.2012-11-19_16.37.20/asn1_suite.init_per_group.341221.403.html"></testcase><testcase group="appup_test" name="end_per_suite" time="0.002024" timestamp="2012-11-19T17:07:01" log="/home/karl/tmp/otp_tests/logs/asn1_test_logs/ct_run.ct@devbox.2012-11-19_16.37.18/tests.asn1_test.logs/run.2012-11-19_16.37.20/asn1_suite.end_per_suite.341221.435.html"></testcase></testsuite><testsuite name="asn1_app_test" time="0.436559" timestamp="2012-11-19T17:07:00" errors="0" tests="6"><testcase group="app_test" name="init_per_suite" time="0.042959" timestamp="2012-11-19T17:07:00" log="/home/karl/tmp/otp_tests/logs/asn1_test_logs/ct_run.ct@devbox.2012-11-19_16.37.18/tests.asn1_test.logs/run.2012-11-19_16.37.20/asn1_app_test.init_per_suite.html"></testcase><testcase group="app_test" name="fields" time="0.004655" timestamp="2012-11-19T17:07:00" log="/home/karl/tmp/otp_tests/logs/asn1_test_logs/ct_run.ct@devbox.2012-11-19_16.37.18/tests.asn1_test.logs/run.2012-11-19_16.37.20/asn1_app_test.fields.html"></testcase><testcase group="app_test" name="modules" time="0.007195" timestamp="2012-11-19T17:07:01" log="/home/karl/tmp/otp_tests/logs/asn1_test_logs/ct_run.ct@devbox.2012-11-19_16.37.18/tests.asn1_test.logs/run.2012-11-19_16.37.20/asn1_app_test.modules.html"></testcase><testcase group="app_test" name="exportall" time="0.003174" timestamp="2012-11-19T17:07:01" log="/home/karl/tmp/otp_tests/logs/asn1_test_logs/ct_run.ct@devbox.2012-11-19_16.37.18/tests.asn1_test.logs/run.2012-11-19_16.37.20/asn1_app_test.exportall.html"></testcase><testcase group="app_test" name="app_depend" time="0.063904" timestamp="2012-11-19T17:07:01" log="/home/karl/tmp/otp_tests/logs/asn1_test_logs/ct_run.ct@devbox.2012-11-19_16.37.18/tests.asn1_test.logs/run.2012-11-19_16.37.20/asn1_app_test.app_depend.html"></testcase><testcase group="app_test" name="end_per_suite" time="0.001926" timestamp="2012-11-19T17:07:01" log="/home/karl/tmp/otp_tests/logs/asn1_test_logs/ct_run.ct@devbox.2012-11-19_16.37.18/tests.asn1_test.logs/run.2012-11-19_16.37.20/asn1_app_test.end_per_suite.html"></testcase></testsuite><testsuite name="asn1_SUITE" time="1780.562136" timestamp="2012-11-19T16:37:20" errors="0" tests="139"><testcase  name="init_per_suite" time="0.018670" timestamp="2012-11-19T16:37:20" log="/home/karl/tmp/otp_tests/logs/asn1_test_logs/ct_run.ct@devbox.2012-11-19_16.37.18/tests.asn1_test.logs/run.2012-11-19_16.37.20/asn1_suite.init_per_suite.html"></testcase><testcase group="parallel" name="init_per_group" time="0.000293" timestamp="2012-11-19T16:37:20" log="/home/karl/tmp/otp_tests/logs/asn1_test_logs/ct_run.ct@devbox.2012-11-19_16.37.18/tests.asn1_test.logs/run.2012-11-19_16.37.20/asn1_suite.init_per_group.html"></testcase><testcase group="parallel.compile" name="init_per_group" time="0.000278" timestamp="2012-11-19T16:37:20" log="/home/karl/tmp/otp_tests/logs/asn1_test_logs/ct_run.ct@devbox.2012-11-19_16.37.18/tests.asn1_test.logs/run.2012-11-19_16.37.20/asn1_suite.init_per_group.339440.410.html"></testcase><testcase group="parallel.compile" name="c_syntax" time="0.170438" timestamp="2012-11-19T16:37:20" log="/home/karl/tmp/otp_tests/logs/asn1_test_logs/ct_run.ct@devbox.2012-11-19_16.37.18/tests.asn1_test.logs/run.2012-11-19_16.37.20/asn1_suite.c_syntax.html"></testcase><testcase group="parallel.compile" name="c_string" time="0.326817" timestamp="2012-11-19T16:37:20" log="/home/karl/tmp/otp_tests/logs/asn1_test_logs/ct_run.ct@devbox.2012-11-19_16.37.18/tests.asn1_test.logs/run.2012-11-19_16.37.20/asn1_suite.c_string.html"></testcase><testcase group="parallel.compile" name="c_implicit_before_choice" time="0.060266" timestamp="2012-11-19T16:37:20" log="/home/karl/tmp/otp_tests/logs/asn1_test_logs/ct_run.ct@devbox.2012-11-19_16.37.18/tests.asn1_test.logs/run.2012-11-19_16.37.20/asn1_suite.c_implicit_before_choice.html"></testcase><testcase group="parallel.compile" name="end_per_group" time="0.000171" timestamp="2012-11-19T16:37:21" log="/home/karl/tmp/otp_tests/logs/asn1_test_logs/ct_run.ct@devbox.2012-11-19_16.37.18/tests.asn1_test.logs/run.2012-11-19_16.37.20/asn1_suite.end_per_group.html"></testcase><testcase group="parallel.ber" name="init_per_group" time="0.000407" timestamp="2012-11-19T16:37:21" log="/home/karl/tmp/otp_tests/logs/asn1_test_logs/ct_run.ct@devbox.2012-11-19_16.37.18/tests.asn1_test.logs/run.2012-11-19_16.37.20/asn1_suite.init_per_group.339441.99.html"></testcase><testcase group="parallel.ber" name="ber_choiceinseq" time="0.250375" timestamp="2012-11-19T16:37:21" log="/home/karl/tmp/otp_tests/logs/asn1_test_logs/ct_run.ct@devbox.2012-11-19_16.37.18/tests.asn1_test.logs/run.2012-11-19_16.37.20/asn1_suite.ber_choiceinseq.html"></testcase><testcase group="parallel.ber.group" name="init_per_group" time="0.000225" timestamp="2012-11-19T16:37:21" log="/home/karl/tmp/otp_tests/logs/asn1_test_logs/ct_run.ct@devbox.2012-11-19_16.37.18/tests.asn1_test.logs/run.2012-11-19_16.37.20/asn1_suite.init_per_group.339441.405.html"></testcase><testcase group="parallel.ber.group" name="ber_optional" time="0.320750" timestamp="2012-11-19T16:37:21" log="/home/karl/tmp/otp_tests/logs/asn1_test_logs/ct_run.ct@devbox.2012-11-19_16.37.18/tests.asn1_test.logs/run.2012-11-19_16.37.20/asn1_suite.ber_optional.html"></testcase><testcase group="parallel.ber.group" name="ber_optional_keyed_list" time="0.189657" timestamp="2012-11-19T16:37:21" log="/home/karl/tmp/otp_tests/logs/asn1_test_logs/ct_run.ct@devbox.2012-11-19_16.37.18/tests.asn1_test.logs/run.2012-11-19_16.37.20/asn1_suite.ber_optional_keyed_list.html"></testcase><testcase group="parallel.ber.group" name="end_per_group" time="0.000224" timestamp="2012-11-19T16:37:21" log="/home/karl/tmp/otp_tests/logs/asn1_test_logs/ct_run.ct@devbox.2012-11-19_16.37.18/tests.asn1_test.logs/run.2012-11-19_16.37.20/asn1_suite.end_per_group.339441.993.html"></testcase><testcase group="parallel.ber" name="end_per_group" time="0.000486" timestamp="2012-11-19T16:37:22" log="/home/karl/tmp/otp_tests/logs/asn1_test_logs/ct_run.ct@devbox.2012-11-19_16.37.18/tests.asn1_test.logs/run.2012-11-19_16.37.20/asn1_suite.end_per_group.339442.18.html"></testcase><testcase group="parallel.group" name="init_per_group" time="0.000413" timestamp="2012-11-19T16:37:22" log="/home/karl/tmp/otp_tests/logs/asn1_test_logs/ct_run.ct@devbox.2012-11-19_16.37.18/tests.asn1_test.logs/run.2012-11-19_16.37.20/asn1_suite.init_per_group.339442.45.html"></testcase><testcase group="parallel.group" name="parse" time="1.014427" timestamp="2012-11-19T16:37:22" log="/home/karl/tmp/otp_tests/logs/asn1_test_logs/ct_run.ct@devbox.2012-11-19_16.37.18/tests.asn1_test.logs/run.2012-11-19_16.37.20/asn1_suite.parse.html"></testcase><testcase group="parallel.group" name="test_driver_load" time="0.157657" timestamp="2012-11-19T16:37:23" log="/home/karl/tmp/otp_tests/logs/asn1_test_logs/ct_run.ct@devbox.2012-11-19_16.37.18/tests.asn1_test.logs/run.2012-11-19_16.37.20/asn1_suite.test_driver_load.html"></testcase><testcase group="parallel.group" name="test_undecoded_rest" time="1.280327" timestamp="2012-11-19T16:37:23" log="/home/karl/tmp/otp_tests/logs/asn1_test_logs/ct_run.ct@devbox.2012-11-19_16.37.18/tests.asn1_test.logs/run.2012-11-19_16.37.20/asn1_suite.test_undecoded_rest.html"></testcase><testcase group="parallel.group" name="test_inline" time="131.529373" timestamp="2012-11-19T16:37:24" log="/home/karl/tmp/otp_tests/logs/asn1_test_logs/ct_run.ct@devbox.2012-11-19_16.37.18/tests.asn1_test.logs/run.2012-11-19_16.37.20/asn1_suite.test_inline.html"></testcase><testcase group="parallel.group" name="specialized_decodes" time="2.244011" timestamp="2012-11-19T16:39:36" log="/home/karl/tmp/otp_tests/logs/asn1_test_logs/ct_run.ct@devbox.2012-11-19_16.37.18/tests.asn1_test.logs/run.2012-11-19_16.37.20/asn1_suite.specialized_decodes.html"></testcase><testcase group="parallel.group" name="special_decode_performance" time="6.792069" timestamp="2012-11-19T16:39:38" log="/home/karl/tmp/otp_tests/logs/asn1_test_logs/ct_run.ct@devbox.2012-11-19_16.37.18/tests.asn1_test.logs/run.2012-11-19_16.37.20/asn1_suite.special_decode_performance.html"></testcase><testcase group="parallel.group" name="testMegaco" time="21.761520" timestamp="2012-11-19T16:39:45" log="/home/karl/tmp/otp_tests/logs/asn1_test_logs/ct_run.ct@devbox.2012-11-19_16.37.18/tests.asn1_test.logs/run.2012-11-19_16.37.20/asn1_suite.testmegaco.html"></testcase><testcase group="parallel.group" name="testConstraints" time="1.494047" timestamp="2012-11-19T16:40:07" log="/home/karl/tmp/otp_tests/logs/asn1_test_logs/ct_run.ct@devbox.2012-11-19_16.37.18/tests.asn1_test.logs/run.2012-11-19_16.37.20/asn1_suite.testconstraints.html"></testcase><testcase group="parallel.group" name="testCompactBitString" time="1.454545" timestamp="2012-11-19T16:40:08" log="/home/karl/tmp/otp_tests/logs/asn1_test_logs/ct_run.ct@devbox.2012-11-19_16.37.18/tests.asn1_test.logs/run.2012-11-19_16.37.20/asn1_suite.testcompactbitstring.html"></testcase><testcase group="parallel.group" name="end_per_group" time="0.000321" timestamp="2012-11-19T16:40:10" log="/home/karl/tmp/otp_tests/logs/asn1_test_logs/ct_run.ct@devbox.2012-11-19_16.37.18/tests.asn1_test.logs/run.2012-11-19_16.37.20/asn1_suite.end_per_group.339610.30.html"></testcase><testcase group="parallel" name="default" time="0.604414" timestamp="2012-11-19T16:40:10" log="/home/karl/tmp/otp_tests/logs/asn1_test_logs/ct_run.ct@devbox.2012-11-19_16.37.18/tests.asn1_test.logs/run.2012-11-19_16.37.20/asn1_suite.default.html"></testcase><testcase group="parallel.group" name="init_per_group" time="0.000307" timestamp="2012-11-19T16:40:10" log="/home/karl/tmp/otp_tests/logs/asn1_test_logs/ct_run.ct@devbox.2012-11-19_16.37.18/tests.asn1_test.logs/run.2012-11-19_16.37.20/asn1_suite.init_per_group.339610.688.html"></testcase><testcase group="parallel.group" name="testPrim" time="0.861995" timestamp="2012-11-19T16:40:10" log="/home/karl/tmp/otp_tests/logs/asn1_test_logs/ct_run.ct@devbox.2012-11-19_16.37.18/tests.asn1_test.logs/run.2012-11-19_16.37.20/asn1_suite.testprim.html"></testcase><testcase group="parallel.group" name="rtUI" time="0.409544" timestamp="2012-11-19T16:40:11" log="/home/karl/tmp/otp_tests/logs/asn1_test_logs/ct_run.ct@devbox.2012-11-19_16.37.18/tests.asn1_test.logs/run.2012-11-19_16.37.20/asn1_suite.rtui.html"></testcase><testcase group="parallel.group" name="testPrimStrings" time="1.665113" timestamp="2012-11-19T16:40:12" log="/home/karl/tmp/otp_tests/logs/asn1_test_logs/ct_run.ct@devbox.2012-11-19_16.37.18/tests.asn1_test.logs/run.2012-11-19_16.37.20/asn1_suite.testprimstrings.html"></testcase><testcase group="parallel.group" name="testInvokeMod" time="1.274695" timestamp="2012-11-19T16:40:13" log="/home/karl/tmp/otp_tests/logs/asn1_test_logs/ct_run.ct@devbox.2012-11-19_16.37.18/tests.asn1_test.logs/run.2012-11-19_16.37.20/asn1_suite.testinvokemod.html"></testcase><testcase group="parallel.group" name="per" time="31.206705" timestamp="2012-11-19T16:40:15" log="/home/karl/tmp/otp_tests/logs/asn1_test_logs/ct_run.ct@devbox.2012-11-19_16.37.18/tests.asn1_test.logs/run.2012-11-19_16.37.20/asn1_suite.per.html"></testcase><testcase group="parallel.group" name="ber_other" time="15.126508" timestamp="2012-11-19T16:40:46" log="/home/karl/tmp/otp_tests/logs/asn1_test_logs/ct_run.ct@devbox.2012-11-19_16.37.18/tests.asn1_test.logs/run.2012-11-19_16.37.20/asn1_suite.ber_other.html"></testcase><testcase group="parallel.group" name="h323test" time="82.112201" timestamp="2012-11-19T16:41:01" log="/home/karl/tmp/otp_tests/logs/asn1_test_logs/ct_run.ct@devbox.2012-11-19_16.37.18/tests.asn1_test.logs/run.2012-11-19_16.37.20/asn1_suite.h323test.html"></testcase><testcase group="parallel.group" name="per_GeneralString" time="8.921174" timestamp="2012-11-19T16:42:23" log="/home/karl/tmp/otp_tests/logs/asn1_test_logs/ct_run.ct@devbox.2012-11-19_16.37.18/tests.asn1_test.logs/run.2012-11-19_16.37.20/asn1_suite.per_generalstring.html"></testcase><testcase group="parallel.group" name="end_per_group" time="0.000387" timestamp="2012-11-19T16:42:32" log="/home/karl/tmp/otp_tests/logs/asn1_test_logs/ct_run.ct@devbox.2012-11-19_16.37.18/tests.asn1_test.logs/run.2012-11-19_16.37.20/asn1_suite.end_per_group.339752.486.html"></testcase><testcase group="parallel" name="testChoPrim" time="0.372176" timestamp="2012-11-19T16:42:32" log="/home/karl/tmp/otp_tests/logs/asn1_test_logs/ct_run.ct@devbox.2012-11-19_16.37.18/tests.asn1_test.logs/run.2012-11-19_16.37.20/asn1_suite.testchoprim.html"></testcase><testcase group="parallel" name="testChoExtension" time="0.570832" timestamp="2012-11-19T16:42:32" log="/home/karl/tmp/otp_tests/logs/asn1_test_logs/ct_run.ct@devbox.2012-11-19_16.37.18/tests.asn1_test.logs/run.2012-11-19_16.37.20/asn1_suite.testchoextension.html"></testcase><testcase group="parallel" name="testChoOptional" time="0.569884" timestamp="2012-11-19T16:42:33" log="/home/karl/tmp/otp_tests/logs/asn1_test_logs/ct_run.ct@devbox.2012-11-19_16.37.18/tests.asn1_test.logs/run.2012-11-19_16.37.20/asn1_suite.testchooptional.html"></testcase><testcase group="parallel" name="testChoOptionalImplicitTag" time="0.271006" timestamp="2012-11-19T16:42:34" log="/home/karl/tmp/otp_tests/logs/asn1_test_logs/ct_run.ct@devbox.2012-11-19_16.37.18/tests.asn1_test.logs/run.2012-11-19_16.37.20/asn1_suite.testchooptionalimplicittag.html"></testcase><testcase group="parallel" name="testChoRecursive" time="0.422692" timestamp="2012-11-19T16:42:34" log="/home/karl/tmp/otp_tests/logs/asn1_test_logs/ct_run.ct@devbox.2012-11-19_16.37.18/tests.asn1_test.logs/run.2012-11-19_16.37.20/asn1_suite.testchorecursive.html"></testcase><testcase group="parallel" name="testChoTypeRefCho" time="0.566759" timestamp="2012-11-19T16:42:34" log="/home/karl/tmp/otp_tests/logs/asn1_test_logs/ct_run.ct@devbox.2012-11-19_16.37.18/tests.asn1_test.logs/run.2012-11-19_16.37.20/asn1_suite.testchotyperefcho.html"></testcase><testcase group="parallel" name="testChoTypeRefPrim" time="0.473455" timestamp="2012-11-19T16:42:35" log="/home/karl/tmp/otp_tests/logs/asn1_test_logs/ct_run.ct@devbox.2012-11-19_16.37.18/tests.asn1_test.logs/run.2012-11-19_16.37.20/asn1_suite.testchotyperefprim.html"></testcase><testcase group="parallel" name="testChoTypeRefSeq" time="0.513773" timestamp="2012-11-19T16:42:35" log="/home/karl/tmp/otp_tests/logs/asn1_test_logs/ct_run.ct@devbox.2012-11-19_16.37.18/tests.asn1_test.logs/run.2012-11-19_16.37.20/asn1_suite.testchotyperefseq.html"></testcase><testcase group="parallel" name="testChoTypeRefSet" time="0.550022" timestamp="2012-11-19T16:42:36" log="/home/karl/tmp/otp_tests/logs/asn1_test_logs/ct_run.ct@devbox.2012-11-19_16.37.18/tests.asn1_test.logs/run.2012-11-19_16.37.20/asn1_suite.testchotyperefset.html"></testcase><testcase group="parallel" name="testDef" time="0.574785" timestamp="2012-11-19T16:42:37" log="/home/karl/tmp/otp_tests/logs/asn1_test_logs/ct_run.ct@devbox.2012-11-19_16.37.18/tests.asn1_test.logs/run.2012-11-19_16.37.20/asn1_suite.testdef.html"></testcase><testcase group="parallel" name="testOpt" time="0.574849" timestamp="2012-11-19T16:42:37" log="/home/karl/tmp/otp_tests/logs/asn1_test_logs/ct_run.ct@devbox.2012-11-19_16.37.18/tests.asn1_test.logs/run.2012-11-19_16.37.20/asn1_suite.testopt.html"></testcase><testcase group="parallel" name="testSeqDefault" time="1.332111" timestamp="2012-11-19T16:42:38" log="/home/karl/tmp/otp_tests/logs/asn1_test_logs/ct_run.ct@devbox.2012-11-19_16.37.18/tests.asn1_test.logs/run.2012-11-19_16.37.20/asn1_suite.testseqdefault.html"></testcase><testcase group="parallel.group" name="init_per_group" time="0.000586" timestamp="2012-11-19T16:42:39" log="/home/karl/tmp/otp_tests/logs/asn1_test_logs/ct_run.ct@devbox.2012-11-19_16.37.18/tests.asn1_test.logs/run.2012-11-19_16.37.20/asn1_suite.init_per_group.339759.598.html"></testcase><testcase group="parallel.group" name="testChoExternal" time="2.036251" timestamp="2012-11-19T16:42:39" log="/home/karl/tmp/otp_tests/logs/asn1_test_logs/ct_run.ct@devbox.2012-11-19_16.37.18/tests.asn1_test.logs/run.2012-11-19_16.37.20/asn1_suite.testchoexternal.html"></testcase><testcase group="parallel.group" name="testPrimExternal" time="2.301782" timestamp="2012-11-19T16:42:41" log="/home/karl/tmp/otp_tests/logs/asn1_test_logs/ct_run.ct@devbox.2012-11-19_16.37.18/tests.asn1_test.logs/run.2012-11-19_16.37.20/asn1_suite.testprimexternal.html"></testcase><testcase group="parallel.group" name="testSeqExtension" time="1.890401" timestamp="2012-11-19T16:42:44" log="/home/karl/tmp/otp_tests/logs/asn1_test_logs/ct_run.ct@devbox.2012-11-19_16.37.18/tests.asn1_test.logs/run.2012-11-19_16.37.20/asn1_suite.testseqextension.html"></testcase><testcase group="parallel.group" name="testSeqExternal" time="2.407320" timestamp="2012-11-19T16:42:45" log="/home/karl/tmp/otp_tests/logs/asn1_test_logs/ct_run.ct@devbox.2012-11-19_16.37.18/tests.asn1_test.logs/run.2012-11-19_16.37.20/asn1_suite.testseqexternal.html"></testcase><testcase group="parallel.group" name="testSeqOfExternal" time="2.669053" timestamp="2012-11-19T16:42:48" log="/home/karl/tmp/otp_tests/logs/asn1_test_logs/ct_run.ct@devbox.2012-11-19_16.37.18/tests.asn1_test.logs/run.2012-11-19_16.37.20/asn1_suite.testseqofexternal.html"></testcase><testcase group="parallel.group" name="testSeqOfTag" time="3.422328" timestamp="2012-11-19T16:42:51" log="/home/karl/tmp/otp_tests/logs/asn1_test_logs/ct_run.ct@devbox.2012-11-19_16.37.18/tests.asn1_test.logs/run.2012-11-19_16.37.20/asn1_suite.testseqoftag.html"></testcase><testcase group="parallel.group" name="testSeqTag" time="2.280365" timestamp="2012-11-19T16:42:54" log="/home/karl/tmp/otp_tests/logs/asn1_test_logs/ct_run.ct@devbox.2012-11-19_16.37.18/tests.asn1_test.logs/run.2012-11-19_16.37.20/asn1_suite.testseqtag.html"></testcase><testcase group="parallel.group" name="testSetExtension" time="1.933684" timestamp="2012-11-19T16:42:56" log="/home/karl/tmp/otp_tests/logs/asn1_test_logs/ct_run.ct@devbox.2012-11-19_16.37.18/tests.asn1_test.logs/run.2012-11-19_16.37.20/asn1_suite.testsetextension.html"></testcase><testcase group="parallel.group" name="testSetExternal" time="2.405613" timestamp="2012-11-19T16:42:58" log="/home/karl/tmp/otp_tests/logs/asn1_test_logs/ct_run.ct@devbox.2012-11-19_16.37.18/tests.asn1_test.logs/run.2012-11-19_16.37.20/asn1_suite.testsetexternal.html"></testcase><testcase group="parallel.group" name="testSetOfExternal" time="2.781992" timestamp="2012-11-19T16:43:01" log="/home/karl/tmp/otp_tests/logs/asn1_test_logs/ct_run.ct@devbox.2012-11-19_16.37.18/tests.asn1_test.logs/run.2012-11-19_16.37.20/asn1_suite.testsetofexternal.html"></testcase><testcase group="parallel.group" name="testSetOfTag" time="3.622353" timestamp="2012-11-19T16:43:04" log="/home/karl/tmp/otp_tests/logs/asn1_test_logs/ct_run.ct@devbox.2012-11-19_16.37.18/tests.asn1_test.logs/run.2012-11-19_16.37.20/asn1_suite.testsetoftag.html"></testcase><testcase group="parallel.group" name="testSetTag" time="2.408913" timestamp="2012-11-19T16:43:07" log="/home/karl/tmp/otp_tests/logs/asn1_test_logs/ct_run.ct@devbox.2012-11-19_16.37.18/tests.asn1_test.logs/run.2012-11-19_16.37.20/asn1_suite.testsettag.html"></testcase><testcase group="parallel.group" name="end_per_group" time="0.000713" timestamp="2012-11-19T16:43:10" log="/home/karl/tmp/otp_tests/logs/asn1_test_logs/ct_run.ct@devbox.2012-11-19_16.37.18/tests.asn1_test.logs/run.2012-11-19_16.37.20/asn1_suite.end_per_group.339790.78.html"></testcase><testcase group="parallel" name="testSeqOptional" time="1.316014" timestamp="2012-11-19T16:43:10" log="/home/karl/tmp/otp_tests/logs/asn1_test_logs/ct_run.ct@devbox.2012-11-19_16.37.18/tests.asn1_test.logs/run.2012-11-19_16.37.20/asn1_suite.testseqoptional.html"></testcase><testcase group="parallel" name="testSeqPrim" time="0.390192" timestamp="2012-11-19T16:43:11" log="/home/karl/tmp/otp_tests/logs/asn1_test_logs/ct_run.ct@devbox.2012-11-19_16.37.18/tests.asn1_test.logs/run.2012-11-19_16.37.20/asn1_suite.testseqprim.html"></testcase><testcase group="parallel" name="testSeqTypeRefCho" time="0.411455" timestamp="2012-11-19T16:43:11" log="/home/karl/tmp/otp_tests/logs/asn1_test_logs/ct_run.ct@devbox.2012-11-19_16.37.18/tests.asn1_test.logs/run.2012-11-19_16.37.20/asn1_suite.testseqtyperefcho.html"></testcase><testcase group="parallel.group" name="init_per_group" time="0.000538" timestamp="2012-11-19T16:43:12" log="/home/karl/tmp/otp_tests/logs/asn1_test_logs/ct_run.ct@devbox.2012-11-19_16.37.18/tests.asn1_test.logs/run.2012-11-19_16.37.20/asn1_suite.init_per_group.339792.295.html"></testcase><testcase group="parallel.group" name="testSeqTypeRefPrim" time="0.713263" timestamp="2012-11-19T16:43:12" log="/home/karl/tmp/otp_tests/logs/asn1_test_logs/ct_run.ct@devbox.2012-11-19_16.37.18/tests.asn1_test.logs/run.2012-11-19_16.37.20/asn1_suite.testseqtyperefprim.html"></testcase><testcase group="parallel.group" name="testTypeValueNotation" time="1.165434" timestamp="2012-11-19T16:43:13" log="/home/karl/tmp/otp_tests/logs/asn1_test_logs/ct_run.ct@devbox.2012-11-19_16.37.18/tests.asn1_test.logs/run.2012-11-19_16.37.20/asn1_suite.testtypevaluenotation.html"></testcase><testcase group="parallel.group" name="end_per_group" time="0.000553" timestamp="2012-11-19T16:43:14" log="/home/karl/tmp/otp_tests/logs/asn1_test_logs/ct_run.ct@devbox.2012-11-19_16.37.18/tests.asn1_test.logs/run.2012-11-19_16.37.20/asn1_suite.end_per_group.339794.246.html"></testcase><testcase group="parallel" name="testSeqTypeRefSeq" time="1.416220" timestamp="2012-11-19T16:43:14" log="/home/karl/tmp/otp_tests/logs/asn1_test_logs/ct_run.ct@devbox.2012-11-19_16.37.18/tests.asn1_test.logs/run.2012-11-19_16.37.20/asn1_suite.testseqtyperefseq.html"></testcase><testcase group="parallel" name="testSeqTypeRefSet" time="0.556437" timestamp="2012-11-19T16:43:15" log="/home/karl/tmp/otp_tests/logs/asn1_test_logs/ct_run.ct@devbox.2012-11-19_16.37.18/tests.asn1_test.logs/run.2012-11-19_16.37.20/asn1_suite.testseqtyperefset.html"></testcase><testcase group="parallel.group" name="init_per_group" time="0.000583" timestamp="2012-11-19T16:43:16" log="/home/karl/tmp/otp_tests/logs/asn1_test_logs/ct_run.ct@devbox.2012-11-19_16.37.18/tests.asn1_test.logs/run.2012-11-19_16.37.20/asn1_suite.init_per_group.339796.290.html"></testcase><testcase group="parallel.group" name="testSeqOf" time="2.106636" timestamp="2012-11-19T16:43:16" log="/home/karl/tmp/otp_tests/logs/asn1_test_logs/ct_run.ct@devbox.2012-11-19_16.37.18/tests.asn1_test.logs/run.2012-11-19_16.37.20/asn1_suite.testseqof.html"></testcase><testcase group="parallel.group" name="testSeqOfIndefinite" time="8.649318" timestamp="2012-11-19T16:43:18" log="/home/karl/tmp/otp_tests/logs/asn1_test_logs/ct_run.ct@devbox.2012-11-19_16.37.18/tests.asn1_test.logs/run.2012-11-19_16.37.20/asn1_suite.testseqofindefinite.html"></testcase><testcase group="parallel.group" name="end_per_group" time="0.000657" timestamp="2012-11-19T16:43:27" log="/home/karl/tmp/otp_tests/logs/asn1_test_logs/ct_run.ct@devbox.2012-11-19_16.37.18/tests.asn1_test.logs/run.2012-11-19_16.37.20/asn1_suite.end_per_group.339807.120.html"></testcase><testcase group="parallel" name="testSeqOfCho" time="1.310758" timestamp="2012-11-19T16:43:27" log="/home/karl/tmp/otp_tests/logs/asn1_test_logs/ct_run.ct@devbox.2012-11-19_16.37.18/tests.asn1_test.logs/run.2012-11-19_16.37.20/asn1_suite.testseqofcho.html"></testcase><testcase group="parallel" name="testSetDefault" time="0.619172" timestamp="2012-11-19T16:43:28" log="/home/karl/tmp/otp_tests/logs/asn1_test_logs/ct_run.ct@devbox.2012-11-19_16.37.18/tests.asn1_test.logs/run.2012-11-19_16.37.20/asn1_suite.testsetdefault.html"></testcase><testcase group="parallel" name="testExtensionAdditionGroup" time="20.909134" timestamp="2012-11-19T16:43:29" log="/home/karl/tmp/otp_tests/logs/asn1_test_logs/ct_run.ct@devbox.2012-11-19_16.37.18/tests.asn1_test.logs/run.2012-11-19_16.37.20/asn1_suite.testextensionadditiongroup.html"></testcase><testcase group="parallel" name="testSetOptional" time="1.193855" timestamp="2012-11-19T16:43:50" log="/home/karl/tmp/otp_tests/logs/asn1_test_logs/ct_run.ct@devbox.2012-11-19_16.37.18/tests.asn1_test.logs/run.2012-11-19_16.37.20/asn1_suite.testsetoptional.html"></testcase><testcase group="parallel" name="testSetPrim" time="0.343728" timestamp="2012-11-19T16:43:51" log="/home/karl/tmp/otp_tests/logs/asn1_test_logs/ct_run.ct@devbox.2012-11-19_16.37.18/tests.asn1_test.logs/run.2012-11-19_16.37.20/asn1_suite.testsetprim.html"></testcase><testcase group="parallel" name="testSetTypeRefCho" time="0.444634" timestamp="2012-11-19T16:43:51" log="/home/karl/tmp/otp_tests/logs/asn1_test_logs/ct_run.ct@devbox.2012-11-19_16.37.18/tests.asn1_test.logs/run.2012-11-19_16.37.20/asn1_suite.testsettyperefcho.html"></testcase><testcase group="parallel" name="testSetTypeRefPrim" time="0.437020" timestamp="2012-11-19T16:43:52" log="/home/karl/tmp/otp_tests/logs/asn1_test_logs/ct_run.ct@devbox.2012-11-19_16.37.18/tests.asn1_test.logs/run.2012-11-19_16.37.20/asn1_suite.testsettyperefprim.html"></testcase><testcase group="parallel" name="testSetTypeRefSeq" time="0.577891" timestamp="2012-11-19T16:43:52" log="/home/karl/tmp/otp_tests/logs/asn1_test_logs/ct_run.ct@devbox.2012-11-19_16.37.18/tests.asn1_test.logs/run.2012-11-19_16.37.20/asn1_suite.testsettyperefseq.html"></testcase><testcase group="parallel" name="testSetTypeRefSet" time="1.755666" timestamp="2012-11-19T16:43:53" log="/home/karl/tmp/otp_tests/logs/asn1_test_logs/ct_run.ct@devbox.2012-11-19_16.37.18/tests.asn1_test.logs/run.2012-11-19_16.37.20/asn1_suite.testsettyperefset.html"></testcase><testcase group="parallel" name="testSetOf" time="1.399176" timestamp="2012-11-19T16:43:54" log="/home/karl/tmp/otp_tests/logs/asn1_test_logs/ct_run.ct@devbox.2012-11-19_16.37.18/tests.asn1_test.logs/run.2012-11-19_16.37.20/asn1_suite.testsetof.html"></testcase><testcase group="parallel" name="testSetOfCho" time="1.535782" timestamp="2012-11-19T16:43:56" log="/home/karl/tmp/otp_tests/logs/asn1_test_logs/ct_run.ct@devbox.2012-11-19_16.37.18/tests.asn1_test.logs/run.2012-11-19_16.37.20/asn1_suite.testsetofcho.html"></testcase><testcase group="parallel" name="testEnumExt" time="0.316816" timestamp="2012-11-19T16:43:57" log="/home/karl/tmp/otp_tests/logs/asn1_test_logs/ct_run.ct@devbox.2012-11-19_16.37.18/tests.asn1_test.logs/run.2012-11-19_16.37.20/asn1_suite.testenumext.html"></testcase><testcase group="parallel" name="value_test" time="0.530147" timestamp="2012-11-19T16:43:58" log="/home/karl/tmp/otp_tests/logs/asn1_test_logs/ct_run.ct@devbox.2012-11-19_16.37.18/tests.asn1_test.logs/run.2012-11-19_16.37.20/asn1_suite.value_test.html"></testcase><testcase group="parallel" name="value_bad_enum_test" time="0.011934" timestamp="2012-11-19T16:43:58" log="/home/karl/tmp/otp_tests/logs/asn1_test_logs/ct_run.ct@devbox.2012-11-19_16.37.18/tests.asn1_test.logs/run.2012-11-19_16.37.20/asn1_suite.value_bad_enum_test.html"></testcase><testcase group="parallel" name="testSeq2738" time="0.402794" timestamp="2012-11-19T16:43:58" log="/home/karl/tmp/otp_tests/logs/asn1_test_logs/ct_run.ct@devbox.2012-11-19_16.37.18/tests.asn1_test.logs/run.2012-11-19_16.37.20/asn1_suite.testseq2738.html"></testcase><testcase group="parallel.group" name="init_per_group" time="0.000447" timestamp="2012-11-19T16:43:59" log="/home/karl/tmp/otp_tests/logs/asn1_test_logs/ct_run.ct@devbox.2012-11-19_16.37.18/tests.asn1_test.logs/run.2012-11-19_16.37.20/asn1_suite.init_per_group.339839.308.html"></testcase><testcase group="parallel.group" name="constructed" time="0.213867" timestamp="2012-11-19T16:43:59" log="/home/karl/tmp/otp_tests/logs/asn1_test_logs/ct_run.ct@devbox.2012-11-19_16.37.18/tests.asn1_test.logs/run.2012-11-19_16.37.20/asn1_suite.constructed.html"></testcase><testcase group="parallel.group" name="ber_decode_error" time="0.185468" timestamp="2012-11-19T16:43:59" log="/home/karl/tmp/otp_tests/logs/asn1_test_logs/ct_run.ct@devbox.2012-11-19_16.37.18/tests.asn1_test.logs/run.2012-11-19_16.37.20/asn1_suite.ber_decode_error.html"></testcase><testcase group="parallel.group" name="end_per_group" time="0.001262" timestamp="2012-11-19T16:43:59" log="/home/karl/tmp/otp_tests/logs/asn1_test_logs/ct_run.ct@devbox.2012-11-19_16.37.18/tests.asn1_test.logs/run.2012-11-19_16.37.20/asn1_suite.end_per_group.339839.784.html"></testcase><testcase group="parallel.group" name="init_per_group" time="0.000779" timestamp="2012-11-19T16:43:59" log="/home/karl/tmp/otp_tests/logs/asn1_test_logs/ct_run.ct@devbox.2012-11-19_16.37.18/tests.asn1_test.logs/run.2012-11-19_16.37.20/asn1_suite.init_per_group.339839.811.html"></testcase><testcase group="parallel.group" name="testSeqIndefinite" time="0.476994" timestamp="2012-11-19T16:43:59" log="/home/karl/tmp/otp_tests/logs/asn1_test_logs/ct_run.ct@devbox.2012-11-19_16.37.18/tests.asn1_test.logs/run.2012-11-19_16.37.20/asn1_suite.testseqindefinite.html"></testcase><testcase group="parallel.group" name="testSetIndefinite" time="0.494705" timestamp="2012-11-19T16:44:00" log="/home/karl/tmp/otp_tests/logs/asn1_test_logs/ct_run.ct@devbox.2012-11-19_16.37.18/tests.asn1_test.logs/run.2012-11-19_16.37.20/asn1_suite.testsetindefinite.html"></testcase><testcase group="parallel.group" name="end_per_group" time="0.000882" timestamp="2012-11-19T16:44:00" log="/home/karl/tmp/otp_tests/logs/asn1_test_logs/ct_run.ct@devbox.2012-11-19_16.37.18/tests.asn1_test.logs/run.2012-11-19_16.37.20/asn1_suite.end_per_group.339840.862.html"></testcase><testcase group="parallel" name="testChoiceIndefinite" time="0.177581" timestamp="2012-11-19T16:44:00" log="/home/karl/tmp/otp_tests/logs/asn1_test_logs/ct_run.ct@devbox.2012-11-19_16.37.18/tests.asn1_test.logs/run.2012-11-19_16.37.20/asn1_suite.testchoiceindefinite.html"></testcase><testcase group="parallel" name="per_open_type" time="0.053987" timestamp="2012-11-19T16:44:01" log="/home/karl/tmp/otp_tests/logs/asn1_test_logs/ct_run.ct@devbox.2012-11-19_16.37.18/tests.asn1_test.logs/run.2012-11-19_16.37.20/asn1_suite.per_open_type.html"></testcase><testcase group="parallel" name="testInfObjectClass" time="137.359357" timestamp="2012-11-19T16:44:01" log="/home/karl/tmp/otp_tests/logs/asn1_test_logs/ct_run.ct@devbox.2012-11-19_16.37.18/tests.asn1_test.logs/run.2012-11-19_16.37.20/asn1_suite.testinfobjectclass.html"></testcase><testcase group="parallel" name="testParameterizedInfObj" time="0.676713" timestamp="2012-11-19T16:46:18" log="/home/karl/tmp/otp_tests/logs/asn1_test_logs/ct_run.ct@devbox.2012-11-19_16.37.18/tests.asn1_test.logs/run.2012-11-19_16.37.20/asn1_suite.testparameterizedinfobj.html"></testcase><testcase group="parallel" name="testMergeCompile" time="186.246348" timestamp="2012-11-19T16:46:19" log="/home/karl/tmp/otp_tests/logs/asn1_test_logs/ct_run.ct@devbox.2012-11-19_16.37.18/tests.asn1_test.logs/run.2012-11-19_16.37.20/asn1_suite.testmergecompile.html"></testcase><testcase group="parallel" name="testobj" time="65.541305" timestamp="2012-11-19T16:49:25" log="/home/karl/tmp/otp_tests/logs/asn1_test_logs/ct_run.ct@devbox.2012-11-19_16.37.18/tests.asn1_test.logs/run.2012-11-19_16.37.20/asn1_suite.testobj.html"></testcase><testcase group="parallel" name="testDeepTConstr" time="2.691051" timestamp="2012-11-19T16:50:31" log="/home/karl/tmp/otp_tests/logs/asn1_test_logs/ct_run.ct@devbox.2012-11-19_16.37.18/tests.asn1_test.logs/run.2012-11-19_16.37.20/asn1_suite.testdeeptconstr.html"></testcase><testcase group="parallel" name="testExport" time="0.017044" timestamp="2012-11-19T16:50:33" log="/home/karl/tmp/otp_tests/logs/asn1_test_logs/ct_run.ct@devbox.2012-11-19_16.37.18/tests.asn1_test.logs/run.2012-11-19_16.37.20/asn1_suite.testexport.html"></testcase><testcase group="parallel" name="testImport" time="0.031391" timestamp="2012-11-19T16:50:33" log="/home/karl/tmp/otp_tests/logs/asn1_test_logs/ct_run.ct@devbox.2012-11-19_16.37.18/tests.asn1_test.logs/run.2012-11-19_16.37.20/asn1_suite.testimport.html"></testcase><testcase group="parallel.group" name="init_per_group" time="0.001378" timestamp="2012-11-19T16:50:33" log="/home/karl/tmp/otp_tests/logs/asn1_test_logs/ct_run.ct@devbox.2012-11-19_16.37.18/tests.asn1_test.logs/run.2012-11-19_16.37.20/asn1_suite.init_per_group.340233.904.html"></testcase><testcase group="parallel.group" name="testParamBasic" time="0.458976" timestamp="2012-11-19T16:50:33" log="/home/karl/tmp/otp_tests/logs/asn1_test_logs/ct_run.ct@devbox.2012-11-19_16.37.18/tests.asn1_test.logs/run.2012-11-19_16.37.20/asn1_suite.testparambasic.html"></testcase><testcase group="parallel.group" name="testDER" time="2.437295" timestamp="2012-11-19T16:50:34" log="/home/karl/tmp/otp_tests/logs/asn1_test_logs/ct_run.ct@devbox.2012-11-19_16.37.18/tests.asn1_test.logs/run.2012-11-19_16.37.20/asn1_suite.testder.html"></testcase><testcase group="parallel.group" name="end_per_group" time="0.000885" timestamp="2012-11-19T16:50:36" log="/home/karl/tmp/otp_tests/logs/asn1_test_logs/ct_run.ct@devbox.2012-11-19_16.37.18/tests.asn1_test.logs/run.2012-11-19_16.37.20/asn1_suite.end_per_group.340236.877.html"></testcase><testcase group="parallel" name="testMvrasn6" time="33.346665" timestamp="2012-11-19T16:50:36" log="/home/karl/tmp/otp_tests/logs/asn1_test_logs/ct_run.ct@devbox.2012-11-19_16.37.18/tests.asn1_test.logs/run.2012-11-19_16.37.20/asn1_suite.testmvrasn6.html"></testcase><testcase group="parallel" name="testContextSwitchingTypes" time="1.148407" timestamp="2012-11-19T16:51:10" log="/home/karl/tmp/otp_tests/logs/asn1_test_logs/ct_run.ct@devbox.2012-11-19_16.37.18/tests.asn1_test.logs/run.2012-11-19_16.37.20/asn1_suite.testcontextswitchingtypes.html"></testcase><testcase group="parallel" name="testOpenTypeImplicitTag" time="0.384246" timestamp="2012-11-19T16:51:11" log="/home/karl/tmp/otp_tests/logs/asn1_test_logs/ct_run.ct@devbox.2012-11-19_16.37.18/tests.asn1_test.logs/run.2012-11-19_16.37.20/asn1_suite.testopentypeimplicittag.html"></testcase><testcase group="parallel" name="duplicate_tags" time="0.025178" timestamp="2012-11-19T16:51:11" log="/home/karl/tmp/otp_tests/logs/asn1_test_logs/ct_run.ct@devbox.2012-11-19_16.37.18/tests.asn1_test.logs/run.2012-11-19_16.37.20/asn1_suite.duplicate_tags.html"></testcase><testcase group="parallel" name="testROSE" time="1.295587" timestamp="2012-11-19T16:51:11" log="/home/karl/tmp/otp_tests/logs/asn1_test_logs/ct_run.ct@devbox.2012-11-19_16.37.18/tests.asn1_test.logs/run.2012-11-19_16.37.20/asn1_suite.testrose.html"></testcase><testcase group="parallel" name="testINSTANCE_OF" time="0.780520" timestamp="2012-11-19T16:51:13" log="/home/karl/tmp/otp_tests/logs/asn1_test_logs/ct_run.ct@devbox.2012-11-19_16.37.18/tests.asn1_test.logs/run.2012-11-19_16.37.20/asn1_suite.testinstance_of.html"></testcase><testcase group="parallel" name="testTCAP" time="4.630175" timestamp="2012-11-19T16:51:14" log="/home/karl/tmp/otp_tests/logs/asn1_test_logs/ct_run.ct@devbox.2012-11-19_16.37.18/tests.asn1_test.logs/run.2012-11-19_16.37.20/asn1_suite.testtcap.html"></testcase><testcase group="parallel" name="test_ParamTypeInfObj" time="4.903671" timestamp="2012-11-19T16:51:18" log="/home/karl/tmp/otp_tests/logs/asn1_test_logs/ct_run.ct@devbox.2012-11-19_16.37.18/tests.asn1_test.logs/run.2012-11-19_16.37.20/asn1_suite.test_paramtypeinfobj.html"></testcase><testcase group="parallel" name="test_WS_ParamClass" time="2.523281" timestamp="2012-11-19T16:51:23" log="/home/karl/tmp/otp_tests/logs/asn1_test_logs/ct_run.ct@devbox.2012-11-19_16.37.18/tests.asn1_test.logs/run.2012-11-19_16.37.20/asn1_suite.test_ws_paramclass.html"></testcase><testcase group="parallel" name="test_Defed_ObjectIdentifier" time="0.168640" timestamp="2012-11-19T16:51:26" log="/home/karl/tmp/otp_tests/logs/asn1_test_logs/ct_run.ct@devbox.2012-11-19_16.37.18/tests.asn1_test.logs/run.2012-11-19_16.37.20/asn1_suite.test_defed_objectidentifier.html"></testcase><testcase group="parallel" name="testSelectionType" time="1.444030" timestamp="2012-11-19T16:51:26" log="/home/karl/tmp/otp_tests/logs/asn1_test_logs/ct_run.ct@devbox.2012-11-19_16.37.18/tests.asn1_test.logs/run.2012-11-19_16.37.20/asn1_suite.testselectiontype.html"></testcase><testcase group="parallel" name="testSSLspecs" time="70.829489" timestamp="2012-11-19T16:51:27" log="/home/karl/tmp/otp_tests/logs/asn1_test_logs/ct_run.ct@devbox.2012-11-19_16.37.18/tests.asn1_test.logs/run.2012-11-19_16.37.20/asn1_suite.testsslspecs.html"></testcase><testcase group="parallel" name="testNortel" time="4.082609" timestamp="2012-11-19T16:52:38" log="/home/karl/tmp/otp_tests/logs/asn1_test_logs/ct_run.ct@devbox.2012-11-19_16.37.18/tests.asn1_test.logs/run.2012-11-19_16.37.20/asn1_suite.testnortel.html"></testcase><testcase group="parallel.group" name="init_per_group" time="0.001377" timestamp="2012-11-19T16:52:42" log="/home/karl/tmp/otp_tests/logs/asn1_test_logs/ct_run.ct@devbox.2012-11-19_16.37.18/tests.asn1_test.logs/run.2012-11-19_16.37.20/asn1_suite.init_per_group.340362.789.html"></testcase><testcase group="parallel.group" name="test_modified_x420" time="5.775884" timestamp="2012-11-19T16:52:42" log="/home/karl/tmp/otp_tests/logs/asn1_test_logs/ct_run.ct@devbox.2012-11-19_16.37.18/tests.asn1_test.logs/run.2012-11-19_16.37.20/asn1_suite.test_modified_x420.html"></testcase><testcase group="parallel.group" name="testX420" time="626.103956" timestamp="2012-11-19T16:52:48" log="/home/karl/tmp/otp_tests/logs/asn1_test_logs/ct_run.ct@devbox.2012-11-19_16.37.18/tests.asn1_test.logs/run.2012-11-19_16.37.20/asn1_suite.testx420.html"></testcase><testcase group="parallel.group" name="end_per_group" time="0.001213" timestamp="2012-11-19T17:03:14" log="/home/karl/tmp/otp_tests/logs/asn1_test_logs/ct_run.ct@devbox.2012-11-19_16.37.18/tests.asn1_test.logs/run.2012-11-19_16.37.20/asn1_suite.end_per_group.340994.745.html"></testcase><testcase group="parallel" name="testTcapsystem" time="41.526665" timestamp="2012-11-19T17:03:14" log="/home/karl/tmp/otp_tests/logs/asn1_test_logs/ct_run.ct@devbox.2012-11-19_16.37.18/tests.asn1_test.logs/run.2012-11-19_16.37.20/asn1_suite.testtcapsystem.html"></testcase><testcase group="parallel" name="testNBAPsystem" time="157.044626" timestamp="2012-11-19T17:03:56" log="/home/karl/tmp/otp_tests/logs/asn1_test_logs/ct_run.ct@devbox.2012-11-19_16.37.18/tests.asn1_test.logs/run.2012-11-19_16.37.20/asn1_suite.testnbapsystem.html"></testcase><testcase group="parallel" name="test_compile_options" time="1.835982" timestamp="2012-11-19T17:06:33" log="/home/karl/tmp/otp_tests/logs/asn1_test_logs/ct_run.ct@devbox.2012-11-19_16.37.18/tests.asn1_test.logs/run.2012-11-19_16.37.20/asn1_suite.test_compile_options.html"></testcase><testcase group="parallel" name="testDoubleEllipses" time="1.564061" timestamp="2012-11-19T17:06:35" log="/home/karl/tmp/otp_tests/logs/asn1_test_logs/ct_run.ct@devbox.2012-11-19_16.37.18/tests.asn1_test.logs/run.2012-11-19_16.37.20/asn1_suite.testdoubleellipses.html"></testcase><testcase group="parallel" name="test_x691" time="1.892287" timestamp="2012-11-19T17:06:36" log="/home/karl/tmp/otp_tests/logs/asn1_test_logs/ct_run.ct@devbox.2012-11-19_16.37.18/tests.asn1_test.logs/run.2012-11-19_16.37.20/asn1_suite.test_x691.html"></testcase><testcase group="parallel" name="ticket_6143" time="0.046935" timestamp="2012-11-19T17:06:38" log="/home/karl/tmp/otp_tests/logs/asn1_test_logs/ct_run.ct@devbox.2012-11-19_16.37.18/tests.asn1_test.logs/run.2012-11-19_16.37.20/asn1_suite.ticket_6143.html"></testcase><testcase group="parallel" name="testExtensionAdditionGroup" time="21.790293" timestamp="2012-11-19T17:06:38" log="/home/karl/tmp/otp_tests/logs/asn1_test_logs/ct_run.ct@devbox.2012-11-19_16.37.18/tests.asn1_test.logs/run.2012-11-19_16.37.20/asn1_suite.testextensionadditiongroup.341198.837.html"></testcase><testcase group="parallel" name="test_OTP_9688" time="0.040397" timestamp="2012-11-19T17:07:00" log="/home/karl/tmp/otp_tests/logs/asn1_test_logs/ct_run.ct@devbox.2012-11-19_16.37.18/tests.asn1_test.logs/run.2012-11-19_16.37.20/asn1_suite.test_otp_9688.html"></testcase><testcase group="parallel" name="end_per_group" time="0.002763" timestamp="2012-11-19T17:07:00" log="/home/karl/tmp/otp_tests/logs/asn1_test_logs/ct_run.ct@devbox.2012-11-19_16.37.18/tests.asn1_test.logs/run.2012-11-19_16.37.20/asn1_suite.end_per_group.341220.748.html"></testcase><testcase group="app_test" name="init_per_group" time="0.001515" timestamp="2012-11-19T17:07:00" log="/home/karl/tmp/otp_tests/logs/asn1_test_logs/ct_run.ct@devbox.2012-11-19_16.37.18/tests.asn1_test.logs/run.2012-11-19_16.37.20/asn1_suite.init_per_group.341220.780.html"></testcase><testcase group="app_test" name="end_per_suite" time="0.001710" timestamp="2012-11-19T17:07:00" log="/home/karl/tmp/otp_tests/logs/asn1_test_logs/ct_run.ct@devbox.2012-11-19_16.37.18/tests.asn1_test.logs/run.2012-11-19_16.37.20/asn1_suite.end_per_suite.html"></testcase></testsuite></testsuites>